[  2023-05-31 수요일 09:38:44 710 ] 파일 생성 성공
[ ㅕㅕ 2023-05-31 수요일 09:38:44 709 ] Settings_Page -> XMLSave 
[ ㅕㅕ 2023-05-31 수요일 09:38:46 107 ] Form1 -> NavigationClick 
[ ㅕㅕ 2023-05-31 수요일 09:38:46 334 ] VideoAnalysis_Page -> VideoAnalysis_Page_Load 
[ ㅕㅕ 2023-05-31 수요일 09:38:48 361 ] VideoAnalysis_Page -> VideoAnalysis_ButtonActions1 
[ ㅕㅕ 2023-05-31 수요일 09:38:48 422 ] VideoAnalysis_Page -> VideoCheck_FileOpen1 
[ ㅕㅕ 2023-05-31 수요일 09:38:58 315 ] VideoAnalysis_Page -> FilterClick 
[ ㅕㅕ 2023-05-31 수요일 09:38:59 482 ] VideoAnalysis_Page -> VideoAnalysis_ButtonActions1 
[ ㅕㅕ 2023-05-31 수요일 09:38:59 483 ] VideoAnalysis_Page -> VideoCheck_Play1 
[ ㅕㅕ 2023-05-31 수요일 09:39:17 170 ] VideoAnalysis_Page -> VideoAnalysis_ButtonActions1 
[ ㅕㅕ 2023-05-31 수요일 09:39:17 170 ] VideoAnalysis_Page -> VideoCheck_Play1 
[ ㅕㅕ 2023-05-31 수요일 09:42:58 685 ] VideoAnalysis_Page -> VideoAnalysis_ButtonActions2 
[ ㅕㅕ 2023-05-31 수요일 09:42:58 695 ] VideoAnalysis_Page -> VideoCheck_FileOpen2 
[ ㅕㅕ 2023-05-31 수요일 09:43:51 759 ] VideoAnalysis_Page -> FilterClick 
[ ㅕㅕ 2023-05-31 수요일 11:17:15 859 ] VideoAnalysis_Page -> VideoAnalysis_ButtonActions1 
[ ㅕㅕ 2023-05-31 수요일 11:17:15 867 ] VideoAnalysis_Page -> VideoCheck_Play1 
[ ㅕㅕ 2023-05-31 수요일 11:18:02 778 ] VideoAnalysis_Page -> VideoAnalysis_ButtonActions1 
[ ㅕㅕ 2023-05-31 수요일 11:18:02 784 ] VideoAnalysis_Page -> VideoCheck_Play1 
[ ㅕㅕ 2023-05-31 수요일 11:18:03 858 ] VideoAnalysis_Page -> VideoAnalysis_ButtonActions2 
[ ㅕㅕ 2023-05-31 수요일 11:18:03 879 ] VideoAnalysis_Page -> VideoCheck_Play2 
[ ㅕㅕ 2023-05-31 수요일 11:18:28 855 ] VideoAnalysis_Page -> VideoAnalysis_ButtonActions2 
[ ㅕㅕ 2023-05-31 수요일 11:18:28 859 ] VideoAnalysis_Page -> VideoCheck_Play2 
[ ㅕㅕ 2023-05-31 수요일 11:18:29 690 ] VideoAnalysis_Page -> VideoAnalysis_ButtonActions2 
[ ㅕㅕ 2023-05-31 수요일 11:18:29 690 ] VideoAnalysis_Page -> VideoCheck_FileOpen2 
[ ㅕㅕ 2023-05-31 수요일 11:18:38 803 ] VideoAnalysis_Page -> VideoCheck_FileClose2 
[ ㅕㅕ 2023-05-31 수요일 11:18:41 167 ] VideoAnalysis_Page -> VideoAnalysis_ButtonActions2 
[ ㅕㅕ 2023-05-31 수요일 11:18:41 168 ] VideoAnalysis_Page -> VideoCheck_Play2 
[ ㅕㅕ 2023-05-31 수요일 11:18:41 743 ] VideoAnalysis_Page -> FilterSet 인덱스가 범위를 벗어났습니다. 인덱스는 음수가 아니어야 하며 컬렉션의 크기보다 작아야 합니다.
매개 변수 이름: index
[ ㅕㅕ 2023-05-31 수요일 11:18:41 894 ] VideoAnalysis_Page -> FilterSet 인덱스가 범위를 벗어났습니다. 인덱스는 음수가 아니어야 하며 컬렉션의 크기보다 작아야 합니다.
매개 변수 이름: index
[ ㅕㅕ 2023-05-31 수요일 11:18:42 071 ] VideoAnalysis_Page -> FilterSet 인덱스가 범위를 벗어났습니다. 인덱스는 음수가 아니어야 하며 컬렉션의 크기보다 작아야 합니다.
매개 변수 이름: index
[ ㅕㅕ 2023-05-31 수요일 11:18:51 768 ] VideoAnalysis_Page -> FilterSet 인덱스가 범위를 벗어났습니다. 인덱스는 음수가 아니어야 하며 컬렉션의 크기보다 작아야 합니다.
매개 변수 이름: index
[ ㅕㅕ 2023-05-31 수요일 11:18:55 273 ] VideoAnalysis_Page -> FilterSet 인덱스가 범위를 벗어났습니다. 인덱스는 음수가 아니어야 하며 컬렉션의 크기보다 작아야 합니다.
매개 변수 이름: index
[ ㅕㅕ 2023-05-31 수요일 11:18:58 980 ] VideoAnalysis_Page -> FilterSet 인덱스가 범위를 벗어났습니다. 인덱스는 음수가 아니어야 하며 컬렉션의 크기보다 작아야 합니다.
매개 변수 이름: index
[ ㅕㅕ 2023-05-31 수요일 11:18:59 111 ] VideoAnalysis_Page -> FilterSet 인덱스가 범위를 벗어났습니다. 인덱스는 음수가 아니어야 하며 컬렉션의 크기보다 작아야 합니다.
매개 변수 이름: index
[ ㅕㅕ 2023-05-31 수요일 11:18:59 250 ] VideoAnalysis_Page -> FilterSet 인덱스가 범위를 벗어났습니다. 인덱스는 음수가 아니어야 하며 컬렉션의 크기보다 작아야 합니다.
매개 변수 이름: index
[ ㅕㅕ 2023-05-31 수요일 11:18:59 422 ] VideoAnalysis_Page -> FilterSet 인덱스가 범위를 벗어났습니다. 인덱스는 음수가 아니어야 하며 컬렉션의 크기보다 작아야 합니다.
매개 변수 이름: index
[ ㅕㅕ 2023-05-31 수요일 11:18:59 589 ] VideoAnalysis_Page -> FilterSet 인덱스가 범위를 벗어났습니다. 인덱스는 음수가 아니어야 하며 컬렉션의 크기보다 작아야 합니다.
매개 변수 이름: index
[ ㅕㅕ 2023-05-31 수요일 11:18:59 748 ] VideoAnalysis_Page -> FilterSet 인덱스가 범위를 벗어났습니다. 인덱스는 음수가 아니어야 하며 컬렉션의 크기보다 작아야 합니다.
매개 변수 이름: index
[ ㅕㅕ 2023-05-31 수요일 11:18:59 898 ] VideoAnalysis_Page -> FilterSet 인덱스가 범위를 벗어났습니다. 인덱스는 음수가 아니어야 하며 컬렉션의 크기보다 작아야 합니다.
매개 변수 이름: index
[ ㅕㅕ 2023-05-31 수요일 11:19:00 116 ] VideoAnalysis_Page -> FilterSet 인덱스가 범위를 벗어났습니다. 인덱스는 음수가 아니어야 하며 컬렉션의 크기보다 작아야 합니다.
매개 변수 이름: index
[ ㅕㅕ 2023-05-31 수요일 11:19:00 245 ] VideoAnalysis_Page -> FilterSet 인덱스가 범위를 벗어났습니다. 인덱스는 음수가 아니어야 하며 컬렉션의 크기보다 작아야 합니다.
매개 변수 이름: index
[ ㅕㅕ 2023-05-31 수요일 11:19:00 398 ] VideoAnalysis_Page -> FilterSet 인덱스가 범위를 벗어났습니다. 인덱스는 음수가 아니어야 하며 컬렉션의 크기보다 작아야 합니다.
매개 변수 이름: index
[ ㅕㅕ 2023-05-31 수요일 11:19:00 557 ] VideoAnalysis_Page -> FilterSet 인덱스가 범위를 벗어났습니다. 인덱스는 음수가 아니어야 하며 컬렉션의 크기보다 작아야 합니다.
매개 변수 이름: index
[ ㅕㅕ 2023-05-31 수요일 11:19:00 716 ] VideoAnalysis_Page -> FilterSet 인덱스가 범위를 벗어났습니다. 인덱스는 음수가 아니어야 하며 컬렉션의 크기보다 작아야 합니다.
매개 변수 이름: index
[ ㅕㅕ 2023-05-31 수요일 11:19:00 891 ] VideoAnalysis_Page -> FilterSet 인덱스가 범위를 벗어났습니다. 인덱스는 음수가 아니어야 하며 컬렉션의 크기보다 작아야 합니다.
매개 변수 이름: index
[ ㅕㅕ 2023-05-31 수요일 11:19:01 041 ] VideoAnalysis_Page -> FilterSet 인덱스가 범위를 벗어났습니다. 인덱스는 음수가 아니어야 하며 컬렉션의 크기보다 작아야 합니다.
매개 변수 이름: index
[ ㅕㅕ 2023-05-31 수요일 11:19:01 207 ] VideoAnalysis_Page -> FilterSet 인덱스가 범위를 벗어났습니다. 인덱스는 음수가 아니어야 하며 컬렉션의 크기보다 작아야 합니다.
매개 변수 이름: index
[ ㅕㅕ 2023-05-31 수요일 11:19:01 362 ] VideoAnalysis_Page -> FilterSet 인덱스가 범위를 벗어났습니다. 인덱스는 음수가 아니어야 하며 컬렉션의 크기보다 작아야 합니다.
매개 변수 이름: index
[ ㅕㅕ 2023-05-31 수요일 11:19:01 547 ] VideoAnalysis_Page -> FilterSet 인덱스가 범위를 벗어났습니다. 인덱스는 음수가 아니어야 하며 컬렉션의 크기보다 작아야 합니다.
매개 변수 이름: index
[ ㅕㅕ 2023-05-31 수요일 11:19:01 712 ] VideoAnalysis_Page -> FilterSet 인덱스가 범위를 벗어났습니다. 인덱스는 음수가 아니어야 하며 컬렉션의 크기보다 작아야 합니다.
매개 변수 이름: index
[ ㅕㅕ 2023-05-31 수요일 11:19:01 879 ] VideoAnalysis_Page -> FilterSet 인덱스가 범위를 벗어났습니다. 인덱스는 음수가 아니어야 하며 컬렉션의 크기보다 작아야 합니다.
매개 변수 이름: index
[ ㅕㅕ 2023-05-31 수요일 11:19:02 047 ] VideoAnalysis_Page -> FilterSet 인덱스가 범위를 벗어났습니다. 인덱스는 음수가 아니어야 하며 컬렉션의 크기보다 작아야 합니다.
매개 변수 이름: index
[ ㅕㅕ 2023-05-31 수요일 11:19:02 217 ] VideoAnalysis_Page -> FilterSet 인덱스가 범위를 벗어났습니다. 인덱스는 음수가 아니어야 하며 컬렉션의 크기보다 작아야 합니다.
매개 변수 이름: index
[ ㅕㅕ 2023-05-31 수요일 11:19:02 372 ] VideoAnalysis_Page -> FilterSet 인덱스가 범위를 벗어났습니다. 인덱스는 음수가 아니어야 하며 컬렉션의 크기보다 작아야 합니다.
매개 변수 이름: index
[ ㅕㅕ 2023-05-31 수요일 11:19:02 542 ] VideoAnalysis_Page -> FilterSet 인덱스가 범위를 벗어났습니다. 인덱스는 음수가 아니어야 하며 컬렉션의 크기보다 작아야 합니다.
매개 변수 이름: index
[ ㅕㅕ 2023-05-31 수요일 11:19:02 701 ] VideoAnalysis_Page -> FilterSet 인덱스가 범위를 벗어났습니다. 인덱스는 음수가 아니어야 하며 컬렉션의 크기보다 작아야 합니다.
매개 변수 이름: index
[ ㅕㅕ 2023-05-31 수요일 11:19:02 864 ] VideoAnalysis_Page -> FilterSet 인덱스가 범위를 벗어났습니다. 인덱스는 음수가 아니어야 하며 컬렉션의 크기보다 작아야 합니다.
매개 변수 이름: index
[ ㅕㅕ 2023-05-31 수요일 11:19:03 012 ] VideoAnalysis_Page -> FilterSet 인덱스가 범위를 벗어났습니다. 인덱스는 음수가 아니어야 하며 컬렉션의 크기보다 작아야 합니다.
매개 변수 이름: index
[ ㅕㅕ 2023-05-31 수요일 11:19:03 195 ] VideoAnalysis_Page -> FilterSet 인덱스가 범위를 벗어났습니다. 인덱스는 음수가 아니어야 하며 컬렉션의 크기보다 작아야 합니다.
매개 변수 이름: index
[ ㅕㅕ 2023-05-31 수요일 11:19:09 845 ] VideoAnalysis_Page -> FilterSet 인덱스가 범위를 벗어났습니다. 인덱스는 음수가 아니어야 하며 컬렉션의 크기보다 작아야 합니다.
매개 변수 이름: index
[ ㅕㅕ 2023-05-31 수요일 11:19:11 827 ] VideoAnalysis_Page -> FilterSet 인덱스가 범위를 벗어났습니다. 인덱스는 음수가 아니어야 하며 컬렉션의 크기보다 작아야 합니다.
매개 변수 이름: index
[ ㅕㅕ 2023-05-31 수요일 11:19:16 419 ] VideoAnalysis_Page -> FilterSet 인덱스가 범위를 벗어났습니다. 인덱스는 음수가 아니어야 하며 컬렉션의 크기보다 작아야 합니다.
매개 변수 이름: index
[ ㅕㅕ 2023-05-31 수요일 11:19:20 346 ] VideoAnalysis_Page -> FilterSet 인덱스가 범위를 벗어났습니다. 인덱스는 음수가 아니어야 하며 컬렉션의 크기보다 작아야 합니다.
매개 변수 이름: index
[ ㅕㅕ 2023-05-31 수요일 11:19:22 066 ] VideoAnalysis_Page -> FilterSet 인덱스가 범위를 벗어났습니다. 인덱스는 음수가 아니어야 하며 컬렉션의 크기보다 작아야 합니다.
매개 변수 이름: index
[ ㅕㅕ 2023-05-31 수요일 11:19:22 222 ] VideoAnalysis_Page -> FilterSet 인덱스가 범위를 벗어났습니다. 인덱스는 음수가 아니어야 하며 컬렉션의 크기보다 작아야 합니다.
매개 변수 이름: index
[ ㅕㅕ 2023-05-31 수요일 11:19:22 377 ] VideoAnalysis_Page -> FilterSet 인덱스가 범위를 벗어났습니다. 인덱스는 음수가 아니어야 하며 컬렉션의 크기보다 작아야 합니다.
매개 변수 이름: index
[ ㅕㅕ 2023-05-31 수요일 11:19:22 560 ] VideoAnalysis_Page -> FilterSet 인덱스가 범위를 벗어났습니다. 인덱스는 음수가 아니어야 하며 컬렉션의 크기보다 작아야 합니다.
매개 변수 이름: index
[ ㅕㅕ 2023-05-31 수요일 11:19:22 715 ] VideoAnalysis_Page -> FilterSet 인덱스가 범위를 벗어났습니다. 인덱스는 음수가 아니어야 하며 컬렉션의 크기보다 작아야 합니다.
매개 변수 이름: index
[ ㅕㅕ 2023-05-31 수요일 11:19:22 874 ] VideoAnalysis_Page -> FilterSet 인덱스가 범위를 벗어났습니다. 인덱스는 음수가 아니어야 하며 컬렉션의 크기보다 작아야 합니다.
매개 변수 이름: index
[ ㅕㅕ 2023-05-31 수요일 11:19:23 067 ] VideoAnalysis_Page -> FilterSet 인덱스가 범위를 벗어났습니다. 인덱스는 음수가 아니어야 하며 컬렉션의 크기보다 작아야 합니다.
매개 변수 이름: index
[ ㅕㅕ 2023-05-31 수요일 11:19:23 236 ] VideoAnalysis_Page -> FilterSet 인덱스가 범위를 벗어났습니다. 인덱스는 음수가 아니어야 하며 컬렉션의 크기보다 작아야 합니다.
매개 변수 이름: index
[ ㅕㅕ 2023-05-31 수요일 11:19:23 380 ] VideoAnalysis_Page -> FilterSet 인덱스가 범위를 벗어났습니다. 인덱스는 음수가 아니어야 하며 컬렉션의 크기보다 작아야 합니다.
매개 변수 이름: index
[ ㅕㅕ 2023-05-31 수요일 11:19:23 543 ] VideoAnalysis_Page -> FilterSet 인덱스가 범위를 벗어났습니다. 인덱스는 음수가 아니어야 하며 컬렉션의 크기보다 작아야 합니다.
매개 변수 이름: index
[ ㅕㅕ 2023-05-31 수요일 11:19:23 695 ] VideoAnalysis_Page -> FilterSet 인덱스가 범위를 벗어났습니다. 인덱스는 음수가 아니어야 하며 컬렉션의 크기보다 작아야 합니다.
매개 변수 이름: index
[ ㅕㅕ 2023-05-31 수요일 11:19:23 876 ] VideoAnalysis_Page -> FilterSet 인덱스가 범위를 벗어났습니다. 인덱스는 음수가 아니어야 하며 컬렉션의 크기보다 작아야 합니다.
매개 변수 이름: index
[ ㅕㅕ 2023-05-31 수요일 11:19:24 039 ] VideoAnalysis_Page -> FilterSet 인덱스가 범위를 벗어났습니다. 인덱스는 음수가 아니어야 하며 컬렉션의 크기보다 작아야 합니다.
매개 변수 이름: index
[ ㅕㅕ 2023-05-31 수요일 11:19:24 223 ] VideoAnalysis_Page -> FilterSet 인덱스가 범위를 벗어났습니다. 인덱스는 음수가 아니어야 하며 컬렉션의 크기보다 작아야 합니다.
매개 변수 이름: index
[ ㅕㅕ 2023-05-31 수요일 11:19:24 380 ] VideoAnalysis_Page -> FilterSet 인덱스가 범위를 벗어났습니다. 인덱스는 음수가 아니어야 하며 컬렉션의 크기보다 작아야 합니다.
매개 변수 이름: index
[ ㅕㅕ 2023-05-31 수요일 11:19:24 543 ] VideoAnalysis_Page -> FilterSet 인덱스가 범위를 벗어났습니다. 인덱스는 음수가 아니어야 하며 컬렉션의 크기보다 작아야 합니다.
매개 변수 이름: index
[ ㅕㅕ 2023-05-31 수요일 11:19:24 713 ] VideoAnalysis_Page -> FilterSet 인덱스가 범위를 벗어났습니다. 인덱스는 음수가 아니어야 하며 컬렉션의 크기보다 작아야 합니다.
매개 변수 이름: index
[ ㅕㅕ 2023-05-31 수요일 11:19:24 879 ] VideoAnalysis_Page -> FilterSet 인덱스가 범위를 벗어났습니다. 인덱스는 음수가 아니어야 하며 컬렉션의 크기보다 작아야 합니다.
매개 변수 이름: index
[ ㅕㅕ 2023-05-31 수요일 11:19:25 056 ] VideoAnalysis_Page -> FilterSet 인덱스가 범위를 벗어났습니다. 인덱스는 음수가 아니어야 하며 컬렉션의 크기보다 작아야 합니다.
매개 변수 이름: index
[ ㅕㅕ 2023-05-31 수요일 11:19:25 210 ] VideoAnalysis_Page -> FilterSet 인덱스가 범위를 벗어났습니다. 인덱스는 음수가 아니어야 하며 컬렉션의 크기보다 작아야 합니다.
매개 변수 이름: index
[ ㅕㅕ 2023-05-31 수요일 11:19:25 365 ] VideoAnalysis_Page -> FilterSet 인덱스가 범위를 벗어났습니다. 인덱스는 음수가 아니어야 하며 컬렉션의 크기보다 작아야 합니다.
매개 변수 이름: index
[ ㅕㅕ 2023-05-31 수요일 11:19:25 552 ] VideoAnalysis_Page -> FilterSet 인덱스가 범위를 벗어났습니다. 인덱스는 음수가 아니어야 하며 컬렉션의 크기보다 작아야 합니다.
매개 변수 이름: index
[ ㅕㅕ 2023-05-31 수요일 11:19:25 703 ] VideoAnalysis_Page -> FilterSet 인덱스가 범위를 벗어났습니다. 인덱스는 음수가 아니어야 하며 컬렉션의 크기보다 작아야 합니다.
매개 변수 이름: index
[ ㅕㅕ 2023-05-31 수요일 11:19:27 656 ] VideoAnalysis_Page -> FilterSet 인덱스가 범위를 벗어났습니다. 인덱스는 음수가 아니어야 하며 컬렉션의 크기보다 작아야 합니다.
매개 변수 이름: index
[ ㅕㅕ 2023-05-31 수요일 11:19:28 157 ] VideoAnalysis_Page -> FilterSet 인덱스가 범위를 벗어났습니다. 인덱스는 음수가 아니어야 하며 컬렉션의 크기보다 작아야 합니다.
매개 변수 이름: index
[ ㅕㅕ 2023-05-31 수요일 11:19:28 325 ] VideoAnalysis_Page -> FilterSet 인덱스가 범위를 벗어났습니다. 인덱스는 음수가 아니어야 하며 컬렉션의 크기보다 작아야 합니다.
매개 변수 이름: index
[ ㅕㅕ 2023-05-31 수요일 11:19:28 501 ] VideoAnalysis_Page -> FilterSet 인덱스가 범위를 벗어났습니다. 인덱스는 음수가 아니어야 하며 컬렉션의 크기보다 작아야 합니다.
매개 변수 이름: index
[ ㅕㅕ 2023-05-31 수요일 11:19:28 666 ] VideoAnalysis_Page -> FilterSet 인덱스가 범위를 벗어났습니다. 인덱스는 음수가 아니어야 하며 컬렉션의 크기보다 작아야 합니다.
매개 변수 이름: index
[ ㅕㅕ 2023-05-31 수요일 11:19:28 850 ] VideoAnalysis_Page -> FilterSet 인덱스가 범위를 벗어났습니다. 인덱스는 음수가 아니어야 하며 컬렉션의 크기보다 작아야 합니다.
매개 변수 이름: index
[ ㅕㅕ 2023-05-31 수요일 11:19:29 030 ] VideoAnalysis_Page -> FilterSet 인덱스가 범위를 벗어났습니다. 인덱스는 음수가 아니어야 하며 컬렉션의 크기보다 작아야 합니다.
매개 변수 이름: index
[ ㅕㅕ 2023-05-31 수요일 11:19:29 181 ] VideoAnalysis_Page -> FilterSet 인덱스가 범위를 벗어났습니다. 인덱스는 음수가 아니어야 하며 컬렉션의 크기보다 작아야 합니다.
매개 변수 이름: index
[ ㅕㅕ 2023-05-31 수요일 11:19:29 338 ] VideoAnalysis_Page -> FilterSet 인덱스가 범위를 벗어났습니다. 인덱스는 음수가 아니어야 하며 컬렉션의 크기보다 작아야 합니다.
매개 변수 이름: index
[ ㅕㅕ 2023-05-31 수요일 11:19:30 184 ] VideoAnalysis_Page -> FilterSet 인덱스가 범위를 벗어났습니다. 인덱스는 음수가 아니어야 하며 컬렉션의 크기보다 작아야 합니다.
매개 변수 이름: index
[ ㅕㅕ 2023-05-31 수요일 11:19:30 355 ] VideoAnalysis_Page -> FilterSet 인덱스가 범위를 벗어났습니다. 인덱스는 음수가 아니어야 하며 컬렉션의 크기보다 작아야 합니다.
매개 변수 이름: index
[ ㅕㅕ 2023-05-31 수요일 11:19:30 524 ] VideoAnalysis_Page -> FilterSet 인덱스가 범위를 벗어났습니다. 인덱스는 음수가 아니어야 하며 컬렉션의 크기보다 작아야 합니다.
매개 변수 이름: index
[ ㅕㅕ 2023-05-31 수요일 11:19:30 673 ] VideoAnalysis_Page -> FilterSet 인덱스가 범위를 벗어났습니다. 인덱스는 음수가 아니어야 하며 컬렉션의 크기보다 작아야 합니다.
매개 변수 이름: index
[ ㅕㅕ 2023-05-31 수요일 11:19:30 839 ] VideoAnalysis_Page -> FilterSet 인덱스가 범위를 벗어났습니다. 인덱스는 음수가 아니어야 하며 컬렉션의 크기보다 작아야 합니다.
매개 변수 이름: index
[ ㅕㅕ 2023-05-31 수요일 11:19:31 023 ] VideoAnalysis_Page -> FilterSet 인덱스가 범위를 벗어났습니다. 인덱스는 음수가 아니어야 하며 컬렉션의 크기보다 작아야 합니다.
매개 변수 이름: index
[ ㅕㅕ 2023-05-31 수요일 11:19:31 185 ] VideoAnalysis_Page -> FilterSet 인덱스가 범위를 벗어났습니다. 인덱스는 음수가 아니어야 하며 컬렉션의 크기보다 작아야 합니다.
매개 변수 이름: index
[ ㅕㅕ 2023-05-31 수요일 11:19:31 342 ] VideoAnalysis_Page -> FilterSet 인덱스가 범위를 벗어났습니다. 인덱스는 음수가 아니어야 하며 컬렉션의 크기보다 작아야 합니다.
매개 변수 이름: index
[ ㅕㅕ 2023-05-31 수요일 11:19:31 540 ] VideoAnalysis_Page -> FilterSet 인덱스가 범위를 벗어났습니다. 인덱스는 음수가 아니어야 하며 컬렉션의 크기보다 작아야 합니다.
매개 변수 이름: index
[ ㅕㅕ 2023-05-31 수요일 11:19:31 687 ] VideoAnalysis_Page -> FilterSet 인덱스가 범위를 벗어났습니다. 인덱스는 음수가 아니어야 하며 컬렉션의 크기보다 작아야 합니다.
매개 변수 이름: index
[ ㅕㅕ 2023-05-31 수요일 11:19:31 845 ] VideoAnalysis_Page -> FilterSet 인덱스가 범위를 벗어났습니다. 인덱스는 음수가 아니어야 하며 컬렉션의 크기보다 작아야 합니다.
매개 변수 이름: index
[ ㅕㅕ 2023-05-31 수요일 11:19:32 013 ] VideoAnalysis_Page -> FilterSet 인덱스가 범위를 벗어났습니다. 인덱스는 음수가 아니어야 하며 컬렉션의 크기보다 작아야 합니다.
매개 변수 이름: index
[ ㅕㅕ 2023-05-31 수요일 11:19:32 185 ] VideoAnalysis_Page -> FilterSet 인덱스가 범위를 벗어났습니다. 인덱스는 음수가 아니어야 하며 컬렉션의 크기보다 작아야 합니다.
매개 변수 이름: index
[ ㅕㅕ 2023-05-31 수요일 11:19:32 840 ] VideoAnalysis_Page -> FilterSet 인덱스가 범위를 벗어났습니다. 인덱스는 음수가 아니어야 하며 컬렉션의 크기보다 작아야 합니다.
매개 변수 이름: index
[ ㅕㅕ 2023-05-31 수요일 11:19:33 013 ] VideoAnalysis_Page -> FilterSet 인덱스가 범위를 벗어났습니다. 인덱스는 음수가 아니어야 하며 컬렉션의 크기보다 작아야 합니다.
매개 변수 이름: index
[ ㅕㅕ 2023-05-31 수요일 11:19:33 162 ] VideoAnalysis_Page -> FilterSet 인덱스가 범위를 벗어났습니다. 인덱스는 음수가 아니어야 하며 컬렉션의 크기보다 작아야 합니다.
매개 변수 이름: index
[ ㅕㅕ 2023-05-31 수요일 11:19:33 325 ] VideoAnalysis_Page -> FilterSet 인덱스가 범위를 벗어났습니다. 인덱스는 음수가 아니어야 하며 컬렉션의 크기보다 작아야 합니다.
매개 변수 이름: index
[ ㅕㅕ 2023-05-31 수요일 11:19:33 492 ] VideoAnalysis_Page -> FilterSet 인덱스가 범위를 벗어났습니다. 인덱스는 음수가 아니어야 하며 컬렉션의 크기보다 작아야 합니다.
매개 변수 이름: index
[ ㅕㅕ 2023-05-31 수요일 11:19:33 655 ] VideoAnalysis_Page -> FilterSet 인덱스가 범위를 벗어났습니다. 인덱스는 음수가 아니어야 하며 컬렉션의 크기보다 작아야 합니다.
매개 변수 이름: index
[ ㅕㅕ 2023-05-31 수요일 11:19:33 822 ] VideoAnalysis_Page -> FilterSet 인덱스가 범위를 벗어났습니다. 인덱스는 음수가 아니어야 하며 컬렉션의 크기보다 작아야 합니다.
매개 변수 이름: index
[ ㅕㅕ 2023-05-31 수요일 11:19:33 994 ] VideoAnalysis_Page -> FilterSet 인덱스가 범위를 벗어났습니다. 인덱스는 음수가 아니어야 하며 컬렉션의 크기보다 작아야 합니다.
매개 변수 이름: index
[ ㅕㅕ 2023-05-31 수요일 11:19:34 147 ] VideoAnalysis_Page -> FilterSet 인덱스가 범위를 벗어났습니다. 인덱스는 음수가 아니어야 하며 컬렉션의 크기보다 작아야 합니다.
매개 변수 이름: index
[ ㅕㅕ 2023-05-31 수요일 11:19:34 308 ] VideoAnalysis_Page -> FilterSet 인덱스가 범위를 벗어났습니다. 인덱스는 음수가 아니어야 하며 컬렉션의 크기보다 작아야 합니다.
매개 변수 이름: index
[ ㅕㅕ 2023-05-31 수요일 11:19:34 474 ] VideoAnalysis_Page -> FilterSet 인덱스가 범위를 벗어났습니다. 인덱스는 음수가 아니어야 하며 컬렉션의 크기보다 작아야 합니다.
매개 변수 이름: index
[ ㅕㅕ 2023-05-31 수요일 11:19:34 638 ] VideoAnalysis_Page -> FilterSet 인덱스가 범위를 벗어났습니다. 인덱스는 음수가 아니어야 하며 컬렉션의 크기보다 작아야 합니다.
매개 변수 이름: index
[ ㅕㅕ 2023-05-31 수요일 11:19:34 808 ] VideoAnalysis_Page -> FilterSet 인덱스가 범위를 벗어났습니다. 인덱스는 음수가 아니어야 하며 컬렉션의 크기보다 작아야 합니다.
매개 변수 이름: index
[ ㅕㅕ 2023-05-31 수요일 11:19:34 987 ] VideoAnalysis_Page -> FilterSet 인덱스가 범위를 벗어났습니다. 인덱스는 음수가 아니어야 하며 컬렉션의 크기보다 작아야 합니다.
매개 변수 이름: index
[ ㅕㅕ 2023-05-31 수요일 11:19:35 157 ] VideoAnalysis_Page -> FilterSet 인덱스가 범위를 벗어났습니다. 인덱스는 음수가 아니어야 하며 컬렉션의 크기보다 작아야 합니다.
매개 변수 이름: index
[ ㅕㅕ 2023-05-31 수요일 11:19:35 307 ] VideoAnalysis_Page -> FilterSet 인덱스가 범위를 벗어났습니다. 인덱스는 음수가 아니어야 하며 컬렉션의 크기보다 작아야 합니다.
매개 변수 이름: index
[ ㅕㅕ 2023-05-31 수요일 11:19:35 463 ] VideoAnalysis_Page -> FilterSet 인덱스가 범위를 벗어났습니다. 인덱스는 음수가 아니어야 하며 컬렉션의 크기보다 작아야 합니다.
매개 변수 이름: index
[ ㅕㅕ 2023-05-31 수요일 11:19:35 513 ] VideoAnalysis_Page -> VideoAnalysis_ButtonActions2 
[ ㅕㅕ 2023-05-31 수요일 11:19:35 514 ] VideoAnalysis_Page -> VideoCheck_FileOpen2 
[ ㅕㅕ 2023-05-31 수요일 11:19:35 873 ] VideoAnalysis_Page -> FilterSet 인덱스가 범위를 벗어났습니다. 인덱스는 음수가 아니어야 하며 컬렉션의 크기보다 작아야 합니다.
매개 변수 이름: index
[ ㅕㅕ 2023-05-31 수요일 11:19:36 200 ] VideoAnalysis_Page -> FilterSet 인덱스가 범위를 벗어났습니다. 인덱스는 음수가 아니어야 하며 컬렉션의 크기보다 작아야 합니다.
매개 변수 이름: index
[ ㅕㅕ 2023-05-31 수요일 11:19:36 378 ] VideoAnalysis_Page -> FilterSet 인덱스가 범위를 벗어났습니다. 인덱스는 음수가 아니어야 하며 컬렉션의 크기보다 작아야 합니다.
매개 변수 이름: index
[ ㅕㅕ 2023-05-31 수요일 11:19:36 528 ] VideoAnalysis_Page -> FilterSet 인덱스가 범위를 벗어났습니다. 인덱스는 음수가 아니어야 하며 컬렉션의 크기보다 작아야 합니다.
매개 변수 이름: index
[ ㅕㅕ 2023-05-31 수요일 11:19:36 698 ] VideoAnalysis_Page -> FilterSet 인덱스가 범위를 벗어났습니다. 인덱스는 음수가 아니어야 하며 컬렉션의 크기보다 작아야 합니다.
매개 변수 이름: index
[ ㅕㅕ 2023-05-31 수요일 11:19:36 857 ] VideoAnalysis_Page -> FilterSet 인덱스가 범위를 벗어났습니다. 인덱스는 음수가 아니어야 하며 컬렉션의 크기보다 작아야 합니다.
매개 변수 이름: index
[ ㅕㅕ 2023-05-31 수요일 11:19:37 009 ] VideoAnalysis_Page -> FilterSet 인덱스가 범위를 벗어났습니다. 인덱스는 음수가 아니어야 하며 컬렉션의 크기보다 작아야 합니다.
매개 변수 이름: index
[ ㅕㅕ 2023-05-31 수요일 11:19:43 268 ] VideoAnalysis_Page -> FilterSet 인덱스가 범위를 벗어났습니다. 인덱스는 음수가 아니어야 하며 컬렉션의 크기보다 작아야 합니다.
매개 변수 이름: index
[ ㅕㅕ 2023-05-31 수요일 11:19:44 041 ] VideoAnalysis_Page -> FilterSet 인덱스가 범위를 벗어났습니다. 인덱스는 음수가 아니어야 하며 컬렉션의 크기보다 작아야 합니다.
매개 변수 이름: index
[ ㅕㅕ 2023-05-31 수요일 11:19:44 207 ] VideoAnalysis_Page -> FilterSet 인덱스가 범위를 벗어났습니다. 인덱스는 음수가 아니어야 하며 컬렉션의 크기보다 작아야 합니다.
매개 변수 이름: index
[ ㅕㅕ 2023-05-31 수요일 11:19:44 374 ] VideoAnalysis_Page -> FilterSet 인덱스가 범위를 벗어났습니다. 인덱스는 음수가 아니어야 하며 컬렉션의 크기보다 작아야 합니다.
매개 변수 이름: index
[ ㅕㅕ 2023-05-31 수요일 11:19:44 545 ] VideoAnalysis_Page -> FilterSet 인덱스가 범위를 벗어났습니다. 인덱스는 음수가 아니어야 하며 컬렉션의 크기보다 작아야 합니다.
매개 변수 이름: index
[ ㅕㅕ 2023-05-31 수요일 11:19:44 876 ] VideoAnalysis_Page -> FilterSet 인덱스가 범위를 벗어났습니다. 인덱스는 음수가 아니어야 하며 컬렉션의 크기보다 작아야 합니다.
매개 변수 이름: index
[ ㅕㅕ 2023-05-31 수요일 11:19:45 023 ] VideoAnalysis_Page -> FilterSet 인덱스가 범위를 벗어났습니다. 인덱스는 음수가 아니어야 하며 컬렉션의 크기보다 작아야 합니다.
매개 변수 이름: index
[ ㅕㅕ 2023-05-31 수요일 11:19:45 212 ] VideoAnalysis_Page -> FilterSet 인덱스가 범위를 벗어났습니다. 인덱스는 음수가 아니어야 하며 컬렉션의 크기보다 작아야 합니다.
매개 변수 이름: index
[ ㅕㅕ 2023-05-31 수요일 11:19:45 389 ] VideoAnalysis_Page -> FilterSet 인덱스가 범위를 벗어났습니다. 인덱스는 음수가 아니어야 하며 컬렉션의 크기보다 작아야 합니다.
매개 변수 이름: index
[ ㅕㅕ 2023-05-31 수요일 11:19:45 553 ] VideoAnalysis_Page -> FilterSet 인덱스가 범위를 벗어났습니다. 인덱스는 음수가 아니어야 하며 컬렉션의 크기보다 작아야 합니다.
매개 변수 이름: index
[ ㅕㅕ 2023-05-31 수요일 11:19:45 694 ] VideoAnalysis_Page -> FilterSet 인덱스가 범위를 벗어났습니다. 인덱스는 음수가 아니어야 하며 컬렉션의 크기보다 작아야 합니다.
매개 변수 이름: index
[ ㅕㅕ 2023-05-31 수요일 11:19:45 873 ] VideoAnalysis_Page -> FilterSet 인덱스가 범위를 벗어났습니다. 인덱스는 음수가 아니어야 하며 컬렉션의 크기보다 작아야 합니다.
매개 변수 이름: index
[ ㅕㅕ 2023-05-31 수요일 11:19:45 925 ] VideoAnalysis_Page -> VideoAnalysis_ButtonActions2 
[ ㅕㅕ 2023-05-31 수요일 11:19:45 925 ] VideoAnalysis_Page -> VideoCheck_Play2 
[ ㅕㅕ 2023-05-31 수요일 11:20:01 274 ] VideoAnalysis_Page -> VideoAnalysis_ButtonActions1 
[ ㅕㅕ 2023-05-31 수요일 11:20:01 274 ] VideoAnalysis_Page -> VideoCheck_Play1 
[ ㅕㅕ 2023-05-31 수요일 11:23:06 709 ] VideoAnalysis_Page -> VideoAnalysis_ButtonActions1 
[ ㅕㅕ 2023-05-31 수요일 11:23:06 713 ] VideoAnalysis_Page -> VideoCheck_Play1 
[ ㅕㅕ 2023-05-31 수요일 11:23:07 758 ] VideoAnalysis_Page -> VideoAnalysis_ButtonActions2 
[ ㅕㅕ 2023-05-31 수요일 11:23:07 758 ] VideoAnalysis_Page -> VideoCheck_Play2 
[ ㅕㅕ 2023-05-31 수요일 11:23:07 834 ] VideoAnalysis_Page -> FilterSet 인덱스가 범위를 벗어났습니다. 인덱스는 음수가 아니어야 하며 컬렉션의 크기보다 작아야 합니다.
매개 변수 이름: index
[ ㅕㅕ 2023-05-31 수요일 11:23:07 988 ] VideoAnalysis_Page -> FilterSet 인덱스가 범위를 벗어났습니다. 인덱스는 음수가 아니어야 하며 컬렉션의 크기보다 작아야 합니다.
매개 변수 이름: index
[ ㅕㅕ 2023-05-31 수요일 11:23:08 503 ] VideoAnalysis_Page -> FilterSet 인덱스가 범위를 벗어났습니다. 인덱스는 음수가 아니어야 하며 컬렉션의 크기보다 작아야 합니다.
매개 변수 이름: index
[ ㅕㅕ 2023-05-31 수요일 11:23:08 661 ] VideoAnalysis_Page -> FilterSet 인덱스가 범위를 벗어났습니다. 인덱스는 음수가 아니어야 하며 컬렉션의 크기보다 작아야 합니다.
매개 변수 이름: index
[ ㅕㅕ 2023-05-31 수요일 11:23:08 844 ] VideoAnalysis_Page -> FilterSet 인덱스가 범위를 벗어났습니다. 인덱스는 음수가 아니어야 하며 컬렉션의 크기보다 작아야 합니다.
매개 변수 이름: index
[ ㅕㅕ 2023-05-31 수요일 11:23:09 028 ] VideoAnalysis_Page -> FilterSet 인덱스가 범위를 벗어났습니다. 인덱스는 음수가 아니어야 하며 컬렉션의 크기보다 작아야 합니다.
매개 변수 이름: index
[ ㅕㅕ 2023-05-31 수요일 11:23:09 193 ] VideoAnalysis_Page -> FilterSet 인덱스가 범위를 벗어났습니다. 인덱스는 음수가 아니어야 하며 컬렉션의 크기보다 작아야 합니다.
매개 변수 이름: index
[ ㅕㅕ 2023-05-31 수요일 11:23:09 341 ] VideoAnalysis_Page -> FilterSet 인덱스가 범위를 벗어났습니다. 인덱스는 음수가 아니어야 하며 컬렉션의 크기보다 작아야 합니다.
매개 변수 이름: index
[ ㅕㅕ 2023-05-31 수요일 11:23:09 520 ] VideoAnalysis_Page -> FilterSet 인덱스가 범위를 벗어났습니다. 인덱스는 음수가 아니어야 하며 컬렉션의 크기보다 작아야 합니다.
매개 변수 이름: index
[ ㅕㅕ 2023-05-31 수요일 11:23:09 674 ] VideoAnalysis_Page -> FilterSet 인덱스가 범위를 벗어났습니다. 인덱스는 음수가 아니어야 하며 컬렉션의 크기보다 작아야 합니다.
매개 변수 이름: index
[ ㅕㅕ 2023-05-31 수요일 11:23:09 820 ] VideoAnalysis_Page -> FilterSet 인덱스가 범위를 벗어났습니다. 인덱스는 음수가 아니어야 하며 컬렉션의 크기보다 작아야 합니다.
매개 변수 이름: index
[ ㅕㅕ 2023-05-31 수요일 11:23:09 971 ] VideoAnalysis_Page -> FilterSet 인덱스가 범위를 벗어났습니다. 인덱스는 음수가 아니어야 하며 컬렉션의 크기보다 작아야 합니다.
매개 변수 이름: index
[ ㅕㅕ 2023-05-31 수요일 11:23:10 140 ] VideoAnalysis_Page -> FilterSet 인덱스가 범위를 벗어났습니다. 인덱스는 음수가 아니어야 하며 컬렉션의 크기보다 작아야 합니다.
매개 변수 이름: index
[ ㅕㅕ 2023-05-31 수요일 11:23:10 328 ] VideoAnalysis_Page -> FilterSet 인덱스가 범위를 벗어났습니다. 인덱스는 음수가 아니어야 하며 컬렉션의 크기보다 작아야 합니다.
매개 변수 이름: index
[ ㅕㅕ 2023-05-31 수요일 11:23:10 514 ] VideoAnalysis_Page -> FilterSet 인덱스가 범위를 벗어났습니다. 인덱스는 음수가 아니어야 하며 컬렉션의 크기보다 작아야 합니다.
매개 변수 이름: index
[ ㅕㅕ 2023-05-31 수요일 11:23:10 679 ] VideoAnalysis_Page -> FilterSet 인덱스가 범위를 벗어났습니다. 인덱스는 음수가 아니어야 하며 컬렉션의 크기보다 작아야 합니다.
매개 변수 이름: index
[ ㅕㅕ 2023-05-31 수요일 11:23:10 853 ] VideoAnalysis_Page -> FilterSet 인덱스가 범위를 벗어났습니다. 인덱스는 음수가 아니어야 하며 컬렉션의 크기보다 작아야 합니다.
매개 변수 이름: index
[ ㅕㅕ 2023-05-31 수요일 11:23:11 008 ] VideoAnalysis_Page -> FilterSet 인덱스가 범위를 벗어났습니다. 인덱스는 음수가 아니어야 하며 컬렉션의 크기보다 작아야 합니다.
매개 변수 이름: index
[ ㅕㅕ 2023-05-31 수요일 11:23:11 232 ] VideoAnalysis_Page -> FilterSet 인덱스가 범위를 벗어났습니다. 인덱스는 음수가 아니어야 하며 컬렉션의 크기보다 작아야 합니다.
매개 변수 이름: index
[ ㅕㅕ 2023-05-31 수요일 11:23:11 406 ] VideoAnalysis_Page -> FilterSet 인덱스가 범위를 벗어났습니다. 인덱스는 음수가 아니어야 하며 컬렉션의 크기보다 작아야 합니다.
매개 변수 이름: index
[ ㅕㅕ 2023-05-31 수요일 11:23:11 560 ] VideoAnalysis_Page -> FilterSet 인덱스가 범위를 벗어났습니다. 인덱스는 음수가 아니어야 하며 컬렉션의 크기보다 작아야 합니다.
매개 변수 이름: index
[ ㅕㅕ 2023-05-31 수요일 11:23:11 706 ] VideoAnalysis_Page -> FilterSet 인덱스가 범위를 벗어났습니다. 인덱스는 음수가 아니어야 하며 컬렉션의 크기보다 작아야 합니다.
매개 변수 이름: index
[ ㅕㅕ 2023-05-31 수요일 11:23:11 891 ] VideoAnalysis_Page -> FilterSet 인덱스가 범위를 벗어났습니다. 인덱스는 음수가 아니어야 하며 컬렉션의 크기보다 작아야 합니다.
매개 변수 이름: index
[ ㅕㅕ 2023-05-31 수요일 11:23:12 044 ] VideoAnalysis_Page -> FilterSet 인덱스가 범위를 벗어났습니다. 인덱스는 음수가 아니어야 하며 컬렉션의 크기보다 작아야 합니다.
매개 변수 이름: index
[ ㅕㅕ 2023-05-31 수요일 11:23:12 193 ] VideoAnalysis_Page -> FilterSet 인덱스가 범위를 벗어났습니다. 인덱스는 음수가 아니어야 하며 컬렉션의 크기보다 작아야 합니다.
매개 변수 이름: index
[ ㅕㅕ 2023-05-31 수요일 11:23:12 351 ] VideoAnalysis_Page -> FilterSet 인덱스가 범위를 벗어났습니다. 인덱스는 음수가 아니어야 하며 컬렉션의 크기보다 작아야 합니다.
매개 변수 이름: index
[ ㅕㅕ 2023-05-31 수요일 11:23:12 592 ] VideoAnalysis_Page -> FilterSet 인덱스가 범위를 벗어났습니다. 인덱스는 음수가 아니어야 하며 컬렉션의 크기보다 작아야 합니다.
매개 변수 이름: index
[ ㅕㅕ 2023-05-31 수요일 11:23:12 749 ] VideoAnalysis_Page -> FilterSet 인덱스가 범위를 벗어났습니다. 인덱스는 음수가 아니어야 하며 컬렉션의 크기보다 작아야 합니다.
매개 변수 이름: index
[ ㅕㅕ 2023-05-31 수요일 11:23:12 911 ] VideoAnalysis_Page -> FilterSet 인덱스가 범위를 벗어났습니다. 인덱스는 음수가 아니어야 하며 컬렉션의 크기보다 작아야 합니다.
매개 변수 이름: index
[ ㅕㅕ 2023-05-31 수요일 11:23:13 048 ] VideoAnalysis_Page -> FilterSet 인덱스가 범위를 벗어났습니다. 인덱스는 음수가 아니어야 하며 컬렉션의 크기보다 작아야 합니다.
매개 변수 이름: index
[ ㅕㅕ 2023-05-31 수요일 11:23:13 218 ] VideoAnalysis_Page -> FilterSet 인덱스가 범위를 벗어났습니다. 인덱스는 음수가 아니어야 하며 컬렉션의 크기보다 작아야 합니다.
매개 변수 이름: index
[ ㅕㅕ 2023-05-31 수요일 11:23:13 374 ] VideoAnalysis_Page -> FilterSet 인덱스가 범위를 벗어났습니다. 인덱스는 음수가 아니어야 하며 컬렉션의 크기보다 작아야 합니다.
매개 변수 이름: index
[ ㅕㅕ 2023-05-31 수요일 11:23:13 544 ] VideoAnalysis_Page -> FilterSet 인덱스가 범위를 벗어났습니다. 인덱스는 음수가 아니어야 하며 컬렉션의 크기보다 작아야 합니다.
매개 변수 이름: index
[ ㅕㅕ 2023-05-31 수요일 11:23:13 694 ] VideoAnalysis_Page -> FilterSet 인덱스가 범위를 벗어났습니다. 인덱스는 음수가 아니어야 하며 컬렉션의 크기보다 작아야 합니다.
매개 변수 이름: index
[ ㅕㅕ 2023-05-31 수요일 11:23:13 841 ] VideoAnalysis_Page -> FilterSet 인덱스가 범위를 벗어났습니다. 인덱스는 음수가 아니어야 하며 컬렉션의 크기보다 작아야 합니다.
매개 변수 이름: index
[ ㅕㅕ 2023-05-31 수요일 11:23:14 024 ] VideoAnalysis_Page -> FilterSet 인덱스가 범위를 벗어났습니다. 인덱스는 음수가 아니어야 하며 컬렉션의 크기보다 작아야 합니다.
매개 변수 이름: index
[ ㅕㅕ 2023-05-31 수요일 11:23:14 196 ] VideoAnalysis_Page -> FilterSet 인덱스가 범위를 벗어났습니다. 인덱스는 음수가 아니어야 하며 컬렉션의 크기보다 작아야 합니다.
매개 변수 이름: index
[ ㅕㅕ 2023-05-31 수요일 11:23:14 318 ] VideoAnalysis_Page -> FilterSet 인덱스가 범위를 벗어났습니다. 인덱스는 음수가 아니어야 하며 컬렉션의 크기보다 작아야 합니다.
매개 변수 이름: index
[ ㅕㅕ 2023-05-31 수요일 11:23:14 505 ] VideoAnalysis_Page -> FilterSet 인덱스가 범위를 벗어났습니다. 인덱스는 음수가 아니어야 하며 컬렉션의 크기보다 작아야 합니다.
매개 변수 이름: index
[ ㅕㅕ 2023-05-31 수요일 11:23:14 673 ] VideoAnalysis_Page -> FilterSet 인덱스가 범위를 벗어났습니다. 인덱스는 음수가 아니어야 하며 컬렉션의 크기보다 작아야 합니다.
매개 변수 이름: index
[ ㅕㅕ 2023-05-31 수요일 11:23:14 840 ] VideoAnalysis_Page -> FilterSet 인덱스가 범위를 벗어났습니다. 인덱스는 음수가 아니어야 하며 컬렉션의 크기보다 작아야 합니다.
매개 변수 이름: index
[ ㅕㅕ 2023-05-31 수요일 11:23:15 009 ] VideoAnalysis_Page -> FilterSet 인덱스가 범위를 벗어났습니다. 인덱스는 음수가 아니어야 하며 컬렉션의 크기보다 작아야 합니다.
매개 변수 이름: index
[ ㅕㅕ 2023-05-31 수요일 11:23:15 165 ] VideoAnalysis_Page -> FilterSet 인덱스가 범위를 벗어났습니다. 인덱스는 음수가 아니어야 하며 컬렉션의 크기보다 작아야 합니다.
매개 변수 이름: index
[ ㅕㅕ 2023-05-31 수요일 11:23:15 212 ] VideoAnalysis_Page -> VideoAnalysis_ButtonActions2 
[ ㅕㅕ 2023-05-31 수요일 11:23:15 212 ] VideoAnalysis_Page -> VideoCheck_Play2 
[ ㅕㅕ 2023-05-31 수요일 11:23:21 821 ] VideoAnalysis_Page -> VideoAnalysis_ButtonActions2 
[ ㅕㅕ 2023-05-31 수요일 11:23:21 821 ] VideoAnalysis_Page -> VideoCheck_Play2 
[ ㅕㅕ 2023-05-31 수요일 11:23:21 907 ] VideoAnalysis_Page -> FilterSet 인덱스가 범위를 벗어났습니다. 인덱스는 음수가 아니어야 하며 컬렉션의 크기보다 작아야 합니다.
매개 변수 이름: index
[ ㅕㅕ 2023-05-31 수요일 11:23:22 088 ] VideoAnalysis_Page -> FilterSet 인덱스가 범위를 벗어났습니다. 인덱스는 음수가 아니어야 하며 컬렉션의 크기보다 작아야 합니다.
매개 변수 이름: index
[ ㅕㅕ 2023-05-31 수요일 11:23:22 255 ] VideoAnalysis_Page -> FilterSet 인덱스가 범위를 벗어났습니다. 인덱스는 음수가 아니어야 하며 컬렉션의 크기보다 작아야 합니다.
매개 변수 이름: index
[ ㅕㅕ 2023-05-31 수요일 11:23:22 406 ] VideoAnalysis_Page -> FilterSet 인덱스가 범위를 벗어났습니다. 인덱스는 음수가 아니어야 하며 컬렉션의 크기보다 작아야 합니다.
매개 변수 이름: index
[ ㅕㅕ 2023-05-31 수요일 11:23:22 559 ] VideoAnalysis_Page -> FilterSet 인덱스가 범위를 벗어났습니다. 인덱스는 음수가 아니어야 하며 컬렉션의 크기보다 작아야 합니다.
매개 변수 이름: index
[ ㅕㅕ 2023-05-31 수요일 11:23:22 740 ] VideoAnalysis_Page -> FilterSet 인덱스가 범위를 벗어났습니다. 인덱스는 음수가 아니어야 하며 컬렉션의 크기보다 작아야 합니다.
매개 변수 이름: index
[ ㅕㅕ 2023-05-31 수요일 11:23:22 886 ] VideoAnalysis_Page -> FilterSet 인덱스가 범위를 벗어났습니다. 인덱스는 음수가 아니어야 하며 컬렉션의 크기보다 작아야 합니다.
매개 변수 이름: index
[ ㅕㅕ 2023-05-31 수요일 11:23:23 024 ] VideoAnalysis_Page -> FilterSet 인덱스가 범위를 벗어났습니다. 인덱스는 음수가 아니어야 하며 컬렉션의 크기보다 작아야 합니다.
매개 변수 이름: index
[ ㅕㅕ 2023-05-31 수요일 11:23:23 208 ] VideoAnalysis_Page -> FilterSet 인덱스가 범위를 벗어났습니다. 인덱스는 음수가 아니어야 하며 컬렉션의 크기보다 작아야 합니다.
매개 변수 이름: index
[ ㅕㅕ 2023-05-31 수요일 11:23:23 364 ] VideoAnalysis_Page -> FilterSet 인덱스가 범위를 벗어났습니다. 인덱스는 음수가 아니어야 하며 컬렉션의 크기보다 작아야 합니다.
매개 변수 이름: index
[ ㅕㅕ 2023-05-31 수요일 11:23:23 546 ] VideoAnalysis_Page -> FilterSet 인덱스가 범위를 벗어났습니다. 인덱스는 음수가 아니어야 하며 컬렉션의 크기보다 작아야 합니다.
매개 변수 이름: index
[ ㅕㅕ 2023-05-31 수요일 11:23:23 711 ] VideoAnalysis_Page -> FilterSet 인덱스가 범위를 벗어났습니다. 인덱스는 음수가 아니어야 하며 컬렉션의 크기보다 작아야 합니다.
매개 변수 이름: index
[ ㅕㅕ 2023-05-31 수요일 11:23:23 870 ] VideoAnalysis_Page -> FilterSet 인덱스가 범위를 벗어났습니다. 인덱스는 음수가 아니어야 하며 컬렉션의 크기보다 작아야 합니다.
매개 변수 이름: index
[ ㅕㅕ 2023-05-31 수요일 11:23:24 025 ] VideoAnalysis_Page -> FilterSet 인덱스가 범위를 벗어났습니다. 인덱스는 음수가 아니어야 하며 컬렉션의 크기보다 작아야 합니다.
매개 변수 이름: index
[ ㅕㅕ 2023-05-31 수요일 11:23:24 199 ] VideoAnalysis_Page -> FilterSet 인덱스가 범위를 벗어났습니다. 인덱스는 음수가 아니어야 하며 컬렉션의 크기보다 작아야 합니다.
매개 변수 이름: index
[ ㅕㅕ 2023-05-31 수요일 11:23:24 372 ] VideoAnalysis_Page -> FilterSet 인덱스가 범위를 벗어났습니다. 인덱스는 음수가 아니어야 하며 컬렉션의 크기보다 작아야 합니다.
매개 변수 이름: index
[ ㅕㅕ 2023-05-31 수요일 11:23:51 057 ] VideoAnalysis_Page -> FilterSet 인덱스가 범위를 벗어났습니다. 인덱스는 음수가 아니어야 하며 컬렉션의 크기보다 작아야 합니다.
매개 변수 이름: index
[ ㅕㅕ 2023-05-31 수요일 11:23:51 207 ] VideoAnalysis_Page -> FilterSet 인덱스가 범위를 벗어났습니다. 인덱스는 음수가 아니어야 하며 컬렉션의 크기보다 작아야 합니다.
매개 변수 이름: index
[ ㅕㅕ 2023-05-31 수요일 11:23:51 355 ] VideoAnalysis_Page -> FilterSet 인덱스가 범위를 벗어났습니다. 인덱스는 음수가 아니어야 하며 컬렉션의 크기보다 작아야 합니다.
매개 변수 이름: index
[ ㅕㅕ 2023-05-31 수요일 11:23:51 530 ] VideoAnalysis_Page -> FilterSet 인덱스가 범위를 벗어났습니다. 인덱스는 음수가 아니어야 하며 컬렉션의 크기보다 작아야 합니다.
매개 변수 이름: index
[ ㅕㅕ 2023-05-31 수요일 11:23:51 713 ] VideoAnalysis_Page -> FilterSet 인덱스가 범위를 벗어났습니다. 인덱스는 음수가 아니어야 하며 컬렉션의 크기보다 작아야 합니다.
매개 변수 이름: index
[ ㅕㅕ 2023-05-31 수요일 11:23:51 866 ] VideoAnalysis_Page -> FilterSet 인덱스가 범위를 벗어났습니다. 인덱스는 음수가 아니어야 하며 컬렉션의 크기보다 작아야 합니다.
매개 변수 이름: index
[ ㅕㅕ 2023-05-31 수요일 11:23:52 014 ] VideoAnalysis_Page -> FilterSet 인덱스가 범위를 벗어났습니다. 인덱스는 음수가 아니어야 하며 컬렉션의 크기보다 작아야 합니다.
매개 변수 이름: index
[ ㅕㅕ 2023-05-31 수요일 11:23:52 220 ] VideoAnalysis_Page -> FilterSet 인덱스가 범위를 벗어났습니다. 인덱스는 음수가 아니어야 하며 컬렉션의 크기보다 작아야 합니다.
매개 변수 이름: index
[ ㅕㅕ 2023-05-31 수요일 11:23:52 370 ] VideoAnalysis_Page -> FilterSet 인덱스가 범위를 벗어났습니다. 인덱스는 음수가 아니어야 하며 컬렉션의 크기보다 작아야 합니다.
매개 변수 이름: index
[ ㅕㅕ 2023-05-31 수요일 11:23:52 541 ] VideoAnalysis_Page -> FilterSet 인덱스가 범위를 벗어났습니다. 인덱스는 음수가 아니어야 하며 컬렉션의 크기보다 작아야 합니다.
매개 변수 이름: index
[ ㅕㅕ 2023-05-31 수요일 11:23:52 689 ] VideoAnalysis_Page -> FilterSet 인덱스가 범위를 벗어났습니다. 인덱스는 음수가 아니어야 하며 컬렉션의 크기보다 작아야 합니다.
매개 변수 이름: index
[ ㅕㅕ 2023-05-31 수요일 11:23:52 848 ] VideoAnalysis_Page -> FilterSet 인덱스가 범위를 벗어났습니다. 인덱스는 음수가 아니어야 하며 컬렉션의 크기보다 작아야 합니다.
매개 변수 이름: index
[ ㅕㅕ 2023-05-31 수요일 11:23:53 044 ] VideoAnalysis_Page -> FilterSet 인덱스가 범위를 벗어났습니다. 인덱스는 음수가 아니어야 하며 컬렉션의 크기보다 작아야 합니다.
매개 변수 이름: index
[ ㅕㅕ 2023-05-31 수요일 11:23:53 203 ] VideoAnalysis_Page -> FilterSet 인덱스가 범위를 벗어났습니다. 인덱스는 음수가 아니어야 하며 컬렉션의 크기보다 작아야 합니다.
매개 변수 이름: index
[ ㅕㅕ 2023-05-31 수요일 11:23:53 358 ] VideoAnalysis_Page -> FilterSet 인덱스가 범위를 벗어났습니다. 인덱스는 음수가 아니어야 하며 컬렉션의 크기보다 작아야 합니다.
매개 변수 이름: index
[ ㅕㅕ 2023-05-31 수요일 11:23:53 508 ] VideoAnalysis_Page -> FilterSet 인덱스가 범위를 벗어났습니다. 인덱스는 음수가 아니어야 하며 컬렉션의 크기보다 작아야 합니다.
매개 변수 이름: index
[ ㅕㅕ 2023-05-31 수요일 11:23:53 674 ] VideoAnalysis_Page -> FilterSet 인덱스가 범위를 벗어났습니다. 인덱스는 음수가 아니어야 하며 컬렉션의 크기보다 작아야 합니다.
매개 변수 이름: index
[ ㅕㅕ 2023-05-31 수요일 11:23:53 860 ] VideoAnalysis_Page -> FilterSet 인덱스가 범위를 벗어났습니다. 인덱스는 음수가 아니어야 하며 컬렉션의 크기보다 작아야 합니다.
매개 변수 이름: index
[ ㅕㅕ 2023-05-31 수요일 11:23:54 024 ] VideoAnalysis_Page -> FilterSet 인덱스가 범위를 벗어났습니다. 인덱스는 음수가 아니어야 하며 컬렉션의 크기보다 작아야 합니다.
매개 변수 이름: index
[ ㅕㅕ 2023-05-31 수요일 11:23:54 207 ] VideoAnalysis_Page -> FilterSet 인덱스가 범위를 벗어났습니다. 인덱스는 음수가 아니어야 하며 컬렉션의 크기보다 작아야 합니다.
매개 변수 이름: index
[ ㅕㅕ 2023-05-31 수요일 11:23:54 478 ] VideoAnalysis_Page -> FilterSet 인덱스가 범위를 벗어났습니다. 인덱스는 음수가 아니어야 하며 컬렉션의 크기보다 작아야 합니다.
매개 변수 이름: index
[ ㅕㅕ 2023-05-31 수요일 11:23:54 608 ] VideoAnalysis_Page -> FilterSet 인덱스가 범위를 벗어났습니다. 인덱스는 음수가 아니어야 하며 컬렉션의 크기보다 작아야 합니다.
매개 변수 이름: index
[ ㅕㅕ 2023-05-31 수요일 11:23:54 777 ] VideoAnalysis_Page -> FilterSet 인덱스가 범위를 벗어났습니다. 인덱스는 음수가 아니어야 하며 컬렉션의 크기보다 작아야 합니다.
매개 변수 이름: index
[ ㅕㅕ 2023-05-31 수요일 11:23:54 943 ] VideoAnalysis_Page -> FilterSet 인덱스가 범위를 벗어났습니다. 인덱스는 음수가 아니어야 하며 컬렉션의 크기보다 작아야 합니다.
매개 변수 이름: index
[ ㅕㅕ 2023-05-31 수요일 11:23:55 136 ] VideoAnalysis_Page -> FilterSet 인덱스가 범위를 벗어났습니다. 인덱스는 음수가 아니어야 하며 컬렉션의 크기보다 작아야 합니다.
매개 변수 이름: index
[ ㅕㅕ 2023-05-31 수요일 11:23:55 310 ] VideoAnalysis_Page -> FilterSet 인덱스가 범위를 벗어났습니다. 인덱스는 음수가 아니어야 하며 컬렉션의 크기보다 작아야 합니다.
매개 변수 이름: index
[ ㅕㅕ 2023-05-31 수요일 11:23:55 476 ] VideoAnalysis_Page -> FilterSet 인덱스가 범위를 벗어났습니다. 인덱스는 음수가 아니어야 하며 컬렉션의 크기보다 작아야 합니다.
매개 변수 이름: index
[ ㅕㅕ 2023-05-31 수요일 11:23:55 634 ] VideoAnalysis_Page -> FilterSet 인덱스가 범위를 벗어났습니다. 인덱스는 음수가 아니어야 하며 컬렉션의 크기보다 작아야 합니다.
매개 변수 이름: index
[ ㅕㅕ 2023-05-31 수요일 11:23:55 795 ] VideoAnalysis_Page -> FilterSet 인덱스가 범위를 벗어났습니다. 인덱스는 음수가 아니어야 하며 컬렉션의 크기보다 작아야 합니다.
매개 변수 이름: index
[ ㅕㅕ 2023-05-31 수요일 11:23:55 962 ] VideoAnalysis_Page -> FilterSet 인덱스가 범위를 벗어났습니다. 인덱스는 음수가 아니어야 하며 컬렉션의 크기보다 작아야 합니다.
매개 변수 이름: index
[ ㅕㅕ 2023-05-31 수요일 11:23:56 124 ] VideoAnalysis_Page -> FilterSet 인덱스가 범위를 벗어났습니다. 인덱스는 음수가 아니어야 하며 컬렉션의 크기보다 작아야 합니다.
매개 변수 이름: index
[ ㅕㅕ 2023-05-31 수요일 11:23:56 288 ] VideoAnalysis_Page -> FilterSet 인덱스가 범위를 벗어났습니다. 인덱스는 음수가 아니어야 하며 컬렉션의 크기보다 작아야 합니다.
매개 변수 이름: index
[ ㅕㅕ 2023-05-31 수요일 11:23:56 448 ] VideoAnalysis_Page -> FilterSet 인덱스가 범위를 벗어났습니다. 인덱스는 음수가 아니어야 하며 컬렉션의 크기보다 작아야 합니다.
매개 변수 이름: index
[ ㅕㅕ 2023-05-31 수요일 11:23:56 607 ] VideoAnalysis_Page -> FilterSet 인덱스가 범위를 벗어났습니다. 인덱스는 음수가 아니어야 하며 컬렉션의 크기보다 작아야 합니다.
매개 변수 이름: index
[ ㅕㅕ 2023-05-31 수요일 11:23:56 808 ] VideoAnalysis_Page -> FilterSet 인덱스가 범위를 벗어났습니다. 인덱스는 음수가 아니어야 하며 컬렉션의 크기보다 작아야 합니다.
매개 변수 이름: index
[ ㅕㅕ 2023-05-31 수요일 11:23:56 986 ] VideoAnalysis_Page -> FilterSet 인덱스가 범위를 벗어났습니다. 인덱스는 음수가 아니어야 하며 컬렉션의 크기보다 작아야 합니다.
매개 변수 이름: index
[ ㅕㅕ 2023-05-31 수요일 11:23:57 123 ] VideoAnalysis_Page -> FilterSet 인덱스가 범위를 벗어났습니다. 인덱스는 음수가 아니어야 하며 컬렉션의 크기보다 작아야 합니다.
매개 변수 이름: index
[ ㅕㅕ 2023-05-31 수요일 11:23:57 290 ] VideoAnalysis_Page -> FilterSet 인덱스가 범위를 벗어났습니다. 인덱스는 음수가 아니어야 하며 컬렉션의 크기보다 작아야 합니다.
매개 변수 이름: index
[ ㅕㅕ 2023-05-31 수요일 11:23:57 457 ] VideoAnalysis_Page -> FilterSet 인덱스가 범위를 벗어났습니다. 인덱스는 음수가 아니어야 하며 컬렉션의 크기보다 작아야 합니다.
매개 변수 이름: index
[ ㅕㅕ 2023-05-31 수요일 11:23:57 594 ] VideoAnalysis_Page -> FilterSet 인덱스가 범위를 벗어났습니다. 인덱스는 음수가 아니어야 하며 컬렉션의 크기보다 작아야 합니다.
매개 변수 이름: index
[ ㅕㅕ 2023-05-31 수요일 11:23:57 760 ] VideoAnalysis_Page -> FilterSet 인덱스가 범위를 벗어났습니다. 인덱스는 음수가 아니어야 하며 컬렉션의 크기보다 작아야 합니다.
매개 변수 이름: index
[ ㅕㅕ 2023-05-31 수요일 11:23:57 917 ] VideoAnalysis_Page -> FilterSet 인덱스가 범위를 벗어났습니다. 인덱스는 음수가 아니어야 하며 컬렉션의 크기보다 작아야 합니다.
매개 변수 이름: index
[ ㅕㅕ 2023-05-31 수요일 11:23:58 075 ] VideoAnalysis_Page -> FilterSet 인덱스가 범위를 벗어났습니다. 인덱스는 음수가 아니어야 하며 컬렉션의 크기보다 작아야 합니다.
매개 변수 이름: index
[ ㅕㅕ 2023-05-31 수요일 11:23:58 239 ] VideoAnalysis_Page -> FilterSet 인덱스가 범위를 벗어났습니다. 인덱스는 음수가 아니어야 하며 컬렉션의 크기보다 작아야 합니다.
매개 변수 이름: index
[ ㅕㅕ 2023-05-31 수요일 11:23:58 390 ] VideoAnalysis_Page -> FilterSet 인덱스가 범위를 벗어났습니다. 인덱스는 음수가 아니어야 하며 컬렉션의 크기보다 작아야 합니다.
매개 변수 이름: index
[ ㅕㅕ 2023-05-31 수요일 11:23:58 563 ] VideoAnalysis_Page -> FilterSet 인덱스가 범위를 벗어났습니다. 인덱스는 음수가 아니어야 하며 컬렉션의 크기보다 작아야 합니다.
매개 변수 이름: index
[ ㅕㅕ 2023-05-31 수요일 11:23:58 728 ] VideoAnalysis_Page -> FilterSet 인덱스가 범위를 벗어났습니다. 인덱스는 음수가 아니어야 하며 컬렉션의 크기보다 작아야 합니다.
매개 변수 이름: index
[ ㅕㅕ 2023-05-31 수요일 11:23:58 888 ] VideoAnalysis_Page -> FilterSet 인덱스가 범위를 벗어났습니다. 인덱스는 음수가 아니어야 하며 컬렉션의 크기보다 작아야 합니다.
매개 변수 이름: index
[ ㅕㅕ 2023-05-31 수요일 11:23:59 058 ] VideoAnalysis_Page -> FilterSet 인덱스가 범위를 벗어났습니다. 인덱스는 음수가 아니어야 하며 컬렉션의 크기보다 작아야 합니다.
매개 변수 이름: index
[ ㅕㅕ 2023-05-31 수요일 11:23:59 245 ] VideoAnalysis_Page -> FilterSet 인덱스가 범위를 벗어났습니다. 인덱스는 음수가 아니어야 하며 컬렉션의 크기보다 작아야 합니다.
매개 변수 이름: index
[ ㅕㅕ 2023-05-31 수요일 11:23:59 378 ] VideoAnalysis_Page -> FilterSet 인덱스가 범위를 벗어났습니다. 인덱스는 음수가 아니어야 하며 컬렉션의 크기보다 작아야 합니다.
매개 변수 이름: index
[ ㅕㅕ 2023-05-31 수요일 11:23:59 540 ] VideoAnalysis_Page -> FilterSet 인덱스가 범위를 벗어났습니다. 인덱스는 음수가 아니어야 하며 컬렉션의 크기보다 작아야 합니다.
매개 변수 이름: index
[ ㅕㅕ 2023-05-31 수요일 11:23:59 714 ] VideoAnalysis_Page -> FilterSet 인덱스가 범위를 벗어났습니다. 인덱스는 음수가 아니어야 하며 컬렉션의 크기보다 작아야 합니다.
매개 변수 이름: index
[ ㅕㅕ 2023-05-31 수요일 11:23:59 878 ] VideoAnalysis_Page -> FilterSet 인덱스가 범위를 벗어났습니다. 인덱스는 음수가 아니어야 하며 컬렉션의 크기보다 작아야 합니다.
매개 변수 이름: index
[ ㅕㅕ 2023-05-31 수요일 11:24:00 046 ] VideoAnalysis_Page -> FilterSet 인덱스가 범위를 벗어났습니다. 인덱스는 음수가 아니어야 하며 컬렉션의 크기보다 작아야 합니다.
매개 변수 이름: index
[ ㅕㅕ 2023-05-31 수요일 11:24:00 223 ] VideoAnalysis_Page -> FilterSet 인덱스가 범위를 벗어났습니다. 인덱스는 음수가 아니어야 하며 컬렉션의 크기보다 작아야 합니다.
매개 변수 이름: index
[ ㅕㅕ 2023-05-31 수요일 11:24:00 360 ] VideoAnalysis_Page -> FilterSet 인덱스가 범위를 벗어났습니다. 인덱스는 음수가 아니어야 하며 컬렉션의 크기보다 작아야 합니다.
매개 변수 이름: index
[ ㅕㅕ 2023-05-31 수요일 11:24:00 531 ] VideoAnalysis_Page -> FilterSet 인덱스가 범위를 벗어났습니다. 인덱스는 음수가 아니어야 하며 컬렉션의 크기보다 작아야 합니다.
매개 변수 이름: index
[ ㅕㅕ 2023-05-31 수요일 11:24:00 679 ] VideoAnalysis_Page -> FilterSet 인덱스가 범위를 벗어났습니다. 인덱스는 음수가 아니어야 하며 컬렉션의 크기보다 작아야 합니다.
매개 변수 이름: index
[ ㅕㅕ 2023-05-31 수요일 11:24:00 861 ] VideoAnalysis_Page -> FilterSet 인덱스가 범위를 벗어났습니다. 인덱스는 음수가 아니어야 하며 컬렉션의 크기보다 작아야 합니다.
매개 변수 이름: index
[ ㅕㅕ 2023-05-31 수요일 11:24:00 999 ] VideoAnalysis_Page -> FilterSet 인덱스가 범위를 벗어났습니다. 인덱스는 음수가 아니어야 하며 컬렉션의 크기보다 작아야 합니다.
매개 변수 이름: index
[ ㅕㅕ 2023-05-31 수요일 11:24:01 172 ] VideoAnalysis_Page -> FilterSet 인덱스가 범위를 벗어났습니다. 인덱스는 음수가 아니어야 하며 컬렉션의 크기보다 작아야 합니다.
매개 변수 이름: index
[ ㅕㅕ 2023-05-31 수요일 11:24:01 229 ] VideoAnalysis_Page -> VideoAnalysis_ButtonActions2 
[ ㅕㅕ 2023-05-31 수요일 11:24:01 230 ] VideoAnalysis_Page -> VideoCheck_Play2 
[ ㅕㅕ 2023-05-31 수요일 11:24:02 523 ] VideoAnalysis_Page -> VideoAnalysis_ButtonActions2 
[ ㅕㅕ 2023-05-31 수요일 11:24:02 524 ] VideoAnalysis_Page -> VideoCheck_Play2 
[ ㅕㅕ 2023-05-31 수요일 11:24:02 611 ] VideoAnalysis_Page -> FilterSet 인덱스가 범위를 벗어났습니다. 인덱스는 음수가 아니어야 하며 컬렉션의 크기보다 작아야 합니다.
매개 변수 이름: index
[ ㅕㅕ 2023-05-31 수요일 11:24:02 773 ] VideoAnalysis_Page -> FilterSet 인덱스가 범위를 벗어났습니다. 인덱스는 음수가 아니어야 하며 컬렉션의 크기보다 작아야 합니다.
매개 변수 이름: index
[ ㅕㅕ 2023-05-31 수요일 11:24:02 958 ] VideoAnalysis_Page -> FilterSet 인덱스가 범위를 벗어났습니다. 인덱스는 음수가 아니어야 하며 컬렉션의 크기보다 작아야 합니다.
매개 변수 이름: index
[ ㅕㅕ 2023-05-31 수요일 11:24:03 113 ] VideoAnalysis_Page -> FilterSet 인덱스가 범위를 벗어났습니다. 인덱스는 음수가 아니어야 하며 컬렉션의 크기보다 작아야 합니다.
매개 변수 이름: index
[ ㅕㅕ 2023-05-31 수요일 11:24:03 285 ] VideoAnalysis_Page -> FilterSet 인덱스가 범위를 벗어났습니다. 인덱스는 음수가 아니어야 하며 컬렉션의 크기보다 작아야 합니다.
매개 변수 이름: index
[ ㅕㅕ 2023-05-31 수요일 11:24:03 449 ] VideoAnalysis_Page -> FilterSet 인덱스가 범위를 벗어났습니다. 인덱스는 음수가 아니어야 하며 컬렉션의 크기보다 작아야 합니다.
매개 변수 이름: index
[ ㅕㅕ 2023-05-31 수요일 11:24:03 613 ] VideoAnalysis_Page -> FilterSet 인덱스가 범위를 벗어났습니다. 인덱스는 음수가 아니어야 하며 컬렉션의 크기보다 작아야 합니다.
매개 변수 이름: index
[ ㅕㅕ 2023-05-31 수요일 11:24:03 763 ] VideoAnalysis_Page -> FilterSet 인덱스가 범위를 벗어났습니다. 인덱스는 음수가 아니어야 하며 컬렉션의 크기보다 작아야 합니다.
매개 변수 이름: index
[ ㅕㅕ 2023-05-31 수요일 11:24:03 907 ] VideoAnalysis_Page -> FilterSet 인덱스가 범위를 벗어났습니다. 인덱스는 음수가 아니어야 하며 컬렉션의 크기보다 작아야 합니다.
매개 변수 이름: index
[ ㅕㅕ 2023-05-31 수요일 11:24:04 086 ] VideoAnalysis_Page -> FilterSet 인덱스가 범위를 벗어났습니다. 인덱스는 음수가 아니어야 하며 컬렉션의 크기보다 작아야 합니다.
매개 변수 이름: index
[ ㅕㅕ 2023-05-31 수요일 11:24:04 224 ] VideoAnalysis_Page -> FilterSet 인덱스가 범위를 벗어났습니다. 인덱스는 음수가 아니어야 하며 컬렉션의 크기보다 작아야 합니다.
매개 변수 이름: index
[ ㅕㅕ 2023-05-31 수요일 11:24:40 452 ] VideoAnalysis_Page -> FilterSet 인덱스가 범위를 벗어났습니다. 인덱스는 음수가 아니어야 하며 컬렉션의 크기보다 작아야 합니다.
매개 변수 이름: index
[ ㅕㅕ 2023-05-31 수요일 11:24:40 566 ] VideoAnalysis_Page -> FilterSet 인덱스가 범위를 벗어났습니다. 인덱스는 음수가 아니어야 하며 컬렉션의 크기보다 작아야 합니다.
매개 변수 이름: index
[ ㅕㅕ 2023-05-31 수요일 11:24:40 719 ] VideoAnalysis_Page -> FilterSet 인덱스가 범위를 벗어났습니다. 인덱스는 음수가 아니어야 하며 컬렉션의 크기보다 작아야 합니다.
매개 변수 이름: index
[ ㅕㅕ 2023-05-31 수요일 11:24:40 893 ] VideoAnalysis_Page -> FilterSet 인덱스가 범위를 벗어났습니다. 인덱스는 음수가 아니어야 하며 컬렉션의 크기보다 작아야 합니다.
매개 변수 이름: index
[ ㅕㅕ 2023-05-31 수요일 11:24:41 041 ] VideoAnalysis_Page -> FilterSet 인덱스가 범위를 벗어났습니다. 인덱스는 음수가 아니어야 하며 컬렉션의 크기보다 작아야 합니다.
매개 변수 이름: index
[ ㅕㅕ 2023-05-31 수요일 11:24:41 214 ] VideoAnalysis_Page -> FilterSet 인덱스가 범위를 벗어났습니다. 인덱스는 음수가 아니어야 하며 컬렉션의 크기보다 작아야 합니다.
매개 변수 이름: index
[ ㅕㅕ 2023-05-31 수요일 11:24:41 392 ] VideoAnalysis_Page -> FilterSet 인덱스가 범위를 벗어났습니다. 인덱스는 음수가 아니어야 하며 컬렉션의 크기보다 작아야 합니다.
매개 변수 이름: index
[ ㅕㅕ 2023-05-31 수요일 11:24:41 576 ] VideoAnalysis_Page -> FilterSet 인덱스가 범위를 벗어났습니다. 인덱스는 음수가 아니어야 하며 컬렉션의 크기보다 작아야 합니다.
매개 변수 이름: index
[ ㅕㅕ 2023-05-31 수요일 11:24:41 695 ] VideoAnalysis_Page -> FilterSet 인덱스가 범위를 벗어났습니다. 인덱스는 음수가 아니어야 하며 컬렉션의 크기보다 작아야 합니다.
매개 변수 이름: index
[ ㅕㅕ 2023-05-31 수요일 11:24:41 855 ] VideoAnalysis_Page -> FilterSet 인덱스가 범위를 벗어났습니다. 인덱스는 음수가 아니어야 하며 컬렉션의 크기보다 작아야 합니다.
매개 변수 이름: index
[ ㅕㅕ 2023-05-31 수요일 11:24:42 210 ] VideoAnalysis_Page -> FilterSet 인덱스가 범위를 벗어났습니다. 인덱스는 음수가 아니어야 하며 컬렉션의 크기보다 작아야 합니다.
매개 변수 이름: index
[ ㅕㅕ 2023-05-31 수요일 11:24:42 382 ] VideoAnalysis_Page -> FilterSet 인덱스가 범위를 벗어났습니다. 인덱스는 음수가 아니어야 하며 컬렉션의 크기보다 작아야 합니다.
매개 변수 이름: index
[ ㅕㅕ 2023-05-31 수요일 11:24:42 546 ] VideoAnalysis_Page -> FilterSet 인덱스가 범위를 벗어났습니다. 인덱스는 음수가 아니어야 하며 컬렉션의 크기보다 작아야 합니다.
매개 변수 이름: index
[ ㅕㅕ 2023-05-31 수요일 11:24:42 706 ] VideoAnalysis_Page -> FilterSet 인덱스가 범위를 벗어났습니다. 인덱스는 음수가 아니어야 하며 컬렉션의 크기보다 작아야 합니다.
매개 변수 이름: index
[ ㅕㅕ 2023-05-31 수요일 11:24:42 993 ] VideoAnalysis_Page -> FilterSet 인덱스가 범위를 벗어났습니다. 인덱스는 음수가 아니어야 하며 컬렉션의 크기보다 작아야 합니다.
매개 변수 이름: index
[ ㅕㅕ 2023-05-31 수요일 11:24:43 108 ] VideoAnalysis_Page -> FilterSet 인덱스가 범위를 벗어났습니다. 인덱스는 음수가 아니어야 하며 컬렉션의 크기보다 작아야 합니다.
매개 변수 이름: index
[ ㅕㅕ 2023-05-31 수요일 11:24:43 275 ] VideoAnalysis_Page -> FilterSet 인덱스가 범위를 벗어났습니다. 인덱스는 음수가 아니어야 하며 컬렉션의 크기보다 작아야 합니다.
매개 변수 이름: index
[ ㅕㅕ 2023-05-31 수요일 11:24:43 454 ] VideoAnalysis_Page -> FilterSet 인덱스가 범위를 벗어났습니다. 인덱스는 음수가 아니어야 하며 컬렉션의 크기보다 작아야 합니다.
매개 변수 이름: index
[ ㅕㅕ 2023-05-31 수요일 11:24:43 614 ] VideoAnalysis_Page -> FilterSet 인덱스가 범위를 벗어났습니다. 인덱스는 음수가 아니어야 하며 컬렉션의 크기보다 작아야 합니다.
매개 변수 이름: index
[ ㅕㅕ 2023-05-31 수요일 11:24:43 772 ] VideoAnalysis_Page -> FilterSet 인덱스가 범위를 벗어났습니다. 인덱스는 음수가 아니어야 하며 컬렉션의 크기보다 작아야 합니다.
매개 변수 이름: index
[ ㅕㅕ 2023-05-31 수요일 11:24:43 954 ] VideoAnalysis_Page -> FilterSet 인덱스가 범위를 벗어났습니다. 인덱스는 음수가 아니어야 하며 컬렉션의 크기보다 작아야 합니다.
매개 변수 이름: index
[ ㅕㅕ 2023-05-31 수요일 11:24:44 102 ] VideoAnalysis_Page -> FilterSet 인덱스가 범위를 벗어났습니다. 인덱스는 음수가 아니어야 하며 컬렉션의 크기보다 작아야 합니다.
매개 변수 이름: index
[ ㅕㅕ 2023-05-31 수요일 11:24:44 270 ] VideoAnalysis_Page -> FilterSet 인덱스가 범위를 벗어났습니다. 인덱스는 음수가 아니어야 하며 컬렉션의 크기보다 작아야 합니다.
매개 변수 이름: index
[ ㅕㅕ 2023-05-31 수요일 11:24:44 462 ] VideoAnalysis_Page -> FilterSet 인덱스가 범위를 벗어났습니다. 인덱스는 음수가 아니어야 하며 컬렉션의 크기보다 작아야 합니다.
매개 변수 이름: index
[ ㅕㅕ 2023-05-31 수요일 11:24:44 625 ] VideoAnalysis_Page -> FilterSet 인덱스가 범위를 벗어났습니다. 인덱스는 음수가 아니어야 하며 컬렉션의 크기보다 작아야 합니다.
매개 변수 이름: index
[ ㅕㅕ 2023-05-31 수요일 11:24:44 786 ] VideoAnalysis_Page -> FilterSet 인덱스가 범위를 벗어났습니다. 인덱스는 음수가 아니어야 하며 컬렉션의 크기보다 작아야 합니다.
매개 변수 이름: index
[ ㅕㅕ 2023-05-31 수요일 11:24:44 934 ] VideoAnalysis_Page -> FilterSet 인덱스가 범위를 벗어났습니다. 인덱스는 음수가 아니어야 하며 컬렉션의 크기보다 작아야 합니다.
매개 변수 이름: index
[ ㅕㅕ 2023-05-31 수요일 11:24:45 127 ] VideoAnalysis_Page -> FilterSet 인덱스가 범위를 벗어났습니다. 인덱스는 음수가 아니어야 하며 컬렉션의 크기보다 작아야 합니다.
매개 변수 이름: index
[ ㅕㅕ 2023-05-31 수요일 11:24:45 273 ] VideoAnalysis_Page -> FilterSet 인덱스가 범위를 벗어났습니다. 인덱스는 음수가 아니어야 하며 컬렉션의 크기보다 작아야 합니다.
매개 변수 이름: index
[ ㅕㅕ 2023-05-31 수요일 11:24:45 476 ] VideoAnalysis_Page -> FilterSet 인덱스가 범위를 벗어났습니다. 인덱스는 음수가 아니어야 하며 컬렉션의 크기보다 작아야 합니다.
매개 변수 이름: index
[ ㅕㅕ 2023-05-31 수요일 11:24:45 639 ] VideoAnalysis_Page -> FilterSet 인덱스가 범위를 벗어났습니다. 인덱스는 음수가 아니어야 하며 컬렉션의 크기보다 작아야 합니다.
매개 변수 이름: index
[ ㅕㅕ 2023-05-31 수요일 11:24:45 783 ] VideoAnalysis_Page -> FilterSet 인덱스가 범위를 벗어났습니다. 인덱스는 음수가 아니어야 하며 컬렉션의 크기보다 작아야 합니다.
매개 변수 이름: index
[ ㅕㅕ 2023-05-31 수요일 11:24:45 950 ] VideoAnalysis_Page -> FilterSet 인덱스가 범위를 벗어났습니다. 인덱스는 음수가 아니어야 하며 컬렉션의 크기보다 작아야 합니다.
매개 변수 이름: index
[ ㅕㅕ 2023-05-31 수요일 11:24:46 112 ] VideoAnalysis_Page -> FilterSet 인덱스가 범위를 벗어났습니다. 인덱스는 음수가 아니어야 하며 컬렉션의 크기보다 작아야 합니다.
매개 변수 이름: index
[ ㅕㅕ 2023-05-31 수요일 11:24:46 279 ] VideoAnalysis_Page -> FilterSet 인덱스가 범위를 벗어났습니다. 인덱스는 음수가 아니어야 하며 컬렉션의 크기보다 작아야 합니다.
매개 변수 이름: index
[ ㅕㅕ 2023-05-31 수요일 11:24:46 431 ] VideoAnalysis_Page -> FilterSet 인덱스가 범위를 벗어났습니다. 인덱스는 음수가 아니어야 하며 컬렉션의 크기보다 작아야 합니다.
매개 변수 이름: index
[ ㅕㅕ 2023-05-31 수요일 11:24:46 610 ] VideoAnalysis_Page -> FilterSet 인덱스가 범위를 벗어났습니다. 인덱스는 음수가 아니어야 하며 컬렉션의 크기보다 작아야 합니다.
매개 변수 이름: index
[ ㅕㅕ 2023-05-31 수요일 11:24:46 791 ] VideoAnalysis_Page -> FilterSet 인덱스가 범위를 벗어났습니다. 인덱스는 음수가 아니어야 하며 컬렉션의 크기보다 작아야 합니다.
매개 변수 이름: index
[ ㅕㅕ 2023-05-31 수요일 11:24:46 935 ] VideoAnalysis_Page -> FilterSet 인덱스가 범위를 벗어났습니다. 인덱스는 음수가 아니어야 하며 컬렉션의 크기보다 작아야 합니다.
매개 변수 이름: index
[ ㅕㅕ 2023-05-31 수요일 11:24:47 067 ] VideoAnalysis_Page -> FilterSet 인덱스가 범위를 벗어났습니다. 인덱스는 음수가 아니어야 하며 컬렉션의 크기보다 작아야 합니다.
매개 변수 이름: index
[ ㅕㅕ 2023-05-31 수요일 11:24:47 239 ] VideoAnalysis_Page -> FilterSet 인덱스가 범위를 벗어났습니다. 인덱스는 음수가 아니어야 하며 컬렉션의 크기보다 작아야 합니다.
매개 변수 이름: index
[ ㅕㅕ 2023-05-31 수요일 11:24:47 424 ] VideoAnalysis_Page -> FilterSet 인덱스가 범위를 벗어났습니다. 인덱스는 음수가 아니어야 하며 컬렉션의 크기보다 작아야 합니다.
매개 변수 이름: index
[ ㅕㅕ 2023-05-31 수요일 11:24:47 583 ] VideoAnalysis_Page -> FilterSet 인덱스가 범위를 벗어났습니다. 인덱스는 음수가 아니어야 하며 컬렉션의 크기보다 작아야 합니다.
매개 변수 이름: index
[ ㅕㅕ 2023-05-31 수요일 11:24:47 895 ] VideoAnalysis_Page -> FilterSet 인덱스가 범위를 벗어났습니다. 인덱스는 음수가 아니어야 하며 컬렉션의 크기보다 작아야 합니다.
매개 변수 이름: index
[ ㅕㅕ 2023-05-31 수요일 11:24:48 411 ] VideoAnalysis_Page -> FilterSet 인덱스가 범위를 벗어났습니다. 인덱스는 음수가 아니어야 하며 컬렉션의 크기보다 작아야 합니다.
매개 변수 이름: index
[ ㅕㅕ 2023-05-31 수요일 11:24:48 723 ] VideoAnalysis_Page -> FilterSet 인덱스가 범위를 벗어났습니다. 인덱스는 음수가 아니어야 하며 컬렉션의 크기보다 작아야 합니다.
매개 변수 이름: index
[ ㅕㅕ 2023-05-31 수요일 11:24:48 889 ] VideoAnalysis_Page -> FilterSet 인덱스가 범위를 벗어났습니다. 인덱스는 음수가 아니어야 하며 컬렉션의 크기보다 작아야 합니다.
매개 변수 이름: index
[ ㅕㅕ 2023-05-31 수요일 11:24:49 051 ] VideoAnalysis_Page -> FilterSet 인덱스가 범위를 벗어났습니다. 인덱스는 음수가 아니어야 하며 컬렉션의 크기보다 작아야 합니다.
매개 변수 이름: index
[ ㅕㅕ 2023-05-31 수요일 11:24:49 219 ] VideoAnalysis_Page -> FilterSet 인덱스가 범위를 벗어났습니다. 인덱스는 음수가 아니어야 하며 컬렉션의 크기보다 작아야 합니다.
매개 변수 이름: index
[ ㅕㅕ 2023-05-31 수요일 11:24:49 384 ] VideoAnalysis_Page -> FilterSet 인덱스가 범위를 벗어났습니다. 인덱스는 음수가 아니어야 하며 컬렉션의 크기보다 작아야 합니다.
매개 변수 이름: index
[ ㅕㅕ 2023-05-31 수요일 11:24:49 528 ] VideoAnalysis_Page -> FilterSet 인덱스가 범위를 벗어났습니다. 인덱스는 음수가 아니어야 하며 컬렉션의 크기보다 작아야 합니다.
매개 변수 이름: index
[ ㅕㅕ 2023-05-31 수요일 11:24:49 709 ] VideoAnalysis_Page -> FilterSet 인덱스가 범위를 벗어났습니다. 인덱스는 음수가 아니어야 하며 컬렉션의 크기보다 작아야 합니다.
매개 변수 이름: index
[ ㅕㅕ 2023-05-31 수요일 11:24:49 901 ] VideoAnalysis_Page -> FilterSet 인덱스가 범위를 벗어났습니다. 인덱스는 음수가 아니어야 하며 컬렉션의 크기보다 작아야 합니다.
매개 변수 이름: index
[ ㅕㅕ 2023-05-31 수요일 11:24:50 050 ] VideoAnalysis_Page -> FilterSet 인덱스가 범위를 벗어났습니다. 인덱스는 음수가 아니어야 하며 컬렉션의 크기보다 작아야 합니다.
매개 변수 이름: index
[ ㅕㅕ 2023-05-31 수요일 11:24:50 231 ] VideoAnalysis_Page -> FilterSet 인덱스가 범위를 벗어났습니다. 인덱스는 음수가 아니어야 하며 컬렉션의 크기보다 작아야 합니다.
매개 변수 이름: index
[ ㅕㅕ 2023-05-31 수요일 11:24:50 406 ] VideoAnalysis_Page -> FilterSet 인덱스가 범위를 벗어났습니다. 인덱스는 음수가 아니어야 하며 컬렉션의 크기보다 작아야 합니다.
매개 변수 이름: index
[ ㅕㅕ 2023-05-31 수요일 11:24:50 581 ] VideoAnalysis_Page -> FilterSet 인덱스가 범위를 벗어났습니다. 인덱스는 음수가 아니어야 하며 컬렉션의 크기보다 작아야 합니다.
매개 변수 이름: index
[ ㅕㅕ 2023-05-31 수요일 11:24:50 742 ] VideoAnalysis_Page -> FilterSet 인덱스가 범위를 벗어났습니다. 인덱스는 음수가 아니어야 하며 컬렉션의 크기보다 작아야 합니다.
매개 변수 이름: index
[ ㅕㅕ 2023-05-31 수요일 11:24:50 904 ] VideoAnalysis_Page -> FilterSet 인덱스가 범위를 벗어났습니다. 인덱스는 음수가 아니어야 하며 컬렉션의 크기보다 작아야 합니다.
매개 변수 이름: index
[ ㅕㅕ 2023-05-31 수요일 11:24:51 060 ] VideoAnalysis_Page -> FilterSet 인덱스가 범위를 벗어났습니다. 인덱스는 음수가 아니어야 하며 컬렉션의 크기보다 작아야 합니다.
매개 변수 이름: index
[ ㅕㅕ 2023-05-31 수요일 11:24:51 223 ] VideoAnalysis_Page -> FilterSet 인덱스가 범위를 벗어났습니다. 인덱스는 음수가 아니어야 하며 컬렉션의 크기보다 작아야 합니다.
매개 변수 이름: index
[ ㅕㅕ 2023-05-31 수요일 11:24:51 411 ] VideoAnalysis_Page -> FilterSet 인덱스가 범위를 벗어났습니다. 인덱스는 음수가 아니어야 하며 컬렉션의 크기보다 작아야 합니다.
매개 변수 이름: index
[ ㅕㅕ 2023-05-31 수요일 11:24:51 572 ] VideoAnalysis_Page -> FilterSet 인덱스가 범위를 벗어났습니다. 인덱스는 음수가 아니어야 하며 컬렉션의 크기보다 작아야 합니다.
매개 변수 이름: index
[ ㅕㅕ 2023-05-31 수요일 11:24:51 740 ] VideoAnalysis_Page -> FilterSet 인덱스가 범위를 벗어났습니다. 인덱스는 음수가 아니어야 하며 컬렉션의 크기보다 작아야 합니다.
매개 변수 이름: index
[ ㅕㅕ 2023-05-31 수요일 11:24:51 907 ] VideoAnalysis_Page -> FilterSet 인덱스가 범위를 벗어났습니다. 인덱스는 음수가 아니어야 하며 컬렉션의 크기보다 작아야 합니다.
매개 변수 이름: index
[ ㅕㅕ 2023-05-31 수요일 11:24:52 106 ] VideoAnalysis_Page -> VideoAnalysis_ButtonActions2 
[ ㅕㅕ 2023-05-31 수요일 11:24:52 106 ] VideoAnalysis_Page -> VideoCheck_Play2 
[ ㅕㅕ 2023-05-31 수요일 11:30:59 402 ] VideoAnalysis_Page -> VideoAnalysis_ButtonActions2 
[ ㅕㅕ 2023-05-31 수요일 11:30:59 402 ] VideoAnalysis_Page -> VideoCheck_FileOpen2 
[ ㅕㅕ 2023-05-31 수요일 11:31:07 967 ] VideoAnalysis_Page -> VideoCheck_FileClose2 
[ ㅕㅕ 2023-05-31 수요일 11:31:11 242 ] VideoAnalysis_Page -> VideoAnalysis_ButtonActions2 
[ ㅕㅕ 2023-05-31 수요일 11:31:11 242 ] VideoAnalysis_Page -> VideoCheck_Play2 
[ ㅕㅕ 2023-05-31 수요일 11:31:18 324 ] VideoAnalysis_Page -> FilterSet 인덱스가 범위를 벗어났습니다. 인덱스는 음수가 아니어야 하며 컬렉션의 크기보다 작아야 합니다.
매개 변수 이름: index
[ ㅕㅕ 2023-05-31 수요일 11:31:19 162 ] VideoAnalysis_Page -> FilterSet 인덱스가 범위를 벗어났습니다. 인덱스는 음수가 아니어야 하며 컬렉션의 크기보다 작아야 합니다.
매개 변수 이름: index
[ ㅕㅕ 2023-05-31 수요일 11:31:19 329 ] VideoAnalysis_Page -> FilterSet 인덱스가 범위를 벗어났습니다. 인덱스는 음수가 아니어야 하며 컬렉션의 크기보다 작아야 합니다.
매개 변수 이름: index
[ ㅕㅕ 2023-05-31 수요일 11:31:19 491 ] VideoAnalysis_Page -> FilterSet 인덱스가 범위를 벗어났습니다. 인덱스는 음수가 아니어야 하며 컬렉션의 크기보다 작아야 합니다.
매개 변수 이름: index
[ ㅕㅕ 2023-05-31 수요일 11:31:19 664 ] VideoAnalysis_Page -> FilterSet 인덱스가 범위를 벗어났습니다. 인덱스는 음수가 아니어야 하며 컬렉션의 크기보다 작아야 합니다.
매개 변수 이름: index
[ ㅕㅕ 2023-05-31 수요일 11:31:19 825 ] VideoAnalysis_Page -> FilterSet 인덱스가 범위를 벗어났습니다. 인덱스는 음수가 아니어야 하며 컬렉션의 크기보다 작아야 합니다.
매개 변수 이름: index
[ ㅕㅕ 2023-05-31 수요일 11:31:20 002 ] VideoAnalysis_Page -> FilterSet 인덱스가 범위를 벗어났습니다. 인덱스는 음수가 아니어야 하며 컬렉션의 크기보다 작아야 합니다.
매개 변수 이름: index
[ ㅕㅕ 2023-05-31 수요일 11:31:20 139 ] VideoAnalysis_Page -> FilterSet 인덱스가 범위를 벗어났습니다. 인덱스는 음수가 아니어야 하며 컬렉션의 크기보다 작아야 합니다.
매개 변수 이름: index
[ ㅕㅕ 2023-05-31 수요일 11:31:20 323 ] VideoAnalysis_Page -> FilterSet 인덱스가 범위를 벗어났습니다. 인덱스는 음수가 아니어야 하며 컬렉션의 크기보다 작아야 합니다.
매개 변수 이름: index
[ ㅕㅕ 2023-05-31 수요일 11:31:20 462 ] VideoAnalysis_Page -> FilterSet 인덱스가 범위를 벗어났습니다. 인덱스는 음수가 아니어야 하며 컬렉션의 크기보다 작아야 합니다.
매개 변수 이름: index
[ ㅕㅕ 2023-05-31 수요일 11:31:20 624 ] VideoAnalysis_Page -> FilterSet 인덱스가 범위를 벗어났습니다. 인덱스는 음수가 아니어야 하며 컬렉션의 크기보다 작아야 합니다.
매개 변수 이름: index
[ ㅕㅕ 2023-05-31 수요일 11:31:20 780 ] VideoAnalysis_Page -> FilterSet 인덱스가 범위를 벗어났습니다. 인덱스는 음수가 아니어야 하며 컬렉션의 크기보다 작아야 합니다.
매개 변수 이름: index
[ ㅕㅕ 2023-05-31 수요일 11:31:20 945 ] VideoAnalysis_Page -> FilterSet 인덱스가 범위를 벗어났습니다. 인덱스는 음수가 아니어야 하며 컬렉션의 크기보다 작아야 합니다.
매개 변수 이름: index
[ ㅕㅕ 2023-05-31 수요일 11:31:21 129 ] VideoAnalysis_Page -> FilterSet 인덱스가 범위를 벗어났습니다. 인덱스는 음수가 아니어야 하며 컬렉션의 크기보다 작아야 합니다.
매개 변수 이름: index
[ ㅕㅕ 2023-05-31 수요일 11:31:21 583 ] VideoAnalysis_Page -> FilterSet 인덱스가 범위를 벗어났습니다. 인덱스는 음수가 아니어야 하며 컬렉션의 크기보다 작아야 합니다.
매개 변수 이름: index
[ ㅕㅕ 2023-05-31 수요일 11:31:22 093 ] VideoAnalysis_Page -> FilterSet 인덱스가 범위를 벗어났습니다. 인덱스는 음수가 아니어야 하며 컬렉션의 크기보다 작아야 합니다.
매개 변수 이름: index
[ ㅕㅕ 2023-05-31 수요일 11:31:28 755 ] VideoAnalysis_Page -> FilterSet 인덱스가 범위를 벗어났습니다. 인덱스는 음수가 아니어야 하며 컬렉션의 크기보다 작아야 합니다.
매개 변수 이름: index
[ ㅕㅕ 2023-05-31 수요일 11:31:28 930 ] VideoAnalysis_Page -> FilterSet 인덱스가 범위를 벗어났습니다. 인덱스는 음수가 아니어야 하며 컬렉션의 크기보다 작아야 합니다.
매개 변수 이름: index
[ ㅕㅕ 2023-05-31 수요일 11:31:45 241 ] VideoAnalysis_Page -> VideoAnalysis_ButtonActions2 
[ ㅕㅕ 2023-05-31 수요일 11:31:45 253 ] VideoAnalysis_Page -> VideoCheck_Play2 
[ ㅕㅕ 2023-05-31 수요일 11:31:47 647 ] VideoAnalysis_Page -> VideoAnalysis_ButtonActions2 
[ ㅕㅕ 2023-05-31 수요일 11:31:47 647 ] VideoAnalysis_Page -> VideoCheck_Play2 
[ ㅕㅕ 2023-05-31 수요일 11:31:59 585 ] VideoAnalysis_Page -> FilterSet 인덱스가 범위를 벗어났습니다. 인덱스는 음수가 아니어야 하며 컬렉션의 크기보다 작아야 합니다.
매개 변수 이름: index
[ ㅕㅕ 2023-05-31 수요일 11:32:00 067 ] VideoAnalysis_Page -> FilterSet 인덱스가 범위를 벗어났습니다. 인덱스는 음수가 아니어야 하며 컬렉션의 크기보다 작아야 합니다.
매개 변수 이름: index
[ ㅕㅕ 2023-05-31 수요일 11:32:00 238 ] VideoAnalysis_Page -> FilterSet 인덱스가 범위를 벗어났습니다. 인덱스는 음수가 아니어야 하며 컬렉션의 크기보다 작아야 합니다.
매개 변수 이름: index
[ ㅕㅕ 2023-05-31 수요일 11:32:00 399 ] VideoAnalysis_Page -> FilterSet 인덱스가 범위를 벗어났습니다. 인덱스는 음수가 아니어야 하며 컬렉션의 크기보다 작아야 합니다.
매개 변수 이름: index
[ ㅕㅕ 2023-05-31 수요일 11:32:00 766 ] VideoAnalysis_Page -> FilterSet 인덱스가 범위를 벗어났습니다. 인덱스는 음수가 아니어야 하며 컬렉션의 크기보다 작아야 합니다.
매개 변수 이름: index
[ ㅕㅕ 2023-05-31 수요일 11:32:05 618 ] VideoAnalysis_Page -> FilterSet 인덱스가 범위를 벗어났습니다. 인덱스는 음수가 아니어야 하며 컬렉션의 크기보다 작아야 합니다.
매개 변수 이름: index
[ ㅕㅕ 2023-05-31 수요일 11:32:08 549 ] VideoAnalysis_Page -> FilterSet 인덱스가 범위를 벗어났습니다. 인덱스는 음수가 아니어야 하며 컬렉션의 크기보다 작아야 합니다.
매개 변수 이름: index
[ ㅕㅕ 2023-05-31 수요일 11:50:43 696 ] VideoAnalysis_Page -> FilterSet 인덱스가 범위를 벗어났습니다. 인덱스는 음수가 아니어야 하며 컬렉션의 크기보다 작아야 합니다.
매개 변수 이름: index
[ ㅕㅕ 2023-05-31 수요일 11:50:43 849 ] VideoAnalysis_Page -> FilterSet 인덱스가 범위를 벗어났습니다. 인덱스는 음수가 아니어야 하며 컬렉션의 크기보다 작아야 합니다.
매개 변수 이름: index
[ ㅕㅕ 2023-05-31 수요일 11:50:44 005 ] VideoAnalysis_Page -> FilterSet 인덱스가 범위를 벗어났습니다. 인덱스는 음수가 아니어야 하며 컬렉션의 크기보다 작아야 합니다.
매개 변수 이름: index
[ ㅕㅕ 2023-05-31 수요일 11:50:44 186 ] VideoAnalysis_Page -> FilterSet 인덱스가 범위를 벗어났습니다. 인덱스는 음수가 아니어야 하며 컬렉션의 크기보다 작아야 합니다.
매개 변수 이름: index
[ ㅕㅕ 2023-05-31 수요일 11:50:44 376 ] VideoAnalysis_Page -> FilterSet 인덱스가 범위를 벗어났습니다. 인덱스는 음수가 아니어야 하며 컬렉션의 크기보다 작아야 합니다.
매개 변수 이름: index
[ ㅕㅕ 2023-05-31 수요일 11:50:44 542 ] VideoAnalysis_Page -> FilterSet 인덱스가 범위를 벗어났습니다. 인덱스는 음수가 아니어야 하며 컬렉션의 크기보다 작아야 합니다.
매개 변수 이름: index
[ ㅕㅕ 2023-05-31 수요일 11:50:44 706 ] VideoAnalysis_Page -> FilterSet 인덱스가 범위를 벗어났습니다. 인덱스는 음수가 아니어야 하며 컬렉션의 크기보다 작아야 합니다.
매개 변수 이름: index
[ ㅕㅕ 2023-05-31 수요일 11:50:44 900 ] VideoAnalysis_Page -> FilterSet 인덱스가 범위를 벗어났습니다. 인덱스는 음수가 아니어야 하며 컬렉션의 크기보다 작아야 합니다.
매개 변수 이름: index
[ ㅕㅕ 2023-05-31 수요일 11:50:45 034 ] VideoAnalysis_Page -> FilterSet 인덱스가 범위를 벗어났습니다. 인덱스는 음수가 아니어야 하며 컬렉션의 크기보다 작아야 합니다.
매개 변수 이름: index
[ ㅕㅕ 2023-05-31 수요일 11:50:45 231 ] VideoAnalysis_Page -> FilterSet 인덱스가 범위를 벗어났습니다. 인덱스는 음수가 아니어야 하며 컬렉션의 크기보다 작아야 합니다.
매개 변수 이름: index
[ ㅕㅕ 2023-05-31 수요일 11:50:45 373 ] VideoAnalysis_Page -> FilterSet 인덱스가 범위를 벗어났습니다. 인덱스는 음수가 아니어야 하며 컬렉션의 크기보다 작아야 합니다.
매개 변수 이름: index
[ ㅕㅕ 2023-05-31 수요일 11:50:45 536 ] VideoAnalysis_Page -> FilterSet 인덱스가 범위를 벗어났습니다. 인덱스는 음수가 아니어야 하며 컬렉션의 크기보다 작아야 합니다.
매개 변수 이름: index
[ ㅕㅕ 2023-05-31 수요일 11:50:45 685 ] VideoAnalysis_Page -> FilterSet 인덱스가 범위를 벗어났습니다. 인덱스는 음수가 아니어야 하며 컬렉션의 크기보다 작아야 합니다.
매개 변수 이름: index
[ ㅕㅕ 2023-05-31 수요일 11:50:45 833 ] VideoAnalysis_Page -> FilterSet 인덱스가 범위를 벗어났습니다. 인덱스는 음수가 아니어야 하며 컬렉션의 크기보다 작아야 합니다.
매개 변수 이름: index
[ ㅕㅕ 2023-05-31 수요일 11:50:46 006 ] VideoAnalysis_Page -> FilterSet 인덱스가 범위를 벗어났습니다. 인덱스는 음수가 아니어야 하며 컬렉션의 크기보다 작아야 합니다.
매개 변수 이름: index
[ ㅕㅕ 2023-05-31 수요일 11:50:46 200 ] VideoAnalysis_Page -> FilterSet 인덱스가 범위를 벗어났습니다. 인덱스는 음수가 아니어야 하며 컬렉션의 크기보다 작아야 합니다.
매개 변수 이름: index
[ ㅕㅕ 2023-05-31 수요일 11:50:46 334 ] VideoAnalysis_Page -> FilterSet 인덱스가 범위를 벗어났습니다. 인덱스는 음수가 아니어야 하며 컬렉션의 크기보다 작아야 합니다.
매개 변수 이름: index
[ ㅕㅕ 2023-05-31 수요일 11:50:46 502 ] VideoAnalysis_Page -> FilterSet 인덱스가 범위를 벗어났습니다. 인덱스는 음수가 아니어야 하며 컬렉션의 크기보다 작아야 합니다.
매개 변수 이름: index
[ ㅕㅕ 2023-05-31 수요일 11:50:46 691 ] VideoAnalysis_Page -> FilterSet 인덱스가 범위를 벗어났습니다. 인덱스는 음수가 아니어야 하며 컬렉션의 크기보다 작아야 합니다.
매개 변수 이름: index
[ ㅕㅕ 2023-05-31 수요일 11:50:46 854 ] VideoAnalysis_Page -> FilterSet 인덱스가 범위를 벗어났습니다. 인덱스는 음수가 아니어야 하며 컬렉션의 크기보다 작아야 합니다.
매개 변수 이름: index
[ ㅕㅕ 2023-05-31 수요일 11:50:47 003 ] VideoAnalysis_Page -> FilterSet 인덱스가 범위를 벗어났습니다. 인덱스는 음수가 아니어야 하며 컬렉션의 크기보다 작아야 합니다.
매개 변수 이름: index
[ ㅕㅕ 2023-05-31 수요일 11:50:47 537 ] VideoAnalysis_Page -> FilterSet 인덱스가 범위를 벗어났습니다. 인덱스는 음수가 아니어야 하며 컬렉션의 크기보다 작아야 합니다.
매개 변수 이름: index
[ ㅕㅕ 2023-05-31 수요일 11:50:47 681 ] VideoAnalysis_Page -> FilterSet 인덱스가 범위를 벗어났습니다. 인덱스는 음수가 아니어야 하며 컬렉션의 크기보다 작아야 합니다.
매개 변수 이름: index
[ ㅕㅕ 2023-05-31 수요일 11:50:47 850 ] VideoAnalysis_Page -> FilterSet 인덱스가 범위를 벗어났습니다. 인덱스는 음수가 아니어야 하며 컬렉션의 크기보다 작아야 합니다.
매개 변수 이름: index
[ ㅕㅕ 2023-05-31 수요일 11:50:48 012 ] VideoAnalysis_Page -> FilterSet 인덱스가 범위를 벗어났습니다. 인덱스는 음수가 아니어야 하며 컬렉션의 크기보다 작아야 합니다.
매개 변수 이름: index
[ ㅕㅕ 2023-05-31 수요일 11:50:48 330 ] VideoAnalysis_Page -> FilterSet 인덱스가 범위를 벗어났습니다. 인덱스는 음수가 아니어야 하며 컬렉션의 크기보다 작아야 합니다.
매개 변수 이름: index
[ ㅕㅕ 2023-05-31 수요일 11:50:48 715 ] VideoAnalysis_Page -> VideoAnalysis_ButtonActions2 
[ ㅕㅕ 2023-05-31 수요일 11:50:48 715 ] VideoAnalysis_Page -> VideoCheck_Play2 
[ ㅕㅕ 2023-05-31 수요일 11:50:53 376 ] VideoAnalysis_Page -> VideoAnalysis_ButtonActions2 
[ ㅕㅕ 2023-05-31 수요일 11:50:53 377 ] VideoAnalysis_Page -> VideoCheck_Play2 
[ ㅕㅕ 2023-05-31 수요일 15:56:58 648 ] VideoAnalysis_Page -> VideoAnalysis_ButtonActions2 
[ ㅕㅕ 2023-05-31 수요일 15:56:58 648 ] VideoAnalysis_Page -> VideoCheck_Play2 
[ ㅕㅕ 2023-05-31 수요일 15:56:59 581 ] VideoAnalysis_Page -> VideoAnalysis_ButtonActions2 
[ ㅕㅕ 2023-05-31 수요일 15:56:59 582 ] VideoAnalysis_Page -> VideoCheck_Play2 
[ ㅕㅕ 2023-05-31 수요일 15:57:00 594 ] VideoAnalysis_Page -> VideoAnalysis_ButtonActions2 
[ ㅕㅕ 2023-05-31 수요일 15:57:00 594 ] VideoAnalysis_Page -> VideoCheck_Play2 
[ ㅕㅕ 2023-05-31 수요일 15:57:01 856 ] VideoAnalysis_Page -> VideoAnalysis_ButtonActions1 
[ ㅕㅕ 2023-05-31 수요일 15:57:01 867 ] VideoAnalysis_Page -> VideoCheck_Play1 
[ ㅕㅕ 2023-05-31 수요일 15:57:04 079 ] VideoAnalysis_Page -> VideoAnalysis_ButtonActions1 
[ ㅕㅕ 2023-05-31 수요일 15:57:04 080 ] VideoAnalysis_Page -> VideoCheck_Play1 
[ ㅕㅕ 2023-05-31 수요일 15:57:08 693 ] Form1 -> Form1_FormClosing 
[ ㅕㅕ 2023-05-31 수요일 15:57:08 702 ] RealTimeView_Page -> CameraClose 
[ ㅕㅕ 2023-05-31 수요일 15:57:08 713 ] CameraControl -> Stop 
[ ㅕㅕ 2023-05-31 수요일 15:57:10 038 ] CameraControl -> Close 
[ ㅕㅕ 2023-05-31 수요일 15:57:10 114 ] CameraControl -> Stop 
[ ㅕㅕ 2023-05-31 수요일 15:57:10 117 ] CameraControl -> Close 
[ ㅕㅕ 2023-05-31 수요일 15:57:10 117 ] CameraControl -> Stop 
[ ㅕㅕ 2023-05-31 수요일 15:57:10 117 ] CameraControl -> Close 
[ ㅕㅕ 2023-05-31 수요일 15:57:10 118 ] VideoCheck_Page -> VideoClose 
[ ㅕㅕ 2023-05-31 수요일 15:57:10 120 ] VideoAnalysis_Page -> VideoClose 
[ ㅕㅕ 2023-05-31 수요일 15:57:10 815 ] CameraControl -> Finalize 
[ ㅕㅕ 2023-05-31 수요일 15:57:10 815 ] CameraControl -> Close 
[ ㅕㅕ 2023-05-31 수요일 15:57:10 830 ] CameraControl -> Finalize 
[ ㅕㅕ 2023-05-31 수요일 15:57:10 830 ] CameraControl -> Close 
[ ㅕㅕ 2023-05-31 수요일 15:57:10 831 ] CameraControl -> Finalize 
[ ㅕㅕ 2023-05-31 수요일 15:57:10 831 ] CameraControl -> Close 
[ ㅕㅕ 2023-05-31 수요일 15:57:32 258 ] Settings_Page -> XMLSave 
[ ㅕㅕ 2023-05-31 수요일 16:04:53 396 ] Form1 -> NavigationClick 
[ ㅕㅕ 2023-05-31 수요일 16:04:53 611 ] VideoAnalysis_Page -> VideoAnalysis_Page_Load 
[ ㅕㅕ 2023-05-31 수요일 16:04:55 520 ] VideoAnalysis_Page -> VideoAnalysis_ButtonActions1 
[ ㅕㅕ 2023-05-31 수요일 16:04:55 676 ] VideoAnalysis_Page -> VideoCheck_FileOpen1 
[ ㅕㅕ 2023-05-31 수요일 16:05:00 815 ] VideoAnalysis_Page -> FilterClick 
[ ㅕㅕ 2023-05-31 수요일 16:05:02 113 ] VideoAnalysis_Page -> VideoAnalysis_ButtonActions1 
[ ㅕㅕ 2023-05-31 수요일 16:05:02 113 ] VideoAnalysis_Page -> VideoCheck_Play1 
[ ㅕㅕ 2023-05-31 수요일 16:05:14 055 ] VideoAnalysis_Page -> VideoAnalysis_ButtonActions1 
[ ㅕㅕ 2023-05-31 수요일 16:05:14 058 ] VideoAnalysis_Page -> VideoCheck_Play1 
[ ㅕㅕ 2023-05-31 수요일 17:42:38 997 ] Form1 -> Form1_FormClosing 
[ ㅕㅕ 2023-05-31 수요일 17:42:39 008 ] RealTimeView_Page -> CameraClose 
[ ㅕㅕ 2023-05-31 수요일 17:42:39 022 ] CameraControl -> Stop 
[ ㅕㅕ 2023-05-31 수요일 17:42:40 331 ] CameraControl -> Close 
[ ㅕㅕ 2023-05-31 수요일 17:42:40 397 ] CameraControl -> Stop 
[ ㅕㅕ 2023-05-31 수요일 17:42:40 397 ] CameraControl -> Close 
[ ㅕㅕ 2023-05-31 수요일 17:42:40 397 ] CameraControl -> Stop 
[ ㅕㅕ 2023-05-31 수요일 17:42:40 397 ] CameraControl -> Close 
[ ㅕㅕ 2023-05-31 수요일 17:42:40 397 ] VideoCheck_Page -> VideoClose 
[ ㅕㅕ 2023-05-31 수요일 17:42:40 413 ] VideoAnalysis_Page -> VideoClose 
