[  2023-05-22 월요일 10:16:05 865 ] 파일 생성 성공
[ ㅏㅏ 2023-05-22 월요일 10:16:05 865 ] Settings_Page -> XMLSave 
[ ㅏㅏ 2023-05-22 월요일 10:16:07 341 ] Form1 -> NavigationClick 
[ ㅏㅏ 2023-05-22 월요일 10:16:11 238 ] Form1 -> NavigationClick 
[ ㅏㅏ 2023-05-22 월요일 10:16:11 556 ] VideoCheck_Page -> VideoCheck_Page_Load 
[ ㅏㅏ 2023-05-22 월요일 10:16:13 099 ] Form1 -> NavigationClick 
[ ㅏㅏ 2023-05-22 월요일 10:16:13 100 ] VideoCheck_Page -> PageChange 
[ ㅏㅏ 2023-05-22 월요일 10:16:13 238 ] VideoAnalysis_Page -> VideoAnalysis_Page_Load 
[ ㅏㅏ 2023-05-22 월요일 10:16:14 914 ] VideoAnalysis_Page -> VideoAnalysis_ButtonActions1 
[ ㅏㅏ 2023-05-22 월요일 10:16:14 931 ] VideoAnalysis_Page -> VideoCheck_FileOpen1 
[ ㅏㅏ 2023-05-22 월요일 10:16:26 291 ] VideoAnalysis_Page -> FilterClick 
[ ㅏㅏ 2023-05-22 월요일 10:31:07 895 ] VideoAnalysis_Page -> VideoAnalysis_ButtonActions1 
[ ㅏㅏ 2023-05-22 월요일 10:31:07 897 ] VideoAnalysis_Page -> VideoCheck_Play1 
[ ㅏㅏ 2023-05-22 월요일 10:31:11 825 ] VideoAnalysis_Page -> VideoAnalysis_ButtonActions1 
[ ㅏㅏ 2023-05-22 월요일 10:31:11 825 ] VideoAnalysis_Page -> VideoCheck_Play1 
[ ㅏㅏ 2023-05-22 월요일 10:31:37 607 ] VideoAnalysis_Page -> VideoAnalysis_ButtonActions1 
[ ㅏㅏ 2023-05-22 월요일 10:31:37 607 ] VideoAnalysis_Page -> VideoCheck_FileOpen1 
[ ㅏㅏ 2023-05-22 월요일 10:31:46 991 ] VideoAnalysis_Page -> VideoCheck_FileClose1 
[ ㅏㅏ 2023-05-22 월요일 10:31:48 033 ] VideoAnalysis_Page -> VideoAnalysis_ButtonActions2 
[ ㅏㅏ 2023-05-22 월요일 10:31:48 036 ] VideoAnalysis_Page -> VideoCheck_FileOpen2 
[ ㅏㅏ 2023-05-22 월요일 10:31:58 622 ] VideoAnalysis_Page -> FilterClick 
[ ㅏㅏ 2023-05-22 월요일 10:33:36 812 ] VideoAnalysis_Page -> VideoAnalysis_ButtonActions1 
[ ㅏㅏ 2023-05-22 월요일 10:33:36 813 ] VideoAnalysis_Page -> VideoCheck_FileOpen1 
[ ㅏㅏ 2023-05-22 월요일 10:33:58 641 ] VideoAnalysis_Page -> VideoAnalysis_ButtonActions1 
[ ㅏㅏ 2023-05-22 월요일 10:33:58 641 ] VideoAnalysis_Page -> VideoCheck_Play1 
[ ㅏㅏ 2023-05-22 월요일 10:34:57 782 ] VideoAnalysis_Page -> VideoAnalysis_ButtonActions1 
[ ㅏㅏ 2023-05-22 월요일 10:34:57 783 ] VideoAnalysis_Page -> VideoCheck_Play1 
[ ㅏㅏ 2023-05-22 월요일 10:40:44 804 ] VideoAnalysis_Page -> VideoAnalysis_ButtonActions1 
[ ㅏㅏ 2023-05-22 월요일 10:40:44 805 ] VideoAnalysis_Page -> VideoCheck_Play1 
[ ㅏㅏ 2023-05-22 월요일 11:35:04 980 ] VideoAnalysis_Page -> VideoAnalysis_ButtonActions1 
[ ㅏㅏ 2023-05-22 월요일 11:35:04 982 ] VideoAnalysis_Page -> VideoCheck_Play1 
[ ㅏㅏ 2023-05-22 월요일 11:35:27 040 ] VideoAnalysis_Page -> VideoAnalysis_ButtonActions1 
[ ㅏㅏ 2023-05-22 월요일 11:35:27 040 ] VideoAnalysis_Page -> VideoCheck_Play1 
[ ㅏㅏ 2023-05-22 월요일 14:15:59 469 ] VideoAnalysis_Page -> VideoAnalysis_ButtonActions1 
[ ㅏㅏ 2023-05-22 월요일 14:15:59 471 ] VideoAnalysis_Page -> VideoCheck_Play1 
[ ㅏㅏ 2023-05-22 월요일 14:16:17 441 ] VideoAnalysis_Page -> VideoAnalysis_ButtonActions1 
[ ㅏㅏ 2023-05-22 월요일 14:16:17 442 ] VideoAnalysis_Page -> VideoCheck_Play1 
[ ㅏㅏ 2023-05-22 월요일 14:16:25 630 ] VideoAnalysis_Page -> VideoAnalysis_ButtonActions1 
[ ㅏㅏ 2023-05-22 월요일 14:16:25 631 ] VideoAnalysis_Page -> VideoCheck_Play1 
[ ㅏㅏ 2023-05-22 월요일 14:16:28 902 ] VideoAnalysis_Page -> VideoAnalysis_ButtonActions1 
[ ㅏㅏ 2023-05-22 월요일 14:16:28 912 ] VideoAnalysis_Page -> VideoCheck_Play1 
[ ㅏㅏ 2023-05-22 월요일 14:17:18 758 ] VideoAnalysis_Page -> VideoAnalysis_ButtonActions1 
[ ㅏㅏ 2023-05-22 월요일 14:17:18 758 ] VideoAnalysis_Page -> VideoCheck_Play1 
[ ㅏㅏ 2023-05-22 월요일 14:17:20 022 ] VideoAnalysis_Page -> VideoAnalysis_ButtonActions2 
[ ㅏㅏ 2023-05-22 월요일 14:17:20 024 ] VideoAnalysis_Page -> VideoCheck_Play2 
[ ㅏㅏ 2023-05-22 월요일 14:17:37 872 ] VideoAnalysis_Page -> VideoAnalysis_ButtonActions1 
[ ㅏㅏ 2023-05-22 월요일 14:17:37 873 ] VideoAnalysis_Page -> VideoCheck_Play1 
[ ㅏㅏ 2023-05-22 월요일 14:20:07 459 ] VideoAnalysis_Page -> VideoAnalysis_ButtonActions2 
[ ㅏㅏ 2023-05-22 월요일 14:20:07 459 ] VideoAnalysis_Page -> VideoCheck_Play2 
[ ㅏㅏ 2023-05-22 월요일 14:29:04 741 ] VideoAnalysis_Page -> VideoAnalysis_ButtonActions2 
[ ㅏㅏ 2023-05-22 월요일 14:29:04 742 ] VideoAnalysis_Page -> VideoCheck_Play2 
[ ㅏㅏ 2023-05-22 월요일 14:29:06 045 ] VideoAnalysis_Page -> VideoAnalysis_ButtonActions2 
[ ㅏㅏ 2023-05-22 월요일 14:29:06 046 ] VideoAnalysis_Page -> VideoCheck_Play2 
[ ㅏㅏ 2023-05-22 월요일 14:38:50 454 ] VideoAnalysis_Page -> VideoAnalysis_ButtonActions2 
[ ㅏㅏ 2023-05-22 월요일 14:38:50 454 ] VideoAnalysis_Page -> VideoCheck_Play2 
[ ㅏㅏ 2023-05-22 월요일 14:38:56 360 ] VideoAnalysis_Page -> FilterSet 인덱스가 범위를 벗어났습니다. 인덱스는 음수가 아니어야 하며 컬렉션의 크기보다 작아야 합니다.
매개 변수 이름: index
[ ㅏㅏ 2023-05-22 월요일 14:38:59 052 ] VideoAnalysis_Page -> VideoAnalysis_ButtonActions2 
[ ㅏㅏ 2023-05-22 월요일 14:38:59 053 ] VideoAnalysis_Page -> VideoCheck_Play2 
[ ㅏㅏ 2023-05-22 월요일 14:39:56 971 ] VideoAnalysis_Page -> VideoAnalysis_ButtonActions2 
[ ㅏㅏ 2023-05-22 월요일 14:39:56 972 ] VideoAnalysis_Page -> VideoCheck_Play2 
[ ㅏㅏ 2023-05-22 월요일 14:40:51 816 ] VideoAnalysis_Page -> VideoAnalysis_ButtonActions2 
[ ㅏㅏ 2023-05-22 월요일 14:40:51 816 ] VideoAnalysis_Page -> VideoCheck_Play2 
[ ㅏㅏ 2023-05-22 월요일 15:29:04 222 ] VideoAnalysis_Page -> VideoAnalysis_ButtonActions2 
[ ㅏㅏ 2023-05-22 월요일 15:29:04 224 ] VideoAnalysis_Page -> VideoCheck_Play2 
[ ㅏㅏ 2023-05-22 월요일 15:29:10 465 ] VideoAnalysis_Page -> VideoAnalysis_ButtonActions2 
[ ㅏㅏ 2023-05-22 월요일 15:29:10 465 ] VideoAnalysis_Page -> VideoCheck_Play2 
[ ㅏㅏ 2023-05-22 월요일 15:48:45 620 ] VideoAnalysis_Page -> VideoAnalysis_ButtonActions1 
[ ㅏㅏ 2023-05-22 월요일 15:48:45 620 ] VideoAnalysis_Page -> VideoCheck_Play1 
[ ㅏㅏ 2023-05-22 월요일 15:48:48 113 ] VideoAnalysis_Page -> VideoAnalysis_ButtonActions1 
[ ㅏㅏ 2023-05-22 월요일 15:48:48 114 ] VideoAnalysis_Page -> VideoCheck_Play1 
[ ㅏㅏ 2023-05-22 월요일 15:48:51 487 ] VideoAnalysis_Page -> VideoAnalysis_ButtonActions1 
[ ㅏㅏ 2023-05-22 월요일 15:48:51 487 ] VideoAnalysis_Page -> VideoCheck_Play1 
[ ㅏㅏ 2023-05-22 월요일 15:48:52 202 ] VideoAnalysis_Page -> VideoAnalysis_ButtonActions1 
[ ㅏㅏ 2023-05-22 월요일 15:48:52 202 ] VideoAnalysis_Page -> VideoCheck_Play1 
[ ㅏㅏ 2023-05-22 월요일 15:49:05 830 ] VideoAnalysis_Page -> VideoAnalysis_ButtonActions1 
[ ㅏㅏ 2023-05-22 월요일 15:49:05 831 ] VideoAnalysis_Page -> VideoCheck_Play1 
[ ㅏㅏ 2023-05-22 월요일 15:50:29 643 ] VideoAnalysis_Page -> VideoAnalysis_ButtonActions1 
[ ㅏㅏ 2023-05-22 월요일 15:50:29 644 ] VideoAnalysis_Page -> VideoCheck_Play1 
[ ㅏㅏ 2023-05-22 월요일 15:50:40 376 ] VideoAnalysis_Page -> VideoAnalysis_ButtonActions2 
[ ㅏㅏ 2023-05-22 월요일 15:50:40 377 ] VideoAnalysis_Page -> VideoCheck_Play2 
[ ㅏㅏ 2023-05-22 월요일 15:50:41 336 ] VideoAnalysis_Page -> VideoAnalysis_ButtonActions2 
[ ㅏㅏ 2023-05-22 월요일 15:50:41 336 ] VideoAnalysis_Page -> VideoCheck_Play2 
[ ㅏㅏ 2023-05-22 월요일 15:51:51 891 ] Form1 -> NavigationClick 
[ ㅏㅏ 2023-05-22 월요일 15:51:51 902 ] VideoAnalysis_Page -> PageChange 
[ ㅏㅏ 2023-05-22 월요일 15:52:33 235 ] Form1 -> NavigationClick 
[ ㅏㅏ 2023-05-22 월요일 15:52:41 467 ] VideoAnalysis_Page -> FilterClick 
[ ㅏㅏ 2023-05-22 월요일 15:52:47 109 ] VideoAnalysis_Page -> VideoAnalysis_ButtonActions2 
[ ㅏㅏ 2023-05-22 월요일 15:52:47 110 ] VideoAnalysis_Page -> VideoCheck_Play2 
[ ㅏㅏ 2023-05-22 월요일 15:52:47 911 ] VideoAnalysis_Page -> FilterClick 
[ ㅏㅏ 2023-05-22 월요일 15:52:49 256 ] VideoAnalysis_Page -> FilterClick 
[ ㅏㅏ 2023-05-22 월요일 15:52:59 632 ] VideoAnalysis_Page -> FilterClick 
[ ㅏㅏ 2023-05-22 월요일 15:53:01 693 ] VideoAnalysis_Page -> VideoAnalysis_ButtonActions2 
[ ㅏㅏ 2023-05-22 월요일 15:53:01 693 ] VideoAnalysis_Page -> VideoCheck_Play2 
[ ㅏㅏ 2023-05-22 월요일 15:55:16 573 ] VideoAnalysis_Page -> VideoAnalysis_ButtonActions2 
[ ㅏㅏ 2023-05-22 월요일 15:55:16 573 ] VideoAnalysis_Page -> VideoCheck_Play2 
[ ㅏㅏ 2023-05-22 월요일 15:55:17 720 ] VideoAnalysis_Page -> VideoAnalysis_ButtonActions2 
[ ㅏㅏ 2023-05-22 월요일 15:55:17 721 ] VideoAnalysis_Page -> VideoCheck_Play2 
[ ㅏㅏ 2023-05-22 월요일 15:55:48 929 ] Form1 -> NavigationClick 
[ ㅏㅏ 2023-05-22 월요일 15:55:48 929 ] VideoAnalysis_Page -> PageChange 
[ ㅏㅏ 2023-05-22 월요일 15:56:37 187 ] Form1 -> NavigationClick 
[ ㅏㅏ 2023-05-22 월요일 15:56:39 889 ] VideoAnalysis_Page -> FilterClick 
[ ㅏㅏ 2023-05-22 월요일 15:56:46 072 ] VideoAnalysis_Page -> FilterClick 
[ ㅏㅏ 2023-05-22 월요일 17:26:59 412 ] VideoAnalysis_Page -> VideoAnalysis_ButtonActions2 
[ ㅏㅏ 2023-05-22 월요일 17:26:59 423 ] VideoAnalysis_Page -> VideoCheck_Play2 
[ ㅏㅏ 2023-05-22 월요일 17:27:01 064 ] VideoAnalysis_Page -> VideoAnalysis_ButtonActions2 
[ ㅏㅏ 2023-05-22 월요일 17:27:01 065 ] VideoAnalysis_Page -> VideoCheck_Play2 
[ ㅏㅏ 2023-05-22 월요일 17:27:02 110 ] VideoAnalysis_Page -> VideoAnalysis_ButtonActions2 
[ ㅏㅏ 2023-05-22 월요일 17:27:02 111 ] VideoAnalysis_Page -> VideoCheck_Play2 
[ ㅏㅏ 2023-05-22 월요일 17:27:04 308 ] VideoAnalysis_Page -> VideoAnalysis_ButtonActions2 
[ ㅏㅏ 2023-05-22 월요일 17:27:04 311 ] VideoAnalysis_Page -> VideoCheck_Play2 
[ ㅏㅏ 2023-05-22 월요일 17:27:04 940 ] VideoAnalysis_Page -> VideoAnalysis_ButtonActions2 
[ ㅏㅏ 2023-05-22 월요일 17:27:04 940 ] VideoAnalysis_Page -> VideoCheck_Play2 
[ ㅏㅏ 2023-05-22 월요일 17:27:08 066 ] VideoAnalysis_Page -> VideoAnalysis_ButtonActions2 
[ ㅏㅏ 2023-05-22 월요일 17:27:08 066 ] VideoAnalysis_Page -> VideoCheck_Play2 
[ ㅏㅏ 2023-05-22 월요일 17:37:16 980 ] VideoAnalysis_Page -> VideoAnalysis_ButtonActions2 
[ ㅏㅏ 2023-05-22 월요일 17:37:16 982 ] VideoAnalysis_Page -> VideoCheck_Play2 
[ ㅏㅏ 2023-05-22 월요일 17:37:21 195 ] VideoAnalysis_Page -> VideoAnalysis_ButtonActions2 
[ ㅏㅏ 2023-05-22 월요일 17:37:21 196 ] VideoAnalysis_Page -> VideoCheck_Play2 
[ ㅏㅏ 2023-05-22 월요일 17:37:49 888 ] VideoAnalysis_Page -> VideoAnalysis_ButtonActions2 
[ ㅏㅏ 2023-05-22 월요일 17:37:49 889 ] VideoAnalysis_Page -> VideoCheck_Play2 
[ ㅏㅏ 2023-05-22 월요일 17:37:57 889 ] VideoAnalysis_Page -> VideoAnalysis_ButtonActions2 
[ ㅏㅏ 2023-05-22 월요일 17:37:57 889 ] VideoAnalysis_Page -> VideoCheck_Play2 
[ ㅏㅏ 2023-05-22 월요일 17:38:09 717 ] VideoAnalysis_Page -> VideoAnalysis_ButtonActions2 
[ ㅏㅏ 2023-05-22 월요일 17:38:09 717 ] VideoAnalysis_Page -> VideoCheck_Play2 
[ ㅏㅏ 2023-05-22 월요일 18:02:22 047 ] VideoAnalysis_Page -> VideoAnalysis_ButtonActions2 
[ ㅏㅏ 2023-05-22 월요일 18:02:22 048 ] VideoAnalysis_Page -> VideoCheck_Play2 
[ ㅏㅏ 2023-05-22 월요일 18:02:53 313 ] Form1 -> Form1_FormClosing 
[ ㅏㅏ 2023-05-22 월요일 18:02:53 320 ] RealTimeView_Page -> CameraClose 
[ ㅏㅏ 2023-05-22 월요일 18:02:53 333 ] CameraControl -> Stop 
[ ㅏㅏ 2023-05-22 월요일 18:02:53 773 ] CameraControl -> Close 
[ ㅏㅏ 2023-05-22 월요일 18:02:53 827 ] CameraControl -> Stop 
[ ㅏㅏ 2023-05-22 월요일 18:02:53 827 ] CameraControl -> Close 
[ ㅏㅏ 2023-05-22 월요일 18:02:53 827 ] CameraControl -> Stop 
[ ㅏㅏ 2023-05-22 월요일 18:02:53 827 ] CameraControl -> Close 
[ ㅏㅏ 2023-05-22 월요일 18:02:53 828 ] VideoCheck_Page -> VideoClose 
[ ㅏㅏ 2023-05-22 월요일 18:02:53 829 ] VideoAnalysis_Page -> VideoClose 
[ ㅏㅏ 2023-05-22 월요일 18:02:54 607 ] CameraControl -> Finalize 
[ ㅏㅏ 2023-05-22 월요일 18:02:54 607 ] CameraControl -> Close 
[ ㅏㅏ 2023-05-22 월요일 18:02:54 619 ] CameraControl -> Finalize 
[ ㅏㅏ 2023-05-22 월요일 18:02:54 619 ] CameraControl -> Close 
[ ㅏㅏ 2023-05-22 월요일 18:02:54 619 ] CameraControl -> Finalize 
[ ㅏㅏ 2023-05-22 월요일 18:02:54 619 ] CameraControl -> Close 
