[ 길동 2023-04-24 월요일 16:47:16 787 ] Settings_Page -> XMLSave 
[ 길동 2023-04-24 월요일 16:47:18 821 ] Form1 -> NavigationClick 
[ 길동 2023-04-24 월요일 16:47:29 892 ] Form1 -> NavigationClick 
[ 길동 2023-04-24 월요일 16:47:30 759 ] VideoCheck_Page -> VideoCheck_Page_Load 
[ 길동 2023-04-24 월요일 16:47:32 907 ] VideoCheck_Page -> VideoCheck_ButtonActions 
[ 길동 2023-04-24 월요일 16:47:32 915 ] VideoCheck_Page -> VideoCheck_FileOpen 
[ 길동 2023-04-24 월요일 16:47:41 836 ] VideoCheck_Page -> VideoCheck_ButtonActions 
[ 길동 2023-04-24 월요일 16:47:41 837 ] VideoCheck_Page -> VideoCheck_Play 
[ 길동 2023-04-24 월요일 16:47:47 054 ] VideoCheck_Page -> VideoCheck_CamActions 
[ 길동 2023-04-24 월요일 16:48:57 281 ] VideoCheck_Page -> VideoCheck_ButtonActions 
[ 길동 2023-04-24 월요일 16:48:57 291 ] VideoCheck_Page -> VideoCheck_Play 
[ 길동 2023-04-24 월요일 16:48:59 600 ] VideoCheck_Page -> VideoCheck_ButtonActions 
[ 길동 2023-04-24 월요일 16:48:59 602 ] VideoCheck_Page -> VideoCheck_Stop 
[ 길동 2023-04-24 월요일 16:49:01 677 ] VideoCheck_Page -> VideoCheck_ButtonActions 
[ 길동 2023-04-24 월요일 16:49:01 680 ] VideoCheck_Page -> VideoCheck_FileClose 
[ 길동 2023-04-24 월요일 16:49:07 512 ] Form1 -> NavigationClick 
[ 길동 2023-04-24 월요일 16:49:07 513 ] VideoCheck_Page -> PageChange 
[ 길동 2023-04-24 월요일 16:49:07 718 ] VideoAnalysis_Page -> VideoAnalysis_Page_Load 
[ 길동 2023-04-24 월요일 16:49:10 846 ] Form1 -> NavigationClick 
[ 길동 2023-04-24 월요일 16:49:10 847 ] VideoAnalysis_Page -> PageChange 
[ 길동 2023-04-24 월요일 16:49:16 919 ] Settings_Page -> WorkUserReWrite 
[ 길동 2023-04-24 월요일 16:49:16 944 ] Settings_Page -> WorkUserChange 
[ 길동 2023-04-24 월요일 16:49:16 945 ] Settings_Page -> WorkTargetChange 
[ 길동 2023-04-24 월요일 16:49:52 851 ] Form1 -> Form1_FormClosing 
[ 길동 2023-04-24 월요일 16:49:52 859 ] RealTimeView_Page -> CameraClose 
[ 길동 2023-04-24 월요일 16:49:52 871 ] CameraControl -> Stop 
[ 길동 2023-04-24 월요일 16:49:54 320 ] CameraControl -> Close 
[ 길동 2023-04-24 월요일 16:49:54 380 ] CameraControl -> Stop 
[ 길동 2023-04-24 월요일 16:49:55 694 ] CameraControl -> Close 
[ 길동 2023-04-24 월요일 16:49:55 725 ] CameraControl -> Stop 
[ 길동 2023-04-24 월요일 16:49:56 080 ] CameraControl -> Close 
[ 길동 2023-04-24 월요일 16:49:56 119 ] VideoCheck_Page -> VideoClose 
[ 길동 2023-04-24 월요일 16:49:56 120 ] VideoAnalysis_Page -> VideoClose 
[ 길동 2023-04-24 월요일 16:49:56 307 ] CameraControl -> Finalize 
[ 길동 2023-04-24 월요일 16:49:56 307 ] CameraControl -> Close 
[ 길동 2023-04-24 월요일 16:49:56 314 ] CameraControl -> Finalize 
[ 길동 2023-04-24 월요일 16:49:56 314 ] CameraControl -> Close 
[ 길동 2023-04-24 월요일 16:49:56 315 ] CameraControl -> Finalize 
[ 길동 2023-04-24 월요일 16:49:56 315 ] CameraControl -> Close 
