[ 아이스크림 2023-04-27 목요일 09:16:19 375 ] Settings_Page -> XMLSave 
[ 아이스크림 2023-04-27 목요일 09:16:21 237 ] Form1 -> NavigationClick 
[ 아이스크림 2023-04-27 목요일 09:16:21 455 ] VideoAnalysis_Page -> VideoAnalysis_Page_Load 
[ 아이스크림 2023-04-27 목요일 09:16:23 756 ] VideoAnalysis_Page -> VideoAnalysis_ButtonActions1 
[ 아이스크림 2023-04-27 목요일 09:16:23 770 ] VideoAnalysis_Page -> VideoCheck_FileOpen1 
[ 아이스크림 2023-04-27 목요일 09:19:14 198 ] VideoAnalysis_Page -> FilterClick 
[ 아이스크림 2023-04-27 목요일 09:19:16 181 ] VideoAnalysis_Page -> VideoAnalysis_ButtonActions1 
[ 아이스크림 2023-04-27 목요일 09:19:16 184 ] VideoAnalysis_Page -> VideoCheck_Play1 
[ 아이스크림 2023-04-27 목요일 09:19:23 693 ] VideoAnalysis_Page -> VideoAnalysis_ButtonActions1 
[ 아이스크림 2023-04-27 목요일 09:19:23 694 ] VideoAnalysis_Page -> VideoCheck_FileOpen1 
[ 아이스크림 2023-04-27 목요일 09:19:48 326 ] Form1 -> NavigationClick 
[ 아이스크림 2023-04-27 목요일 09:19:48 329 ] VideoAnalysis_Page -> PageChange 
[ 아이스크림 2023-04-27 목요일 09:19:53 578 ] Settings_Page -> OnlyDigitPress 
[ 아이스크림 2023-04-27 목요일 09:19:55 185 ] Settings_Page -> PixelLengthChange 
[ 아이스크림 2023-04-27 목요일 09:19:55 186 ] Settings_Page -> XMLSave 
[ 아이스크림 2023-04-27 목요일 09:19:55 263 ] Form1 -> NavigationClick 
[ 아이스크림 2023-04-27 목요일 09:19:58 215 ] VideoAnalysis_Page -> VideoAnalysis_ButtonActions1 
[ 아이스크림 2023-04-27 목요일 09:19:58 216 ] VideoAnalysis_Page -> VideoCheck_Play1 
[ 아이스크림 2023-04-27 목요일 09:19:59 445 ] VideoAnalysis_Page -> VideoAnalysis_ButtonActions1 
[ 아이스크림 2023-04-27 목요일 09:19:59 446 ] VideoAnalysis_Page -> VideoCheck_Play1 
[ 아이스크림 2023-04-27 목요일 09:20:01 785 ] Form1 -> NavigationClick 
[ 아이스크림 2023-04-27 목요일 09:20:01 786 ] VideoAnalysis_Page -> PageChange 
[ 아이스크림 2023-04-27 목요일 09:20:04 727 ] Settings_Page -> OnlyDigitPress 
[ 아이스크림 2023-04-27 목요일 09:20:04 847 ] Settings_Page -> OnlyDigitPress 
[ 아이스크림 2023-04-27 목요일 09:20:05 062 ] Settings_Page -> OnlyDigitPress 
[ 아이스크림 2023-04-27 목요일 09:20:05 751 ] Settings_Page -> OnlyDigitPress 
[ 아이스크림 2023-04-27 목요일 09:20:05 934 ] Settings_Page -> OnlyDigitPress 
[ 아이스크림 2023-04-27 목요일 09:20:06 223 ] Settings_Page -> OnlyDigitPress 
[ 아이스크림 2023-04-27 목요일 09:20:07 637 ] Settings_Page -> PixelLengthChange 
[ 아이스크림 2023-04-27 목요일 09:20:07 637 ] Settings_Page -> XMLSave 
[ 아이스크림 2023-04-27 목요일 09:20:07 692 ] Form1 -> NavigationClick 
[ 아이스크림 2023-04-27 목요일 09:20:10 205 ] VideoAnalysis_Page -> VideoAnalysis_ButtonActions1 
[ 아이스크림 2023-04-27 목요일 09:20:10 206 ] VideoAnalysis_Page -> VideoCheck_Play1 
[ 아이스크림 2023-04-27 목요일 09:20:11 479 ] VideoAnalysis_Page -> VideoAnalysis_ButtonActions1 
[ 아이스크림 2023-04-27 목요일 09:20:11 480 ] VideoAnalysis_Page -> VideoCheck_Play1 
[ 아이스크림 2023-04-27 목요일 09:20:12 637 ] Form1 -> NavigationClick 
[ 아이스크림 2023-04-27 목요일 09:20:12 638 ] VideoAnalysis_Page -> PageChange 
[ 아이스크림 2023-04-27 목요일 09:22:02 239 ] Settings_Page -> WorkUserReWrite 
[ 아이스크림 2023-04-27 목요일 09:22:02 261 ] Settings_Page -> WorkUserChange 
[ 아이스크림 2023-04-27 목요일 09:22:02 262 ] Settings_Page -> WorkTargetChange 
[ 아이스크림 2023-04-27 목요일 09:22:07 189 ] Settings_Page -> WorkUserChange 
[ 아이스크림 2023-04-27 목요일 09:22:07 281 ] Settings_Page -> WorkUserChange 
[ 아이스크림 2023-04-27 목요일 09:22:07 632 ] Settings_Page -> WorkUserChange 
[ 아이스크림 2023-04-27 목요일 09:22:07 848 ] Settings_Page -> WorkUserChange 
[ 아이스크림 2023-04-27 목요일 09:22:07 850 ] Settings_Page -> WorkUserChange 
[ 아이스크림 2023-04-27 목요일 09:22:07 851 ] Settings_Page -> WorkUserChange 
[ 아이스크림 2023-04-27 목요일 09:22:07 968 ] Settings_Page -> WorkUserChange 
[ 아이스크림 2023-04-27 목요일 09:22:08 025 ] Settings_Page -> WorkUserChange 
[ 아이스크림 2023-04-27 목요일 09:22:08 208 ] Settings_Page -> WorkUserChange 
[ 아이스크림 2023-04-27 목요일 09:22:08 210 ] Settings_Page -> WorkUserChange 
[ 아이스크림 2023-04-27 목요일 09:22:08 211 ] Settings_Page -> WorkUserChange 
[ 아이스크림 2023-04-27 목요일 09:22:08 312 ] Settings_Page -> WorkUserChange 
[ 아이스크림 2023-04-27 목요일 09:22:08 384 ] Settings_Page -> WorkUserChange 
[ 아이스크림 2023-04-27 목요일 09:22:08 584 ] Settings_Page -> WorkUserChange 
[ 아이스크림 2023-04-27 목요일 09:22:08 587 ] Settings_Page -> WorkUserChange 
[ 아이스크림 2023-04-27 목요일 09:22:08 920 ] Settings_Page -> WorkTargetChange 
[ 아이스크림 2023-04-27 목요일 09:22:09 000 ] Settings_Page -> WorkTargetChange 
[ 아이스크림 2023-04-27 목요일 09:22:09 088 ] Settings_Page -> WorkTargetChange 
[ 아이스크림 2023-04-27 목요일 09:22:09 200 ] Settings_Page -> WorkTargetChange 
[ 아이스크림 2023-04-27 목요일 09:22:09 203 ] Settings_Page -> WorkTargetChange 
[ 아이스크림 2023-04-27 목요일 09:22:09 204 ] Settings_Page -> WorkTargetChange 
[ 아이스크림 2023-04-27 목요일 09:22:09 296 ] Settings_Page -> WorkTargetChange 
[ 아이스크림 2023-04-27 목요일 09:22:09 400 ] Settings_Page -> WorkTargetChange 
[ 아이스크림 2023-04-27 목요일 09:22:09 403 ] Settings_Page -> WorkTargetChange 
[ 아이스크림 2023-04-27 목요일 09:22:09 404 ] Settings_Page -> WorkTargetChange 
[ 아이스크림 2023-04-27 목요일 09:22:09 592 ] Settings_Page -> WorkTargetChange 
[ 아이스크림 2023-04-27 목요일 09:22:09 720 ] Settings_Page -> WorkTargetChange 
[ 아이스크림 2023-04-27 목요일 09:22:09 722 ] Settings_Page -> WorkTargetChange 
[ 아이스크림 2023-04-27 목요일 09:22:09 723 ] Settings_Page -> WorkTargetChange 
[ 아이스크림 2023-04-27 목요일 09:22:09 856 ] Settings_Page -> WorkTargetChange 
[ 아이스크림 2023-04-27 목요일 09:22:09 936 ] Settings_Page -> WorkTargetChange 
[ 아이스크림 2023-04-27 목요일 09:22:09 938 ] Settings_Page -> WorkTargetChange 
[ 아이스크림 2023-04-27 목요일 09:22:09 940 ] Settings_Page -> WorkTargetChange 
[ 아이스크림 2023-04-27 목요일 09:22:10 040 ] Settings_Page -> WorkTargetChange 
[ 아이스크림 2023-04-27 목요일 09:22:11 292 ] Settings_Page -> WorkTargetChange 
[ 아이스크림 2023-04-27 목요일 09:22:11 294 ] Settings_Page -> WorkTargetChange 
[ 아이스크림 2023-04-27 목요일 09:22:11 349 ] Settings_Page -> WorkUserSet 
[ 아이스크림 2023-04-27 목요일 09:22:11 391 ] Settings_Page -> XMLSave 
[ 아이스크림 2023-04-27 목요일 09:23:28 912 ] Form1 -> Form1_FormClosing 
[ 아이스크림 2023-04-27 목요일 09:23:28 922 ] RealTimeView_Page -> CameraClose 
[ 아이스크림 2023-04-27 목요일 09:23:28 951 ] CameraControl -> Stop 
[ 아이스크림 2023-04-27 목요일 09:23:29 165 ] CameraControl -> Close 
[ 아이스크림 2023-04-27 목요일 09:23:29 225 ] CameraControl -> Stop 
[ 아이스크림 2023-04-27 목요일 09:23:29 353 ] CameraControl -> Close 
[ 아이스크림 2023-04-27 목요일 09:23:29 396 ] CameraControl -> Stop 
[ 아이스크림 2023-04-27 목요일 09:23:29 746 ] CameraControl -> Close 
[ 아이스크림 2023-04-27 목요일 09:23:29 789 ] VideoCheck_Page -> VideoClose 
[ 아이스크림 2023-04-27 목요일 09:23:29 790 ] VideoAnalysis_Page -> VideoClose 
[ 아이스크림 2023-04-27 목요일 09:23:30 128 ] CameraControl -> Finalize 
[ 아이스크림 2023-04-27 목요일 09:23:30 128 ] CameraControl -> Close 
[ 아이스크림 2023-04-27 목요일 09:23:30 138 ] CameraControl -> Finalize 
[ 아이스크림 2023-04-27 목요일 09:23:30 138 ] CameraControl -> Close 
[ 아이스크림 2023-04-27 목요일 09:23:30 139 ] CameraControl -> Finalize 
[ 아이스크림 2023-04-27 목요일 09:23:30 139 ] CameraControl -> Close 
[ 아이스크림 2023-04-27 목요일 09:23:53 470 ] Settings_Page -> XMLSave 
[ 아이스크림 2023-04-27 목요일 09:23:59 426 ] Form1 -> NavigationClick 
[ 아이스크림 2023-04-27 목요일 09:24:04 413 ] Form1 -> NavigationClick 
[ 아이스크림 2023-04-27 목요일 09:24:29 858 ] Settings_Page -> FolderOpen 
[ 아이스크림 2023-04-27 목요일 09:26:23 600 ] Settings_Page -> VideoTextChange 
[ 아이스크림 2023-04-27 목요일 09:26:23 605 ] RealTimeView_Page -> cb_TextView_SelectedValueChanged 
[ 아이스크림 2023-04-27 목요일 09:26:23 606 ] Settings_Page -> XMLSave 
[ 아이스크림 2023-04-27 목요일 09:26:23 608 ] Settings_Page -> XMLSave 
[ 아이스크림 2023-04-27 목요일 09:26:36 037 ] Settings_Page -> UserTextChange 
[ 아이스크림 2023-04-27 목요일 09:26:36 038 ] Settings_Page -> XMLSave 
[ 아이스크림 2023-04-27 목요일 09:26:36 136 ] Form1 -> NavigationClick 
[ 아이스크림 2023-04-27 목요일 09:26:39 272 ] RealTimeView_Page -> RealTimeView_ButtonActions 
[ 아이스크림 2023-04-27 목요일 09:26:40 845 ] RealTimeView_Page -> RealTimeView_ButtonActions 
[ 아이스크림 2023-04-27 목요일 09:26:41 285 ] RealTimeView_Page -> RealTimeView_ButtonActions 
[ 아이스크림 2023-04-27 목요일 09:26:42 515 ] RealTimeView_Page -> RealTimeView_ButtonActions 
[ 아이스크림 2023-04-27 목요일 09:26:43 414 ] Form1 -> NavigationClick 
[ 아이스크림 2023-04-27 목요일 09:26:45 939 ] Settings_Page -> WorkUserReWrite 
[ 아이스크림 2023-04-27 목요일 09:26:45 957 ] Settings_Page -> WorkUserChange 
[ 아이스크림 2023-04-27 목요일 09:26:45 958 ] Settings_Page -> WorkTargetChange 
[ 아이스크림 2023-04-27 목요일 09:26:47 847 ] Settings_Page -> WorkUserChange 
[ 아이스크림 2023-04-27 목요일 09:26:47 921 ] Settings_Page -> WorkUserChange 
[ 아이스크림 2023-04-27 목요일 09:26:48 064 ] Settings_Page -> WorkUserChange 
[ 아이스크림 2023-04-27 목요일 09:26:48 279 ] Settings_Page -> WorkUserChange 
[ 아이스크림 2023-04-27 목요일 09:26:48 281 ] Settings_Page -> WorkUserChange 
[ 아이스크림 2023-04-27 목요일 09:26:48 283 ] Settings_Page -> WorkUserChange 
[ 아이스크림 2023-04-27 목요일 09:26:48 391 ] Settings_Page -> WorkUserChange 
[ 아이스크림 2023-04-27 목요일 09:26:48 457 ] Settings_Page -> WorkUserChange 
[ 아이스크림 2023-04-27 목요일 09:26:48 625 ] Settings_Page -> WorkUserChange 
[ 아이스크림 2023-04-27 목요일 09:26:48 626 ] Settings_Page -> WorkUserChange 
[ 아이스크림 2023-04-27 목요일 09:26:48 627 ] Settings_Page -> WorkUserChange 
[ 아이스크림 2023-04-27 목요일 09:26:48 729 ] Settings_Page -> WorkUserChange 
[ 아이스크림 2023-04-27 목요일 09:26:48 799 ] Settings_Page -> WorkUserChange 
[ 아이스크림 2023-04-27 목요일 09:26:48 936 ] Settings_Page -> WorkUserChange 
[ 아이스크림 2023-04-27 목요일 09:26:48 938 ] Settings_Page -> WorkUserChange 
[ 아이스크림 2023-04-27 목요일 09:26:49 248 ] Settings_Page -> WorkTargetChange 
[ 아이스크림 2023-04-27 목요일 09:26:49 335 ] Settings_Page -> WorkTargetChange 
[ 아이스크림 2023-04-27 목요일 09:26:49 408 ] Settings_Page -> WorkTargetChange 
[ 아이스크림 2023-04-27 목요일 09:26:49 512 ] Settings_Page -> WorkTargetChange 
[ 아이스크림 2023-04-27 목요일 09:26:49 513 ] Settings_Page -> WorkTargetChange 
[ 아이스크림 2023-04-27 목요일 09:26:49 515 ] Settings_Page -> WorkTargetChange 
[ 아이스크림 2023-04-27 목요일 09:26:49 608 ] Settings_Page -> WorkTargetChange 
[ 아이스크림 2023-04-27 목요일 09:26:49 711 ] Settings_Page -> WorkTargetChange 
[ 아이스크림 2023-04-27 목요일 09:26:49 712 ] Settings_Page -> WorkTargetChange 
[ 아이스크림 2023-04-27 목요일 09:26:49 714 ] Settings_Page -> WorkTargetChange 
[ 아이스크림 2023-04-27 목요일 09:26:49 840 ] Settings_Page -> WorkTargetChange 
[ 아이스크림 2023-04-27 목요일 09:26:49 967 ] Settings_Page -> WorkTargetChange 
[ 아이스크림 2023-04-27 목요일 09:26:49 970 ] Settings_Page -> WorkTargetChange 
[ 아이스크림 2023-04-27 목요일 09:26:49 971 ] Settings_Page -> WorkTargetChange 
[ 아이스크림 2023-04-27 목요일 09:26:50 072 ] Settings_Page -> WorkTargetChange 
[ 아이스크림 2023-04-27 목요일 09:26:50 167 ] Settings_Page -> WorkTargetChange 
[ 아이스크림 2023-04-27 목요일 09:26:50 169 ] Settings_Page -> WorkTargetChange 
[ 아이스크림 2023-04-27 목요일 09:26:50 170 ] Settings_Page -> WorkTargetChange 
[ 아이스크림 2023-04-27 목요일 09:26:50 280 ] Settings_Page -> WorkTargetChange 
[ 아이스크림 2023-04-27 목요일 09:26:51 921 ] Settings_Page -> WorkTargetChange 
[ 아이스크림 2023-04-27 목요일 09:26:51 923 ] Settings_Page -> WorkTargetChange 
[ 아이스크림 2023-04-27 목요일 09:26:52 002 ] Settings_Page -> WorkUserSet 
[ 아이스크림 2023-04-27 목요일 09:26:52 037 ] Settings_Page -> XMLSave 
[ 아이스크림 2023-04-27 목요일 09:27:22 829 ] Form1 -> NavigationClick 
[ 아이스크림 2023-04-27 목요일 09:27:23 116 ] VideoAnalysis_Page -> VideoAnalysis_Page_Load 
[ 아이스크림 2023-04-27 목요일 09:27:25 514 ] VideoAnalysis_Page -> VideoAnalysis_ButtonActions1 
[ 아이스크림 2023-04-27 목요일 09:27:25 522 ] VideoAnalysis_Page -> VideoCheck_FileOpen1 
[ 아이스크림 2023-04-27 목요일 09:27:34 013 ] VideoAnalysis_Page -> VideoAnalysis_ButtonActions1 
[ 아이스크림 2023-04-27 목요일 09:27:34 013 ] VideoAnalysis_Page -> VideoCheck_FileOpen1 
[ 아이스크림 2023-04-27 목요일 09:27:39 012 ] VideoAnalysis_Page -> VideoAnalysis_ButtonActions1 
[ 아이스크림 2023-04-27 목요일 09:27:39 014 ] VideoAnalysis_Page -> VideoCheck_Play1 
[ 아이스크림 2023-04-27 목요일 09:27:41 714 ] VideoAnalysis_Page -> VideoAnalysis_ButtonActions1 
[ 아이스크림 2023-04-27 목요일 09:27:41 715 ] VideoAnalysis_Page -> VideoCheck_FileOpen1 
[ 아이스크림 2023-04-27 목요일 09:27:55 570 ] VideoAnalysis_Page -> VideoAnalysis_ButtonActions1 
[ 아이스크림 2023-04-27 목요일 09:27:55 571 ] VideoAnalysis_Page -> VideoCheck_Play1 
[ 아이스크림 2023-04-27 목요일 09:28:00 234 ] VideoAnalysis_Page -> FilterClick 
[ 아이스크림 2023-04-27 목요일 09:28:02 488 ] VideoAnalysis_Page -> VideoAnalysis_ButtonActions1 
[ 아이스크림 2023-04-27 목요일 09:28:02 490 ] VideoAnalysis_Page -> VideoCheck_Play1 
[ 아이스크림 2023-04-27 목요일 09:28:05 267 ] Form1 -> NavigationClick 
[ 아이스크림 2023-04-27 목요일 09:28:05 268 ] VideoAnalysis_Page -> PageChange 
[ 아이스크림 2023-04-27 목요일 09:29:11 620 ] Settings_Page -> UserTextChange 
[ 아이스크림 2023-04-27 목요일 09:29:11 622 ] Settings_Page -> XMLSave 
[ 아이스크림 2023-04-27 목요일 09:29:11 707 ] Form1 -> NavigationClick 
[ 아이스크림 2023-04-27 목요일 09:29:17 536 ] Form1 -> NavigationClick 
[ 아이스크림 2023-04-27 목요일 09:36:42 211 ] Form1 -> Form1_FormClosing 
[ 아이스크림 2023-04-27 목요일 09:36:42 219 ] RealTimeView_Page -> CameraClose 
[ 아이스크림 2023-04-27 목요일 09:36:42 232 ] CameraControl -> Stop 
[ 아이스크림 2023-04-27 목요일 09:36:42 431 ] CameraControl -> Close 
[ 아이스크림 2023-04-27 목요일 09:36:42 493 ] CameraControl -> Stop 
[ 아이스크림 2023-04-27 목요일 09:36:42 852 ] CameraControl -> Close 
[ 아이스크림 2023-04-27 목요일 09:36:42 886 ] CameraControl -> Stop 
[ 아이스크림 2023-04-27 목요일 09:36:43 249 ] CameraControl -> Close 
[ 아이스크림 2023-04-27 목요일 09:36:43 291 ] VideoCheck_Page -> VideoClose 
[ 아이스크림 2023-04-27 목요일 09:36:43 291 ] VideoAnalysis_Page -> VideoClose 
[ 아이스크림 2023-04-27 목요일 09:38:55 742 ] Settings_Page -> XMLSave 
[ 아이스크림 2023-04-27 목요일 09:38:58 337 ] Form1 -> NavigationClick 
[ 아이스크림 2023-04-27 목요일 09:38:58 636 ] VideoAnalysis_Page -> VideoAnalysis_Page_Load 
[ 아이스크림 2023-04-27 목요일 09:40:31 316 ] VideoAnalysis_Page -> VideoAnalysis_ButtonActions1 
[ 아이스크림 2023-04-27 목요일 09:40:31 334 ] VideoAnalysis_Page -> VideoCheck_FileOpen1 
[ 아이스크림 2023-04-27 목요일 09:41:16 860 ] VideoAnalysis_Page -> FilterClick 
[ 아이스크림 2023-04-27 목요일 09:44:23 327 ] Form1 -> Form1_FormClosing 
[ 아이스크림 2023-04-27 목요일 09:44:23 335 ] RealTimeView_Page -> CameraClose 
[ 아이스크림 2023-04-27 목요일 09:44:23 339 ] CameraControl -> Stop 
[ 아이스크림 2023-04-27 목요일 09:44:24 766 ] CameraControl -> Close 
[ 아이스크림 2023-04-27 목요일 09:44:24 803 ] CameraControl -> Stop 
[ 아이스크림 2023-04-27 목요일 09:44:26 188 ] CameraControl -> Close 
[ 아이스크림 2023-04-27 목요일 09:44:26 202 ] CameraControl -> Stop 
[ 아이스크림 2023-04-27 목요일 09:44:26 537 ] CameraControl -> Close 
[ 아이스크림 2023-04-27 목요일 09:44:26 550 ] VideoCheck_Page -> VideoClose 
[ 아이스크림 2023-04-27 목요일 09:44:26 551 ] VideoAnalysis_Page -> VideoClose 
[ 아이스크림 2023-04-27 목요일 09:46:10 853 ] Settings_Page -> XMLSave 
[ 아이스크림 2023-04-27 목요일 09:46:12 208 ] Form1 -> NavigationClick 
[ 아이스크림 2023-04-27 목요일 09:46:12 433 ] VideoAnalysis_Page -> VideoAnalysis_Page_Load 
[ 아이스크림 2023-04-27 목요일 09:46:14 554 ] VideoAnalysis_Page -> VideoAnalysis_ButtonActions1 
[ 아이스크림 2023-04-27 목요일 09:46:14 570 ] VideoAnalysis_Page -> VideoCheck_FileOpen1 
[ 아이스크림 2023-04-27 목요일 09:46:20 405 ] VideoAnalysis_Page -> FilterClick 
[ 아이스크림 2023-04-27 목요일 09:47:25 042 ] VideoAnalysis_Page -> VideoAnalysis_ButtonActions1 
[ 아이스크림 2023-04-27 목요일 09:47:25 053 ] VideoAnalysis_Page -> VideoCheck_Play1 
[ 아이스크림 2023-04-27 목요일 09:48:51 687 ] VideoAnalysis_Page -> VideoAnalysis_ButtonActions1 
[ 아이스크림 2023-04-27 목요일 09:48:51 697 ] VideoAnalysis_Page -> VideoCheck_Play1 
[ 아이스크림 2023-04-27 목요일 10:31:12 785 ] VideoAnalysis_Page -> VideoAnalysis_ButtonActions1 
[ 아이스크림 2023-04-27 목요일 10:31:12 786 ] VideoAnalysis_Page -> VideoCheck_Play1 
[ 아이스크림 2023-04-27 목요일 10:31:17 826 ] VideoAnalysis_Page -> VideoAnalysis_ButtonActions1 
[ 아이스크림 2023-04-27 목요일 10:31:17 828 ] VideoAnalysis_Page -> VideoCheck_FileOpen1 
[ 아이스크림 2023-04-27 목요일 10:31:27 435 ] VideoAnalysis_Page -> VideoAnalysis_ButtonActions1 
[ 아이스크림 2023-04-27 목요일 10:31:27 437 ] VideoAnalysis_Page -> VideoCheck_Play1 
[ 아이스크림 2023-04-27 목요일 10:31:28 433 ] VideoAnalysis_Page -> VideoAnalysis_ButtonActions1 
[ 아이스크림 2023-04-27 목요일 10:31:28 433 ] VideoAnalysis_Page -> VideoCheck_Play1 
[ 아이스크림 2023-04-27 목요일 10:32:12 632 ] VideoAnalysis_Page -> VideoAnalysis_ButtonActions1 
[ 아이스크림 2023-04-27 목요일 10:32:12 632 ] VideoAnalysis_Page -> VideoCheck_Play1 
[ 아이스크림 2023-04-27 목요일 10:32:12 907 ] VideoAnalysis_Page -> VideoAnalysis_ButtonActions1 
[ 아이스크림 2023-04-27 목요일 10:32:12 907 ] VideoAnalysis_Page -> VideoCheck_Play1 
[ 아이스크림 2023-04-27 목요일 10:32:14 269 ] VideoAnalysis_Page -> VideoAnalysis_ButtonActions1 
[ 아이스크림 2023-04-27 목요일 10:32:14 270 ] VideoAnalysis_Page -> VideoCheck_Play1 
[ 아이스크림 2023-04-27 목요일 10:32:16 263 ] VideoAnalysis_Page -> VideoAnalysis_ButtonActions1 
[ 아이스크림 2023-04-27 목요일 10:32:16 266 ] VideoAnalysis_Page -> VideoCheck_Play1 
[ 아이스크림 2023-04-27 목요일 10:33:34 445 ] VideoAnalysis_Page -> VideoAnalysis_ButtonActions1 
[ 아이스크림 2023-04-27 목요일 10:33:34 446 ] VideoAnalysis_Page -> VideoCheck_Play1 
[ 아이스크림 2023-04-27 목요일 10:33:38 786 ] VideoAnalysis_Page -> VideoAnalysis_ButtonActions1 
[ 아이스크림 2023-04-27 목요일 10:33:38 787 ] VideoAnalysis_Page -> VideoCheck_Play1 
[ 아이스크림 2023-04-27 목요일 10:34:05 454 ] VideoAnalysis_Page -> VideoAnalysis_ButtonActions1 
[ 아이스크림 2023-04-27 목요일 10:34:05 454 ] VideoAnalysis_Page -> VideoCheck_Play1 
[ 아이스크림 2023-04-27 목요일 10:34:07 956 ] VideoAnalysis_Page -> VideoAnalysis_ButtonActions1 
[ 아이스크림 2023-04-27 목요일 10:34:07 957 ] VideoAnalysis_Page -> VideoCheck_Play1 
[ 아이스크림 2023-04-27 목요일 10:41:09 327 ] VideoAnalysis_Page -> VideoAnalysis_ButtonActions1 
[ 아이스크림 2023-04-27 목요일 10:41:09 329 ] VideoAnalysis_Page -> VideoCheck_Play1 
[ 아이스크림 2023-04-27 목요일 10:41:11 091 ] VideoAnalysis_Page -> VideoAnalysis_ButtonActions1 
[ 아이스크림 2023-04-27 목요일 10:41:11 091 ] VideoAnalysis_Page -> VideoCheck_Play1 
[ 아이스크림 2023-04-27 목요일 10:41:11 997 ] VideoAnalysis_Page -> VideoAnalysis_ButtonActions1 
[ 아이스크림 2023-04-27 목요일 10:41:11 998 ] VideoAnalysis_Page -> VideoCheck_Play1 
[ 아이스크림 2023-04-27 목요일 10:41:12 832 ] VideoAnalysis_Page -> VideoAnalysis_ButtonActions1 
[ 아이스크림 2023-04-27 목요일 10:41:12 833 ] VideoAnalysis_Page -> VideoCheck_Play1 
[ 아이스크림 2023-04-27 목요일 10:41:13 425 ] VideoAnalysis_Page -> VideoAnalysis_ButtonActions1 
[ 아이스크림 2023-04-27 목요일 10:41:13 426 ] VideoAnalysis_Page -> VideoCheck_Play1 
[ 아이스크림 2023-04-27 목요일 10:41:13 966 ] VideoAnalysis_Page -> VideoAnalysis_ButtonActions1 
[ 아이스크림 2023-04-27 목요일 10:41:13 967 ] VideoAnalysis_Page -> VideoCheck_Play1 
[ 아이스크림 2023-04-27 목요일 10:45:08 394 ] VideoAnalysis_Page -> VideoAnalysis_ButtonActions1 
[ 아이스크림 2023-04-27 목요일 10:45:08 396 ] VideoAnalysis_Page -> VideoCheck_Play1 
[ 아이스크림 2023-04-27 목요일 10:47:05 024 ] VideoAnalysis_Page -> VideoAnalysis_ButtonActions1 
[ 아이스크림 2023-04-27 목요일 10:47:05 025 ] VideoAnalysis_Page -> VideoCheck_Play1 
[ 아이스크림 2023-04-27 목요일 10:47:06 696 ] VideoAnalysis_Page -> VideoAnalysis_ButtonActions1 
[ 아이스크림 2023-04-27 목요일 10:47:06 698 ] VideoAnalysis_Page -> VideoCheck_Play1 
[ 아이스크림 2023-04-27 목요일 10:47:06 977 ] VideoAnalysis_Page -> VideoAnalysis_ButtonActions1 
[ 아이스크림 2023-04-27 목요일 10:47:06 978 ] VideoAnalysis_Page -> VideoCheck_Play1 
[ 아이스크림 2023-04-27 목요일 10:47:12 841 ] VideoAnalysis_Page -> VideoAnalysis_ButtonActions1 
[ 아이스크림 2023-04-27 목요일 10:47:12 842 ] VideoAnalysis_Page -> VideoCheck_Play1 
[ 아이스크림 2023-04-27 목요일 10:59:59 749 ] VideoAnalysis_Page -> VideoAnalysis_ButtonActions1 
[ 아이스크림 2023-04-27 목요일 10:59:59 750 ] VideoAnalysis_Page -> VideoCheck_Play1 
[ 아이스크림 2023-04-27 목요일 11:01:23 998 ] VideoAnalysis_Page -> VideoAnalysis_ButtonActions1 
[ 아이스크림 2023-04-27 목요일 11:01:23 999 ] VideoAnalysis_Page -> VideoCheck_Play1 
[ 아이스크림 2023-04-27 목요일 11:01:55 139 ] VideoAnalysis_Page -> VideoAnalysis_ButtonActions1 
[ 아이스크림 2023-04-27 목요일 11:01:55 140 ] VideoAnalysis_Page -> VideoCheck_Play1 
[ 아이스크림 2023-04-27 목요일 15:09:38 564 ] VideoAnalysis_Page -> VideoAnalysis_ButtonActions1 
[ 아이스크림 2023-04-27 목요일 15:09:38 567 ] VideoAnalysis_Page -> VideoCheck_Play1 
[ 아이스크림 2023-04-27 목요일 15:09:44 305 ] VideoAnalysis_Page -> FilterSet 배열의 두 요소를 비교하지 못했습니다.
[ 아이스크림 2023-04-27 목요일 15:09:44 466 ] VideoAnalysis_Page -> FilterSet 배열의 두 요소를 비교하지 못했습니다.
[ 아이스크림 2023-04-27 목요일 15:09:44 615 ] VideoAnalysis_Page -> FilterSet 배열의 두 요소를 비교하지 못했습니다.
[ 아이스크림 2023-04-27 목요일 15:09:44 751 ] VideoAnalysis_Page -> FilterSet 배열의 두 요소를 비교하지 못했습니다.
[ 아이스크림 2023-04-27 목요일 15:09:44 899 ] VideoAnalysis_Page -> FilterSet 배열의 두 요소를 비교하지 못했습니다.
[ 아이스크림 2023-04-27 목요일 15:09:45 074 ] VideoAnalysis_Page -> FilterSet 배열의 두 요소를 비교하지 못했습니다.
[ 아이스크림 2023-04-27 목요일 15:09:45 204 ] VideoAnalysis_Page -> FilterSet 배열의 두 요소를 비교하지 못했습니다.
[ 아이스크림 2023-04-27 목요일 15:09:45 366 ] VideoAnalysis_Page -> FilterSet 배열의 두 요소를 비교하지 못했습니다.
[ 아이스크림 2023-04-27 목요일 15:09:45 513 ] VideoAnalysis_Page -> FilterSet 배열의 두 요소를 비교하지 못했습니다.
[ 아이스크림 2023-04-27 목요일 15:09:45 645 ] VideoAnalysis_Page -> FilterSet 배열의 두 요소를 비교하지 못했습니다.
[ 아이스크림 2023-04-27 목요일 15:09:45 786 ] VideoAnalysis_Page -> FilterSet 배열의 두 요소를 비교하지 못했습니다.
[ 아이스크림 2023-04-27 목요일 15:09:45 950 ] VideoAnalysis_Page -> FilterSet 배열의 두 요소를 비교하지 못했습니다.
[ 아이스크림 2023-04-27 목요일 15:09:46 321 ] VideoAnalysis_Page -> FilterSet 배열의 두 요소를 비교하지 못했습니다.
[ 아이스크림 2023-04-27 목요일 15:09:46 739 ] VideoAnalysis_Page -> FilterSet 배열의 두 요소를 비교하지 못했습니다.
[ 아이스크림 2023-04-27 목요일 15:09:46 910 ] VideoAnalysis_Page -> FilterSet 배열의 두 요소를 비교하지 못했습니다.
[ 아이스크림 2023-04-27 목요일 15:09:47 081 ] VideoAnalysis_Page -> FilterSet 배열의 두 요소를 비교하지 못했습니다.
[ 아이스크림 2023-04-27 목요일 15:09:47 260 ] VideoAnalysis_Page -> FilterSet 배열의 두 요소를 비교하지 못했습니다.
[ 아이스크림 2023-04-27 목요일 15:09:47 387 ] VideoAnalysis_Page -> FilterSet 배열의 두 요소를 비교하지 못했습니다.
[ 아이스크림 2023-04-27 목요일 15:09:47 517 ] VideoAnalysis_Page -> FilterSet 배열의 두 요소를 비교하지 못했습니다.
[ 아이스크림 2023-04-27 목요일 15:09:47 652 ] VideoAnalysis_Page -> FilterSet 배열의 두 요소를 비교하지 못했습니다.
[ 아이스크림 2023-04-27 목요일 15:09:47 661 ] VideoAnalysis_Page -> VideoAnalysis_ButtonActions1 
[ 아이스크림 2023-04-27 목요일 15:09:47 661 ] VideoAnalysis_Page -> VideoCheck_Play1 
[ 아이스크림 2023-04-27 목요일 15:09:54 906 ] VideoAnalysis_Page -> VideoAnalysis_ButtonActions1 
[ 아이스크림 2023-04-27 목요일 15:09:54 907 ] VideoAnalysis_Page -> VideoCheck_Play1 
[ 아이스크림 2023-04-27 목요일 15:10:22 666 ] VideoAnalysis_Page -> FilterSet 배열의 두 요소를 비교하지 못했습니다.
[ 아이스크림 2023-04-27 목요일 15:10:30 312 ] VideoAnalysis_Page -> VideoAnalysis_ButtonActions1 
[ 아이스크림 2023-04-27 목요일 15:10:30 314 ] VideoAnalysis_Page -> VideoCheck_Play1 
[ 아이스크림 2023-04-27 목요일 15:10:38 989 ] VideoAnalysis_Page -> VideoAnalysis_ButtonActions1 
[ 아이스크림 2023-04-27 목요일 15:10:38 989 ] VideoAnalysis_Page -> VideoCheck_Play1 
[ 아이스크림 2023-04-27 목요일 15:10:42 935 ] VideoAnalysis_Page -> VideoAnalysis_ButtonActions1 
[ 아이스크림 2023-04-27 목요일 15:10:42 935 ] VideoAnalysis_Page -> VideoCheck_Play1 
[ 아이스크림 2023-04-27 목요일 15:10:49 701 ] VideoAnalysis_Page -> VideoAnalysis_ButtonActions1 
[ 아이스크림 2023-04-27 목요일 15:10:49 702 ] VideoAnalysis_Page -> VideoCheck_Play1 
[ 아이스크림 2023-04-27 목요일 15:10:51 008 ] VideoAnalysis_Page -> VideoAnalysis_ButtonActions1 
[ 아이스크림 2023-04-27 목요일 15:10:51 008 ] VideoAnalysis_Page -> VideoCheck_Play1 
[ 아이스크림 2023-04-27 목요일 15:10:59 864 ] VideoAnalysis_Page -> VideoAnalysis_ButtonActions1 
[ 아이스크림 2023-04-27 목요일 15:10:59 865 ] VideoAnalysis_Page -> VideoCheck_Play1 
[ 아이스크림 2023-04-27 목요일 15:11:01 765 ] VideoAnalysis_Page -> VideoAnalysis_ButtonActions1 
[ 아이스크림 2023-04-27 목요일 15:11:01 766 ] VideoAnalysis_Page -> VideoCheck_Play1 
[ 아이스크림 2023-04-27 목요일 16:50:53 338 ] Form1 -> Form1_FormClosing 
[ 아이스크림 2023-04-27 목요일 16:50:53 360 ] RealTimeView_Page -> CameraClose 
[ 아이스크림 2023-04-27 목요일 16:50:53 469 ] CameraControl -> Stop 
[ 아이스크림 2023-04-27 목요일 16:50:54 947 ] CameraControl -> Close 
[ 아이스크림 2023-04-27 목요일 16:50:55 123 ] CameraControl -> Stop 
[ 아이스크림 2023-04-27 목요일 16:50:55 416 ] CameraControl -> Close 
[ 아이스크림 2023-04-27 목요일 16:50:55 451 ] CameraControl -> Stop 
[ 아이스크림 2023-04-27 목요일 16:50:55 522 ] CameraControl -> Close 
[ 아이스크림 2023-04-27 목요일 16:50:55 576 ] VideoCheck_Page -> VideoClose 
[ 아이스크림 2023-04-27 목요일 16:50:55 579 ] VideoAnalysis_Page -> VideoClose 
[ 아이스크림 2023-04-27 목요일 16:51:29 285 ] Settings_Page -> XMLSave 
[ 아이스크림 2023-04-27 목요일 16:51:32 366 ] Form1 -> NavigationClick 
[ 아이스크림 2023-04-27 목요일 16:51:32 715 ] VideoAnalysis_Page -> VideoAnalysis_Page_Load 
[ 아이스크림 2023-04-27 목요일 16:51:34 899 ] VideoAnalysis_Page -> VideoAnalysis_ButtonActions1 
[ 아이스크림 2023-04-27 목요일 16:51:35 013 ] VideoAnalysis_Page -> VideoCheck_FileOpen1 
[ 아이스크림 2023-04-27 목요일 16:51:46 330 ] VideoAnalysis_Page -> VideoAnalysis_ButtonActions1 
[ 아이스크림 2023-04-27 목요일 16:51:46 331 ] VideoAnalysis_Page -> VideoCheck_Play1 
[ 아이스크림 2023-04-27 목요일 16:51:47 594 ] VideoAnalysis_Page -> FilterClick 
[ 아이스크림 2023-04-27 목요일 16:57:14 801 ] VideoAnalysis_Page -> VideoAnalysis_ButtonActions1 
[ 아이스크림 2023-04-27 목요일 16:57:14 808 ] VideoAnalysis_Page -> VideoCheck_Play1 
[ 아이스크림 2023-04-27 목요일 16:57:16 156 ] Form1 -> Form1_FormClosing 
[ 아이스크림 2023-04-27 목요일 16:57:16 167 ] RealTimeView_Page -> CameraClose 
[ 아이스크림 2023-04-27 목요일 16:57:16 206 ] CameraControl -> Stop 
[ 아이스크림 2023-04-27 목요일 16:57:17 642 ] CameraControl -> Close 
[ 아이스크림 2023-04-27 목요일 16:57:17 716 ] CameraControl -> Stop 
[ 아이스크림 2023-04-27 목요일 16:57:19 041 ] CameraControl -> Close 
[ 아이스크림 2023-04-27 목요일 16:57:19 087 ] CameraControl -> Stop 
[ 아이스크림 2023-04-27 목요일 16:57:19 423 ] CameraControl -> Close 
[ 아이스크림 2023-04-27 목요일 16:57:19 463 ] VideoCheck_Page -> VideoClose 
[ 아이스크림 2023-04-27 목요일 16:57:19 464 ] VideoAnalysis_Page -> VideoClose 
[ 아이스크림 2023-04-27 목요일 17:03:04 540 ] Settings_Page -> XMLSave 
[ 아이스크림 2023-04-27 목요일 17:03:05 487 ] Form1 -> NavigationClick 
[ 아이스크림 2023-04-27 목요일 17:03:05 759 ] VideoAnalysis_Page -> VideoAnalysis_Page_Load 
[ 아이스크림 2023-04-27 목요일 17:03:07 666 ] VideoAnalysis_Page -> VideoAnalysis_ButtonActions1 
[ 아이스크림 2023-04-27 목요일 17:03:07 685 ] VideoAnalysis_Page -> VideoCheck_FileOpen1 
[ 아이스크림 2023-04-27 목요일 17:03:13 694 ] VideoAnalysis_Page -> VideoAnalysis_ButtonActions1 
[ 아이스크림 2023-04-27 목요일 17:03:13 705 ] VideoAnalysis_Page -> VideoCheck_Play1 
[ 아이스크림 2023-04-27 목요일 17:03:15 138 ] VideoAnalysis_Page -> FilterClick 
[ 아이스크림 2023-04-27 목요일 17:04:27 655 ] VideoAnalysis_Page -> VideoAnalysis_ButtonActions1 
[ 아이스크림 2023-04-27 목요일 17:04:27 656 ] VideoAnalysis_Page -> VideoCheck_Play1 
[ 아이스크림 2023-04-27 목요일 17:04:28 451 ] VideoAnalysis_Page -> VideoAnalysis_ButtonActions1 
[ 아이스크림 2023-04-27 목요일 17:04:28 452 ] VideoAnalysis_Page -> VideoCheck_Play1 
[ 아이스크림 2023-04-27 목요일 17:04:29 145 ] VideoAnalysis_Page -> VideoAnalysis_ButtonActions1 
[ 아이스크림 2023-04-27 목요일 17:04:29 146 ] VideoAnalysis_Page -> VideoCheck_Play1 
[ 아이스크림 2023-04-27 목요일 17:04:44 921 ] VideoAnalysis_Page -> VideoAnalysis_ButtonActions1 
[ 아이스크림 2023-04-27 목요일 17:04:44 922 ] VideoAnalysis_Page -> VideoCheck_Play1 
[ 아이스크림 2023-04-27 목요일 17:05:11 564 ] VideoAnalysis_Page -> VideoAnalysis_ButtonActions1 
[ 아이스크림 2023-04-27 목요일 17:05:11 567 ] VideoAnalysis_Page -> VideoCheck_Play1 
[ 아이스크림 2023-04-27 목요일 17:05:28 349 ] VideoAnalysis_Page -> VideoAnalysis_ButtonActions1 
[ 아이스크림 2023-04-27 목요일 17:05:28 350 ] VideoAnalysis_Page -> VideoCheck_Play1 
[ 아이스크림 2023-04-27 목요일 17:05:32 530 ] VideoAnalysis_Page -> VideoAnalysis_ButtonActions1 
[ 아이스크림 2023-04-27 목요일 17:05:32 530 ] VideoAnalysis_Page -> VideoCheck_Play1 
[ 아이스크림 2023-04-27 목요일 17:05:33 165 ] VideoAnalysis_Page -> VideoAnalysis_ButtonActions1 
[ 아이스크림 2023-04-27 목요일 17:05:33 165 ] VideoAnalysis_Page -> VideoCheck_Play1 
[ 아이스크림 2023-04-27 목요일 17:05:33 471 ] VideoAnalysis_Page -> VideoAnalysis_ButtonActions1 
[ 아이스크림 2023-04-27 목요일 17:05:33 472 ] VideoAnalysis_Page -> VideoCheck_Play1 
[ 아이스크림 2023-04-27 목요일 17:06:08 731 ] VideoAnalysis_Page -> VideoAnalysis_ButtonActions1 
[ 아이스크림 2023-04-27 목요일 17:06:08 732 ] VideoAnalysis_Page -> VideoCheck_Play1 
[ 아이스크림 2023-04-27 목요일 17:06:15 008 ] VideoAnalysis_Page -> VideoAnalysis_ButtonActions1 
[ 아이스크림 2023-04-27 목요일 17:06:15 009 ] VideoAnalysis_Page -> VideoCheck_Play1 
[ 아이스크림 2023-04-27 목요일 17:19:14 496 ] Form1 -> Form1_FormClosing 
[ 아이스크림 2023-04-27 목요일 17:19:14 510 ] RealTimeView_Page -> CameraClose 
[ 아이스크림 2023-04-27 목요일 17:19:14 561 ] CameraControl -> Stop 
[ 아이스크림 2023-04-27 목요일 17:19:16 019 ] CameraControl -> Close 
[ 아이스크림 2023-04-27 목요일 17:19:16 121 ] CameraControl -> Stop 
[ 아이스크림 2023-04-27 목요일 17:19:16 263 ] CameraControl -> Close 
[ 아이스크림 2023-04-27 목요일 17:19:16 305 ] CameraControl -> Stop 
[ 아이스크림 2023-04-27 목요일 17:19:16 693 ] CameraControl -> Close 
[ 아이스크림 2023-04-27 목요일 17:19:16 750 ] VideoCheck_Page -> VideoClose 
[ 아이스크림 2023-04-27 목요일 17:19:16 751 ] VideoAnalysis_Page -> VideoClose 
[ 아이스크림 2023-04-27 목요일 17:19:42 586 ] Settings_Page -> XMLSave 
[ 아이스크림 2023-04-27 목요일 17:19:43 225 ] Form1 -> NavigationClick 
[ 아이스크림 2023-04-27 목요일 17:19:43 573 ] VideoAnalysis_Page -> VideoAnalysis_Page_Load 
[ 아이스크림 2023-04-27 목요일 17:19:45 470 ] VideoAnalysis_Page -> VideoAnalysis_ButtonActions1 
[ 아이스크림 2023-04-27 목요일 17:19:45 498 ] VideoAnalysis_Page -> VideoCheck_FileOpen1 
[ 아이스크림 2023-04-27 목요일 17:19:53 524 ] VideoAnalysis_Page -> FilterClick 
[ 아이스크림 2023-04-27 목요일 17:19:53 928 ] VideoAnalysis_Page -> FilterSet 인덱스가 범위를 벗어났습니다. 인덱스는 음수가 아니어야 하며 컬렉션의 크기보다 작아야 합니다.
매개 변수 이름: index
[ 아이스크림 2023-04-27 목요일 17:19:55 524 ] VideoAnalysis_Page -> VideoAnalysis_ButtonActions1 
[ 아이스크림 2023-04-27 목요일 17:19:55 527 ] VideoAnalysis_Page -> VideoCheck_Play1 
[ 아이스크림 2023-04-27 목요일 17:19:55 634 ] VideoAnalysis_Page -> FilterSet 인덱스가 범위를 벗어났습니다. 인덱스는 음수가 아니어야 하며 컬렉션의 크기보다 작아야 합니다.
매개 변수 이름: index
[ 아이스크림 2023-04-27 목요일 17:19:55 782 ] VideoAnalysis_Page -> FilterSet 인덱스가 범위를 벗어났습니다. 인덱스는 음수가 아니어야 하며 컬렉션의 크기보다 작아야 합니다.
매개 변수 이름: index
[ 아이스크림 2023-04-27 목요일 17:19:55 938 ] VideoAnalysis_Page -> FilterSet 인덱스가 범위를 벗어났습니다. 인덱스는 음수가 아니어야 하며 컬렉션의 크기보다 작아야 합니다.
매개 변수 이름: index
[ 아이스크림 2023-04-27 목요일 17:19:56 205 ] VideoAnalysis_Page -> FilterSet 인덱스가 범위를 벗어났습니다. 인덱스는 음수가 아니어야 하며 컬렉션의 크기보다 작아야 합니다.
매개 변수 이름: index
[ 아이스크림 2023-04-27 목요일 17:19:56 417 ] VideoAnalysis_Page -> FilterSet 인덱스가 범위를 벗어났습니다. 인덱스는 음수가 아니어야 하며 컬렉션의 크기보다 작아야 합니다.
매개 변수 이름: index
[ 아이스크림 2023-04-27 목요일 17:19:56 698 ] VideoAnalysis_Page -> FilterSet 인덱스가 범위를 벗어났습니다. 인덱스는 음수가 아니어야 하며 컬렉션의 크기보다 작아야 합니다.
매개 변수 이름: index
[ 아이스크림 2023-04-27 목요일 17:19:56 916 ] VideoAnalysis_Page -> FilterSet 인덱스가 범위를 벗어났습니다. 인덱스는 음수가 아니어야 하며 컬렉션의 크기보다 작아야 합니다.
매개 변수 이름: index
[ 아이스크림 2023-04-27 목요일 17:19:57 160 ] VideoAnalysis_Page -> FilterSet 인덱스가 범위를 벗어났습니다. 인덱스는 음수가 아니어야 하며 컬렉션의 크기보다 작아야 합니다.
매개 변수 이름: index
[ 아이스크림 2023-04-27 목요일 17:19:57 622 ] VideoAnalysis_Page -> FilterSet 인덱스가 범위를 벗어났습니다. 인덱스는 음수가 아니어야 하며 컬렉션의 크기보다 작아야 합니다.
매개 변수 이름: index
[ 아이스크림 2023-04-27 목요일 17:19:57 977 ] VideoAnalysis_Page -> FilterSet 인덱스가 범위를 벗어났습니다. 인덱스는 음수가 아니어야 하며 컬렉션의 크기보다 작아야 합니다.
매개 변수 이름: index
[ 아이스크림 2023-04-27 목요일 17:19:58 162 ] VideoAnalysis_Page -> FilterSet 인덱스가 범위를 벗어났습니다. 인덱스는 음수가 아니어야 하며 컬렉션의 크기보다 작아야 합니다.
매개 변수 이름: index
[ 아이스크림 2023-04-27 목요일 17:19:58 308 ] VideoAnalysis_Page -> FilterSet 인덱스가 범위를 벗어났습니다. 인덱스는 음수가 아니어야 하며 컬렉션의 크기보다 작아야 합니다.
매개 변수 이름: index
[ 아이스크림 2023-04-27 목요일 17:19:58 433 ] VideoAnalysis_Page -> FilterSet 인덱스가 범위를 벗어났습니다. 인덱스는 음수가 아니어야 하며 컬렉션의 크기보다 작아야 합니다.
매개 변수 이름: index
[ 아이스크림 2023-04-27 목요일 17:19:58 595 ] VideoAnalysis_Page -> FilterSet 인덱스가 범위를 벗어났습니다. 인덱스는 음수가 아니어야 하며 컬렉션의 크기보다 작아야 합니다.
매개 변수 이름: index
[ 아이스크림 2023-04-27 목요일 17:19:58 738 ] VideoAnalysis_Page -> FilterSet 인덱스가 범위를 벗어났습니다. 인덱스는 음수가 아니어야 하며 컬렉션의 크기보다 작아야 합니다.
매개 변수 이름: index
[ 아이스크림 2023-04-27 목요일 17:19:58 899 ] VideoAnalysis_Page -> FilterSet 인덱스가 범위를 벗어났습니다. 인덱스는 음수가 아니어야 하며 컬렉션의 크기보다 작아야 합니다.
매개 변수 이름: index
[ 아이스크림 2023-04-27 목요일 17:19:59 054 ] VideoAnalysis_Page -> FilterSet 인덱스가 범위를 벗어났습니다. 인덱스는 음수가 아니어야 하며 컬렉션의 크기보다 작아야 합니다.
매개 변수 이름: index
[ 아이스크림 2023-04-27 목요일 17:19:59 293 ] VideoAnalysis_Page -> FilterSet 인덱스가 범위를 벗어났습니다. 인덱스는 음수가 아니어야 하며 컬렉션의 크기보다 작아야 합니다.
매개 변수 이름: index
[ 아이스크림 2023-04-27 목요일 17:19:59 637 ] VideoAnalysis_Page -> FilterSet 인덱스가 범위를 벗어났습니다. 인덱스는 음수가 아니어야 하며 컬렉션의 크기보다 작아야 합니다.
매개 변수 이름: index
[ 아이스크림 2023-04-27 목요일 17:19:59 786 ] VideoAnalysis_Page -> FilterSet 인덱스가 범위를 벗어났습니다. 인덱스는 음수가 아니어야 하며 컬렉션의 크기보다 작아야 합니다.
매개 변수 이름: index
[ 아이스크림 2023-04-27 목요일 17:19:59 910 ] VideoAnalysis_Page -> FilterSet 인덱스가 범위를 벗어났습니다. 인덱스는 음수가 아니어야 하며 컬렉션의 크기보다 작아야 합니다.
매개 변수 이름: index
[ 아이스크림 2023-04-27 목요일 17:20:00 089 ] VideoAnalysis_Page -> FilterSet 인덱스가 범위를 벗어났습니다. 인덱스는 음수가 아니어야 하며 컬렉션의 크기보다 작아야 합니다.
매개 변수 이름: index
[ 아이스크림 2023-04-27 목요일 17:20:00 219 ] VideoAnalysis_Page -> FilterSet 인덱스가 범위를 벗어났습니다. 인덱스는 음수가 아니어야 하며 컬렉션의 크기보다 작아야 합니다.
매개 변수 이름: index
[ 아이스크림 2023-04-27 목요일 17:20:00 384 ] VideoAnalysis_Page -> FilterSet 인덱스가 범위를 벗어났습니다. 인덱스는 음수가 아니어야 하며 컬렉션의 크기보다 작아야 합니다.
매개 변수 이름: index
[ 아이스크림 2023-04-27 목요일 17:20:00 508 ] VideoAnalysis_Page -> FilterSet 인덱스가 범위를 벗어났습니다. 인덱스는 음수가 아니어야 하며 컬렉션의 크기보다 작아야 합니다.
매개 변수 이름: index
[ 아이스크림 2023-04-27 목요일 17:20:00 687 ] VideoAnalysis_Page -> FilterSet 인덱스가 범위를 벗어났습니다. 인덱스는 음수가 아니어야 하며 컬렉션의 크기보다 작아야 합니다.
매개 변수 이름: index
[ 아이스크림 2023-04-27 목요일 17:20:00 838 ] VideoAnalysis_Page -> FilterSet 인덱스가 범위를 벗어났습니다. 인덱스는 음수가 아니어야 하며 컬렉션의 크기보다 작아야 합니다.
매개 변수 이름: index
[ 아이스크림 2023-04-27 목요일 17:20:00 969 ] VideoAnalysis_Page -> FilterSet 인덱스가 범위를 벗어났습니다. 인덱스는 음수가 아니어야 하며 컬렉션의 크기보다 작아야 합니다.
매개 변수 이름: index
[ 아이스크림 2023-04-27 목요일 17:20:01 111 ] VideoAnalysis_Page -> FilterSet 인덱스가 범위를 벗어났습니다. 인덱스는 음수가 아니어야 하며 컬렉션의 크기보다 작아야 합니다.
매개 변수 이름: index
[ 아이스크림 2023-04-27 목요일 17:20:01 299 ] VideoAnalysis_Page -> FilterSet 인덱스가 범위를 벗어났습니다. 인덱스는 음수가 아니어야 하며 컬렉션의 크기보다 작아야 합니다.
매개 변수 이름: index
[ 아이스크림 2023-04-27 목요일 17:20:01 434 ] VideoAnalysis_Page -> FilterSet 인덱스가 범위를 벗어났습니다. 인덱스는 음수가 아니어야 하며 컬렉션의 크기보다 작아야 합니다.
매개 변수 이름: index
[ 아이스크림 2023-04-27 목요일 17:20:01 594 ] VideoAnalysis_Page -> FilterSet 인덱스가 범위를 벗어났습니다. 인덱스는 음수가 아니어야 하며 컬렉션의 크기보다 작아야 합니다.
매개 변수 이름: index
[ 아이스크림 2023-04-27 목요일 17:20:01 736 ] VideoAnalysis_Page -> FilterSet 인덱스가 범위를 벗어났습니다. 인덱스는 음수가 아니어야 하며 컬렉션의 크기보다 작아야 합니다.
매개 변수 이름: index
[ 아이스크림 2023-04-27 목요일 17:20:01 886 ] VideoAnalysis_Page -> FilterSet 인덱스가 범위를 벗어났습니다. 인덱스는 음수가 아니어야 하며 컬렉션의 크기보다 작아야 합니다.
매개 변수 이름: index
[ 아이스크림 2023-04-27 목요일 17:20:02 042 ] VideoAnalysis_Page -> FilterSet 인덱스가 범위를 벗어났습니다. 인덱스는 음수가 아니어야 하며 컬렉션의 크기보다 작아야 합니다.
매개 변수 이름: index
[ 아이스크림 2023-04-27 목요일 17:20:02 224 ] VideoAnalysis_Page -> FilterSet 인덱스가 범위를 벗어났습니다. 인덱스는 음수가 아니어야 하며 컬렉션의 크기보다 작아야 합니다.
매개 변수 이름: index
[ 아이스크림 2023-04-27 목요일 17:20:02 347 ] VideoAnalysis_Page -> FilterSet 인덱스가 범위를 벗어났습니다. 인덱스는 음수가 아니어야 하며 컬렉션의 크기보다 작아야 합니다.
매개 변수 이름: index
[ 아이스크림 2023-04-27 목요일 17:20:02 488 ] VideoAnalysis_Page -> FilterSet 인덱스가 범위를 벗어났습니다. 인덱스는 음수가 아니어야 하며 컬렉션의 크기보다 작아야 합니다.
매개 변수 이름: index
[ 아이스크림 2023-04-27 목요일 17:20:02 639 ] VideoAnalysis_Page -> FilterSet 인덱스가 범위를 벗어났습니다. 인덱스는 음수가 아니어야 하며 컬렉션의 크기보다 작아야 합니다.
매개 변수 이름: index
[ 아이스크림 2023-04-27 목요일 17:20:02 799 ] VideoAnalysis_Page -> FilterSet 인덱스가 범위를 벗어났습니다. 인덱스는 음수가 아니어야 하며 컬렉션의 크기보다 작아야 합니다.
매개 변수 이름: index
[ 아이스크림 2023-04-27 목요일 17:20:02 956 ] VideoAnalysis_Page -> FilterSet 인덱스가 범위를 벗어났습니다. 인덱스는 음수가 아니어야 하며 컬렉션의 크기보다 작아야 합니다.
매개 변수 이름: index
[ 아이스크림 2023-04-27 목요일 17:20:03 113 ] VideoAnalysis_Page -> FilterSet 인덱스가 범위를 벗어났습니다. 인덱스는 음수가 아니어야 하며 컬렉션의 크기보다 작아야 합니다.
매개 변수 이름: index
[ 아이스크림 2023-04-27 목요일 17:20:03 259 ] VideoAnalysis_Page -> FilterSet 인덱스가 범위를 벗어났습니다. 인덱스는 음수가 아니어야 하며 컬렉션의 크기보다 작아야 합니다.
매개 변수 이름: index
[ 아이스크림 2023-04-27 목요일 17:20:03 407 ] VideoAnalysis_Page -> FilterSet 인덱스가 범위를 벗어났습니다. 인덱스는 음수가 아니어야 하며 컬렉션의 크기보다 작아야 합니다.
매개 변수 이름: index
[ 아이스크림 2023-04-27 목요일 17:20:03 536 ] VideoAnalysis_Page -> FilterSet 인덱스가 범위를 벗어났습니다. 인덱스는 음수가 아니어야 하며 컬렉션의 크기보다 작아야 합니다.
매개 변수 이름: index
[ 아이스크림 2023-04-27 목요일 17:20:03 685 ] VideoAnalysis_Page -> FilterSet 인덱스가 범위를 벗어났습니다. 인덱스는 음수가 아니어야 하며 컬렉션의 크기보다 작아야 합니다.
매개 변수 이름: index
[ 아이스크림 2023-04-27 목요일 17:20:03 854 ] VideoAnalysis_Page -> FilterSet 인덱스가 범위를 벗어났습니다. 인덱스는 음수가 아니어야 하며 컬렉션의 크기보다 작아야 합니다.
매개 변수 이름: index
[ 아이스크림 2023-04-27 목요일 17:20:03 998 ] VideoAnalysis_Page -> FilterSet 인덱스가 범위를 벗어났습니다. 인덱스는 음수가 아니어야 하며 컬렉션의 크기보다 작아야 합니다.
매개 변수 이름: index
[ 아이스크림 2023-04-27 목요일 17:20:04 156 ] VideoAnalysis_Page -> FilterSet 인덱스가 범위를 벗어났습니다. 인덱스는 음수가 아니어야 하며 컬렉션의 크기보다 작아야 합니다.
매개 변수 이름: index
[ 아이스크림 2023-04-27 목요일 17:20:04 296 ] VideoAnalysis_Page -> FilterSet 인덱스가 범위를 벗어났습니다. 인덱스는 음수가 아니어야 하며 컬렉션의 크기보다 작아야 합니다.
매개 변수 이름: index
[ 아이스크림 2023-04-27 목요일 17:20:04 383 ] VideoAnalysis_Page -> VideoAnalysis_ButtonActions1 
[ 아이스크림 2023-04-27 목요일 17:20:04 383 ] VideoAnalysis_Page -> VideoCheck_Play1 
[ 아이스크림 2023-04-27 목요일 17:20:04 464 ] VideoAnalysis_Page -> FilterSet 인덱스가 범위를 벗어났습니다. 인덱스는 음수가 아니어야 하며 컬렉션의 크기보다 작아야 합니다.
매개 변수 이름: index
[ 아이스크림 2023-04-27 목요일 17:20:25 414 ] VideoAnalysis_Page -> VideoAnalysis_ButtonActions1 
[ 아이스크림 2023-04-27 목요일 17:20:25 415 ] VideoAnalysis_Page -> VideoCheck_Play1 
[ 아이스크림 2023-04-27 목요일 17:21:33 381 ] VideoAnalysis_Page -> FilterSet 인덱스가 범위를 벗어났습니다. 인덱스는 음수가 아니어야 하며 컬렉션의 크기보다 작아야 합니다.
매개 변수 이름: index
[ 아이스크림 2023-04-27 목요일 17:21:33 509 ] VideoAnalysis_Page -> FilterSet 인덱스가 범위를 벗어났습니다. 인덱스는 음수가 아니어야 하며 컬렉션의 크기보다 작아야 합니다.
매개 변수 이름: index
[ 아이스크림 2023-04-27 목요일 17:21:33 620 ] VideoAnalysis_Page -> FilterSet 인덱스가 범위를 벗어났습니다. 인덱스는 음수가 아니어야 하며 컬렉션의 크기보다 작아야 합니다.
매개 변수 이름: index
[ 아이스크림 2023-04-27 목요일 17:21:33 771 ] VideoAnalysis_Page -> FilterSet 인덱스가 범위를 벗어났습니다. 인덱스는 음수가 아니어야 하며 컬렉션의 크기보다 작아야 합니다.
매개 변수 이름: index
[ 아이스크림 2023-04-27 목요일 17:21:34 080 ] VideoAnalysis_Page -> FilterSet 인덱스가 범위를 벗어났습니다. 인덱스는 음수가 아니어야 하며 컬렉션의 크기보다 작아야 합니다.
매개 변수 이름: index
[ 아이스크림 2023-04-27 목요일 17:21:34 196 ] VideoAnalysis_Page -> FilterSet 인덱스가 범위를 벗어났습니다. 인덱스는 음수가 아니어야 하며 컬렉션의 크기보다 작아야 합니다.
매개 변수 이름: index
[ 아이스크림 2023-04-27 목요일 17:21:34 333 ] VideoAnalysis_Page -> FilterSet 인덱스가 범위를 벗어났습니다. 인덱스는 음수가 아니어야 하며 컬렉션의 크기보다 작아야 합니다.
매개 변수 이름: index
[ 아이스크림 2023-04-27 목요일 17:21:34 515 ] VideoAnalysis_Page -> FilterSet 인덱스가 범위를 벗어났습니다. 인덱스는 음수가 아니어야 하며 컬렉션의 크기보다 작아야 합니다.
매개 변수 이름: index
[ 아이스크림 2023-04-27 목요일 17:21:34 649 ] VideoAnalysis_Page -> FilterSet 인덱스가 범위를 벗어났습니다. 인덱스는 음수가 아니어야 하며 컬렉션의 크기보다 작아야 합니다.
매개 변수 이름: index
[ 아이스크림 2023-04-27 목요일 17:21:34 790 ] VideoAnalysis_Page -> FilterSet 인덱스가 범위를 벗어났습니다. 인덱스는 음수가 아니어야 하며 컬렉션의 크기보다 작아야 합니다.
매개 변수 이름: index
[ 아이스크림 2023-04-27 목요일 17:21:34 950 ] VideoAnalysis_Page -> FilterSet 인덱스가 범위를 벗어났습니다. 인덱스는 음수가 아니어야 하며 컬렉션의 크기보다 작아야 합니다.
매개 변수 이름: index
[ 아이스크림 2023-04-27 목요일 17:21:35 100 ] VideoAnalysis_Page -> FilterSet 인덱스가 범위를 벗어났습니다. 인덱스는 음수가 아니어야 하며 컬렉션의 크기보다 작아야 합니다.
매개 변수 이름: index
[ 아이스크림 2023-04-27 목요일 17:21:35 247 ] VideoAnalysis_Page -> FilterSet 인덱스가 범위를 벗어났습니다. 인덱스는 음수가 아니어야 하며 컬렉션의 크기보다 작아야 합니다.
매개 변수 이름: index
[ 아이스크림 2023-04-27 목요일 17:21:35 432 ] VideoAnalysis_Page -> FilterSet 인덱스가 범위를 벗어났습니다. 인덱스는 음수가 아니어야 하며 컬렉션의 크기보다 작아야 합니다.
매개 변수 이름: index
[ 아이스크림 2023-04-27 목요일 17:21:35 576 ] VideoAnalysis_Page -> FilterSet 인덱스가 범위를 벗어났습니다. 인덱스는 음수가 아니어야 하며 컬렉션의 크기보다 작아야 합니다.
매개 변수 이름: index
[ 아이스크림 2023-04-27 목요일 17:21:35 719 ] VideoAnalysis_Page -> FilterSet 인덱스가 범위를 벗어났습니다. 인덱스는 음수가 아니어야 하며 컬렉션의 크기보다 작아야 합니다.
매개 변수 이름: index
[ 아이스크림 2023-04-27 목요일 17:21:35 869 ] VideoAnalysis_Page -> FilterSet 인덱스가 범위를 벗어났습니다. 인덱스는 음수가 아니어야 하며 컬렉션의 크기보다 작아야 합니다.
매개 변수 이름: index
[ 아이스크림 2023-04-27 목요일 17:21:36 029 ] VideoAnalysis_Page -> FilterSet 인덱스가 범위를 벗어났습니다. 인덱스는 음수가 아니어야 하며 컬렉션의 크기보다 작아야 합니다.
매개 변수 이름: index
[ 아이스크림 2023-04-27 목요일 17:21:36 170 ] VideoAnalysis_Page -> FilterSet 인덱스가 범위를 벗어났습니다. 인덱스는 음수가 아니어야 하며 컬렉션의 크기보다 작아야 합니다.
매개 변수 이름: index
[ 아이스크림 2023-04-27 목요일 17:21:36 312 ] VideoAnalysis_Page -> FilterSet 인덱스가 범위를 벗어났습니다. 인덱스는 음수가 아니어야 하며 컬렉션의 크기보다 작아야 합니다.
매개 변수 이름: index
[ 아이스크림 2023-04-27 목요일 17:21:36 455 ] VideoAnalysis_Page -> FilterSet 인덱스가 범위를 벗어났습니다. 인덱스는 음수가 아니어야 하며 컬렉션의 크기보다 작아야 합니다.
매개 변수 이름: index
[ 아이스크림 2023-04-27 목요일 17:21:36 613 ] VideoAnalysis_Page -> FilterSet 인덱스가 범위를 벗어났습니다. 인덱스는 음수가 아니어야 하며 컬렉션의 크기보다 작아야 합니다.
매개 변수 이름: index
[ 아이스크림 2023-04-27 목요일 17:21:36 761 ] VideoAnalysis_Page -> FilterSet 인덱스가 범위를 벗어났습니다. 인덱스는 음수가 아니어야 하며 컬렉션의 크기보다 작아야 합니다.
매개 변수 이름: index
[ 아이스크림 2023-04-27 목요일 17:21:36 920 ] VideoAnalysis_Page -> FilterSet 인덱스가 범위를 벗어났습니다. 인덱스는 음수가 아니어야 하며 컬렉션의 크기보다 작아야 합니다.
매개 변수 이름: index
[ 아이스크림 2023-04-27 목요일 17:21:37 076 ] VideoAnalysis_Page -> FilterSet 인덱스가 범위를 벗어났습니다. 인덱스는 음수가 아니어야 하며 컬렉션의 크기보다 작아야 합니다.
매개 변수 이름: index
[ 아이스크림 2023-04-27 목요일 17:21:37 223 ] VideoAnalysis_Page -> FilterSet 인덱스가 범위를 벗어났습니다. 인덱스는 음수가 아니어야 하며 컬렉션의 크기보다 작아야 합니다.
매개 변수 이름: index
[ 아이스크림 2023-04-27 목요일 17:21:37 359 ] VideoAnalysis_Page -> FilterSet 인덱스가 범위를 벗어났습니다. 인덱스는 음수가 아니어야 하며 컬렉션의 크기보다 작아야 합니다.
매개 변수 이름: index
[ 아이스크림 2023-04-27 목요일 17:21:37 510 ] VideoAnalysis_Page -> FilterSet 인덱스가 범위를 벗어났습니다. 인덱스는 음수가 아니어야 하며 컬렉션의 크기보다 작아야 합니다.
매개 변수 이름: index
[ 아이스크림 2023-04-27 목요일 17:21:37 664 ] VideoAnalysis_Page -> FilterSet 인덱스가 범위를 벗어났습니다. 인덱스는 음수가 아니어야 하며 컬렉션의 크기보다 작아야 합니다.
매개 변수 이름: index
[ 아이스크림 2023-04-27 목요일 17:21:37 810 ] VideoAnalysis_Page -> FilterSet 인덱스가 범위를 벗어났습니다. 인덱스는 음수가 아니어야 하며 컬렉션의 크기보다 작아야 합니다.
매개 변수 이름: index
[ 아이스크림 2023-04-27 목요일 17:21:37 973 ] VideoAnalysis_Page -> FilterSet 인덱스가 범위를 벗어났습니다. 인덱스는 음수가 아니어야 하며 컬렉션의 크기보다 작아야 합니다.
매개 변수 이름: index
[ 아이스크림 2023-04-27 목요일 17:21:38 132 ] VideoAnalysis_Page -> FilterSet 인덱스가 범위를 벗어났습니다. 인덱스는 음수가 아니어야 하며 컬렉션의 크기보다 작아야 합니다.
매개 변수 이름: index
[ 아이스크림 2023-04-27 목요일 17:21:38 265 ] VideoAnalysis_Page -> FilterSet 인덱스가 범위를 벗어났습니다. 인덱스는 음수가 아니어야 하며 컬렉션의 크기보다 작아야 합니다.
매개 변수 이름: index
[ 아이스크림 2023-04-27 목요일 17:21:38 418 ] VideoAnalysis_Page -> FilterSet 인덱스가 범위를 벗어났습니다. 인덱스는 음수가 아니어야 하며 컬렉션의 크기보다 작아야 합니다.
매개 변수 이름: index
[ 아이스크림 2023-04-27 목요일 17:21:38 576 ] VideoAnalysis_Page -> FilterSet 인덱스가 범위를 벗어났습니다. 인덱스는 음수가 아니어야 하며 컬렉션의 크기보다 작아야 합니다.
매개 변수 이름: index
[ 아이스크림 2023-04-27 목요일 17:21:38 739 ] VideoAnalysis_Page -> FilterSet 인덱스가 범위를 벗어났습니다. 인덱스는 음수가 아니어야 하며 컬렉션의 크기보다 작아야 합니다.
매개 변수 이름: index
[ 아이스크림 2023-04-27 목요일 17:21:38 874 ] VideoAnalysis_Page -> FilterSet 인덱스가 범위를 벗어났습니다. 인덱스는 음수가 아니어야 하며 컬렉션의 크기보다 작아야 합니다.
매개 변수 이름: index
[ 아이스크림 2023-04-27 목요일 17:21:39 039 ] VideoAnalysis_Page -> FilterSet 인덱스가 범위를 벗어났습니다. 인덱스는 음수가 아니어야 하며 컬렉션의 크기보다 작아야 합니다.
매개 변수 이름: index
[ 아이스크림 2023-04-27 목요일 17:21:39 196 ] VideoAnalysis_Page -> FilterSet 인덱스가 범위를 벗어났습니다. 인덱스는 음수가 아니어야 하며 컬렉션의 크기보다 작아야 합니다.
매개 변수 이름: index
[ 아이스크림 2023-04-27 목요일 17:21:39 337 ] VideoAnalysis_Page -> FilterSet 인덱스가 범위를 벗어났습니다. 인덱스는 음수가 아니어야 하며 컬렉션의 크기보다 작아야 합니다.
매개 변수 이름: index
[ 아이스크림 2023-04-27 목요일 17:21:39 494 ] VideoAnalysis_Page -> FilterSet 인덱스가 범위를 벗어났습니다. 인덱스는 음수가 아니어야 하며 컬렉션의 크기보다 작아야 합니다.
매개 변수 이름: index
[ 아이스크림 2023-04-27 목요일 17:21:39 649 ] VideoAnalysis_Page -> FilterSet 인덱스가 범위를 벗어났습니다. 인덱스는 음수가 아니어야 하며 컬렉션의 크기보다 작아야 합니다.
매개 변수 이름: index
[ 아이스크림 2023-04-27 목요일 17:21:39 804 ] VideoAnalysis_Page -> FilterSet 인덱스가 범위를 벗어났습니다. 인덱스는 음수가 아니어야 하며 컬렉션의 크기보다 작아야 합니다.
매개 변수 이름: index
[ 아이스크림 2023-04-27 목요일 17:21:39 813 ] VideoAnalysis_Page -> VideoAnalysis_ButtonActions1 
[ 아이스크림 2023-04-27 목요일 17:21:39 814 ] VideoAnalysis_Page -> VideoCheck_Play1 
[ 아이스크림 2023-04-27 목요일 17:22:07 778 ] VideoAnalysis_Page -> VideoAnalysis_ButtonActions1 
[ 아이스크림 2023-04-27 목요일 17:22:07 779 ] VideoAnalysis_Page -> VideoCheck_Play1 
[ 아이스크림 2023-04-27 목요일 17:22:16 398 ] VideoAnalysis_Page -> FilterSet 인덱스가 범위를 벗어났습니다. 인덱스는 음수가 아니어야 하며 컬렉션의 크기보다 작아야 합니다.
매개 변수 이름: index
[ 아이스크림 2023-04-27 목요일 17:22:16 520 ] VideoAnalysis_Page -> FilterSet 인덱스가 범위를 벗어났습니다. 인덱스는 음수가 아니어야 하며 컬렉션의 크기보다 작아야 합니다.
매개 변수 이름: index
[ 아이스크림 2023-04-27 목요일 17:22:16 643 ] VideoAnalysis_Page -> FilterSet 인덱스가 범위를 벗어났습니다. 인덱스는 음수가 아니어야 하며 컬렉션의 크기보다 작아야 합니다.
매개 변수 이름: index
[ 아이스크림 2023-04-27 목요일 17:22:16 795 ] VideoAnalysis_Page -> FilterSet 인덱스가 범위를 벗어났습니다. 인덱스는 음수가 아니어야 하며 컬렉션의 크기보다 작아야 합니다.
매개 변수 이름: index
[ 아이스크림 2023-04-27 목요일 17:22:16 941 ] VideoAnalysis_Page -> FilterSet 인덱스가 범위를 벗어났습니다. 인덱스는 음수가 아니어야 하며 컬렉션의 크기보다 작아야 합니다.
매개 변수 이름: index
[ 아이스크림 2023-04-27 목요일 17:22:17 087 ] VideoAnalysis_Page -> FilterSet 인덱스가 범위를 벗어났습니다. 인덱스는 음수가 아니어야 하며 컬렉션의 크기보다 작아야 합니다.
매개 변수 이름: index
[ 아이스크림 2023-04-27 목요일 17:22:17 309 ] VideoAnalysis_Page -> FilterSet 인덱스가 범위를 벗어났습니다. 인덱스는 음수가 아니어야 하며 컬렉션의 크기보다 작아야 합니다.
매개 변수 이름: index
[ 아이스크림 2023-04-27 목요일 17:22:17 522 ] VideoAnalysis_Page -> FilterSet 인덱스가 범위를 벗어났습니다. 인덱스는 음수가 아니어야 하며 컬렉션의 크기보다 작아야 합니다.
매개 변수 이름: index
[ 아이스크림 2023-04-27 목요일 17:22:17 673 ] VideoAnalysis_Page -> FilterSet 인덱스가 범위를 벗어났습니다. 인덱스는 음수가 아니어야 하며 컬렉션의 크기보다 작아야 합니다.
매개 변수 이름: index
[ 아이스크림 2023-04-27 목요일 17:22:17 857 ] VideoAnalysis_Page -> FilterSet 인덱스가 범위를 벗어났습니다. 인덱스는 음수가 아니어야 하며 컬렉션의 크기보다 작아야 합니다.
매개 변수 이름: index
[ 아이스크림 2023-04-27 목요일 17:22:17 984 ] VideoAnalysis_Page -> FilterSet 인덱스가 범위를 벗어났습니다. 인덱스는 음수가 아니어야 하며 컬렉션의 크기보다 작아야 합니다.
매개 변수 이름: index
[ 아이스크림 2023-04-27 목요일 17:22:18 098 ] VideoAnalysis_Page -> FilterSet 인덱스가 범위를 벗어났습니다. 인덱스는 음수가 아니어야 하며 컬렉션의 크기보다 작아야 합니다.
매개 변수 이름: index
[ 아이스크림 2023-04-27 목요일 17:22:18 264 ] VideoAnalysis_Page -> FilterSet 인덱스가 범위를 벗어났습니다. 인덱스는 음수가 아니어야 하며 컬렉션의 크기보다 작아야 합니다.
매개 변수 이름: index
[ 아이스크림 2023-04-27 목요일 17:22:18 422 ] VideoAnalysis_Page -> FilterSet 인덱스가 범위를 벗어났습니다. 인덱스는 음수가 아니어야 하며 컬렉션의 크기보다 작아야 합니다.
매개 변수 이름: index
[ 아이스크림 2023-04-27 목요일 17:22:18 543 ] VideoAnalysis_Page -> FilterSet 인덱스가 범위를 벗어났습니다. 인덱스는 음수가 아니어야 하며 컬렉션의 크기보다 작아야 합니다.
매개 변수 이름: index
[ 아이스크림 2023-04-27 목요일 17:22:18 702 ] VideoAnalysis_Page -> FilterSet 인덱스가 범위를 벗어났습니다. 인덱스는 음수가 아니어야 하며 컬렉션의 크기보다 작아야 합니다.
매개 변수 이름: index
[ 아이스크림 2023-04-27 목요일 17:22:18 855 ] VideoAnalysis_Page -> FilterSet 인덱스가 범위를 벗어났습니다. 인덱스는 음수가 아니어야 하며 컬렉션의 크기보다 작아야 합니다.
매개 변수 이름: index
[ 아이스크림 2023-04-27 목요일 17:22:19 000 ] VideoAnalysis_Page -> FilterSet 인덱스가 범위를 벗어났습니다. 인덱스는 음수가 아니어야 하며 컬렉션의 크기보다 작아야 합니다.
매개 변수 이름: index
[ 아이스크림 2023-04-27 목요일 17:22:19 163 ] VideoAnalysis_Page -> FilterSet 인덱스가 범위를 벗어났습니다. 인덱스는 음수가 아니어야 하며 컬렉션의 크기보다 작아야 합니다.
매개 변수 이름: index
[ 아이스크림 2023-04-27 목요일 17:22:19 324 ] VideoAnalysis_Page -> FilterSet 인덱스가 범위를 벗어났습니다. 인덱스는 음수가 아니어야 하며 컬렉션의 크기보다 작아야 합니다.
매개 변수 이름: index
[ 아이스크림 2023-04-27 목요일 17:22:19 472 ] VideoAnalysis_Page -> FilterSet 인덱스가 범위를 벗어났습니다. 인덱스는 음수가 아니어야 하며 컬렉션의 크기보다 작아야 합니다.
매개 변수 이름: index
[ 아이스크림 2023-04-27 목요일 17:22:19 615 ] VideoAnalysis_Page -> FilterSet 인덱스가 범위를 벗어났습니다. 인덱스는 음수가 아니어야 하며 컬렉션의 크기보다 작아야 합니다.
매개 변수 이름: index
[ 아이스크림 2023-04-27 목요일 17:22:19 759 ] VideoAnalysis_Page -> FilterSet 인덱스가 범위를 벗어났습니다. 인덱스는 음수가 아니어야 하며 컬렉션의 크기보다 작아야 합니다.
매개 변수 이름: index
[ 아이스크림 2023-04-27 목요일 17:22:19 928 ] VideoAnalysis_Page -> FilterSet 인덱스가 범위를 벗어났습니다. 인덱스는 음수가 아니어야 하며 컬렉션의 크기보다 작아야 합니다.
매개 변수 이름: index
[ 아이스크림 2023-04-27 목요일 17:22:20 084 ] VideoAnalysis_Page -> FilterSet 인덱스가 범위를 벗어났습니다. 인덱스는 음수가 아니어야 하며 컬렉션의 크기보다 작아야 합니다.
매개 변수 이름: index
[ 아이스크림 2023-04-27 목요일 17:22:20 230 ] VideoAnalysis_Page -> FilterSet 인덱스가 범위를 벗어났습니다. 인덱스는 음수가 아니어야 하며 컬렉션의 크기보다 작아야 합니다.
매개 변수 이름: index
[ 아이스크림 2023-04-27 목요일 17:22:20 377 ] VideoAnalysis_Page -> FilterSet 인덱스가 범위를 벗어났습니다. 인덱스는 음수가 아니어야 하며 컬렉션의 크기보다 작아야 합니다.
매개 변수 이름: index
[ 아이스크림 2023-04-27 목요일 17:22:20 532 ] VideoAnalysis_Page -> FilterSet 인덱스가 범위를 벗어났습니다. 인덱스는 음수가 아니어야 하며 컬렉션의 크기보다 작아야 합니다.
매개 변수 이름: index
[ 아이스크림 2023-04-27 목요일 17:22:20 683 ] VideoAnalysis_Page -> FilterSet 인덱스가 범위를 벗어났습니다. 인덱스는 음수가 아니어야 하며 컬렉션의 크기보다 작아야 합니다.
매개 변수 이름: index
[ 아이스크림 2023-04-27 목요일 17:22:20 831 ] VideoAnalysis_Page -> FilterSet 인덱스가 범위를 벗어났습니다. 인덱스는 음수가 아니어야 하며 컬렉션의 크기보다 작아야 합니다.
매개 변수 이름: index
[ 아이스크림 2023-04-27 목요일 17:22:21 015 ] VideoAnalysis_Page -> FilterSet 인덱스가 범위를 벗어났습니다. 인덱스는 음수가 아니어야 하며 컬렉션의 크기보다 작아야 합니다.
매개 변수 이름: index
[ 아이스크림 2023-04-27 목요일 17:22:21 141 ] VideoAnalysis_Page -> FilterSet 인덱스가 범위를 벗어났습니다. 인덱스는 음수가 아니어야 하며 컬렉션의 크기보다 작아야 합니다.
매개 변수 이름: index
[ 아이스크림 2023-04-27 목요일 17:22:21 376 ] VideoAnalysis_Page -> FilterSet 인덱스가 범위를 벗어났습니다. 인덱스는 음수가 아니어야 하며 컬렉션의 크기보다 작아야 합니다.
매개 변수 이름: index
[ 아이스크림 2023-04-27 목요일 17:23:35 382 ] VideoAnalysis_Page -> FilterSet 인덱스가 범위를 벗어났습니다. 인덱스는 음수가 아니어야 하며 컬렉션의 크기보다 작아야 합니다.
매개 변수 이름: index
[ 아이스크림 2023-04-27 목요일 17:23:35 526 ] VideoAnalysis_Page -> FilterSet 인덱스가 범위를 벗어났습니다. 인덱스는 음수가 아니어야 하며 컬렉션의 크기보다 작아야 합니다.
매개 변수 이름: index
[ 아이스크림 2023-04-27 목요일 17:23:35 663 ] VideoAnalysis_Page -> FilterSet 인덱스가 범위를 벗어났습니다. 인덱스는 음수가 아니어야 하며 컬렉션의 크기보다 작아야 합니다.
매개 변수 이름: index
[ 아이스크림 2023-04-27 목요일 17:23:35 829 ] VideoAnalysis_Page -> FilterSet 인덱스가 범위를 벗어났습니다. 인덱스는 음수가 아니어야 하며 컬렉션의 크기보다 작아야 합니다.
매개 변수 이름: index
[ 아이스크림 2023-04-27 목요일 17:23:35 979 ] VideoAnalysis_Page -> FilterSet 인덱스가 범위를 벗어났습니다. 인덱스는 음수가 아니어야 하며 컬렉션의 크기보다 작아야 합니다.
매개 변수 이름: index
[ 아이스크림 2023-04-27 목요일 17:23:36 140 ] VideoAnalysis_Page -> FilterSet 인덱스가 범위를 벗어났습니다. 인덱스는 음수가 아니어야 하며 컬렉션의 크기보다 작아야 합니다.
매개 변수 이름: index
[ 아이스크림 2023-04-27 목요일 17:23:36 294 ] VideoAnalysis_Page -> FilterSet 인덱스가 범위를 벗어났습니다. 인덱스는 음수가 아니어야 하며 컬렉션의 크기보다 작아야 합니다.
매개 변수 이름: index
[ 아이스크림 2023-04-27 목요일 17:23:36 577 ] VideoAnalysis_Page -> FilterSet 인덱스가 범위를 벗어났습니다. 인덱스는 음수가 아니어야 하며 컬렉션의 크기보다 작아야 합니다.
매개 변수 이름: index
[ 아이스크림 2023-04-27 목요일 17:23:36 743 ] VideoAnalysis_Page -> FilterSet 인덱스가 범위를 벗어났습니다. 인덱스는 음수가 아니어야 하며 컬렉션의 크기보다 작아야 합니다.
매개 변수 이름: index
[ 아이스크림 2023-04-27 목요일 17:23:36 893 ] VideoAnalysis_Page -> FilterSet 인덱스가 범위를 벗어났습니다. 인덱스는 음수가 아니어야 하며 컬렉션의 크기보다 작아야 합니다.
매개 변수 이름: index
[ 아이스크림 2023-04-27 목요일 17:23:37 064 ] VideoAnalysis_Page -> FilterSet 인덱스가 범위를 벗어났습니다. 인덱스는 음수가 아니어야 하며 컬렉션의 크기보다 작아야 합니다.
매개 변수 이름: index
[ 아이스크림 2023-04-27 목요일 17:23:37 219 ] VideoAnalysis_Page -> FilterSet 인덱스가 범위를 벗어났습니다. 인덱스는 음수가 아니어야 하며 컬렉션의 크기보다 작아야 합니다.
매개 변수 이름: index
[ 아이스크림 2023-04-27 목요일 17:23:37 368 ] VideoAnalysis_Page -> FilterSet 인덱스가 범위를 벗어났습니다. 인덱스는 음수가 아니어야 하며 컬렉션의 크기보다 작아야 합니다.
매개 변수 이름: index
[ 아이스크림 2023-04-27 목요일 17:23:37 513 ] VideoAnalysis_Page -> FilterSet 인덱스가 범위를 벗어났습니다. 인덱스는 음수가 아니어야 하며 컬렉션의 크기보다 작아야 합니다.
매개 변수 이름: index
[ 아이스크림 2023-04-27 목요일 17:23:37 651 ] VideoAnalysis_Page -> FilterSet 인덱스가 범위를 벗어났습니다. 인덱스는 음수가 아니어야 하며 컬렉션의 크기보다 작아야 합니다.
매개 변수 이름: index
[ 아이스크림 2023-04-27 목요일 17:23:37 820 ] VideoAnalysis_Page -> FilterSet 인덱스가 범위를 벗어났습니다. 인덱스는 음수가 아니어야 하며 컬렉션의 크기보다 작아야 합니다.
매개 변수 이름: index
[ 아이스크림 2023-04-27 목요일 17:23:37 962 ] VideoAnalysis_Page -> FilterSet 인덱스가 범위를 벗어났습니다. 인덱스는 음수가 아니어야 하며 컬렉션의 크기보다 작아야 합니다.
매개 변수 이름: index
[ 아이스크림 2023-04-27 목요일 17:23:37 972 ] VideoAnalysis_Page -> VideoAnalysis_ButtonActions1 
[ 아이스크림 2023-04-27 목요일 17:23:37 973 ] VideoAnalysis_Page -> VideoCheck_Play1 
[ 아이스크림 2023-04-27 목요일 17:24:25 446 ] VideoAnalysis_Page -> VideoAnalysis_ButtonActions1 
[ 아이스크림 2023-04-27 목요일 17:24:25 446 ] VideoAnalysis_Page -> VideoCheck_Play1 
[ 아이스크림 2023-04-27 목요일 17:24:27 952 ] VideoAnalysis_Page -> FilterSet 인덱스가 범위를 벗어났습니다. 인덱스는 음수가 아니어야 하며 컬렉션의 크기보다 작아야 합니다.
매개 변수 이름: index
[ 아이스크림 2023-04-27 목요일 17:24:28 104 ] VideoAnalysis_Page -> FilterSet 인덱스가 범위를 벗어났습니다. 인덱스는 음수가 아니어야 하며 컬렉션의 크기보다 작아야 합니다.
매개 변수 이름: index
[ 아이스크림 2023-04-27 목요일 17:24:28 247 ] VideoAnalysis_Page -> FilterSet 인덱스가 범위를 벗어났습니다. 인덱스는 음수가 아니어야 하며 컬렉션의 크기보다 작아야 합니다.
매개 변수 이름: index
[ 아이스크림 2023-04-27 목요일 17:24:28 379 ] VideoAnalysis_Page -> FilterSet 인덱스가 범위를 벗어났습니다. 인덱스는 음수가 아니어야 하며 컬렉션의 크기보다 작아야 합니다.
매개 변수 이름: index
[ 아이스크림 2023-04-27 목요일 17:24:28 552 ] VideoAnalysis_Page -> FilterSet 인덱스가 범위를 벗어났습니다. 인덱스는 음수가 아니어야 하며 컬렉션의 크기보다 작아야 합니다.
매개 변수 이름: index
[ 아이스크림 2023-04-27 목요일 17:24:28 696 ] VideoAnalysis_Page -> FilterSet 인덱스가 범위를 벗어났습니다. 인덱스는 음수가 아니어야 하며 컬렉션의 크기보다 작아야 합니다.
매개 변수 이름: index
[ 아이스크림 2023-04-27 목요일 17:24:28 848 ] VideoAnalysis_Page -> FilterSet 인덱스가 범위를 벗어났습니다. 인덱스는 음수가 아니어야 하며 컬렉션의 크기보다 작아야 합니다.
매개 변수 이름: index
[ 아이스크림 2023-04-27 목요일 17:24:29 017 ] VideoAnalysis_Page -> FilterSet 인덱스가 범위를 벗어났습니다. 인덱스는 음수가 아니어야 하며 컬렉션의 크기보다 작아야 합니다.
매개 변수 이름: index
[ 아이스크림 2023-04-27 목요일 17:24:29 190 ] VideoAnalysis_Page -> FilterSet 인덱스가 범위를 벗어났습니다. 인덱스는 음수가 아니어야 하며 컬렉션의 크기보다 작아야 합니다.
매개 변수 이름: index
[ 아이스크림 2023-04-27 목요일 17:24:29 352 ] VideoAnalysis_Page -> FilterSet 인덱스가 범위를 벗어났습니다. 인덱스는 음수가 아니어야 하며 컬렉션의 크기보다 작아야 합니다.
매개 변수 이름: index
[ 아이스크림 2023-04-27 목요일 17:24:29 560 ] VideoAnalysis_Page -> FilterSet 인덱스가 범위를 벗어났습니다. 인덱스는 음수가 아니어야 하며 컬렉션의 크기보다 작아야 합니다.
매개 변수 이름: index
[ 아이스크림 2023-04-27 목요일 17:24:29 717 ] VideoAnalysis_Page -> FilterSet 인덱스가 범위를 벗어났습니다. 인덱스는 음수가 아니어야 하며 컬렉션의 크기보다 작아야 합니다.
매개 변수 이름: index
[ 아이스크림 2023-04-27 목요일 17:24:29 863 ] VideoAnalysis_Page -> FilterSet 인덱스가 범위를 벗어났습니다. 인덱스는 음수가 아니어야 하며 컬렉션의 크기보다 작아야 합니다.
매개 변수 이름: index
[ 아이스크림 2023-04-27 목요일 17:24:30 028 ] VideoAnalysis_Page -> FilterSet 인덱스가 범위를 벗어났습니다. 인덱스는 음수가 아니어야 하며 컬렉션의 크기보다 작아야 합니다.
매개 변수 이름: index
[ 아이스크림 2023-04-27 목요일 17:24:30 181 ] VideoAnalysis_Page -> FilterSet 인덱스가 범위를 벗어났습니다. 인덱스는 음수가 아니어야 하며 컬렉션의 크기보다 작아야 합니다.
매개 변수 이름: index
[ 아이스크림 2023-04-27 목요일 17:24:30 196 ] VideoAnalysis_Page -> FilterClick 
[ 아이스크림 2023-04-27 목요일 17:24:31 519 ] VideoAnalysis_Page -> FilterClick 
[ 아이스크림 2023-04-27 목요일 17:24:31 676 ] VideoAnalysis_Page -> FilterSet 인덱스가 범위를 벗어났습니다. 인덱스는 음수가 아니어야 하며 컬렉션의 크기보다 작아야 합니다.
매개 변수 이름: index
[ 아이스크림 2023-04-27 목요일 17:24:31 830 ] VideoAnalysis_Page -> FilterSet 인덱스가 범위를 벗어났습니다. 인덱스는 음수가 아니어야 하며 컬렉션의 크기보다 작아야 합니다.
매개 변수 이름: index
[ 아이스크림 2023-04-27 목요일 17:24:31 980 ] VideoAnalysis_Page -> FilterSet 인덱스가 범위를 벗어났습니다. 인덱스는 음수가 아니어야 하며 컬렉션의 크기보다 작아야 합니다.
매개 변수 이름: index
[ 아이스크림 2023-04-27 목요일 17:24:32 140 ] VideoAnalysis_Page -> FilterSet 인덱스가 범위를 벗어났습니다. 인덱스는 음수가 아니어야 하며 컬렉션의 크기보다 작아야 합니다.
매개 변수 이름: index
[ 아이스크림 2023-04-27 목요일 17:24:32 297 ] VideoAnalysis_Page -> FilterSet 인덱스가 범위를 벗어났습니다. 인덱스는 음수가 아니어야 하며 컬렉션의 크기보다 작아야 합니다.
매개 변수 이름: index
[ 아이스크림 2023-04-27 목요일 17:24:32 505 ] VideoAnalysis_Page -> FilterSet 인덱스가 범위를 벗어났습니다. 인덱스는 음수가 아니어야 하며 컬렉션의 크기보다 작아야 합니다.
매개 변수 이름: index
[ 아이스크림 2023-04-27 목요일 17:24:32 662 ] VideoAnalysis_Page -> FilterSet 인덱스가 범위를 벗어났습니다. 인덱스는 음수가 아니어야 하며 컬렉션의 크기보다 작아야 합니다.
매개 변수 이름: index
[ 아이스크림 2023-04-27 목요일 17:24:32 803 ] VideoAnalysis_Page -> FilterSet 인덱스가 범위를 벗어났습니다. 인덱스는 음수가 아니어야 하며 컬렉션의 크기보다 작아야 합니다.
매개 변수 이름: index
[ 아이스크림 2023-04-27 목요일 17:24:32 934 ] VideoAnalysis_Page -> FilterSet 인덱스가 범위를 벗어났습니다. 인덱스는 음수가 아니어야 하며 컬렉션의 크기보다 작아야 합니다.
매개 변수 이름: index
[ 아이스크림 2023-04-27 목요일 17:24:33 085 ] VideoAnalysis_Page -> FilterSet 인덱스가 범위를 벗어났습니다. 인덱스는 음수가 아니어야 하며 컬렉션의 크기보다 작아야 합니다.
매개 변수 이름: index
[ 아이스크림 2023-04-27 목요일 17:24:33 244 ] VideoAnalysis_Page -> FilterSet 인덱스가 범위를 벗어났습니다. 인덱스는 음수가 아니어야 하며 컬렉션의 크기보다 작아야 합니다.
매개 변수 이름: index
[ 아이스크림 2023-04-27 목요일 17:24:33 381 ] VideoAnalysis_Page -> FilterSet 인덱스가 범위를 벗어났습니다. 인덱스는 음수가 아니어야 하며 컬렉션의 크기보다 작아야 합니다.
매개 변수 이름: index
[ 아이스크림 2023-04-27 목요일 17:24:33 565 ] VideoAnalysis_Page -> FilterSet 인덱스가 범위를 벗어났습니다. 인덱스는 음수가 아니어야 하며 컬렉션의 크기보다 작아야 합니다.
매개 변수 이름: index
[ 아이스크림 2023-04-27 목요일 17:24:33 721 ] VideoAnalysis_Page -> FilterSet 인덱스가 범위를 벗어났습니다. 인덱스는 음수가 아니어야 하며 컬렉션의 크기보다 작아야 합니다.
매개 변수 이름: index
[ 아이스크림 2023-04-27 목요일 17:24:33 860 ] VideoAnalysis_Page -> FilterSet 인덱스가 범위를 벗어났습니다. 인덱스는 음수가 아니어야 하며 컬렉션의 크기보다 작아야 합니다.
매개 변수 이름: index
[ 아이스크림 2023-04-27 목요일 17:24:33 987 ] VideoAnalysis_Page -> FilterSet 인덱스가 범위를 벗어났습니다. 인덱스는 음수가 아니어야 하며 컬렉션의 크기보다 작아야 합니다.
매개 변수 이름: index
[ 아이스크림 2023-04-27 목요일 17:24:34 145 ] VideoAnalysis_Page -> FilterSet 인덱스가 범위를 벗어났습니다. 인덱스는 음수가 아니어야 하며 컬렉션의 크기보다 작아야 합니다.
매개 변수 이름: index
[ 아이스크림 2023-04-27 목요일 17:24:34 280 ] VideoAnalysis_Page -> FilterSet 인덱스가 범위를 벗어났습니다. 인덱스는 음수가 아니어야 하며 컬렉션의 크기보다 작아야 합니다.
매개 변수 이름: index
[ 아이스크림 2023-04-27 목요일 17:24:34 440 ] VideoAnalysis_Page -> FilterSet 인덱스가 범위를 벗어났습니다. 인덱스는 음수가 아니어야 하며 컬렉션의 크기보다 작아야 합니다.
매개 변수 이름: index
[ 아이스크림 2023-04-27 목요일 17:24:34 596 ] VideoAnalysis_Page -> FilterSet 인덱스가 범위를 벗어났습니다. 인덱스는 음수가 아니어야 하며 컬렉션의 크기보다 작아야 합니다.
매개 변수 이름: index
[ 아이스크림 2023-04-27 목요일 17:24:34 747 ] VideoAnalysis_Page -> FilterSet 인덱스가 범위를 벗어났습니다. 인덱스는 음수가 아니어야 하며 컬렉션의 크기보다 작아야 합니다.
매개 변수 이름: index
[ 아이스크림 2023-04-27 목요일 17:24:34 888 ] VideoAnalysis_Page -> FilterSet 인덱스가 범위를 벗어났습니다. 인덱스는 음수가 아니어야 하며 컬렉션의 크기보다 작아야 합니다.
매개 변수 이름: index
[ 아이스크림 2023-04-27 목요일 17:24:35 087 ] VideoAnalysis_Page -> FilterSet 인덱스가 범위를 벗어났습니다. 인덱스는 음수가 아니어야 하며 컬렉션의 크기보다 작아야 합니다.
매개 변수 이름: index
[ 아이스크림 2023-04-27 목요일 17:24:35 259 ] VideoAnalysis_Page -> FilterSet 인덱스가 범위를 벗어났습니다. 인덱스는 음수가 아니어야 하며 컬렉션의 크기보다 작아야 합니다.
매개 변수 이름: index
[ 아이스크림 2023-04-27 목요일 17:24:35 402 ] VideoAnalysis_Page -> FilterSet 인덱스가 범위를 벗어났습니다. 인덱스는 음수가 아니어야 하며 컬렉션의 크기보다 작아야 합니다.
매개 변수 이름: index
[ 아이스크림 2023-04-27 목요일 17:24:35 564 ] VideoAnalysis_Page -> FilterSet 인덱스가 범위를 벗어났습니다. 인덱스는 음수가 아니어야 하며 컬렉션의 크기보다 작아야 합니다.
매개 변수 이름: index
[ 아이스크림 2023-04-27 목요일 17:24:35 738 ] VideoAnalysis_Page -> FilterSet 인덱스가 범위를 벗어났습니다. 인덱스는 음수가 아니어야 하며 컬렉션의 크기보다 작아야 합니다.
매개 변수 이름: index
[ 아이스크림 2023-04-27 목요일 17:24:35 919 ] VideoAnalysis_Page -> FilterSet 인덱스가 범위를 벗어났습니다. 인덱스는 음수가 아니어야 하며 컬렉션의 크기보다 작아야 합니다.
매개 변수 이름: index
[ 아이스크림 2023-04-27 목요일 17:24:36 060 ] VideoAnalysis_Page -> FilterSet 인덱스가 범위를 벗어났습니다. 인덱스는 음수가 아니어야 하며 컬렉션의 크기보다 작아야 합니다.
매개 변수 이름: index
[ 아이스크림 2023-04-27 목요일 17:24:36 182 ] VideoAnalysis_Page -> FilterSet 인덱스가 범위를 벗어났습니다. 인덱스는 음수가 아니어야 하며 컬렉션의 크기보다 작아야 합니다.
매개 변수 이름: index
[ 아이스크림 2023-04-27 목요일 17:24:36 335 ] VideoAnalysis_Page -> FilterSet 인덱스가 범위를 벗어났습니다. 인덱스는 음수가 아니어야 하며 컬렉션의 크기보다 작아야 합니다.
매개 변수 이름: index
[ 아이스크림 2023-04-27 목요일 17:24:36 487 ] VideoAnalysis_Page -> FilterSet 인덱스가 범위를 벗어났습니다. 인덱스는 음수가 아니어야 하며 컬렉션의 크기보다 작아야 합니다.
매개 변수 이름: index
[ 아이스크림 2023-04-27 목요일 17:24:36 647 ] VideoAnalysis_Page -> FilterSet 인덱스가 범위를 벗어났습니다. 인덱스는 음수가 아니어야 하며 컬렉션의 크기보다 작아야 합니다.
매개 변수 이름: index
[ 아이스크림 2023-04-27 목요일 17:24:36 793 ] VideoAnalysis_Page -> FilterSet 인덱스가 범위를 벗어났습니다. 인덱스는 음수가 아니어야 하며 컬렉션의 크기보다 작아야 합니다.
매개 변수 이름: index
[ 아이스크림 2023-04-27 목요일 17:24:36 934 ] VideoAnalysis_Page -> FilterSet 인덱스가 범위를 벗어났습니다. 인덱스는 음수가 아니어야 하며 컬렉션의 크기보다 작아야 합니다.
매개 변수 이름: index
[ 아이스크림 2023-04-27 목요일 17:24:37 081 ] VideoAnalysis_Page -> FilterSet 인덱스가 범위를 벗어났습니다. 인덱스는 음수가 아니어야 하며 컬렉션의 크기보다 작아야 합니다.
매개 변수 이름: index
[ 아이스크림 2023-04-27 목요일 17:24:37 234 ] VideoAnalysis_Page -> FilterSet 인덱스가 범위를 벗어났습니다. 인덱스는 음수가 아니어야 하며 컬렉션의 크기보다 작아야 합니다.
매개 변수 이름: index
[ 아이스크림 2023-04-27 목요일 17:24:37 371 ] VideoAnalysis_Page -> FilterSet 인덱스가 범위를 벗어났습니다. 인덱스는 음수가 아니어야 하며 컬렉션의 크기보다 작아야 합니다.
매개 변수 이름: index
[ 아이스크림 2023-04-27 목요일 17:24:37 552 ] VideoAnalysis_Page -> FilterSet 인덱스가 범위를 벗어났습니다. 인덱스는 음수가 아니어야 하며 컬렉션의 크기보다 작아야 합니다.
매개 변수 이름: index
[ 아이스크림 2023-04-27 목요일 17:24:37 706 ] VideoAnalysis_Page -> FilterSet 인덱스가 범위를 벗어났습니다. 인덱스는 음수가 아니어야 하며 컬렉션의 크기보다 작아야 합니다.
매개 변수 이름: index
[ 아이스크림 2023-04-27 목요일 17:24:37 850 ] VideoAnalysis_Page -> FilterSet 인덱스가 범위를 벗어났습니다. 인덱스는 음수가 아니어야 하며 컬렉션의 크기보다 작아야 합니다.
매개 변수 이름: index
[ 아이스크림 2023-04-27 목요일 17:24:38 011 ] VideoAnalysis_Page -> FilterSet 인덱스가 범위를 벗어났습니다. 인덱스는 음수가 아니어야 하며 컬렉션의 크기보다 작아야 합니다.
매개 변수 이름: index
[ 아이스크림 2023-04-27 목요일 17:24:38 156 ] VideoAnalysis_Page -> FilterSet 인덱스가 범위를 벗어났습니다. 인덱스는 음수가 아니어야 하며 컬렉션의 크기보다 작아야 합니다.
매개 변수 이름: index
[ 아이스크림 2023-04-27 목요일 17:24:38 300 ] VideoAnalysis_Page -> FilterSet 인덱스가 범위를 벗어났습니다. 인덱스는 음수가 아니어야 하며 컬렉션의 크기보다 작아야 합니다.
매개 변수 이름: index
[ 아이스크림 2023-04-27 목요일 17:24:38 435 ] VideoAnalysis_Page -> FilterSet 인덱스가 범위를 벗어났습니다. 인덱스는 음수가 아니어야 하며 컬렉션의 크기보다 작아야 합니다.
매개 변수 이름: index
[ 아이스크림 2023-04-27 목요일 17:24:38 598 ] VideoAnalysis_Page -> FilterSet 인덱스가 범위를 벗어났습니다. 인덱스는 음수가 아니어야 하며 컬렉션의 크기보다 작아야 합니다.
매개 변수 이름: index
[ 아이스크림 2023-04-27 목요일 17:24:38 750 ] VideoAnalysis_Page -> FilterSet 인덱스가 범위를 벗어났습니다. 인덱스는 음수가 아니어야 하며 컬렉션의 크기보다 작아야 합니다.
매개 변수 이름: index
[ 아이스크림 2023-04-27 목요일 17:24:38 879 ] VideoAnalysis_Page -> FilterSet 인덱스가 범위를 벗어났습니다. 인덱스는 음수가 아니어야 하며 컬렉션의 크기보다 작아야 합니다.
매개 변수 이름: index
[ 아이스크림 2023-04-27 목요일 17:24:39 011 ] VideoAnalysis_Page -> FilterSet 인덱스가 범위를 벗어났습니다. 인덱스는 음수가 아니어야 하며 컬렉션의 크기보다 작아야 합니다.
매개 변수 이름: index
[ 아이스크림 2023-04-27 목요일 17:24:39 175 ] VideoAnalysis_Page -> FilterSet 인덱스가 범위를 벗어났습니다. 인덱스는 음수가 아니어야 하며 컬렉션의 크기보다 작아야 합니다.
매개 변수 이름: index
[ 아이스크림 2023-04-27 목요일 17:24:39 307 ] VideoAnalysis_Page -> FilterSet 인덱스가 범위를 벗어났습니다. 인덱스는 음수가 아니어야 하며 컬렉션의 크기보다 작아야 합니다.
매개 변수 이름: index
[ 아이스크림 2023-04-27 목요일 17:24:39 456 ] VideoAnalysis_Page -> FilterSet 인덱스가 범위를 벗어났습니다. 인덱스는 음수가 아니어야 하며 컬렉션의 크기보다 작아야 합니다.
매개 변수 이름: index
[ 아이스크림 2023-04-27 목요일 17:24:39 640 ] VideoAnalysis_Page -> FilterSet 인덱스가 범위를 벗어났습니다. 인덱스는 음수가 아니어야 하며 컬렉션의 크기보다 작아야 합니다.
매개 변수 이름: index
[ 아이스크림 2023-04-27 목요일 17:24:39 794 ] VideoAnalysis_Page -> FilterSet 인덱스가 범위를 벗어났습니다. 인덱스는 음수가 아니어야 하며 컬렉션의 크기보다 작아야 합니다.
매개 변수 이름: index
[ 아이스크림 2023-04-27 목요일 17:24:39 932 ] VideoAnalysis_Page -> FilterSet 인덱스가 범위를 벗어났습니다. 인덱스는 음수가 아니어야 하며 컬렉션의 크기보다 작아야 합니다.
매개 변수 이름: index
[ 아이스크림 2023-04-27 목요일 17:24:40 079 ] VideoAnalysis_Page -> FilterSet 인덱스가 범위를 벗어났습니다. 인덱스는 음수가 아니어야 하며 컬렉션의 크기보다 작아야 합니다.
매개 변수 이름: index
[ 아이스크림 2023-04-27 목요일 17:24:40 240 ] VideoAnalysis_Page -> FilterSet 인덱스가 범위를 벗어났습니다. 인덱스는 음수가 아니어야 하며 컬렉션의 크기보다 작아야 합니다.
매개 변수 이름: index
[ 아이스크림 2023-04-27 목요일 17:24:40 382 ] VideoAnalysis_Page -> FilterSet 인덱스가 범위를 벗어났습니다. 인덱스는 음수가 아니어야 하며 컬렉션의 크기보다 작아야 합니다.
매개 변수 이름: index
[ 아이스크림 2023-04-27 목요일 17:24:40 540 ] VideoAnalysis_Page -> FilterSet 인덱스가 범위를 벗어났습니다. 인덱스는 음수가 아니어야 하며 컬렉션의 크기보다 작아야 합니다.
매개 변수 이름: index
[ 아이스크림 2023-04-27 목요일 17:24:40 718 ] VideoAnalysis_Page -> FilterSet 인덱스가 범위를 벗어났습니다. 인덱스는 음수가 아니어야 하며 컬렉션의 크기보다 작아야 합니다.
매개 변수 이름: index
[ 아이스크림 2023-04-27 목요일 17:24:40 846 ] VideoAnalysis_Page -> FilterSet 인덱스가 범위를 벗어났습니다. 인덱스는 음수가 아니어야 하며 컬렉션의 크기보다 작아야 합니다.
매개 변수 이름: index
[ 아이스크림 2023-04-27 목요일 17:24:40 986 ] VideoAnalysis_Page -> FilterSet 인덱스가 범위를 벗어났습니다. 인덱스는 음수가 아니어야 하며 컬렉션의 크기보다 작아야 합니다.
매개 변수 이름: index
[ 아이스크림 2023-04-27 목요일 17:24:41 153 ] VideoAnalysis_Page -> FilterSet 인덱스가 범위를 벗어났습니다. 인덱스는 음수가 아니어야 하며 컬렉션의 크기보다 작아야 합니다.
매개 변수 이름: index
[ 아이스크림 2023-04-27 목요일 17:24:41 299 ] VideoAnalysis_Page -> FilterSet 인덱스가 범위를 벗어났습니다. 인덱스는 음수가 아니어야 하며 컬렉션의 크기보다 작아야 합니다.
매개 변수 이름: index
[ 아이스크림 2023-04-27 목요일 17:24:41 443 ] VideoAnalysis_Page -> FilterSet 인덱스가 범위를 벗어났습니다. 인덱스는 음수가 아니어야 하며 컬렉션의 크기보다 작아야 합니다.
매개 변수 이름: index
[ 아이스크림 2023-04-27 목요일 17:24:41 634 ] VideoAnalysis_Page -> FilterSet 인덱스가 범위를 벗어났습니다. 인덱스는 음수가 아니어야 하며 컬렉션의 크기보다 작아야 합니다.
매개 변수 이름: index
[ 아이스크림 2023-04-27 목요일 17:24:41 753 ] VideoAnalysis_Page -> FilterSet 인덱스가 범위를 벗어났습니다. 인덱스는 음수가 아니어야 하며 컬렉션의 크기보다 작아야 합니다.
매개 변수 이름: index
[ 아이스크림 2023-04-27 목요일 17:24:41 763 ] VideoAnalysis_Page -> VideoAnalysis_ButtonActions1 
[ 아이스크림 2023-04-27 목요일 17:24:41 763 ] VideoAnalysis_Page -> VideoCheck_Play1 
[ 아이스크림 2023-04-27 목요일 17:25:59 405 ] VideoAnalysis_Page -> VideoAnalysis_ButtonActions1 
[ 아이스크림 2023-04-27 목요일 17:25:59 406 ] VideoAnalysis_Page -> VideoCheck_Play1 
[ 아이스크림 2023-04-27 목요일 17:26:05 735 ] VideoAnalysis_Page -> VideoAnalysis_ButtonActions1 
[ 아이스크림 2023-04-27 목요일 17:26:05 738 ] VideoAnalysis_Page -> VideoCheck_Play1 
[ 아이스크림 2023-04-27 목요일 17:26:14 356 ] VideoAnalysis_Page -> VideoAnalysis_ButtonActions1 
[ 아이스크림 2023-04-27 목요일 17:26:14 356 ] VideoAnalysis_Page -> VideoCheck_Play1 
[ 아이스크림 2023-04-27 목요일 17:26:55 343 ] VideoAnalysis_Page -> FilterSet 인덱스가 범위를 벗어났습니다. 인덱스는 음수가 아니어야 하며 컬렉션의 크기보다 작아야 합니다.
매개 변수 이름: index
[ 아이스크림 2023-04-27 목요일 17:26:55 493 ] VideoAnalysis_Page -> FilterSet 인덱스가 범위를 벗어났습니다. 인덱스는 음수가 아니어야 하며 컬렉션의 크기보다 작아야 합니다.
매개 변수 이름: index
[ 아이스크림 2023-04-27 목요일 17:26:55 637 ] VideoAnalysis_Page -> FilterSet 인덱스가 범위를 벗어났습니다. 인덱스는 음수가 아니어야 하며 컬렉션의 크기보다 작아야 합니다.
매개 변수 이름: index
[ 아이스크림 2023-04-27 목요일 17:26:55 824 ] VideoAnalysis_Page -> FilterSet 인덱스가 범위를 벗어났습니다. 인덱스는 음수가 아니어야 하며 컬렉션의 크기보다 작아야 합니다.
매개 변수 이름: index
[ 아이스크림 2023-04-27 목요일 17:26:55 960 ] VideoAnalysis_Page -> FilterSet 인덱스가 범위를 벗어났습니다. 인덱스는 음수가 아니어야 하며 컬렉션의 크기보다 작아야 합니다.
매개 변수 이름: index
[ 아이스크림 2023-04-27 목요일 17:26:56 094 ] VideoAnalysis_Page -> FilterSet 인덱스가 범위를 벗어났습니다. 인덱스는 음수가 아니어야 하며 컬렉션의 크기보다 작아야 합니다.
매개 변수 이름: index
[ 아이스크림 2023-04-27 목요일 17:26:56 236 ] VideoAnalysis_Page -> FilterSet 인덱스가 범위를 벗어났습니다. 인덱스는 음수가 아니어야 하며 컬렉션의 크기보다 작아야 합니다.
매개 변수 이름: index
[ 아이스크림 2023-04-27 목요일 17:26:56 461 ] VideoAnalysis_Page -> FilterSet 인덱스가 범위를 벗어났습니다. 인덱스는 음수가 아니어야 하며 컬렉션의 크기보다 작아야 합니다.
매개 변수 이름: index
[ 아이스크림 2023-04-27 목요일 17:26:56 656 ] VideoAnalysis_Page -> FilterSet 인덱스가 범위를 벗어났습니다. 인덱스는 음수가 아니어야 하며 컬렉션의 크기보다 작아야 합니다.
매개 변수 이름: index
[ 아이스크림 2023-04-27 목요일 17:26:56 816 ] VideoAnalysis_Page -> FilterSet 인덱스가 범위를 벗어났습니다. 인덱스는 음수가 아니어야 하며 컬렉션의 크기보다 작아야 합니다.
매개 변수 이름: index
[ 아이스크림 2023-04-27 목요일 17:26:56 976 ] VideoAnalysis_Page -> FilterSet 인덱스가 범위를 벗어났습니다. 인덱스는 음수가 아니어야 하며 컬렉션의 크기보다 작아야 합니다.
매개 변수 이름: index
[ 아이스크림 2023-04-27 목요일 17:26:57 133 ] VideoAnalysis_Page -> FilterSet 인덱스가 범위를 벗어났습니다. 인덱스는 음수가 아니어야 하며 컬렉션의 크기보다 작아야 합니다.
매개 변수 이름: index
[ 아이스크림 2023-04-27 목요일 17:26:57 261 ] VideoAnalysis_Page -> FilterSet 인덱스가 범위를 벗어났습니다. 인덱스는 음수가 아니어야 하며 컬렉션의 크기보다 작아야 합니다.
매개 변수 이름: index
[ 아이스크림 2023-04-27 목요일 17:26:57 438 ] VideoAnalysis_Page -> FilterSet 인덱스가 범위를 벗어났습니다. 인덱스는 음수가 아니어야 하며 컬렉션의 크기보다 작아야 합니다.
매개 변수 이름: index
[ 아이스크림 2023-04-27 목요일 17:26:57 595 ] VideoAnalysis_Page -> FilterSet 인덱스가 범위를 벗어났습니다. 인덱스는 음수가 아니어야 하며 컬렉션의 크기보다 작아야 합니다.
매개 변수 이름: index
[ 아이스크림 2023-04-27 목요일 17:26:57 745 ] VideoAnalysis_Page -> FilterSet 인덱스가 범위를 벗어났습니다. 인덱스는 음수가 아니어야 하며 컬렉션의 크기보다 작아야 합니다.
매개 변수 이름: index
[ 아이스크림 2023-04-27 목요일 17:26:57 896 ] VideoAnalysis_Page -> FilterSet 인덱스가 범위를 벗어났습니다. 인덱스는 음수가 아니어야 하며 컬렉션의 크기보다 작아야 합니다.
매개 변수 이름: index
[ 아이스크림 2023-04-27 목요일 17:26:58 039 ] VideoAnalysis_Page -> FilterSet 인덱스가 범위를 벗어났습니다. 인덱스는 음수가 아니어야 하며 컬렉션의 크기보다 작아야 합니다.
매개 변수 이름: index
[ 아이스크림 2023-04-27 목요일 17:26:58 195 ] VideoAnalysis_Page -> FilterSet 인덱스가 범위를 벗어났습니다. 인덱스는 음수가 아니어야 하며 컬렉션의 크기보다 작아야 합니다.
매개 변수 이름: index
[ 아이스크림 2023-04-27 목요일 17:26:58 346 ] VideoAnalysis_Page -> FilterSet 인덱스가 범위를 벗어났습니다. 인덱스는 음수가 아니어야 하며 컬렉션의 크기보다 작아야 합니다.
매개 변수 이름: index
[ 아이스크림 2023-04-27 목요일 17:26:58 588 ] VideoAnalysis_Page -> FilterSet 인덱스가 범위를 벗어났습니다. 인덱스는 음수가 아니어야 하며 컬렉션의 크기보다 작아야 합니다.
매개 변수 이름: index
[ 아이스크림 2023-04-27 목요일 17:27:17 137 ] VideoAnalysis_Page -> FilterSet 인덱스가 범위를 벗어났습니다. 인덱스는 음수가 아니어야 하며 컬렉션의 크기보다 작아야 합니다.
매개 변수 이름: index
[ 아이스크림 2023-04-27 목요일 17:27:17 289 ] VideoAnalysis_Page -> FilterSet 인덱스가 범위를 벗어났습니다. 인덱스는 음수가 아니어야 하며 컬렉션의 크기보다 작아야 합니다.
매개 변수 이름: index
[ 아이스크림 2023-04-27 목요일 17:27:17 445 ] VideoAnalysis_Page -> FilterSet 인덱스가 범위를 벗어났습니다. 인덱스는 음수가 아니어야 하며 컬렉션의 크기보다 작아야 합니다.
매개 변수 이름: index
[ 아이스크림 2023-04-27 목요일 17:27:17 601 ] VideoAnalysis_Page -> FilterSet 인덱스가 범위를 벗어났습니다. 인덱스는 음수가 아니어야 하며 컬렉션의 크기보다 작아야 합니다.
매개 변수 이름: index
[ 아이스크림 2023-04-27 목요일 17:27:17 790 ] VideoAnalysis_Page -> FilterSet 인덱스가 범위를 벗어났습니다. 인덱스는 음수가 아니어야 하며 컬렉션의 크기보다 작아야 합니다.
매개 변수 이름: index
[ 아이스크림 2023-04-27 목요일 17:27:17 951 ] VideoAnalysis_Page -> FilterSet 인덱스가 범위를 벗어났습니다. 인덱스는 음수가 아니어야 하며 컬렉션의 크기보다 작아야 합니다.
매개 변수 이름: index
[ 아이스크림 2023-04-27 목요일 17:27:18 149 ] VideoAnalysis_Page -> FilterSet 인덱스가 범위를 벗어났습니다. 인덱스는 음수가 아니어야 하며 컬렉션의 크기보다 작아야 합니다.
매개 변수 이름: index
[ 아이스크림 2023-04-27 목요일 17:27:18 331 ] VideoAnalysis_Page -> FilterSet 인덱스가 범위를 벗어났습니다. 인덱스는 음수가 아니어야 하며 컬렉션의 크기보다 작아야 합니다.
매개 변수 이름: index
[ 아이스크림 2023-04-27 목요일 17:27:18 507 ] VideoAnalysis_Page -> FilterSet 인덱스가 범위를 벗어났습니다. 인덱스는 음수가 아니어야 하며 컬렉션의 크기보다 작아야 합니다.
매개 변수 이름: index
[ 아이스크림 2023-04-27 목요일 17:27:18 664 ] VideoAnalysis_Page -> FilterSet 인덱스가 범위를 벗어났습니다. 인덱스는 음수가 아니어야 하며 컬렉션의 크기보다 작아야 합니다.
매개 변수 이름: index
[ 아이스크림 2023-04-27 목요일 17:27:18 816 ] VideoAnalysis_Page -> FilterSet 인덱스가 범위를 벗어났습니다. 인덱스는 음수가 아니어야 하며 컬렉션의 크기보다 작아야 합니다.
매개 변수 이름: index
[ 아이스크림 2023-04-27 목요일 17:27:18 980 ] VideoAnalysis_Page -> FilterSet 인덱스가 범위를 벗어났습니다. 인덱스는 음수가 아니어야 하며 컬렉션의 크기보다 작아야 합니다.
매개 변수 이름: index
[ 아이스크림 2023-04-27 목요일 17:27:19 123 ] VideoAnalysis_Page -> FilterSet 인덱스가 범위를 벗어났습니다. 인덱스는 음수가 아니어야 하며 컬렉션의 크기보다 작아야 합니다.
매개 변수 이름: index
[ 아이스크림 2023-04-27 목요일 17:27:19 270 ] VideoAnalysis_Page -> FilterSet 인덱스가 범위를 벗어났습니다. 인덱스는 음수가 아니어야 하며 컬렉션의 크기보다 작아야 합니다.
매개 변수 이름: index
[ 아이스크림 2023-04-27 목요일 17:27:19 436 ] VideoAnalysis_Page -> FilterSet 인덱스가 범위를 벗어났습니다. 인덱스는 음수가 아니어야 하며 컬렉션의 크기보다 작아야 합니다.
매개 변수 이름: index
[ 아이스크림 2023-04-27 목요일 17:27:19 580 ] VideoAnalysis_Page -> FilterSet 인덱스가 범위를 벗어났습니다. 인덱스는 음수가 아니어야 하며 컬렉션의 크기보다 작아야 합니다.
매개 변수 이름: index
[ 아이스크림 2023-04-27 목요일 17:31:51 626 ] VideoAnalysis_Page -> VideoAnalysis_ButtonActions1 
[ 아이스크림 2023-04-27 목요일 17:31:51 627 ] VideoAnalysis_Page -> VideoCheck_Play1 
[ 아이스크림 2023-04-27 목요일 17:32:16 356 ] VideoAnalysis_Page -> VideoAnalysis_ButtonActions1 
[ 아이스크림 2023-04-27 목요일 17:32:16 357 ] VideoAnalysis_Page -> VideoCheck_Play1 
[ 아이스크림 2023-04-27 목요일 17:32:29 180 ] VideoAnalysis_Page -> VideoAnalysis_ButtonActions1 
[ 아이스크림 2023-04-27 목요일 17:32:29 180 ] VideoAnalysis_Page -> VideoCheck_Play1 
[ 아이스크림 2023-04-27 목요일 18:00:12 713 ] Form1 -> Form1_FormClosing 
[ 아이스크림 2023-04-27 목요일 18:00:12 726 ] RealTimeView_Page -> CameraClose 
[ 아이스크림 2023-04-27 목요일 18:00:12 747 ] CameraControl -> Stop 
[ 아이스크림 2023-04-27 목요일 18:00:14 158 ] CameraControl -> Close 
[ 아이스크림 2023-04-27 목요일 18:00:14 221 ] CameraControl -> Stop 
[ 아이스크림 2023-04-27 목요일 18:00:15 536 ] CameraControl -> Close 
[ 아이스크림 2023-04-27 목요일 18:00:15 580 ] CameraControl -> Stop 
[ 아이스크림 2023-04-27 목요일 18:00:15 908 ] CameraControl -> Close 
[ 아이스크림 2023-04-27 목요일 18:00:15 952 ] VideoCheck_Page -> VideoClose 
[ 아이스크림 2023-04-27 목요일 18:00:15 953 ] VideoAnalysis_Page -> VideoClose 
[ 아이스크림 2023-04-27 목요일 18:00:16 456 ] CameraControl -> Finalize 
[ 아이스크림 2023-04-27 목요일 18:00:16 456 ] CameraControl -> Close 
[ 아이스크림 2023-04-27 목요일 18:00:16 467 ] CameraControl -> Finalize 
[ 아이스크림 2023-04-27 목요일 18:00:16 468 ] CameraControl -> Close 
[ 아이스크림 2023-04-27 목요일 18:00:16 468 ] CameraControl -> Finalize 
[ 아이스크림 2023-04-27 목요일 18:00:16 468 ] CameraControl -> Close 
