[ 아이스 아메리카노 2023-04-26 수요일 15:35:53 609 ] Settings_Page -> XMLSave 
[ 아이스 아메리카노 2023-04-26 수요일 15:36:00 189 ] Form1 -> NavigationClick 
[ 아이스 아메리카노 2023-04-26 수요일 15:36:00 421 ] VideoCheck_Page -> VideoCheck_Page_Load 
[ 아이스 아메리카노 2023-04-26 수요일 15:36:24 087 ] Form1 -> NavigationClick 
[ 아이스 아메리카노 2023-04-26 수요일 15:36:24 088 ] VideoCheck_Page -> PageChange 
[ 아이스 아메리카노 2023-04-26 수요일 15:36:47 786 ] RealTimeView_Page -> RealTimeView_CamActions 
[ 아이스 아메리카노 2023-04-26 수요일 15:36:51 725 ] RealTimeView_Page -> RealTimeView_CamActions 
[ 아이스 아메리카노 2023-04-26 수요일 15:37:00 747 ] RealTimeView_Page -> RealTimeView_CamActions 
[ 아이스 아메리카노 2023-04-26 수요일 15:37:07 147 ] RealTimeView_Page -> RealTimeView_CamActions 
[ 아이스 아메리카노 2023-04-26 수요일 15:37:09 931 ] RealTimeView_Page -> RealTimeView_CamActions 
[ 아이스 아메리카노 2023-04-26 수요일 15:37:11 917 ] RealTimeView_Page -> RealTimeView_CamActions 
[ 아이스 아메리카노 2023-04-26 수요일 15:37:18 226 ] RealTimeView_Page -> RealTimeView_CamActions 
[ 아이스 아메리카노 2023-04-26 수요일 15:38:44 434 ] Form1 -> NavigationClick 
[ 아이스 아메리카노 2023-04-26 수요일 15:38:44 668 ] VideoAnalysis_Page -> VideoAnalysis_Page_Load 
[ 아이스 아메리카노 2023-04-26 수요일 15:38:46 365 ] VideoAnalysis_Page -> VideoAnalysis_ButtonActions1 
[ 아이스 아메리카노 2023-04-26 수요일 15:38:46 372 ] VideoAnalysis_Page -> VideoCheck_FileOpen1 
[ 아이스 아메리카노 2023-04-26 수요일 15:43:20 161 ] Form1 -> Form1_FormClosing 
[ 아이스 아메리카노 2023-04-26 수요일 15:43:20 168 ] RealTimeView_Page -> CameraClose 
[ 아이스 아메리카노 2023-04-26 수요일 15:43:20 176 ] CameraControl -> Stop 
[ 아이스 아메리카노 2023-04-26 수요일 15:43:21 582 ] CameraControl -> Close 
[ 아이스 아메리카노 2023-04-26 수요일 15:43:21 626 ] CameraControl -> Stop 
[ 아이스 아메리카노 2023-04-26 수요일 15:43:21 764 ] CameraControl -> Close 
[ 아이스 아메리카노 2023-04-26 수요일 15:43:21 802 ] CameraControl -> Stop 
[ 아이스 아메리카노 2023-04-26 수요일 15:43:22 183 ] CameraControl -> Close 
[ 아이스 아메리카노 2023-04-26 수요일 15:43:22 214 ] VideoCheck_Page -> VideoClose 
[ 아이스 아메리카노 2023-04-26 수요일 15:43:22 215 ] VideoAnalysis_Page -> VideoClose 
[ 아이스 아메리카노 2023-04-26 수요일 16:02:36 577 ] Settings_Page -> XMLSave 
[ 아이스 아메리카노 2023-04-26 수요일 16:02:47 722 ] Settings_Page -> FolderOpen 
[ 아이스 아메리카노 2023-04-26 수요일 16:07:59 512 ] Form1 -> Form1_FormClosing 
[ 아이스 아메리카노 2023-04-26 수요일 16:07:59 524 ] RealTimeView_Page -> CameraClose 
[ 아이스 아메리카노 2023-04-26 수요일 16:07:59 528 ] CameraControl -> Stop 
[ 아이스 아메리카노 2023-04-26 수요일 16:08:01 000 ] CameraControl -> Close 
[ 아이스 아메리카노 2023-04-26 수요일 16:08:01 040 ] CameraControl -> Stop 
[ 아이스 아메리카노 2023-04-26 수요일 16:08:02 381 ] CameraControl -> Close 
[ 아이스 아메리카노 2023-04-26 수요일 16:08:02 395 ] CameraControl -> Stop 
[ 아이스 아메리카노 2023-04-26 수요일 16:08:02 744 ] CameraControl -> Close 
[ 아이스 아메리카노 2023-04-26 수요일 16:08:02 756 ] VideoCheck_Page -> VideoClose 
[ 아이스 아메리카노 2023-04-26 수요일 16:08:02 757 ] VideoAnalysis_Page -> VideoClose 
[ 아이스 아메리카노 2023-04-26 수요일 16:08:02 892 ] CameraControl -> Finalize 
[ 아이스 아메리카노 2023-04-26 수요일 16:08:02 892 ] CameraControl -> Close 
[ 아이스 아메리카노 2023-04-26 수요일 16:08:02 898 ] CameraControl -> Finalize 
[ 아이스 아메리카노 2023-04-26 수요일 16:08:02 898 ] CameraControl -> Close 
[ 아이스 아메리카노 2023-04-26 수요일 16:08:02 898 ] CameraControl -> Finalize 
[ 아이스 아메리카노 2023-04-26 수요일 16:08:02 898 ] CameraControl -> Close 
[ 아이스 아메리카노 2023-04-26 수요일 16:13:09 312 ] Settings_Page -> XMLSave 
[ 아이스 아메리카노 2023-04-26 수요일 16:13:19 786 ] Form1 -> NavigationClick 
[ 아이스 아메리카노 2023-04-26 수요일 17:55:01 446 ] Form1 -> NavigationClick 
[ 아이스 아메리카노 2023-04-26 수요일 17:55:01 944 ] VideoAnalysis_Page -> VideoAnalysis_Page_Load 
[ 아이스 아메리카노 2023-04-26 수요일 17:56:27 340 ] Form1 -> Form1_FormClosing 
[ 아이스 아메리카노 2023-04-26 수요일 17:56:27 346 ] RealTimeView_Page -> CameraClose 
[ 아이스 아메리카노 2023-04-26 수요일 17:56:27 357 ] CameraControl -> Stop 
[ 아이스 아메리카노 2023-04-26 수요일 17:56:27 561 ] CameraControl -> Close 
[ 아이스 아메리카노 2023-04-26 수요일 17:56:27 636 ] CameraControl -> Stop 
[ 아이스 아메리카노 2023-04-26 수요일 17:56:28 023 ] CameraControl -> Close 
[ 아이스 아메리카노 2023-04-26 수요일 17:56:28 058 ] CameraControl -> Stop 
[ 아이스 아메리카노 2023-04-26 수요일 17:56:28 441 ] CameraControl -> Close 
[ 아이스 아메리카노 2023-04-26 수요일 17:56:28 481 ] VideoCheck_Page -> VideoClose 
[ 아이스 아메리카노 2023-04-26 수요일 17:56:28 482 ] VideoAnalysis_Page -> VideoClose 
