[  2023-05-09 화요일 09:29:52 472 ] 파일 생성 성공
[ 커피 2023-05-09 화요일 09:29:52 472 ] Settings_Page -> XMLSave 
[ 커피 2023-05-09 화요일 09:29:56 636 ] Form1 -> NavigationClick 
[ 커피 2023-05-09 화요일 09:29:56 958 ] VideoAnalysis_Page -> VideoAnalysis_Page_Load 
[ 커피 2023-05-09 화요일 09:29:59 643 ] VideoAnalysis_Page -> VideoAnalysis_ButtonActions1 
[ 커피 2023-05-09 화요일 09:29:59 789 ] VideoAnalysis_Page -> VideoCheck_FileOpen1 
[ 커피 2023-05-09 화요일 09:32:44 186 ] VideoAnalysis_Page -> VideoAnalysis_ButtonActions2 
[ 커피 2023-05-09 화요일 09:32:44 188 ] VideoAnalysis_Page -> VideoCheck_FileOpen2 
[ 커피 2023-05-09 화요일 09:32:56 506 ] VideoAnalysis_Page -> VideoAnalysis_ButtonActions1 
[ 커피 2023-05-09 화요일 09:32:56 507 ] VideoAnalysis_Page -> VideoCheck_Play1 
[ 커피 2023-05-09 화요일 09:32:59 278 ] VideoAnalysis_Page -> VideoAnalysis_ButtonActions1 
[ 커피 2023-05-09 화요일 09:32:59 283 ] VideoAnalysis_Page -> VideoCheck_Play1 
[ 커피 2023-05-09 화요일 09:33:01 349 ] VideoAnalysis_Page -> VideoAnalysis_ButtonActions1 
[ 커피 2023-05-09 화요일 09:33:01 349 ] VideoAnalysis_Page -> VideoCheck_Play1 
[ 커피 2023-05-09 화요일 09:33:02 700 ] VideoAnalysis_Page -> FilterClick 
[ 커피 2023-05-09 화요일 09:33:05 298 ] VideoAnalysis_Page -> VideoAnalysis_ButtonActions1 
[ 커피 2023-05-09 화요일 09:33:05 299 ] VideoAnalysis_Page -> VideoCheck_Play1 
[ 커피 2023-05-09 화요일 09:33:23 835 ] VideoAnalysis_Page -> VideoAnalysis_ButtonActions1 
[ 커피 2023-05-09 화요일 09:33:23 835 ] VideoAnalysis_Page -> VideoCheck_Play1 
[ 커피 2023-05-09 화요일 09:33:24 639 ] VideoAnalysis_Page -> FilterClick 
[ 커피 2023-05-09 화요일 09:33:25 553 ] VideoAnalysis_Page -> VideoAnalysis_ButtonActions1 
[ 커피 2023-05-09 화요일 09:33:25 553 ] VideoAnalysis_Page -> VideoCheck_Play1 
[ 커피 2023-05-09 화요일 09:33:30 063 ] VideoAnalysis_Page -> VideoAnalysis_ButtonActions1 
[ 커피 2023-05-09 화요일 09:33:30 063 ] VideoAnalysis_Page -> VideoCheck_Play1 
[ 커피 2023-05-09 화요일 09:33:31 252 ] VideoAnalysis_Page -> FilterClick 
[ 커피 2023-05-09 화요일 09:33:33 500 ] VideoAnalysis_Page -> FilterClick 
[ 커피 2023-05-09 화요일 09:33:37 519 ] VideoAnalysis_Page -> VideoAnalysis_ButtonActions2 
[ 커피 2023-05-09 화요일 09:33:37 531 ] VideoAnalysis_Page -> VideoCheck_Play2 
[ 커피 2023-05-09 화요일 09:33:45 793 ] VideoAnalysis_Page -> FilterClick 
[ 커피 2023-05-09 화요일 09:33:51 368 ] VideoAnalysis_Page -> VideoAnalysis_ButtonActions2 
[ 커피 2023-05-09 화요일 09:33:51 369 ] VideoAnalysis_Page -> VideoCheck_Play2 
[ 커피 2023-05-09 화요일 09:33:52 408 ] VideoAnalysis_Page -> VideoAnalysis_ButtonActions1 
[ 커피 2023-05-09 화요일 09:33:52 418 ] VideoAnalysis_Page -> VideoCheck_Play1 
[ 커피 2023-05-09 화요일 09:41:33 195 ] VideoAnalysis_Page -> VideoAnalysis_ButtonActions1 
[ 커피 2023-05-09 화요일 09:41:33 205 ] VideoAnalysis_Page -> VideoCheck_Play1 
[ 커피 2023-05-09 화요일 09:42:20 984 ] VideoAnalysis_Page -> VideoAnalysis_ButtonActions1 
[ 커피 2023-05-09 화요일 09:42:20 987 ] VideoAnalysis_Page -> VideoCheck_Play1 
[ 커피 2023-05-09 화요일 09:42:29 029 ] VideoAnalysis_Page -> VideoAnalysis_ButtonActions1 
[ 커피 2023-05-09 화요일 09:42:29 029 ] VideoAnalysis_Page -> VideoCheck_Play1 
[ 커피 2023-05-09 화요일 09:44:11 148 ] VideoAnalysis_Page -> VideoAnalysis_ButtonActions2 
[ 커피 2023-05-09 화요일 09:44:11 158 ] VideoAnalysis_Page -> VideoCheck_Play2 
[ 커피 2023-05-09 화요일 09:44:22 982 ] VideoAnalysis_Page -> VideoAnalysis_ButtonActions2 
[ 커피 2023-05-09 화요일 09:44:22 987 ] VideoAnalysis_Page -> VideoCheck_Play2 
[ 커피 2023-05-09 화요일 09:44:23 914 ] VideoAnalysis_Page -> VideoAnalysis_ButtonActions1 
[ 커피 2023-05-09 화요일 09:44:23 915 ] VideoAnalysis_Page -> VideoCheck_Play1 
[ 커피 2023-05-09 화요일 09:44:27 435 ] VideoAnalysis_Page -> FilterClick 
[ 커피 2023-05-09 화요일 09:44:29 825 ] VideoAnalysis_Page -> FilterClick 
[ 커피 2023-05-09 화요일 09:44:37 004 ] VideoAnalysis_Page -> VideoAnalysis_ButtonActions1 
[ 커피 2023-05-09 화요일 09:44:37 006 ] VideoAnalysis_Page -> VideoCheck_Play1 
[ 커피 2023-05-09 화요일 09:44:38 078 ] VideoAnalysis_Page -> VideoAnalysis_ButtonActions2 
[ 커피 2023-05-09 화요일 09:44:38 079 ] VideoAnalysis_Page -> VideoCheck_Play2 
[ 커피 2023-05-09 화요일 09:44:44 958 ] VideoAnalysis_Page -> FilterClick 
[ 커피 2023-05-09 화요일 09:44:47 812 ] VideoAnalysis_Page -> FilterClick 
[ 커피 2023-05-09 화요일 09:44:54 019 ] VideoAnalysis_Page -> VideoAnalysis_ButtonActions2 
[ 커피 2023-05-09 화요일 09:44:54 020 ] VideoAnalysis_Page -> VideoCheck_Play2 
[ 커피 2023-05-09 화요일 09:44:54 747 ] VideoAnalysis_Page -> VideoAnalysis_ButtonActions1 
[ 커피 2023-05-09 화요일 09:44:54 748 ] VideoAnalysis_Page -> VideoCheck_Play1 
[ 커피 2023-05-09 화요일 09:54:36 610 ] Form1 -> Form1_FormClosing 
[ 커피 2023-05-09 화요일 09:54:36 625 ] RealTimeView_Page -> CameraClose 
[ 커피 2023-05-09 화요일 09:54:36 687 ] CameraControl -> Stop 
[ 커피 2023-05-09 화요일 09:54:38 097 ] CameraControl -> Close 
[ 커피 2023-05-09 화요일 09:54:38 183 ] CameraControl -> Stop 
[ 커피 2023-05-09 화요일 09:54:39 499 ] CameraControl -> Close 
[ 커피 2023-05-09 화요일 09:54:39 558 ] CameraControl -> Stop 
[ 커피 2023-05-09 화요일 09:54:39 914 ] CameraControl -> Close 
[ 커피 2023-05-09 화요일 09:54:39 973 ] VideoCheck_Page -> VideoClose 
[ 커피 2023-05-09 화요일 09:54:39 974 ] VideoAnalysis_Page -> VideoClose 
[ 커피 2023-05-09 화요일 10:00:33 725 ] Settings_Page -> XMLSave 
[ 커피 2023-05-09 화요일 10:00:35 622 ] Form1 -> NavigationClick 
[ 커피 2023-05-09 화요일 10:00:35 906 ] VideoAnalysis_Page -> VideoAnalysis_Page_Load 
[ 커피 2023-05-09 화요일 10:00:38 198 ] VideoAnalysis_Page -> VideoAnalysis_ButtonActions1 
[ 커피 2023-05-09 화요일 10:00:38 220 ] VideoAnalysis_Page -> VideoCheck_FileOpen1 
[ 커피 2023-05-09 화요일 10:00:48 871 ] VideoAnalysis_Page -> FilterClick 
[ 커피 2023-05-09 화요일 10:00:59 760 ] VideoAnalysis_Page -> FilterClick StartIndex는 0 이상이어야 합니다.
매개 변수 이름: startIndex
[ 커피 2023-05-09 화요일 10:01:01 250 ] VideoAnalysis_Page -> VideoAnalysis_ButtonActions1 
[ 커피 2023-05-09 화요일 10:01:01 252 ] VideoAnalysis_Page -> VideoCheck_Play1 
[ 커피 2023-05-09 화요일 10:01:02 794 ] VideoAnalysis_Page -> FilterClick 
[ 커피 2023-05-09 화요일 10:01:03 156 ] VideoAnalysis_Page -> FilterClick 
[ 커피 2023-05-09 화요일 10:01:03 570 ] VideoAnalysis_Page -> FilterClick 
[ 커피 2023-05-09 화요일 10:01:04 880 ] VideoAnalysis_Page -> FilterClick 
[ 커피 2023-05-09 화요일 10:01:09 530 ] VideoAnalysis_Page -> VideoAnalysis_ButtonActions1 
[ 커피 2023-05-09 화요일 10:01:09 532 ] VideoAnalysis_Page -> VideoCheck_Play1 
[ 커피 2023-05-09 화요일 10:01:33 080 ] Form1 -> Form1_FormClosing 
[ 커피 2023-05-09 화요일 10:01:33 093 ] RealTimeView_Page -> CameraClose 
[ 커피 2023-05-09 화요일 10:01:33 120 ] CameraControl -> Stop 
[ 커피 2023-05-09 화요일 10:01:34 540 ] CameraControl -> Close 
[ 커피 2023-05-09 화요일 10:01:34 607 ] CameraControl -> Stop 
[ 커피 2023-05-09 화요일 10:01:34 692 ] CameraControl -> Close 
[ 커피 2023-05-09 화요일 10:01:34 731 ] CameraControl -> Stop 
[ 커피 2023-05-09 화요일 10:01:35 129 ] CameraControl -> Close 
[ 커피 2023-05-09 화요일 10:01:35 155 ] VideoCheck_Page -> VideoClose 
[ 커피 2023-05-09 화요일 10:01:35 156 ] VideoAnalysis_Page -> VideoClose 
[ 커피 2023-05-09 화요일 10:05:26 523 ] Settings_Page -> XMLSave 
[ 커피 2023-05-09 화요일 10:05:28 132 ] Form1 -> NavigationClick 
[ 커피 2023-05-09 화요일 10:05:28 381 ] VideoAnalysis_Page -> VideoAnalysis_Page_Load 
[ 커피 2023-05-09 화요일 10:05:30 381 ] VideoAnalysis_Page -> VideoAnalysis_ButtonActions1 
[ 커피 2023-05-09 화요일 10:05:30 396 ] VideoAnalysis_Page -> VideoCheck_FileOpen1 
[ 커피 2023-05-09 화요일 10:05:40 941 ] VideoAnalysis_Page -> FilterClick 
[ 커피 2023-05-09 화요일 10:06:04 310 ] VideoAnalysis_Page -> FilterClick StartIndex는 0 이상이어야 합니다.
매개 변수 이름: startIndex
[ 커피 2023-05-09 화요일 10:06:09 892 ] VideoAnalysis_Page -> FilterClick 
[ 커피 2023-05-09 화요일 10:06:14 374 ] VideoAnalysis_Page -> FilterClick StartIndex는 0 이상이어야 합니다.
매개 변수 이름: startIndex
[ 커피 2023-05-09 화요일 10:06:15 614 ] VideoAnalysis_Page -> FilterClick 
[ 커피 2023-05-09 화요일 10:06:17 206 ] VideoAnalysis_Page -> FilterClick 
[ 커피 2023-05-09 화요일 10:06:27 449 ] VideoAnalysis_Page -> FilterClick StartIndex는 0 이상이어야 합니다.
매개 변수 이름: startIndex
[ 커피 2023-05-09 화요일 10:07:41 584 ] VideoAnalysis_Page -> FilterClick StartIndex는 0 이상이어야 합니다.
매개 변수 이름: startIndex
[ 커피 2023-05-09 화요일 10:13:41 067 ] VideoAnalysis_Page -> VideoAnalysis_ButtonActions1 
[ 커피 2023-05-09 화요일 10:13:41 070 ] VideoAnalysis_Page -> VideoCheck_Play1 
[ 커피 2023-05-09 화요일 10:13:42 402 ] VideoAnalysis_Page -> FilterClick 
[ 커피 2023-05-09 화요일 10:13:43 717 ] VideoAnalysis_Page -> FilterClick 
[ 커피 2023-05-09 화요일 10:13:50 540 ] VideoAnalysis_Page -> VideoAnalysis_ButtonActions1 
[ 커피 2023-05-09 화요일 10:13:50 541 ] VideoAnalysis_Page -> VideoCheck_Play1 
[ 커피 2023-05-09 화요일 10:14:17 766 ] Form1 -> Form1_FormClosing 
[ 커피 2023-05-09 화요일 10:14:17 775 ] RealTimeView_Page -> CameraClose 
[ 커피 2023-05-09 화요일 10:14:17 778 ] CameraControl -> Stop 
[ 커피 2023-05-09 화요일 10:14:19 158 ] CameraControl -> Close 
[ 커피 2023-05-09 화요일 10:14:19 207 ] CameraControl -> Stop 
[ 커피 2023-05-09 화요일 10:14:19 287 ] CameraControl -> Close 
[ 커피 2023-05-09 화요일 10:14:19 317 ] CameraControl -> Stop 
[ 커피 2023-05-09 화요일 10:14:19 682 ] CameraControl -> Close 
[ 커피 2023-05-09 화요일 10:14:19 710 ] VideoCheck_Page -> VideoClose 
[ 커피 2023-05-09 화요일 10:14:19 712 ] VideoAnalysis_Page -> VideoClose 
[ 커피 2023-05-09 화요일 10:17:27 693 ] Settings_Page -> XMLSave 
[ 커피 2023-05-09 화요일 10:17:30 024 ] Form1 -> NavigationClick 
[ 커피 2023-05-09 화요일 10:17:30 269 ] VideoAnalysis_Page -> VideoAnalysis_Page_Load 
[ 커피 2023-05-09 화요일 10:17:32 332 ] VideoAnalysis_Page -> VideoAnalysis_ButtonActions1 
[ 커피 2023-05-09 화요일 10:17:32 351 ] VideoAnalysis_Page -> VideoCheck_FileOpen1 
[ 커피 2023-05-09 화요일 10:17:44 358 ] VideoAnalysis_Page -> FilterClick 
[ 커피 2023-05-09 화요일 10:17:47 345 ] VideoAnalysis_Page -> VideoAnalysis_ButtonActions1 
[ 커피 2023-05-09 화요일 10:17:47 356 ] VideoAnalysis_Page -> VideoCheck_Play1 
[ 커피 2023-05-09 화요일 10:19:47 663 ] VideoAnalysis_Page -> FilterClick 
[ 커피 2023-05-09 화요일 10:19:50 294 ] VideoAnalysis_Page -> FilterClick 
[ 커피 2023-05-09 화요일 10:19:54 137 ] VideoAnalysis_Page -> FilterClick 
[ 커피 2023-05-09 화요일 10:20:01 344 ] VideoAnalysis_Page -> VideoAnalysis_ButtonActions2 
[ 커피 2023-05-09 화요일 10:20:01 349 ] VideoAnalysis_Page -> VideoCheck_FileOpen2 
[ 커피 2023-05-09 화요일 10:20:10 998 ] VideoAnalysis_Page -> FilterClick 
[ 커피 2023-05-09 화요일 10:20:12 953 ] VideoAnalysis_Page -> VideoAnalysis_ButtonActions1 
[ 커피 2023-05-09 화요일 10:20:12 953 ] VideoAnalysis_Page -> VideoCheck_Play1 
[ 커피 2023-05-09 화요일 10:20:14 179 ] VideoAnalysis_Page -> VideoAnalysis_ButtonActions2 
[ 커피 2023-05-09 화요일 10:20:14 197 ] VideoAnalysis_Page -> VideoCheck_Play2 
[ 커피 2023-05-09 화요일 10:20:22 272 ] VideoAnalysis_Page -> VideoAnalysis_ButtonActions2 
[ 커피 2023-05-09 화요일 10:20:22 273 ] VideoAnalysis_Page -> VideoCheck_Play2 
[ 커피 2023-05-09 화요일 10:20:22 899 ] VideoAnalysis_Page -> VideoAnalysis_ButtonActions1 
[ 커피 2023-05-09 화요일 10:20:22 900 ] VideoAnalysis_Page -> VideoCheck_Play1 
[ 커피 2023-05-09 화요일 10:20:28 093 ] VideoAnalysis_Page -> FilterClick 
[ 커피 2023-05-09 화요일 10:20:29 802 ] VideoAnalysis_Page -> VideoAnalysis_ButtonActions1 
[ 커피 2023-05-09 화요일 10:20:29 803 ] VideoAnalysis_Page -> VideoCheck_Play1 
[ 커피 2023-05-09 화요일 10:20:30 655 ] VideoAnalysis_Page -> VideoAnalysis_ButtonActions2 
[ 커피 2023-05-09 화요일 10:20:30 656 ] VideoAnalysis_Page -> VideoCheck_Play2 
[ 커피 2023-05-09 화요일 10:20:46 461 ] VideoAnalysis_Page -> FilterClick 
[ 커피 2023-05-09 화요일 10:20:52 460 ] VideoAnalysis_Page -> FilterClick 
[ 커피 2023-05-09 화요일 10:20:58 276 ] VideoAnalysis_Page -> VideoAnalysis_ButtonActions1 
[ 커피 2023-05-09 화요일 10:20:58 277 ] VideoAnalysis_Page -> VideoCheck_Play1 
[ 커피 2023-05-09 화요일 10:21:02 487 ] VideoAnalysis_Page -> VideoAnalysis_ButtonActions1 
[ 커피 2023-05-09 화요일 10:21:02 488 ] VideoAnalysis_Page -> VideoCheck_Play1 
[ 커피 2023-05-09 화요일 10:21:15 094 ] VideoAnalysis_Page -> VideoAnalysis_ButtonActions2 
[ 커피 2023-05-09 화요일 10:21:15 095 ] VideoAnalysis_Page -> VideoCheck_Play2 
[ 커피 2023-05-09 화요일 10:21:16 145 ] VideoAnalysis_Page -> VideoAnalysis_ButtonActions2 
[ 커피 2023-05-09 화요일 10:21:16 145 ] VideoAnalysis_Page -> VideoCheck_Play2 
[ 커피 2023-05-09 화요일 10:21:38 984 ] VideoAnalysis_Page -> FilterClick 
[ 커피 2023-05-09 화요일 10:42:53 139 ] VideoAnalysis_Page -> FilterClick 
[ 커피 2023-05-09 화요일 10:42:54 679 ] VideoAnalysis_Page -> VideoAnalysis_ButtonActions1 
[ 커피 2023-05-09 화요일 10:42:54 680 ] VideoAnalysis_Page -> VideoCheck_Play1 
[ 커피 2023-05-09 화요일 10:42:55 438 ] VideoAnalysis_Page -> VideoAnalysis_ButtonActions2 
[ 커피 2023-05-09 화요일 10:42:55 439 ] VideoAnalysis_Page -> VideoCheck_Play2 
[ 커피 2023-05-09 화요일 10:43:00 158 ] VideoAnalysis_Page -> VideoAnalysis_ButtonActions1 
[ 커피 2023-05-09 화요일 10:43:00 158 ] VideoAnalysis_Page -> VideoCheck_Play1 
[ 커피 2023-05-09 화요일 10:43:00 748 ] VideoAnalysis_Page -> VideoAnalysis_ButtonActions2 
[ 커피 2023-05-09 화요일 10:43:00 749 ] VideoAnalysis_Page -> VideoCheck_Play2 
[ 커피 2023-05-09 화요일 10:43:19 443 ] VideoAnalysis_Page -> FilterClick 
[ 커피 2023-05-09 화요일 10:43:20 898 ] VideoAnalysis_Page -> VideoAnalysis_ButtonActions1 
[ 커피 2023-05-09 화요일 10:43:20 898 ] VideoAnalysis_Page -> VideoCheck_Play1 
[ 커피 2023-05-09 화요일 10:43:22 139 ] VideoAnalysis_Page -> VideoAnalysis_ButtonActions2 
[ 커피 2023-05-09 화요일 10:43:22 140 ] VideoAnalysis_Page -> VideoCheck_Play2 
[ 커피 2023-05-09 화요일 10:43:33 061 ] VideoAnalysis_Page -> VideoAnalysis_ButtonActions2 
[ 커피 2023-05-09 화요일 10:43:33 063 ] VideoAnalysis_Page -> VideoCheck_Play2 
[ 커피 2023-05-09 화요일 10:43:33 845 ] VideoAnalysis_Page -> VideoAnalysis_ButtonActions1 
[ 커피 2023-05-09 화요일 10:43:33 845 ] VideoAnalysis_Page -> VideoCheck_Play1 
[ 커피 2023-05-09 화요일 10:47:12 113 ] VideoAnalysis_Page -> FilterClick 
[ 커피 2023-05-09 화요일 10:47:15 111 ] VideoAnalysis_Page -> VideoAnalysis_ButtonActions1 
[ 커피 2023-05-09 화요일 10:47:15 112 ] VideoAnalysis_Page -> VideoCheck_Play1 
[ 커피 2023-05-09 화요일 10:47:16 001 ] VideoAnalysis_Page -> VideoAnalysis_ButtonActions2 
[ 커피 2023-05-09 화요일 10:47:16 002 ] VideoAnalysis_Page -> VideoCheck_Play2 
[ 커피 2023-05-09 화요일 10:47:26 470 ] VideoAnalysis_Page -> VideoAnalysis_ButtonActions2 
[ 커피 2023-05-09 화요일 10:47:26 471 ] VideoAnalysis_Page -> VideoCheck_Play2 
[ 커피 2023-05-09 화요일 10:47:26 999 ] VideoAnalysis_Page -> VideoAnalysis_ButtonActions1 
[ 커피 2023-05-09 화요일 10:47:27 000 ] VideoAnalysis_Page -> VideoCheck_Play1 
[ 커피 2023-05-09 화요일 10:49:10 441 ] VideoAnalysis_Page -> FilterClick 
[ 커피 2023-05-09 화요일 10:49:14 400 ] VideoAnalysis_Page -> VideoAnalysis_ButtonActions1 
[ 커피 2023-05-09 화요일 10:49:14 401 ] VideoAnalysis_Page -> VideoCheck_Play1 
[ 커피 2023-05-09 화요일 10:49:15 100 ] VideoAnalysis_Page -> VideoAnalysis_ButtonActions2 
[ 커피 2023-05-09 화요일 10:49:15 101 ] VideoAnalysis_Page -> VideoCheck_Play2 
[ 커피 2023-05-09 화요일 10:49:42 852 ] VideoAnalysis_Page -> VideoAnalysis_ButtonActions2 
[ 커피 2023-05-09 화요일 10:49:42 852 ] VideoAnalysis_Page -> VideoCheck_Play2 
[ 커피 2023-05-09 화요일 10:49:45 603 ] VideoAnalysis_Page -> VideoAnalysis_ButtonActions1 
[ 커피 2023-05-09 화요일 10:49:45 605 ] VideoAnalysis_Page -> VideoCheck_Play1 
[ 커피 2023-05-09 화요일 10:49:46 713 ] VideoAnalysis_Page -> VideoAnalysis_ButtonActions2 
[ 커피 2023-05-09 화요일 10:49:46 714 ] VideoAnalysis_Page -> VideoCheck_Play2 
[ 커피 2023-05-09 화요일 10:49:48 258 ] VideoAnalysis_Page -> VideoAnalysis_ButtonActions1 
[ 커피 2023-05-09 화요일 10:49:48 261 ] VideoAnalysis_Page -> VideoCheck_Play1 
[ 커피 2023-05-09 화요일 10:49:51 369 ] VideoAnalysis_Page -> VideoAnalysis_ButtonActions2 
[ 커피 2023-05-09 화요일 10:49:51 371 ] VideoAnalysis_Page -> VideoCheck_Play2 
[ 커피 2023-05-09 화요일 10:49:55 879 ] VideoAnalysis_Page -> VideoAnalysis_ButtonActions2 
[ 커피 2023-05-09 화요일 10:49:55 879 ] VideoAnalysis_Page -> VideoCheck_Play2 
[ 커피 2023-05-09 화요일 10:50:01 404 ] VideoAnalysis_Page -> VideoAnalysis_ButtonActions1 
[ 커피 2023-05-09 화요일 10:50:01 405 ] VideoAnalysis_Page -> VideoCheck_Play1 
[ 커피 2023-05-09 화요일 10:50:09 846 ] VideoAnalysis_Page -> VideoAnalysis_ButtonActions1 
[ 커피 2023-05-09 화요일 10:50:09 847 ] VideoAnalysis_Page -> VideoCheck_Play1 
[ 커피 2023-05-09 화요일 10:50:40 146 ] VideoAnalysis_Page -> FilterClick 
[ 커피 2023-05-09 화요일 10:50:58 736 ] VideoAnalysis_Page -> VideoAnalysis_ButtonActions1 
[ 커피 2023-05-09 화요일 10:50:58 736 ] VideoAnalysis_Page -> VideoCheck_Play1 
[ 커피 2023-05-09 화요일 10:51:00 313 ] VideoAnalysis_Page -> VideoAnalysis_ButtonActions1 
[ 커피 2023-05-09 화요일 10:51:00 313 ] VideoAnalysis_Page -> VideoCheck_Play1 
[ 커피 2023-05-09 화요일 11:33:24 324 ] VideoAnalysis_Page -> VideoAnalysis_ButtonActions1 
[ 커피 2023-05-09 화요일 11:33:24 335 ] VideoAnalysis_Page -> VideoCheck_Play1 
[ 커피 2023-05-09 화요일 11:33:54 142 ] VideoAnalysis_Page -> VideoAnalysis_ButtonActions1 
[ 커피 2023-05-09 화요일 11:33:54 143 ] VideoAnalysis_Page -> VideoCheck_Play1 
[ 커피 2023-05-09 화요일 11:35:17 775 ] VideoAnalysis_Page -> VideoAnalysis_ButtonActions1 
[ 커피 2023-05-09 화요일 11:35:17 789 ] VideoAnalysis_Page -> VideoCheck_Play1 
[ 커피 2023-05-09 화요일 11:35:22 663 ] VideoAnalysis_Page -> VideoAnalysis_ButtonActions2 
[ 커피 2023-05-09 화요일 11:35:22 665 ] VideoAnalysis_Page -> VideoCheck_Play2 
[ 커피 2023-05-09 화요일 11:35:56 303 ] VideoAnalysis_Page -> VideoAnalysis_ButtonActions1 
[ 커피 2023-05-09 화요일 11:35:56 330 ] VideoAnalysis_Page -> VideoCheck_Stop1 
[ 커피 2023-05-09 화요일 11:36:00 012 ] VideoAnalysis_Page -> VideoAnalysis_ButtonActions2 
[ 커피 2023-05-09 화요일 11:36:00 024 ] VideoAnalysis_Page -> VideoCheck_Stop2 
[ 커피 2023-05-09 화요일 11:36:02 099 ] VideoAnalysis_Page -> VideoAnalysis_ButtonActions1 
[ 커피 2023-05-09 화요일 11:36:02 099 ] VideoAnalysis_Page -> VideoCheck_Play1 
[ 커피 2023-05-09 화요일 11:36:05 712 ] VideoAnalysis_Page -> VideoAnalysis_ButtonActions2 
[ 커피 2023-05-09 화요일 11:36:05 718 ] VideoAnalysis_Page -> VideoCheck_Play2 
[ 커피 2023-05-09 화요일 11:36:36 370 ] VideoAnalysis_Page -> VideoAnalysis_ButtonActions1 
[ 커피 2023-05-09 화요일 11:36:36 373 ] VideoAnalysis_Page -> VideoCheck_Stop1 
[ 커피 2023-05-09 화요일 11:36:37 520 ] VideoAnalysis_Page -> VideoAnalysis_ButtonActions2 
[ 커피 2023-05-09 화요일 11:36:37 522 ] VideoAnalysis_Page -> VideoCheck_Stop2 
[ 커피 2023-05-09 화요일 11:36:38 347 ] VideoAnalysis_Page -> VideoAnalysis_ButtonActions1 
[ 커피 2023-05-09 화요일 11:36:38 357 ] VideoAnalysis_Page -> VideoCheck_FileClose1 
[ 커피 2023-05-09 화요일 11:36:39 277 ] VideoAnalysis_Page -> VideoAnalysis_ButtonActions2 
[ 커피 2023-05-09 화요일 11:36:39 278 ] VideoAnalysis_Page -> VideoCheck_FileClose2 
[ 커피 2023-05-09 화요일 11:36:45 987 ] VideoAnalysis_Page -> VideoAnalysis_ButtonActions1 
[ 커피 2023-05-09 화요일 11:36:45 987 ] VideoAnalysis_Page -> VideoCheck_FileOpen1 
[ 커피 2023-05-09 화요일 11:36:55 274 ] VideoAnalysis_Page -> VideoAnalysis_ButtonActions2 
[ 커피 2023-05-09 화요일 11:36:55 274 ] VideoAnalysis_Page -> VideoCheck_FileOpen2 
[ 커피 2023-05-09 화요일 11:37:04 964 ] VideoAnalysis_Page -> VideoAnalysis_ButtonActions1 
[ 커피 2023-05-09 화요일 11:37:04 965 ] VideoAnalysis_Page -> VideoCheck_Play1 
[ 커피 2023-05-09 화요일 11:37:22 825 ] VideoAnalysis_Page -> VideoAnalysis_ButtonActions2 
[ 커피 2023-05-09 화요일 11:37:22 828 ] VideoAnalysis_Page -> VideoCheck_Play2 
[ 커피 2023-05-09 화요일 11:37:39 656 ] VideoAnalysis_Page -> FilterClick 
[ 커피 2023-05-09 화요일 11:37:50 462 ] VideoAnalysis_Page -> FilterClick 
[ 커피 2023-05-09 화요일 11:38:00 885 ] VideoAnalysis_Page -> FilterClick 
[ 커피 2023-05-09 화요일 11:38:11 013 ] VideoAnalysis_Page -> FilterClick 
[ 커피 2023-05-09 화요일 11:38:20 531 ] VideoAnalysis_Page -> FilterClick 
[ 커피 2023-05-09 화요일 11:38:25 257 ] VideoAnalysis_Page -> FilterClick 
[ 커피 2023-05-09 화요일 11:38:45 872 ] VideoAnalysis_Page -> VideoAnalysis_ButtonActions1 
[ 커피 2023-05-09 화요일 11:38:45 873 ] VideoAnalysis_Page -> VideoCheck_Play1 
[ 커피 2023-05-09 화요일 11:38:59 921 ] VideoAnalysis_Page -> VideoAnalysis_ButtonActions2 
[ 커피 2023-05-09 화요일 11:38:59 922 ] VideoAnalysis_Page -> VideoCheck_Play2 
[ 커피 2023-05-09 화요일 11:39:01 283 ] VideoAnalysis_Page -> VideoAnalysis_ButtonActions1 
[ 커피 2023-05-09 화요일 11:39:01 283 ] VideoAnalysis_Page -> VideoCheck_Play1 
[ 커피 2023-05-09 화요일 11:39:08 192 ] VideoAnalysis_Page -> VideoAnalysis_ButtonActions1 
[ 커피 2023-05-09 화요일 11:39:08 194 ] VideoAnalysis_Page -> VideoCheck_Play1 
[ 커피 2023-05-09 화요일 12:48:19 769 ] VideoAnalysis_Page -> VideoAnalysis_ButtonActions1 
[ 커피 2023-05-09 화요일 12:48:19 771 ] VideoAnalysis_Page -> VideoCheck_Play1 
[ 커피 2023-05-09 화요일 12:48:20 787 ] VideoAnalysis_Page -> VideoAnalysis_ButtonActions2 
[ 커피 2023-05-09 화요일 12:48:20 788 ] VideoAnalysis_Page -> VideoCheck_Play2 
[ 커피 2023-05-09 화요일 12:48:30 506 ] VideoAnalysis_Page -> VideoAnalysis_ButtonActions2 
[ 커피 2023-05-09 화요일 12:48:30 528 ] VideoAnalysis_Page -> VideoCheck_Play2 
[ 커피 2023-05-09 화요일 12:48:31 405 ] VideoAnalysis_Page -> VideoAnalysis_ButtonActions1 
[ 커피 2023-05-09 화요일 12:48:31 406 ] VideoAnalysis_Page -> VideoCheck_Play1 
[ 커피 2023-05-09 화요일 12:48:45 956 ] VideoAnalysis_Page -> VideoAnalysis_ButtonActions1 
[ 커피 2023-05-09 화요일 12:48:45 957 ] VideoAnalysis_Page -> VideoCheck_Play1 
[ 커피 2023-05-09 화요일 12:48:55 601 ] VideoAnalysis_Page -> VideoAnalysis_ButtonActions2 
[ 커피 2023-05-09 화요일 12:48:55 602 ] VideoAnalysis_Page -> VideoCheck_Play2 
[ 커피 2023-05-09 화요일 12:49:18 565 ] VideoAnalysis_Page -> FilterClick 
[ 커피 2023-05-09 화요일 12:50:35 538 ] VideoAnalysis_Page -> VideoAnalysis_ButtonActions2 
[ 커피 2023-05-09 화요일 12:50:35 540 ] VideoAnalysis_Page -> VideoCheck_Play2 
[ 커피 2023-05-09 화요일 12:50:36 401 ] VideoAnalysis_Page -> VideoAnalysis_ButtonActions1 
[ 커피 2023-05-09 화요일 12:50:36 401 ] VideoAnalysis_Page -> VideoCheck_Play1 
[ 커피 2023-05-09 화요일 12:50:37 607 ] VideoAnalysis_Page -> FilterClick 
[ 커피 2023-05-09 화요일 12:50:39 662 ] VideoAnalysis_Page -> VideoAnalysis_ButtonActions1 
[ 커피 2023-05-09 화요일 12:50:39 664 ] VideoAnalysis_Page -> VideoCheck_FileOpen1 
[ 커피 2023-05-09 화요일 12:50:48 850 ] VideoAnalysis_Page -> VideoCheck_FileClose1 
[ 커피 2023-05-09 화요일 12:50:51 056 ] VideoAnalysis_Page -> VideoCheck_FileOpen1 입력 문자열의 형식이 잘못되었습니다.
[ 커피 2023-05-09 화요일 12:50:52 938 ] VideoAnalysis_Page -> VideoAnalysis_ButtonActions1 
[ 커피 2023-05-09 화요일 12:50:52 938 ] VideoAnalysis_Page -> VideoCheck_FileClose1 
[ 커피 2023-05-09 화요일 12:50:55 248 ] VideoAnalysis_Page -> VideoAnalysis_ButtonActions1 
[ 커피 2023-05-09 화요일 12:50:55 248 ] VideoAnalysis_Page -> VideoCheck_FileOpen1 
[ 커피 2023-05-09 화요일 12:51:09 998 ] VideoAnalysis_Page -> VideoCheck_FileOpen1 입력 문자열의 형식이 잘못되었습니다.
[ 커피 2023-05-09 화요일 12:52:51 664 ] VideoAnalysis_Page -> VideoAnalysis_ButtonActions1 
[ 커피 2023-05-09 화요일 12:52:51 664 ] VideoAnalysis_Page -> VideoCheck_FileOpen1 
[ 커피 2023-05-09 화요일 12:53:18 195 ] VideoAnalysis_Page -> VideoCheck_FileOpen1 입력 문자열의 형식이 잘못되었습니다.
[ 커피 2023-05-09 화요일 12:53:22 847 ] VideoAnalysis_Page -> VideoAnalysis_ButtonActions1 
[ 커피 2023-05-09 화요일 12:53:22 848 ] VideoAnalysis_Page -> VideoCheck_FileOpen1 
[ 커피 2023-05-09 화요일 12:54:24 701 ] VideoAnalysis_Page -> VideoAnalysis_ButtonActions1 
[ 커피 2023-05-09 화요일 12:54:24 702 ] VideoAnalysis_Page -> VideoCheck_FileOpen1 
[ 커피 2023-05-09 화요일 12:54:33 528 ] VideoAnalysis_Page -> VideoCheck_FileOpen1 입력 문자열의 형식이 잘못되었습니다.
[ 커피 2023-05-09 화요일 12:54:39 129 ] VideoAnalysis_Page -> VideoAnalysis_ButtonActions1 
[ 커피 2023-05-09 화요일 12:54:39 130 ] VideoAnalysis_Page -> VideoCheck_FileOpen1 
[ 커피 2023-05-09 화요일 12:54:42 972 ] VideoAnalysis_Page -> VideoCheck_FileOpen1 입력 문자열의 형식이 잘못되었습니다.
[ 커피 2023-05-09 화요일 12:54:53 273 ] VideoAnalysis_Page -> VideoAnalysis_ButtonActions1 
[ 커피 2023-05-09 화요일 12:54:53 274 ] VideoAnalysis_Page -> VideoCheck_FileOpen1 
[ 커피 2023-05-09 화요일 12:55:17 560 ] VideoAnalysis_Page -> VideoCheck_FileOpen1 입력 문자열의 형식이 잘못되었습니다.
[ 커피 2023-05-09 화요일 12:55:33 463 ] VideoAnalysis_Page -> VideoAnalysis_ButtonActions1 
[ 커피 2023-05-09 화요일 12:55:33 464 ] VideoAnalysis_Page -> VideoCheck_FileOpen1 
[ 커피 2023-05-09 화요일 12:55:39 795 ] VideoAnalysis_Page -> VideoCheck_FileOpen1 입력 문자열의 형식이 잘못되었습니다.
[ 커피 2023-05-09 화요일 12:55:43 493 ] VideoAnalysis_Page -> VideoAnalysis_ButtonActions1 
[ 커피 2023-05-09 화요일 12:55:43 494 ] VideoAnalysis_Page -> VideoCheck_FileOpen1 
[ 커피 2023-05-09 화요일 13:31:17 727 ] VideoAnalysis_Page -> VideoAnalysis_ButtonActions1 
[ 커피 2023-05-09 화요일 13:31:17 731 ] VideoAnalysis_Page -> VideoCheck_Play1 
[ 커피 2023-05-09 화요일 13:31:18 633 ] VideoAnalysis_Page -> VideoAnalysis_ButtonActions2 
[ 커피 2023-05-09 화요일 13:31:18 634 ] VideoAnalysis_Page -> VideoCheck_Play2 
[ 커피 2023-05-09 화요일 13:31:25 790 ] VideoAnalysis_Page -> FilterClick 
[ 커피 2023-05-09 화요일 13:31:46 934 ] VideoAnalysis_Page -> VideoAnalysis_ButtonActions2 
[ 커피 2023-05-09 화요일 13:31:46 937 ] VideoAnalysis_Page -> VideoCheck_Stop2 
[ 커피 2023-05-09 화요일 13:31:48 991 ] VideoAnalysis_Page -> FilterClick 
[ 커피 2023-05-09 화요일 13:31:51 347 ] VideoAnalysis_Page -> VideoAnalysis_ButtonActions2 
[ 커피 2023-05-09 화요일 13:31:51 348 ] VideoAnalysis_Page -> VideoCheck_Play2 
[ 커피 2023-05-09 화요일 13:32:10 491 ] VideoAnalysis_Page -> FilterClick 
[ 커피 2023-05-09 화요일 13:32:11 779 ] VideoAnalysis_Page -> FilterClick 
[ 커피 2023-05-09 화요일 13:32:47 074 ] VideoAnalysis_Page -> VideoAnalysis_ButtonActions2 
[ 커피 2023-05-09 화요일 13:32:47 075 ] VideoAnalysis_Page -> VideoCheck_Stop2 
[ 커피 2023-05-09 화요일 13:32:49 023 ] VideoAnalysis_Page -> VideoAnalysis_ButtonActions2 
[ 커피 2023-05-09 화요일 13:32:49 023 ] VideoAnalysis_Page -> VideoCheck_Play2 
[ 커피 2023-05-09 화요일 13:32:56 988 ] VideoAnalysis_Page -> VideoAnalysis_ButtonActions2 
[ 커피 2023-05-09 화요일 13:32:56 989 ] VideoAnalysis_Page -> VideoCheck_Stop2 
[ 커피 2023-05-09 화요일 13:33:43 392 ] VideoAnalysis_Page -> VideoAnalysis_ButtonActions2 
[ 커피 2023-05-09 화요일 13:33:43 393 ] VideoAnalysis_Page -> VideoCheck_Stop2 
[ 커피 2023-05-09 화요일 13:33:44 411 ] VideoAnalysis_Page -> VideoAnalysis_ButtonActions1 
[ 커피 2023-05-09 화요일 13:33:44 412 ] VideoAnalysis_Page -> VideoCheck_Stop1 
[ 커피 2023-05-09 화요일 13:33:46 054 ] Form1 -> Form1_FormClosing 
[ 커피 2023-05-09 화요일 13:33:46 065 ] RealTimeView_Page -> CameraClose 
[ 커피 2023-05-09 화요일 13:33:46 126 ] CameraControl -> Stop 
[ 커피 2023-05-09 화요일 13:33:47 454 ] CameraControl -> Close 
[ 커피 2023-05-09 화요일 13:33:47 526 ] CameraControl -> Stop 
[ 커피 2023-05-09 화요일 13:33:48 834 ] CameraControl -> Close 
[ 커피 2023-05-09 화요일 13:33:48 886 ] CameraControl -> Stop 
[ 커피 2023-05-09 화요일 13:33:49 263 ] CameraControl -> Close 
[ 커피 2023-05-09 화요일 13:33:49 310 ] VideoCheck_Page -> VideoClose 
[ 커피 2023-05-09 화요일 13:33:49 311 ] VideoAnalysis_Page -> VideoClose 
[ 커피 2023-05-09 화요일 13:33:49 961 ] CameraControl -> Finalize 
[ 커피 2023-05-09 화요일 13:33:49 962 ] CameraControl -> Close 
[ 커피 2023-05-09 화요일 13:33:49 977 ] CameraControl -> Finalize 
[ 커피 2023-05-09 화요일 13:33:49 978 ] CameraControl -> Close 
[ 커피 2023-05-09 화요일 13:33:49 984 ] CameraControl -> Finalize 
[ 커피 2023-05-09 화요일 13:33:49 985 ] CameraControl -> Close 
