[ 쿠키 2023-04-28 금요일 09:31:38 049 ] Settings_Page -> XMLSave 
[ 쿠키 2023-04-28 금요일 09:31:40 134 ] Form1 -> NavigationClick 
[ 쿠키 2023-04-28 금요일 09:31:40 463 ] VideoAnalysis_Page -> VideoAnalysis_Page_Load 
[ 쿠키 2023-04-28 금요일 09:31:42 702 ] VideoAnalysis_Page -> VideoAnalysis_ButtonActions1 
[ 쿠키 2023-04-28 금요일 09:31:42 833 ] VideoAnalysis_Page -> VideoCheck_FileOpen1 
[ 쿠키 2023-04-28 금요일 09:31:50 922 ] VideoAnalysis_Page -> VideoAnalysis_ButtonActions1 
[ 쿠키 2023-04-28 금요일 09:31:50 963 ] VideoAnalysis_Page -> VideoCheck_Play1 
[ 쿠키 2023-04-28 금요일 09:31:53 690 ] VideoAnalysis_Page -> FilterClick 
[ 쿠키 2023-04-28 금요일 09:31:57 898 ] VideoAnalysis_Page -> VideoAnalysis_ButtonActions1 
[ 쿠키 2023-04-28 금요일 09:31:57 900 ] VideoAnalysis_Page -> VideoCheck_Play1 
[ 쿠키 2023-04-28 금요일 09:34:29 885 ] VideoAnalysis_Page -> VideoAnalysis_ButtonActions1 
[ 쿠키 2023-04-28 금요일 09:34:29 885 ] VideoAnalysis_Page -> VideoCheck_Play1 
[ 쿠키 2023-04-28 금요일 09:39:41 365 ] VideoAnalysis_Page -> VideoAnalysis_ButtonActions1 
[ 쿠키 2023-04-28 금요일 09:39:41 369 ] VideoAnalysis_Page -> VideoCheck_Play1 
[ 쿠키 2023-04-28 금요일 09:39:42 190 ] VideoAnalysis_Page -> VideoAnalysis_ButtonActions1 
[ 쿠키 2023-04-28 금요일 09:39:42 191 ] VideoAnalysis_Page -> VideoCheck_Play1 
[ 쿠키 2023-04-28 금요일 09:39:43 347 ] VideoAnalysis_Page -> VideoAnalysis_ButtonActions1 
[ 쿠키 2023-04-28 금요일 09:39:43 348 ] VideoAnalysis_Page -> VideoCheck_Play1 
[ 쿠키 2023-04-28 금요일 09:39:43 989 ] VideoAnalysis_Page -> VideoAnalysis_ButtonActions1 
[ 쿠키 2023-04-28 금요일 09:39:43 990 ] VideoAnalysis_Page -> VideoCheck_Play1 
[ 쿠키 2023-04-28 금요일 09:39:46 380 ] VideoAnalysis_Page -> VideoAnalysis_ButtonActions1 
[ 쿠키 2023-04-28 금요일 09:39:46 381 ] VideoAnalysis_Page -> VideoCheck_Play1 
[ 쿠키 2023-04-28 금요일 09:39:48 552 ] VideoAnalysis_Page -> VideoAnalysis_ButtonActions1 
[ 쿠키 2023-04-28 금요일 09:39:48 553 ] VideoAnalysis_Page -> VideoCheck_Play1 
[ 쿠키 2023-04-28 금요일 09:39:50 364 ] VideoAnalysis_Page -> VideoAnalysis_ButtonActions1 
[ 쿠키 2023-04-28 금요일 09:39:50 365 ] VideoAnalysis_Page -> VideoCheck_Play1 
[ 쿠키 2023-04-28 금요일 09:39:51 998 ] VideoAnalysis_Page -> VideoAnalysis_ButtonActions1 
[ 쿠키 2023-04-28 금요일 09:39:51 999 ] VideoAnalysis_Page -> VideoCheck_Play1 
[ 쿠키 2023-04-28 금요일 09:39:53 445 ] VideoAnalysis_Page -> VideoAnalysis_ButtonActions1 
[ 쿠키 2023-04-28 금요일 09:39:53 446 ] VideoAnalysis_Page -> VideoCheck_Play1 
[ 쿠키 2023-04-28 금요일 09:40:21 654 ] VideoAnalysis_Page -> VideoAnalysis_ButtonActions1 
[ 쿠키 2023-04-28 금요일 09:40:21 655 ] VideoAnalysis_Page -> VideoCheck_Play1 
[ 쿠키 2023-04-28 금요일 09:40:22 515 ] VideoAnalysis_Page -> VideoAnalysis_ButtonActions1 
[ 쿠키 2023-04-28 금요일 09:40:22 516 ] VideoAnalysis_Page -> VideoCheck_Play1 
[ 쿠키 2023-04-28 금요일 09:40:23 848 ] VideoAnalysis_Page -> VideoAnalysis_ButtonActions1 
[ 쿠키 2023-04-28 금요일 09:40:23 849 ] VideoAnalysis_Page -> VideoCheck_Play1 
[ 쿠키 2023-04-28 금요일 09:40:24 878 ] VideoAnalysis_Page -> VideoAnalysis_ButtonActions1 
[ 쿠키 2023-04-28 금요일 09:40:24 879 ] VideoAnalysis_Page -> VideoCheck_Play1 
[ 쿠키 2023-04-28 금요일 09:40:30 870 ] VideoAnalysis_Page -> VideoAnalysis_ButtonActions1 
[ 쿠키 2023-04-28 금요일 09:40:30 871 ] VideoAnalysis_Page -> VideoCheck_Play1 
[ 쿠키 2023-04-28 금요일 09:40:32 619 ] VideoAnalysis_Page -> VideoAnalysis_ButtonActions1 
[ 쿠키 2023-04-28 금요일 09:40:32 620 ] VideoAnalysis_Page -> VideoCheck_Play1 
[ 쿠키 2023-04-28 금요일 09:40:34 938 ] VideoAnalysis_Page -> VideoAnalysis_ButtonActions1 
[ 쿠키 2023-04-28 금요일 09:40:34 948 ] VideoAnalysis_Page -> VideoCheck_Play1 
[ 쿠키 2023-04-28 금요일 09:40:35 537 ] VideoAnalysis_Page -> VideoAnalysis_ButtonActions1 
[ 쿠키 2023-04-28 금요일 09:40:35 539 ] VideoAnalysis_Page -> VideoCheck_Play1 
[ 쿠키 2023-04-28 금요일 09:40:40 564 ] VideoAnalysis_Page -> VideoAnalysis_ButtonActions1 
[ 쿠키 2023-04-28 금요일 09:40:40 565 ] VideoAnalysis_Page -> VideoCheck_Play1 
[ 쿠키 2023-04-28 금요일 09:40:43 086 ] VideoAnalysis_Page -> VideoAnalysis_ButtonActions1 
[ 쿠키 2023-04-28 금요일 09:40:43 087 ] VideoAnalysis_Page -> VideoCheck_Play1 
[ 쿠키 2023-04-28 금요일 09:40:59 410 ] VideoAnalysis_Page -> VideoAnalysis_ButtonActions1 
[ 쿠키 2023-04-28 금요일 09:40:59 420 ] VideoAnalysis_Page -> VideoCheck_Play1 
[ 쿠키 2023-04-28 금요일 09:41:00 237 ] VideoAnalysis_Page -> VideoAnalysis_ButtonActions1 
[ 쿠키 2023-04-28 금요일 09:41:00 238 ] VideoAnalysis_Page -> VideoCheck_Play1 
[ 쿠키 2023-04-28 금요일 09:41:03 736 ] VideoAnalysis_Page -> VideoAnalysis_ButtonActions1 
[ 쿠키 2023-04-28 금요일 09:41:03 737 ] VideoAnalysis_Page -> VideoCheck_Play1 
[ 쿠키 2023-04-28 금요일 09:41:04 497 ] VideoAnalysis_Page -> VideoAnalysis_ButtonActions1 
[ 쿠키 2023-04-28 금요일 09:41:04 499 ] VideoAnalysis_Page -> VideoCheck_Play1 
[ 쿠키 2023-04-28 금요일 09:41:16 802 ] VideoAnalysis_Page -> VideoAnalysis_ButtonActions1 
[ 쿠키 2023-04-28 금요일 09:41:16 803 ] VideoAnalysis_Page -> VideoCheck_Play1 
[ 쿠키 2023-04-28 금요일 09:41:17 623 ] VideoAnalysis_Page -> VideoAnalysis_ButtonActions1 
[ 쿠키 2023-04-28 금요일 09:41:17 623 ] VideoAnalysis_Page -> VideoCheck_Play1 
[ 쿠키 2023-04-28 금요일 09:41:49 474 ] VideoAnalysis_Page -> VideoAnalysis_ButtonActions1 
[ 쿠키 2023-04-28 금요일 09:41:49 476 ] VideoAnalysis_Page -> VideoCheck_Play1 
[ 쿠키 2023-04-28 금요일 09:42:00 084 ] VideoAnalysis_Page -> VideoAnalysis_ButtonActions1 
[ 쿠키 2023-04-28 금요일 09:42:00 085 ] VideoAnalysis_Page -> VideoCheck_Play1 
[ 쿠키 2023-04-28 금요일 10:14:23 783 ] VideoAnalysis_Page -> VideoAnalysis_ButtonActions1 
[ 쿠키 2023-04-28 금요일 10:14:23 785 ] VideoAnalysis_Page -> VideoCheck_Play1 
[ 쿠키 2023-04-28 금요일 10:14:38 656 ] VideoAnalysis_Page -> VideoAnalysis_ButtonActions1 
[ 쿠키 2023-04-28 금요일 10:14:38 657 ] VideoAnalysis_Page -> VideoCheck_Play1 
[ 쿠키 2023-04-28 금요일 10:14:40 223 ] VideoAnalysis_Page -> VideoAnalysis_ButtonActions1 
[ 쿠키 2023-04-28 금요일 10:14:40 223 ] VideoAnalysis_Page -> VideoCheck_Play1 
[ 쿠키 2023-04-28 금요일 10:14:45 233 ] VideoAnalysis_Page -> VideoAnalysis_ButtonActions1 
[ 쿠키 2023-04-28 금요일 10:14:45 234 ] VideoAnalysis_Page -> VideoCheck_Play1 
[ 쿠키 2023-04-28 금요일 10:15:29 028 ] VideoAnalysis_Page -> VideoAnalysis_ButtonActions1 
[ 쿠키 2023-04-28 금요일 10:15:29 029 ] VideoAnalysis_Page -> VideoCheck_Play1 
[ 쿠키 2023-04-28 금요일 10:16:03 137 ] VideoAnalysis_Page -> VideoAnalysis_ButtonActions1 
[ 쿠키 2023-04-28 금요일 10:16:03 139 ] VideoAnalysis_Page -> VideoCheck_Play1 
[ 쿠키 2023-04-28 금요일 10:16:03 997 ] VideoAnalysis_Page -> VideoAnalysis_ButtonActions1 
[ 쿠키 2023-04-28 금요일 10:16:03 997 ] VideoAnalysis_Page -> VideoCheck_Play1 
[ 쿠키 2023-04-28 금요일 10:16:05 942 ] VideoAnalysis_Page -> VideoAnalysis_ButtonActions1 
[ 쿠키 2023-04-28 금요일 10:16:05 943 ] VideoAnalysis_Page -> VideoCheck_Play1 
[ 쿠키 2023-04-28 금요일 10:16:07 042 ] VideoAnalysis_Page -> VideoAnalysis_ButtonActions1 
[ 쿠키 2023-04-28 금요일 10:16:07 043 ] VideoAnalysis_Page -> VideoCheck_Play1 
[ 쿠키 2023-04-28 금요일 10:16:08 165 ] VideoAnalysis_Page -> VideoAnalysis_ButtonActions1 
[ 쿠키 2023-04-28 금요일 10:16:08 166 ] VideoAnalysis_Page -> VideoCheck_Play1 
[ 쿠키 2023-04-28 금요일 10:16:08 780 ] VideoAnalysis_Page -> VideoAnalysis_ButtonActions1 
[ 쿠키 2023-04-28 금요일 10:16:08 781 ] VideoAnalysis_Page -> VideoCheck_Play1 
[ 쿠키 2023-04-28 금요일 10:16:13 289 ] VideoAnalysis_Page -> VideoAnalysis_ButtonActions1 
[ 쿠키 2023-04-28 금요일 10:16:13 290 ] VideoAnalysis_Page -> VideoCheck_Play1 
[ 쿠키 2023-04-28 금요일 10:16:49 542 ] VideoAnalysis_Page -> VideoAnalysis_ButtonActions1 
[ 쿠키 2023-04-28 금요일 10:16:49 543 ] VideoAnalysis_Page -> VideoCheck_Play1 
[ 쿠키 2023-04-28 금요일 10:17:15 972 ] VideoAnalysis_Page -> VideoAnalysis_ButtonActions1 
[ 쿠키 2023-04-28 금요일 10:17:15 972 ] VideoAnalysis_Page -> VideoCheck_Play1 
[ 쿠키 2023-04-28 금요일 10:17:22 020 ] VideoAnalysis_Page -> VideoAnalysis_ButtonActions1 
[ 쿠키 2023-04-28 금요일 10:17:22 021 ] VideoAnalysis_Page -> VideoCheck_Play1 
[ 쿠키 2023-04-28 금요일 10:17:22 616 ] VideoAnalysis_Page -> VideoAnalysis_ButtonActions1 
[ 쿠키 2023-04-28 금요일 10:17:22 617 ] VideoAnalysis_Page -> VideoCheck_Play1 
[ 쿠키 2023-04-28 금요일 10:17:24 462 ] VideoAnalysis_Page -> VideoAnalysis_ButtonActions1 
[ 쿠키 2023-04-28 금요일 10:17:24 463 ] VideoAnalysis_Page -> VideoCheck_Play1 
[ 쿠키 2023-04-28 금요일 10:17:25 007 ] VideoAnalysis_Page -> VideoAnalysis_ButtonActions1 
[ 쿠키 2023-04-28 금요일 10:17:25 007 ] VideoAnalysis_Page -> VideoCheck_Play1 
[ 쿠키 2023-04-28 금요일 10:17:31 773 ] VideoAnalysis_Page -> VideoAnalysis_ButtonActions1 
[ 쿠키 2023-04-28 금요일 10:17:31 773 ] VideoAnalysis_Page -> VideoCheck_Play1 
[ 쿠키 2023-04-28 금요일 10:17:33 991 ] VideoAnalysis_Page -> VideoAnalysis_ButtonActions1 
[ 쿠키 2023-04-28 금요일 10:17:33 992 ] VideoAnalysis_Page -> VideoCheck_Play1 
[ 쿠키 2023-04-28 금요일 11:11:15 482 ] VideoAnalysis_Page -> VideoAnalysis_ButtonActions1 
[ 쿠키 2023-04-28 금요일 11:11:15 486 ] VideoAnalysis_Page -> VideoCheck_Play1 
[ 쿠키 2023-04-28 금요일 11:12:09 614 ] VideoAnalysis_Page -> VideoAnalysis_ButtonActions1 
[ 쿠키 2023-04-28 금요일 11:12:09 615 ] VideoAnalysis_Page -> VideoCheck_Play1 
[ 쿠키 2023-04-28 금요일 11:22:38 004 ] VideoAnalysis_Page -> VideoAnalysis_ButtonActions1 
[ 쿠키 2023-04-28 금요일 11:22:38 006 ] VideoAnalysis_Page -> VideoCheck_Play1 
[ 쿠키 2023-04-28 금요일 11:22:43 699 ] VideoAnalysis_Page -> VideoAnalysis_ButtonActions1 
[ 쿠키 2023-04-28 금요일 11:22:43 702 ] VideoAnalysis_Page -> VideoCheck_Play1 
[ 쿠키 2023-04-28 금요일 11:23:33 267 ] VideoAnalysis_Page -> VideoAnalysis_ButtonActions1 
[ 쿠키 2023-04-28 금요일 11:23:33 267 ] VideoAnalysis_Page -> VideoCheck_Play1 
[ 쿠키 2023-04-28 금요일 11:24:05 405 ] VideoAnalysis_Page -> VideoAnalysis_ButtonActions1 
[ 쿠키 2023-04-28 금요일 11:24:05 406 ] VideoAnalysis_Page -> VideoCheck_Play1 
[ 쿠키 2023-04-28 금요일 11:24:08 191 ] VideoAnalysis_Page -> VideoAnalysis_ButtonActions1 
[ 쿠키 2023-04-28 금요일 11:24:08 192 ] VideoAnalysis_Page -> VideoCheck_Play1 
[ 쿠키 2023-04-28 금요일 11:24:08 356 ] VideoAnalysis_Page -> VideoAnalysis_ButtonActions1 
[ 쿠키 2023-04-28 금요일 11:24:08 368 ] VideoAnalysis_Page -> VideoCheck_Play1 
[ 쿠키 2023-04-28 금요일 11:24:09 205 ] VideoAnalysis_Page -> VideoAnalysis_ButtonActions1 
[ 쿠키 2023-04-28 금요일 11:24:09 206 ] VideoAnalysis_Page -> VideoCheck_Play1 
[ 쿠키 2023-04-28 금요일 11:24:09 378 ] VideoAnalysis_Page -> VideoAnalysis_ButtonActions1 
[ 쿠키 2023-04-28 금요일 11:24:09 379 ] VideoAnalysis_Page -> VideoCheck_Play1 
[ 쿠키 2023-04-28 금요일 11:24:12 737 ] VideoAnalysis_Page -> VideoAnalysis_ButtonActions1 
[ 쿠키 2023-04-28 금요일 11:24:12 738 ] VideoAnalysis_Page -> VideoCheck_Play1 
[ 쿠키 2023-04-28 금요일 11:24:14 037 ] VideoAnalysis_Page -> VideoAnalysis_ButtonActions1 
[ 쿠키 2023-04-28 금요일 11:24:14 038 ] VideoAnalysis_Page -> VideoCheck_Play1 
[ 쿠키 2023-04-28 금요일 11:24:14 595 ] VideoAnalysis_Page -> VideoAnalysis_ButtonActions1 
[ 쿠키 2023-04-28 금요일 11:24:14 596 ] VideoAnalysis_Page -> VideoCheck_Play1 
[ 쿠키 2023-04-28 금요일 11:24:14 771 ] VideoAnalysis_Page -> VideoAnalysis_ButtonActions1 
[ 쿠키 2023-04-28 금요일 11:24:14 773 ] VideoAnalysis_Page -> VideoCheck_Play1 
[ 쿠키 2023-04-28 금요일 11:24:15 431 ] VideoAnalysis_Page -> VideoAnalysis_ButtonActions1 
[ 쿠키 2023-04-28 금요일 11:24:15 433 ] VideoAnalysis_Page -> VideoCheck_Play1 
[ 쿠키 2023-04-28 금요일 11:24:15 641 ] VideoAnalysis_Page -> VideoAnalysis_ButtonActions1 
[ 쿠키 2023-04-28 금요일 11:24:15 641 ] VideoAnalysis_Page -> VideoCheck_Play1 
[ 쿠키 2023-04-28 금요일 11:24:16 275 ] VideoAnalysis_Page -> VideoAnalysis_ButtonActions1 
[ 쿠키 2023-04-28 금요일 11:24:16 276 ] VideoAnalysis_Page -> VideoCheck_Play1 
[ 쿠키 2023-04-28 금요일 11:24:16 407 ] VideoAnalysis_Page -> VideoAnalysis_ButtonActions1 
[ 쿠키 2023-04-28 금요일 11:24:16 407 ] VideoAnalysis_Page -> VideoCheck_Play1 
[ 쿠키 2023-04-28 금요일 11:24:17 033 ] VideoAnalysis_Page -> VideoAnalysis_ButtonActions1 
[ 쿠키 2023-04-28 금요일 11:24:17 034 ] VideoAnalysis_Page -> VideoCheck_Play1 
[ 쿠키 2023-04-28 금요일 11:24:17 200 ] VideoAnalysis_Page -> VideoAnalysis_ButtonActions1 
[ 쿠키 2023-04-28 금요일 11:24:17 200 ] VideoAnalysis_Page -> VideoCheck_Play1 
[ 쿠키 2023-04-28 금요일 11:24:17 813 ] VideoAnalysis_Page -> VideoAnalysis_ButtonActions1 
[ 쿠키 2023-04-28 금요일 11:24:17 814 ] VideoAnalysis_Page -> VideoCheck_Play1 
[ 쿠키 2023-04-28 금요일 11:24:17 967 ] VideoAnalysis_Page -> VideoAnalysis_ButtonActions1 
[ 쿠키 2023-04-28 금요일 11:24:17 970 ] VideoAnalysis_Page -> VideoCheck_Play1 
[ 쿠키 2023-04-28 금요일 11:24:18 653 ] VideoAnalysis_Page -> VideoAnalysis_ButtonActions1 
[ 쿠키 2023-04-28 금요일 11:24:18 654 ] VideoAnalysis_Page -> VideoCheck_Play1 
[ 쿠키 2023-04-28 금요일 11:24:18 789 ] VideoAnalysis_Page -> VideoAnalysis_ButtonActions1 
[ 쿠키 2023-04-28 금요일 11:24:18 789 ] VideoAnalysis_Page -> VideoCheck_Play1 
[ 쿠키 2023-04-28 금요일 11:24:19 477 ] VideoAnalysis_Page -> VideoAnalysis_ButtonActions1 
[ 쿠키 2023-04-28 금요일 11:24:19 478 ] VideoAnalysis_Page -> VideoCheck_Play1 
[ 쿠키 2023-04-28 금요일 11:24:19 640 ] VideoAnalysis_Page -> VideoAnalysis_ButtonActions1 
[ 쿠키 2023-04-28 금요일 11:24:19 643 ] VideoAnalysis_Page -> VideoCheck_Play1 
[ 쿠키 2023-04-28 금요일 11:24:20 725 ] VideoAnalysis_Page -> VideoAnalysis_ButtonActions1 
[ 쿠키 2023-04-28 금요일 11:24:20 726 ] VideoAnalysis_Page -> VideoCheck_Play1 
[ 쿠키 2023-04-28 금요일 11:24:20 884 ] VideoAnalysis_Page -> VideoAnalysis_ButtonActions1 
[ 쿠키 2023-04-28 금요일 11:24:20 887 ] VideoAnalysis_Page -> VideoCheck_Play1 
[ 쿠키 2023-04-28 금요일 11:24:21 733 ] VideoAnalysis_Page -> VideoAnalysis_ButtonActions1 
[ 쿠키 2023-04-28 금요일 11:24:21 734 ] VideoAnalysis_Page -> VideoCheck_Play1 
[ 쿠키 2023-04-28 금요일 11:24:21 878 ] VideoAnalysis_Page -> VideoAnalysis_ButtonActions1 
[ 쿠키 2023-04-28 금요일 11:24:21 880 ] VideoAnalysis_Page -> VideoCheck_Play1 
[ 쿠키 2023-04-28 금요일 11:24:22 773 ] VideoAnalysis_Page -> VideoAnalysis_ButtonActions1 
[ 쿠키 2023-04-28 금요일 11:24:22 774 ] VideoAnalysis_Page -> VideoCheck_Play1 
[ 쿠키 2023-04-28 금요일 11:24:22 925 ] VideoAnalysis_Page -> VideoAnalysis_ButtonActions1 
[ 쿠키 2023-04-28 금요일 11:24:22 928 ] VideoAnalysis_Page -> VideoCheck_Play1 
[ 쿠키 2023-04-28 금요일 11:24:23 689 ] VideoAnalysis_Page -> VideoAnalysis_ButtonActions1 
[ 쿠키 2023-04-28 금요일 11:24:23 690 ] VideoAnalysis_Page -> VideoCheck_Play1 
[ 쿠키 2023-04-28 금요일 11:24:23 860 ] VideoAnalysis_Page -> VideoAnalysis_ButtonActions1 
[ 쿠키 2023-04-28 금요일 11:24:23 860 ] VideoAnalysis_Page -> VideoCheck_Play1 
[ 쿠키 2023-04-28 금요일 11:24:24 743 ] VideoAnalysis_Page -> VideoAnalysis_ButtonActions1 
[ 쿠키 2023-04-28 금요일 11:24:24 744 ] VideoAnalysis_Page -> VideoCheck_Play1 
[ 쿠키 2023-04-28 금요일 11:24:24 902 ] VideoAnalysis_Page -> VideoAnalysis_ButtonActions1 
[ 쿠키 2023-04-28 금요일 11:24:24 905 ] VideoAnalysis_Page -> VideoCheck_Play1 
[ 쿠키 2023-04-28 금요일 11:24:25 691 ] VideoAnalysis_Page -> VideoAnalysis_ButtonActions1 
[ 쿠키 2023-04-28 금요일 11:24:25 692 ] VideoAnalysis_Page -> VideoCheck_Play1 
[ 쿠키 2023-04-28 금요일 11:24:25 956 ] VideoAnalysis_Page -> VideoAnalysis_ButtonActions1 
[ 쿠키 2023-04-28 금요일 11:24:25 957 ] VideoAnalysis_Page -> VideoCheck_Play1 
[ 쿠키 2023-04-28 금요일 11:24:26 909 ] VideoAnalysis_Page -> VideoAnalysis_ButtonActions1 
[ 쿠키 2023-04-28 금요일 11:24:26 910 ] VideoAnalysis_Page -> VideoCheck_Play1 
[ 쿠키 2023-04-28 금요일 11:24:27 083 ] VideoAnalysis_Page -> VideoAnalysis_ButtonActions1 
[ 쿠키 2023-04-28 금요일 11:24:27 084 ] VideoAnalysis_Page -> VideoCheck_Play1 
[ 쿠키 2023-04-28 금요일 11:24:27 783 ] VideoAnalysis_Page -> VideoAnalysis_ButtonActions1 
[ 쿠키 2023-04-28 금요일 11:24:27 784 ] VideoAnalysis_Page -> VideoCheck_Play1 
[ 쿠키 2023-04-28 금요일 11:24:27 946 ] VideoAnalysis_Page -> VideoAnalysis_ButtonActions1 
[ 쿠키 2023-04-28 금요일 11:24:27 947 ] VideoAnalysis_Page -> VideoCheck_Play1 
[ 쿠키 2023-04-28 금요일 11:24:28 765 ] VideoAnalysis_Page -> VideoAnalysis_ButtonActions1 
[ 쿠키 2023-04-28 금요일 11:24:28 766 ] VideoAnalysis_Page -> VideoCheck_Play1 
[ 쿠키 2023-04-28 금요일 11:24:29 143 ] VideoAnalysis_Page -> VideoAnalysis_ButtonActions1 
[ 쿠키 2023-04-28 금요일 11:24:29 147 ] VideoAnalysis_Page -> VideoCheck_Play1 
[ 쿠키 2023-04-28 금요일 11:24:36 401 ] VideoAnalysis_Page -> VideoAnalysis_ButtonActions1 
[ 쿠키 2023-04-28 금요일 11:24:36 402 ] VideoAnalysis_Page -> VideoCheck_Play1 
[ 쿠키 2023-04-28 금요일 11:24:36 963 ] VideoAnalysis_Page -> VideoAnalysis_ButtonActions1 
[ 쿠키 2023-04-28 금요일 11:24:36 963 ] VideoAnalysis_Page -> VideoCheck_Play1 
[ 쿠키 2023-04-28 금요일 11:24:37 679 ] VideoAnalysis_Page -> VideoAnalysis_ButtonActions1 
[ 쿠키 2023-04-28 금요일 11:24:37 680 ] VideoAnalysis_Page -> VideoCheck_Play1 
[ 쿠키 2023-04-28 금요일 11:24:37 920 ] VideoAnalysis_Page -> VideoAnalysis_ButtonActions1 
[ 쿠키 2023-04-28 금요일 11:24:37 921 ] VideoAnalysis_Page -> VideoCheck_Play1 
[ 쿠키 2023-04-28 금요일 11:24:38 791 ] VideoAnalysis_Page -> VideoAnalysis_ButtonActions1 
[ 쿠키 2023-04-28 금요일 11:24:38 792 ] VideoAnalysis_Page -> VideoCheck_Play1 
[ 쿠키 2023-04-28 금요일 11:24:39 058 ] VideoAnalysis_Page -> VideoAnalysis_ButtonActions1 
[ 쿠키 2023-04-28 금요일 11:24:39 059 ] VideoAnalysis_Page -> VideoCheck_Play1 
[ 쿠키 2023-04-28 금요일 11:24:44 831 ] VideoAnalysis_Page -> VideoAnalysis_ButtonActions1 
[ 쿠키 2023-04-28 금요일 11:24:44 832 ] VideoAnalysis_Page -> VideoCheck_Play1 
[ 쿠키 2023-04-28 금요일 11:24:45 111 ] VideoAnalysis_Page -> VideoAnalysis_ButtonActions1 
[ 쿠키 2023-04-28 금요일 11:24:45 112 ] VideoAnalysis_Page -> VideoCheck_Play1 
[ 쿠키 2023-04-28 금요일 11:25:58 067 ] VideoAnalysis_Page -> VideoAnalysis_ButtonActions1 
[ 쿠키 2023-04-28 금요일 11:25:58 068 ] VideoAnalysis_Page -> VideoCheck_Play1 
[ 쿠키 2023-04-28 금요일 11:27:02 039 ] VideoAnalysis_Page -> VideoAnalysis_ButtonActions1 
[ 쿠키 2023-04-28 금요일 11:27:02 040 ] VideoAnalysis_Page -> VideoCheck_Play1 
[ 쿠키 2023-04-28 금요일 11:27:04 153 ] VideoAnalysis_Page -> VideoAnalysis_ButtonActions1 
[ 쿠키 2023-04-28 금요일 11:27:04 153 ] VideoAnalysis_Page -> VideoCheck_Play1 
[ 쿠키 2023-04-28 금요일 11:27:04 449 ] VideoAnalysis_Page -> VideoAnalysis_ButtonActions1 
[ 쿠키 2023-04-28 금요일 11:27:04 450 ] VideoAnalysis_Page -> VideoCheck_Play1 
[ 쿠키 2023-04-28 금요일 11:27:07 047 ] VideoAnalysis_Page -> VideoAnalysis_ButtonActions1 
[ 쿠키 2023-04-28 금요일 11:27:07 048 ] VideoAnalysis_Page -> VideoCheck_Play1 
[ 쿠키 2023-04-28 금요일 11:27:07 614 ] VideoAnalysis_Page -> VideoAnalysis_ButtonActions1 
[ 쿠키 2023-04-28 금요일 11:27:07 614 ] VideoAnalysis_Page -> VideoCheck_Play1 
[ 쿠키 2023-04-28 금요일 11:27:50 411 ] VideoAnalysis_Page -> VideoAnalysis_ButtonActions1 
[ 쿠키 2023-04-28 금요일 11:27:50 412 ] VideoAnalysis_Page -> VideoCheck_Play1 
[ 쿠키 2023-04-28 금요일 11:43:10 888 ] VideoAnalysis_Page -> VideoAnalysis_ButtonActions1 
[ 쿠키 2023-04-28 금요일 11:43:10 890 ] VideoAnalysis_Page -> VideoCheck_Play1 
[ 쿠키 2023-04-28 금요일 11:43:15 880 ] VideoAnalysis_Page -> VideoAnalysis_ButtonActions1 
[ 쿠키 2023-04-28 금요일 11:43:15 881 ] VideoAnalysis_Page -> VideoCheck_Play1 
[ 쿠키 2023-04-28 금요일 11:43:16 456 ] VideoAnalysis_Page -> VideoAnalysis_ButtonActions1 
[ 쿠키 2023-04-28 금요일 11:43:16 457 ] VideoAnalysis_Page -> VideoCheck_Play1 
[ 쿠키 2023-04-28 금요일 11:43:16 999 ] VideoAnalysis_Page -> VideoAnalysis_ButtonActions1 
[ 쿠키 2023-04-28 금요일 11:43:17 000 ] VideoAnalysis_Page -> VideoCheck_Play1 
[ 쿠키 2023-04-28 금요일 11:43:17 465 ] VideoAnalysis_Page -> VideoAnalysis_ButtonActions1 
[ 쿠키 2023-04-28 금요일 11:43:17 465 ] VideoAnalysis_Page -> VideoCheck_Play1 
[ 쿠키 2023-04-28 금요일 11:43:20 872 ] VideoAnalysis_Page -> VideoAnalysis_ButtonActions1 
[ 쿠키 2023-04-28 금요일 11:43:20 873 ] VideoAnalysis_Page -> VideoCheck_Play1 
[ 쿠키 2023-04-28 금요일 11:43:21 452 ] VideoAnalysis_Page -> VideoAnalysis_ButtonActions1 
[ 쿠키 2023-04-28 금요일 11:43:21 453 ] VideoAnalysis_Page -> VideoCheck_Play1 
[ 쿠키 2023-04-28 금요일 11:43:22 276 ] VideoAnalysis_Page -> VideoAnalysis_ButtonActions1 
[ 쿠키 2023-04-28 금요일 11:43:22 277 ] VideoAnalysis_Page -> VideoCheck_Play1 
[ 쿠키 2023-04-28 금요일 11:43:22 484 ] VideoAnalysis_Page -> VideoAnalysis_ButtonActions1 
[ 쿠키 2023-04-28 금요일 11:43:22 484 ] VideoAnalysis_Page -> VideoCheck_Play1 
[ 쿠키 2023-04-28 금요일 11:43:23 630 ] VideoAnalysis_Page -> VideoAnalysis_ButtonActions1 
[ 쿠키 2023-04-28 금요일 11:43:23 631 ] VideoAnalysis_Page -> VideoCheck_Play1 
[ 쿠키 2023-04-28 금요일 11:43:23 849 ] VideoAnalysis_Page -> VideoAnalysis_ButtonActions1 
[ 쿠키 2023-04-28 금요일 11:43:23 850 ] VideoAnalysis_Page -> VideoCheck_Play1 
[ 쿠키 2023-04-28 금요일 11:43:39 590 ] VideoAnalysis_Page -> VideoAnalysis_ButtonActions1 
[ 쿠키 2023-04-28 금요일 11:43:39 591 ] VideoAnalysis_Page -> VideoCheck_Play1 
[ 쿠키 2023-04-28 금요일 11:43:59 449 ] VideoAnalysis_Page -> VideoAnalysis_ButtonActions1 
[ 쿠키 2023-04-28 금요일 11:43:59 450 ] VideoAnalysis_Page -> VideoCheck_Play1 
[ 쿠키 2023-04-28 금요일 11:44:10 458 ] VideoAnalysis_Page -> VideoAnalysis_ButtonActions1 
[ 쿠키 2023-04-28 금요일 11:44:10 459 ] VideoAnalysis_Page -> VideoCheck_Play1 
[ 쿠키 2023-04-28 금요일 11:52:32 383 ] VideoAnalysis_Page -> VideoAnalysis_ButtonActions1 
[ 쿠키 2023-04-28 금요일 11:52:32 385 ] VideoAnalysis_Page -> VideoCheck_Play1 
[ 쿠키 2023-04-28 금요일 11:52:33 493 ] VideoAnalysis_Page -> VideoAnalysis_ButtonActions1 
[ 쿠키 2023-04-28 금요일 11:52:33 494 ] VideoAnalysis_Page -> VideoCheck_Play1 
[ 쿠키 2023-04-28 금요일 13:29:23 355 ] Form1 -> Form1_FormClosing 
[ 쿠키 2023-04-28 금요일 13:29:23 407 ] RealTimeView_Page -> CameraClose 
[ 쿠키 2023-04-28 금요일 13:29:23 877 ] CameraControl -> Stop 
[ 쿠키 2023-04-28 금요일 13:29:24 320 ] CameraControl -> Stop -1005 = GCWritePort(0x0000021E7B9E4F70, 16973828, 0x000000F28F0FC240, 0x000000F28F0FB3F0) Requested operation is not allowed.
[ 쿠키 2023-04-28 금요일 13:29:24 323 ] CameraControl -> Close 
[ 쿠키 2023-04-28 금요일 13:29:24 581 ] CameraControl -> Stop 
[ 쿠키 2023-04-28 금요일 13:29:24 778 ] CameraControl -> Stop -1005 = GCWritePort(0x0000021E7B9E5B40, 16973828, 0x000000F28F0FC240, 0x000000F28F0FB3F0) Requested operation is not allowed.
[ 쿠키 2023-04-28 금요일 13:29:24 779 ] CameraControl -> Close 
[ 쿠키 2023-04-28 금요일 13:29:24 865 ] CameraControl -> Stop 
[ 쿠키 2023-04-28 금요일 13:29:25 040 ] CameraControl -> Stop -1005 = GCWritePort(0x0000021E7B9E6860, 16973828, 0x000000F28F0FC240, 0x000000F28F0FB3F0) Requested operation is not allowed.
[ 쿠키 2023-04-28 금요일 13:29:25 041 ] CameraControl -> Close 
[ 쿠키 2023-04-28 금요일 13:29:25 108 ] VideoCheck_Page -> VideoClose 
[ 쿠키 2023-04-28 금요일 13:29:25 111 ] VideoAnalysis_Page -> VideoClose 
[ 쿠키 2023-04-28 금요일 13:43:51 598 ] Settings_Page -> XMLSave 
[ 쿠키 2023-04-28 금요일 13:44:00 722 ] Form1 -> NavigationClick 
[ 쿠키 2023-04-28 금요일 13:44:01 076 ] VideoAnalysis_Page -> VideoAnalysis_Page_Load 
[ 쿠키 2023-04-28 금요일 13:48:02 269 ] VideoAnalysis_Page -> VideoAnalysis_ButtonActions1 
[ 쿠키 2023-04-28 금요일 13:48:02 339 ] VideoAnalysis_Page -> VideoCheck_FileOpen1 
[ 쿠키 2023-04-28 금요일 13:48:08 691 ] VideoAnalysis_Page -> FilterClick 
[ 쿠키 2023-04-28 금요일 13:48:11 270 ] VideoAnalysis_Page -> VideoAnalysis_ButtonActions1 
[ 쿠키 2023-04-28 금요일 13:48:11 273 ] VideoAnalysis_Page -> VideoCheck_Play1 
[ 쿠키 2023-04-28 금요일 13:48:13 395 ] VideoAnalysis_Page -> VideoAnalysis_ButtonActions1 
[ 쿠키 2023-04-28 금요일 13:48:13 398 ] VideoAnalysis_Page -> VideoCheck_Play1 
[ 쿠키 2023-04-28 금요일 13:48:15 744 ] VideoAnalysis_Page -> VideoAnalysis_ButtonActions1 
[ 쿠키 2023-04-28 금요일 13:48:15 745 ] VideoAnalysis_Page -> VideoCheck_Play1 
[ 쿠키 2023-04-28 금요일 13:48:20 928 ] VideoAnalysis_Page -> VideoAnalysis_ButtonActions1 
[ 쿠키 2023-04-28 금요일 13:48:20 930 ] VideoAnalysis_Page -> VideoCheck_Play1 
[ 쿠키 2023-04-28 금요일 13:48:22 095 ] VideoAnalysis_Page -> VideoAnalysis_ButtonActions1 
[ 쿠키 2023-04-28 금요일 13:48:22 095 ] VideoAnalysis_Page -> VideoCheck_Play1 
[ 쿠키 2023-04-28 금요일 13:48:23 784 ] VideoAnalysis_Page -> VideoAnalysis_ButtonActions1 
[ 쿠키 2023-04-28 금요일 13:48:23 784 ] VideoAnalysis_Page -> VideoCheck_Play1 
[ 쿠키 2023-04-28 금요일 13:48:28 310 ] VideoAnalysis_Page -> VideoAnalysis_ButtonActions1 
[ 쿠키 2023-04-28 금요일 13:48:28 311 ] VideoAnalysis_Page -> VideoCheck_Play1 
[ 쿠키 2023-04-28 금요일 13:48:28 848 ] VideoAnalysis_Page -> VideoAnalysis_ButtonActions1 
[ 쿠키 2023-04-28 금요일 13:48:28 849 ] VideoAnalysis_Page -> VideoCheck_Play1 
[ 쿠키 2023-04-28 금요일 13:48:29 339 ] VideoAnalysis_Page -> VideoAnalysis_ButtonActions1 
[ 쿠키 2023-04-28 금요일 13:48:29 340 ] VideoAnalysis_Page -> VideoCheck_Play1 
[ 쿠키 2023-04-28 금요일 13:48:30 837 ] VideoAnalysis_Page -> VideoAnalysis_ButtonActions1 
[ 쿠키 2023-04-28 금요일 13:48:30 837 ] VideoAnalysis_Page -> VideoCheck_Play1 
[ 쿠키 2023-04-28 금요일 13:48:31 474 ] VideoAnalysis_Page -> VideoAnalysis_ButtonActions1 
[ 쿠키 2023-04-28 금요일 13:48:31 475 ] VideoAnalysis_Page -> VideoCheck_Play1 
[ 쿠키 2023-04-28 금요일 13:48:32 507 ] VideoAnalysis_Page -> VideoAnalysis_ButtonActions1 
[ 쿠키 2023-04-28 금요일 13:48:32 508 ] VideoAnalysis_Page -> VideoCheck_Play1 
[ 쿠키 2023-04-28 금요일 13:53:34 950 ] Settings_Page -> XMLSave 
[ 쿠키 2023-04-28 금요일 13:53:36 872 ] Form1 -> NavigationClick 
[ 쿠키 2023-04-28 금요일 13:53:37 269 ] VideoAnalysis_Page -> VideoAnalysis_Page_Load 
[ 쿠키 2023-04-28 금요일 13:53:39 205 ] VideoAnalysis_Page -> FilterClick 
[ 쿠키 2023-04-28 금요일 13:53:39 709 ] VideoAnalysis_Page -> VideoAnalysis_ButtonActions1 
[ 쿠키 2023-04-28 금요일 13:53:39 721 ] VideoAnalysis_Page -> VideoCheck_FileOpen1 
[ 쿠키 2023-04-28 금요일 13:53:46 081 ] VideoAnalysis_Page -> FilterClick 
[ 쿠키 2023-04-28 금요일 13:53:54 420 ] VideoAnalysis_Page -> VideoAnalysis_ButtonActions1 
[ 쿠키 2023-04-28 금요일 13:53:54 423 ] VideoAnalysis_Page -> VideoCheck_Play1 
[ 쿠키 2023-04-28 금요일 13:53:55 427 ] VideoAnalysis_Page -> VideoAnalysis_ButtonActions1 
[ 쿠키 2023-04-28 금요일 13:53:55 428 ] VideoAnalysis_Page -> VideoCheck_Play1 
[ 쿠키 2023-04-28 금요일 14:00:00 087 ] VideoAnalysis_Page -> VideoAnalysis_ButtonActions1 
[ 쿠키 2023-04-28 금요일 14:00:00 090 ] VideoAnalysis_Page -> VideoCheck_Play1 
[ 쿠키 2023-04-28 금요일 14:00:01 060 ] VideoAnalysis_Page -> VideoAnalysis_ButtonActions1 
[ 쿠키 2023-04-28 금요일 14:00:01 062 ] VideoAnalysis_Page -> VideoCheck_Play1 
[ 쿠키 2023-04-28 금요일 14:00:02 429 ] VideoAnalysis_Page -> VideoAnalysis_ButtonActions1 
[ 쿠키 2023-04-28 금요일 14:00:02 429 ] VideoAnalysis_Page -> VideoCheck_Play1 
[ 쿠키 2023-04-28 금요일 14:00:02 821 ] VideoAnalysis_Page -> VideoAnalysis_ButtonActions1 
[ 쿠키 2023-04-28 금요일 14:00:02 822 ] VideoAnalysis_Page -> VideoCheck_Play1 
[ 쿠키 2023-04-28 금요일 14:00:29 694 ] VideoAnalysis_Page -> VideoAnalysis_ButtonActions1 
[ 쿠키 2023-04-28 금요일 14:00:29 695 ] VideoAnalysis_Page -> VideoCheck_Play1 
[ 쿠키 2023-04-28 금요일 14:07:22 135 ] VideoAnalysis_Page -> VideoAnalysis_ButtonActions1 
[ 쿠키 2023-04-28 금요일 14:07:22 142 ] VideoAnalysis_Page -> VideoCheck_Play1 
[ 쿠키 2023-04-28 금요일 14:18:24 886 ] Form1 -> Form1_FormClosing 
[ 쿠키 2023-04-28 금요일 14:18:24 901 ] RealTimeView_Page -> CameraClose 
[ 쿠키 2023-04-28 금요일 14:18:24 988 ] CameraControl -> Stop 
[ 쿠키 2023-04-28 금요일 14:18:25 169 ] CameraControl -> Close 
[ 쿠키 2023-04-28 금요일 14:18:25 287 ] CameraControl -> Stop 
[ 쿠키 2023-04-28 금요일 14:18:26 702 ] CameraControl -> Close 
[ 쿠키 2023-04-28 금요일 14:18:26 763 ] CameraControl -> Stop 
[ 쿠키 2023-04-28 금요일 14:18:27 126 ] CameraControl -> Close 
[ 쿠키 2023-04-28 금요일 14:18:27 169 ] VideoCheck_Page -> VideoClose 
[ 쿠키 2023-04-28 금요일 14:18:27 171 ] VideoAnalysis_Page -> VideoClose 
[ 쿠키 2023-04-28 금요일 14:18:27 931 ] CameraControl -> Finalize 
[ 쿠키 2023-04-28 금요일 14:18:27 932 ] CameraControl -> Close 
[ 쿠키 2023-04-28 금요일 14:18:27 944 ] CameraControl -> Finalize 
[ 쿠키 2023-04-28 금요일 14:18:27 945 ] CameraControl -> Close 
[ 쿠키 2023-04-28 금요일 14:18:27 946 ] CameraControl -> Finalize 
[ 쿠키 2023-04-28 금요일 14:18:27 946 ] CameraControl -> Close 
[ 쿠키 2023-04-28 금요일 14:18:54 760 ] Settings_Page -> XMLSave 
[ 쿠키 2023-04-28 금요일 14:18:55 732 ] Form1 -> NavigationClick 
[ 쿠키 2023-04-28 금요일 14:18:56 121 ] VideoAnalysis_Page -> VideoAnalysis_Page_Load 
[ 쿠키 2023-04-28 금요일 14:18:57 990 ] VideoAnalysis_Page -> VideoAnalysis_ButtonActions1 
[ 쿠키 2023-04-28 금요일 14:18:58 015 ] VideoAnalysis_Page -> VideoCheck_FileOpen1 
[ 쿠키 2023-04-28 금요일 14:19:05 785 ] VideoAnalysis_Page -> FilterClick 
[ 쿠키 2023-04-28 금요일 14:19:10 742 ] VideoAnalysis_Page -> VideoAnalysis_ButtonActions1 
[ 쿠키 2023-04-28 금요일 14:19:10 744 ] VideoAnalysis_Page -> VideoCheck_Play1 
[ 쿠키 2023-04-28 금요일 14:19:12 847 ] VideoAnalysis_Page -> VideoAnalysis_ButtonActions1 
[ 쿠키 2023-04-28 금요일 14:19:12 849 ] VideoAnalysis_Page -> VideoCheck_Play1 
[ 쿠키 2023-04-28 금요일 14:19:26 319 ] VideoAnalysis_Page -> VideoAnalysis_ButtonActions1 
[ 쿠키 2023-04-28 금요일 14:19:26 320 ] VideoAnalysis_Page -> VideoCheck_Play1 
[ 쿠키 2023-04-28 금요일 14:19:53 837 ] VideoAnalysis_Page -> VideoAnalysis_ButtonActions1 
[ 쿠키 2023-04-28 금요일 14:19:53 840 ] VideoAnalysis_Page -> VideoCheck_Play1 
[ 쿠키 2023-04-28 금요일 14:19:55 669 ] Form1 -> Form1_FormClosing 
[ 쿠키 2023-04-28 금요일 14:19:55 680 ] RealTimeView_Page -> CameraClose 
[ 쿠키 2023-04-28 금요일 14:19:55 751 ] CameraControl -> Stop 
[ 쿠키 2023-04-28 금요일 14:19:57 237 ] CameraControl -> Close 
[ 쿠키 2023-04-28 금요일 14:19:57 323 ] CameraControl -> Stop 
[ 쿠키 2023-04-28 금요일 14:19:58 629 ] CameraControl -> Close 
[ 쿠키 2023-04-28 금요일 14:19:58 671 ] CameraControl -> Stop 
[ 쿠키 2023-04-28 금요일 14:19:59 022 ] CameraControl -> Close 
[ 쿠키 2023-04-28 금요일 14:19:59 065 ] VideoCheck_Page -> VideoClose 
[ 쿠키 2023-04-28 금요일 14:19:59 067 ] VideoAnalysis_Page -> VideoClose 
[ 쿠키 2023-04-28 금요일 14:20:53 065 ] Settings_Page -> XMLSave 
[ 쿠키 2023-04-28 금요일 14:20:54 124 ] Form1 -> NavigationClick 
[ 쿠키 2023-04-28 금요일 14:20:54 468 ] VideoAnalysis_Page -> VideoAnalysis_Page_Load 
[ 쿠키 2023-04-28 금요일 14:20:56 394 ] VideoAnalysis_Page -> VideoAnalysis_ButtonActions1 
[ 쿠키 2023-04-28 금요일 14:20:56 425 ] VideoAnalysis_Page -> VideoCheck_FileOpen1 
[ 쿠키 2023-04-28 금요일 14:21:03 963 ] VideoAnalysis_Page -> FilterClick 
[ 쿠키 2023-04-28 금요일 14:21:11 249 ] VideoAnalysis_Page -> VideoAnalysis_ButtonActions1 
[ 쿠키 2023-04-28 금요일 14:21:11 251 ] VideoAnalysis_Page -> VideoCheck_Play1 
[ 쿠키 2023-04-28 금요일 14:22:01 587 ] VideoAnalysis_Page -> VideoAnalysis_ButtonActions1 
[ 쿠키 2023-04-28 금요일 14:22:01 588 ] VideoAnalysis_Page -> VideoCheck_Play1 
[ 쿠키 2023-04-28 금요일 14:35:25 898 ] VideoAnalysis_Page -> VideoAnalysis_ButtonActions1 
[ 쿠키 2023-04-28 금요일 14:35:25 902 ] VideoAnalysis_Page -> VideoCheck_Play1 
[ 쿠키 2023-04-28 금요일 14:35:59 434 ] VideoAnalysis_Page -> VideoAnalysis_ButtonActions1 
[ 쿠키 2023-04-28 금요일 14:35:59 437 ] VideoAnalysis_Page -> VideoCheck_Play1 
[ 쿠키 2023-04-28 금요일 14:36:06 314 ] VideoAnalysis_Page -> VideoAnalysis_ButtonActions1 
[ 쿠키 2023-04-28 금요일 14:36:06 315 ] VideoAnalysis_Page -> VideoCheck_Play1 
[ 쿠키 2023-04-28 금요일 14:37:13 311 ] VideoAnalysis_Page -> VideoAnalysis_ButtonActions1 
[ 쿠키 2023-04-28 금요일 14:37:13 313 ] VideoAnalysis_Page -> VideoCheck_Play1 
[ 쿠키 2023-04-28 금요일 14:38:32 198 ] VideoAnalysis_Page -> VideoAnalysis_ButtonActions1 
[ 쿠키 2023-04-28 금요일 14:38:32 199 ] VideoAnalysis_Page -> VideoCheck_Play1 
[ 쿠키 2023-04-28 금요일 14:41:43 219 ] VideoAnalysis_Page -> VideoAnalysis_ButtonActions1 
[ 쿠키 2023-04-28 금요일 14:41:43 224 ] VideoAnalysis_Page -> VideoCheck_Play1 
[ 쿠키 2023-04-28 금요일 14:42:15 356 ] VideoAnalysis_Page -> VideoAnalysis_ButtonActions1 
[ 쿠키 2023-04-28 금요일 14:42:15 356 ] VideoAnalysis_Page -> VideoCheck_Play1 
[ 쿠키 2023-04-28 금요일 14:43:09 593 ] VideoAnalysis_Page -> VideoAnalysis_ButtonActions1 
[ 쿠키 2023-04-28 금요일 14:43:09 595 ] VideoAnalysis_Page -> VideoCheck_Play1 
[ 쿠키 2023-04-28 금요일 14:45:13 714 ] VideoAnalysis_Page -> VideoAnalysis_ButtonActions1 
[ 쿠키 2023-04-28 금요일 14:45:13 714 ] VideoAnalysis_Page -> VideoCheck_Play1 
[ 쿠키 2023-04-28 금요일 14:45:47 747 ] VideoAnalysis_Page -> VideoAnalysis_ButtonActions1 
[ 쿠키 2023-04-28 금요일 14:45:47 748 ] VideoAnalysis_Page -> VideoCheck_Play1 
[ 쿠키 2023-04-28 금요일 16:02:47 503 ] VideoAnalysis_Page -> VideoAnalysis_ButtonActions1 
[ 쿠키 2023-04-28 금요일 16:02:47 509 ] VideoAnalysis_Page -> VideoCheck_Play1 
[ 쿠키 2023-04-28 금요일 16:02:54 152 ] VideoAnalysis_Page -> VideoAnalysis_ButtonActions1 
[ 쿠키 2023-04-28 금요일 16:02:54 156 ] VideoAnalysis_Page -> VideoCheck_Play1 
[ 쿠키 2023-04-28 금요일 16:39:46 473 ] VideoAnalysis_Page -> VideoAnalysis_ButtonActions1 
[ 쿠키 2023-04-28 금요일 16:39:46 478 ] VideoAnalysis_Page -> VideoCheck_Play1 
[ 쿠키 2023-04-28 금요일 16:40:10 059 ] VideoAnalysis_Page -> VideoAnalysis_ButtonActions1 
[ 쿠키 2023-04-28 금요일 16:40:10 061 ] VideoAnalysis_Page -> VideoCheck_Play1 
[ 쿠키 2023-04-28 금요일 16:40:15 809 ] VideoAnalysis_Page -> VideoAnalysis_ButtonActions1 
[ 쿠키 2023-04-28 금요일 16:40:15 810 ] VideoAnalysis_Page -> VideoCheck_Play1 
[ 쿠키 2023-04-28 금요일 16:40:30 591 ] VideoAnalysis_Page -> VideoAnalysis_ButtonActions1 
[ 쿠키 2023-04-28 금요일 16:40:30 593 ] VideoAnalysis_Page -> VideoCheck_Play1 
[ 쿠키 2023-04-28 금요일 16:40:52 306 ] VideoAnalysis_Page -> VideoAnalysis_ButtonActions1 
[ 쿠키 2023-04-28 금요일 16:40:52 307 ] VideoAnalysis_Page -> VideoCheck_Play1 
[ 쿠키 2023-04-28 금요일 16:40:52 906 ] VideoAnalysis_Page -> VideoAnalysis_ButtonActions1 
[ 쿠키 2023-04-28 금요일 16:40:52 911 ] VideoAnalysis_Page -> VideoCheck_Play1 
[ 쿠키 2023-04-28 금요일 16:40:53 490 ] VideoAnalysis_Page -> VideoAnalysis_ButtonActions1 
[ 쿠키 2023-04-28 금요일 16:40:53 491 ] VideoAnalysis_Page -> VideoCheck_Play1 
[ 쿠키 2023-04-28 금요일 16:40:57 653 ] VideoAnalysis_Page -> VideoAnalysis_ButtonActions1 
[ 쿠키 2023-04-28 금요일 16:40:57 654 ] VideoAnalysis_Page -> VideoCheck_Play1 
[ 쿠키 2023-04-28 금요일 17:15:27 994 ] Form1 -> Form1_FormClosing 
[ 쿠키 2023-04-28 금요일 17:15:28 029 ] RealTimeView_Page -> CameraClose 
[ 쿠키 2023-04-28 금요일 17:15:28 273 ] CameraControl -> Stop 
[ 쿠키 2023-04-28 금요일 17:15:29 728 ] CameraControl -> Close 
[ 쿠키 2023-04-28 금요일 17:15:29 838 ] CameraControl -> Stop 
[ 쿠키 2023-04-28 금요일 17:15:31 228 ] CameraControl -> Close 
[ 쿠키 2023-04-28 금요일 17:15:31 311 ] CameraControl -> Stop 
[ 쿠키 2023-04-28 금요일 17:15:31 662 ] CameraControl -> Close 
[ 쿠키 2023-04-28 금요일 17:15:31 705 ] VideoCheck_Page -> VideoClose 
[ 쿠키 2023-04-28 금요일 17:15:31 708 ] VideoAnalysis_Page -> VideoClose 
[ 쿠키 2023-04-28 금요일 17:15:32 447 ] CameraControl -> Finalize 
[ 쿠키 2023-04-28 금요일 17:15:32 448 ] CameraControl -> Close 
[ 쿠키 2023-04-28 금요일 17:15:32 462 ] CameraControl -> Finalize 
[ 쿠키 2023-04-28 금요일 17:15:32 463 ] CameraControl -> Close 
[ 쿠키 2023-04-28 금요일 17:15:32 463 ] CameraControl -> Finalize 
[ 쿠키 2023-04-28 금요일 17:15:32 464 ] CameraControl -> Close 
[ 쿠키 2023-04-28 금요일 17:16:41 603 ] Settings_Page -> XMLSave 
[ 쿠키 2023-04-28 금요일 17:16:42 552 ] Form1 -> NavigationClick 
[ 쿠키 2023-04-28 금요일 17:16:46 978 ] VideoAnalysis_Page -> VideoAnalysis_Page_Load 
[ 쿠키 2023-04-28 금요일 17:16:52 995 ] VideoAnalysis_Page -> VideoAnalysis_ButtonActions1 
[ 쿠키 2023-04-28 금요일 17:16:53 099 ] VideoAnalysis_Page -> VideoCheck_FileOpen1 
[ 쿠키 2023-04-28 금요일 17:16:59 752 ] VideoAnalysis_Page -> FilterClick 
[ 쿠키 2023-04-28 금요일 17:17:51 831 ] VideoAnalysis_Page -> VideoAnalysis_ButtonActions1 
[ 쿠키 2023-04-28 금요일 17:17:51 833 ] VideoAnalysis_Page -> VideoCheck_Play1 
[ 쿠키 2023-04-28 금요일 17:18:13 294 ] VideoAnalysis_Page -> VideoAnalysis_ButtonActions1 
[ 쿠키 2023-04-28 금요일 17:18:13 297 ] VideoAnalysis_Page -> VideoCheck_Play1 
