[  2023-05-19 금요일 09:32:17 871 ] 파일 생성 성공
[ default 2023-05-19 금요일 09:32:17 870 ] 프로그램 시작
[ default 2023-05-19 금요일 09:32:20 225 ] Form1 -> Form1_Shown 
[ default 2023-05-19 금요일 09:32:21 435 ] RealTimeView_Page -> PanelSettings 
[ default 2023-05-19 금요일 09:32:21 868 ] RealTimeView_Page -> RealTimeView_Page_Load 
[ default 2023-05-19 금요일 09:32:21 869 ] RealTimeView_Page -> VideoSetLoad 
[ default 2023-05-19 금요일 09:32:21 872 ] RealTimeView_Page -> cb_TextView_SelectedValueChanged 
[ default 2023-05-19 금요일 09:32:21 873 ] Settings_Page -> XMLSave 
[ default 2023-05-19 금요일 09:32:21 876 ] CameraControl -> CameraOpen 
[ default 2023-05-19 금요일 09:32:22 113 ] CameraControl -> open 
[ default 2023-05-19 금요일 09:32:22 146 ] RealTimeView_Page -> CreateBitmap 
[ default 2023-05-19 금요일 09:32:22 162 ] CameraControl -> SetEnableImageCallback 
[ default 2023-05-19 금요일 09:32:22 181 ] CameraControl -> Start 
[ default 2023-05-19 금요일 09:32:22 819 ] CameraControl -> CameraOpen 
[ default 2023-05-19 금요일 09:32:22 857 ] CameraControl -> CameraOpen There is no available device.
[ default 2023-05-19 금요일 09:32:25 278 ] Form1 -> Form1_Shown 
[ default 2023-05-19 금요일 09:32:25 341 ] VideoCheck_Page -> PanelSettings 
[ default 2023-05-19 금요일 09:32:25 531 ] VideoAnalysis_Page -> PanelSettings 
[ default 2023-05-19 금요일 09:32:30 004 ] Settings_Page -> WorkUserChange 
[ default 2023-05-19 금요일 09:32:30 080 ] Settings_Page -> WorkUserChange 
[ default 2023-05-19 금요일 09:32:30 329 ] Settings_Page -> WorkUserChange 
[ default 2023-05-19 금요일 09:32:30 376 ] Settings_Page -> WorkUserChange 
[ default 2023-05-19 금요일 09:32:30 380 ] Settings_Page -> WorkUserChange 
[ default 2023-05-19 금요일 09:32:30 382 ] Settings_Page -> WorkUserChange 
[ default 2023-05-19 금요일 09:32:30 714 ] Settings_Page -> WorkUserChange 
[ default 2023-05-19 금요일 09:32:30 716 ] Settings_Page -> WorkUserChange 
[ default 2023-05-19 금요일 09:32:31 377 ] Settings_Page -> WorkTargetChange 
[ default 2023-05-19 금요일 09:32:31 440 ] Settings_Page -> WorkTargetChange 
[ default 2023-05-19 금요일 09:32:31 667 ] Settings_Page -> WorkTargetChange 
[ default 2023-05-19 금요일 09:32:32 080 ] Settings_Page -> WorkTargetChange 
[ default 2023-05-19 금요일 09:32:32 082 ] Settings_Page -> WorkTargetChange 
[ default 2023-05-19 금요일 09:32:32 083 ] Settings_Page -> WorkTargetChange 
[ default 2023-05-19 금요일 09:32:32 408 ] Settings_Page -> WorkTargetChange 
[ default 2023-05-19 금요일 09:32:32 480 ] Settings_Page -> WorkTargetChange 
[ default 2023-05-19 금요일 09:32:32 481 ] Settings_Page -> WorkTargetChange 
[ default 2023-05-19 금요일 09:32:32 482 ] Settings_Page -> WorkTargetChange 
[ default 2023-05-19 금요일 09:32:32 904 ] Settings_Page -> WorkTargetChange 
[ default 2023-05-19 금요일 09:32:32 906 ] Settings_Page -> WorkTargetChange 
[ default 2023-05-19 금요일 09:32:32 908 ] Settings_Page -> WorkUserSet 
[ default 2023-05-19 금요일 14:24:25 813 ] 프로그램 시작
[ default 2023-05-19 금요일 14:24:28 162 ] Form1 -> Form1_Shown 
[ default 2023-05-19 금요일 14:24:29 452 ] RealTimeView_Page -> PanelSettings 
[ default 2023-05-19 금요일 14:24:32 637 ] RealTimeView_Page -> RealTimeView_Page_Load 
[ default 2023-05-19 금요일 14:24:34 032 ] RealTimeView_Page -> VideoSetLoad 
[ default 2023-05-19 금요일 14:24:34 035 ] RealTimeView_Page -> cb_TextView_SelectedValueChanged 
[ default 2023-05-19 금요일 14:24:34 040 ] Settings_Page -> XMLSave 
[ default 2023-05-19 금요일 14:24:40 777 ] CameraControl -> CameraOpen 
[ default 2023-05-19 금요일 14:24:40 816 ] CameraControl -> CameraOpen There is no available device.
[ default 2023-05-19 금요일 14:24:53 453 ] Form1 -> Form1_Shown 
[ default 2023-05-19 금요일 14:24:54 174 ] VideoCheck_Page -> PanelSettings 
[ default 2023-05-19 금요일 14:24:55 770 ] VideoAnalysis_Page -> PanelSettings 
[ default 2023-05-19 금요일 14:25:05 996 ] Settings_Page -> WorkUserChange 
[ default 2023-05-19 금요일 14:25:06 117 ] Settings_Page -> WorkUserChange 
[ default 2023-05-19 금요일 14:25:06 125 ] Settings_Page -> WorkUserChange 
[ default 2023-05-19 금요일 14:25:06 126 ] Settings_Page -> WorkUserChange 
[ default 2023-05-19 금요일 14:25:06 219 ] Settings_Page -> WorkUserChange 
[ default 2023-05-19 금요일 14:25:06 221 ] Settings_Page -> WorkUserChange 
[ default 2023-05-19 금요일 14:25:06 347 ] Settings_Page -> WorkTargetChange 
[ default 2023-05-19 금요일 14:25:06 490 ] Settings_Page -> WorkTargetChange 
[ default 2023-05-19 금요일 14:25:06 492 ] Settings_Page -> WorkTargetChange 
[ default 2023-05-19 금요일 14:25:06 493 ] Settings_Page -> WorkTargetChange 
[ default 2023-05-19 금요일 14:25:06 686 ] Settings_Page -> WorkTargetChange 
[ default 2023-05-19 금요일 14:25:06 692 ] Settings_Page -> WorkTargetChange 
[ default 2023-05-19 금요일 14:25:06 692 ] Settings_Page -> WorkUserSet 
[ default 2023-05-19 금요일 14:26:20 946 ] 프로그램 시작
[ default 2023-05-19 금요일 14:26:23 221 ] Form1 -> Form1_Shown 
[ default 2023-05-19 금요일 14:26:23 689 ] RealTimeView_Page -> PanelSettings 
[ default 2023-05-19 금요일 14:26:24 008 ] RealTimeView_Page -> RealTimeView_Page_Load 
[ default 2023-05-19 금요일 14:26:24 009 ] RealTimeView_Page -> VideoSetLoad 
[ default 2023-05-19 금요일 14:26:24 011 ] RealTimeView_Page -> cb_TextView_SelectedValueChanged 
[ default 2023-05-19 금요일 14:26:24 011 ] Settings_Page -> XMLSave 
[ default 2023-05-19 금요일 14:26:24 012 ] CameraControl -> CameraOpen 
[ default 2023-05-19 금요일 14:26:24 045 ] CameraControl -> CameraOpen There is no available device.
[ default 2023-05-19 금요일 14:26:30 763 ] Form1 -> Form1_Shown 
[ default 2023-05-19 금요일 14:26:30 795 ] VideoCheck_Page -> PanelSettings 
[ default 2023-05-19 금요일 14:26:30 913 ] VideoAnalysis_Page -> PanelSettings 
[ default 2023-05-19 금요일 14:26:32 602 ] Settings_Page -> WorkUserChange 
[ default 2023-05-19 금요일 14:26:32 716 ] Settings_Page -> WorkUserChange 
[ default 2023-05-19 금요일 14:26:32 716 ] Settings_Page -> WorkUserChange 
[ default 2023-05-19 금요일 14:26:32 716 ] Settings_Page -> WorkUserChange 
[ default 2023-05-19 금요일 14:26:32 803 ] Settings_Page -> WorkUserChange 
[ default 2023-05-19 금요일 14:26:32 805 ] Settings_Page -> WorkUserChange 
[ default 2023-05-19 금요일 14:26:33 111 ] Settings_Page -> WorkTargetChange 
[ default 2023-05-19 금요일 14:26:33 233 ] Settings_Page -> WorkTargetChange 
[ default 2023-05-19 금요일 14:26:33 233 ] Settings_Page -> WorkTargetChange 
[ default 2023-05-19 금요일 14:26:33 233 ] Settings_Page -> WorkTargetChange 
[ default 2023-05-19 금요일 14:26:33 603 ] Settings_Page -> WorkTargetChange 
[ default 2023-05-19 금요일 14:26:33 605 ] Settings_Page -> WorkTargetChange 
[ default 2023-05-19 금요일 14:26:33 605 ] Settings_Page -> WorkUserSet 
[ default 2023-05-19 금요일 14:26:51 492 ] 프로그램 시작
[ default 2023-05-19 금요일 14:26:53 756 ] Form1 -> Form1_Shown 
[ default 2023-05-19 금요일 14:26:54 239 ] RealTimeView_Page -> PanelSettings 
[ default 2023-05-19 금요일 14:26:54 515 ] RealTimeView_Page -> RealTimeView_Page_Load 
[ default 2023-05-19 금요일 14:26:54 517 ] RealTimeView_Page -> VideoSetLoad 
[ default 2023-05-19 금요일 14:26:54 518 ] RealTimeView_Page -> cb_TextView_SelectedValueChanged 
[ default 2023-05-19 금요일 14:26:54 523 ] Settings_Page -> XMLSave 
[ default 2023-05-19 금요일 14:26:54 524 ] CameraControl -> CameraOpen 
[ default 2023-05-19 금요일 14:26:54 557 ] CameraControl -> CameraOpen There is no available device.
[ default 2023-05-19 금요일 14:26:55 722 ] Form1 -> Form1_Shown 
[ default 2023-05-19 금요일 14:26:55 750 ] VideoCheck_Page -> PanelSettings 
[ default 2023-05-19 금요일 14:26:55 878 ] VideoAnalysis_Page -> PanelSettings 
[ default 2023-05-19 금요일 14:26:57 720 ] Settings_Page -> WorkUserChange 
[ default 2023-05-19 금요일 14:26:57 720 ] Settings_Page -> WorkUserChange 
[ default 2023-05-19 금요일 14:26:57 734 ] Settings_Page -> WorkUserChange 
[ default 2023-05-19 금요일 14:26:57 735 ] Settings_Page -> WorkUserChange 
[ default 2023-05-19 금요일 14:26:57 827 ] Settings_Page -> WorkUserChange 
[ default 2023-05-19 금요일 14:26:57 828 ] Settings_Page -> WorkUserChange 
[ default 2023-05-19 금요일 14:26:58 033 ] Settings_Page -> WorkTargetChange 
[ default 2023-05-19 금요일 14:26:58 171 ] Settings_Page -> WorkTargetChange 
[ default 2023-05-19 금요일 14:26:58 172 ] Settings_Page -> WorkTargetChange 
[ default 2023-05-19 금요일 14:26:58 172 ] Settings_Page -> WorkTargetChange 
[ default 2023-05-19 금요일 14:26:58 442 ] Settings_Page -> WorkTargetChange 
[ default 2023-05-19 금요일 14:26:58 443 ] Settings_Page -> WorkTargetChange 
[ default 2023-05-19 금요일 14:26:58 445 ] Settings_Page -> WorkUserSet 
[ default 2023-05-19 금요일 14:27:24 405 ] 프로그램 시작
[ default 2023-05-19 금요일 14:27:26 714 ] Form1 -> Form1_Shown 
[ default 2023-05-19 금요일 14:27:27 169 ] RealTimeView_Page -> PanelSettings 
[ default 2023-05-19 금요일 14:27:27 441 ] RealTimeView_Page -> RealTimeView_Page_Load 
[ default 2023-05-19 금요일 14:27:27 442 ] RealTimeView_Page -> VideoSetLoad 
[ default 2023-05-19 금요일 14:27:27 443 ] RealTimeView_Page -> cb_TextView_SelectedValueChanged 
[ default 2023-05-19 금요일 14:27:27 444 ] Settings_Page -> XMLSave 
[ default 2023-05-19 금요일 14:27:27 446 ] CameraControl -> CameraOpen 
[ default 2023-05-19 금요일 14:27:27 644 ] CameraControl -> open 
[ default 2023-05-19 금요일 14:27:32 911 ] RealTimeView_Page -> CreateBitmap 
[ default 2023-05-19 금요일 14:27:34 991 ] CameraControl -> SetEnableImageCallback 
[ default 2023-05-19 금요일 14:27:38 705 ] CameraControl -> Start 
[ default 2023-05-19 금요일 14:27:42 241 ] CameraControl -> CameraOpen 
[ default 2023-05-19 금요일 14:27:42 270 ] CameraControl -> CameraOpen There is no available device.
[ default 2023-05-19 금요일 14:27:51 177 ] Form1 -> Form1_Shown 
[ default 2023-05-19 금요일 14:27:51 213 ] VideoCheck_Page -> PanelSettings 
[ default 2023-05-19 금요일 14:27:51 312 ] VideoAnalysis_Page -> PanelSettings 
[ default 2023-05-19 금요일 14:27:53 826 ] Settings_Page -> WorkUserChange 
[ default 2023-05-19 금요일 14:27:53 938 ] Settings_Page -> WorkUserChange 
[ default 2023-05-19 금요일 14:27:53 941 ] Settings_Page -> WorkUserChange 
[ default 2023-05-19 금요일 14:27:53 942 ] Settings_Page -> WorkUserChange 
[ default 2023-05-19 금요일 14:27:54 041 ] Settings_Page -> WorkUserChange 
[ default 2023-05-19 금요일 14:27:54 043 ] Settings_Page -> WorkUserChange 
[ default 2023-05-19 금요일 14:27:54 155 ] Settings_Page -> WorkTargetChange 
[ default 2023-05-19 금요일 14:27:54 292 ] Settings_Page -> WorkTargetChange 
[ default 2023-05-19 금요일 14:27:54 300 ] Settings_Page -> WorkTargetChange 
[ default 2023-05-19 금요일 14:27:54 301 ] Settings_Page -> WorkTargetChange 
[ default 2023-05-19 금요일 14:27:54 453 ] Settings_Page -> WorkTargetChange 
[ default 2023-05-19 금요일 14:27:54 460 ] Settings_Page -> WorkTargetChange 
[ default 2023-05-19 금요일 14:27:54 461 ] Settings_Page -> WorkUserSet 
[ default 2023-05-19 금요일 14:30:53 132 ] 프로그램 시작
[ default 2023-05-19 금요일 14:30:55 401 ] Form1 -> Form1_Shown 
[ default 2023-05-19 금요일 14:30:55 875 ] RealTimeView_Page -> PanelSettings 
[ default 2023-05-19 금요일 14:30:56 149 ] RealTimeView_Page -> RealTimeView_Page_Load 
[ default 2023-05-19 금요일 14:30:56 150 ] RealTimeView_Page -> VideoSetLoad 
[ default 2023-05-19 금요일 14:30:56 152 ] RealTimeView_Page -> cb_TextView_SelectedValueChanged 
[ default 2023-05-19 금요일 14:30:56 155 ] Settings_Page -> XMLSave 
[ default 2023-05-19 금요일 14:30:56 156 ] CameraControl -> CameraOpen 
[ default 2023-05-19 금요일 14:30:56 352 ] CameraControl -> open 
[ default 2023-05-19 금요일 14:30:59 130 ] RealTimeView_Page -> CreateBitmap 
[ default 2023-05-19 금요일 14:30:59 152 ] CameraControl -> SetEnableImageCallback 
[ default 2023-05-19 금요일 14:30:59 164 ] CameraControl -> Start 
[ default 2023-05-19 금요일 14:30:59 773 ] CameraControl -> CameraOpen 
[ default 2023-05-19 금요일 14:30:59 794 ] CameraControl -> CameraOpen There is no available device.
[ default 2023-05-19 금요일 14:30:59 794 ] CameraControl -> CameraOpen 
[ default 2023-05-19 금요일 14:30:59 813 ] CameraControl -> CameraOpen There is no available device.
[ default 2023-05-19 금요일 14:31:00 941 ] Form1 -> Form1_Shown 
[ default 2023-05-19 금요일 14:31:00 962 ] VideoCheck_Page -> PanelSettings 
[ default 2023-05-19 금요일 14:31:01 097 ] VideoAnalysis_Page -> PanelSettings 
[ default 2023-05-19 금요일 14:31:03 314 ] Settings_Page -> WorkUserChange 
[ default 2023-05-19 금요일 14:31:03 435 ] Settings_Page -> WorkUserChange 
[ default 2023-05-19 금요일 14:31:03 436 ] Settings_Page -> WorkUserChange 
[ default 2023-05-19 금요일 14:31:03 437 ] Settings_Page -> WorkUserChange 
[ default 2023-05-19 금요일 14:31:03 635 ] Settings_Page -> WorkUserChange 
[ default 2023-05-19 금요일 14:31:03 637 ] Settings_Page -> WorkUserChange 
[ default 2023-05-19 금요일 14:31:03 884 ] Settings_Page -> WorkTargetChange 
[ default 2023-05-19 금요일 14:31:04 011 ] Settings_Page -> WorkTargetChange 
[ default 2023-05-19 금요일 14:31:04 011 ] Settings_Page -> WorkTargetChange 
[ default 2023-05-19 금요일 14:31:04 012 ] Settings_Page -> WorkTargetChange 
[ default 2023-05-19 금요일 14:31:04 207 ] Settings_Page -> WorkTargetChange 
[ default 2023-05-19 금요일 14:31:04 211 ] Settings_Page -> WorkTargetChange 
[ default 2023-05-19 금요일 14:31:04 211 ] Settings_Page -> WorkUserSet 
[ default 2023-05-19 금요일 14:34:01 739 ] 프로그램 시작
[ default 2023-05-19 금요일 14:34:04 052 ] Form1 -> Form1_Shown 
[ default 2023-05-19 금요일 14:34:04 555 ] RealTimeView_Page -> PanelSettings 
[ default 2023-05-19 금요일 14:34:04 874 ] RealTimeView_Page -> RealTimeView_Page_Load 
[ default 2023-05-19 금요일 14:34:04 875 ] RealTimeView_Page -> VideoSetLoad 
[ default 2023-05-19 금요일 14:34:04 876 ] RealTimeView_Page -> cb_TextView_SelectedValueChanged 
[ default 2023-05-19 금요일 14:34:04 877 ] Settings_Page -> XMLSave 
[ default 2023-05-19 금요일 14:34:04 878 ] CameraControl -> CameraOpen 
[ default 2023-05-19 금요일 14:34:05 100 ] CameraControl -> open 
[ default 2023-05-19 금요일 14:34:05 116 ] RealTimeView_Page -> CreateBitmap 
[ default 2023-05-19 금요일 14:34:05 142 ] CameraControl -> SetEnableImageCallback 
[ default 2023-05-19 금요일 14:34:05 157 ] CameraControl -> Start 
[ default 2023-05-19 금요일 14:34:06 856 ] Form1 -> Form1_Shown 인덱스가 배열 범위를 벗어났습니다.
[ default 2023-05-19 금요일 14:34:21 236 ] 프로그램 시작
[ default 2023-05-19 금요일 14:34:23 520 ] Form1 -> Form1_Shown 
[ default 2023-05-19 금요일 14:34:23 986 ] RealTimeView_Page -> PanelSettings 
[ default 2023-05-19 금요일 14:34:26 371 ] RealTimeView_Page -> RealTimeView_Page_Load 
[ default 2023-05-19 금요일 14:34:27 306 ] RealTimeView_Page -> VideoSetLoad 
[ default 2023-05-19 금요일 14:34:27 309 ] RealTimeView_Page -> cb_TextView_SelectedValueChanged 
[ default 2023-05-19 금요일 14:34:27 311 ] Settings_Page -> XMLSave 
[ default 2023-05-19 금요일 14:34:30 713 ] CameraControl -> CameraOpen 
[ default 2023-05-19 금요일 14:34:30 743 ] CameraControl -> CameraOpen There is no available device.
[ default 2023-05-19 금요일 14:34:43 409 ] CameraControl -> CameraOpen 
[ default 2023-05-19 금요일 14:35:35 657 ] 프로그램 시작
[ default 2023-05-19 금요일 14:35:37 917 ] Form1 -> Form1_Shown 
[ default 2023-05-19 금요일 14:35:38 389 ] RealTimeView_Page -> PanelSettings 
[ default 2023-05-19 금요일 14:35:41 945 ] RealTimeView_Page -> RealTimeView_Page_Load 
[ default 2023-05-19 금요일 14:35:42 763 ] RealTimeView_Page -> VideoSetLoad 
[ default 2023-05-19 금요일 14:35:42 766 ] RealTimeView_Page -> cb_TextView_SelectedValueChanged 
[ default 2023-05-19 금요일 14:35:42 769 ] Settings_Page -> XMLSave 
[ default 2023-05-19 금요일 14:35:45 008 ] CameraControl -> CameraOpen 
[ default 2023-05-19 금요일 14:35:45 243 ] CameraControl -> open 
[ default 2023-05-19 금요일 14:35:48 559 ] RealTimeView_Page -> CreateBitmap 
[ default 2023-05-19 금요일 14:35:49 943 ] CameraControl -> SetEnableImageCallback 
[ default 2023-05-19 금요일 14:35:52 312 ] CameraControl -> Start 
[ default 2023-05-19 금요일 14:37:25 833 ] VideoCheck_Page -> PanelSettings 
[ default 2023-05-19 금요일 14:37:25 949 ] VideoAnalysis_Page -> PanelSettings 
[ default 2023-05-19 금요일 14:37:28 917 ] Settings_Page -> WorkUserChange 
[ default 2023-05-19 금요일 14:37:29 039 ] Settings_Page -> WorkUserChange 
[ default 2023-05-19 금요일 14:37:29 039 ] Settings_Page -> WorkUserChange 
[ default 2023-05-19 금요일 14:37:29 039 ] Settings_Page -> WorkUserChange 
[ default 2023-05-19 금요일 14:37:29 156 ] Settings_Page -> WorkUserChange 
[ default 2023-05-19 금요일 14:37:29 157 ] Settings_Page -> WorkUserChange 
[ default 2023-05-19 금요일 14:37:29 312 ] Settings_Page -> WorkTargetChange 
[ default 2023-05-19 금요일 14:37:29 435 ] Settings_Page -> WorkTargetChange 
[ default 2023-05-19 금요일 14:37:29 435 ] Settings_Page -> WorkTargetChange 
[ default 2023-05-19 금요일 14:37:29 435 ] Settings_Page -> WorkTargetChange 
[ default 2023-05-19 금요일 14:37:29 635 ] Settings_Page -> WorkTargetChange 
[ default 2023-05-19 금요일 14:37:29 636 ] Settings_Page -> WorkTargetChange 
[ default 2023-05-19 금요일 14:37:29 637 ] Settings_Page -> WorkUserSet 
[ default 2023-05-19 금요일 15:10:58 279 ] 프로그램 시작
[ default 2023-05-19 금요일 15:11:00 568 ] Form1 -> Form1_Shown 
[ default 2023-05-19 금요일 15:11:01 064 ] RealTimeView_Page -> PanelSettings 
[ default 2023-05-19 금요일 15:11:03 316 ] RealTimeView_Page -> RealTimeView_Page_Load 
[ default 2023-05-19 금요일 15:11:03 320 ] RealTimeView_Page -> VideoSetLoad 
[ default 2023-05-19 금요일 15:11:03 323 ] RealTimeView_Page -> cb_TextView_SelectedValueChanged 
[ default 2023-05-19 금요일 15:11:03 329 ] Settings_Page -> XMLSave 
[ default 2023-05-19 금요일 15:11:03 331 ] CameraControl -> CameraOpen 
[ default 2023-05-19 금요일 15:11:03 588 ] CameraControl -> open 
[ default 2023-05-19 금요일 15:11:03 623 ] RealTimeView_Page -> CreateBitmap 
[ default 2023-05-19 금요일 15:11:03 640 ] CameraControl -> SetEnableImageCallback 
[ default 2023-05-19 금요일 15:11:03 651 ] CameraControl -> Start 
[ default 2023-05-19 금요일 15:11:04 244 ] CameraControl -> CameraOpen 
[ default 2023-05-19 금요일 15:11:04 268 ] CameraControl -> CameraOpen There is no available device.
[ default 2023-05-19 금요일 15:11:04 268 ] CameraControl -> CameraOpen 
[ default 2023-05-19 금요일 15:11:04 282 ] CameraControl -> CameraOpen There is no available device.
[ default 2023-05-19 금요일 15:11:05 713 ] Form1 -> Form1_Shown 
[ default 2023-05-19 금요일 15:11:05 779 ] VideoCheck_Page -> PanelSettings 
[ default 2023-05-19 금요일 15:11:05 938 ] VideoAnalysis_Page -> PanelSettings 
[ default 2023-05-19 금요일 15:11:08 805 ] Settings_Page -> WorkUserChange 
[ default 2023-05-19 금요일 15:11:08 838 ] Settings_Page -> WorkUserChange 
[ default 2023-05-19 금요일 15:11:08 842 ] Settings_Page -> WorkUserChange 
[ default 2023-05-19 금요일 15:11:08 843 ] Settings_Page -> WorkUserChange 
[ default 2023-05-19 금요일 15:11:08 943 ] Settings_Page -> WorkUserChange 
[ default 2023-05-19 금요일 15:11:08 944 ] Settings_Page -> WorkUserChange 
[ default 2023-05-19 금요일 15:11:09 063 ] Settings_Page -> WorkTargetChange 
[ default 2023-05-19 금요일 15:11:09 197 ] Settings_Page -> WorkTargetChange 
[ default 2023-05-19 금요일 15:11:09 199 ] Settings_Page -> WorkTargetChange 
[ default 2023-05-19 금요일 15:11:09 200 ] Settings_Page -> WorkTargetChange 
[ default 2023-05-19 금요일 15:11:09 358 ] Settings_Page -> WorkTargetChange 
[ default 2023-05-19 금요일 15:11:09 358 ] Settings_Page -> WorkTargetChange 
[ default 2023-05-19 금요일 15:11:09 360 ] Settings_Page -> WorkUserSet 
