[  2023-05-15 월요일 09:07:38 223 ] 파일 생성 성공
[ default 2023-05-15 월요일 09:07:38 222 ] 프로그램 시작
[ default 2023-05-15 월요일 09:07:40 587 ] Form1 -> Form1_Shown 
[ default 2023-05-15 월요일 09:07:41 061 ] RealTimeView_Page -> PanelSettings 
[ default 2023-05-15 월요일 09:07:41 488 ] RealTimeView_Page -> RealTimeView_Page_Load 
[ default 2023-05-15 월요일 09:07:41 489 ] RealTimeView_Page -> VideoSetLoad 
[ default 2023-05-15 월요일 09:07:41 491 ] RealTimeView_Page -> cb_TextView_SelectedValueChanged 
[ default 2023-05-15 월요일 09:07:41 492 ] Settings_Page -> XMLSave 
[ default 2023-05-15 월요일 09:07:44 758 ] Form1 -> Form1_Shown 
[ default 2023-05-15 월요일 09:07:44 800 ] VideoCheck_Page -> PanelSettings 
[ default 2023-05-15 월요일 09:07:44 953 ] VideoAnalysis_Page -> PanelSettings 
[ default 2023-05-15 월요일 09:07:50 720 ] Settings_Page -> WorkUserChange 
[ default 2023-05-15 월요일 09:07:51 013 ] Settings_Page -> WorkUserChange 
[ default 2023-05-15 월요일 09:07:51 669 ] Settings_Page -> WorkUserChange 
[ default 2023-05-15 월요일 09:07:51 779 ] Settings_Page -> WorkUserChange 
[ default 2023-05-15 월요일 09:07:51 894 ] Settings_Page -> WorkUserChange 
[ default 2023-05-15 월요일 09:07:52 083 ] Settings_Page -> WorkUserChange 
[ default 2023-05-15 월요일 09:07:52 089 ] Settings_Page -> WorkUserChange 
[ default 2023-05-15 월요일 09:07:52 090 ] Settings_Page -> WorkUserChange 
[ default 2023-05-15 월요일 09:07:52 180 ] Settings_Page -> WorkUserChange 
[ default 2023-05-15 월요일 09:07:52 262 ] Settings_Page -> WorkUserChange 
[ default 2023-05-15 월요일 09:07:52 418 ] Settings_Page -> WorkUserChange 
[ default 2023-05-15 월요일 09:07:52 421 ] Settings_Page -> WorkUserChange 
[ default 2023-05-15 월요일 09:07:52 422 ] Settings_Page -> WorkUserChange 
[ default 2023-05-15 월요일 09:07:52 529 ] Settings_Page -> WorkUserChange 
[ default 2023-05-15 월요일 09:07:52 624 ] Settings_Page -> WorkUserChange 
[ default 2023-05-15 월요일 09:07:52 833 ] Settings_Page -> WorkUserChange 
[ default 2023-05-15 월요일 09:07:52 835 ] Settings_Page -> WorkUserChange 
[ default 2023-05-15 월요일 09:07:54 034 ] Settings_Page -> WorkTargetChange 
[ default 2023-05-15 월요일 09:07:54 150 ] Settings_Page -> WorkTargetChange 
[ default 2023-05-15 월요일 09:07:54 265 ] Settings_Page -> WorkTargetChange 
[ default 2023-05-15 월요일 09:07:54 348 ] Settings_Page -> WorkTargetChange 
[ default 2023-05-15 월요일 09:07:54 363 ] Settings_Page -> WorkTargetChange 
[ default 2023-05-15 월요일 09:07:54 369 ] Settings_Page -> WorkTargetChange 
[ default 2023-05-15 월요일 09:07:54 595 ] Settings_Page -> WorkTargetChange 
[ default 2023-05-15 월요일 09:07:54 599 ] Settings_Page -> WorkTargetChange 
[ default 2023-05-15 월요일 09:07:56 242 ] Settings_Page -> WorkUserSet 
[ default 2023-05-15 월요일 12:58:21 129 ] 프로그램 시작
[ default 2023-05-15 월요일 12:58:23 579 ] Form1 -> Form1_Shown 
[ default 2023-05-15 월요일 12:58:24 004 ] RealTimeView_Page -> PanelSettings 
[ default 2023-05-15 월요일 12:58:24 377 ] RealTimeView_Page -> RealTimeView_Page_Load 
[ default 2023-05-15 월요일 12:58:24 378 ] RealTimeView_Page -> VideoSetLoad 
[ default 2023-05-15 월요일 12:58:24 379 ] RealTimeView_Page -> cb_TextView_SelectedValueChanged 
[ default 2023-05-15 월요일 12:58:24 380 ] Settings_Page -> XMLSave 
[ default 2023-05-15 월요일 12:58:27 166 ] Form1 -> Form1_Shown 
[ default 2023-05-15 월요일 12:58:27 270 ] VideoCheck_Page -> PanelSettings 
[ default 2023-05-15 월요일 12:58:27 403 ] VideoAnalysis_Page -> PanelSettings 
[ default 2023-05-15 월요일 12:58:30 868 ] Settings_Page -> WorkUserChange 
[ default 2023-05-15 월요일 12:58:31 078 ] Settings_Page -> WorkUserChange 
[ default 2023-05-15 월요일 12:58:31 234 ] Settings_Page -> WorkUserChange 
[ default 2023-05-15 월요일 12:58:31 454 ] Settings_Page -> WorkUserChange 
[ default 2023-05-15 월요일 12:58:31 459 ] Settings_Page -> WorkUserChange 
[ default 2023-05-15 월요일 12:58:31 460 ] Settings_Page -> WorkUserChange 
[ default 2023-05-15 월요일 12:58:31 578 ] Settings_Page -> WorkUserChange 
[ default 2023-05-15 월요일 12:58:31 644 ] Settings_Page -> WorkUserChange 
[ default 2023-05-15 월요일 12:58:31 832 ] Settings_Page -> WorkUserChange 
[ default 2023-05-15 월요일 12:58:31 838 ] Settings_Page -> WorkUserChange 
[ default 2023-05-15 월요일 12:58:31 840 ] Settings_Page -> WorkUserChange 
[ default 2023-05-15 월요일 12:58:31 895 ] Settings_Page -> WorkUserChange 
[ default 2023-05-15 월요일 12:58:32 009 ] Settings_Page -> WorkUserChange 
[ default 2023-05-15 월요일 12:58:32 241 ] Settings_Page -> WorkUserChange 
[ default 2023-05-15 월요일 12:58:32 245 ] Settings_Page -> WorkUserChange 
[ default 2023-05-15 월요일 12:58:32 827 ] Settings_Page -> WorkTargetChange 
[ default 2023-05-15 월요일 12:58:32 903 ] Settings_Page -> WorkTargetChange 
[ default 2023-05-15 월요일 12:58:33 199 ] Settings_Page -> WorkTargetChange 
[ default 2023-05-15 월요일 12:58:33 279 ] Settings_Page -> WorkTargetChange 
[ default 2023-05-15 월요일 12:58:33 284 ] Settings_Page -> WorkTargetChange 
[ default 2023-05-15 월요일 12:58:33 286 ] Settings_Page -> WorkTargetChange 
[ default 2023-05-15 월요일 12:58:33 512 ] Settings_Page -> WorkTargetChange 
[ default 2023-05-15 월요일 12:58:33 518 ] Settings_Page -> WorkTargetChange 
[ default 2023-05-15 월요일 12:58:33 518 ] Settings_Page -> WorkUserSet 
[ default 2023-05-15 월요일 14:51:54 079 ] 프로그램 시작
[ default 2023-05-15 월요일 14:51:56 544 ] Form1 -> Form1_Shown 
[ default 2023-05-15 월요일 14:51:56 722 ] RealTimeView_Page -> PanelSettings 
[ default 2023-05-15 월요일 14:51:57 163 ] RealTimeView_Page -> RealTimeView_Page_Load 
[ default 2023-05-15 월요일 14:51:57 164 ] RealTimeView_Page -> VideoSetLoad 
[ default 2023-05-15 월요일 14:51:57 166 ] RealTimeView_Page -> cb_TextView_SelectedValueChanged 
[ default 2023-05-15 월요일 14:51:57 167 ] Settings_Page -> XMLSave 
[ default 2023-05-15 월요일 14:51:58 944 ] Form1 -> Form1_Shown 
[ default 2023-05-15 월요일 14:51:59 008 ] VideoCheck_Page -> PanelSettings 
[ default 2023-05-15 월요일 14:51:59 157 ] VideoAnalysis_Page -> PanelSettings 
[ default 2023-05-15 월요일 14:52:02 253 ] Settings_Page -> WorkUserChange 
[ default 2023-05-15 월요일 14:52:02 293 ] Settings_Page -> WorkUserChange 
[ default 2023-05-15 월요일 14:52:02 415 ] Settings_Page -> WorkUserChange 
[ default 2023-05-15 월요일 14:52:02 845 ] Settings_Page -> WorkUserChange 
[ default 2023-05-15 월요일 14:52:02 862 ] Settings_Page -> WorkUserChange 
[ default 2023-05-15 월요일 14:52:02 865 ] Settings_Page -> WorkUserChange 
[ default 2023-05-15 월요일 14:52:02 951 ] Settings_Page -> WorkUserChange 
[ default 2023-05-15 월요일 14:52:03 005 ] Settings_Page -> WorkUserChange 
[ default 2023-05-15 월요일 14:52:03 173 ] Settings_Page -> WorkUserChange 
[ default 2023-05-15 월요일 14:52:03 178 ] Settings_Page -> WorkUserChange 
[ default 2023-05-15 월요일 14:52:03 181 ] Settings_Page -> WorkUserChange 
[ default 2023-05-15 월요일 14:52:03 279 ] Settings_Page -> WorkUserChange 
[ default 2023-05-15 월요일 14:52:03 359 ] Settings_Page -> WorkUserChange 
[ default 2023-05-15 월요일 14:52:03 599 ] Settings_Page -> WorkUserChange 
[ default 2023-05-15 월요일 14:52:03 606 ] Settings_Page -> WorkUserChange 
[ default 2023-05-15 월요일 14:52:03 936 ] Settings_Page -> WorkTargetChange 
[ default 2023-05-15 월요일 14:52:04 047 ] Settings_Page -> WorkTargetChange 
[ default 2023-05-15 월요일 14:52:04 179 ] Settings_Page -> WorkTargetChange 
[ default 2023-05-15 월요일 14:52:04 252 ] Settings_Page -> WorkTargetChange 
[ default 2023-05-15 월요일 14:52:04 257 ] Settings_Page -> WorkTargetChange 
[ default 2023-05-15 월요일 14:52:04 260 ] Settings_Page -> WorkTargetChange 
[ default 2023-05-15 월요일 14:52:04 460 ] Settings_Page -> WorkTargetChange 
[ default 2023-05-15 월요일 14:52:04 466 ] Settings_Page -> WorkTargetChange 
[ default 2023-05-15 월요일 14:52:04 468 ] Settings_Page -> WorkUserSet 
[ default 2023-05-15 월요일 16:14:26 643 ] 프로그램 시작
[ default 2023-05-15 월요일 16:14:29 173 ] Form1 -> Form1_Shown 
[ default 2023-05-15 월요일 16:14:29 764 ] RealTimeView_Page -> PanelSettings 
[ default 2023-05-15 월요일 16:14:30 125 ] RealTimeView_Page -> RealTimeView_Page_Load 
[ default 2023-05-15 월요일 16:14:30 126 ] RealTimeView_Page -> VideoSetLoad 
[ default 2023-05-15 월요일 16:14:30 127 ] RealTimeView_Page -> cb_TextView_SelectedValueChanged 
[ default 2023-05-15 월요일 16:14:30 128 ] Settings_Page -> XMLSave 
[ default 2023-05-15 월요일 16:14:31 580 ] Form1 -> Form1_Shown 
[ default 2023-05-15 월요일 16:14:31 625 ] VideoCheck_Page -> PanelSettings 
[ default 2023-05-15 월요일 16:14:31 750 ] VideoAnalysis_Page -> PanelSettings 
[ default 2023-05-15 월요일 16:14:34 710 ] Settings_Page -> WorkUserChange 
[ default 2023-05-15 월요일 16:14:35 145 ] Settings_Page -> WorkUserChange 
[ default 2023-05-15 월요일 16:14:35 243 ] Settings_Page -> WorkUserChange 
[ default 2023-05-15 월요일 16:14:35 433 ] Settings_Page -> WorkUserChange 
[ default 2023-05-15 월요일 16:14:35 446 ] Settings_Page -> WorkUserChange 
[ default 2023-05-15 월요일 16:14:35 448 ] Settings_Page -> WorkUserChange 
[ default 2023-05-15 월요일 16:14:35 566 ] Settings_Page -> WorkUserChange 
[ default 2023-05-15 월요일 16:14:35 637 ] Settings_Page -> WorkUserChange 
[ default 2023-05-15 월요일 16:14:35 810 ] Settings_Page -> WorkUserChange 
[ default 2023-05-15 월요일 16:14:35 813 ] Settings_Page -> WorkUserChange 
[ default 2023-05-15 월요일 16:14:35 814 ] Settings_Page -> WorkUserChange 
[ default 2023-05-15 월요일 16:14:35 881 ] Settings_Page -> WorkUserChange 
[ default 2023-05-15 월요일 16:14:35 992 ] Settings_Page -> WorkUserChange 
[ default 2023-05-15 월요일 16:14:36 190 ] Settings_Page -> WorkUserChange 
[ default 2023-05-15 월요일 16:14:36 196 ] Settings_Page -> WorkUserChange 
[ default 2023-05-15 월요일 16:14:36 472 ] Settings_Page -> WorkTargetChange 
[ default 2023-05-15 월요일 16:14:36 575 ] Settings_Page -> WorkTargetChange 
[ default 2023-05-15 월요일 16:14:36 699 ] Settings_Page -> WorkTargetChange 
[ default 2023-05-15 월요일 16:14:36 794 ] Settings_Page -> WorkTargetChange 
[ default 2023-05-15 월요일 16:14:36 796 ] Settings_Page -> WorkTargetChange 
[ default 2023-05-15 월요일 16:14:36 799 ] Settings_Page -> WorkTargetChange 
[ default 2023-05-15 월요일 16:14:36 977 ] Settings_Page -> WorkTargetChange 
[ default 2023-05-15 월요일 16:14:36 980 ] Settings_Page -> WorkTargetChange 
[ default 2023-05-15 월요일 16:14:36 980 ] Settings_Page -> WorkUserSet 
[ default 2023-05-15 월요일 17:15:56 819 ] 프로그램 시작
[ default 2023-05-15 월요일 17:15:59 195 ] Form1 -> Form1_Shown 
[ default 2023-05-15 월요일 17:15:59 343 ] RealTimeView_Page -> PanelSettings 
[ default 2023-05-15 월요일 17:15:59 777 ] RealTimeView_Page -> RealTimeView_Page_Load 
[ default 2023-05-15 월요일 17:15:59 777 ] RealTimeView_Page -> VideoSetLoad 
[ default 2023-05-15 월요일 17:15:59 778 ] RealTimeView_Page -> cb_TextView_SelectedValueChanged 
[ default 2023-05-15 월요일 17:15:59 780 ] Settings_Page -> XMLSave 
[ default 2023-05-15 월요일 17:16:16 758 ] Form1 -> Form1_Shown 
[ default 2023-05-15 월요일 17:16:16 832 ] VideoCheck_Page -> PanelSettings 
[ default 2023-05-15 월요일 17:16:16 998 ] VideoAnalysis_Page -> PanelSettings 
[ default 2023-05-15 월요일 17:16:42 655 ] Settings_Page -> WorkUserChange 
[ default 2023-05-15 월요일 17:16:42 698 ] Settings_Page -> WorkUserChange 
[ default 2023-05-15 월요일 17:16:42 811 ] Settings_Page -> WorkUserChange 
[ default 2023-05-15 월요일 17:16:43 010 ] Settings_Page -> WorkUserChange 
[ default 2023-05-15 월요일 17:16:43 025 ] Settings_Page -> WorkUserChange 
[ default 2023-05-15 월요일 17:16:43 027 ] Settings_Page -> WorkUserChange 
[ default 2023-05-15 월요일 17:16:43 102 ] Settings_Page -> WorkUserChange 
[ default 2023-05-15 월요일 17:16:43 175 ] Settings_Page -> WorkUserChange 
[ default 2023-05-15 월요일 17:16:43 330 ] Settings_Page -> WorkUserChange 
[ default 2023-05-15 월요일 17:16:43 335 ] Settings_Page -> WorkUserChange 
[ default 2023-05-15 월요일 17:16:43 336 ] Settings_Page -> WorkUserChange 
[ default 2023-05-15 월요일 17:16:43 422 ] Settings_Page -> WorkUserChange 
[ default 2023-05-15 월요일 17:16:43 492 ] Settings_Page -> WorkUserChange 
[ default 2023-05-15 월요일 17:16:43 667 ] Settings_Page -> WorkUserChange 
[ default 2023-05-15 월요일 17:16:43 673 ] Settings_Page -> WorkUserChange 
[ default 2023-05-15 월요일 17:16:44 094 ] Settings_Page -> WorkTargetChange 
[ default 2023-05-15 월요일 17:16:44 140 ] Settings_Page -> WorkTargetChange 
[ default 2023-05-15 월요일 17:16:44 289 ] Settings_Page -> WorkTargetChange 
[ default 2023-05-15 월요일 17:16:44 360 ] Settings_Page -> WorkTargetChange 
[ default 2023-05-15 월요일 17:16:44 361 ] Settings_Page -> WorkTargetChange 
[ default 2023-05-15 월요일 17:16:44 364 ] Settings_Page -> WorkTargetChange 
[ default 2023-05-15 월요일 17:16:44 826 ] Settings_Page -> WorkTargetChange 
[ default 2023-05-15 월요일 17:16:44 830 ] Settings_Page -> WorkTargetChange 
[ default 2023-05-15 월요일 17:16:44 831 ] Settings_Page -> WorkUserSet 
