[  2023-05-09 화요일 09:25:02 710 ] 파일 생성 성공
[ default 2023-05-09 화요일 09:25:02 709 ] 프로그램 시작
[ default 2023-05-09 화요일 09:25:05 161 ] Form1 -> Form1_Shown 
[ default 2023-05-09 화요일 09:25:06 392 ] RealTimeView_Page -> PanelSettings 
[ default 2023-05-09 화요일 09:25:06 758 ] RealTimeView_Page -> RealTimeView_Page_Load 
[ default 2023-05-09 화요일 09:25:06 759 ] RealTimeView_Page -> VideoSetLoad 
[ default 2023-05-09 화요일 09:25:06 760 ] RealTimeView_Page -> cb_TextView_SelectedValueChanged 
[ default 2023-05-09 화요일 09:25:06 761 ] Settings_Page -> XMLSave 
[ default 2023-05-09 화요일 09:25:06 762 ] CameraControl -> CameraOpen 
[ default 2023-05-09 화요일 09:25:07 023 ] CameraControl -> open 
[ default 2023-05-09 화요일 09:25:07 058 ] RealTimeView_Page -> CreateBitmap 
[ default 2023-05-09 화요일 09:25:07 073 ] CameraControl -> SetEnableImageCallback 
[ default 2023-05-09 화요일 09:25:07 086 ] CameraControl -> Start 
[ default 2023-05-09 화요일 09:25:07 149 ] CameraControl -> CameraOpen 
[ default 2023-05-09 화요일 09:25:07 762 ] CameraControl -> open 
[ default 2023-05-09 화요일 09:25:07 776 ] RealTimeView_Page -> CreateBitmap 
[ default 2023-05-09 화요일 09:25:07 785 ] CameraControl -> SetEnableImageCallback 
[ default 2023-05-09 화요일 09:25:07 788 ] CameraControl -> Start 
[ default 2023-05-09 화요일 09:25:07 834 ] CameraControl -> CameraOpen 
[ default 2023-05-09 화요일 09:25:08 192 ] CameraControl -> open 
[ default 2023-05-09 화요일 09:25:08 207 ] RealTimeView_Page -> CreateBitmap 
[ default 2023-05-09 화요일 09:25:08 219 ] CameraControl -> SetEnableImageCallback 
[ default 2023-05-09 화요일 09:25:08 231 ] CameraControl -> Start 
[ default 2023-05-09 화요일 09:25:08 302 ] Settings_Page -> XMLSave 
[ default 2023-05-09 화요일 09:25:08 345 ] VideoCheck_Page -> PanelSettings 
[ default 2023-05-09 화요일 09:25:08 481 ] VideoAnalysis_Page -> PanelSettings 
[ default 2023-05-09 화요일 09:29:49 440 ] Settings_Page -> WorkUserChange 
[ default 2023-05-09 화요일 09:29:49 504 ] Settings_Page -> WorkUserChange 
[ default 2023-05-09 화요일 09:29:49 600 ] Settings_Page -> WorkUserChange 
[ default 2023-05-09 화요일 09:29:49 792 ] Settings_Page -> WorkUserChange 
[ default 2023-05-09 화요일 09:29:49 806 ] Settings_Page -> WorkUserChange 
[ default 2023-05-09 화요일 09:29:49 808 ] Settings_Page -> WorkUserChange 
[ default 2023-05-09 화요일 09:29:49 880 ] Settings_Page -> WorkUserChange 
[ default 2023-05-09 화요일 09:29:49 953 ] Settings_Page -> WorkUserChange 
[ default 2023-05-09 화요일 09:29:50 144 ] Settings_Page -> WorkUserChange 
[ default 2023-05-09 화요일 09:29:50 146 ] Settings_Page -> WorkUserChange 
[ default 2023-05-09 화요일 09:29:50 148 ] Settings_Page -> WorkUserChange 
[ default 2023-05-09 화요일 09:29:50 399 ] Settings_Page -> WorkUserChange 
[ default 2023-05-09 화요일 09:29:50 487 ] Settings_Page -> WorkUserChange 
[ default 2023-05-09 화요일 09:29:50 665 ] Settings_Page -> WorkUserChange 
[ default 2023-05-09 화요일 09:29:50 667 ] Settings_Page -> WorkUserChange 
[ default 2023-05-09 화요일 09:29:50 961 ] Settings_Page -> WorkTargetChange 
[ default 2023-05-09 화요일 09:29:51 071 ] Settings_Page -> WorkTargetChange 
[ default 2023-05-09 화요일 09:29:51 237 ] Settings_Page -> WorkTargetChange 
[ default 2023-05-09 화요일 09:29:51 319 ] Settings_Page -> WorkTargetChange 
[ default 2023-05-09 화요일 09:29:51 321 ] Settings_Page -> WorkTargetChange 
[ default 2023-05-09 화요일 09:29:51 325 ] Settings_Page -> WorkTargetChange 
[ default 2023-05-09 화요일 09:29:51 488 ] Settings_Page -> WorkTargetChange 
[ default 2023-05-09 화요일 09:29:51 490 ] Settings_Page -> WorkTargetChange 
[ default 2023-05-09 화요일 09:29:52 423 ] Settings_Page -> WorkUserSet 
[ default 2023-05-09 화요일 10:00:19 053 ] 프로그램 시작
[ default 2023-05-09 화요일 10:00:21 408 ] Form1 -> Form1_Shown 
[ default 2023-05-09 화요일 10:00:21 960 ] RealTimeView_Page -> PanelSettings 
[ default 2023-05-09 화요일 10:00:22 322 ] RealTimeView_Page -> RealTimeView_Page_Load 
[ default 2023-05-09 화요일 10:00:22 323 ] RealTimeView_Page -> VideoSetLoad 
[ default 2023-05-09 화요일 10:00:22 324 ] RealTimeView_Page -> cb_TextView_SelectedValueChanged 
[ default 2023-05-09 화요일 10:00:22 325 ] Settings_Page -> XMLSave 
[ default 2023-05-09 화요일 10:00:22 326 ] CameraControl -> CameraOpen 
[ default 2023-05-09 화요일 10:00:22 616 ] CameraControl -> open 
[ default 2023-05-09 화요일 10:00:22 649 ] RealTimeView_Page -> CreateBitmap 
[ default 2023-05-09 화요일 10:00:22 666 ] CameraControl -> SetEnableImageCallback 
[ default 2023-05-09 화요일 10:00:22 677 ] CameraControl -> Start 
[ default 2023-05-09 화요일 10:00:22 741 ] CameraControl -> CameraOpen 
[ default 2023-05-09 화요일 10:00:23 026 ] CameraControl -> open 
[ default 2023-05-09 화요일 10:00:23 036 ] RealTimeView_Page -> CreateBitmap 
[ default 2023-05-09 화요일 10:00:23 046 ] CameraControl -> SetEnableImageCallback 
[ default 2023-05-09 화요일 10:00:23 049 ] CameraControl -> Start 
[ default 2023-05-09 화요일 10:00:23 130 ] CameraControl -> CameraOpen 
[ default 2023-05-09 화요일 10:00:24 738 ] CameraControl -> open 
[ default 2023-05-09 화요일 10:00:24 753 ] RealTimeView_Page -> CreateBitmap 
[ default 2023-05-09 화요일 10:00:24 763 ] CameraControl -> SetEnableImageCallback 
[ default 2023-05-09 화요일 10:00:24 767 ] CameraControl -> Start 
[ default 2023-05-09 화요일 10:00:24 860 ] Settings_Page -> XMLSave 
[ default 2023-05-09 화요일 10:00:24 898 ] VideoCheck_Page -> PanelSettings 
[ default 2023-05-09 화요일 10:00:25 006 ] VideoAnalysis_Page -> PanelSettings 
[ default 2023-05-09 화요일 10:00:28 760 ] Settings_Page -> WorkUserChange 
[ default 2023-05-09 화요일 10:00:28 816 ] Settings_Page -> WorkUserChange 
[ default 2023-05-09 화요일 10:00:28 976 ] Settings_Page -> WorkUserChange 
[ default 2023-05-09 화요일 10:00:29 238 ] Settings_Page -> WorkUserChange 
[ default 2023-05-09 화요일 10:00:29 242 ] Settings_Page -> WorkUserChange 
[ default 2023-05-09 화요일 10:00:29 243 ] Settings_Page -> WorkUserChange 
[ default 2023-05-09 화요일 10:00:29 360 ] Settings_Page -> WorkUserChange 
[ default 2023-05-09 화요일 10:00:29 423 ] Settings_Page -> WorkUserChange 
[ default 2023-05-09 화요일 10:00:29 607 ] Settings_Page -> WorkUserChange 
[ default 2023-05-09 화요일 10:00:29 608 ] Settings_Page -> WorkUserChange 
[ default 2023-05-09 화요일 10:00:29 609 ] Settings_Page -> WorkUserChange 
[ default 2023-05-09 화요일 10:00:29 712 ] Settings_Page -> WorkUserChange 
[ default 2023-05-09 화요일 10:00:29 767 ] Settings_Page -> WorkUserChange 
[ default 2023-05-09 화요일 10:00:29 935 ] Settings_Page -> WorkUserChange 
[ default 2023-05-09 화요일 10:00:29 937 ] Settings_Page -> WorkUserChange 
[ default 2023-05-09 화요일 10:00:31 496 ] Settings_Page -> WorkTargetChange 
[ default 2023-05-09 화요일 10:00:31 591 ] Settings_Page -> WorkTargetChange 
[ default 2023-05-09 화요일 10:00:31 726 ] Settings_Page -> WorkTargetChange 
[ default 2023-05-09 화요일 10:00:31 790 ] Settings_Page -> WorkTargetChange 
[ default 2023-05-09 화요일 10:00:31 793 ] Settings_Page -> WorkTargetChange 
[ default 2023-05-09 화요일 10:00:31 794 ] Settings_Page -> WorkTargetChange 
[ default 2023-05-09 화요일 10:00:32 031 ] Settings_Page -> WorkTargetChange 
[ default 2023-05-09 화요일 10:00:32 033 ] Settings_Page -> WorkTargetChange 
[ default 2023-05-09 화요일 10:00:33 673 ] Settings_Page -> WorkUserSet 
[ default 2023-05-09 화요일 10:03:45 449 ] 프로그램 시작
[ default 2023-05-09 화요일 10:03:47 813 ] Form1 -> Form1_Shown 
[ default 2023-05-09 화요일 10:03:48 573 ] RealTimeView_Page -> PanelSettings 
[ default 2023-05-09 화요일 10:03:48 893 ] RealTimeView_Page -> RealTimeView_Page_Load 
[ default 2023-05-09 화요일 10:03:48 894 ] RealTimeView_Page -> VideoSetLoad 
[ default 2023-05-09 화요일 10:03:48 895 ] RealTimeView_Page -> cb_TextView_SelectedValueChanged 
[ default 2023-05-09 화요일 10:03:48 896 ] Settings_Page -> XMLSave 
[ default 2023-05-09 화요일 10:03:48 897 ] CameraControl -> CameraOpen 
[ default 2023-05-09 화요일 10:03:49 178 ] CameraControl -> open 
[ default 2023-05-09 화요일 10:03:49 209 ] RealTimeView_Page -> CreateBitmap 
[ default 2023-05-09 화요일 10:03:49 221 ] CameraControl -> SetEnableImageCallback 
[ default 2023-05-09 화요일 10:03:49 234 ] CameraControl -> Start 
[ default 2023-05-09 화요일 10:03:49 281 ] CameraControl -> CameraOpen 
[ default 2023-05-09 화요일 10:03:49 588 ] CameraControl -> open 
[ default 2023-05-09 화요일 10:03:49 598 ] RealTimeView_Page -> CreateBitmap 
[ default 2023-05-09 화요일 10:03:49 610 ] CameraControl -> SetEnableImageCallback 
[ default 2023-05-09 화요일 10:03:49 613 ] CameraControl -> Start 
[ default 2023-05-09 화요일 10:03:49 658 ] CameraControl -> CameraOpen 
[ default 2023-05-09 화요일 10:03:50 115 ] CameraControl -> open 
[ default 2023-05-09 화요일 10:03:50 140 ] RealTimeView_Page -> CreateBitmap 
[ default 2023-05-09 화요일 10:03:50 147 ] CameraControl -> SetEnableImageCallback 
[ default 2023-05-09 화요일 10:03:50 150 ] CameraControl -> Start 
[ default 2023-05-09 화요일 10:03:50 296 ] Settings_Page -> XMLSave 
[ default 2023-05-09 화요일 10:03:50 335 ] VideoCheck_Page -> PanelSettings 
[ default 2023-05-09 화요일 10:03:50 432 ] VideoAnalysis_Page -> PanelSettings 
[ default 2023-05-09 화요일 10:03:53 845 ] Form1 -> Form1_FormClosing 
[ default 2023-05-09 화요일 10:03:53 860 ] RealTimeView_Page -> CameraClose 
[ default 2023-05-09 화요일 10:03:53 868 ] CameraControl -> Stop 
[ default 2023-05-09 화요일 10:03:55 239 ] CameraControl -> Close 
[ default 2023-05-09 화요일 10:03:55 256 ] CameraControl -> Stop 
[ default 2023-05-09 화요일 10:03:55 351 ] CameraControl -> Close 
[ default 2023-05-09 화요일 10:03:55 366 ] CameraControl -> Stop 
[ default 2023-05-09 화요일 10:03:55 433 ] CameraControl -> Close 
[ default 2023-05-09 화요일 10:03:55 445 ] VideoCheck_Page -> VideoClose 
[ default 2023-05-09 화요일 10:03:55 446 ] VideoAnalysis_Page -> VideoClose 
[ default 2023-05-09 화요일 10:05:15 264 ] 프로그램 시작
[ default 2023-05-09 화요일 10:05:17 620 ] Form1 -> Form1_Shown 
[ default 2023-05-09 화요일 10:05:18 102 ] RealTimeView_Page -> PanelSettings 
[ default 2023-05-09 화요일 10:05:18 388 ] RealTimeView_Page -> RealTimeView_Page_Load 
[ default 2023-05-09 화요일 10:05:18 389 ] RealTimeView_Page -> VideoSetLoad 
[ default 2023-05-09 화요일 10:05:18 390 ] RealTimeView_Page -> cb_TextView_SelectedValueChanged 
[ default 2023-05-09 화요일 10:05:18 391 ] Settings_Page -> XMLSave 
[ default 2023-05-09 화요일 10:05:18 392 ] CameraControl -> CameraOpen 
[ default 2023-05-09 화요일 10:05:18 667 ] CameraControl -> open 
[ default 2023-05-09 화요일 10:05:18 692 ] RealTimeView_Page -> CreateBitmap 
[ default 2023-05-09 화요일 10:05:18 706 ] CameraControl -> SetEnableImageCallback 
[ default 2023-05-09 화요일 10:05:18 717 ] CameraControl -> Start 
[ default 2023-05-09 화요일 10:05:18 762 ] CameraControl -> CameraOpen 
[ default 2023-05-09 화요일 10:05:19 165 ] CameraControl -> open 
[ default 2023-05-09 화요일 10:05:19 222 ] RealTimeView_Page -> CreateBitmap 
[ default 2023-05-09 화요일 10:05:19 230 ] CameraControl -> SetEnableImageCallback 
[ default 2023-05-09 화요일 10:05:19 233 ] CameraControl -> Start 
[ default 2023-05-09 화요일 10:05:19 277 ] CameraControl -> CameraOpen 
[ default 2023-05-09 화요일 10:05:19 617 ] CameraControl -> open 
[ default 2023-05-09 화요일 10:05:19 646 ] RealTimeView_Page -> CreateBitmap 
[ default 2023-05-09 화요일 10:05:19 655 ] CameraControl -> SetEnableImageCallback 
[ default 2023-05-09 화요일 10:05:19 658 ] CameraControl -> Start 
[ default 2023-05-09 화요일 10:05:19 722 ] Settings_Page -> XMLSave 
[ default 2023-05-09 화요일 10:05:19 773 ] VideoCheck_Page -> PanelSettings 
[ default 2023-05-09 화요일 10:05:19 858 ] VideoAnalysis_Page -> PanelSettings 
[ default 2023-05-09 화요일 10:05:23 082 ] Settings_Page -> WorkUserChange 
[ default 2023-05-09 화요일 10:05:23 190 ] Settings_Page -> WorkUserChange 
[ default 2023-05-09 화요일 10:05:23 352 ] Settings_Page -> WorkUserChange 
[ default 2023-05-09 화요일 10:05:23 614 ] Settings_Page -> WorkUserChange 
[ default 2023-05-09 화요일 10:05:23 618 ] Settings_Page -> WorkUserChange 
[ default 2023-05-09 화요일 10:05:23 620 ] Settings_Page -> WorkUserChange 
[ default 2023-05-09 화요일 10:05:23 775 ] Settings_Page -> WorkUserChange 
[ default 2023-05-09 화요일 10:05:23 840 ] Settings_Page -> WorkUserChange 
[ default 2023-05-09 화요일 10:05:24 022 ] Settings_Page -> WorkUserChange 
[ default 2023-05-09 화요일 10:05:24 023 ] Settings_Page -> WorkUserChange 
[ default 2023-05-09 화요일 10:05:24 025 ] Settings_Page -> WorkUserChange 
[ default 2023-05-09 화요일 10:05:24 103 ] Settings_Page -> WorkUserChange 
[ default 2023-05-09 화요일 10:05:24 199 ] Settings_Page -> WorkUserChange 
[ default 2023-05-09 화요일 10:05:24 359 ] Settings_Page -> WorkUserChange 
[ default 2023-05-09 화요일 10:05:24 361 ] Settings_Page -> WorkUserChange 
[ default 2023-05-09 화요일 10:05:24 672 ] Settings_Page -> WorkTargetChange 
[ default 2023-05-09 화요일 10:05:24 799 ] Settings_Page -> WorkTargetChange 
[ default 2023-05-09 화요일 10:05:24 967 ] Settings_Page -> WorkTargetChange 
[ default 2023-05-09 화요일 10:05:25 038 ] Settings_Page -> WorkTargetChange 
[ default 2023-05-09 화요일 10:05:25 040 ] Settings_Page -> WorkTargetChange 
[ default 2023-05-09 화요일 10:05:25 042 ] Settings_Page -> WorkTargetChange 
[ default 2023-05-09 화요일 10:05:26 390 ] Settings_Page -> WorkTargetChange 
[ default 2023-05-09 화요일 10:05:26 392 ] Settings_Page -> WorkTargetChange 
[ default 2023-05-09 화요일 10:05:26 480 ] Settings_Page -> WorkUserSet 
[ default 2023-05-09 화요일 10:17:14 369 ] 프로그램 시작
[ default 2023-05-09 화요일 10:17:16 754 ] Form1 -> Form1_Shown 
[ default 2023-05-09 화요일 10:17:17 345 ] RealTimeView_Page -> PanelSettings 
[ default 2023-05-09 화요일 10:17:17 683 ] RealTimeView_Page -> RealTimeView_Page_Load 
[ default 2023-05-09 화요일 10:17:17 686 ] RealTimeView_Page -> VideoSetLoad 
[ default 2023-05-09 화요일 10:17:17 688 ] RealTimeView_Page -> cb_TextView_SelectedValueChanged 
[ default 2023-05-09 화요일 10:17:17 689 ] Settings_Page -> XMLSave 
[ default 2023-05-09 화요일 10:17:17 690 ] CameraControl -> CameraOpen 
[ default 2023-05-09 화요일 10:17:17 995 ] CameraControl -> open 
[ default 2023-05-09 화요일 10:17:18 037 ] RealTimeView_Page -> CreateBitmap 
[ default 2023-05-09 화요일 10:17:18 052 ] CameraControl -> SetEnableImageCallback 
[ default 2023-05-09 화요일 10:17:18 065 ] CameraControl -> Start 
[ default 2023-05-09 화요일 10:17:18 114 ] CameraControl -> CameraOpen 
[ default 2023-05-09 화요일 10:17:18 542 ] CameraControl -> open 
[ default 2023-05-09 화요일 10:17:18 553 ] RealTimeView_Page -> CreateBitmap 
[ default 2023-05-09 화요일 10:17:18 563 ] CameraControl -> SetEnableImageCallback 
[ default 2023-05-09 화요일 10:17:18 566 ] CameraControl -> Start 
[ default 2023-05-09 화요일 10:17:18 607 ] CameraControl -> CameraOpen 
[ default 2023-05-09 화요일 10:17:20 128 ] CameraControl -> open 
[ default 2023-05-09 화요일 10:17:20 153 ] RealTimeView_Page -> CreateBitmap 
[ default 2023-05-09 화요일 10:17:20 173 ] CameraControl -> SetEnableImageCallback 
[ default 2023-05-09 화요일 10:17:20 189 ] CameraControl -> Start 
[ default 2023-05-09 화요일 10:17:20 322 ] Settings_Page -> XMLSave 
[ default 2023-05-09 화요일 10:17:20 360 ] VideoCheck_Page -> PanelSettings 
[ default 2023-05-09 화요일 10:17:20 468 ] VideoAnalysis_Page -> PanelSettings 
[ default 2023-05-09 화요일 10:17:23 748 ] Settings_Page -> WorkUserChange 
[ default 2023-05-09 화요일 10:17:23 807 ] Settings_Page -> WorkUserChange 
[ default 2023-05-09 화요일 10:17:23 951 ] Settings_Page -> WorkUserChange 
[ default 2023-05-09 화요일 10:17:24 158 ] Settings_Page -> WorkUserChange 
[ default 2023-05-09 화요일 10:17:24 172 ] Settings_Page -> WorkUserChange 
[ default 2023-05-09 화요일 10:17:24 173 ] Settings_Page -> WorkUserChange 
[ default 2023-05-09 화요일 10:17:24 279 ] Settings_Page -> WorkUserChange 
[ default 2023-05-09 화요일 10:17:24 351 ] Settings_Page -> WorkUserChange 
[ default 2023-05-09 화요일 10:17:24 534 ] Settings_Page -> WorkUserChange 
[ default 2023-05-09 화요일 10:17:24 535 ] Settings_Page -> WorkUserChange 
[ default 2023-05-09 화요일 10:17:24 537 ] Settings_Page -> WorkUserChange 
[ default 2023-05-09 화요일 10:17:24 657 ] Settings_Page -> WorkUserChange 
[ default 2023-05-09 화요일 10:17:24 719 ] Settings_Page -> WorkUserChange 
[ default 2023-05-09 화요일 10:17:24 872 ] Settings_Page -> WorkUserChange 
[ default 2023-05-09 화요일 10:17:24 874 ] Settings_Page -> WorkUserChange 
[ default 2023-05-09 화요일 10:17:25 487 ] Settings_Page -> WorkTargetChange 
[ default 2023-05-09 화요일 10:17:25 614 ] Settings_Page -> WorkTargetChange 
[ default 2023-05-09 화요일 10:17:25 736 ] Settings_Page -> WorkTargetChange 
[ default 2023-05-09 화요일 10:17:25 798 ] Settings_Page -> WorkTargetChange 
[ default 2023-05-09 화요일 10:17:25 801 ] Settings_Page -> WorkTargetChange 
[ default 2023-05-09 화요일 10:17:25 803 ] Settings_Page -> WorkTargetChange 
[ default 2023-05-09 화요일 10:17:25 998 ] Settings_Page -> WorkTargetChange 
[ default 2023-05-09 화요일 10:17:26 001 ] Settings_Page -> WorkTargetChange 
[ default 2023-05-09 화요일 10:17:27 635 ] Settings_Page -> WorkUserSet 
[ default 2023-05-09 화요일 13:34:11 647 ] 프로그램 시작
[ default 2023-05-09 화요일 13:34:14 029 ] Form1 -> Form1_Shown 
[ default 2023-05-09 화요일 13:34:15 048 ] RealTimeView_Page -> PanelSettings 
[ default 2023-05-09 화요일 13:34:15 367 ] RealTimeView_Page -> RealTimeView_Page_Load 
[ default 2023-05-09 화요일 13:34:15 368 ] RealTimeView_Page -> VideoSetLoad 
[ default 2023-05-09 화요일 13:34:15 369 ] RealTimeView_Page -> cb_TextView_SelectedValueChanged 
[ default 2023-05-09 화요일 13:34:15 370 ] Settings_Page -> XMLSave 
[ default 2023-05-09 화요일 13:34:15 371 ] CameraControl -> CameraOpen 
[ default 2023-05-09 화요일 13:34:15 632 ] CameraControl -> open 
[ default 2023-05-09 화요일 13:34:15 667 ] RealTimeView_Page -> CreateBitmap 
[ default 2023-05-09 화요일 13:34:15 682 ] CameraControl -> SetEnableImageCallback 
[ default 2023-05-09 화요일 13:34:15 695 ] CameraControl -> Start 
[ default 2023-05-09 화요일 13:34:15 741 ] CameraControl -> CameraOpen 
[ default 2023-05-09 화요일 13:34:16 067 ] CameraControl -> open 
[ default 2023-05-09 화요일 13:34:16 078 ] RealTimeView_Page -> CreateBitmap 
[ default 2023-05-09 화요일 13:34:16 087 ] CameraControl -> SetEnableImageCallback 
[ default 2023-05-09 화요일 13:34:16 090 ] CameraControl -> Start 
[ default 2023-05-09 화요일 13:34:16 177 ] CameraControl -> CameraOpen 
[ default 2023-05-09 화요일 13:34:16 587 ] CameraControl -> open 
[ default 2023-05-09 화요일 13:34:16 614 ] RealTimeView_Page -> CreateBitmap 
[ default 2023-05-09 화요일 13:34:16 620 ] CameraControl -> SetEnableImageCallback 
[ default 2023-05-09 화요일 13:34:16 623 ] CameraControl -> Start 
[ default 2023-05-09 화요일 13:34:16 723 ] Settings_Page -> XMLSave 
[ default 2023-05-09 화요일 13:34:16 764 ] VideoCheck_Page -> PanelSettings 
[ default 2023-05-09 화요일 13:34:16 862 ] VideoAnalysis_Page -> PanelSettings 
[ default 2023-05-09 화요일 13:34:20 145 ] Settings_Page -> WorkUserChange 
[ default 2023-05-09 화요일 13:34:20 260 ] Settings_Page -> WorkUserChange 
[ default 2023-05-09 화요일 13:34:20 263 ] Settings_Page -> WorkUserChange 
[ default 2023-05-09 화요일 13:34:20 264 ] Settings_Page -> WorkUserChange 
[ default 2023-05-09 화요일 13:34:20 397 ] Settings_Page -> WorkUserChange 
[ default 2023-05-09 화요일 13:34:20 400 ] Settings_Page -> WorkUserChange 
[ default 2023-05-09 화요일 13:34:20 508 ] Settings_Page -> WorkTargetChange 
[ default 2023-05-09 화요일 13:34:20 642 ] Settings_Page -> WorkTargetChange 
[ default 2023-05-09 화요일 13:34:20 645 ] Settings_Page -> WorkTargetChange 
[ default 2023-05-09 화요일 13:34:20 646 ] Settings_Page -> WorkTargetChange 
[ default 2023-05-09 화요일 13:34:21 923 ] Settings_Page -> WorkTargetChange 
[ default 2023-05-09 화요일 13:34:22 174 ] Settings_Page -> WorkTargetChange 
[ default 2023-05-09 화요일 13:34:23 163 ] Settings_Page -> WorkUserChange 
[ default 2023-05-09 화요일 13:34:23 316 ] Settings_Page -> WorkUserChange 
[ default 2023-05-09 화요일 13:34:23 884 ] Settings_Page -> WorkUserChange 
[ default 2023-05-09 화요일 13:34:24 035 ] Settings_Page -> WorkUserChange 
[ default 2023-05-09 화요일 13:34:24 037 ] Settings_Page -> WorkUserChange 
[ default 2023-05-09 화요일 13:34:24 039 ] Settings_Page -> WorkUserChange 
[ default 2023-05-09 화요일 13:34:24 179 ] Settings_Page -> WorkUserChange 
[ default 2023-05-09 화요일 13:34:24 182 ] Settings_Page -> WorkUserChange 
[ default 2023-05-09 화요일 13:34:24 348 ] Settings_Page -> WorkTargetChange 
[ default 2023-05-09 화요일 13:34:24 484 ] Settings_Page -> WorkTargetChange 
[ default 2023-05-09 화요일 13:34:24 485 ] Settings_Page -> WorkTargetChange 
[ default 2023-05-09 화요일 13:34:24 488 ] Settings_Page -> WorkTargetChange 
[ default 2023-05-09 화요일 13:34:26 066 ] Settings_Page -> WorkTargetChange 
[ default 2023-05-09 화요일 13:34:26 068 ] Settings_Page -> WorkTargetChange 
[ default 2023-05-09 화요일 13:34:26 168 ] Settings_Page -> WorkUserSet 
[ default 2023-05-09 화요일 13:46:03 645 ] 프로그램 시작
[ default 2023-05-09 화요일 13:46:06 057 ] Form1 -> Form1_Shown 
[ default 2023-05-09 화요일 13:46:06 650 ] RealTimeView_Page -> PanelSettings 
[ default 2023-05-09 화요일 13:46:07 085 ] RealTimeView_Page -> RealTimeView_Page_Load 
[ default 2023-05-09 화요일 13:46:07 086 ] RealTimeView_Page -> VideoSetLoad 
[ default 2023-05-09 화요일 13:46:07 087 ] RealTimeView_Page -> cb_TextView_SelectedValueChanged 
[ default 2023-05-09 화요일 13:46:07 090 ] Settings_Page -> XMLSave 
[ default 2023-05-09 화요일 13:46:07 094 ] CameraControl -> CameraOpen 
[ default 2023-05-09 화요일 13:46:07 349 ] CameraControl -> open 
[ default 2023-05-09 화요일 13:46:07 381 ] RealTimeView_Page -> CreateBitmap 
[ default 2023-05-09 화요일 13:46:07 399 ] CameraControl -> SetEnableImageCallback 
[ default 2023-05-09 화요일 13:46:07 412 ] CameraControl -> Start 
[ default 2023-05-09 화요일 13:46:07 491 ] CameraControl -> CameraOpen 
[ default 2023-05-09 화요일 13:46:07 766 ] CameraControl -> open 
[ default 2023-05-09 화요일 13:46:07 778 ] RealTimeView_Page -> CreateBitmap 
[ default 2023-05-09 화요일 13:46:07 788 ] CameraControl -> SetEnableImageCallback 
[ default 2023-05-09 화요일 13:46:07 792 ] CameraControl -> Start 
[ default 2023-05-09 화요일 13:46:07 862 ] CameraControl -> CameraOpen 
[ default 2023-05-09 화요일 13:46:10 685 ] CameraControl -> open 
[ default 2023-05-09 화요일 13:46:10 703 ] RealTimeView_Page -> CreateBitmap 
[ default 2023-05-09 화요일 13:46:10 716 ] CameraControl -> SetEnableImageCallback 
[ default 2023-05-09 화요일 13:46:10 721 ] CameraControl -> Start 
[ default 2023-05-09 화요일 13:46:10 807 ] Settings_Page -> XMLSave 
[ default 2023-05-09 화요일 13:46:10 863 ] VideoCheck_Page -> PanelSettings 
[ default 2023-05-09 화요일 13:46:11 024 ] VideoAnalysis_Page -> PanelSettings 
[ default 2023-05-09 화요일 13:46:19 398 ] Settings_Page -> WorkUserChange 
[ default 2023-05-09 화요일 13:46:19 491 ] Settings_Page -> WorkUserChange 
[ default 2023-05-09 화요일 13:46:19 509 ] Settings_Page -> WorkUserChange 
[ default 2023-05-09 화요일 13:46:19 511 ] Settings_Page -> WorkUserChange 
[ default 2023-05-09 화요일 13:46:19 620 ] Settings_Page -> WorkUserChange 
[ default 2023-05-09 화요일 13:46:19 624 ] Settings_Page -> WorkUserChange 
[ default 2023-05-09 화요일 13:46:19 837 ] Settings_Page -> WorkTargetChange 
[ default 2023-05-09 화요일 13:46:19 963 ] Settings_Page -> WorkTargetChange 
[ default 2023-05-09 화요일 13:46:19 966 ] Settings_Page -> WorkTargetChange 
[ default 2023-05-09 화요일 13:46:19 968 ] Settings_Page -> WorkTargetChange 
[ default 2023-05-09 화요일 13:46:20 244 ] Settings_Page -> WorkTargetChange 
[ default 2023-05-09 화요일 13:46:20 246 ] Settings_Page -> WorkTargetChange 
[ default 2023-05-09 화요일 13:46:21 954 ] Settings_Page -> WorkUserSet 
[ default 2023-05-09 화요일 16:17:15 073 ] 프로그램 시작
[ default 2023-05-09 화요일 16:17:17 431 ] Form1 -> Form1_Shown 
[ default 2023-05-09 화요일 16:17:17 951 ] RealTimeView_Page -> PanelSettings 
[ default 2023-05-09 화요일 16:17:18 273 ] RealTimeView_Page -> RealTimeView_Page_Load 
[ default 2023-05-09 화요일 16:17:18 274 ] RealTimeView_Page -> VideoSetLoad 
[ default 2023-05-09 화요일 16:17:18 276 ] RealTimeView_Page -> cb_TextView_SelectedValueChanged 
[ default 2023-05-09 화요일 16:17:18 279 ] Settings_Page -> XMLSave 
[ default 2023-05-09 화요일 16:17:18 280 ] CameraControl -> CameraOpen 
[ default 2023-05-09 화요일 16:17:18 534 ] CameraControl -> open 
[ default 2023-05-09 화요일 16:17:18 563 ] RealTimeView_Page -> CreateBitmap 
[ default 2023-05-09 화요일 16:17:18 578 ] CameraControl -> SetEnableImageCallback 
[ default 2023-05-09 화요일 16:17:18 593 ] CameraControl -> Start 
[ default 2023-05-09 화요일 16:17:18 652 ] CameraControl -> CameraOpen 
[ default 2023-05-09 화요일 16:17:18 995 ] CameraControl -> open 
[ default 2023-05-09 화요일 16:17:19 005 ] RealTimeView_Page -> CreateBitmap 
[ default 2023-05-09 화요일 16:17:19 016 ] CameraControl -> SetEnableImageCallback 
[ default 2023-05-09 화요일 16:17:19 021 ] CameraControl -> Start 
[ default 2023-05-09 화요일 16:17:19 061 ] CameraControl -> CameraOpen 
[ default 2023-05-09 화요일 16:17:19 379 ] CameraControl -> open 
[ default 2023-05-09 화요일 16:17:19 404 ] RealTimeView_Page -> CreateBitmap 
[ default 2023-05-09 화요일 16:17:19 412 ] CameraControl -> SetEnableImageCallback 
[ default 2023-05-09 화요일 16:17:19 415 ] CameraControl -> Start 
[ default 2023-05-09 화요일 16:17:19 521 ] Settings_Page -> XMLSave 
[ default 2023-05-09 화요일 16:17:19 560 ] VideoCheck_Page -> PanelSettings 
[ default 2023-05-09 화요일 16:17:19 670 ] VideoAnalysis_Page -> PanelSettings 
[ default 2023-05-09 화요일 16:17:23 247 ] Settings_Page -> WorkUserChange 
[ default 2023-05-09 화요일 16:17:23 250 ] Settings_Page -> WorkUserChange 
[ default 2023-05-09 화요일 16:17:23 273 ] Settings_Page -> WorkUserChange 
[ default 2023-05-09 화요일 16:17:23 277 ] Settings_Page -> WorkUserChange 
[ default 2023-05-09 화요일 16:17:23 279 ] Settings_Page -> WorkUserChange 
[ default 2023-05-09 화요일 16:17:23 643 ] Settings_Page -> WorkUserChange 
[ default 2023-05-09 화요일 16:17:23 645 ] Settings_Page -> WorkUserChange 
[ default 2023-05-09 화요일 16:17:23 762 ] Settings_Page -> WorkTargetChange 
[ default 2023-05-09 화요일 16:17:23 810 ] Settings_Page -> WorkTargetChange 
[ default 2023-05-09 화요일 16:17:23 840 ] Settings_Page -> WorkTargetChange 
[ default 2023-05-09 화요일 16:17:23 842 ] Settings_Page -> WorkTargetChange 
[ default 2023-05-09 화요일 16:17:23 843 ] Settings_Page -> WorkTargetChange 
[ default 2023-05-09 화요일 16:17:24 159 ] Settings_Page -> WorkTargetChange 
[ default 2023-05-09 화요일 16:17:24 162 ] Settings_Page -> WorkTargetChange 
[ default 2023-05-09 화요일 16:17:24 298 ] Settings_Page -> WorkUserSet 
[ default 2023-05-09 화요일 16:42:07 600 ] 프로그램 시작
[ default 2023-05-09 화요일 16:42:10 023 ] Form1 -> Form1_Shown 
[ default 2023-05-09 화요일 16:42:10 637 ] RealTimeView_Page -> PanelSettings 
[ default 2023-05-09 화요일 16:42:10 981 ] RealTimeView_Page -> RealTimeView_Page_Load 
[ default 2023-05-09 화요일 16:42:10 982 ] RealTimeView_Page -> VideoSetLoad 
[ default 2023-05-09 화요일 16:42:10 983 ] RealTimeView_Page -> cb_TextView_SelectedValueChanged 
[ default 2023-05-09 화요일 16:42:10 984 ] Settings_Page -> XMLSave 
[ default 2023-05-09 화요일 16:42:10 985 ] CameraControl -> CameraOpen 
[ default 2023-05-09 화요일 16:42:11 247 ] CameraControl -> open 
[ default 2023-05-09 화요일 16:42:11 280 ] RealTimeView_Page -> CreateBitmap 
[ default 2023-05-09 화요일 16:42:11 294 ] CameraControl -> SetEnableImageCallback 
[ default 2023-05-09 화요일 16:42:11 306 ] CameraControl -> Start 
[ default 2023-05-09 화요일 16:42:11 376 ] CameraControl -> CameraOpen 
[ default 2023-05-09 화요일 16:42:11 715 ] CameraControl -> open 
[ default 2023-05-09 화요일 16:42:11 731 ] RealTimeView_Page -> CreateBitmap 
[ default 2023-05-09 화요일 16:42:11 741 ] CameraControl -> SetEnableImageCallback 
[ default 2023-05-09 화요일 16:42:11 746 ] CameraControl -> Start 
[ default 2023-05-09 화요일 16:42:11 791 ] CameraControl -> CameraOpen 
[ default 2023-05-09 화요일 16:42:12 122 ] CameraControl -> open 
[ default 2023-05-09 화요일 16:42:12 137 ] RealTimeView_Page -> CreateBitmap 
[ default 2023-05-09 화요일 16:42:12 152 ] CameraControl -> SetEnableImageCallback 
[ default 2023-05-09 화요일 16:42:12 156 ] CameraControl -> Start 
[ default 2023-05-09 화요일 16:42:12 326 ] Settings_Page -> XMLSave 
[ default 2023-05-09 화요일 16:42:12 370 ] VideoCheck_Page -> PanelSettings 
[ default 2023-05-09 화요일 16:42:12 508 ] VideoAnalysis_Page -> PanelSettings 
[ default 2023-05-09 화요일 16:42:16 826 ] Settings_Page -> WorkUserChange 
[ default 2023-05-09 화요일 16:42:16 947 ] Settings_Page -> WorkUserChange 
[ default 2023-05-09 화요일 16:42:16 952 ] Settings_Page -> WorkUserChange 
[ default 2023-05-09 화요일 16:42:16 954 ] Settings_Page -> WorkUserChange 
[ default 2023-05-09 화요일 16:42:17 072 ] Settings_Page -> WorkUserChange 
[ default 2023-05-09 화요일 16:42:17 074 ] Settings_Page -> WorkUserChange 
[ default 2023-05-09 화요일 16:42:17 175 ] Settings_Page -> WorkTargetChange 
[ default 2023-05-09 화요일 16:42:17 295 ] Settings_Page -> WorkTargetChange 
[ default 2023-05-09 화요일 16:42:17 296 ] Settings_Page -> WorkTargetChange 
[ default 2023-05-09 화요일 16:42:17 297 ] Settings_Page -> WorkTargetChange 
[ default 2023-05-09 화요일 16:42:18 522 ] Settings_Page -> WorkTargetChange 
[ default 2023-05-09 화요일 16:42:18 526 ] Settings_Page -> WorkTargetChange 
[ default 2023-05-09 화요일 16:42:18 624 ] Settings_Page -> WorkUserSet 
[ default 2023-05-09 화요일 16:55:06 720 ] 프로그램 시작
[ default 2023-05-09 화요일 16:55:09 090 ] Form1 -> Form1_Shown 
[ default 2023-05-09 화요일 16:55:09 275 ] RealTimeView_Page -> PanelSettings 
[ default 2023-05-09 화요일 16:55:09 704 ] RealTimeView_Page -> RealTimeView_Page_Load 
[ default 2023-05-09 화요일 16:55:09 705 ] RealTimeView_Page -> VideoSetLoad 
[ default 2023-05-09 화요일 16:55:09 706 ] RealTimeView_Page -> cb_TextView_SelectedValueChanged 
[ default 2023-05-09 화요일 16:55:59 011 ] RealTimeView_Page -> cb_TextView_SelectedValueChanged 인덱스가 배열 범위를 벗어났습니다.
[ default 2023-05-09 화요일 16:58:54 596 ] 프로그램 시작
[ default 2023-05-09 화요일 16:58:56 960 ] Form1 -> Form1_Shown 
[ default 2023-05-09 화요일 16:58:57 086 ] RealTimeView_Page -> PanelSettings 
[ default 2023-05-09 화요일 16:58:57 423 ] RealTimeView_Page -> RealTimeView_Page_Load 
[ default 2023-05-09 화요일 16:58:57 424 ] RealTimeView_Page -> VideoSetLoad 
[ default 2023-05-09 화요일 16:58:57 426 ] RealTimeView_Page -> cb_TextView_SelectedValueChanged 
[ default 2023-05-09 화요일 16:58:59 187 ] RealTimeView_Page -> cb_TextView_SelectedValueChanged 인덱스가 배열 범위를 벗어났습니다.
[ default 2023-05-09 화요일 17:02:02 057 ] 프로그램 시작
[ default 2023-05-09 화요일 17:02:04 458 ] Form1 -> Form1_Shown 
[ default 2023-05-09 화요일 17:02:04 589 ] RealTimeView_Page -> PanelSettings 
[ default 2023-05-09 화요일 17:02:04 963 ] RealTimeView_Page -> RealTimeView_Page_Load 
[ default 2023-05-09 화요일 17:02:04 964 ] RealTimeView_Page -> VideoSetLoad 
[ default 2023-05-09 화요일 17:02:04 966 ] RealTimeView_Page -> cb_TextView_SelectedValueChanged 
[ default 2023-05-09 화요일 17:02:06 750 ] RealTimeView_Page -> cb_TextView_SelectedValueChanged 인덱스가 배열 범위를 벗어났습니다.
[ default 2023-05-09 화요일 17:04:20 053 ] 프로그램 시작
[ default 2023-05-09 화요일 17:04:22 424 ] Form1 -> Form1_Shown 
[ default 2023-05-09 화요일 17:04:22 590 ] RealTimeView_Page -> PanelSettings 
[ default 2023-05-09 화요일 17:04:22 972 ] RealTimeView_Page -> RealTimeView_Page_Load 
[ default 2023-05-09 화요일 17:04:22 972 ] RealTimeView_Page -> VideoSetLoad 
[ default 2023-05-09 화요일 17:04:22 975 ] RealTimeView_Page -> cb_TextView_SelectedValueChanged 
[ default 2023-05-09 화요일 17:04:26 384 ] RealTimeView_Page -> cb_TextView_SelectedValueChanged 인덱스가 배열 범위를 벗어났습니다.
[ default 2023-05-09 화요일 17:05:38 839 ] 프로그램 시작
[ default 2023-05-09 화요일 17:05:41 195 ] Form1 -> Form1_Shown 
[ default 2023-05-09 화요일 17:05:41 314 ] RealTimeView_Page -> PanelSettings 
[ default 2023-05-09 화요일 17:05:41 677 ] RealTimeView_Page -> RealTimeView_Page_Load 
[ default 2023-05-09 화요일 17:05:41 678 ] RealTimeView_Page -> VideoSetLoad 
[ default 2023-05-09 화요일 17:05:41 679 ] RealTimeView_Page -> cb_TextView_SelectedValueChanged 
[ default 2023-05-09 화요일 17:06:12 264 ] Settings_Page -> XMLSave 
[ default 2023-05-09 화요일 17:06:52 165 ] Form1 -> Form1_Shown 개체 참조가 개체의 인스턴스로 설정되지 않았습니다.
[ default 2023-05-09 화요일 17:07:00 335 ] Form1 -> NavigationClick 
[ default 2023-05-09 화요일 17:07:02 825 ] Form1 -> NavigationClick 
[ default 2023-05-09 화요일 17:07:07 346 ] Form1 -> Form1_FormClosing 
[ default 2023-05-09 화요일 17:07:07 359 ] RealTimeView_Page -> CameraClose 
[ default 2023-05-09 화요일 17:07:23 101 ] 프로그램 시작
[ default 2023-05-09 화요일 17:07:25 464 ] Form1 -> Form1_Shown 
[ default 2023-05-09 화요일 17:07:25 566 ] RealTimeView_Page -> PanelSettings 
[ default 2023-05-09 화요일 17:07:25 924 ] RealTimeView_Page -> RealTimeView_Page_Load 
[ default 2023-05-09 화요일 17:07:25 926 ] RealTimeView_Page -> VideoSetLoad 
[ default 2023-05-09 화요일 17:07:25 927 ] RealTimeView_Page -> cb_TextView_SelectedValueChanged 
[ default 2023-05-09 화요일 17:07:25 928 ] Settings_Page -> XMLSave 
[ default 2023-05-09 화요일 17:08:08 364 ] Form1 -> Form1_Shown 
[ default 2023-05-09 화요일 17:08:08 739 ] Form1 -> Form1_FormClosing 
[ default 2023-05-09 화요일 17:08:08 753 ] RealTimeView_Page -> CameraClose 
[ default 2023-05-09 화요일 17:18:50 239 ] 프로그램 시작
[ default 2023-05-09 화요일 17:18:52 618 ] Form1 -> Form1_Shown 
[ default 2023-05-09 화요일 17:18:52 756 ] RealTimeView_Page -> PanelSettings 
[ default 2023-05-09 화요일 17:18:53 138 ] RealTimeView_Page -> RealTimeView_Page_Load 
[ default 2023-05-09 화요일 17:18:53 139 ] RealTimeView_Page -> VideoSetLoad 
[ default 2023-05-09 화요일 17:18:53 140 ] RealTimeView_Page -> cb_TextView_SelectedValueChanged 
[ default 2023-05-09 화요일 17:18:53 141 ] Settings_Page -> XMLSave 
[ default 2023-05-09 화요일 17:18:58 817 ] Form1 -> Form1_Shown 
[ default 2023-05-09 화요일 17:18:58 817 ] Form1 -> Form1_FormClosing 
[ default 2023-05-09 화요일 17:18:58 841 ] RealTimeView_Page -> CameraClose 
[ default 2023-05-09 화요일 17:20:33 475 ] 프로그램 시작
[ default 2023-05-09 화요일 17:20:35 816 ] Form1 -> Form1_Shown 
[ default 2023-05-09 화요일 17:20:35 921 ] RealTimeView_Page -> PanelSettings 
[ default 2023-05-09 화요일 17:20:36 315 ] RealTimeView_Page -> RealTimeView_Page_Load 
[ default 2023-05-09 화요일 17:20:36 316 ] RealTimeView_Page -> VideoSetLoad 
[ default 2023-05-09 화요일 17:20:36 317 ] RealTimeView_Page -> cb_TextView_SelectedValueChanged 
[ default 2023-05-09 화요일 17:20:36 319 ] Settings_Page -> XMLSave 
[ default 2023-05-09 화요일 17:20:38 775 ] Form1 -> Form1_Shown 
[ default 2023-05-09 화요일 17:20:38 831 ] VideoCheck_Page -> PanelSettings 
[ default 2023-05-09 화요일 17:20:39 040 ] VideoAnalysis_Page -> PanelSettings 
[ default 2023-05-09 화요일 17:20:42 404 ] Settings_Page -> WorkUserChange 
[ default 2023-05-09 화요일 17:20:42 519 ] Settings_Page -> WorkUserChange 
[ default 2023-05-09 화요일 17:20:42 898 ] Settings_Page -> WorkTargetChange 
[ default 2023-05-09 화요일 17:20:43 042 ] Settings_Page -> WorkTargetChange 
[ default 2023-05-09 화요일 17:20:46 217 ] Settings_Page -> WorkUserSet 
