[  2023-05-18 목요일 09:50:31 266 ] 파일 생성 성공
[ default 2023-05-18 목요일 09:50:31 264 ] 프로그램 시작
[ default 2023-05-18 목요일 09:50:34 582 ] Form1 -> Form1_Shown 
[ default 2023-05-18 목요일 09:50:36 239 ] RealTimeView_Page -> PanelSettings 
[ default 2023-05-18 목요일 09:50:38 127 ] RealTimeView_Page -> RealTimeView_Page_Load 
[ default 2023-05-18 목요일 09:50:38 146 ] RealTimeView_Page -> VideoSetLoad 
[ default 2023-05-18 목요일 09:50:38 155 ] RealTimeView_Page -> cb_TextView_SelectedValueChanged 
[ default 2023-05-18 목요일 09:50:38 177 ] Settings_Page -> XMLSave 
[ default 2023-05-18 목요일 09:50:41 953 ] Form1 -> Form1_Shown 
[ default 2023-05-18 목요일 09:50:42 109 ] VideoCheck_Page -> PanelSettings 
[ default 2023-05-18 목요일 09:50:42 571 ] VideoAnalysis_Page -> PanelSettings 
[ default 2023-05-18 목요일 09:51:44 566 ] Settings_Page -> WorkUserChange 
[ default 2023-05-18 목요일 09:51:44 588 ] Settings_Page -> WorkUserChange 
[ default 2023-05-18 목요일 09:51:44 616 ] Settings_Page -> WorkUserChange 
[ default 2023-05-18 목요일 09:51:44 618 ] Settings_Page -> WorkUserChange 
[ default 2023-05-18 목요일 09:51:44 946 ] Settings_Page -> WorkUserChange 
[ default 2023-05-18 목요일 09:51:44 960 ] Settings_Page -> WorkUserChange 
[ default 2023-05-18 목요일 09:51:45 067 ] Settings_Page -> WorkTargetChange 
[ default 2023-05-18 목요일 09:51:45 167 ] Settings_Page -> WorkTargetChange 
[ default 2023-05-18 목요일 09:51:45 178 ] Settings_Page -> WorkTargetChange 
[ default 2023-05-18 목요일 09:51:45 182 ] Settings_Page -> WorkTargetChange 
[ default 2023-05-18 목요일 09:51:45 589 ] Settings_Page -> WorkTargetChange 
[ default 2023-05-18 목요일 09:51:45 603 ] Settings_Page -> WorkTargetChange 
[ default 2023-05-18 목요일 09:51:45 616 ] Settings_Page -> WorkUserSet 
[ default 2023-05-18 목요일 14:36:06 743 ] 프로그램 시작
[ default 2023-05-18 목요일 14:36:09 158 ] Form1 -> Form1_Shown 
[ default 2023-05-18 목요일 14:36:09 714 ] RealTimeView_Page -> PanelSettings 
[ default 2023-05-18 목요일 14:36:10 145 ] RealTimeView_Page -> RealTimeView_Page_Load 
[ default 2023-05-18 목요일 14:36:10 145 ] RealTimeView_Page -> VideoSetLoad 
[ default 2023-05-18 목요일 14:36:10 147 ] RealTimeView_Page -> cb_TextView_SelectedValueChanged 
[ default 2023-05-18 목요일 14:36:10 148 ] Settings_Page -> XMLSave 
[ default 2023-05-18 목요일 14:36:11 952 ] Form1 -> Form1_Shown 
[ default 2023-05-18 목요일 14:36:12 009 ] VideoCheck_Page -> PanelSettings 
[ default 2023-05-18 목요일 14:36:12 201 ] VideoAnalysis_Page -> PanelSettings 
[ default 2023-05-18 목요일 14:36:14 876 ] Form1 -> NavigationClick 
[ default 2023-05-18 목요일 14:36:18 557 ] Settings_Page -> WorkUserChange 
[ default 2023-05-18 목요일 14:36:18 671 ] Settings_Page -> WorkUserChange 
[ default 2023-05-18 목요일 14:36:18 675 ] Settings_Page -> WorkUserChange 
[ default 2023-05-18 목요일 14:36:18 676 ] Settings_Page -> WorkUserChange 
[ default 2023-05-18 목요일 14:36:18 787 ] Settings_Page -> WorkUserChange 
[ default 2023-05-18 목요일 14:36:18 789 ] Settings_Page -> WorkUserChange 
[ default 2023-05-18 목요일 14:36:18 960 ] Settings_Page -> WorkTargetChange 
[ default 2023-05-18 목요일 14:36:19 078 ] Settings_Page -> WorkTargetChange 
[ default 2023-05-18 목요일 14:36:19 081 ] Settings_Page -> WorkTargetChange 
[ default 2023-05-18 목요일 14:36:19 083 ] Settings_Page -> WorkTargetChange 
[ default 2023-05-18 목요일 14:36:19 838 ] Settings_Page -> WorkTargetChange 
[ default 2023-05-18 목요일 14:36:19 841 ] Settings_Page -> WorkTargetChange 
[ default 2023-05-18 목요일 14:36:19 841 ] Settings_Page -> WorkTargetChange 
[ default 2023-05-18 목요일 14:36:20 129 ] Settings_Page -> WorkTargetChange 
[ default 2023-05-18 목요일 14:36:20 989 ] Settings_Page -> WorkUserSet 
[ default 2023-05-18 목요일 16:25:26 649 ] 프로그램 시작
[ default 2023-05-18 목요일 16:25:29 087 ] Form1 -> Form1_Shown 
[ default 2023-05-18 목요일 16:25:29 663 ] RealTimeView_Page -> PanelSettings 
[ default 2023-05-18 목요일 16:25:29 999 ] RealTimeView_Page -> RealTimeView_Page_Load 
[ default 2023-05-18 목요일 16:25:30 000 ] RealTimeView_Page -> VideoSetLoad 
[ default 2023-05-18 목요일 16:25:30 001 ] RealTimeView_Page -> cb_TextView_SelectedValueChanged 
[ default 2023-05-18 목요일 16:25:30 002 ] Settings_Page -> XMLSave 
[ default 2023-05-18 목요일 16:25:31 264 ] Form1 -> Form1_Shown 
[ default 2023-05-18 목요일 16:25:31 312 ] VideoCheck_Page -> PanelSettings 
[ default 2023-05-18 목요일 16:25:31 519 ] VideoAnalysis_Page -> PanelSettings 
[ default 2023-05-18 목요일 16:25:34 648 ] Settings_Page -> WorkUserChange 
[ default 2023-05-18 목요일 16:25:34 743 ] Settings_Page -> WorkUserChange 
[ default 2023-05-18 목요일 16:25:34 746 ] Settings_Page -> WorkUserChange 
[ default 2023-05-18 목요일 16:25:34 747 ] Settings_Page -> WorkUserChange 
[ default 2023-05-18 목요일 16:25:34 888 ] Settings_Page -> WorkUserChange 
[ default 2023-05-18 목요일 16:25:34 889 ] Settings_Page -> WorkUserChange 
[ default 2023-05-18 목요일 16:25:35 110 ] Settings_Page -> WorkTargetChange 
[ default 2023-05-18 목요일 16:25:35 239 ] Settings_Page -> WorkTargetChange 
[ default 2023-05-18 목요일 16:25:35 244 ] Settings_Page -> WorkTargetChange 
[ default 2023-05-18 목요일 16:25:35 245 ] Settings_Page -> WorkTargetChange 
[ default 2023-05-18 목요일 16:25:35 598 ] Settings_Page -> WorkTargetChange 
[ default 2023-05-18 목요일 16:25:35 599 ] Settings_Page -> WorkTargetChange 
[ default 2023-05-18 목요일 16:25:35 600 ] Settings_Page -> WorkUserSet 
[ default 2023-05-18 목요일 16:25:56 918 ] 프로그램 시작
[ default 2023-05-18 목요일 16:25:59 395 ] Form1 -> Form1_Shown 
[ default 2023-05-18 목요일 16:25:59 520 ] RealTimeView_Page -> PanelSettings 
[ default 2023-05-18 목요일 16:25:59 912 ] RealTimeView_Page -> RealTimeView_Page_Load 
[ default 2023-05-18 목요일 16:25:59 913 ] RealTimeView_Page -> VideoSetLoad 
[ default 2023-05-18 목요일 16:25:59 914 ] RealTimeView_Page -> cb_TextView_SelectedValueChanged 
[ default 2023-05-18 목요일 16:25:59 915 ] Settings_Page -> XMLSave 
[ default 2023-05-18 목요일 16:26:00 946 ] Form1 -> Form1_Shown 
[ default 2023-05-18 목요일 16:26:00 975 ] VideoCheck_Page -> PanelSettings 
[ default 2023-05-18 목요일 16:26:01 147 ] VideoAnalysis_Page -> PanelSettings 
[ default 2023-05-18 목요일 16:26:03 348 ] Settings_Page -> WorkUserChange 
[ default 2023-05-18 목요일 16:26:03 446 ] Settings_Page -> WorkUserChange 
[ default 2023-05-18 목요일 16:26:03 449 ] Settings_Page -> WorkUserChange 
[ default 2023-05-18 목요일 16:26:03 450 ] Settings_Page -> WorkUserChange 
[ default 2023-05-18 목요일 16:26:03 602 ] Settings_Page -> WorkUserChange 
[ default 2023-05-18 목요일 16:26:03 604 ] Settings_Page -> WorkUserChange 
[ default 2023-05-18 목요일 16:26:04 023 ] Settings_Page -> WorkTargetChange 
[ default 2023-05-18 목요일 16:26:04 151 ] Settings_Page -> WorkTargetChange 
[ default 2023-05-18 목요일 16:26:04 155 ] Settings_Page -> WorkTargetChange 
[ default 2023-05-18 목요일 16:26:04 157 ] Settings_Page -> WorkTargetChange 
[ default 2023-05-18 목요일 16:26:04 336 ] Settings_Page -> WorkTargetChange 
[ default 2023-05-18 목요일 16:26:04 342 ] Settings_Page -> WorkTargetChange 
[ default 2023-05-18 목요일 16:26:04 344 ] Settings_Page -> WorkUserSet 
[ default 2023-05-18 목요일 16:31:35 968 ] 프로그램 시작
[ default 2023-05-18 목요일 16:31:38 360 ] Form1 -> Form1_Shown 
[ default 2023-05-18 목요일 16:31:38 485 ] RealTimeView_Page -> PanelSettings 
[ default 2023-05-18 목요일 16:31:38 891 ] RealTimeView_Page -> RealTimeView_Page_Load 
[ default 2023-05-18 목요일 16:31:38 891 ] RealTimeView_Page -> VideoSetLoad 
[ default 2023-05-18 목요일 16:31:38 892 ] RealTimeView_Page -> cb_TextView_SelectedValueChanged 
[ default 2023-05-18 목요일 16:31:38 893 ] Settings_Page -> XMLSave 
[ default 2023-05-18 목요일 16:31:40 288 ] Form1 -> Form1_Shown 
[ default 2023-05-18 목요일 16:31:40 346 ] VideoCheck_Page -> PanelSettings 
[ default 2023-05-18 목요일 16:31:40 496 ] VideoAnalysis_Page -> PanelSettings 
[ default 2023-05-18 목요일 16:31:42 987 ] Settings_Page -> WorkUserChange 
[ default 2023-05-18 목요일 16:31:43 061 ] Settings_Page -> WorkUserChange 
[ default 2023-05-18 목요일 16:31:43 066 ] Settings_Page -> WorkUserChange 
[ default 2023-05-18 목요일 16:31:43 067 ] Settings_Page -> WorkUserChange 
[ default 2023-05-18 목요일 16:31:43 178 ] Settings_Page -> WorkUserChange 
[ default 2023-05-18 목요일 16:31:43 183 ] Settings_Page -> WorkUserChange 
[ default 2023-05-18 목요일 16:31:43 367 ] Settings_Page -> WorkTargetChange 
[ default 2023-05-18 목요일 16:31:43 484 ] Settings_Page -> WorkTargetChange 
[ default 2023-05-18 목요일 16:31:43 487 ] Settings_Page -> WorkTargetChange 
[ default 2023-05-18 목요일 16:31:43 487 ] Settings_Page -> WorkTargetChange 
[ default 2023-05-18 목요일 16:31:43 878 ] Settings_Page -> WorkTargetChange 
[ default 2023-05-18 목요일 16:31:43 882 ] Settings_Page -> WorkTargetChange 
[ default 2023-05-18 목요일 16:31:43 883 ] Settings_Page -> WorkUserSet 
[ default 2023-05-18 목요일 16:58:27 845 ] 프로그램 시작
[ default 2023-05-18 목요일 16:58:30 227 ] Form1 -> Form1_Shown 
[ default 2023-05-18 목요일 16:58:30 898 ] RealTimeView_Page -> PanelSettings 
[ default 2023-05-18 목요일 16:58:31 245 ] RealTimeView_Page -> RealTimeView_Page_Load 
[ default 2023-05-18 목요일 16:58:31 246 ] RealTimeView_Page -> VideoSetLoad 
[ default 2023-05-18 목요일 16:58:31 247 ] RealTimeView_Page -> cb_TextView_SelectedValueChanged 
[ default 2023-05-18 목요일 16:58:31 248 ] Settings_Page -> XMLSave 
[ default 2023-05-18 목요일 16:58:31 249 ] CameraControl -> CameraOpen 
[ default 2023-05-18 목요일 16:58:31 591 ] CameraControl -> open 
[ default 2023-05-18 목요일 16:58:31 620 ] RealTimeView_Page -> CreateBitmap 
[ default 2023-05-18 목요일 16:58:31 631 ] CameraControl -> SetEnableImageCallback 
[ default 2023-05-18 목요일 16:58:31 643 ] CameraControl -> Start 
[ default 2023-05-18 목요일 16:58:33 294 ] Form1 -> Form1_Shown 인덱스가 배열 범위를 벗어났습니다.
[ default 2023-05-18 목요일 16:58:37 986 ] Form1 -> Form1_FormClosing 
[ default 2023-05-18 목요일 16:58:37 993 ] RealTimeView_Page -> CameraClose 
[ default 2023-05-18 목요일 16:58:37 997 ] CameraControl -> Stop 
[ default 2023-05-18 목요일 16:58:38 384 ] CameraControl -> Close 
[ default 2023-05-18 목요일 16:58:38 533 ] CameraControl -> Finalize 
[ default 2023-05-18 목요일 16:58:38 534 ] CameraControl -> Close 
[ default 2023-05-18 목요일 16:58:47 211 ] 프로그램 시작
[ default 2023-05-18 목요일 16:58:49 630 ] Form1 -> Form1_Shown 
[ default 2023-05-18 목요일 16:58:50 192 ] RealTimeView_Page -> PanelSettings 
[ default 2023-05-18 목요일 16:58:50 582 ] RealTimeView_Page -> RealTimeView_Page_Load 
[ default 2023-05-18 목요일 16:58:50 583 ] RealTimeView_Page -> VideoSetLoad 
[ default 2023-05-18 목요일 16:58:50 585 ] RealTimeView_Page -> cb_TextView_SelectedValueChanged 
[ default 2023-05-18 목요일 16:58:50 586 ] Settings_Page -> XMLSave 
[ default 2023-05-18 목요일 16:58:50 587 ] CameraControl -> CameraOpen 
[ default 2023-05-18 목요일 16:58:50 832 ] CameraControl -> open 
[ default 2023-05-18 목요일 16:58:50 864 ] RealTimeView_Page -> CreateBitmap 
[ default 2023-05-18 목요일 16:58:50 878 ] CameraControl -> SetEnableImageCallback 
[ default 2023-05-18 목요일 16:58:50 892 ] CameraControl -> Start 
[ default 2023-05-18 목요일 16:58:51 502 ] CameraControl -> CameraOpen 
[ default 2023-05-18 목요일 16:58:51 624 ] CameraControl -> CameraOpen There is no available device.
[ default 2023-05-18 목요일 16:58:53 051 ] Form1 -> Form1_Shown 
[ default 2023-05-18 목요일 16:58:53 117 ] VideoCheck_Page -> PanelSettings 
[ default 2023-05-18 목요일 16:58:53 323 ] VideoAnalysis_Page -> PanelSettings 
[ default 2023-05-18 목요일 16:58:56 185 ] Settings_Page -> WorkUserChange 
[ default 2023-05-18 목요일 16:58:56 340 ] Settings_Page -> WorkUserChange 
[ default 2023-05-18 목요일 16:58:56 344 ] Settings_Page -> WorkUserChange 
[ default 2023-05-18 목요일 16:58:56 346 ] Settings_Page -> WorkUserChange 
[ default 2023-05-18 목요일 16:58:56 525 ] Settings_Page -> WorkUserChange 
[ default 2023-05-18 목요일 16:58:56 527 ] Settings_Page -> WorkUserChange 
[ default 2023-05-18 목요일 16:58:56 667 ] Settings_Page -> WorkTargetChange 
[ default 2023-05-18 목요일 16:58:56 825 ] Settings_Page -> WorkTargetChange 
[ default 2023-05-18 목요일 16:58:56 826 ] Settings_Page -> WorkTargetChange 
[ default 2023-05-18 목요일 16:58:56 827 ] Settings_Page -> WorkTargetChange 
[ default 2023-05-18 목요일 16:58:57 099 ] Settings_Page -> WorkTargetChange 
[ default 2023-05-18 목요일 16:58:57 101 ] Settings_Page -> WorkTargetChange 
[ default 2023-05-18 목요일 16:58:57 191 ] Settings_Page -> WorkUserSet 
[ default 2023-05-18 목요일 17:03:19 747 ] 프로그램 시작
[ default 2023-05-18 목요일 17:03:22 135 ] Form1 -> Form1_Shown 
[ default 2023-05-18 목요일 17:03:22 774 ] RealTimeView_Page -> PanelSettings 
[ default 2023-05-18 목요일 17:03:23 159 ] RealTimeView_Page -> RealTimeView_Page_Load 
[ default 2023-05-18 목요일 17:03:23 161 ] RealTimeView_Page -> VideoSetLoad 
[ default 2023-05-18 목요일 17:03:23 163 ] RealTimeView_Page -> cb_TextView_SelectedValueChanged 
[ default 2023-05-18 목요일 17:03:23 164 ] Settings_Page -> XMLSave 
[ default 2023-05-18 목요일 17:03:23 167 ] CameraControl -> CameraOpen 
[ default 2023-05-18 목요일 17:03:23 441 ] CameraControl -> open 
[ default 2023-05-18 목요일 17:03:23 485 ] RealTimeView_Page -> CreateBitmap 
[ default 2023-05-18 목요일 17:03:23 511 ] CameraControl -> SetEnableImageCallback 
[ default 2023-05-18 목요일 17:03:23 529 ] CameraControl -> Start 
[ default 2023-05-18 목요일 17:03:24 148 ] CameraControl -> CameraOpen 
[ default 2023-05-18 목요일 17:03:24 193 ] CameraControl -> CameraOpen There is no available device.
[ default 2023-05-18 목요일 17:03:34 520 ] Form1 -> Form1_Shown 
[ default 2023-05-18 목요일 17:03:34 563 ] VideoCheck_Page -> PanelSettings 
[ default 2023-05-18 목요일 17:03:34 686 ] VideoAnalysis_Page -> PanelSettings 
[ default 2023-05-18 목요일 17:03:37 140 ] Settings_Page -> WorkUserChange 
[ default 2023-05-18 목요일 17:03:37 265 ] Settings_Page -> WorkUserChange 
[ default 2023-05-18 목요일 17:03:37 617 ] Settings_Page -> WorkUserChange 
[ default 2023-05-18 목요일 17:03:37 777 ] Settings_Page -> WorkUserChange 
[ default 2023-05-18 목요일 17:03:39 210 ] Settings_Page -> WorkTargetChange 
[ default 2023-05-18 목요일 17:03:39 345 ] Settings_Page -> WorkTargetChange 
[ default 2023-05-18 목요일 17:03:39 937 ] Settings_Page -> WorkTargetChange 
[ default 2023-05-18 목요일 17:03:41 017 ] Settings_Page -> WorkUserSet 
[ default 2023-05-18 목요일 17:05:04 435 ] 프로그램 시작
[ default 2023-05-18 목요일 17:05:06 800 ] Form1 -> Form1_Shown 
[ default 2023-05-18 목요일 17:05:07 376 ] RealTimeView_Page -> PanelSettings 
[ default 2023-05-18 목요일 17:05:07 723 ] RealTimeView_Page -> RealTimeView_Page_Load 
[ default 2023-05-18 목요일 17:05:07 724 ] RealTimeView_Page -> VideoSetLoad 
[ default 2023-05-18 목요일 17:05:07 725 ] RealTimeView_Page -> cb_TextView_SelectedValueChanged 
[ default 2023-05-18 목요일 17:05:07 726 ] Settings_Page -> XMLSave 
[ default 2023-05-18 목요일 17:05:07 727 ] CameraControl -> CameraOpen 
[ default 2023-05-18 목요일 17:05:07 955 ] CameraControl -> open 
[ default 2023-05-18 목요일 17:05:07 992 ] RealTimeView_Page -> CreateBitmap 
[ default 2023-05-18 목요일 17:05:08 011 ] CameraControl -> SetEnableImageCallback 
[ default 2023-05-18 목요일 17:05:08 026 ] CameraControl -> Start 
[ default 2023-05-18 목요일 17:05:08 623 ] CameraControl -> CameraOpen 
[ default 2023-05-18 목요일 17:05:08 651 ] CameraControl -> CameraOpen There is no available device.
[ default 2023-05-18 목요일 17:05:24 116 ] Form1 -> Form1_Shown 
[ default 2023-05-18 목요일 17:05:24 179 ] VideoCheck_Page -> PanelSettings 
[ default 2023-05-18 목요일 17:05:24 355 ] VideoAnalysis_Page -> PanelSettings 
[ default 2023-05-18 목요일 17:05:26 779 ] Settings_Page -> WorkUserChange 
[ default 2023-05-18 목요일 17:05:26 890 ] Settings_Page -> WorkUserChange 
[ default 2023-05-18 목요일 17:05:26 893 ] Settings_Page -> WorkUserChange 
[ default 2023-05-18 목요일 17:05:26 894 ] Settings_Page -> WorkUserChange 
[ default 2023-05-18 목요일 17:05:27 017 ] Settings_Page -> WorkUserChange 
[ default 2023-05-18 목요일 17:05:27 020 ] Settings_Page -> WorkUserChange 
[ default 2023-05-18 목요일 17:05:27 138 ] Settings_Page -> WorkTargetChange 
[ default 2023-05-18 목요일 17:05:27 289 ] Settings_Page -> WorkTargetChange 
[ default 2023-05-18 목요일 17:05:27 290 ] Settings_Page -> WorkTargetChange 
[ default 2023-05-18 목요일 17:05:27 291 ] Settings_Page -> WorkTargetChange 
[ default 2023-05-18 목요일 17:05:27 489 ] Settings_Page -> WorkTargetChange 
[ default 2023-05-18 목요일 17:05:27 490 ] Settings_Page -> WorkTargetChange 
[ default 2023-05-18 목요일 17:05:27 492 ] Settings_Page -> WorkUserSet 
[ default 2023-05-18 목요일 17:08:13 524 ] 프로그램 시작
[ default 2023-05-18 목요일 17:08:15 890 ] Form1 -> Form1_Shown 
[ default 2023-05-18 목요일 17:08:16 450 ] RealTimeView_Page -> PanelSettings 
[ default 2023-05-18 목요일 17:08:16 808 ] RealTimeView_Page -> RealTimeView_Page_Load 
[ default 2023-05-18 목요일 17:08:16 808 ] RealTimeView_Page -> VideoSetLoad 
[ default 2023-05-18 목요일 17:08:16 809 ] RealTimeView_Page -> cb_TextView_SelectedValueChanged 
[ default 2023-05-18 목요일 17:08:16 810 ] Settings_Page -> XMLSave 
[ default 2023-05-18 목요일 17:08:16 812 ] CameraControl -> CameraOpen 
[ default 2023-05-18 목요일 17:08:17 046 ] CameraControl -> open 
[ default 2023-05-18 목요일 17:08:17 079 ] RealTimeView_Page -> CreateBitmap 
[ default 2023-05-18 목요일 17:08:17 096 ] CameraControl -> SetEnableImageCallback 
[ default 2023-05-18 목요일 17:08:17 109 ] CameraControl -> Start 
[ default 2023-05-18 목요일 17:08:17 708 ] CameraControl -> CameraOpen 
[ default 2023-05-18 목요일 17:08:17 735 ] CameraControl -> CameraOpen There is no available device.
[ default 2023-05-18 목요일 17:08:21 353 ] Form1 -> Form1_Shown 
[ default 2023-05-18 목요일 17:08:21 418 ] VideoCheck_Page -> PanelSettings 
[ default 2023-05-18 목요일 17:08:21 561 ] VideoAnalysis_Page -> PanelSettings 
[ default 2023-05-18 목요일 17:08:23 962 ] Settings_Page -> WorkUserChange 
[ default 2023-05-18 목요일 17:08:24 090 ] Settings_Page -> WorkUserChange 
[ default 2023-05-18 목요일 17:08:24 093 ] Settings_Page -> WorkUserChange 
[ default 2023-05-18 목요일 17:08:24 094 ] Settings_Page -> WorkUserChange 
[ default 2023-05-18 목요일 17:08:24 234 ] Settings_Page -> WorkUserChange 
[ default 2023-05-18 목요일 17:08:24 236 ] Settings_Page -> WorkUserChange 
[ default 2023-05-18 목요일 17:08:24 537 ] Settings_Page -> WorkTargetChange 
[ default 2023-05-18 목요일 17:08:24 656 ] Settings_Page -> WorkTargetChange 
[ default 2023-05-18 목요일 17:08:24 657 ] Settings_Page -> WorkTargetChange 
[ default 2023-05-18 목요일 17:08:24 658 ] Settings_Page -> WorkTargetChange 
[ default 2023-05-18 목요일 17:08:24 824 ] Settings_Page -> WorkTargetChange 
[ default 2023-05-18 목요일 17:08:24 825 ] Settings_Page -> WorkTargetChange 
[ default 2023-05-18 목요일 17:08:24 827 ] Settings_Page -> WorkUserSet 
