[ 길동 2023-04-24 월요일 17:19:45 360 ] Settings_Page -> XMLSave 
[ 길동 2023-04-24 월요일 17:19:49 031 ] Form1 -> NavigationClick 
[ 길동 2023-04-24 월요일 17:19:52 265 ] Form1 -> NavigationClick 
[ 길동 2023-04-24 월요일 17:34:25 940 ] Form1 -> NavigationClick 
[ 길동 2023-04-24 월요일 17:34:54 689 ] Form1 -> NavigationClick 
[ 길동 2023-04-24 월요일 17:34:59 119 ] Form1 -> NavigationClick 
[ 길동 2023-04-24 월요일 17:34:59 498 ] VideoAnalysis_Page -> VideoAnalysis_Page_Load 
[ 길동 2023-04-24 월요일 17:35:03 956 ] Form1 -> NavigationClick 
[ 길동 2023-04-24 월요일 17:35:03 967 ] VideoAnalysis_Page -> PageChange 
[ 길동 2023-04-24 월요일 17:35:04 129 ] VideoCheck_Page -> VideoCheck_Page_Load 
[ 길동 2023-04-24 월요일 17:35:07 716 ] Form1 -> NavigationClick 
[ 길동 2023-04-24 월요일 17:35:07 717 ] VideoCheck_Page -> PageChange 
[ 길동 2023-04-24 월요일 17:42:12 138 ] Form1 -> NavigationClick 
[ 길동 2023-04-24 월요일 17:42:50 559 ] Form1 -> NavigationClick 
[ 길동 2023-04-24 월요일 17:42:52 271 ] VideoCheck_Page -> PageChange 
[ 길동 2023-04-24 월요일 17:43:47 464 ] Form1 -> NavigationClick 
[ 길동 2023-04-24 월요일 17:44:40 842 ] Form1 -> NavigationClick 스레드가 실행 중이거나 종료되었습니다. 다시 시작할 수 없습니다.
[ 길동 2023-04-24 월요일 17:44:57 690 ] RealTimeView_Page -> RealTimeView_CamActions 
[ 길동 2023-04-24 월요일 17:44:59 478 ] RealTimeView_Page -> RealTimeView_CamActions 
[ 길동 2023-04-24 월요일 17:45:00 382 ] RealTimeView_Page -> RealTimeView_CamActions 
[ 길동 2023-04-24 월요일 17:45:01 688 ] RealTimeView_Page -> RealTimeView_CamActions 
[ 길동 2023-04-24 월요일 17:45:03 050 ] RealTimeView_Page -> RealTimeView_CamActions 
[ 길동 2023-04-24 월요일 17:45:05 296 ] Form1 -> Form1_FormClosing 
[ 길동 2023-04-24 월요일 17:45:05 306 ] RealTimeView_Page -> CameraClose 
[ 길동 2023-04-24 월요일 17:45:05 309 ] CameraControl -> Stop 
[ 길동 2023-04-24 월요일 17:45:06 708 ] CameraControl -> Close 
[ 길동 2023-04-24 월요일 17:45:06 831 ] CameraControl -> Stop 
[ 길동 2023-04-24 월요일 17:45:08 199 ] CameraControl -> Close 
[ 길동 2023-04-24 월요일 17:45:08 312 ] CameraControl -> Stop 
[ 길동 2023-04-24 월요일 17:45:08 651 ] CameraControl -> Close 
[ 길동 2023-04-24 월요일 17:45:08 679 ] VideoCheck_Page -> VideoClose 
[ 길동 2023-04-24 월요일 17:45:08 681 ] VideoAnalysis_Page -> VideoClose 
[ 길동 2023-04-24 월요일 17:45:08 905 ] CameraControl -> Finalize 
[ 길동 2023-04-24 월요일 17:45:08 905 ] CameraControl -> Close 
[ 길동 2023-04-24 월요일 17:45:08 919 ] CameraControl -> Finalize 
[ 길동 2023-04-24 월요일 17:45:08 919 ] CameraControl -> Close 
[ 길동 2023-04-24 월요일 17:45:08 920 ] CameraControl -> Finalize 
[ 길동 2023-04-24 월요일 17:45:08 920 ] CameraControl -> Close 
