[ 길돈 2023-04-24 월요일 17:15:45 957 ] Settings_Page -> XMLSave 
[ 길돈 2023-04-24 월요일 17:16:29 285 ] Settings_Page -> FolderOpen 
[ 길돈 2023-04-24 월요일 17:16:58 281 ] Settings_Page -> VideoTextChange 
[ 길돈 2023-04-24 월요일 17:16:58 288 ] RealTimeView_Page -> cb_TextView_SelectedValueChanged 
[ 길돈 2023-04-24 월요일 17:16:58 289 ] Settings_Page -> XMLSave 
[ 길돈 2023-04-24 월요일 17:16:58 290 ] Settings_Page -> XMLSave 
[ 길돈 2023-04-24 월요일 17:17:05 246 ] Settings_Page -> FolderOpen 
[ 길돈 2023-04-24 월요일 17:17:11 856 ] Settings_Page -> UserTextChange 
[ 길돈 2023-04-24 월요일 17:17:11 859 ] Settings_Page -> XMLSave 
[ 길돈 2023-04-24 월요일 17:17:11 922 ] Form1 -> NavigationClick 
[ 길돈 2023-04-24 월요일 17:17:18 054 ] Form1 -> NavigationClick 
[ 길돈 2023-04-24 월요일 17:17:23 589 ] Settings_Page -> VideoTextChange 
[ 길돈 2023-04-24 월요일 17:17:23 595 ] RealTimeView_Page -> cb_TextView_SelectedValueChanged 
[ 길돈 2023-04-24 월요일 17:17:23 596 ] Settings_Page -> XMLSave 
[ 길돈 2023-04-24 월요일 17:17:23 597 ] Settings_Page -> XMLSave 
[ 길돈 2023-04-24 월요일 17:17:25 006 ] Form1 -> NavigationClick 
[ 길돈 2023-04-24 월요일 17:17:50 446 ] Form1 -> Form1_FormClosing 
[ 길돈 2023-04-24 월요일 17:17:50 456 ] RealTimeView_Page -> CameraClose 
[ 길돈 2023-04-24 월요일 17:17:50 584 ] CameraControl -> Stop 
[ 길돈 2023-04-24 월요일 17:17:50 798 ] CameraControl -> Close 
[ 길돈 2023-04-24 월요일 17:17:50 972 ] CameraControl -> Stop 
[ 길돈 2023-04-24 월요일 17:17:52 321 ] CameraControl -> Close 
[ 길돈 2023-04-24 월요일 17:17:52 375 ] CameraControl -> Stop 
[ 길돈 2023-04-24 월요일 17:17:52 721 ] CameraControl -> Close 
[ 길돈 2023-04-24 월요일 17:17:52 750 ] VideoCheck_Page -> VideoClose 
[ 길돈 2023-04-24 월요일 17:17:52 751 ] VideoAnalysis_Page -> VideoClose 
