[  2023-08-30 수요일 11:50:58 596 ] 파일 생성 성공
[ default 2023-08-30 수요일 11:50:58 595 ] 프로그램 시작
[ default 2023-08-30 수요일 11:51:01 008 ] Form1 -> Form1_Shown 
[ default 2023-08-30 수요일 11:51:01 859 ] RealTimeView_Page -> PanelSettings 
[ default 2023-08-30 수요일 11:51:02 274 ] RealTimeView_Page -> RealTimeView_Page_Load 
[ default 2023-08-30 수요일 11:51:02 275 ] RealTimeView_Page -> VideoSetLoad 
[ default 2023-08-30 수요일 11:51:02 281 ] CameraControl -> CameraOpen 
[ default 2023-08-30 수요일 11:51:02 318 ] CameraControl -> CameraOpen There is no available device.
[ default 2023-08-30 수요일 11:51:02 319 ] CameraControl -> CameraOpen 
[ default 2023-08-30 수요일 11:51:02 340 ] CameraControl -> CameraOpen There is no available device.
[ default 2023-08-30 수요일 11:51:02 341 ] CameraControl -> CameraOpen 
[ default 2023-08-30 수요일 11:51:02 363 ] CameraControl -> CameraOpen There is no available device.
[ default 2023-08-30 수요일 11:51:04 478 ] Form1 -> Form1_FormClosing 
[ default 2023-08-30 수요일 11:51:04 482 ] RealTimeView_Page -> CameraClose 
[ default 2023-08-30 수요일 11:51:04 483 ] CameraControl -> Stop 
[ default 2023-08-30 수요일 11:51:04 484 ] CameraControl -> Close 
[ default 2023-08-30 수요일 11:51:04 484 ] CameraControl -> Stop 
[ default 2023-08-30 수요일 11:51:04 484 ] CameraControl -> Close 
[ default 2023-08-30 수요일 11:51:04 484 ] CameraControl -> Stop 
[ default 2023-08-30 수요일 11:51:04 484 ] CameraControl -> Close 
[ default 2023-08-30 수요일 11:51:04 691 ] Form1 -> Form1_Shown 
[ default 2023-08-30 수요일 11:51:04 703 ] CameraControl -> Finalize 
[ default 2023-08-30 수요일 11:51:04 704 ] CameraControl -> Close 
[ default 2023-08-30 수요일 11:51:04 714 ] CameraControl -> Finalize 
[ default 2023-08-30 수요일 11:51:04 714 ] CameraControl -> Close 
[ default 2023-08-30 수요일 11:51:04 715 ] CameraControl -> Finalize 
[ default 2023-08-30 수요일 11:51:04 715 ] CameraControl -> Close 
[ default 2023-08-30 수요일 11:51:31 755 ] 프로그램 시작
[ default 2023-08-30 수요일 11:51:34 216 ] Form1 -> Form1_Shown 
[ default 2023-08-30 수요일 11:51:34 828 ] RealTimeView_Page -> PanelSettings 
[ default 2023-08-30 수요일 11:51:35 163 ] RealTimeView_Page -> RealTimeView_Page_Load 
[ default 2023-08-30 수요일 11:51:35 164 ] RealTimeView_Page -> VideoSetLoad 
[ default 2023-08-30 수요일 11:51:35 166 ] CameraControl -> CameraOpen 
[ default 2023-08-30 수요일 11:51:35 197 ] CameraControl -> CameraOpen There is no available device.
[ default 2023-08-30 수요일 11:51:35 197 ] CameraControl -> CameraOpen 
[ default 2023-08-30 수요일 11:51:35 215 ] CameraControl -> CameraOpen There is no available device.
[ default 2023-08-30 수요일 11:51:35 215 ] CameraControl -> CameraOpen 
[ default 2023-08-30 수요일 11:51:35 232 ] CameraControl -> CameraOpen There is no available device.
[ default 2023-08-30 수요일 11:51:37 595 ] Form1 -> Form1_FormClosing 
[ default 2023-08-30 수요일 11:51:37 598 ] RealTimeView_Page -> CameraClose 
[ default 2023-08-30 수요일 11:51:37 599 ] CameraControl -> Stop 
[ default 2023-08-30 수요일 11:51:37 600 ] CameraControl -> Close 
[ default 2023-08-30 수요일 11:51:37 601 ] CameraControl -> Stop 
[ default 2023-08-30 수요일 11:51:37 601 ] CameraControl -> Close 
[ default 2023-08-30 수요일 11:51:37 601 ] CameraControl -> Stop 
[ default 2023-08-30 수요일 11:51:37 601 ] CameraControl -> Close 
[ default 2023-08-30 수요일 11:51:37 896 ] Form1 -> Form1_Shown 
[ default 2023-08-30 수요일 11:51:37 911 ] CameraControl -> Finalize 
[ default 2023-08-30 수요일 11:51:37 912 ] CameraControl -> Close 
[ default 2023-08-30 수요일 11:51:37 918 ] CameraControl -> Finalize 
[ default 2023-08-30 수요일 11:51:37 919 ] CameraControl -> Close 
[ default 2023-08-30 수요일 11:51:37 919 ] CameraControl -> Finalize 
[ default 2023-08-30 수요일 11:51:37 919 ] CameraControl -> Close 
[ default 2023-08-30 수요일 11:51:51 124 ] 프로그램 시작
[ default 2023-08-30 수요일 11:51:53 427 ] Form1 -> Form1_Shown 
[ default 2023-08-30 수요일 11:51:53 945 ] RealTimeView_Page -> PanelSettings 
[ default 2023-08-30 수요일 11:51:54 246 ] RealTimeView_Page -> RealTimeView_Page_Load 
[ default 2023-08-30 수요일 11:51:54 247 ] RealTimeView_Page -> VideoSetLoad 
[ default 2023-08-30 수요일 11:51:54 248 ] CameraControl -> CameraOpen 
[ default 2023-08-30 수요일 11:51:54 462 ] CameraControl -> open 
[ default 2023-08-30 수요일 11:51:54 498 ] RealTimeView_Page -> CreateBitmap 
[ default 2023-08-30 수요일 11:51:54 510 ] CameraControl -> SetEnableImageCallback 
[ default 2023-08-30 수요일 11:51:54 520 ] CameraControl -> Start 
[ default 2023-08-30 수요일 11:51:55 113 ] CameraControl -> CameraOpen 
[ default 2023-08-30 수요일 11:51:55 153 ] CameraControl -> CameraOpen There is no available device.
[ default 2023-08-30 수요일 11:51:55 153 ] CameraControl -> CameraOpen 
[ default 2023-08-30 수요일 11:51:55 226 ] CameraControl -> CameraOpen There is no available device.
[ default 2023-08-30 수요일 11:51:56 752 ] Settings_Page -> XMLSave 
[ default 2023-08-30 수요일 11:51:56 959 ] VideoCheck_Page -> PanelSettings 
[ default 2023-08-30 수요일 11:51:57 055 ] VideoAnalysis_Page -> PanelSettings 
[ default 2023-08-30 수요일 11:51:59 952 ] Settings_Page -> WorkUserChange 
[ default 2023-08-30 수요일 11:52:00 857 ] Settings_Page -> WorkTargetChange 
[ default 2023-08-30 수요일 11:52:01 745 ] Settings_Page -> WorkTargetChange 
[ default 2023-08-30 수요일 11:52:02 377 ] Settings_Page -> WorkTargetChange 
[ default 2023-08-30 수요일 11:52:03 497 ] Settings_Page -> WorkUserSet 
