[  2023-09-14 목요일 11:02:48 752 ] 파일 생성 성공
[ NoName 2023-09-14 목요일 11:02:48 747 ] 프로그램 시작
[ NoName 2023-09-14 목요일 11:02:48 825 ] XmlProcessing -> XMLSave 
[ NoName 2023-09-14 목요일 11:02:49 106 ] LoginForm -> LoginForm_Load 
[ NoName 2023-09-14 목요일 11:02:49 406 ] LoginForm -> LoginForm_Shown 
[ NoName 2023-09-14 목요일 11:02:54 466 ] LoginForm -> InputCheck 
[ NoName 2023-09-14 목요일 11:02:54 466 ] LoginForm -> InputCheck 
[ NoName 2023-09-14 목요일 11:02:54 506 ] LoginForm -> InputCheck 
[ NoName 2023-09-14 목요일 11:02:54 606 ] LoginForm -> InputCheck 
[ NoName 2023-09-14 목요일 11:02:55 356 ] LoginForm -> InputCheck 
[ NoName 2023-09-14 목요일 11:02:55 378 ] LoginForm -> InputCheck 
[ NoName 2023-09-14 목요일 11:02:55 397 ] LoginForm -> InputCheck 
[ NoName 2023-09-14 목요일 11:02:55 416 ] LoginForm -> InputCheck 
[ NoName 2023-09-14 목요일 11:02:55 442 ] LoginForm -> InputCheck 
[ NoName 2023-09-14 목요일 11:02:55 748 ] LoginForm -> Start_Click 
[ NoName 2023-09-14 목요일 11:02:56 578 ] XmlProcessing -> XMLSave 
[ sdfs - fd90s 2023-09-14 목요일 11:02:56 579 ] 검사자 : sdfs & 검사장소 : fd90s ==> 검사 시작
[ sdfs - fd90s 2023-09-14 목요일 11:02:56 626 ] MainForm -> MainForm_Load 
[ NoName 2023-09-14 목요일 11:03:41 866 ] 프로그램 시작
[ NoName 2023-09-14 목요일 11:03:41 945 ] XmlProcessing -> XMLSave 
[ NoName 2023-09-14 목요일 11:03:42 190 ] LoginForm -> LoginForm_Load 
[ NoName 2023-09-14 목요일 11:03:42 527 ] LoginForm -> LoginForm_Shown 
[ NoName 2023-09-14 목요일 11:12:22 999 ] 프로그램 시작
[ NoName 2023-09-14 목요일 11:12:23 071 ] XmlProcessing -> XMLSave 
[ NoName 2023-09-14 목요일 11:12:23 299 ] LoginForm -> LoginForm_Load 
[ NoName 2023-09-14 목요일 11:12:23 640 ] LoginForm -> LoginForm_Shown 
[ NoName 2023-09-14 목요일 11:12:59 515 ] 프로그램 시작
[ NoName 2023-09-14 목요일 11:12:59 595 ] XmlProcessing -> XMLSave 
[ NoName 2023-09-14 목요일 11:12:59 796 ] LoginForm -> LoginForm_Load 
[ NoName 2023-09-14 목요일 11:13:00 066 ] LoginForm -> LoginForm_Shown 
[ NoName 2023-09-14 목요일 11:13:01 785 ] LoginForm -> InputCheck 
[ NoName 2023-09-14 목요일 11:13:02 845 ] LoginForm -> InputCheck 
[ NoName 2023-09-14 목요일 11:13:02 865 ] LoginForm -> InputCheck 
[ NoName 2023-09-14 목요일 11:14:16 066 ] 프로그램 시작
[ NoName 2023-09-14 목요일 11:14:16 143 ] XmlProcessing -> XMLSave 
[ NoName 2023-09-14 목요일 11:14:16 330 ] LoginForm -> LoginForm_Load 
[ NoName 2023-09-14 목요일 11:14:16 596 ] LoginForm -> LoginForm_Shown 
[ NoName 2023-09-14 목요일 11:14:48 375 ] LoginForm -> InputCheck 
[ NoName 2023-09-14 목요일 11:14:48 379 ] LoginForm -> InputCheck 
[ NoName 2023-09-14 목요일 11:14:48 515 ] LoginForm -> InputCheck 
[ NoName 2023-09-14 목요일 11:14:48 546 ] LoginForm -> InputCheck 
[ NoName 2023-09-14 목요일 11:14:48 955 ] LoginForm -> InputCheck 
[ NoName 2023-09-14 목요일 11:14:48 968 ] LoginForm -> InputCheck 
[ NoName 2023-09-14 목요일 11:14:49 115 ] LoginForm -> InputCheck 
[ NoName 2023-09-14 목요일 11:14:49 435 ] LoginForm -> Start_Click 
[ NoName 2023-09-14 목요일 11:14:50 310 ] XmlProcessing -> XMLSave 
[ ikik - 766 2023-09-14 목요일 11:14:50 312 ] 검사자 : ikik & 검사장소 : 766 ==> 검사 시작
[ ikik - 766 2023-09-14 목요일 11:14:50 383 ] MainForm -> MainForm_Load 
[ ikik - 766 2023-09-14 목요일 11:14:53 815 ] MainForm -> MainForm_Shown 
[ ikik - 766 2023-09-14 목요일 11:14:55 135 ] CameraControl -> CameraOpen 
[ ikik - 766 2023-09-14 목요일 11:14:55 435 ] CameraControl -> open 
[ ikik - 766 2023-09-14 목요일 11:14:55 465 ] ViewPage -> CreateBitmap 
[ ikik - 766 2023-09-14 목요일 11:14:55 486 ] CameraControl -> SetEnableImageCallback 
[ ikik - 766 2023-09-14 목요일 11:14:55 501 ] CameraControl -> Start 
[ ikik - 766 2023-09-14 목요일 11:14:56 106 ] CameraControl -> CameraOpen 
[ ikik - 766 2023-09-14 목요일 11:14:56 155 ] CameraControl -> CameraOpen 원인을 알 수 없는 에러!
[ ikik - 766 2023-09-14 목요일 11:14:56 155 ] CameraControl -> CameraOpen 
[ ikik - 766 2023-09-14 목요일 11:14:56 185 ] CameraControl -> CameraOpen 원인을 알 수 없는 에러!
[ ikik - 766 2023-09-14 목요일 11:14:58 673 ] ViewPage -> SelectedView_MouseDown 
[ ikik - 766 2023-09-14 목요일 11:14:58 955 ] ViewPage -> SelectedView_Click 
[ ikik - 766 2023-09-14 목요일 11:14:59 265 ] ViewPage -> SelectedView_MouseDown 
[ ikik - 766 2023-09-14 목요일 11:14:59 385 ] ViewPage -> SelectedView_Click 
[ ikik - 766 2023-09-14 목요일 11:15:00 137 ] MainForm -> PageChange 
[ ikik - 766 2023-09-14 목요일 11:15:00 329 ] MainForm -> navigationFrame1_SelectedPageChanged 
[ ikik - 766 2023-09-14 목요일 11:15:00 331 ] AnalysisPage -> ImageChange 
[ ikik - 766 2023-09-14 목요일 11:15:03 765 ] AnalysisPage -> Report_Export_Click 
[ ikik - 766 2023-09-14 목요일 11:15:03 783 ] AnalysisPage -> Report_Export_Click 
[ ikik - 766 2023-09-14 목요일 11:15:05 716 ] AnalysisPage -> ViewBack_Click 
[ ikik - 766 2023-09-14 목요일 11:15:05 718 ] MainForm -> PageChange 
[ ikik - 766 2023-09-14 목요일 11:15:05 839 ] MainForm -> navigationFrame1_SelectedPageChanged 
[ ikik - 766 2023-09-14 목요일 11:15:07 391 ] ViewPage -> ViewPage_ButtonActions 
[ ikik - 766 2023-09-14 목요일 11:15:19 666 ] ViewPage -> SelectedView_MouseDown 
[ ikik - 766 2023-09-14 목요일 11:15:20 154 ] ViewPage -> SelectedView_Click 
[ ikik - 766 2023-09-14 목요일 11:15:20 442 ] ViewPage -> SelectedView_MouseDown 
[ ikik - 766 2023-09-14 목요일 11:15:20 535 ] ViewPage -> SelectedView_Click 
[ ikik - 766 2023-09-14 목요일 11:15:21 047 ] MainForm -> PageChange 
[ ikik - 766 2023-09-14 목요일 11:15:21 174 ] MainForm -> navigationFrame1_SelectedPageChanged 
[ ikik - 766 2023-09-14 목요일 11:15:21 174 ] AnalysisPage -> ImageChange 
[ ikik - 766 2023-09-14 목요일 11:15:25 650 ] AnalysisPage -> Report_Export_Click 
[ ikik - 766 2023-09-14 목요일 11:15:41 766 ] AnalysisPage -> Report_Export_Click 
[ ikik - 766 2023-09-14 목요일 11:16:45 660 ] AnalysisPage -> Report_Export_Click 
[ ikik - 766 2023-09-14 목요일 11:17:09 846 ] AnalysisPage -> Report_Export_Click 
[ ikik - 766 2023-09-14 목요일 11:18:34 295 ] AnalysisPage -> Report_Export_Click 
[ ikik - 766 2023-09-14 목요일 11:19:16 528 ] AnalysisPage -> Report_Export_Click 
[ ikik - 766 2023-09-14 목요일 11:41:25 887 ] AnalysisPage -> Report_Export_Click 
[ ikik - 766 2023-09-14 목요일 11:41:28 781 ] MainForm -> MainForm_FormClosing 
[ ikik - 766 2023-09-14 목요일 11:41:28 786 ] ViewPage -> CameraClose 
[ ikik - 766 2023-09-14 목요일 11:41:28 792 ] CameraControl -> Stop 
[ ikik - 766 2023-09-14 목요일 11:41:29 217 ] CameraControl -> Close 
[ ikik - 766 2023-09-14 목요일 11:41:29 263 ] CameraControl -> Stop 
[ ikik - 766 2023-09-14 목요일 11:41:29 263 ] CameraControl -> Close 
[ ikik - 766 2023-09-14 목요일 11:41:29 263 ] CameraControl -> Stop 
[ ikik - 766 2023-09-14 목요일 11:41:29 263 ] CameraControl -> Close 
[ ikik - 766 2023-09-14 목요일 11:41:29 463 ] CameraControl -> Finalize 
[ ikik - 766 2023-09-14 목요일 11:41:29 463 ] CameraControl -> Close 
[ ikik - 766 2023-09-14 목요일 11:41:29 475 ] CameraControl -> Finalize 
[ ikik - 766 2023-09-14 목요일 11:41:29 475 ] CameraControl -> Close 
[ ikik - 766 2023-09-14 목요일 11:41:29 475 ] CameraControl -> Finalize 
[ ikik - 766 2023-09-14 목요일 11:41:29 475 ] CameraControl -> Close 
[ NoName 2023-09-14 목요일 12:58:03 518 ] 프로그램 시작
[ NoName 2023-09-14 목요일 12:58:03 573 ] XmlProcessing -> XMLSave 
[ NoName 2023-09-14 목요일 12:58:03 778 ] LoginForm -> LoginForm_Load 
[ NoName 2023-09-14 목요일 12:58:04 101 ] LoginForm -> LoginForm_Shown 
[ NoName 2023-09-14 목요일 12:58:10 075 ] LoginForm -> InputCheck 
[ NoName 2023-09-14 목요일 12:58:10 207 ] LoginForm -> InputCheck 
[ NoName 2023-09-14 목요일 12:58:10 790 ] LoginForm -> InputCheck 
[ NoName 2023-09-14 목요일 12:58:10 946 ] LoginForm -> InputCheck 
[ NoName 2023-09-14 목요일 12:58:11 224 ] LoginForm -> Start_Click 
[ NoName 2023-09-14 목요일 12:58:11 990 ] XmlProcessing -> XMLSave 
[ ff - 33 2023-09-14 목요일 12:58:11 992 ] 검사자 : ff & 검사장소 : 33 ==> 검사 시작
[ ff - 33 2023-09-14 목요일 12:58:12 037 ] MainForm -> MainForm_Load 
[ ff - 33 2023-09-14 목요일 12:58:15 462 ] MainForm -> MainForm_Shown 
[ ff - 33 2023-09-14 목요일 12:58:16 313 ] CameraControl -> CameraOpen 
[ ff - 33 2023-09-14 목요일 12:58:16 633 ] CameraControl -> open 
[ ff - 33 2023-09-14 목요일 12:58:16 662 ] ViewPage -> CreateBitmap 
[ ff - 33 2023-09-14 목요일 12:58:16 676 ] CameraControl -> SetEnableImageCallback 
[ ff - 33 2023-09-14 목요일 12:58:16 691 ] CameraControl -> Start 
[ ff - 33 2023-09-14 목요일 12:58:17 309 ] CameraControl -> CameraOpen 
[ ff - 33 2023-09-14 목요일 12:58:17 374 ] CameraControl -> CameraOpen 원인을 알 수 없는 에러!
[ ff - 33 2023-09-14 목요일 12:58:17 374 ] CameraControl -> CameraOpen 
[ ff - 33 2023-09-14 목요일 12:58:17 381 ] CameraControl -> CameraOpen 원인을 알 수 없는 에러!
[ ff - 33 2023-09-14 목요일 12:58:20 459 ] ViewPage -> SelectedView_MouseDown 
[ ff - 33 2023-09-14 목요일 12:58:20 701 ] ViewPage -> SelectedView_Click 
[ ff - 33 2023-09-14 목요일 12:58:20 995 ] ViewPage -> SelectedView_MouseDown 
[ ff - 33 2023-09-14 목요일 12:58:21 120 ] ViewPage -> SelectedView_Click 
[ ff - 33 2023-09-14 목요일 12:58:21 604 ] MainForm -> PageChange 
[ ff - 33 2023-09-14 목요일 12:58:21 808 ] MainForm -> navigationFrame1_SelectedPageChanged 
[ ff - 33 2023-09-14 목요일 12:58:21 808 ] AnalysisPage -> ImageChange 
[ ff - 33 2023-09-14 목요일 12:58:25 479 ] AnalysisPage -> Report_Export_Click 
[ ff - 33 2023-09-14 목요일 12:58:51 082 ] AnalysisPage -> Report_Export_Click 
[ ff - 33 2023-09-14 목요일 13:01:09 191 ] AnalysisPage -> Report_Export_Click 
[ ff - 33 2023-09-14 목요일 13:01:24 876 ] MainForm -> MainForm_FormClosing 
[ ff - 33 2023-09-14 목요일 13:01:24 882 ] ViewPage -> CameraClose 
[ ff - 33 2023-09-14 목요일 13:01:24 886 ] CameraControl -> Stop 
[ ff - 33 2023-09-14 목요일 13:01:26 141 ] CameraControl -> Close 
[ ff - 33 2023-09-14 목요일 13:01:26 159 ] CameraControl -> Stop 
[ ff - 33 2023-09-14 목요일 13:01:26 159 ] CameraControl -> Close 
[ ff - 33 2023-09-14 목요일 13:01:26 159 ] CameraControl -> Stop 
[ ff - 33 2023-09-14 목요일 13:01:26 159 ] CameraControl -> Close 
[ ff - 33 2023-09-14 목요일 13:01:26 285 ] CameraControl -> Finalize 
[ ff - 33 2023-09-14 목요일 13:01:26 285 ] CameraControl -> Close 
[ ff - 33 2023-09-14 목요일 13:01:26 294 ] CameraControl -> Finalize 
[ ff - 33 2023-09-14 목요일 13:01:26 294 ] CameraControl -> Close 
[ ff - 33 2023-09-14 목요일 13:01:26 294 ] CameraControl -> Finalize 
[ ff - 33 2023-09-14 목요일 13:01:26 294 ] CameraControl -> Close 
[ NoName 2023-09-14 목요일 13:01:32 225 ] 프로그램 시작
[ NoName 2023-09-14 목요일 13:01:32 291 ] XmlProcessing -> XMLSave 
[ NoName 2023-09-14 목요일 13:01:32 508 ] LoginForm -> LoginForm_Load 
[ NoName 2023-09-14 목요일 13:01:32 791 ] LoginForm -> LoginForm_Shown 
[ NoName 2023-09-14 목요일 13:01:33 890 ] LoginForm -> InputCheck 
[ NoName 2023-09-14 목요일 13:01:33 891 ] LoginForm -> InputCheck 
[ NoName 2023-09-14 목요일 13:01:33 891 ] LoginForm -> InputCheck 
[ NoName 2023-09-14 목요일 13:01:33 922 ] LoginForm -> InputCheck 
[ NoName 2023-09-14 목요일 13:01:33 938 ] LoginForm -> InputCheck 
[ NoName 2023-09-14 목요일 13:01:34 351 ] LoginForm -> InputCheck 
[ NoName 2023-09-14 목요일 13:01:34 375 ] LoginForm -> InputCheck 
[ NoName 2023-09-14 목요일 13:01:34 413 ] LoginForm -> InputCheck 
[ NoName 2023-09-14 목요일 13:01:34 441 ] LoginForm -> InputCheck 
[ NoName 2023-09-14 목요일 13:01:34 459 ] LoginForm -> InputCheck 
[ NoName 2023-09-14 목요일 13:01:34 690 ] LoginForm -> Start_Click 
[ NoName 2023-09-14 목요일 13:01:35 489 ] XmlProcessing -> XMLSave 
[ sd09f - fds09 2023-09-14 목요일 13:01:35 491 ] 검사자 : sd09f & 검사장소 : fds09 ==> 검사 시작
[ sd09f - fds09 2023-09-14 목요일 13:01:35 542 ] MainForm -> MainForm_Load 
[ sd09f - fds09 2023-09-14 목요일 13:01:38 991 ] MainForm -> MainForm_Shown 
[ sd09f - fds09 2023-09-14 목요일 13:01:39 888 ] CameraControl -> CameraOpen 
[ sd09f - fds09 2023-09-14 목요일 13:01:40 192 ] CameraControl -> open 
[ sd09f - fds09 2023-09-14 목요일 13:01:40 224 ] ViewPage -> CreateBitmap 
[ sd09f - fds09 2023-09-14 목요일 13:01:40 241 ] CameraControl -> SetEnableImageCallback 
[ sd09f - fds09 2023-09-14 목요일 13:01:40 335 ] CameraControl -> Start 
[ sd09f - fds09 2023-09-14 목요일 13:01:40 959 ] CameraControl -> CameraOpen 
[ sd09f - fds09 2023-09-14 목요일 13:01:41 026 ] CameraControl -> CameraOpen 원인을 알 수 없는 에러!
[ sd09f - fds09 2023-09-14 목요일 13:01:41 026 ] CameraControl -> CameraOpen 
[ sd09f - fds09 2023-09-14 목요일 13:01:41 051 ] CameraControl -> CameraOpen 원인을 알 수 없는 에러!
[ sd09f - fds09 2023-09-14 목요일 13:01:42 962 ] ViewPage -> SelectedView_MouseDown 
[ sd09f - fds09 2023-09-14 목요일 13:01:43 307 ] ViewPage -> SelectedView_Click 
[ sd09f - fds09 2023-09-14 목요일 13:01:43 631 ] ViewPage -> SelectedView_MouseDown 
[ sd09f - fds09 2023-09-14 목요일 13:01:43 771 ] ViewPage -> SelectedView_Click 
[ sd09f - fds09 2023-09-14 목요일 13:01:44 290 ] MainForm -> PageChange 
[ sd09f - fds09 2023-09-14 목요일 13:01:44 515 ] MainForm -> navigationFrame1_SelectedPageChanged 
[ sd09f - fds09 2023-09-14 목요일 13:01:44 515 ] AnalysisPage -> ImageChange 
[ sd09f - fds09 2023-09-14 목요일 13:01:49 244 ] AnalysisPage -> Report_Export_Click 
[ sd09f - fds09 2023-09-14 목요일 13:02:01 441 ] AnalysisPage -> Report_Export_Click 
[ sd09f - fds09 2023-09-14 목요일 13:02:38 478 ] MainForm -> MainForm_FormClosing 
[ sd09f - fds09 2023-09-14 목요일 13:02:38 485 ] ViewPage -> CameraClose 
[ sd09f - fds09 2023-09-14 목요일 13:02:38 486 ] CameraControl -> Stop 
[ sd09f - fds09 2023-09-14 목요일 13:02:38 593 ] CameraControl -> Close 
[ sd09f - fds09 2023-09-14 목요일 13:02:38 610 ] CameraControl -> Stop 
[ sd09f - fds09 2023-09-14 목요일 13:02:38 610 ] CameraControl -> Close 
[ sd09f - fds09 2023-09-14 목요일 13:02:38 610 ] CameraControl -> Stop 
[ sd09f - fds09 2023-09-14 목요일 13:02:38 610 ] CameraControl -> Close 
[ sd09f - fds09 2023-09-14 목요일 13:02:38 739 ] CameraControl -> Finalize 
[ sd09f - fds09 2023-09-14 목요일 13:02:38 739 ] CameraControl -> Close 
[ sd09f - fds09 2023-09-14 목요일 13:02:38 739 ] CameraControl -> Finalize 
[ sd09f - fds09 2023-09-14 목요일 13:02:38 755 ] CameraControl -> Close 
[ sd09f - fds09 2023-09-14 목요일 13:02:38 755 ] CameraControl -> Finalize 
[ sd09f - fds09 2023-09-14 목요일 13:02:38 755 ] CameraControl -> Close 
[ NoName 2023-09-14 목요일 15:08:00 538 ] 프로그램 시작
[ NoName 2023-09-14 목요일 15:08:00 618 ] XmlProcessing -> XMLSave 
[ NoName 2023-09-14 목요일 15:08:00 881 ] LoginForm -> LoginForm_Load 
[ NoName 2023-09-14 목요일 15:08:01 248 ] LoginForm -> LoginForm_Shown 
[ NoName 2023-09-14 목요일 15:08:06 790 ] LoginForm -> InputCheck 
[ NoName 2023-09-14 목요일 15:08:06 793 ] LoginForm -> InputCheck 
[ NoName 2023-09-14 목요일 15:08:06 805 ] LoginForm -> InputCheck 
[ NoName 2023-09-14 목요일 15:08:06 831 ] LoginForm -> InputCheck 
[ NoName 2023-09-14 목요일 15:08:06 873 ] LoginForm -> InputCheck 
[ NoName 2023-09-14 목요일 15:08:06 896 ] LoginForm -> InputCheck 
[ NoName 2023-09-14 목요일 15:08:06 921 ] LoginForm -> InputCheck 
[ NoName 2023-09-14 목요일 15:08:07 318 ] LoginForm -> InputCheck 
[ NoName 2023-09-14 목요일 15:08:07 375 ] LoginForm -> InputCheck 
[ NoName 2023-09-14 목요일 15:08:07 400 ] LoginForm -> InputCheck 
[ NoName 2023-09-14 목요일 15:08:07 416 ] LoginForm -> InputCheck 
[ NoName 2023-09-14 목요일 15:08:07 439 ] LoginForm -> InputCheck 
[ NoName 2023-09-14 목요일 15:08:08 072 ] LoginForm -> Start_Click 
[ NoName 2023-09-14 목요일 15:08:08 863 ] XmlProcessing -> XMLSave 
[ sdjfkls - dfs09 2023-09-14 목요일 15:08:08 864 ] 검사자 : sdjfkls & 검사장소 : dfs09 ==> 검사 시작
[ sdjfkls - dfs09 2023-09-14 목요일 15:08:08 940 ] MainForm -> MainForm_Load 
[ sdjfkls - dfs09 2023-09-14 목요일 15:08:12 439 ] MainForm -> MainForm_Shown 
[ sdjfkls - dfs09 2023-09-14 목요일 15:08:13 872 ] CameraControl -> CameraOpen 
[ sdjfkls - dfs09 2023-09-14 목요일 15:08:14 195 ] CameraControl -> open 
[ sdjfkls - dfs09 2023-09-14 목요일 15:08:14 228 ] ViewPage -> CreateBitmap 
[ sdjfkls - dfs09 2023-09-14 목요일 15:08:14 243 ] CameraControl -> SetEnableImageCallback 
[ sdjfkls - dfs09 2023-09-14 목요일 15:08:14 257 ] CameraControl -> Start 
[ sdjfkls - dfs09 2023-09-14 목요일 15:08:14 852 ] CameraControl -> CameraOpen 
[ sdjfkls - dfs09 2023-09-14 목요일 15:08:14 942 ] CameraControl -> CameraOpen 원인을 알 수 없는 에러!
[ sdjfkls - dfs09 2023-09-14 목요일 15:08:14 942 ] CameraControl -> CameraOpen 
[ sdjfkls - dfs09 2023-09-14 목요일 15:08:14 969 ] CameraControl -> CameraOpen 원인을 알 수 없는 에러!
[ sdjfkls - dfs09 2023-09-14 목요일 15:08:18 078 ] ViewPage -> SelectedView_MouseDown 
[ sdjfkls - dfs09 2023-09-14 목요일 15:08:18 369 ] ViewPage -> SelectedView_Click 
[ sdjfkls - dfs09 2023-09-14 목요일 15:08:18 658 ] ViewPage -> SelectedView_MouseDown 
[ sdjfkls - dfs09 2023-09-14 목요일 15:08:18 769 ] ViewPage -> SelectedView_Click 
[ sdjfkls - dfs09 2023-09-14 목요일 15:08:19 379 ] MainForm -> PageChange 
[ sdjfkls - dfs09 2023-09-14 목요일 15:08:19 622 ] MainForm -> navigationFrame1_SelectedPageChanged 
[ sdjfkls - dfs09 2023-09-14 목요일 15:08:19 623 ] AnalysisPage -> ImageChange 
[ sdjfkls - dfs09 2023-09-14 목요일 15:08:28 578 ] AnalysisPage -> Report_Export_Click 
[ sdjfkls - dfs09 2023-09-14 목요일 15:19:35 035 ] AnalysisPage -> ButtonFilter_Click 
[ sdjfkls - dfs09 2023-09-14 목요일 15:19:36 438 ] AnalysisPage -> ButtonFilter_Click 
[ sdjfkls - dfs09 2023-09-14 목요일 15:19:37 549 ] AnalysisPage -> ButtonFilter_Click 
[ sdjfkls - dfs09 2023-09-14 목요일 15:19:38 366 ] AnalysisPage -> ButtonFilter_Click 
[ sdjfkls - dfs09 2023-09-14 목요일 15:19:39 890 ] AnalysisPage -> ButtonFilter_Click 
[ sdjfkls - dfs09 2023-09-14 목요일 15:19:40 486 ] AnalysisPage -> ButtonFilter_Click 
[ sdjfkls - dfs09 2023-09-14 목요일 15:19:41 404 ] AnalysisPage -> ButtonFilter_Click 
[ sdjfkls - dfs09 2023-09-14 목요일 15:19:45 664 ] AnalysisPage -> ButtonFilter_Click 
[ sdjfkls - dfs09 2023-09-14 목요일 15:19:45 675 ] AnalysisPage -> OptionTrackBarChanged 
[ sdjfkls - dfs09 2023-09-14 목요일 15:19:45 689 ] AnalysisPage -> OptionTrackBarChanged 
[ sdjfkls - dfs09 2023-09-14 목요일 15:19:47 008 ] AnalysisPage -> ButtonFilter_Click 
[ sdjfkls - dfs09 2023-09-14 목요일 15:19:49 856 ] AnalysisPage -> ButtonFilter_Click 
[ sdjfkls - dfs09 2023-09-14 목요일 15:20:14 426 ] MainForm -> MainForm_FormClosing 
[ sdjfkls - dfs09 2023-09-14 목요일 15:20:14 435 ] ViewPage -> CameraClose 
[ sdjfkls - dfs09 2023-09-14 목요일 15:20:14 444 ] CameraControl -> Stop 
[ sdjfkls - dfs09 2023-09-14 목요일 15:20:15 789 ] CameraControl -> Close 
[ sdjfkls - dfs09 2023-09-14 목요일 15:20:15 812 ] CameraControl -> Stop 
[ sdjfkls - dfs09 2023-09-14 목요일 15:20:15 812 ] CameraControl -> Close 
[ sdjfkls - dfs09 2023-09-14 목요일 15:20:15 812 ] CameraControl -> Stop 
[ sdjfkls - dfs09 2023-09-14 목요일 15:20:15 813 ] CameraControl -> Close 
[ sdjfkls - dfs09 2023-09-14 목요일 15:20:15 929 ] CameraControl -> Finalize 
[ sdjfkls - dfs09 2023-09-14 목요일 15:20:15 929 ] CameraControl -> Close 
[ sdjfkls - dfs09 2023-09-14 목요일 15:20:15 936 ] CameraControl -> Finalize 
[ sdjfkls - dfs09 2023-09-14 목요일 15:20:15 936 ] CameraControl -> Close 
[ sdjfkls - dfs09 2023-09-14 목요일 15:20:15 936 ] CameraControl -> Finalize 
[ sdjfkls - dfs09 2023-09-14 목요일 15:20:15 937 ] CameraControl -> Close 
[ NoName 2023-09-14 목요일 15:37:36 054 ] 프로그램 시작
[ NoName 2023-09-14 목요일 15:37:36 122 ] XmlProcessing -> XMLSave 
[ NoName 2023-09-14 목요일 15:37:36 346 ] LoginForm -> LoginForm_Load 
[ NoName 2023-09-14 목요일 15:37:36 660 ] LoginForm -> LoginForm_Shown 
[ NoName 2023-09-14 목요일 15:37:53 215 ] 프로그램 시작
[ NoName 2023-09-14 목요일 15:37:53 288 ] XmlProcessing -> XMLSave 
[ NoName 2023-09-14 목요일 15:37:53 493 ] LoginForm -> LoginForm_Load 
[ NoName 2023-09-14 목요일 15:37:53 760 ] LoginForm -> LoginForm_Shown 
[ NoName 2023-09-14 목요일 15:41:06 969 ] 프로그램 시작
[ NoName 2023-09-14 목요일 15:41:07 038 ] XmlProcessing -> XMLSave 
[ NoName 2023-09-14 목요일 15:41:07 406 ] LoginForm -> LoginForm_Load 
[ NoName 2023-09-14 목요일 15:41:07 711 ] LoginForm -> LoginForm_Shown 
[ NoName 2023-09-14 목요일 15:41:09 481 ] LoginForm -> InputCheck 
[ NoName 2023-09-14 목요일 15:41:09 603 ] LoginForm -> InputCheck 
[ NoName 2023-09-14 목요일 15:41:09 966 ] LoginForm -> InputCheck 
[ NoName 2023-09-14 목요일 15:41:10 125 ] LoginForm -> InputCheck 
[ NoName 2023-09-14 목요일 15:41:10 374 ] LoginForm -> Start_Click 
[ NoName 2023-09-14 목요일 15:41:11 157 ] XmlProcessing -> XMLSave 
[ dd - 33 2023-09-14 목요일 15:41:11 159 ] 검사자 : dd & 검사장소 : 33 ==> 검사 시작
[ dd - 33 2023-09-14 목요일 15:41:11 224 ] MainForm -> MainForm_Load 
[ dd - 33 2023-09-14 목요일 15:41:14 719 ] MainForm -> MainForm_Shown 
[ dd - 33 2023-09-14 목요일 15:41:15 773 ] CameraControl -> CameraOpen 
[ dd - 33 2023-09-14 목요일 15:41:16 060 ] CameraControl -> open 
[ dd - 33 2023-09-14 목요일 15:41:16 088 ] ViewPage -> CreateBitmap 
[ dd - 33 2023-09-14 목요일 15:41:16 102 ] CameraControl -> SetEnableImageCallback 
[ dd - 33 2023-09-14 목요일 15:41:16 117 ] CameraControl -> Start 
[ dd - 33 2023-09-14 목요일 15:41:16 735 ] CameraControl -> CameraOpen 
[ dd - 33 2023-09-14 목요일 15:41:16 800 ] CameraControl -> CameraOpen 원인을 알 수 없는 에러!
[ dd - 33 2023-09-14 목요일 15:41:16 800 ] CameraControl -> CameraOpen 
[ dd - 33 2023-09-14 목요일 15:41:16 820 ] CameraControl -> CameraOpen 원인을 알 수 없는 에러!
[ dd - 33 2023-09-14 목요일 15:41:18 994 ] ViewPage -> SelectedView_MouseDown 
[ dd - 33 2023-09-14 목요일 15:41:19 420 ] ViewPage -> SelectedView_Click 
[ dd - 33 2023-09-14 목요일 15:41:20 551 ] ViewPage -> SelectedView_MouseDown 
[ dd - 33 2023-09-14 목요일 15:41:20 773 ] ViewPage -> SelectedView_Click 
[ dd - 33 2023-09-14 목요일 15:41:21 215 ] MainForm -> PageChange 
[ dd - 33 2023-09-14 목요일 15:41:21 428 ] MainForm -> navigationFrame1_SelectedPageChanged 
[ dd - 33 2023-09-14 목요일 15:41:21 428 ] AnalysisPage -> ImageChange 
[ dd - 33 2023-09-14 목요일 15:41:26 730 ] AnalysisPage -> ButtonFilter_Click 
[ dd - 33 2023-09-14 목요일 15:41:27 737 ] AnalysisPage -> ButtonFilter_Click 
[ dd - 33 2023-09-14 목요일 15:41:28 785 ] AnalysisPage -> ButtonFilter_Click 
[ dd - 33 2023-09-14 목요일 15:41:33 469 ] AnalysisPage -> ButtonFilter_Click 
[ dd - 33 2023-09-14 목요일 15:41:34 170 ] AnalysisPage -> ButtonFilter_Click 
[ dd - 33 2023-09-14 목요일 15:41:36 689 ] AnalysisPage -> ButtonFilter_Click 
[ dd - 33 2023-09-14 목요일 15:41:37 191 ] AnalysisPage -> ButtonFilter_Click 
[ dd - 33 2023-09-14 목요일 15:41:37 717 ] AnalysisPage -> ButtonFilter_Click 
[ dd - 33 2023-09-14 목요일 15:41:38 990 ] AnalysisPage -> ButtonFilter_Click 
[ dd - 33 2023-09-14 목요일 15:41:39 473 ] AnalysisPage -> ButtonFilter_Click 
[ dd - 33 2023-09-14 목요일 15:41:40 027 ] AnalysisPage -> ButtonFilter_Click 
[ dd - 33 2023-09-14 목요일 15:41:40 501 ] AnalysisPage -> ButtonFilter_Click 
[ dd - 33 2023-09-14 목요일 15:41:43 059 ] AnalysisPage -> ButtonFilter_Click 
[ dd - 33 2023-09-14 목요일 15:41:43 066 ] AnalysisPage -> OptionTrackBarChanged 
[ dd - 33 2023-09-14 목요일 15:41:43 086 ] AnalysisPage -> OptionTrackBarChanged 
[ dd - 33 2023-09-14 목요일 15:41:45 259 ] AnalysisPage -> ButtonFilter_Click 
[ dd - 33 2023-09-14 목요일 15:41:53 830 ] AnalysisPage -> OptionTrackBarChanged 
[ dd - 33 2023-09-14 목요일 15:41:53 848 ] AnalysisPage -> OptionTrackBarChanged 
[ dd - 33 2023-09-14 목요일 15:41:53 875 ] AnalysisPage -> OptionTrackBarChanged 
[ dd - 33 2023-09-14 목요일 15:41:53 895 ] AnalysisPage -> OptionTrackBarChanged 
[ dd - 33 2023-09-14 목요일 15:41:53 913 ] AnalysisPage -> OptionTrackBarChanged 
[ dd - 33 2023-09-14 목요일 15:41:53 932 ] AnalysisPage -> OptionTrackBarChanged 
[ dd - 33 2023-09-14 목요일 15:41:53 950 ] AnalysisPage -> OptionTrackBarChanged 
[ dd - 33 2023-09-14 목요일 15:41:54 012 ] AnalysisPage -> OptionTrackBarChanged 
[ dd - 33 2023-09-14 목요일 15:41:54 398 ] AnalysisPage -> OptionTrackBarChanged 
[ dd - 33 2023-09-14 목요일 15:41:54 415 ] AnalysisPage -> OptionTrackBarChanged 
[ dd - 33 2023-09-14 목요일 15:41:54 435 ] AnalysisPage -> OptionTrackBarChanged 
[ dd - 33 2023-09-14 목요일 15:41:54 453 ] AnalysisPage -> OptionTrackBarChanged 
[ dd - 33 2023-09-14 목요일 15:41:54 471 ] AnalysisPage -> OptionTrackBarChanged 
[ dd - 33 2023-09-14 목요일 15:41:54 493 ] AnalysisPage -> OptionTrackBarChanged 
[ dd - 33 2023-09-14 목요일 15:41:54 512 ] AnalysisPage -> OptionTrackBarChanged 
[ dd - 33 2023-09-14 목요일 15:41:54 533 ] AnalysisPage -> OptionTrackBarChanged 
[ dd - 33 2023-09-14 목요일 15:41:54 556 ] AnalysisPage -> OptionTrackBarChanged 
[ dd - 33 2023-09-14 목요일 15:41:54 579 ] AnalysisPage -> OptionTrackBarChanged 
[ dd - 33 2023-09-14 목요일 15:41:54 598 ] AnalysisPage -> OptionTrackBarChanged 
[ dd - 33 2023-09-14 목요일 15:41:54 667 ] AnalysisPage -> OptionTrackBarChanged 
[ dd - 33 2023-09-14 목요일 15:41:54 692 ] AnalysisPage -> OptionTrackBarChanged 
[ dd - 33 2023-09-14 목요일 15:41:55 807 ] AnalysisPage -> OptionTrackBarChanged 
[ dd - 33 2023-09-14 목요일 15:41:55 829 ] AnalysisPage -> OptionTrackBarChanged 
[ dd - 33 2023-09-14 목요일 15:41:55 847 ] AnalysisPage -> OptionTrackBarChanged 
[ dd - 33 2023-09-14 목요일 15:41:55 917 ] AnalysisPage -> OptionTrackBarChanged 
[ dd - 33 2023-09-14 목요일 15:41:55 933 ] AnalysisPage -> OptionTrackBarChanged 
[ dd - 33 2023-09-14 목요일 15:41:55 950 ] AnalysisPage -> OptionTrackBarChanged 
[ dd - 33 2023-09-14 목요일 15:41:55 976 ] AnalysisPage -> OptionTrackBarChanged 
[ dd - 33 2023-09-14 목요일 15:41:55 994 ] AnalysisPage -> OptionTrackBarChanged 
[ dd - 33 2023-09-14 목요일 15:41:56 106 ] AnalysisPage -> OptionTrackBarChanged 
[ dd - 33 2023-09-14 목요일 15:41:56 135 ] AnalysisPage -> OptionTrackBarChanged 
[ dd - 33 2023-09-14 목요일 15:41:56 153 ] AnalysisPage -> OptionTrackBarChanged 
[ dd - 33 2023-09-14 목요일 15:41:56 169 ] AnalysisPage -> OptionTrackBarChanged 
[ dd - 33 2023-09-14 목요일 15:41:56 186 ] AnalysisPage -> OptionTrackBarChanged 
[ dd - 33 2023-09-14 목요일 15:41:56 204 ] AnalysisPage -> OptionTrackBarChanged 
[ dd - 33 2023-09-14 목요일 15:41:56 221 ] AnalysisPage -> OptionTrackBarChanged 
[ dd - 33 2023-09-14 목요일 15:41:56 237 ] AnalysisPage -> OptionTrackBarChanged 
[ dd - 33 2023-09-14 목요일 15:41:56 261 ] AnalysisPage -> OptionTrackBarChanged 
[ dd - 33 2023-09-14 목요일 15:41:56 282 ] AnalysisPage -> OptionTrackBarChanged 
[ dd - 33 2023-09-14 목요일 15:41:56 304 ] AnalysisPage -> OptionTrackBarChanged 
[ dd - 33 2023-09-14 목요일 15:41:56 322 ] AnalysisPage -> OptionTrackBarChanged 
[ dd - 33 2023-09-14 목요일 15:41:56 338 ] AnalysisPage -> OptionTrackBarChanged 
[ dd - 33 2023-09-14 목요일 15:41:56 358 ] AnalysisPage -> OptionTrackBarChanged 
[ dd - 33 2023-09-14 목요일 15:41:56 375 ] AnalysisPage -> OptionTrackBarChanged 
[ dd - 33 2023-09-14 목요일 15:41:56 392 ] AnalysisPage -> OptionTrackBarChanged 
[ dd - 33 2023-09-14 목요일 15:41:56 414 ] AnalysisPage -> OptionTrackBarChanged 
[ dd - 33 2023-09-14 목요일 15:41:56 443 ] AnalysisPage -> OptionTrackBarChanged 
[ dd - 33 2023-09-14 목요일 15:41:56 461 ] AnalysisPage -> OptionTrackBarChanged 
[ dd - 33 2023-09-14 목요일 15:41:56 478 ] AnalysisPage -> OptionTrackBarChanged 
[ dd - 33 2023-09-14 목요일 15:41:56 497 ] AnalysisPage -> OptionTrackBarChanged 
[ dd - 33 2023-09-14 목요일 15:41:56 521 ] AnalysisPage -> OptionTrackBarChanged 
[ dd - 33 2023-09-14 목요일 15:41:56 726 ] AnalysisPage -> OptionTrackBarChanged 
[ dd - 33 2023-09-14 목요일 15:41:56 753 ] AnalysisPage -> OptionTrackBarChanged 
[ dd - 33 2023-09-14 목요일 15:41:56 770 ] AnalysisPage -> OptionTrackBarChanged 
[ dd - 33 2023-09-14 목요일 15:41:56 787 ] AnalysisPage -> OptionTrackBarChanged 
[ dd - 33 2023-09-14 목요일 15:41:56 805 ] AnalysisPage -> OptionTrackBarChanged 
[ dd - 33 2023-09-14 목요일 15:41:56 822 ] AnalysisPage -> OptionTrackBarChanged 
[ dd - 33 2023-09-14 목요일 15:41:56 844 ] AnalysisPage -> OptionTrackBarChanged 
[ dd - 33 2023-09-14 목요일 15:41:56 862 ] AnalysisPage -> OptionTrackBarChanged 
[ dd - 33 2023-09-14 목요일 15:41:56 891 ] AnalysisPage -> OptionTrackBarChanged 
[ dd - 33 2023-09-14 목요일 15:41:56 909 ] AnalysisPage -> OptionTrackBarChanged 
[ dd - 33 2023-09-14 목요일 15:41:56 937 ] AnalysisPage -> OptionTrackBarChanged 
[ dd - 33 2023-09-14 목요일 15:41:56 957 ] AnalysisPage -> OptionTrackBarChanged 
[ dd - 33 2023-09-14 목요일 15:41:57 021 ] AnalysisPage -> OptionTrackBarChanged 
[ dd - 33 2023-09-14 목요일 15:41:57 048 ] AnalysisPage -> OptionTrackBarChanged 
[ dd - 33 2023-09-14 목요일 15:41:57 078 ] AnalysisPage -> OptionTrackBarChanged 
[ dd - 33 2023-09-14 목요일 15:41:57 139 ] AnalysisPage -> OptionTrackBarChanged 
[ dd - 33 2023-09-14 목요일 15:41:57 178 ] AnalysisPage -> OptionTrackBarChanged 
[ dd - 33 2023-09-14 목요일 15:41:57 199 ] AnalysisPage -> OptionTrackBarChanged 
[ dd - 33 2023-09-14 목요일 15:41:57 216 ] AnalysisPage -> OptionTrackBarChanged 
[ dd - 33 2023-09-14 목요일 15:41:57 236 ] AnalysisPage -> OptionTrackBarChanged 
[ dd - 33 2023-09-14 목요일 15:41:57 265 ] AnalysisPage -> OptionTrackBarChanged 
[ dd - 33 2023-09-14 목요일 15:41:57 292 ] AnalysisPage -> OptionTrackBarChanged 
[ dd - 33 2023-09-14 목요일 15:41:57 365 ] AnalysisPage -> OptionTrackBarChanged 
[ dd - 33 2023-09-14 목요일 15:41:57 485 ] AnalysisPage -> OptionTrackBarChanged 
[ dd - 33 2023-09-14 목요일 15:41:57 513 ] AnalysisPage -> OptionTrackBarChanged 
[ dd - 33 2023-09-14 목요일 15:41:58 039 ] AnalysisPage -> OptionTrackBarChanged 
[ dd - 33 2023-09-14 목요일 15:41:58 055 ] AnalysisPage -> OptionTrackBarChanged 
[ dd - 33 2023-09-14 목요일 15:41:58 143 ] AnalysisPage -> OptionTrackBarChanged 
[ dd - 33 2023-09-14 목요일 15:41:58 164 ] AnalysisPage -> OptionTrackBarChanged 
[ dd - 33 2023-09-14 목요일 15:41:58 189 ] AnalysisPage -> OptionTrackBarChanged 
[ dd - 33 2023-09-14 목요일 15:41:58 209 ] AnalysisPage -> OptionTrackBarChanged 
[ dd - 33 2023-09-14 목요일 15:41:58 228 ] AnalysisPage -> OptionTrackBarChanged 
[ dd - 33 2023-09-14 목요일 15:41:58 246 ] AnalysisPage -> OptionTrackBarChanged 
[ dd - 33 2023-09-14 목요일 15:41:58 263 ] AnalysisPage -> OptionTrackBarChanged 
[ dd - 33 2023-09-14 목요일 15:41:58 283 ] AnalysisPage -> OptionTrackBarChanged 
[ dd - 33 2023-09-14 목요일 15:41:58 304 ] AnalysisPage -> OptionTrackBarChanged 
[ dd - 33 2023-09-14 목요일 15:41:58 323 ] AnalysisPage -> OptionTrackBarChanged 
[ dd - 33 2023-09-14 목요일 15:41:58 347 ] AnalysisPage -> OptionTrackBarChanged 
[ dd - 33 2023-09-14 목요일 15:41:58 366 ] AnalysisPage -> OptionTrackBarChanged 
[ dd - 33 2023-09-14 목요일 15:41:58 387 ] AnalysisPage -> OptionTrackBarChanged 
[ dd - 33 2023-09-14 목요일 15:41:58 418 ] AnalysisPage -> OptionTrackBarChanged 
[ dd - 33 2023-09-14 목요일 15:41:58 441 ] AnalysisPage -> OptionTrackBarChanged 
[ dd - 33 2023-09-14 목요일 15:41:58 457 ] AnalysisPage -> OptionTrackBarChanged 
[ dd - 33 2023-09-14 목요일 15:41:58 479 ] AnalysisPage -> OptionTrackBarChanged 
[ dd - 33 2023-09-14 목요일 15:41:58 495 ] AnalysisPage -> OptionTrackBarChanged 
[ dd - 33 2023-09-14 목요일 15:41:58 521 ] AnalysisPage -> OptionTrackBarChanged 
[ dd - 33 2023-09-14 목요일 15:41:58 542 ] AnalysisPage -> OptionTrackBarChanged 
[ dd - 33 2023-09-14 목요일 15:41:58 566 ] AnalysisPage -> OptionTrackBarChanged 
[ dd - 33 2023-09-14 목요일 15:41:58 583 ] AnalysisPage -> OptionTrackBarChanged 
[ dd - 33 2023-09-14 목요일 15:41:58 605 ] AnalysisPage -> OptionTrackBarChanged 
[ dd - 33 2023-09-14 목요일 15:41:58 627 ] AnalysisPage -> OptionTrackBarChanged 
[ dd - 33 2023-09-14 목요일 15:41:58 644 ] AnalysisPage -> OptionTrackBarChanged 
[ dd - 33 2023-09-14 목요일 15:41:58 662 ] AnalysisPage -> OptionTrackBarChanged 
[ dd - 33 2023-09-14 목요일 15:41:58 681 ] AnalysisPage -> OptionTrackBarChanged 
[ dd - 33 2023-09-14 목요일 15:41:58 698 ] AnalysisPage -> OptionTrackBarChanged 
[ dd - 33 2023-09-14 목요일 15:41:58 719 ] AnalysisPage -> OptionTrackBarChanged 
[ dd - 33 2023-09-14 목요일 15:41:58 743 ] AnalysisPage -> OptionTrackBarChanged 
[ dd - 33 2023-09-14 목요일 15:41:58 761 ] AnalysisPage -> OptionTrackBarChanged 
[ dd - 33 2023-09-14 목요일 15:41:58 792 ] AnalysisPage -> OptionTrackBarChanged 
[ dd - 33 2023-09-14 목요일 15:41:58 832 ] AnalysisPage -> OptionTrackBarChanged 
[ dd - 33 2023-09-14 목요일 15:41:58 852 ] AnalysisPage -> OptionTrackBarChanged 
[ dd - 33 2023-09-14 목요일 15:41:58 871 ] AnalysisPage -> OptionTrackBarChanged 
[ dd - 33 2023-09-14 목요일 15:41:58 893 ] AnalysisPage -> OptionTrackBarChanged 
[ dd - 33 2023-09-14 목요일 15:41:58 997 ] AnalysisPage -> OptionTrackBarChanged 
[ dd - 33 2023-09-14 목요일 15:41:59 054 ] AnalysisPage -> OptionTrackBarChanged 
[ dd - 33 2023-09-14 목요일 15:41:59 072 ] AnalysisPage -> OptionTrackBarChanged 
[ dd - 33 2023-09-14 목요일 15:41:59 091 ] AnalysisPage -> OptionTrackBarChanged 
[ dd - 33 2023-09-14 목요일 15:41:59 113 ] AnalysisPage -> OptionTrackBarChanged 
[ dd - 33 2023-09-14 목요일 15:41:59 131 ] AnalysisPage -> OptionTrackBarChanged 
[ dd - 33 2023-09-14 목요일 15:41:59 150 ] AnalysisPage -> OptionTrackBarChanged 
[ dd - 33 2023-09-14 목요일 15:41:59 171 ] AnalysisPage -> OptionTrackBarChanged 
[ dd - 33 2023-09-14 목요일 15:41:59 189 ] AnalysisPage -> OptionTrackBarChanged 
[ dd - 33 2023-09-14 목요일 15:41:59 207 ] AnalysisPage -> OptionTrackBarChanged 
[ dd - 33 2023-09-14 목요일 15:41:59 222 ] AnalysisPage -> OptionTrackBarChanged 
[ dd - 33 2023-09-14 목요일 15:41:59 240 ] AnalysisPage -> OptionTrackBarChanged 
[ dd - 33 2023-09-14 목요일 15:41:59 262 ] AnalysisPage -> OptionTrackBarChanged 
[ dd - 33 2023-09-14 목요일 15:41:59 289 ] AnalysisPage -> OptionTrackBarChanged 
[ dd - 33 2023-09-14 목요일 15:41:59 377 ] AnalysisPage -> OptionTrackBarChanged 
[ dd - 33 2023-09-14 목요일 15:41:59 442 ] AnalysisPage -> OptionTrackBarChanged 
[ dd - 33 2023-09-14 목요일 15:41:59 489 ] AnalysisPage -> OptionTrackBarChanged 
[ dd - 33 2023-09-14 목요일 15:41:59 532 ] AnalysisPage -> OptionTrackBarChanged 
[ dd - 33 2023-09-14 목요일 15:41:59 703 ] AnalysisPage -> OptionTrackBarChanged 
[ dd - 33 2023-09-14 목요일 15:41:59 745 ] AnalysisPage -> OptionTrackBarChanged 
[ dd - 33 2023-09-14 목요일 15:42:00 077 ] AnalysisPage -> OptionTrackBarChanged 
[ dd - 33 2023-09-14 목요일 15:42:00 131 ] AnalysisPage -> OptionTrackBarChanged 
[ dd - 33 2023-09-14 목요일 15:42:00 159 ] AnalysisPage -> OptionTrackBarChanged 
[ dd - 33 2023-09-14 목요일 15:42:00 179 ] AnalysisPage -> OptionTrackBarChanged 
[ dd - 33 2023-09-14 목요일 15:42:00 215 ] AnalysisPage -> OptionTrackBarChanged 
[ dd - 33 2023-09-14 목요일 15:42:00 240 ] AnalysisPage -> OptionTrackBarChanged 
[ dd - 33 2023-09-14 목요일 15:42:00 274 ] AnalysisPage -> OptionTrackBarChanged 
[ dd - 33 2023-09-14 목요일 15:42:00 290 ] AnalysisPage -> OptionTrackBarChanged 
[ dd - 33 2023-09-14 목요일 15:42:00 307 ] AnalysisPage -> OptionTrackBarChanged 
[ dd - 33 2023-09-14 목요일 15:42:00 432 ] AnalysisPage -> OptionTrackBarChanged 
[ dd - 33 2023-09-14 목요일 15:42:00 507 ] AnalysisPage -> OptionTrackBarChanged 
[ dd - 33 2023-09-14 목요일 15:42:00 525 ] AnalysisPage -> OptionTrackBarChanged 
[ dd - 33 2023-09-14 목요일 15:42:00 545 ] AnalysisPage -> OptionTrackBarChanged 
[ dd - 33 2023-09-14 목요일 15:42:00 564 ] AnalysisPage -> OptionTrackBarChanged 
[ dd - 33 2023-09-14 목요일 15:42:00 579 ] AnalysisPage -> OptionTrackBarChanged 
[ dd - 33 2023-09-14 목요일 15:42:00 598 ] AnalysisPage -> OptionTrackBarChanged 
[ dd - 33 2023-09-14 목요일 15:42:00 620 ] AnalysisPage -> OptionTrackBarChanged 
[ dd - 33 2023-09-14 목요일 15:42:00 645 ] AnalysisPage -> OptionTrackBarChanged 
[ dd - 33 2023-09-14 목요일 15:42:00 670 ] AnalysisPage -> OptionTrackBarChanged 
[ dd - 33 2023-09-14 목요일 15:42:00 693 ] AnalysisPage -> OptionTrackBarChanged 
[ dd - 33 2023-09-14 목요일 15:42:00 711 ] AnalysisPage -> OptionTrackBarChanged 
[ dd - 33 2023-09-14 목요일 15:42:00 729 ] AnalysisPage -> OptionTrackBarChanged 
[ dd - 33 2023-09-14 목요일 15:42:00 753 ] AnalysisPage -> OptionTrackBarChanged 
[ dd - 33 2023-09-14 목요일 15:42:00 774 ] AnalysisPage -> OptionTrackBarChanged 
[ dd - 33 2023-09-14 목요일 15:42:00 797 ] AnalysisPage -> OptionTrackBarChanged 
[ dd - 33 2023-09-14 목요일 15:42:00 824 ] AnalysisPage -> OptionTrackBarChanged 
[ dd - 33 2023-09-14 목요일 15:42:00 844 ] AnalysisPage -> OptionTrackBarChanged 
[ dd - 33 2023-09-14 목요일 15:42:00 865 ] AnalysisPage -> OptionTrackBarChanged 
[ dd - 33 2023-09-14 목요일 15:42:00 890 ] AnalysisPage -> OptionTrackBarChanged 
[ dd - 33 2023-09-14 목요일 15:42:00 907 ] AnalysisPage -> OptionTrackBarChanged 
[ dd - 33 2023-09-14 목요일 15:42:00 928 ] AnalysisPage -> OptionTrackBarChanged 
[ dd - 33 2023-09-14 목요일 15:42:00 946 ] AnalysisPage -> OptionTrackBarChanged 
[ dd - 33 2023-09-14 목요일 15:42:00 968 ] AnalysisPage -> OptionTrackBarChanged 
[ dd - 33 2023-09-14 목요일 15:42:00 988 ] AnalysisPage -> OptionTrackBarChanged 
[ dd - 33 2023-09-14 목요일 15:42:01 007 ] AnalysisPage -> OptionTrackBarChanged 
[ dd - 33 2023-09-14 목요일 15:42:01 028 ] AnalysisPage -> OptionTrackBarChanged 
[ dd - 33 2023-09-14 목요일 15:42:01 045 ] AnalysisPage -> OptionTrackBarChanged 
[ dd - 33 2023-09-14 목요일 15:42:01 066 ] AnalysisPage -> OptionTrackBarChanged 
[ dd - 33 2023-09-14 목요일 15:42:01 084 ] AnalysisPage -> OptionTrackBarChanged 
[ dd - 33 2023-09-14 목요일 15:42:01 103 ] AnalysisPage -> OptionTrackBarChanged 
[ dd - 33 2023-09-14 목요일 15:42:01 129 ] AnalysisPage -> OptionTrackBarChanged 
[ dd - 33 2023-09-14 목요일 15:42:01 147 ] AnalysisPage -> OptionTrackBarChanged 
[ dd - 33 2023-09-14 목요일 15:42:01 171 ] AnalysisPage -> OptionTrackBarChanged 
[ dd - 33 2023-09-14 목요일 15:42:01 191 ] AnalysisPage -> OptionTrackBarChanged 
[ dd - 33 2023-09-14 목요일 15:42:01 207 ] AnalysisPage -> OptionTrackBarChanged 
[ dd - 33 2023-09-14 목요일 15:42:01 226 ] AnalysisPage -> OptionTrackBarChanged 
[ dd - 33 2023-09-14 목요일 15:42:01 248 ] AnalysisPage -> OptionTrackBarChanged 
[ dd - 33 2023-09-14 목요일 15:42:01 272 ] AnalysisPage -> OptionTrackBarChanged 
[ dd - 33 2023-09-14 목요일 15:42:01 288 ] AnalysisPage -> OptionTrackBarChanged 
[ dd - 33 2023-09-14 목요일 15:42:01 309 ] AnalysisPage -> OptionTrackBarChanged 
[ dd - 33 2023-09-14 목요일 15:42:01 327 ] AnalysisPage -> OptionTrackBarChanged 
[ dd - 33 2023-09-14 목요일 15:42:01 344 ] AnalysisPage -> OptionTrackBarChanged 
[ dd - 33 2023-09-14 목요일 15:42:01 363 ] AnalysisPage -> OptionTrackBarChanged 
[ dd - 33 2023-09-14 목요일 15:42:01 381 ] AnalysisPage -> OptionTrackBarChanged 
[ dd - 33 2023-09-14 목요일 15:42:01 402 ] AnalysisPage -> OptionTrackBarChanged 
[ dd - 33 2023-09-14 목요일 15:42:01 421 ] AnalysisPage -> OptionTrackBarChanged 
[ dd - 33 2023-09-14 목요일 15:42:01 449 ] AnalysisPage -> OptionTrackBarChanged 
[ dd - 33 2023-09-14 목요일 15:42:01 472 ] AnalysisPage -> OptionTrackBarChanged 
[ dd - 33 2023-09-14 목요일 15:42:01 495 ] AnalysisPage -> OptionTrackBarChanged 
[ dd - 33 2023-09-14 목요일 15:42:04 027 ] AnalysisPage -> ButtonFilter_Click 
[ dd - 33 2023-09-14 목요일 15:42:04 681 ] AnalysisPage -> ButtonFilter_Click 
[ dd - 33 2023-09-14 목요일 15:42:06 058 ] AnalysisPage -> OptionTrackBarChanged 
[ dd - 33 2023-09-14 목요일 15:42:06 075 ] AnalysisPage -> OptionTrackBarChanged 
[ dd - 33 2023-09-14 목요일 15:42:06 096 ] AnalysisPage -> OptionTrackBarChanged 
[ dd - 33 2023-09-14 목요일 15:42:06 338 ] AnalysisPage -> OptionTrackBarChanged 
[ dd - 33 2023-09-14 목요일 15:42:06 375 ] AnalysisPage -> OptionTrackBarChanged 
[ dd - 33 2023-09-14 목요일 15:42:06 511 ] AnalysisPage -> OptionTrackBarChanged 
[ dd - 33 2023-09-14 목요일 15:42:06 537 ] AnalysisPage -> OptionTrackBarChanged 
[ dd - 33 2023-09-14 목요일 15:42:06 554 ] AnalysisPage -> OptionTrackBarChanged 
[ dd - 33 2023-09-14 목요일 15:42:06 572 ] AnalysisPage -> OptionTrackBarChanged 
[ dd - 33 2023-09-14 목요일 15:42:06 589 ] AnalysisPage -> OptionTrackBarChanged 
[ dd - 33 2023-09-14 목요일 15:42:06 605 ] AnalysisPage -> OptionTrackBarChanged 
[ dd - 33 2023-09-14 목요일 15:42:06 625 ] AnalysisPage -> OptionTrackBarChanged 
[ dd - 33 2023-09-14 목요일 15:42:07 650 ] AnalysisPage -> OptionTrackBarChanged 
[ dd - 33 2023-09-14 목요일 15:42:07 673 ] AnalysisPage -> OptionTrackBarChanged 
[ dd - 33 2023-09-14 목요일 15:42:07 695 ] AnalysisPage -> OptionTrackBarChanged 
[ dd - 33 2023-09-14 목요일 15:42:07 713 ] AnalysisPage -> OptionTrackBarChanged 
[ dd - 33 2023-09-14 목요일 15:42:07 731 ] AnalysisPage -> OptionTrackBarChanged 
[ dd - 33 2023-09-14 목요일 15:42:07 749 ] AnalysisPage -> OptionTrackBarChanged 
[ dd - 33 2023-09-14 목요일 15:42:07 770 ] AnalysisPage -> OptionTrackBarChanged 
[ dd - 33 2023-09-14 목요일 15:42:07 788 ] AnalysisPage -> OptionTrackBarChanged 
[ dd - 33 2023-09-14 목요일 15:42:07 806 ] AnalysisPage -> OptionTrackBarChanged 
[ dd - 33 2023-09-14 목요일 15:42:07 828 ] AnalysisPage -> OptionTrackBarChanged 
[ dd - 33 2023-09-14 목요일 15:42:07 843 ] AnalysisPage -> OptionTrackBarChanged 
[ dd - 33 2023-09-14 목요일 15:42:07 862 ] AnalysisPage -> OptionTrackBarChanged 
[ dd - 33 2023-09-14 목요일 15:42:07 879 ] AnalysisPage -> OptionTrackBarChanged 
[ dd - 33 2023-09-14 목요일 15:42:07 895 ] AnalysisPage -> OptionTrackBarChanged 
[ dd - 33 2023-09-14 목요일 15:42:07 911 ] AnalysisPage -> OptionTrackBarChanged 
[ dd - 33 2023-09-14 목요일 15:42:07 929 ] AnalysisPage -> OptionTrackBarChanged 
[ dd - 33 2023-09-14 목요일 15:42:07 953 ] AnalysisPage -> OptionTrackBarChanged 
[ dd - 33 2023-09-14 목요일 15:42:07 975 ] AnalysisPage -> OptionTrackBarChanged 
[ dd - 33 2023-09-14 목요일 15:42:08 003 ] AnalysisPage -> OptionTrackBarChanged 
[ dd - 33 2023-09-14 목요일 15:42:08 022 ] AnalysisPage -> OptionTrackBarChanged 
[ dd - 33 2023-09-14 목요일 15:42:08 039 ] AnalysisPage -> OptionTrackBarChanged 
[ dd - 33 2023-09-14 목요일 15:42:08 063 ] AnalysisPage -> OptionTrackBarChanged 
[ dd - 33 2023-09-14 목요일 15:42:08 083 ] AnalysisPage -> OptionTrackBarChanged 
[ dd - 33 2023-09-14 목요일 15:42:08 102 ] AnalysisPage -> OptionTrackBarChanged 
[ dd - 33 2023-09-14 목요일 15:42:08 122 ] AnalysisPage -> OptionTrackBarChanged 
[ dd - 33 2023-09-14 목요일 15:42:08 141 ] AnalysisPage -> OptionTrackBarChanged 
[ dd - 33 2023-09-14 목요일 15:42:08 158 ] AnalysisPage -> OptionTrackBarChanged 
[ dd - 33 2023-09-14 목요일 15:42:08 175 ] AnalysisPage -> OptionTrackBarChanged 
[ dd - 33 2023-09-14 목요일 15:42:08 193 ] AnalysisPage -> OptionTrackBarChanged 
[ dd - 33 2023-09-14 목요일 15:42:08 583 ] AnalysisPage -> OptionTrackBarChanged 
[ dd - 33 2023-09-14 목요일 15:42:08 609 ] AnalysisPage -> OptionTrackBarChanged 
[ dd - 33 2023-09-14 목요일 15:42:08 633 ] AnalysisPage -> OptionTrackBarChanged 
[ dd - 33 2023-09-14 목요일 15:42:08 656 ] AnalysisPage -> OptionTrackBarChanged 
[ dd - 33 2023-09-14 목요일 15:42:08 676 ] AnalysisPage -> OptionTrackBarChanged 
[ dd - 33 2023-09-14 목요일 15:42:08 697 ] AnalysisPage -> OptionTrackBarChanged 
[ dd - 33 2023-09-14 목요일 15:42:08 718 ] AnalysisPage -> OptionTrackBarChanged 
[ dd - 33 2023-09-14 목요일 15:42:08 739 ] AnalysisPage -> OptionTrackBarChanged 
[ dd - 33 2023-09-14 목요일 15:42:08 756 ] AnalysisPage -> OptionTrackBarChanged 
[ dd - 33 2023-09-14 목요일 15:42:08 774 ] AnalysisPage -> OptionTrackBarChanged 
[ dd - 33 2023-09-14 목요일 15:42:08 790 ] AnalysisPage -> OptionTrackBarChanged 
[ dd - 33 2023-09-14 목요일 15:42:08 806 ] AnalysisPage -> OptionTrackBarChanged 
[ dd - 33 2023-09-14 목요일 15:42:08 827 ] AnalysisPage -> OptionTrackBarChanged 
[ dd - 33 2023-09-14 목요일 15:42:08 844 ] AnalysisPage -> OptionTrackBarChanged 
[ dd - 33 2023-09-14 목요일 15:42:08 870 ] AnalysisPage -> OptionTrackBarChanged 
[ dd - 33 2023-09-14 목요일 15:42:08 889 ] AnalysisPage -> OptionTrackBarChanged 
[ dd - 33 2023-09-14 목요일 15:42:08 907 ] AnalysisPage -> OptionTrackBarChanged 
[ dd - 33 2023-09-14 목요일 15:42:08 930 ] AnalysisPage -> OptionTrackBarChanged 
[ dd - 33 2023-09-14 목요일 15:42:08 958 ] AnalysisPage -> OptionTrackBarChanged 
[ dd - 33 2023-09-14 목요일 15:42:08 975 ] AnalysisPage -> OptionTrackBarChanged 
[ dd - 33 2023-09-14 목요일 15:42:08 993 ] AnalysisPage -> OptionTrackBarChanged 
[ dd - 33 2023-09-14 목요일 15:42:09 019 ] AnalysisPage -> OptionTrackBarChanged 
[ dd - 33 2023-09-14 목요일 15:42:09 037 ] AnalysisPage -> OptionTrackBarChanged 
[ dd - 33 2023-09-14 목요일 15:42:09 057 ] AnalysisPage -> OptionTrackBarChanged 
[ dd - 33 2023-09-14 목요일 15:42:09 076 ] AnalysisPage -> OptionTrackBarChanged 
[ dd - 33 2023-09-14 목요일 15:42:09 098 ] AnalysisPage -> OptionTrackBarChanged 
[ dd - 33 2023-09-14 목요일 15:42:09 120 ] AnalysisPage -> OptionTrackBarChanged 
[ dd - 33 2023-09-14 목요일 15:42:09 141 ] AnalysisPage -> OptionTrackBarChanged 
[ dd - 33 2023-09-14 목요일 15:42:09 163 ] AnalysisPage -> OptionTrackBarChanged 
[ dd - 33 2023-09-14 목요일 15:42:09 180 ] AnalysisPage -> OptionTrackBarChanged 
[ dd - 33 2023-09-14 목요일 15:42:09 201 ] AnalysisPage -> OptionTrackBarChanged 
[ dd - 33 2023-09-14 목요일 15:42:09 220 ] AnalysisPage -> OptionTrackBarChanged 
[ dd - 33 2023-09-14 목요일 15:42:09 244 ] AnalysisPage -> OptionTrackBarChanged 
[ dd - 33 2023-09-14 목요일 15:42:09 262 ] AnalysisPage -> OptionTrackBarChanged 
[ dd - 33 2023-09-14 목요일 15:42:09 282 ] AnalysisPage -> OptionTrackBarChanged 
[ dd - 33 2023-09-14 목요일 15:42:09 304 ] AnalysisPage -> OptionTrackBarChanged 
[ dd - 33 2023-09-14 목요일 15:42:09 320 ] AnalysisPage -> OptionTrackBarChanged 
[ dd - 33 2023-09-14 목요일 15:42:09 341 ] AnalysisPage -> OptionTrackBarChanged 
[ dd - 33 2023-09-14 목요일 15:42:09 358 ] AnalysisPage -> OptionTrackBarChanged 
[ dd - 33 2023-09-14 목요일 15:42:09 377 ] AnalysisPage -> OptionTrackBarChanged 
[ dd - 33 2023-09-14 목요일 15:42:09 422 ] AnalysisPage -> OptionTrackBarChanged 
[ dd - 33 2023-09-14 목요일 15:42:09 439 ] AnalysisPage -> OptionTrackBarChanged 
[ dd - 33 2023-09-14 목요일 15:42:09 459 ] AnalysisPage -> OptionTrackBarChanged 
[ dd - 33 2023-09-14 목요일 15:42:09 476 ] AnalysisPage -> OptionTrackBarChanged 
[ dd - 33 2023-09-14 목요일 15:42:09 494 ] AnalysisPage -> OptionTrackBarChanged 
[ dd - 33 2023-09-14 목요일 15:42:09 514 ] AnalysisPage -> OptionTrackBarChanged 
[ dd - 33 2023-09-14 목요일 15:42:09 582 ] AnalysisPage -> OptionTrackBarChanged 
[ dd - 33 2023-09-14 목요일 15:42:09 603 ] AnalysisPage -> OptionTrackBarChanged 
[ dd - 33 2023-09-14 목요일 15:42:09 625 ] AnalysisPage -> OptionTrackBarChanged 
[ dd - 33 2023-09-14 목요일 15:42:09 643 ] AnalysisPage -> OptionTrackBarChanged 
[ dd - 33 2023-09-14 목요일 15:42:09 666 ] AnalysisPage -> OptionTrackBarChanged 
[ dd - 33 2023-09-14 목요일 15:42:09 698 ] AnalysisPage -> OptionTrackBarChanged 
[ dd - 33 2023-09-14 목요일 15:42:09 720 ] AnalysisPage -> OptionTrackBarChanged 
[ dd - 33 2023-09-14 목요일 15:42:09 739 ] AnalysisPage -> OptionTrackBarChanged 
[ dd - 33 2023-09-14 목요일 15:42:09 763 ] AnalysisPage -> OptionTrackBarChanged 
[ dd - 33 2023-09-14 목요일 15:42:09 781 ] AnalysisPage -> OptionTrackBarChanged 
[ dd - 33 2023-09-14 목요일 15:42:09 810 ] AnalysisPage -> OptionTrackBarChanged 
[ dd - 33 2023-09-14 목요일 15:42:09 830 ] AnalysisPage -> OptionTrackBarChanged 
[ dd - 33 2023-09-14 목요일 15:42:09 850 ] AnalysisPage -> OptionTrackBarChanged 
[ dd - 33 2023-09-14 목요일 15:42:09 870 ] AnalysisPage -> OptionTrackBarChanged 
[ dd - 33 2023-09-14 목요일 15:42:09 889 ] AnalysisPage -> OptionTrackBarChanged 
[ dd - 33 2023-09-14 목요일 15:42:09 910 ] AnalysisPage -> OptionTrackBarChanged 
[ dd - 33 2023-09-14 목요일 15:42:09 934 ] AnalysisPage -> OptionTrackBarChanged 
[ dd - 33 2023-09-14 목요일 15:42:09 954 ] AnalysisPage -> OptionTrackBarChanged 
[ dd - 33 2023-09-14 목요일 15:42:09 977 ] AnalysisPage -> OptionTrackBarChanged 
[ dd - 33 2023-09-14 목요일 15:42:09 996 ] AnalysisPage -> OptionTrackBarChanged 
[ dd - 33 2023-09-14 목요일 15:42:10 015 ] AnalysisPage -> OptionTrackBarChanged 
[ dd - 33 2023-09-14 목요일 15:42:10 033 ] AnalysisPage -> OptionTrackBarChanged 
[ dd - 33 2023-09-14 목요일 15:42:10 052 ] AnalysisPage -> OptionTrackBarChanged 
[ dd - 33 2023-09-14 목요일 15:42:10 660 ] AnalysisPage -> OptionTrackBarChanged 
[ dd - 33 2023-09-14 목요일 15:42:10 678 ] AnalysisPage -> OptionTrackBarChanged 
[ dd - 33 2023-09-14 목요일 15:42:10 699 ] AnalysisPage -> OptionTrackBarChanged 
[ dd - 33 2023-09-14 목요일 15:42:10 725 ] AnalysisPage -> OptionTrackBarChanged 
[ dd - 33 2023-09-14 목요일 15:42:10 742 ] AnalysisPage -> OptionTrackBarChanged 
[ dd - 33 2023-09-14 목요일 15:42:10 853 ] AnalysisPage -> OptionTrackBarChanged 
[ dd - 33 2023-09-14 목요일 15:42:10 871 ] AnalysisPage -> OptionTrackBarChanged 
[ dd - 33 2023-09-14 목요일 15:42:10 891 ] AnalysisPage -> OptionTrackBarChanged 
[ dd - 33 2023-09-14 목요일 15:42:10 910 ] AnalysisPage -> OptionTrackBarChanged 
[ dd - 33 2023-09-14 목요일 15:42:10 931 ] AnalysisPage -> OptionTrackBarChanged 
[ dd - 33 2023-09-14 목요일 15:42:10 956 ] AnalysisPage -> OptionTrackBarChanged 
[ dd - 33 2023-09-14 목요일 15:42:10 974 ] AnalysisPage -> OptionTrackBarChanged 
[ dd - 33 2023-09-14 목요일 15:42:10 996 ] AnalysisPage -> OptionTrackBarChanged 
[ dd - 33 2023-09-14 목요일 15:42:11 015 ] AnalysisPage -> OptionTrackBarChanged 
[ dd - 33 2023-09-14 목요일 15:42:11 040 ] AnalysisPage -> OptionTrackBarChanged 
[ dd - 33 2023-09-14 목요일 15:42:11 063 ] AnalysisPage -> OptionTrackBarChanged 
[ dd - 33 2023-09-14 목요일 15:42:11 086 ] AnalysisPage -> OptionTrackBarChanged 
[ dd - 33 2023-09-14 목요일 15:42:11 113 ] AnalysisPage -> OptionTrackBarChanged 
[ dd - 33 2023-09-14 목요일 15:42:11 136 ] AnalysisPage -> OptionTrackBarChanged 
[ dd - 33 2023-09-14 목요일 15:42:11 157 ] AnalysisPage -> OptionTrackBarChanged 
[ dd - 33 2023-09-14 목요일 15:42:11 174 ] AnalysisPage -> OptionTrackBarChanged 
[ dd - 33 2023-09-14 목요일 15:42:11 196 ] AnalysisPage -> OptionTrackBarChanged 
[ dd - 33 2023-09-14 목요일 15:42:11 216 ] AnalysisPage -> OptionTrackBarChanged 
[ dd - 33 2023-09-14 목요일 15:42:11 235 ] AnalysisPage -> OptionTrackBarChanged 
[ dd - 33 2023-09-14 목요일 15:42:11 255 ] AnalysisPage -> OptionTrackBarChanged 
[ dd - 33 2023-09-14 목요일 15:42:11 276 ] AnalysisPage -> OptionTrackBarChanged 
[ dd - 33 2023-09-14 목요일 15:42:11 294 ] AnalysisPage -> OptionTrackBarChanged 
[ dd - 33 2023-09-14 목요일 15:42:11 311 ] AnalysisPage -> OptionTrackBarChanged 
[ dd - 33 2023-09-14 목요일 15:42:11 332 ] AnalysisPage -> OptionTrackBarChanged 
[ dd - 33 2023-09-14 목요일 15:42:11 356 ] AnalysisPage -> OptionTrackBarChanged 
[ dd - 33 2023-09-14 목요일 15:42:11 377 ] AnalysisPage -> OptionTrackBarChanged 
[ dd - 33 2023-09-14 목요일 15:42:11 394 ] AnalysisPage -> OptionTrackBarChanged 
[ dd - 33 2023-09-14 목요일 15:42:11 411 ] AnalysisPage -> OptionTrackBarChanged 
[ dd - 33 2023-09-14 목요일 15:42:11 428 ] AnalysisPage -> OptionTrackBarChanged 
[ dd - 33 2023-09-14 목요일 15:42:11 446 ] AnalysisPage -> OptionTrackBarChanged 
[ dd - 33 2023-09-14 목요일 15:42:11 469 ] AnalysisPage -> OptionTrackBarChanged 
[ dd - 33 2023-09-14 목요일 15:42:11 488 ] AnalysisPage -> OptionTrackBarChanged 
[ dd - 33 2023-09-14 목요일 15:42:11 505 ] AnalysisPage -> OptionTrackBarChanged 
[ dd - 33 2023-09-14 목요일 15:42:11 594 ] AnalysisPage -> OptionTrackBarChanged 
[ dd - 33 2023-09-14 목요일 15:42:11 622 ] AnalysisPage -> OptionTrackBarChanged 
[ dd - 33 2023-09-14 목요일 15:42:11 763 ] AnalysisPage -> OptionTrackBarChanged 
[ dd - 33 2023-09-14 목요일 15:42:11 781 ] AnalysisPage -> OptionTrackBarChanged 
[ dd - 33 2023-09-14 목요일 15:42:11 801 ] AnalysisPage -> OptionTrackBarChanged 
[ dd - 33 2023-09-14 목요일 15:42:11 819 ] AnalysisPage -> OptionTrackBarChanged 
[ dd - 33 2023-09-14 목요일 15:42:11 837 ] AnalysisPage -> OptionTrackBarChanged 
[ dd - 33 2023-09-14 목요일 15:42:11 859 ] AnalysisPage -> OptionTrackBarChanged 
[ dd - 33 2023-09-14 목요일 15:42:11 879 ] AnalysisPage -> OptionTrackBarChanged 
[ dd - 33 2023-09-14 목요일 15:42:11 943 ] AnalysisPage -> OptionTrackBarChanged 
[ dd - 33 2023-09-14 목요일 15:42:11 959 ] AnalysisPage -> OptionTrackBarChanged 
[ dd - 33 2023-09-14 목요일 15:42:11 977 ] AnalysisPage -> OptionTrackBarChanged 
[ dd - 33 2023-09-14 목요일 15:42:11 999 ] AnalysisPage -> OptionTrackBarChanged 
[ dd - 33 2023-09-14 목요일 15:42:12 018 ] AnalysisPage -> OptionTrackBarChanged 
[ dd - 33 2023-09-14 목요일 15:42:12 036 ] AnalysisPage -> OptionTrackBarChanged 
[ dd - 33 2023-09-14 목요일 15:42:12 055 ] AnalysisPage -> OptionTrackBarChanged 
[ dd - 33 2023-09-14 목요일 15:42:12 079 ] AnalysisPage -> OptionTrackBarChanged 
[ dd - 33 2023-09-14 목요일 15:42:12 117 ] AnalysisPage -> OptionTrackBarChanged 
[ dd - 33 2023-09-14 목요일 15:42:12 139 ] AnalysisPage -> OptionTrackBarChanged 
[ dd - 33 2023-09-14 목요일 15:42:12 160 ] AnalysisPage -> OptionTrackBarChanged 
[ dd - 33 2023-09-14 목요일 15:42:12 189 ] AnalysisPage -> OptionTrackBarChanged 
[ dd - 33 2023-09-14 목요일 15:42:12 209 ] AnalysisPage -> OptionTrackBarChanged 
[ dd - 33 2023-09-14 목요일 15:42:12 238 ] AnalysisPage -> OptionTrackBarChanged 
[ dd - 33 2023-09-14 목요일 15:42:12 263 ] AnalysisPage -> OptionTrackBarChanged 
[ dd - 33 2023-09-14 목요일 15:42:12 282 ] AnalysisPage -> OptionTrackBarChanged 
[ dd - 33 2023-09-14 목요일 15:42:12 310 ] AnalysisPage -> OptionTrackBarChanged 
[ dd - 33 2023-09-14 목요일 15:42:12 331 ] AnalysisPage -> OptionTrackBarChanged 
[ dd - 33 2023-09-14 목요일 15:42:12 357 ] AnalysisPage -> OptionTrackBarChanged 
[ dd - 33 2023-09-14 목요일 15:42:12 375 ] AnalysisPage -> OptionTrackBarChanged 
[ dd - 33 2023-09-14 목요일 15:42:12 494 ] AnalysisPage -> OptionTrackBarChanged 
[ dd - 33 2023-09-14 목요일 15:42:12 521 ] AnalysisPage -> OptionTrackBarChanged 
[ dd - 33 2023-09-14 목요일 15:42:12 557 ] AnalysisPage -> OptionTrackBarChanged 
[ dd - 33 2023-09-14 목요일 15:42:12 578 ] AnalysisPage -> OptionTrackBarChanged 
[ dd - 33 2023-09-14 목요일 15:42:12 608 ] AnalysisPage -> OptionTrackBarChanged 
[ dd - 33 2023-09-14 목요일 15:42:12 643 ] AnalysisPage -> OptionTrackBarChanged 
[ dd - 33 2023-09-14 목요일 15:42:12 668 ] AnalysisPage -> OptionTrackBarChanged 
[ dd - 33 2023-09-14 목요일 15:42:12 685 ] AnalysisPage -> OptionTrackBarChanged 
[ dd - 33 2023-09-14 목요일 15:42:12 761 ] AnalysisPage -> OptionTrackBarChanged 
[ dd - 33 2023-09-14 목요일 15:42:12 778 ] AnalysisPage -> OptionTrackBarChanged 
[ dd - 33 2023-09-14 목요일 15:42:12 798 ] AnalysisPage -> OptionTrackBarChanged 
[ dd - 33 2023-09-14 목요일 15:42:12 820 ] AnalysisPage -> OptionTrackBarChanged 
[ dd - 33 2023-09-14 목요일 15:42:12 838 ] AnalysisPage -> OptionTrackBarChanged 
[ dd - 33 2023-09-14 목요일 15:42:12 859 ] AnalysisPage -> OptionTrackBarChanged 
[ dd - 33 2023-09-14 목요일 15:42:12 875 ] AnalysisPage -> OptionTrackBarChanged 
[ dd - 33 2023-09-14 목요일 15:42:12 894 ] AnalysisPage -> OptionTrackBarChanged 
[ dd - 33 2023-09-14 목요일 15:42:12 916 ] AnalysisPage -> OptionTrackBarChanged 
[ dd - 33 2023-09-14 목요일 15:42:12 951 ] AnalysisPage -> OptionTrackBarChanged 
[ dd - 33 2023-09-14 목요일 15:42:12 975 ] AnalysisPage -> OptionTrackBarChanged 
[ dd - 33 2023-09-14 목요일 15:42:13 000 ] AnalysisPage -> OptionTrackBarChanged 
[ dd - 33 2023-09-14 목요일 15:42:13 017 ] AnalysisPage -> OptionTrackBarChanged 
[ dd - 33 2023-09-14 목요일 15:42:13 058 ] AnalysisPage -> OptionTrackBarChanged 
[ dd - 33 2023-09-14 목요일 15:42:13 081 ] AnalysisPage -> OptionTrackBarChanged 
[ dd - 33 2023-09-14 목요일 15:42:13 108 ] AnalysisPage -> OptionTrackBarChanged 
[ dd - 33 2023-09-14 목요일 15:42:13 125 ] AnalysisPage -> OptionTrackBarChanged 
[ dd - 33 2023-09-14 목요일 15:42:13 150 ] AnalysisPage -> OptionTrackBarChanged 
[ dd - 33 2023-09-14 목요일 15:42:13 176 ] AnalysisPage -> OptionTrackBarChanged 
[ dd - 33 2023-09-14 목요일 15:42:13 194 ] AnalysisPage -> OptionTrackBarChanged 
[ dd - 33 2023-09-14 목요일 15:42:13 242 ] AnalysisPage -> OptionTrackBarChanged 
[ dd - 33 2023-09-14 목요일 15:42:13 263 ] AnalysisPage -> OptionTrackBarChanged 
[ dd - 33 2023-09-14 목요일 15:42:13 280 ] AnalysisPage -> OptionTrackBarChanged 
[ dd - 33 2023-09-14 목요일 15:42:13 304 ] AnalysisPage -> OptionTrackBarChanged 
[ dd - 33 2023-09-14 목요일 15:42:13 324 ] AnalysisPage -> OptionTrackBarChanged 
[ dd - 33 2023-09-14 목요일 15:42:13 342 ] AnalysisPage -> OptionTrackBarChanged 
[ dd - 33 2023-09-14 목요일 15:42:13 382 ] AnalysisPage -> OptionTrackBarChanged 
[ dd - 33 2023-09-14 목요일 15:42:13 433 ] AnalysisPage -> OptionTrackBarChanged 
[ dd - 33 2023-09-14 목요일 15:42:13 456 ] AnalysisPage -> OptionTrackBarChanged 
[ dd - 33 2023-09-14 목요일 15:42:13 485 ] AnalysisPage -> OptionTrackBarChanged 
[ dd - 33 2023-09-14 목요일 15:42:13 531 ] AnalysisPage -> OptionTrackBarChanged 
[ dd - 33 2023-09-14 목요일 15:42:13 548 ] AnalysisPage -> OptionTrackBarChanged 
[ dd - 33 2023-09-14 목요일 15:42:13 581 ] AnalysisPage -> OptionTrackBarChanged 
[ dd - 33 2023-09-14 목요일 15:42:13 603 ] AnalysisPage -> OptionTrackBarChanged 
[ dd - 33 2023-09-14 목요일 15:42:13 650 ] AnalysisPage -> OptionTrackBarChanged 
[ dd - 33 2023-09-14 목요일 15:42:13 748 ] AnalysisPage -> OptionTrackBarChanged 
[ dd - 33 2023-09-14 목요일 15:42:13 862 ] AnalysisPage -> OptionTrackBarChanged 
[ dd - 33 2023-09-14 목요일 15:42:13 909 ] AnalysisPage -> OptionTrackBarChanged 
[ dd - 33 2023-09-14 목요일 15:42:14 083 ] AnalysisPage -> OptionTrackBarChanged 
[ dd - 33 2023-09-14 목요일 15:42:15 224 ] AnalysisPage -> OptionTrackBarChanged 
[ dd - 33 2023-09-14 목요일 15:42:15 719 ] AnalysisPage -> OptionTrackBarChanged 
[ dd - 33 2023-09-14 목요일 15:42:15 738 ] AnalysisPage -> OptionTrackBarChanged 
[ dd - 33 2023-09-14 목요일 15:42:15 763 ] AnalysisPage -> OptionTrackBarChanged 
[ dd - 33 2023-09-14 목요일 15:42:15 780 ] AnalysisPage -> OptionTrackBarChanged 
[ dd - 33 2023-09-14 목요일 15:42:15 797 ] AnalysisPage -> OptionTrackBarChanged 
[ dd - 33 2023-09-14 목요일 15:42:15 819 ] AnalysisPage -> OptionTrackBarChanged 
[ dd - 33 2023-09-14 목요일 15:42:15 836 ] AnalysisPage -> OptionTrackBarChanged 
[ dd - 33 2023-09-14 목요일 15:42:15 853 ] AnalysisPage -> OptionTrackBarChanged 
[ dd - 33 2023-09-14 목요일 15:42:15 876 ] AnalysisPage -> OptionTrackBarChanged 
[ dd - 33 2023-09-14 목요일 15:42:15 896 ] AnalysisPage -> OptionTrackBarChanged 
[ dd - 33 2023-09-14 목요일 15:42:15 921 ] AnalysisPage -> OptionTrackBarChanged 
[ dd - 33 2023-09-14 목요일 15:42:15 941 ] AnalysisPage -> OptionTrackBarChanged 
[ dd - 33 2023-09-14 목요일 15:42:15 961 ] AnalysisPage -> OptionTrackBarChanged 
[ dd - 33 2023-09-14 목요일 15:42:15 978 ] AnalysisPage -> OptionTrackBarChanged 
[ dd - 33 2023-09-14 목요일 15:42:19 002 ] AnalysisPage -> ViewBack_Click 
[ dd - 33 2023-09-14 목요일 15:42:19 003 ] MainForm -> PageChange 
[ dd - 33 2023-09-14 목요일 15:42:19 140 ] MainForm -> navigationFrame1_SelectedPageChanged 
[ dd - 33 2023-09-14 목요일 15:42:23 219 ] ViewPage -> SelectedView_MouseDown 
[ dd - 33 2023-09-14 목요일 15:42:23 326 ] ViewPage -> SelectedView_Click 
[ dd - 33 2023-09-14 목요일 15:42:23 800 ] MainForm -> PageChange 
[ dd - 33 2023-09-14 목요일 15:42:23 923 ] MainForm -> navigationFrame1_SelectedPageChanged 
[ dd - 33 2023-09-14 목요일 15:42:23 924 ] AnalysisPage -> ImageChange 
[ dd - 33 2023-09-14 목요일 15:42:33 418 ] AnalysisPage -> ViewBack_Click 
[ dd - 33 2023-09-14 목요일 15:42:33 418 ] MainForm -> PageChange 
[ dd - 33 2023-09-14 목요일 15:42:33 541 ] MainForm -> navigationFrame1_SelectedPageChanged 
[ dd - 33 2023-09-14 목요일 15:42:34 599 ] MainForm -> MainForm_FormClosing 
[ dd - 33 2023-09-14 목요일 15:42:34 629 ] ViewPage -> CameraClose 
[ dd - 33 2023-09-14 목요일 15:42:34 632 ] CameraControl -> Stop 
[ dd - 33 2023-09-14 목요일 15:42:35 998 ] CameraControl -> Close 
[ dd - 33 2023-09-14 목요일 15:42:36 028 ] CameraControl -> Stop 
[ dd - 33 2023-09-14 목요일 15:42:36 028 ] CameraControl -> Close 
[ dd - 33 2023-09-14 목요일 15:42:36 029 ] CameraControl -> Stop 
[ dd - 33 2023-09-14 목요일 15:42:36 029 ] CameraControl -> Close 
[ dd - 33 2023-09-14 목요일 15:42:36 147 ] CameraControl -> Finalize 
[ dd - 33 2023-09-14 목요일 15:42:36 147 ] CameraControl -> Close 
[ dd - 33 2023-09-14 목요일 15:42:36 157 ] CameraControl -> Finalize 
[ dd - 33 2023-09-14 목요일 15:42:36 157 ] CameraControl -> Close 
[ dd - 33 2023-09-14 목요일 15:42:36 157 ] CameraControl -> Finalize 
[ dd - 33 2023-09-14 목요일 15:42:36 158 ] CameraControl -> Close 
