[  2023-09-11 월요일 09:40:15 187 ] 파일 생성 성공
[ NoName 2023-09-11 월요일 09:40:15 186 ] 프로그램 시작
[ NoName 2023-09-11 월요일 09:40:15 293 ] XmlProcessing -> XMLSave 
[ NoName 2023-09-11 월요일 09:40:15 533 ] LoginForm -> LoginForm_Load 
[ NoName 2023-09-11 월요일 09:40:15 897 ] LoginForm -> LoginForm_Shown 
[ NoName 2023-09-11 월요일 09:40:17 651 ] LoginForm -> InputCheck 
[ NoName 2023-09-11 월요일 09:40:17 655 ] LoginForm -> InputCheck 
[ NoName 2023-09-11 월요일 09:40:17 658 ] LoginForm -> InputCheck 
[ NoName 2023-09-11 월요일 09:40:17 736 ] LoginForm -> InputCheck 
[ NoName 2023-09-11 월요일 09:40:17 756 ] LoginForm -> InputCheck 
[ NoName 2023-09-11 월요일 09:40:17 773 ] LoginForm -> InputCheck 
[ NoName 2023-09-11 월요일 09:40:18 364 ] LoginForm -> InputCheck 
[ NoName 2023-09-11 월요일 09:40:18 382 ] LoginForm -> InputCheck 
[ NoName 2023-09-11 월요일 09:40:18 402 ] LoginForm -> InputCheck 
[ NoName 2023-09-11 월요일 09:40:18 419 ] LoginForm -> InputCheck 
[ NoName 2023-09-11 월요일 09:40:18 475 ] LoginForm -> InputCheck 
[ NoName 2023-09-11 월요일 09:40:18 795 ] LoginForm -> Start_Click 
[ NoName 2023-09-11 월요일 09:40:19 587 ] XmlProcessing -> XMLSave 
[ dfhkds - 9ds0f 2023-09-11 월요일 09:40:19 589 ] 검사자 : dfhkds & 검사장소 : 9ds0f ==> 검사 시작
[ dfhkds - 9ds0f 2023-09-11 월요일 09:40:19 646 ] MainForm -> MainForm_Load 
[ dfhkds - 9ds0f 2023-09-11 월요일 09:40:23 171 ] MainForm -> MainForm_Shown 
[ dfhkds - 9ds0f 2023-09-11 월요일 09:40:24 448 ] CameraControl -> CameraOpen 
[ dfhkds - 9ds0f 2023-09-11 월요일 09:40:24 767 ] CameraControl -> open 
[ dfhkds - 9ds0f 2023-09-11 월요일 09:40:24 794 ] ViewPage -> CreateBitmap 
[ dfhkds - 9ds0f 2023-09-11 월요일 09:40:24 808 ] CameraControl -> SetEnableImageCallback 
[ dfhkds - 9ds0f 2023-09-11 월요일 09:40:24 822 ] CameraControl -> Start 
[ dfhkds - 9ds0f 2023-09-11 월요일 09:40:25 453 ] CameraControl -> CameraOpen 
[ dfhkds - 9ds0f 2023-09-11 월요일 09:40:25 541 ] CameraControl -> CameraOpen 원인을 알 수 없는 에러!
[ dfhkds - 9ds0f 2023-09-11 월요일 09:40:25 541 ] CameraControl -> CameraOpen 
[ dfhkds - 9ds0f 2023-09-11 월요일 09:40:25 567 ] CameraControl -> CameraOpen 원인을 알 수 없는 에러!
[ dfhkds - 9ds0f 2023-09-11 월요일 09:40:27 920 ] ViewPage -> SelectedView_MouseDown 
[ dfhkds - 9ds0f 2023-09-11 월요일 09:40:28 698 ] ViewPage -> SelectedView_Click 
[ dfhkds - 9ds0f 2023-09-11 월요일 09:40:29 224 ] ViewPage -> SelectedView_MouseDown 
[ dfhkds - 9ds0f 2023-09-11 월요일 09:40:29 326 ] ViewPage -> SelectedView_Click 
[ dfhkds - 9ds0f 2023-09-11 월요일 09:40:51 951 ] MainForm -> MainForm_FormClosing 
[ dfhkds - 9ds0f 2023-09-11 월요일 09:40:51 964 ] ViewPage -> CameraClose 
[ dfhkds - 9ds0f 2023-09-11 월요일 09:40:51 976 ] CameraControl -> Stop 
[ dfhkds - 9ds0f 2023-09-11 월요일 09:40:52 077 ] CameraControl -> Close 
[ dfhkds - 9ds0f 2023-09-11 월요일 09:40:52 103 ] CameraControl -> Stop 
[ dfhkds - 9ds0f 2023-09-11 월요일 09:40:52 103 ] CameraControl -> Close 
[ dfhkds - 9ds0f 2023-09-11 월요일 09:40:52 103 ] CameraControl -> Stop 
[ dfhkds - 9ds0f 2023-09-11 월요일 09:40:52 103 ] CameraControl -> Close 
[ dfhkds - 9ds0f 2023-09-11 월요일 09:40:52 216 ] CameraControl -> Finalize 
[ dfhkds - 9ds0f 2023-09-11 월요일 09:40:52 216 ] CameraControl -> Close 
[ dfhkds - 9ds0f 2023-09-11 월요일 09:40:52 220 ] CameraControl -> Finalize 
[ dfhkds - 9ds0f 2023-09-11 월요일 09:40:52 221 ] CameraControl -> Close 
[ dfhkds - 9ds0f 2023-09-11 월요일 09:40:52 234 ] CameraControl -> Finalize 
[ dfhkds - 9ds0f 2023-09-11 월요일 09:40:52 234 ] CameraControl -> Close 
[ NoName 2023-09-11 월요일 17:25:41 199 ] 프로그램 시작
[ NoName 2023-09-11 월요일 17:25:41 295 ] XmlProcessing -> XMLSave 
[ NoName 2023-09-11 월요일 17:25:41 586 ] LoginForm -> LoginForm_Load 
[ NoName 2023-09-11 월요일 17:25:41 849 ] LoginForm -> LoginForm_Shown 
[ NoName 2023-09-11 월요일 17:25:43 057 ] LoginForm -> InputCheck 
[ NoName 2023-09-11 월요일 17:25:43 062 ] LoginForm -> InputCheck 
[ NoName 2023-09-11 월요일 17:25:43 069 ] LoginForm -> InputCheck 
[ NoName 2023-09-11 월요일 17:25:43 113 ] LoginForm -> InputCheck 
[ NoName 2023-09-11 월요일 17:25:43 135 ] LoginForm -> InputCheck 
[ NoName 2023-09-11 월요일 17:25:43 150 ] LoginForm -> InputCheck 
[ NoName 2023-09-11 월요일 17:25:43 529 ] LoginForm -> InputCheck 
[ NoName 2023-09-11 월요일 17:25:44 270 ] LoginForm -> Start_Click 
[ NoName 2023-09-11 월요일 17:25:45 066 ] XmlProcessing -> XMLSave 
[ dfjlkg - 0 2023-09-11 월요일 17:25:45 066 ] 검사자 : dfjlkg & 검사장소 : 0 ==> 검사 시작
[ dfjlkg - 0 2023-09-11 월요일 17:25:45 119 ] MainForm -> MainForm_Load 
[ dfjlkg - 0 2023-09-11 월요일 17:25:48 603 ] MainForm -> MainForm_Shown 
[ dfjlkg - 0 2023-09-11 월요일 17:25:49 953 ] CameraControl -> CameraOpen 
[ dfjlkg - 0 2023-09-11 월요일 17:25:50 251 ] CameraControl -> open 
[ dfjlkg - 0 2023-09-11 월요일 17:25:50 277 ] ViewPage -> CreateBitmap 
[ dfjlkg - 0 2023-09-11 월요일 17:25:50 291 ] CameraControl -> SetEnableImageCallback 
[ dfjlkg - 0 2023-09-11 월요일 17:25:50 305 ] CameraControl -> Start 
[ dfjlkg - 0 2023-09-11 월요일 17:25:50 907 ] CameraControl -> CameraOpen 
[ dfjlkg - 0 2023-09-11 월요일 17:25:51 069 ] CameraControl -> CameraOpen 원인을 알 수 없는 에러!
[ dfjlkg - 0 2023-09-11 월요일 17:25:51 069 ] CameraControl -> CameraOpen 
[ dfjlkg - 0 2023-09-11 월요일 17:25:51 096 ] CameraControl -> CameraOpen 원인을 알 수 없는 에러!
[ dfjlkg - 0 2023-09-11 월요일 17:25:53 512 ] ViewPage -> SelectedView_MouseDown 
[ dfjlkg - 0 2023-09-11 월요일 17:25:55 315 ] ViewPage -> SelectedView_Click 
[ dfjlkg - 0 2023-09-11 월요일 17:25:55 688 ] ViewPage -> SelectedView_MouseDown 
[ dfjlkg - 0 2023-09-11 월요일 17:25:55 770 ] ViewPage -> SelectedView_Click 
[ dfjlkg - 0 2023-09-11 월요일 17:25:56 629 ] ViewPage -> SelectedView_MouseDown 
[ dfjlkg - 0 2023-09-11 월요일 17:25:57 322 ] ViewPage -> SelectedView_Click 
[ dfjlkg - 0 2023-09-11 월요일 17:25:57 904 ] ViewPage -> SelectedView_MouseDown 
[ dfjlkg - 0 2023-09-11 월요일 17:25:58 028 ] ViewPage -> SelectedView_Click 
[ dfjlkg - 0 2023-09-11 월요일 17:26:11 580 ] AnalysisPage -> ViewBack_Click 
[ dfjlkg - 0 2023-09-11 월요일 17:26:13 668 ] ViewPage -> SelectedView_MouseDown 
[ dfjlkg - 0 2023-09-11 월요일 17:26:13 764 ] ViewPage -> SelectedView_Click 
[ dfjlkg - 0 2023-09-11 월요일 17:26:18 990 ] MainForm -> MainForm_FormClosing 
[ dfjlkg - 0 2023-09-11 월요일 17:26:18 998 ] ViewPage -> CameraClose 
[ dfjlkg - 0 2023-09-11 월요일 17:26:19 029 ] CameraControl -> Stop 
[ dfjlkg - 0 2023-09-11 월요일 17:26:19 137 ] CameraControl -> Close 
[ dfjlkg - 0 2023-09-11 월요일 17:26:19 155 ] CameraControl -> Stop 
[ dfjlkg - 0 2023-09-11 월요일 17:26:19 155 ] CameraControl -> Close 
[ dfjlkg - 0 2023-09-11 월요일 17:26:19 155 ] CameraControl -> Stop 
[ dfjlkg - 0 2023-09-11 월요일 17:26:19 155 ] CameraControl -> Close 
[ dfjlkg - 0 2023-09-11 월요일 17:26:19 251 ] CameraControl -> Finalize 
[ dfjlkg - 0 2023-09-11 월요일 17:26:19 252 ] CameraControl -> Close 
[ dfjlkg - 0 2023-09-11 월요일 17:26:19 259 ] CameraControl -> Finalize 
[ dfjlkg - 0 2023-09-11 월요일 17:26:19 260 ] CameraControl -> Close 
[ dfjlkg - 0 2023-09-11 월요일 17:26:19 260 ] CameraControl -> Finalize 
[ dfjlkg - 0 2023-09-11 월요일 17:26:19 260 ] CameraControl -> Close 
[ NoName 2023-09-11 월요일 17:34:35 741 ] 프로그램 시작
[ NoName 2023-09-11 월요일 17:34:35 790 ] XmlProcessing -> XMLSave 
[ NoName 2023-09-11 월요일 17:34:36 011 ] LoginForm -> LoginForm_Load 
[ NoName 2023-09-11 월요일 17:34:36 285 ] LoginForm -> LoginForm_Shown 
[ NoName 2023-09-11 월요일 17:34:37 277 ] LoginForm -> InputCheck 
[ NoName 2023-09-11 월요일 17:34:37 280 ] LoginForm -> InputCheck 
[ NoName 2023-09-11 월요일 17:34:37 285 ] LoginForm -> InputCheck 
[ NoName 2023-09-11 월요일 17:34:37 311 ] LoginForm -> InputCheck 
[ NoName 2023-09-11 월요일 17:34:37 325 ] LoginForm -> InputCheck 
[ NoName 2023-09-11 월요일 17:34:37 414 ] LoginForm -> InputCheck 
[ NoName 2023-09-11 월요일 17:34:37 438 ] LoginForm -> InputCheck 
[ NoName 2023-09-11 월요일 17:34:37 899 ] LoginForm -> InputCheck 
[ NoName 2023-09-11 월요일 17:34:37 949 ] LoginForm -> InputCheck 
[ NoName 2023-09-11 월요일 17:34:37 976 ] LoginForm -> InputCheck 
[ NoName 2023-09-11 월요일 17:34:37 998 ] LoginForm -> InputCheck 
[ NoName 2023-09-11 월요일 17:34:38 014 ] LoginForm -> InputCheck 
[ NoName 2023-09-11 월요일 17:34:38 081 ] LoginForm -> InputCheck 
[ NoName 2023-09-11 월요일 17:34:38 334 ] LoginForm -> Start_Click 
[ NoName 2023-09-11 월요일 17:34:39 120 ] XmlProcessing -> XMLSave 
[ sahjdsa - dsaoid 2023-09-11 월요일 17:34:39 121 ] 검사자 : sahjdsa & 검사장소 : dsaoid ==> 검사 시작
[ sahjdsa - dsaoid 2023-09-11 월요일 17:34:39 171 ] MainForm -> MainForm_Load 
[ sahjdsa - dsaoid 2023-09-11 월요일 17:34:42 632 ] MainForm -> MainForm_Shown 
[ sahjdsa - dsaoid 2023-09-11 월요일 17:34:43 503 ] CameraControl -> CameraOpen 
[ sahjdsa - dsaoid 2023-09-11 월요일 17:34:43 797 ] CameraControl -> open 
[ sahjdsa - dsaoid 2023-09-11 월요일 17:34:43 825 ] ViewPage -> CreateBitmap 
[ sahjdsa - dsaoid 2023-09-11 월요일 17:34:43 841 ] CameraControl -> SetEnableImageCallback 
[ sahjdsa - dsaoid 2023-09-11 월요일 17:34:43 861 ] CameraControl -> Start 
[ sahjdsa - dsaoid 2023-09-11 월요일 17:34:44 452 ] CameraControl -> CameraOpen 
[ sahjdsa - dsaoid 2023-09-11 월요일 17:34:44 520 ] CameraControl -> CameraOpen 원인을 알 수 없는 에러!
[ sahjdsa - dsaoid 2023-09-11 월요일 17:34:44 520 ] CameraControl -> CameraOpen 
[ sahjdsa - dsaoid 2023-09-11 월요일 17:34:44 541 ] CameraControl -> CameraOpen 원인을 알 수 없는 에러!
[ sahjdsa - dsaoid 2023-09-11 월요일 17:34:46 206 ] ViewPage -> SelectedView_MouseDown 
[ sahjdsa - dsaoid 2023-09-11 월요일 17:34:46 543 ] ViewPage -> SelectedView_Click 
[ sahjdsa - dsaoid 2023-09-11 월요일 17:34:46 816 ] ViewPage -> SelectedView_MouseDown 
[ sahjdsa - dsaoid 2023-09-11 월요일 17:34:46 930 ] ViewPage -> SelectedView_Click 
[ sahjdsa - dsaoid 2023-09-11 월요일 17:34:54 149 ] MainForm -> MainForm_FormClosing 
[ sahjdsa - dsaoid 2023-09-11 월요일 17:34:54 162 ] ViewPage -> CameraClose 
[ sahjdsa - dsaoid 2023-09-11 월요일 17:34:54 167 ] CameraControl -> Stop 
[ sahjdsa - dsaoid 2023-09-11 월요일 17:34:54 237 ] CameraControl -> Close 
[ sahjdsa - dsaoid 2023-09-11 월요일 17:34:54 253 ] CameraControl -> Stop 
[ sahjdsa - dsaoid 2023-09-11 월요일 17:34:54 254 ] CameraControl -> Close 
[ sahjdsa - dsaoid 2023-09-11 월요일 17:34:54 255 ] CameraControl -> Stop 
[ sahjdsa - dsaoid 2023-09-11 월요일 17:34:54 255 ] CameraControl -> Close 
[ sahjdsa - dsaoid 2023-09-11 월요일 17:34:54 345 ] CameraControl -> Finalize 
[ sahjdsa - dsaoid 2023-09-11 월요일 17:34:54 346 ] CameraControl -> Close 
[ sahjdsa - dsaoid 2023-09-11 월요일 17:34:54 351 ] CameraControl -> Finalize 
[ sahjdsa - dsaoid 2023-09-11 월요일 17:34:54 351 ] CameraControl -> Close 
[ sahjdsa - dsaoid 2023-09-11 월요일 17:34:54 351 ] CameraControl -> Finalize 
[ sahjdsa - dsaoid 2023-09-11 월요일 17:34:54 351 ] CameraControl -> Close 
