[  2023-05-09 화요일 16:17:24 345 ] 파일 생성 성공
[ 호ㅓ 2023-05-09 화요일 16:17:24 344 ] Settings_Page -> XMLSave 
[ 호ㅓ 2023-05-09 화요일 16:17:26 752 ] Form1 -> NavigationClick 
[ 호ㅓ 2023-05-09 화요일 16:17:27 012 ] VideoAnalysis_Page -> VideoAnalysis_Page_Load 
[ 호ㅓ 2023-05-09 화요일 16:17:29 776 ] VideoAnalysis_Page -> VideoAnalysis_ButtonActions1 
[ 호ㅓ 2023-05-09 화요일 16:17:29 807 ] VideoAnalysis_Page -> VideoCheck_FileOpen1 
[ 호ㅓ 2023-05-09 화요일 16:17:34 935 ] VideoAnalysis_Page -> VideoAnalysis_ButtonActions2 
[ 호ㅓ 2023-05-09 화요일 16:17:34 940 ] VideoAnalysis_Page -> VideoCheck_FileOpen2 
[ 호ㅓ 2023-05-09 화요일 16:17:39 239 ] VideoAnalysis_Page -> FilterClick 
[ 호ㅓ 2023-05-09 화요일 16:17:39 643 ] VideoAnalysis_Page -> FilterSet 인덱스가 범위를 벗어났습니다. 인덱스는 음수가 아니어야 하며 컬렉션의 크기보다 작아야 합니다.
매개 변수 이름: index
[ 호ㅓ 2023-05-09 화요일 16:17:40 795 ] VideoAnalysis_Page -> FilterClick 
[ 호ㅓ 2023-05-09 화요일 16:17:41 819 ] VideoAnalysis_Page -> VideoAnalysis_ButtonActions2 
[ 호ㅓ 2023-05-09 화요일 16:17:41 821 ] VideoAnalysis_Page -> VideoCheck_Play2 
[ 호ㅓ 2023-05-09 화요일 16:17:42 985 ] VideoAnalysis_Page -> VideoAnalysis_ButtonActions1 
[ 호ㅓ 2023-05-09 화요일 16:17:42 987 ] VideoAnalysis_Page -> VideoCheck_Play1 
[ 호ㅓ 2023-05-09 화요일 16:17:43 243 ] VideoAnalysis_Page -> FilterSet 인덱스가 범위를 벗어났습니다. 인덱스는 음수가 아니어야 하며 컬렉션의 크기보다 작아야 합니다.
매개 변수 이름: index
[ 호ㅓ 2023-05-09 화요일 16:17:43 680 ] VideoAnalysis_Page -> FilterSet 인덱스가 범위를 벗어났습니다. 인덱스는 음수가 아니어야 하며 컬렉션의 크기보다 작아야 합니다.
매개 변수 이름: index
[ 호ㅓ 2023-05-09 화요일 16:17:43 952 ] VideoAnalysis_Page -> FilterSet 인덱스가 범위를 벗어났습니다. 인덱스는 음수가 아니어야 하며 컬렉션의 크기보다 작아야 합니다.
매개 변수 이름: index
[ 호ㅓ 2023-05-09 화요일 16:17:44 165 ] VideoAnalysis_Page -> FilterSet 인덱스가 범위를 벗어났습니다. 인덱스는 음수가 아니어야 하며 컬렉션의 크기보다 작아야 합니다.
매개 변수 이름: index
[ 호ㅓ 2023-05-09 화요일 16:17:44 483 ] VideoAnalysis_Page -> FilterSet 인덱스가 범위를 벗어났습니다. 인덱스는 음수가 아니어야 하며 컬렉션의 크기보다 작아야 합니다.
매개 변수 이름: index
[ 호ㅓ 2023-05-09 화요일 16:17:44 730 ] VideoAnalysis_Page -> FilterSet 인덱스가 범위를 벗어났습니다. 인덱스는 음수가 아니어야 하며 컬렉션의 크기보다 작아야 합니다.
매개 변수 이름: index
[ 호ㅓ 2023-05-09 화요일 16:17:45 033 ] VideoAnalysis_Page -> FilterSet 인덱스가 범위를 벗어났습니다. 인덱스는 음수가 아니어야 하며 컬렉션의 크기보다 작아야 합니다.
매개 변수 이름: index
[ 호ㅓ 2023-05-09 화요일 16:17:45 598 ] VideoAnalysis_Page -> FilterSet 인덱스가 범위를 벗어났습니다. 인덱스는 음수가 아니어야 하며 컬렉션의 크기보다 작아야 합니다.
매개 변수 이름: index
[ 호ㅓ 2023-05-09 화요일 16:17:45 916 ] VideoAnalysis_Page -> FilterSet 인덱스가 범위를 벗어났습니다. 인덱스는 음수가 아니어야 하며 컬렉션의 크기보다 작아야 합니다.
매개 변수 이름: index
[ 호ㅓ 2023-05-09 화요일 16:17:46 136 ] VideoAnalysis_Page -> FilterSet 인덱스가 범위를 벗어났습니다. 인덱스는 음수가 아니어야 하며 컬렉션의 크기보다 작아야 합니다.
매개 변수 이름: index
[ 호ㅓ 2023-05-09 화요일 16:17:46 389 ] VideoAnalysis_Page -> FilterSet 인덱스가 범위를 벗어났습니다. 인덱스는 음수가 아니어야 하며 컬렉션의 크기보다 작아야 합니다.
매개 변수 이름: index
[ 호ㅓ 2023-05-09 화요일 16:17:46 621 ] VideoAnalysis_Page -> FilterSet 인덱스가 범위를 벗어났습니다. 인덱스는 음수가 아니어야 하며 컬렉션의 크기보다 작아야 합니다.
매개 변수 이름: index
[ 호ㅓ 2023-05-09 화요일 16:17:46 842 ] VideoAnalysis_Page -> FilterSet 인덱스가 범위를 벗어났습니다. 인덱스는 음수가 아니어야 하며 컬렉션의 크기보다 작아야 합니다.
매개 변수 이름: index
[ 호ㅓ 2023-05-09 화요일 16:17:47 089 ] VideoAnalysis_Page -> FilterSet 인덱스가 범위를 벗어났습니다. 인덱스는 음수가 아니어야 하며 컬렉션의 크기보다 작아야 합니다.
매개 변수 이름: index
[ 호ㅓ 2023-05-09 화요일 16:17:47 333 ] VideoAnalysis_Page -> FilterSet 인덱스가 범위를 벗어났습니다. 인덱스는 음수가 아니어야 하며 컬렉션의 크기보다 작아야 합니다.
매개 변수 이름: index
[ 호ㅓ 2023-05-09 화요일 16:17:47 598 ] VideoAnalysis_Page -> FilterSet 인덱스가 범위를 벗어났습니다. 인덱스는 음수가 아니어야 하며 컬렉션의 크기보다 작아야 합니다.
매개 변수 이름: index
[ 호ㅓ 2023-05-09 화요일 16:17:47 924 ] VideoAnalysis_Page -> FilterSet 인덱스가 범위를 벗어났습니다. 인덱스는 음수가 아니어야 하며 컬렉션의 크기보다 작아야 합니다.
매개 변수 이름: index
[ 호ㅓ 2023-05-09 화요일 16:17:48 161 ] VideoAnalysis_Page -> FilterSet 인덱스가 범위를 벗어났습니다. 인덱스는 음수가 아니어야 하며 컬렉션의 크기보다 작아야 합니다.
매개 변수 이름: index
[ 호ㅓ 2023-05-09 화요일 16:17:48 398 ] VideoAnalysis_Page -> FilterSet 인덱스가 범위를 벗어났습니다. 인덱스는 음수가 아니어야 하며 컬렉션의 크기보다 작아야 합니다.
매개 변수 이름: index
[ 호ㅓ 2023-05-09 화요일 16:17:48 687 ] VideoAnalysis_Page -> FilterSet 인덱스가 범위를 벗어났습니다. 인덱스는 음수가 아니어야 하며 컬렉션의 크기보다 작아야 합니다.
매개 변수 이름: index
[ 호ㅓ 2023-05-09 화요일 16:17:48 892 ] VideoAnalysis_Page -> FilterSet 인덱스가 범위를 벗어났습니다. 인덱스는 음수가 아니어야 하며 컬렉션의 크기보다 작아야 합니다.
매개 변수 이름: index
[ 호ㅓ 2023-05-09 화요일 16:17:49 108 ] VideoAnalysis_Page -> FilterSet 인덱스가 범위를 벗어났습니다. 인덱스는 음수가 아니어야 하며 컬렉션의 크기보다 작아야 합니다.
매개 변수 이름: index
[ 호ㅓ 2023-05-09 화요일 16:17:49 351 ] VideoAnalysis_Page -> FilterSet 인덱스가 범위를 벗어났습니다. 인덱스는 음수가 아니어야 하며 컬렉션의 크기보다 작아야 합니다.
매개 변수 이름: index
[ 호ㅓ 2023-05-09 화요일 16:17:49 761 ] VideoAnalysis_Page -> FilterSet 인덱스가 범위를 벗어났습니다. 인덱스는 음수가 아니어야 하며 컬렉션의 크기보다 작아야 합니다.
매개 변수 이름: index
[ 호ㅓ 2023-05-09 화요일 16:17:50 004 ] VideoAnalysis_Page -> FilterSet 인덱스가 범위를 벗어났습니다. 인덱스는 음수가 아니어야 하며 컬렉션의 크기보다 작아야 합니다.
매개 변수 이름: index
[ 호ㅓ 2023-05-09 화요일 16:17:50 155 ] VideoAnalysis_Page -> FilterSet 인덱스가 범위를 벗어났습니다. 인덱스는 음수가 아니어야 하며 컬렉션의 크기보다 작아야 합니다.
매개 변수 이름: index
[ 호ㅓ 2023-05-09 화요일 16:17:50 422 ] VideoAnalysis_Page -> FilterSet 인덱스가 범위를 벗어났습니다. 인덱스는 음수가 아니어야 하며 컬렉션의 크기보다 작아야 합니다.
매개 변수 이름: index
[ 호ㅓ 2023-05-09 화요일 16:17:50 655 ] VideoAnalysis_Page -> FilterSet 인덱스가 범위를 벗어났습니다. 인덱스는 음수가 아니어야 하며 컬렉션의 크기보다 작아야 합니다.
매개 변수 이름: index
[ 호ㅓ 2023-05-09 화요일 16:17:50 900 ] VideoAnalysis_Page -> FilterSet 인덱스가 범위를 벗어났습니다. 인덱스는 음수가 아니어야 하며 컬렉션의 크기보다 작아야 합니다.
매개 변수 이름: index
[ 호ㅓ 2023-05-09 화요일 16:17:51 071 ] VideoAnalysis_Page -> VideoAnalysis_ButtonActions2 
[ 호ㅓ 2023-05-09 화요일 16:17:51 086 ] VideoAnalysis_Page -> VideoCheck_Stop2 
[ 호ㅓ 2023-05-09 화요일 16:17:51 346 ] VideoAnalysis_Page -> FilterSet 인덱스가 범위를 벗어났습니다. 인덱스는 음수가 아니어야 하며 컬렉션의 크기보다 작아야 합니다.
매개 변수 이름: index
[ 호ㅓ 2023-05-09 화요일 16:17:51 594 ] VideoAnalysis_Page -> FilterSet 인덱스가 범위를 벗어났습니다. 인덱스는 음수가 아니어야 하며 컬렉션의 크기보다 작아야 합니다.
매개 변수 이름: index
[ 호ㅓ 2023-05-09 화요일 16:17:51 751 ] VideoAnalysis_Page -> FilterSet 인덱스가 범위를 벗어났습니다. 인덱스는 음수가 아니어야 하며 컬렉션의 크기보다 작아야 합니다.
매개 변수 이름: index
[ 호ㅓ 2023-05-09 화요일 16:17:51 882 ] VideoAnalysis_Page -> FilterSet 인덱스가 범위를 벗어났습니다. 인덱스는 음수가 아니어야 하며 컬렉션의 크기보다 작아야 합니다.
매개 변수 이름: index
[ 호ㅓ 2023-05-09 화요일 16:17:52 033 ] VideoAnalysis_Page -> FilterSet 인덱스가 범위를 벗어났습니다. 인덱스는 음수가 아니어야 하며 컬렉션의 크기보다 작아야 합니다.
매개 변수 이름: index
[ 호ㅓ 2023-05-09 화요일 16:17:52 178 ] VideoAnalysis_Page -> FilterSet 인덱스가 범위를 벗어났습니다. 인덱스는 음수가 아니어야 하며 컬렉션의 크기보다 작아야 합니다.
매개 변수 이름: index
[ 호ㅓ 2023-05-09 화요일 16:17:52 390 ] VideoAnalysis_Page -> FilterSet 인덱스가 범위를 벗어났습니다. 인덱스는 음수가 아니어야 하며 컬렉션의 크기보다 작아야 합니다.
매개 변수 이름: index
[ 호ㅓ 2023-05-09 화요일 16:17:52 545 ] VideoAnalysis_Page -> FilterSet 인덱스가 범위를 벗어났습니다. 인덱스는 음수가 아니어야 하며 컬렉션의 크기보다 작아야 합니다.
매개 변수 이름: index
[ 호ㅓ 2023-05-09 화요일 16:17:52 689 ] VideoAnalysis_Page -> FilterSet 인덱스가 범위를 벗어났습니다. 인덱스는 음수가 아니어야 하며 컬렉션의 크기보다 작아야 합니다.
매개 변수 이름: index
[ 호ㅓ 2023-05-09 화요일 16:17:55 535 ] VideoAnalysis_Page -> VideoAnalysis_ButtonActions2 
[ 호ㅓ 2023-05-09 화요일 16:17:55 542 ] VideoAnalysis_Page -> VideoCheck_Play2 
[ 호ㅓ 2023-05-09 화요일 16:17:57 118 ] VideoAnalysis_Page -> FilterSet 인덱스가 범위를 벗어났습니다. 인덱스는 음수가 아니어야 하며 컬렉션의 크기보다 작아야 합니다.
매개 변수 이름: index
[ 호ㅓ 2023-05-09 화요일 16:17:57 401 ] VideoAnalysis_Page -> FilterSet 인덱스가 범위를 벗어났습니다. 인덱스는 음수가 아니어야 하며 컬렉션의 크기보다 작아야 합니다.
매개 변수 이름: index
[ 호ㅓ 2023-05-09 화요일 16:17:57 623 ] VideoAnalysis_Page -> FilterSet 인덱스가 범위를 벗어났습니다. 인덱스는 음수가 아니어야 하며 컬렉션의 크기보다 작아야 합니다.
매개 변수 이름: index
[ 호ㅓ 2023-05-09 화요일 16:17:58 015 ] VideoAnalysis_Page -> FilterSet 인덱스가 범위를 벗어났습니다. 인덱스는 음수가 아니어야 하며 컬렉션의 크기보다 작아야 합니다.
매개 변수 이름: index
[ 호ㅓ 2023-05-09 화요일 16:17:58 239 ] VideoAnalysis_Page -> FilterSet 인덱스가 범위를 벗어났습니다. 인덱스는 음수가 아니어야 하며 컬렉션의 크기보다 작아야 합니다.
매개 변수 이름: index
[ 호ㅓ 2023-05-09 화요일 16:17:58 572 ] VideoAnalysis_Page -> FilterSet 인덱스가 범위를 벗어났습니다. 인덱스는 음수가 아니어야 하며 컬렉션의 크기보다 작아야 합니다.
매개 변수 이름: index
[ 호ㅓ 2023-05-09 화요일 16:17:58 821 ] VideoAnalysis_Page -> FilterSet 인덱스가 범위를 벗어났습니다. 인덱스는 음수가 아니어야 하며 컬렉션의 크기보다 작아야 합니다.
매개 변수 이름: index
[ 호ㅓ 2023-05-09 화요일 16:17:58 986 ] VideoAnalysis_Page -> FilterSet 인덱스가 범위를 벗어났습니다. 인덱스는 음수가 아니어야 하며 컬렉션의 크기보다 작아야 합니다.
매개 변수 이름: index
[ 호ㅓ 2023-05-09 화요일 16:17:59 200 ] VideoAnalysis_Page -> FilterSet 인덱스가 범위를 벗어났습니다. 인덱스는 음수가 아니어야 하며 컬렉션의 크기보다 작아야 합니다.
매개 변수 이름: index
[ 호ㅓ 2023-05-09 화요일 16:17:59 438 ] VideoAnalysis_Page -> FilterSet 인덱스가 범위를 벗어났습니다. 인덱스는 음수가 아니어야 하며 컬렉션의 크기보다 작아야 합니다.
매개 변수 이름: index
[ 호ㅓ 2023-05-09 화요일 16:17:59 637 ] VideoAnalysis_Page -> FilterSet 인덱스가 범위를 벗어났습니다. 인덱스는 음수가 아니어야 하며 컬렉션의 크기보다 작아야 합니다.
매개 변수 이름: index
[ 호ㅓ 2023-05-09 화요일 16:17:59 883 ] VideoAnalysis_Page -> FilterSet 인덱스가 범위를 벗어났습니다. 인덱스는 음수가 아니어야 하며 컬렉션의 크기보다 작아야 합니다.
매개 변수 이름: index
[ 호ㅓ 2023-05-09 화요일 16:18:00 103 ] VideoAnalysis_Page -> FilterSet 인덱스가 범위를 벗어났습니다. 인덱스는 음수가 아니어야 하며 컬렉션의 크기보다 작아야 합니다.
매개 변수 이름: index
[ 호ㅓ 2023-05-09 화요일 16:18:00 420 ] VideoAnalysis_Page -> FilterSet 인덱스가 범위를 벗어났습니다. 인덱스는 음수가 아니어야 하며 컬렉션의 크기보다 작아야 합니다.
매개 변수 이름: index
[ 호ㅓ 2023-05-09 화요일 16:18:00 561 ] VideoAnalysis_Page -> FilterSet 인덱스가 범위를 벗어났습니다. 인덱스는 음수가 아니어야 하며 컬렉션의 크기보다 작아야 합니다.
매개 변수 이름: index
[ 호ㅓ 2023-05-09 화요일 16:18:00 801 ] VideoAnalysis_Page -> FilterSet 인덱스가 범위를 벗어났습니다. 인덱스는 음수가 아니어야 하며 컬렉션의 크기보다 작아야 합니다.
매개 변수 이름: index
[ 호ㅓ 2023-05-09 화요일 16:18:00 925 ] VideoAnalysis_Page -> VideoAnalysis_ButtonActions2 
[ 호ㅓ 2023-05-09 화요일 16:18:00 930 ] VideoAnalysis_Page -> VideoCheck_Play2 
[ 호ㅓ 2023-05-09 화요일 16:18:01 068 ] VideoAnalysis_Page -> FilterSet 인덱스가 범위를 벗어났습니다. 인덱스는 음수가 아니어야 하며 컬렉션의 크기보다 작아야 합니다.
매개 변수 이름: index
[ 호ㅓ 2023-05-09 화요일 16:18:01 279 ] VideoAnalysis_Page -> FilterSet 인덱스가 범위를 벗어났습니다. 인덱스는 음수가 아니어야 하며 컬렉션의 크기보다 작아야 합니다.
매개 변수 이름: index
[ 호ㅓ 2023-05-09 화요일 16:18:01 453 ] VideoAnalysis_Page -> FilterSet 인덱스가 범위를 벗어났습니다. 인덱스는 음수가 아니어야 하며 컬렉션의 크기보다 작아야 합니다.
매개 변수 이름: index
[ 호ㅓ 2023-05-09 화요일 16:18:01 592 ] VideoAnalysis_Page -> FilterSet 인덱스가 범위를 벗어났습니다. 인덱스는 음수가 아니어야 하며 컬렉션의 크기보다 작아야 합니다.
매개 변수 이름: index
[ 호ㅓ 2023-05-09 화요일 16:18:01 712 ] VideoAnalysis_Page -> FilterSet 인덱스가 범위를 벗어났습니다. 인덱스는 음수가 아니어야 하며 컬렉션의 크기보다 작아야 합니다.
매개 변수 이름: index
[ 호ㅓ 2023-05-09 화요일 16:18:01 865 ] VideoAnalysis_Page -> FilterSet 인덱스가 범위를 벗어났습니다. 인덱스는 음수가 아니어야 하며 컬렉션의 크기보다 작아야 합니다.
매개 변수 이름: index
[ 호ㅓ 2023-05-09 화요일 16:18:02 023 ] VideoAnalysis_Page -> FilterSet 인덱스가 범위를 벗어났습니다. 인덱스는 음수가 아니어야 하며 컬렉션의 크기보다 작아야 합니다.
매개 변수 이름: index
[ 호ㅓ 2023-05-09 화요일 16:18:02 168 ] VideoAnalysis_Page -> FilterSet 인덱스가 범위를 벗어났습니다. 인덱스는 음수가 아니어야 하며 컬렉션의 크기보다 작아야 합니다.
매개 변수 이름: index
[ 호ㅓ 2023-05-09 화요일 16:18:02 334 ] VideoAnalysis_Page -> FilterSet 인덱스가 범위를 벗어났습니다. 인덱스는 음수가 아니어야 하며 컬렉션의 크기보다 작아야 합니다.
매개 변수 이름: index
[ 호ㅓ 2023-05-09 화요일 16:18:02 491 ] VideoAnalysis_Page -> FilterSet 인덱스가 범위를 벗어났습니다. 인덱스는 음수가 아니어야 하며 컬렉션의 크기보다 작아야 합니다.
매개 변수 이름: index
[ 호ㅓ 2023-05-09 화요일 16:18:02 630 ] VideoAnalysis_Page -> FilterSet 인덱스가 범위를 벗어났습니다. 인덱스는 음수가 아니어야 하며 컬렉션의 크기보다 작아야 합니다.
매개 변수 이름: index
[ 호ㅓ 2023-05-09 화요일 16:18:02 781 ] VideoAnalysis_Page -> FilterSet 인덱스가 범위를 벗어났습니다. 인덱스는 음수가 아니어야 하며 컬렉션의 크기보다 작아야 합니다.
매개 변수 이름: index
[ 호ㅓ 2023-05-09 화요일 16:18:02 937 ] VideoAnalysis_Page -> FilterSet 인덱스가 범위를 벗어났습니다. 인덱스는 음수가 아니어야 하며 컬렉션의 크기보다 작아야 합니다.
매개 변수 이름: index
[ 호ㅓ 2023-05-09 화요일 16:18:03 077 ] VideoAnalysis_Page -> FilterSet 인덱스가 범위를 벗어났습니다. 인덱스는 음수가 아니어야 하며 컬렉션의 크기보다 작아야 합니다.
매개 변수 이름: index
[ 호ㅓ 2023-05-09 화요일 16:18:03 238 ] VideoAnalysis_Page -> FilterSet 인덱스가 범위를 벗어났습니다. 인덱스는 음수가 아니어야 하며 컬렉션의 크기보다 작아야 합니다.
매개 변수 이름: index
[ 호ㅓ 2023-05-09 화요일 16:18:03 443 ] VideoAnalysis_Page -> FilterSet 인덱스가 범위를 벗어났습니다. 인덱스는 음수가 아니어야 하며 컬렉션의 크기보다 작아야 합니다.
매개 변수 이름: index
[ 호ㅓ 2023-05-09 화요일 16:18:03 589 ] VideoAnalysis_Page -> FilterSet 인덱스가 범위를 벗어났습니다. 인덱스는 음수가 아니어야 하며 컬렉션의 크기보다 작아야 합니다.
매개 변수 이름: index
[ 호ㅓ 2023-05-09 화요일 16:18:03 724 ] VideoAnalysis_Page -> FilterSet 인덱스가 범위를 벗어났습니다. 인덱스는 음수가 아니어야 하며 컬렉션의 크기보다 작아야 합니다.
매개 변수 이름: index
[ 호ㅓ 2023-05-09 화요일 16:18:03 870 ] VideoAnalysis_Page -> FilterSet 인덱스가 범위를 벗어났습니다. 인덱스는 음수가 아니어야 하며 컬렉션의 크기보다 작아야 합니다.
매개 변수 이름: index
[ 호ㅓ 2023-05-09 화요일 16:18:04 026 ] VideoAnalysis_Page -> FilterSet 인덱스가 범위를 벗어났습니다. 인덱스는 음수가 아니어야 하며 컬렉션의 크기보다 작아야 합니다.
매개 변수 이름: index
[ 호ㅓ 2023-05-09 화요일 16:18:04 175 ] VideoAnalysis_Page -> FilterSet 인덱스가 범위를 벗어났습니다. 인덱스는 음수가 아니어야 하며 컬렉션의 크기보다 작아야 합니다.
매개 변수 이름: index
[ 호ㅓ 2023-05-09 화요일 16:18:04 337 ] VideoAnalysis_Page -> FilterSet 인덱스가 범위를 벗어났습니다. 인덱스는 음수가 아니어야 하며 컬렉션의 크기보다 작아야 합니다.
매개 변수 이름: index
[ 호ㅓ 2023-05-09 화요일 16:18:04 476 ] VideoAnalysis_Page -> FilterSet 인덱스가 범위를 벗어났습니다. 인덱스는 음수가 아니어야 하며 컬렉션의 크기보다 작아야 합니다.
매개 변수 이름: index
[ 호ㅓ 2023-05-09 화요일 16:18:04 633 ] VideoAnalysis_Page -> FilterSet 인덱스가 범위를 벗어났습니다. 인덱스는 음수가 아니어야 하며 컬렉션의 크기보다 작아야 합니다.
매개 변수 이름: index
[ 호ㅓ 2023-05-09 화요일 16:18:04 656 ] VideoAnalysis_Page -> VideoAnalysis_ButtonActions2 
[ 호ㅓ 2023-05-09 화요일 16:18:04 657 ] VideoAnalysis_Page -> VideoCheck_Play2 
[ 호ㅓ 2023-05-09 화요일 16:18:04 864 ] VideoAnalysis_Page -> FilterSet 인덱스가 범위를 벗어났습니다. 인덱스는 음수가 아니어야 하며 컬렉션의 크기보다 작아야 합니다.
매개 변수 이름: index
[ 호ㅓ 2023-05-09 화요일 16:18:05 006 ] VideoAnalysis_Page -> FilterSet 인덱스가 범위를 벗어났습니다. 인덱스는 음수가 아니어야 하며 컬렉션의 크기보다 작아야 합니다.
매개 변수 이름: index
[ 호ㅓ 2023-05-09 화요일 16:18:05 238 ] VideoAnalysis_Page -> FilterSet 인덱스가 범위를 벗어났습니다. 인덱스는 음수가 아니어야 하며 컬렉션의 크기보다 작아야 합니다.
매개 변수 이름: index
[ 호ㅓ 2023-05-09 화요일 16:18:05 532 ] VideoAnalysis_Page -> FilterSet 인덱스가 범위를 벗어났습니다. 인덱스는 음수가 아니어야 하며 컬렉션의 크기보다 작아야 합니다.
매개 변수 이름: index
[ 호ㅓ 2023-05-09 화요일 16:18:05 668 ] VideoAnalysis_Page -> FilterSet 인덱스가 범위를 벗어났습니다. 인덱스는 음수가 아니어야 하며 컬렉션의 크기보다 작아야 합니다.
매개 변수 이름: index
[ 호ㅓ 2023-05-09 화요일 16:18:05 899 ] VideoAnalysis_Page -> FilterSet 인덱스가 범위를 벗어났습니다. 인덱스는 음수가 아니어야 하며 컬렉션의 크기보다 작아야 합니다.
매개 변수 이름: index
[ 호ㅓ 2023-05-09 화요일 16:18:06 174 ] VideoAnalysis_Page -> FilterSet 인덱스가 범위를 벗어났습니다. 인덱스는 음수가 아니어야 하며 컬렉션의 크기보다 작아야 합니다.
매개 변수 이름: index
[ 호ㅓ 2023-05-09 화요일 16:18:06 475 ] VideoAnalysis_Page -> FilterSet 인덱스가 범위를 벗어났습니다. 인덱스는 음수가 아니어야 하며 컬렉션의 크기보다 작아야 합니다.
매개 변수 이름: index
[ 호ㅓ 2023-05-09 화요일 16:18:06 695 ] VideoAnalysis_Page -> FilterSet 인덱스가 범위를 벗어났습니다. 인덱스는 음수가 아니어야 하며 컬렉션의 크기보다 작아야 합니다.
매개 변수 이름: index
[ 호ㅓ 2023-05-09 화요일 16:18:06 897 ] VideoAnalysis_Page -> FilterSet 인덱스가 범위를 벗어났습니다. 인덱스는 음수가 아니어야 하며 컬렉션의 크기보다 작아야 합니다.
매개 변수 이름: index
[ 호ㅓ 2023-05-09 화요일 16:18:07 101 ] VideoAnalysis_Page -> FilterSet 인덱스가 범위를 벗어났습니다. 인덱스는 음수가 아니어야 하며 컬렉션의 크기보다 작아야 합니다.
매개 변수 이름: index
[ 호ㅓ 2023-05-09 화요일 16:18:07 353 ] VideoAnalysis_Page -> FilterSet 인덱스가 범위를 벗어났습니다. 인덱스는 음수가 아니어야 하며 컬렉션의 크기보다 작아야 합니다.
매개 변수 이름: index
[ 호ㅓ 2023-05-09 화요일 16:18:07 577 ] VideoAnalysis_Page -> FilterSet 인덱스가 범위를 벗어났습니다. 인덱스는 음수가 아니어야 하며 컬렉션의 크기보다 작아야 합니다.
매개 변수 이름: index
[ 호ㅓ 2023-05-09 화요일 16:18:07 770 ] VideoAnalysis_Page -> FilterSet 인덱스가 범위를 벗어났습니다. 인덱스는 음수가 아니어야 하며 컬렉션의 크기보다 작아야 합니다.
매개 변수 이름: index
[ 호ㅓ 2023-05-09 화요일 16:18:07 975 ] VideoAnalysis_Page -> FilterSet 인덱스가 범위를 벗어났습니다. 인덱스는 음수가 아니어야 하며 컬렉션의 크기보다 작아야 합니다.
매개 변수 이름: index
[ 호ㅓ 2023-05-09 화요일 16:18:08 217 ] VideoAnalysis_Page -> FilterSet 인덱스가 범위를 벗어났습니다. 인덱스는 음수가 아니어야 하며 컬렉션의 크기보다 작아야 합니다.
매개 변수 이름: index
[ 호ㅓ 2023-05-09 화요일 16:18:08 477 ] VideoAnalysis_Page -> FilterSet 인덱스가 범위를 벗어났습니다. 인덱스는 음수가 아니어야 하며 컬렉션의 크기보다 작아야 합니다.
매개 변수 이름: index
[ 호ㅓ 2023-05-09 화요일 16:18:08 625 ] VideoAnalysis_Page -> VideoAnalysis_ButtonActions1 
[ 호ㅓ 2023-05-09 화요일 16:18:08 627 ] VideoAnalysis_Page -> VideoCheck_Play1 
[ 호ㅓ 2023-05-09 화요일 16:18:08 734 ] VideoAnalysis_Page -> FilterSet 인덱스가 범위를 벗어났습니다. 인덱스는 음수가 아니어야 하며 컬렉션의 크기보다 작아야 합니다.
매개 변수 이름: index
[ 호ㅓ 2023-05-09 화요일 16:18:11 439 ] VideoAnalysis_Page -> VideoAnalysis_ButtonActions2 
[ 호ㅓ 2023-05-09 화요일 16:18:11 440 ] VideoAnalysis_Page -> VideoCheck_Play2 
[ 호ㅓ 2023-05-09 화요일 16:18:12 997 ] Form1 -> Form1_FormClosing 
[ 호ㅓ 2023-05-09 화요일 16:18:13 007 ] RealTimeView_Page -> CameraClose 
[ 호ㅓ 2023-05-09 화요일 16:18:13 029 ] CameraControl -> Stop 
[ 호ㅓ 2023-05-09 화요일 16:18:14 504 ] CameraControl -> Close 
[ 호ㅓ 2023-05-09 화요일 16:18:14 566 ] CameraControl -> Stop 
[ 호ㅓ 2023-05-09 화요일 16:18:15 905 ] CameraControl -> Close 
[ 호ㅓ 2023-05-09 화요일 16:18:15 941 ] CameraControl -> Stop 
[ 호ㅓ 2023-05-09 화요일 16:18:16 266 ] CameraControl -> Close 
[ 호ㅓ 2023-05-09 화요일 16:18:16 305 ] VideoCheck_Page -> VideoClose 
[ 호ㅓ 2023-05-09 화요일 16:18:16 306 ] VideoAnalysis_Page -> VideoClose 
[ 호ㅓ 2023-05-09 화요일 16:18:16 980 ] CameraControl -> Finalize 
[ 호ㅓ 2023-05-09 화요일 16:18:16 981 ] CameraControl -> Close 
[ 호ㅓ 2023-05-09 화요일 16:18:16 988 ] CameraControl -> Finalize 
[ 호ㅓ 2023-05-09 화요일 16:18:16 988 ] CameraControl -> Close 
[ 호ㅓ 2023-05-09 화요일 16:18:16 991 ] CameraControl -> Finalize 
[ 호ㅓ 2023-05-09 화요일 16:18:16 991 ] CameraControl -> Close 
