[  2023-08-23 수요일 09:59:00 414 ] 파일 생성 성공
[ default 2023-08-23 수요일 09:59:00 414 ] 프로그램 시작
[ default 2023-08-23 수요일 09:59:00 605 ] LoginForm -> Form1_Load 
[ default 2023-08-23 수요일 16:04:00 768 ] 프로그램 시작
[ default 2023-08-23 수요일 16:04:01 061 ] LoginForm -> Form1_Load 
[ default 2023-08-23 수요일 16:04:03 915 ] LoginForm -> Start_Click 
[ default 2023-08-23 수요일 16:04:04 011 ] 프로그램 시작
[ default 2023-08-23 수요일 16:05:33 509 ] 프로그램 시작
[ default 2023-08-23 수요일 16:05:33 741 ] LoginForm -> Form1_Load 
[ default 2023-08-23 수요일 16:05:34 951 ] LoginForm -> Start_Click 
[ default 2023-08-23 수요일 16:05:35 042 ] 프로그램 시작
[ default 2023-08-23 수요일 16:10:00 040 ] 프로그램 시작
[ default 2023-08-23 수요일 16:10:00 432 ] LoginForm -> Form1_Load 
[ default 2023-08-23 수요일 16:10:01 874 ] LoginForm -> Start_Click 
[ default 2023-08-23 수요일 16:10:01 980 ] 프로그램 시작
[ default 2023-08-23 수요일 17:12:46 953 ] 프로그램 시작
[ default 2023-08-23 수요일 17:12:47 233 ] LoginForm -> Form1_Load 
[ default 2023-08-23 수요일 17:13:03 253 ] 프로그램 시작
[ default 2023-08-23 수요일 17:13:03 529 ] LoginForm -> Form1_Load 
[ default 2023-08-23 수요일 17:13:33 029 ] 프로그램 시작
[ default 2023-08-23 수요일 17:13:36 664 ] LoginForm -> Form1_Load 
[ default 2023-08-23 수요일 17:13:48 160 ] 프로그램 시작
[ default 2023-08-23 수요일 17:13:51 761 ] LoginForm -> Form1_Load 
[ default 2023-08-23 수요일 17:13:57 440 ] 프로그램 시작
[ default 2023-08-23 수요일 17:14:00 973 ] LoginForm -> Form1_Load 
[ default 2023-08-23 수요일 17:14:12 201 ] 프로그램 시작
[ default 2023-08-23 수요일 17:14:15 781 ] LoginForm -> Form1_Load 
[ default 2023-08-23 수요일 17:14:17 588 ] LoginForm -> UserInputCheck 
[ default 2023-08-23 수요일 17:14:18 679 ] LoginForm -> UserInputCheck 
[ default 2023-08-23 수요일 17:14:19 940 ] LoginForm -> PlaceInputCheck 
[ default 2023-08-23 수요일 17:14:20 589 ] LoginForm -> PlaceInputCheck 
[ default 2023-08-23 수요일 17:14:21 703 ] LoginForm -> PlaceInputCheck 
[ default 2023-08-23 수요일 17:14:22 325 ] LoginForm -> PlaceInputCheck 
[ default 2023-08-23 수요일 17:15:35 620 ] 프로그램 시작
[ default 2023-08-23 수요일 17:15:39 314 ] LoginForm -> Form1_Load 
[ default 2023-08-23 수요일 17:15:48 758 ] LoginForm -> UserInputCheck 
[ default 2023-08-23 수요일 17:15:49 068 ] LoginForm -> UserInputCheck 
[ default 2023-08-23 수요일 17:15:50 103 ] LoginForm -> PlaceInputCheck 
[ default 2023-08-23 수요일 17:15:50 292 ] LoginForm -> PlaceInputCheck 
[ default 2023-08-23 수요일 17:16:37 225 ] LoginForm -> Start_Click 
[ default 2023-08-23 수요일 17:16:37 328 ] 프로그램 시작
