[ default 2023-04-26 수요일 15:35:31 043 ] 프로그램 시작
[ default 2023-04-26 수요일 15:35:33 523 ] Form1 -> Form1_Shown 
[ default 2023-04-26 수요일 15:35:34 556 ] RealTimeView_Page -> PanelSettings 
[ default 2023-04-26 수요일 15:35:34 909 ] RealTimeView_Page -> RealTimeView_Page_Load 
[ default 2023-04-26 수요일 15:35:34 910 ] RealTimeView_Page -> VideoSetLoad 
[ default 2023-04-26 수요일 15:35:34 911 ] CameraControl -> CameraOpen 
[ default 2023-04-26 수요일 15:35:35 166 ] CameraControl -> open 
[ default 2023-04-26 수요일 15:35:35 203 ] RealTimeView_Page -> CreateBitmap 
[ default 2023-04-26 수요일 15:35:35 216 ] CameraControl -> SetEnableImageCallback 
[ default 2023-04-26 수요일 15:35:35 233 ] CameraControl -> Start 
[ default 2023-04-26 수요일 15:35:35 290 ] CameraControl -> CameraOpen 
[ default 2023-04-26 수요일 15:35:35 547 ] CameraControl -> open 
[ default 2023-04-26 수요일 15:35:35 557 ] RealTimeView_Page -> CreateBitmap 
[ default 2023-04-26 수요일 15:35:35 565 ] CameraControl -> SetEnableImageCallback 
[ default 2023-04-26 수요일 15:35:35 568 ] CameraControl -> Start 
[ default 2023-04-26 수요일 15:35:35 651 ] CameraControl -> CameraOpen 
[ default 2023-04-26 수요일 15:35:36 179 ] CameraControl -> open 
[ default 2023-04-26 수요일 15:35:36 196 ] RealTimeView_Page -> CreateBitmap 
[ default 2023-04-26 수요일 15:35:36 202 ] CameraControl -> SetEnableImageCallback 
[ default 2023-04-26 수요일 15:35:36 205 ] CameraControl -> Start 
[ default 2023-04-26 수요일 15:35:36 305 ] Settings_Page -> XMLSave 
[ default 2023-04-26 수요일 15:35:36 347 ] VideoCheck_Page -> PanelSettings 
[ default 2023-04-26 수요일 15:35:36 486 ] VideoAnalysis_Page -> PanelSettings 
[ default 2023-04-26 수요일 15:35:42 062 ] Settings_Page -> WorkUserChange 
[ default 2023-04-26 수요일 15:35:42 452 ] Settings_Page -> WorkUserChange 
[ default 2023-04-26 수요일 15:35:43 529 ] Settings_Page -> WorkUserChange 
[ default 2023-04-26 수요일 15:35:43 910 ] Settings_Page -> WorkUserChange 
[ default 2023-04-26 수요일 15:35:44 036 ] Settings_Page -> WorkUserChange 
[ default 2023-04-26 수요일 15:35:44 691 ] Settings_Page -> WorkUserChange 
[ default 2023-04-26 수요일 15:35:44 692 ] Settings_Page -> WorkUserChange 
[ default 2023-04-26 수요일 15:35:44 694 ] Settings_Page -> WorkUserChange 
[ default 2023-04-26 수요일 15:35:44 884 ] Settings_Page -> WorkUserChange 
[ default 2023-04-26 수요일 15:35:45 052 ] Settings_Page -> WorkUserChange 
[ default 2023-04-26 수요일 15:35:45 292 ] Settings_Page -> WorkUserChange 
[ default 2023-04-26 수요일 15:35:45 293 ] Settings_Page -> WorkUserChange 
[ default 2023-04-26 수요일 15:35:45 295 ] Settings_Page -> WorkUserChange 
[ default 2023-04-26 수요일 15:35:45 436 ] Settings_Page -> WorkUserChange 
[ default 2023-04-26 수요일 15:35:45 732 ] Settings_Page -> WorkUserChange 
[ default 2023-04-26 수요일 15:35:46 590 ] Settings_Page -> WorkUserChange 
[ default 2023-04-26 수요일 15:35:46 591 ] Settings_Page -> WorkUserChange 
[ default 2023-04-26 수요일 15:35:49 765 ] Settings_Page -> WorkTargetChange 
[ default 2023-04-26 수요일 15:35:49 860 ] Settings_Page -> WorkTargetChange 
[ default 2023-04-26 수요일 15:35:49 973 ] Settings_Page -> WorkTargetChange 
[ default 2023-04-26 수요일 15:35:50 051 ] Settings_Page -> WorkTargetChange 
[ default 2023-04-26 수요일 15:35:50 054 ] Settings_Page -> WorkTargetChange 
[ default 2023-04-26 수요일 15:35:50 055 ] Settings_Page -> WorkTargetChange 
[ default 2023-04-26 수요일 15:35:50 269 ] Settings_Page -> WorkTargetChange 
[ default 2023-04-26 수요일 15:35:50 380 ] Settings_Page -> WorkTargetChange 
[ default 2023-04-26 수요일 15:35:50 381 ] Settings_Page -> WorkTargetChange 
[ default 2023-04-26 수요일 15:35:50 383 ] Settings_Page -> WorkTargetChange 
[ default 2023-04-26 수요일 15:35:50 475 ] Settings_Page -> WorkTargetChange 
[ default 2023-04-26 수요일 15:35:50 477 ] Settings_Page -> WorkTargetChange 
[ default 2023-04-26 수요일 15:35:50 479 ] Settings_Page -> WorkTargetChange 
[ default 2023-04-26 수요일 15:35:50 708 ] Settings_Page -> WorkTargetChange 
[ default 2023-04-26 수요일 15:35:50 812 ] Settings_Page -> WorkTargetChange 
[ default 2023-04-26 수요일 15:35:50 916 ] Settings_Page -> WorkTargetChange 
[ default 2023-04-26 수요일 15:35:50 996 ] Settings_Page -> WorkTargetChange 
[ default 2023-04-26 수요일 15:35:50 997 ] Settings_Page -> WorkTargetChange 
[ default 2023-04-26 수요일 15:35:50 998 ] Settings_Page -> WorkTargetChange 
[ default 2023-04-26 수요일 15:35:51 156 ] Settings_Page -> WorkTargetChange 
[ default 2023-04-26 수요일 15:35:51 245 ] Settings_Page -> WorkTargetChange 
[ default 2023-04-26 수요일 15:35:51 247 ] Settings_Page -> WorkTargetChange 
[ default 2023-04-26 수요일 15:35:51 251 ] Settings_Page -> WorkTargetChange 
[ default 2023-04-26 수요일 15:35:51 625 ] Settings_Page -> WorkTargetChange 
[ default 2023-04-26 수요일 15:35:51 723 ] Settings_Page -> WorkTargetChange 
[ default 2023-04-26 수요일 15:35:51 726 ] Settings_Page -> WorkTargetChange 
[ default 2023-04-26 수요일 15:35:51 727 ] Settings_Page -> WorkTargetChange 
[ default 2023-04-26 수요일 15:35:51 943 ] Settings_Page -> WorkTargetChange 
[ default 2023-04-26 수요일 15:35:52 037 ] Settings_Page -> WorkTargetChange 
[ default 2023-04-26 수요일 15:35:52 039 ] Settings_Page -> WorkTargetChange 
[ default 2023-04-26 수요일 15:35:52 041 ] Settings_Page -> WorkTargetChange 
[ default 2023-04-26 수요일 15:35:53 458 ] Settings_Page -> WorkTargetChange 
[ default 2023-04-26 수요일 15:35:53 461 ] Settings_Page -> WorkTargetChange 
[ default 2023-04-26 수요일 15:35:53 569 ] Settings_Page -> WorkUserSet 
[ default 2023-04-26 수요일 16:02:18 567 ] 프로그램 시작
[ default 2023-04-26 수요일 16:02:20 961 ] Form1 -> Form1_Shown 
[ default 2023-04-26 수요일 16:02:21 533 ] RealTimeView_Page -> PanelSettings 
[ default 2023-04-26 수요일 16:02:21 870 ] RealTimeView_Page -> RealTimeView_Page_Load 
[ default 2023-04-26 수요일 16:02:21 871 ] RealTimeView_Page -> VideoSetLoad 
[ default 2023-04-26 수요일 16:02:21 873 ] CameraControl -> CameraOpen 
[ default 2023-04-26 수요일 16:02:22 140 ] CameraControl -> open 
[ default 2023-04-26 수요일 16:02:22 172 ] RealTimeView_Page -> CreateBitmap 
[ default 2023-04-26 수요일 16:02:22 185 ] CameraControl -> SetEnableImageCallback 
[ default 2023-04-26 수요일 16:02:22 197 ] CameraControl -> Start 
[ default 2023-04-26 수요일 16:02:22 249 ] CameraControl -> CameraOpen 
[ default 2023-04-26 수요일 16:02:22 588 ] CameraControl -> open 
[ default 2023-04-26 수요일 16:02:22 602 ] RealTimeView_Page -> CreateBitmap 
[ default 2023-04-26 수요일 16:02:22 611 ] CameraControl -> SetEnableImageCallback 
[ default 2023-04-26 수요일 16:02:22 615 ] CameraControl -> Start 
[ default 2023-04-26 수요일 16:02:22 712 ] CameraControl -> CameraOpen 
[ default 2023-04-26 수요일 16:02:23 060 ] CameraControl -> open 
[ default 2023-04-26 수요일 16:02:23 080 ] RealTimeView_Page -> CreateBitmap 
[ default 2023-04-26 수요일 16:02:23 089 ] CameraControl -> SetEnableImageCallback 
[ default 2023-04-26 수요일 16:02:23 091 ] CameraControl -> Start 
[ default 2023-04-26 수요일 16:02:23 198 ] Settings_Page -> XMLSave 
[ default 2023-04-26 수요일 16:02:23 239 ] VideoCheck_Page -> PanelSettings 
[ default 2023-04-26 수요일 16:02:23 350 ] VideoAnalysis_Page -> PanelSettings 
[ default 2023-04-26 수요일 16:02:29 539 ] Settings_Page -> WorkUserChange 
[ default 2023-04-26 수요일 16:02:30 139 ] Settings_Page -> WorkUserChange 
[ default 2023-04-26 수요일 16:02:30 743 ] Settings_Page -> WorkUserChange 
[ default 2023-04-26 수요일 16:02:30 819 ] Settings_Page -> WorkUserChange 
[ default 2023-04-26 수요일 16:02:30 963 ] Settings_Page -> WorkUserChange 
[ default 2023-04-26 수요일 16:02:31 675 ] Settings_Page -> WorkUserChange 
[ default 2023-04-26 수요일 16:02:31 677 ] Settings_Page -> WorkUserChange 
[ default 2023-04-26 수요일 16:02:31 678 ] Settings_Page -> WorkUserChange 
[ default 2023-04-26 수요일 16:02:31 795 ] Settings_Page -> WorkUserChange 
[ default 2023-04-26 수요일 16:02:31 843 ] Settings_Page -> WorkUserChange 
[ default 2023-04-26 수요일 16:02:32 010 ] Settings_Page -> WorkUserChange 
[ default 2023-04-26 수요일 16:02:32 012 ] Settings_Page -> WorkUserChange 
[ default 2023-04-26 수요일 16:02:32 013 ] Settings_Page -> WorkUserChange 
[ default 2023-04-26 수요일 16:02:32 124 ] Settings_Page -> WorkUserChange 
[ default 2023-04-26 수요일 16:02:32 204 ] Settings_Page -> WorkUserChange 
[ default 2023-04-26 수요일 16:02:32 420 ] Settings_Page -> WorkUserChange 
[ default 2023-04-26 수요일 16:02:32 423 ] Settings_Page -> WorkUserChange 
[ default 2023-04-26 수요일 16:02:32 819 ] Settings_Page -> WorkTargetChange 
[ default 2023-04-26 수요일 16:02:32 915 ] Settings_Page -> WorkTargetChange 
[ default 2023-04-26 수요일 16:02:33 002 ] Settings_Page -> WorkTargetChange 
[ default 2023-04-26 수요일 16:02:33 075 ] Settings_Page -> WorkTargetChange 
[ default 2023-04-26 수요일 16:02:33 076 ] Settings_Page -> WorkTargetChange 
[ default 2023-04-26 수요일 16:02:33 078 ] Settings_Page -> WorkTargetChange 
[ default 2023-04-26 수요일 16:02:33 267 ] Settings_Page -> WorkTargetChange 
[ default 2023-04-26 수요일 16:02:33 323 ] Settings_Page -> WorkTargetChange 
[ default 2023-04-26 수요일 16:02:33 324 ] Settings_Page -> WorkTargetChange 
[ default 2023-04-26 수요일 16:02:33 325 ] Settings_Page -> WorkTargetChange 
[ default 2023-04-26 수요일 16:02:33 433 ] Settings_Page -> WorkTargetChange 
[ default 2023-04-26 수요일 16:02:33 436 ] Settings_Page -> WorkTargetChange 
[ default 2023-04-26 수요일 16:02:33 437 ] Settings_Page -> WorkTargetChange 
[ default 2023-04-26 수요일 16:02:33 676 ] Settings_Page -> WorkTargetChange 
[ default 2023-04-26 수요일 16:02:33 795 ] Settings_Page -> WorkTargetChange 
[ default 2023-04-26 수요일 16:02:33 891 ] Settings_Page -> WorkTargetChange 
[ default 2023-04-26 수요일 16:02:33 970 ] Settings_Page -> WorkTargetChange 
[ default 2023-04-26 수요일 16:02:33 972 ] Settings_Page -> WorkTargetChange 
[ default 2023-04-26 수요일 16:02:33 973 ] Settings_Page -> WorkTargetChange 
[ default 2023-04-26 수요일 16:02:34 124 ] Settings_Page -> WorkTargetChange 
[ default 2023-04-26 수요일 16:02:34 194 ] Settings_Page -> WorkTargetChange 
[ default 2023-04-26 수요일 16:02:34 196 ] Settings_Page -> WorkTargetChange 
[ default 2023-04-26 수요일 16:02:34 197 ] Settings_Page -> WorkTargetChange 
[ default 2023-04-26 수요일 16:02:34 467 ] Settings_Page -> WorkTargetChange 
[ default 2023-04-26 수요일 16:02:34 554 ] Settings_Page -> WorkTargetChange 
[ default 2023-04-26 수요일 16:02:34 556 ] Settings_Page -> WorkTargetChange 
[ default 2023-04-26 수요일 16:02:34 557 ] Settings_Page -> WorkTargetChange 
[ default 2023-04-26 수요일 16:02:34 747 ] Settings_Page -> WorkTargetChange 
[ default 2023-04-26 수요일 16:02:34 826 ] Settings_Page -> WorkTargetChange 
[ default 2023-04-26 수요일 16:02:34 828 ] Settings_Page -> WorkTargetChange 
[ default 2023-04-26 수요일 16:02:34 829 ] Settings_Page -> WorkTargetChange 
[ default 2023-04-26 수요일 16:02:36 453 ] Settings_Page -> WorkTargetChange 
[ default 2023-04-26 수요일 16:02:36 456 ] Settings_Page -> WorkTargetChange 
[ default 2023-04-26 수요일 16:02:36 529 ] Settings_Page -> WorkUserSet 
[ default 2023-04-26 수요일 16:08:44 263 ] 프로그램 시작
[ default 2023-04-26 수요일 16:08:46 581 ] Form1 -> Form1_Shown 
[ default 2023-04-26 수요일 16:08:47 231 ] RealTimeView_Page -> PanelSettings 
[ default 2023-04-26 수요일 16:08:47 549 ] RealTimeView_Page -> RealTimeView_Page_Load 
[ default 2023-04-26 수요일 16:08:47 551 ] RealTimeView_Page -> VideoSetLoad 
[ default 2023-04-26 수요일 16:08:47 553 ] CameraControl -> CameraOpen 
[ default 2023-04-26 수요일 16:08:47 821 ] CameraControl -> open 
[ default 2023-04-26 수요일 16:08:47 852 ] RealTimeView_Page -> CreateBitmap 
[ default 2023-04-26 수요일 16:08:47 865 ] CameraControl -> SetEnableImageCallback 
[ default 2023-04-26 수요일 16:08:47 878 ] CameraControl -> Start 
[ default 2023-04-26 수요일 16:08:47 960 ] CameraControl -> CameraOpen 
[ default 2023-04-26 수요일 16:08:48 242 ] CameraControl -> open 
[ default 2023-04-26 수요일 16:08:48 254 ] RealTimeView_Page -> CreateBitmap 
[ default 2023-04-26 수요일 16:08:48 260 ] CameraControl -> SetEnableImageCallback 
[ default 2023-04-26 수요일 16:08:48 263 ] CameraControl -> Start 
[ default 2023-04-26 수요일 16:08:48 306 ] CameraControl -> CameraOpen 
[ default 2023-04-26 수요일 16:08:48 700 ] CameraControl -> open 
[ default 2023-04-26 수요일 16:08:48 735 ] RealTimeView_Page -> CreateBitmap 
[ default 2023-04-26 수요일 16:08:48 746 ] CameraControl -> SetEnableImageCallback 
[ default 2023-04-26 수요일 16:08:48 748 ] CameraControl -> Start 
[ default 2023-04-26 수요일 16:08:48 933 ] Settings_Page -> XMLSave 
[ default 2023-04-26 수요일 16:08:48 971 ] VideoCheck_Page -> PanelSettings 
[ default 2023-04-26 수요일 16:08:49 095 ] VideoAnalysis_Page -> PanelSettings 
[ default 2023-04-26 수요일 16:08:59 944 ] Settings_Page -> FolderOpen 
[ default 2023-04-26 수요일 16:09:03 256 ] Form1 -> Form1_FormClosing 
[ default 2023-04-26 수요일 16:09:03 262 ] RealTimeView_Page -> CameraClose 
[ default 2023-04-26 수요일 16:09:03 265 ] CameraControl -> Stop 
[ default 2023-04-26 수요일 16:09:04 621 ] CameraControl -> Close 
[ default 2023-04-26 수요일 16:09:04 639 ] CameraControl -> Stop 
[ default 2023-04-26 수요일 16:09:05 945 ] CameraControl -> Close 
[ default 2023-04-26 수요일 16:09:05 958 ] CameraControl -> Stop 
[ default 2023-04-26 수요일 16:09:06 307 ] CameraControl -> Close 
[ default 2023-04-26 수요일 16:09:06 319 ] VideoCheck_Page -> VideoClose 
[ default 2023-04-26 수요일 16:09:06 320 ] VideoAnalysis_Page -> VideoClose 
[ default 2023-04-26 수요일 16:09:19 051 ] 프로그램 시작
[ default 2023-04-26 수요일 16:09:21 397 ] Form1 -> Form1_Shown 
[ default 2023-04-26 수요일 16:09:21 836 ] RealTimeView_Page -> PanelSettings 
[ default 2023-04-26 수요일 16:09:22 144 ] RealTimeView_Page -> RealTimeView_Page_Load 
[ default 2023-04-26 수요일 16:09:22 145 ] RealTimeView_Page -> VideoSetLoad 
[ default 2023-04-26 수요일 16:09:22 147 ] CameraControl -> CameraOpen 
[ default 2023-04-26 수요일 16:09:22 430 ] CameraControl -> open 
[ default 2023-04-26 수요일 16:09:22 458 ] RealTimeView_Page -> CreateBitmap 
[ default 2023-04-26 수요일 16:09:22 472 ] CameraControl -> SetEnableImageCallback 
[ default 2023-04-26 수요일 16:09:22 481 ] CameraControl -> Start 
[ default 2023-04-26 수요일 16:09:22 530 ] CameraControl -> CameraOpen 
[ default 2023-04-26 수요일 16:09:22 952 ] CameraControl -> open 
[ default 2023-04-26 수요일 16:09:22 966 ] RealTimeView_Page -> CreateBitmap 
[ default 2023-04-26 수요일 16:09:22 981 ] CameraControl -> SetEnableImageCallback 
[ default 2023-04-26 수요일 16:09:22 988 ] CameraControl -> Start 
[ default 2023-04-26 수요일 16:09:23 073 ] CameraControl -> CameraOpen 
[ default 2023-04-26 수요일 16:09:23 478 ] CameraControl -> open 
[ default 2023-04-26 수요일 16:09:23 500 ] RealTimeView_Page -> CreateBitmap 
[ default 2023-04-26 수요일 16:09:23 512 ] CameraControl -> SetEnableImageCallback 
[ default 2023-04-26 수요일 16:09:23 515 ] CameraControl -> Start 
[ default 2023-04-26 수요일 16:09:23 597 ] Settings_Page -> XMLSave 
[ default 2023-04-26 수요일 16:09:23 639 ] VideoCheck_Page -> PanelSettings 
[ default 2023-04-26 수요일 16:09:23 750 ] VideoAnalysis_Page -> PanelSettings 
[ default 2023-04-26 수요일 16:09:46 628 ] Form1 -> Form1_FormClosing 
[ default 2023-04-26 수요일 16:09:46 634 ] RealTimeView_Page -> CameraClose 
[ default 2023-04-26 수요일 16:09:46 640 ] CameraControl -> Stop 
[ default 2023-04-26 수요일 16:09:46 785 ] CameraControl -> Close 
[ default 2023-04-26 수요일 16:09:46 814 ] CameraControl -> Stop 
[ default 2023-04-26 수요일 16:09:48 159 ] CameraControl -> Close 
[ default 2023-04-26 수요일 16:09:48 171 ] CameraControl -> Stop 
[ default 2023-04-26 수요일 16:09:48 492 ] CameraControl -> Close 
[ default 2023-04-26 수요일 16:09:48 506 ] VideoCheck_Page -> VideoClose 
[ default 2023-04-26 수요일 16:09:48 507 ] VideoAnalysis_Page -> VideoClose 
[ default 2023-04-26 수요일 16:10:49 228 ] 프로그램 시작
[ default 2023-04-26 수요일 16:10:51 576 ] Form1 -> Form1_Shown 
[ default 2023-04-26 수요일 16:10:52 330 ] RealTimeView_Page -> PanelSettings 
[ default 2023-04-26 수요일 16:10:52 687 ] RealTimeView_Page -> RealTimeView_Page_Load 
[ default 2023-04-26 수요일 16:10:52 687 ] RealTimeView_Page -> VideoSetLoad 
[ default 2023-04-26 수요일 16:10:52 689 ] CameraControl -> CameraOpen 
[ default 2023-04-26 수요일 16:10:52 959 ] CameraControl -> open 
[ default 2023-04-26 수요일 16:10:52 991 ] RealTimeView_Page -> CreateBitmap 
[ default 2023-04-26 수요일 16:10:53 008 ] CameraControl -> SetEnableImageCallback 
[ default 2023-04-26 수요일 16:10:53 022 ] CameraControl -> Start 
[ default 2023-04-26 수요일 16:10:53 069 ] CameraControl -> CameraOpen 
[ default 2023-04-26 수요일 16:10:53 348 ] CameraControl -> open 
[ default 2023-04-26 수요일 16:10:53 361 ] RealTimeView_Page -> CreateBitmap 
[ default 2023-04-26 수요일 16:10:53 370 ] CameraControl -> SetEnableImageCallback 
[ default 2023-04-26 수요일 16:10:53 373 ] CameraControl -> Start 
[ default 2023-04-26 수요일 16:10:53 452 ] CameraControl -> CameraOpen 
[ default 2023-04-26 수요일 16:10:53 830 ] CameraControl -> open 
[ default 2023-04-26 수요일 16:10:53 860 ] RealTimeView_Page -> CreateBitmap 
[ default 2023-04-26 수요일 16:10:53 877 ] CameraControl -> SetEnableImageCallback 
[ default 2023-04-26 수요일 16:10:53 894 ] CameraControl -> Start 
[ default 2023-04-26 수요일 16:10:54 013 ] Settings_Page -> XMLSave 
[ default 2023-04-26 수요일 16:10:54 057 ] VideoCheck_Page -> PanelSettings 
[ default 2023-04-26 수요일 16:10:54 180 ] VideoAnalysis_Page -> PanelSettings 
[ default 2023-04-26 수요일 16:11:15 644 ] Form1 -> Form1_FormClosing 
[ default 2023-04-26 수요일 16:11:15 650 ] RealTimeView_Page -> CameraClose 
[ default 2023-04-26 수요일 16:11:15 655 ] CameraControl -> Stop 
[ default 2023-04-26 수요일 16:11:17 109 ] CameraControl -> Close 
[ default 2023-04-26 수요일 16:11:17 127 ] CameraControl -> Stop 
[ default 2023-04-26 수요일 16:11:18 470 ] CameraControl -> Close 
[ default 2023-04-26 수요일 16:11:18 483 ] CameraControl -> Stop 
[ default 2023-04-26 수요일 16:11:18 804 ] CameraControl -> Close 
[ default 2023-04-26 수요일 16:11:18 815 ] VideoCheck_Page -> VideoClose 
[ default 2023-04-26 수요일 16:11:18 816 ] VideoAnalysis_Page -> VideoClose 
[ default 2023-04-26 수요일 16:11:18 951 ] CameraControl -> Finalize 
[ default 2023-04-26 수요일 16:11:18 951 ] CameraControl -> Close 
[ default 2023-04-26 수요일 16:11:18 954 ] CameraControl -> Finalize 
[ default 2023-04-26 수요일 16:11:18 955 ] CameraControl -> Close 
[ default 2023-04-26 수요일 16:11:18 956 ] CameraControl -> Finalize 
[ default 2023-04-26 수요일 16:11:18 956 ] CameraControl -> Close 
[ default 2023-04-26 수요일 16:11:25 257 ] 프로그램 시작
[ default 2023-04-26 수요일 16:11:27 583 ] Form1 -> Form1_Shown 
[ default 2023-04-26 수요일 16:11:28 017 ] RealTimeView_Page -> PanelSettings 
[ default 2023-04-26 수요일 16:11:28 296 ] RealTimeView_Page -> RealTimeView_Page_Load 
[ default 2023-04-26 수요일 16:11:28 297 ] RealTimeView_Page -> VideoSetLoad 
[ default 2023-04-26 수요일 16:11:28 298 ] CameraControl -> CameraOpen 
[ default 2023-04-26 수요일 16:11:28 555 ] CameraControl -> open 
[ default 2023-04-26 수요일 16:11:28 588 ] RealTimeView_Page -> CreateBitmap 
[ default 2023-04-26 수요일 16:11:28 608 ] CameraControl -> SetEnableImageCallback 
[ default 2023-04-26 수요일 16:11:28 618 ] CameraControl -> Start 
[ default 2023-04-26 수요일 16:11:28 661 ] CameraControl -> CameraOpen 
[ default 2023-04-26 수요일 16:11:28 948 ] CameraControl -> open 
[ default 2023-04-26 수요일 16:11:28 963 ] RealTimeView_Page -> CreateBitmap 
[ default 2023-04-26 수요일 16:11:28 969 ] CameraControl -> SetEnableImageCallback 
[ default 2023-04-26 수요일 16:11:28 971 ] CameraControl -> Start 
[ default 2023-04-26 수요일 16:11:29 012 ] CameraControl -> CameraOpen 
[ default 2023-04-26 수요일 16:11:29 354 ] CameraControl -> open 
[ default 2023-04-26 수요일 16:11:29 572 ] RealTimeView_Page -> CreateBitmap 
[ default 2023-04-26 수요일 16:11:29 578 ] CameraControl -> SetEnableImageCallback 
[ default 2023-04-26 수요일 16:11:29 580 ] CameraControl -> Start 
[ default 2023-04-26 수요일 16:11:29 665 ] Settings_Page -> XMLSave 
[ default 2023-04-26 수요일 16:11:29 709 ] VideoCheck_Page -> PanelSettings 
[ default 2023-04-26 수요일 16:11:29 791 ] VideoAnalysis_Page -> PanelSettings 
[ default 2023-04-26 수요일 16:11:34 072 ] Settings_Page -> WorkUserChange 
[ default 2023-04-26 수요일 16:11:35 067 ] Settings_Page -> WorkUserChange 
[ default 2023-04-26 수요일 16:11:38 251 ] Form1 -> Form1_FormClosing 
[ default 2023-04-26 수요일 16:11:38 260 ] RealTimeView_Page -> CameraClose 
[ default 2023-04-26 수요일 16:11:38 262 ] CameraControl -> Stop 
[ default 2023-04-26 수요일 16:11:39 601 ] CameraControl -> Close 
[ default 2023-04-26 수요일 16:11:39 630 ] CameraControl -> Stop 
[ default 2023-04-26 수요일 16:11:40 984 ] CameraControl -> Close 
[ default 2023-04-26 수요일 16:11:40 997 ] CameraControl -> Stop 
[ default 2023-04-26 수요일 16:11:41 322 ] CameraControl -> Close 
[ default 2023-04-26 수요일 16:11:41 337 ] VideoCheck_Page -> VideoClose 
[ default 2023-04-26 수요일 16:11:41 338 ] VideoAnalysis_Page -> VideoClose 
[ default 2023-04-26 수요일 16:12:46 273 ] 프로그램 시작
[ default 2023-04-26 수요일 16:12:48 626 ] Form1 -> Form1_Shown 
[ default 2023-04-26 수요일 16:12:49 181 ] RealTimeView_Page -> PanelSettings 
[ default 2023-04-26 수요일 16:12:49 544 ] RealTimeView_Page -> RealTimeView_Page_Load 
[ default 2023-04-26 수요일 16:12:49 545 ] RealTimeView_Page -> VideoSetLoad 
[ default 2023-04-26 수요일 16:12:49 546 ] CameraControl -> CameraOpen 
[ default 2023-04-26 수요일 16:12:49 914 ] CameraControl -> open 
[ default 2023-04-26 수요일 16:12:49 956 ] RealTimeView_Page -> CreateBitmap 
[ default 2023-04-26 수요일 16:12:49 971 ] CameraControl -> SetEnableImageCallback 
[ default 2023-04-26 수요일 16:12:49 983 ] CameraControl -> Start 
[ default 2023-04-26 수요일 16:12:50 028 ] CameraControl -> CameraOpen 
[ default 2023-04-26 수요일 16:12:50 310 ] CameraControl -> open 
[ default 2023-04-26 수요일 16:12:50 322 ] RealTimeView_Page -> CreateBitmap 
[ default 2023-04-26 수요일 16:12:50 329 ] CameraControl -> SetEnableImageCallback 
[ default 2023-04-26 수요일 16:12:50 334 ] CameraControl -> Start 
[ default 2023-04-26 수요일 16:12:50 459 ] CameraControl -> CameraOpen 
[ default 2023-04-26 수요일 16:12:50 884 ] CameraControl -> open 
[ default 2023-04-26 수요일 16:12:50 919 ] RealTimeView_Page -> CreateBitmap 
[ default 2023-04-26 수요일 16:12:50 928 ] CameraControl -> SetEnableImageCallback 
[ default 2023-04-26 수요일 16:12:50 931 ] CameraControl -> Start 
[ default 2023-04-26 수요일 16:12:51 102 ] Settings_Page -> XMLSave 
[ default 2023-04-26 수요일 16:12:51 138 ] VideoCheck_Page -> PanelSettings 
[ default 2023-04-26 수요일 16:12:51 263 ] VideoAnalysis_Page -> PanelSettings 
[ default 2023-04-26 수요일 16:12:54 196 ] Settings_Page -> WorkUserChange 
[ default 2023-04-26 수요일 16:12:54 250 ] Settings_Page -> WorkUserChange 
[ default 2023-04-26 수요일 16:12:54 643 ] Settings_Page -> WorkUserChange 
[ default 2023-04-26 수요일 16:12:54 779 ] Settings_Page -> WorkUserChange 
[ default 2023-04-26 수요일 16:12:55 107 ] Settings_Page -> WorkUserChange 
[ default 2023-04-26 수요일 16:12:55 201 ] Settings_Page -> WorkUserChange 
[ default 2023-04-26 수요일 16:12:55 323 ] Settings_Page -> WorkUserChange 
[ default 2023-04-26 수요일 16:12:55 522 ] Settings_Page -> WorkUserChange 
[ default 2023-04-26 수요일 16:12:55 534 ] Settings_Page -> WorkUserChange 
[ default 2023-04-26 수요일 16:12:55 535 ] Settings_Page -> WorkUserChange 
[ default 2023-04-26 수요일 16:12:55 626 ] Settings_Page -> WorkUserChange 
[ default 2023-04-26 수요일 16:12:55 698 ] Settings_Page -> WorkUserChange 
[ default 2023-04-26 수요일 16:12:55 882 ] Settings_Page -> WorkUserChange 
[ default 2023-04-26 수요일 16:12:55 884 ] Settings_Page -> WorkUserChange 
[ default 2023-04-26 수요일 16:12:55 885 ] Settings_Page -> WorkUserChange 
[ default 2023-04-26 수요일 16:12:55 994 ] Settings_Page -> WorkUserChange 
[ default 2023-04-26 수요일 16:12:56 082 ] Settings_Page -> WorkUserChange 
[ default 2023-04-26 수요일 16:12:56 306 ] Settings_Page -> WorkUserChange 
[ default 2023-04-26 수요일 16:12:56 308 ] Settings_Page -> WorkUserChange 
[ default 2023-04-26 수요일 16:12:56 843 ] Settings_Page -> WorkTargetChange 
[ default 2023-04-26 수요일 16:12:56 930 ] Settings_Page -> WorkTargetChange 
[ default 2023-04-26 수요일 16:12:57 042 ] Settings_Page -> WorkTargetChange 
[ default 2023-04-26 수요일 16:12:57 139 ] Settings_Page -> WorkTargetChange 
[ default 2023-04-26 수요일 16:12:57 140 ] Settings_Page -> WorkTargetChange 
[ default 2023-04-26 수요일 16:12:57 142 ] Settings_Page -> WorkTargetChange 
[ default 2023-04-26 수요일 16:12:57 459 ] Settings_Page -> WorkTargetChange 
[ default 2023-04-26 수요일 16:12:57 554 ] Settings_Page -> WorkTargetChange 
[ default 2023-04-26 수요일 16:12:57 555 ] Settings_Page -> WorkTargetChange 
[ default 2023-04-26 수요일 16:12:57 557 ] Settings_Page -> WorkTargetChange 
[ default 2023-04-26 수요일 16:12:58 170 ] Settings_Page -> WorkTargetChange 
[ default 2023-04-26 수요일 16:12:58 173 ] Settings_Page -> WorkTargetChange 
[ default 2023-04-26 수요일 16:12:58 174 ] Settings_Page -> WorkTargetChange 
[ default 2023-04-26 수요일 16:12:58 395 ] Settings_Page -> WorkTargetChange 
[ default 2023-04-26 수요일 16:12:58 482 ] Settings_Page -> WorkTargetChange 
[ default 2023-04-26 수요일 16:12:58 594 ] Settings_Page -> WorkTargetChange 
[ default 2023-04-26 수요일 16:12:58 674 ] Settings_Page -> WorkTargetChange 
[ default 2023-04-26 수요일 16:12:58 676 ] Settings_Page -> WorkTargetChange 
[ default 2023-04-26 수요일 16:12:58 677 ] Settings_Page -> WorkTargetChange 
[ default 2023-04-26 수요일 16:12:58 954 ] Settings_Page -> WorkTargetChange 
[ default 2023-04-26 수요일 16:12:59 011 ] Settings_Page -> WorkTargetChange 
[ default 2023-04-26 수요일 16:12:59 012 ] Settings_Page -> WorkTargetChange 
[ default 2023-04-26 수요일 16:12:59 014 ] Settings_Page -> WorkTargetChange 
[ default 2023-04-26 수요일 16:12:59 339 ] Settings_Page -> WorkTargetChange 
[ default 2023-04-26 수요일 16:12:59 441 ] Settings_Page -> WorkTargetChange 
[ default 2023-04-26 수요일 16:12:59 443 ] Settings_Page -> WorkTargetChange 
[ default 2023-04-26 수요일 16:12:59 444 ] Settings_Page -> WorkTargetChange 
[ default 2023-04-26 수요일 16:12:59 570 ] Settings_Page -> WorkTargetChange 
[ default 2023-04-26 수요일 16:12:59 675 ] Settings_Page -> WorkTargetChange 
[ default 2023-04-26 수요일 16:12:59 676 ] Settings_Page -> WorkTargetChange 
[ default 2023-04-26 수요일 16:12:59 678 ] Settings_Page -> WorkTargetChange 
[ default 2023-04-26 수요일 16:13:00 794 ] Settings_Page -> WorkTargetChange 
[ default 2023-04-26 수요일 16:13:00 796 ] Settings_Page -> WorkTargetChange 
[ default 2023-04-26 수요일 16:13:04 971 ] Settings_Page -> WorkTargetChange 
[ default 2023-04-26 수요일 16:13:05 114 ] Settings_Page -> WorkTargetChange 
[ default 2023-04-26 수요일 16:13:05 347 ] Settings_Page -> WorkTargetChange 
[ default 2023-04-26 수요일 16:13:05 451 ] Settings_Page -> WorkTargetChange 
[ default 2023-04-26 수요일 16:13:06 419 ] Settings_Page -> WorkTargetChange 
[ default 2023-04-26 수요일 16:13:06 571 ] Settings_Page -> WorkTargetChange 
[ default 2023-04-26 수요일 16:13:07 354 ] Settings_Page -> WorkTargetChange 
[ default 2023-04-26 수요일 16:13:07 474 ] Settings_Page -> WorkTargetChange 
[ default 2023-04-26 수요일 16:13:09 258 ] Settings_Page -> WorkUserSet 
