[ default 2023-04-27 목요일 09:16:02 213 ] 프로그램 시작
[ default 2023-04-27 목요일 09:16:04 711 ] Form1 -> Form1_Shown 
[ default 2023-04-27 목요일 09:16:05 372 ] RealTimeView_Page -> PanelSettings 
[ default 2023-04-27 목요일 09:16:05 821 ] RealTimeView_Page -> RealTimeView_Page_Load 
[ default 2023-04-27 목요일 09:16:05 822 ] RealTimeView_Page -> VideoSetLoad 
[ default 2023-04-27 목요일 09:16:05 823 ] CameraControl -> CameraOpen 
[ default 2023-04-27 목요일 09:16:06 069 ] CameraControl -> open 
[ default 2023-04-27 목요일 09:16:06 099 ] RealTimeView_Page -> CreateBitmap 
[ default 2023-04-27 목요일 09:16:06 112 ] CameraControl -> SetEnableImageCallback 
[ default 2023-04-27 목요일 09:16:06 123 ] CameraControl -> Start 
[ default 2023-04-27 목요일 09:16:06 187 ] CameraControl -> CameraOpen 
[ default 2023-04-27 목요일 09:16:06 452 ] CameraControl -> open 
[ default 2023-04-27 목요일 09:16:06 464 ] RealTimeView_Page -> CreateBitmap 
[ default 2023-04-27 목요일 09:16:06 471 ] CameraControl -> SetEnableImageCallback 
[ default 2023-04-27 목요일 09:16:06 475 ] CameraControl -> Start 
[ default 2023-04-27 목요일 09:16:06 514 ] CameraControl -> CameraOpen 
[ default 2023-04-27 목요일 09:16:06 901 ] CameraControl -> open 
[ default 2023-04-27 목요일 09:16:06 913 ] RealTimeView_Page -> CreateBitmap 
[ default 2023-04-27 목요일 09:16:06 927 ] CameraControl -> SetEnableImageCallback 
[ default 2023-04-27 목요일 09:16:06 932 ] CameraControl -> Start 
[ default 2023-04-27 목요일 09:16:07 066 ] Settings_Page -> XMLSave 
[ default 2023-04-27 목요일 09:16:07 110 ] VideoCheck_Page -> PanelSettings 
[ default 2023-04-27 목요일 09:16:07 224 ] VideoAnalysis_Page -> PanelSettings 
[ default 2023-04-27 목요일 09:16:12 486 ] Settings_Page -> WorkUserChange 
[ default 2023-04-27 목요일 09:16:12 569 ] Settings_Page -> WorkUserChange 
[ default 2023-04-27 목요일 09:16:13 985 ] Settings_Page -> WorkUserChange 
[ default 2023-04-27 목요일 09:16:14 128 ] Settings_Page -> WorkUserChange 
[ default 2023-04-27 목요일 09:16:14 664 ] Settings_Page -> WorkUserChange 
[ default 2023-04-27 목요일 09:16:14 856 ] Settings_Page -> WorkUserChange 
[ default 2023-04-27 목요일 09:16:15 016 ] Settings_Page -> WorkUserChange 
[ default 2023-04-27 목요일 09:16:15 216 ] Settings_Page -> WorkUserChange 
[ default 2023-04-27 목요일 09:16:15 229 ] Settings_Page -> WorkUserChange 
[ default 2023-04-27 목요일 09:16:15 230 ] Settings_Page -> WorkUserChange 
[ default 2023-04-27 목요일 09:16:15 337 ] Settings_Page -> WorkUserChange 
[ default 2023-04-27 목요일 09:16:15 432 ] Settings_Page -> WorkUserChange 
[ default 2023-04-27 목요일 09:16:15 623 ] Settings_Page -> WorkUserChange 
[ default 2023-04-27 목요일 09:16:15 625 ] Settings_Page -> WorkUserChange 
[ default 2023-04-27 목요일 09:16:15 626 ] Settings_Page -> WorkUserChange 
[ default 2023-04-27 목요일 09:16:15 697 ] Settings_Page -> WorkUserChange 
[ default 2023-04-27 목요일 09:16:15 817 ] Settings_Page -> WorkUserChange 
[ default 2023-04-27 목요일 09:16:15 976 ] Settings_Page -> WorkUserChange 
[ default 2023-04-27 목요일 09:16:15 978 ] Settings_Page -> WorkUserChange 
[ default 2023-04-27 목요일 09:16:16 848 ] Settings_Page -> WorkTargetChange 
[ default 2023-04-27 목요일 09:16:16 913 ] Settings_Page -> WorkTargetChange 
[ default 2023-04-27 목요일 09:16:17 017 ] Settings_Page -> WorkTargetChange 
[ default 2023-04-27 목요일 09:16:17 135 ] Settings_Page -> WorkTargetChange 
[ default 2023-04-27 목요일 09:16:17 137 ] Settings_Page -> WorkTargetChange 
[ default 2023-04-27 목요일 09:16:17 139 ] Settings_Page -> WorkTargetChange 
[ default 2023-04-27 목요일 09:16:17 272 ] Settings_Page -> WorkTargetChange 
[ default 2023-04-27 목요일 09:16:17 369 ] Settings_Page -> WorkTargetChange 
[ default 2023-04-27 목요일 09:16:17 369 ] Settings_Page -> WorkTargetChange 
[ default 2023-04-27 목요일 09:16:17 370 ] Settings_Page -> WorkTargetChange 
[ default 2023-04-27 목요일 09:16:17 549 ] Settings_Page -> WorkTargetChange 
[ default 2023-04-27 목요일 09:16:17 624 ] Settings_Page -> WorkTargetChange 
[ default 2023-04-27 목요일 09:16:17 625 ] Settings_Page -> WorkTargetChange 
[ default 2023-04-27 목요일 09:16:17 627 ] Settings_Page -> WorkTargetChange 
[ default 2023-04-27 목요일 09:16:17 736 ] Settings_Page -> WorkTargetChange 
[ default 2023-04-27 목요일 09:16:17 856 ] Settings_Page -> WorkTargetChange 
[ default 2023-04-27 목요일 09:16:17 858 ] Settings_Page -> WorkTargetChange 
[ default 2023-04-27 목요일 09:16:17 871 ] Settings_Page -> WorkTargetChange 
[ default 2023-04-27 목요일 09:16:17 953 ] Settings_Page -> WorkTargetChange 
[ default 2023-04-27 목요일 09:16:19 227 ] Settings_Page -> WorkTargetChange 
[ default 2023-04-27 목요일 09:16:19 228 ] Settings_Page -> WorkTargetChange 
[ default 2023-04-27 목요일 09:16:19 325 ] Settings_Page -> WorkUserSet 
[ default 2023-04-27 목요일 09:23:38 503 ] 프로그램 시작
[ default 2023-04-27 목요일 09:23:40 811 ] Form1 -> Form1_Shown 
[ default 2023-04-27 목요일 09:23:41 315 ] RealTimeView_Page -> PanelSettings 
[ default 2023-04-27 목요일 09:23:41 639 ] RealTimeView_Page -> RealTimeView_Page_Load 
[ default 2023-04-27 목요일 09:23:41 640 ] RealTimeView_Page -> VideoSetLoad 
[ default 2023-04-27 목요일 09:23:41 641 ] CameraControl -> CameraOpen 
[ default 2023-04-27 목요일 09:23:41 921 ] CameraControl -> open 
[ default 2023-04-27 목요일 09:23:41 953 ] RealTimeView_Page -> CreateBitmap 
[ default 2023-04-27 목요일 09:23:41 970 ] CameraControl -> SetEnableImageCallback 
[ default 2023-04-27 목요일 09:23:41 987 ] CameraControl -> Start 
[ default 2023-04-27 목요일 09:23:42 062 ] CameraControl -> CameraOpen 
[ default 2023-04-27 목요일 09:23:42 512 ] CameraControl -> open 
[ default 2023-04-27 목요일 09:23:42 522 ] RealTimeView_Page -> CreateBitmap 
[ default 2023-04-27 목요일 09:23:42 530 ] CameraControl -> SetEnableImageCallback 
[ default 2023-04-27 목요일 09:23:42 536 ] CameraControl -> Start 
[ default 2023-04-27 목요일 09:23:42 603 ] CameraControl -> CameraOpen 
[ default 2023-04-27 목요일 09:23:42 968 ] CameraControl -> open 
[ default 2023-04-27 목요일 09:23:42 993 ] RealTimeView_Page -> CreateBitmap 
[ default 2023-04-27 목요일 09:23:43 000 ] CameraControl -> SetEnableImageCallback 
[ default 2023-04-27 목요일 09:23:43 003 ] CameraControl -> Start 
[ default 2023-04-27 목요일 09:23:43 069 ] Settings_Page -> XMLSave 
[ default 2023-04-27 목요일 09:23:43 109 ] VideoCheck_Page -> PanelSettings 
[ default 2023-04-27 목요일 09:23:43 212 ] VideoAnalysis_Page -> PanelSettings 
[ default 2023-04-27 목요일 09:23:48 856 ] Settings_Page -> WorkUserChange 
[ default 2023-04-27 목요일 09:23:48 912 ] Settings_Page -> WorkUserChange 
[ default 2023-04-27 목요일 09:23:49 049 ] Settings_Page -> WorkUserChange 
[ default 2023-04-27 목요일 09:23:49 240 ] Settings_Page -> WorkUserChange 
[ default 2023-04-27 목요일 09:23:49 245 ] Settings_Page -> WorkUserChange 
[ default 2023-04-27 목요일 09:23:49 247 ] Settings_Page -> WorkUserChange 
[ default 2023-04-27 목요일 09:23:49 360 ] Settings_Page -> WorkUserChange 
[ default 2023-04-27 목요일 09:23:49 416 ] Settings_Page -> WorkUserChange 
[ default 2023-04-27 목요일 09:23:49 616 ] Settings_Page -> WorkUserChange 
[ default 2023-04-27 목요일 09:23:49 618 ] Settings_Page -> WorkUserChange 
[ default 2023-04-27 목요일 09:23:49 619 ] Settings_Page -> WorkUserChange 
[ default 2023-04-27 목요일 09:23:49 712 ] Settings_Page -> WorkUserChange 
[ default 2023-04-27 목요일 09:23:49 808 ] Settings_Page -> WorkUserChange 
[ default 2023-04-27 목요일 09:23:49 985 ] Settings_Page -> WorkUserChange 
[ default 2023-04-27 목요일 09:23:49 987 ] Settings_Page -> WorkUserChange 
[ default 2023-04-27 목요일 09:23:50 432 ] Settings_Page -> WorkTargetChange 
[ default 2023-04-27 목요일 09:23:50 512 ] Settings_Page -> WorkTargetChange 
[ default 2023-04-27 목요일 09:23:50 601 ] Settings_Page -> WorkTargetChange 
[ default 2023-04-27 목요일 09:23:50 704 ] Settings_Page -> WorkTargetChange 
[ default 2023-04-27 목요일 09:23:50 707 ] Settings_Page -> WorkTargetChange 
[ default 2023-04-27 목요일 09:23:50 709 ] Settings_Page -> WorkTargetChange 
[ default 2023-04-27 목요일 09:23:50 808 ] Settings_Page -> WorkTargetChange 
[ default 2023-04-27 목요일 09:23:50 879 ] Settings_Page -> WorkTargetChange 
[ default 2023-04-27 목요일 09:23:50 882 ] Settings_Page -> WorkTargetChange 
[ default 2023-04-27 목요일 09:23:50 883 ] Settings_Page -> WorkTargetChange 
[ default 2023-04-27 목요일 09:23:51 041 ] Settings_Page -> WorkTargetChange 
[ default 2023-04-27 목요일 09:23:51 160 ] Settings_Page -> WorkTargetChange 
[ default 2023-04-27 목요일 09:23:51 161 ] Settings_Page -> WorkTargetChange 
[ default 2023-04-27 목요일 09:23:51 163 ] Settings_Page -> WorkTargetChange 
[ default 2023-04-27 목요일 09:23:51 256 ] Settings_Page -> WorkTargetChange 
[ default 2023-04-27 목요일 09:23:51 351 ] Settings_Page -> WorkTargetChange 
[ default 2023-04-27 목요일 09:23:51 354 ] Settings_Page -> WorkTargetChange 
[ default 2023-04-27 목요일 09:23:51 355 ] Settings_Page -> WorkTargetChange 
[ default 2023-04-27 목요일 09:23:51 424 ] Settings_Page -> WorkTargetChange 
[ default 2023-04-27 목요일 09:23:53 324 ] Settings_Page -> WorkTargetChange 
[ default 2023-04-27 목요일 09:23:53 326 ] Settings_Page -> WorkTargetChange 
[ default 2023-04-27 목요일 09:23:53 410 ] Settings_Page -> WorkUserSet 
[ default 2023-04-27 목요일 09:38:37 662 ] 프로그램 시작
[ default 2023-04-27 목요일 09:38:40 007 ] Form1 -> Form1_Shown 
[ default 2023-04-27 목요일 09:38:40 528 ] RealTimeView_Page -> PanelSettings 
[ default 2023-04-27 목요일 09:38:40 843 ] RealTimeView_Page -> RealTimeView_Page_Load 
[ default 2023-04-27 목요일 09:38:40 844 ] RealTimeView_Page -> VideoSetLoad 
[ default 2023-04-27 목요일 09:38:40 846 ] RealTimeView_Page -> cb_TextView_SelectedValueChanged 
[ default 2023-04-27 목요일 09:38:40 847 ] Settings_Page -> XMLSave 
[ default 2023-04-27 목요일 09:38:40 847 ] CameraControl -> CameraOpen 
[ default 2023-04-27 목요일 09:38:41 105 ] CameraControl -> open 
[ default 2023-04-27 목요일 09:38:41 239 ] RealTimeView_Page -> CreateBitmap 
[ default 2023-04-27 목요일 09:38:41 254 ] CameraControl -> SetEnableImageCallback 
[ default 2023-04-27 목요일 09:38:41 267 ] CameraControl -> Start 
[ default 2023-04-27 목요일 09:38:41 383 ] CameraControl -> CameraOpen 
[ default 2023-04-27 목요일 09:38:41 734 ] CameraControl -> open 
[ default 2023-04-27 목요일 09:38:41 747 ] RealTimeView_Page -> CreateBitmap 
[ default 2023-04-27 목요일 09:38:41 754 ] CameraControl -> SetEnableImageCallback 
[ default 2023-04-27 목요일 09:38:41 757 ] CameraControl -> Start 
[ default 2023-04-27 목요일 09:38:41 836 ] CameraControl -> CameraOpen 
[ default 2023-04-27 목요일 09:38:42 459 ] CameraControl -> open 
[ default 2023-04-27 목요일 09:38:42 479 ] RealTimeView_Page -> CreateBitmap 
[ default 2023-04-27 목요일 09:38:42 486 ] CameraControl -> SetEnableImageCallback 
[ default 2023-04-27 목요일 09:38:42 488 ] CameraControl -> Start 
[ default 2023-04-27 목요일 09:38:42 625 ] Settings_Page -> XMLSave 
[ default 2023-04-27 목요일 09:38:42 664 ] VideoCheck_Page -> PanelSettings 
[ default 2023-04-27 목요일 09:38:42 777 ] VideoAnalysis_Page -> PanelSettings 
[ default 2023-04-27 목요일 09:38:51 306 ] Settings_Page -> WorkUserChange 
[ default 2023-04-27 목요일 09:38:51 384 ] Settings_Page -> WorkUserChange 
[ default 2023-04-27 목요일 09:38:51 752 ] Settings_Page -> WorkUserChange 
[ default 2023-04-27 목요일 09:38:51 983 ] Settings_Page -> WorkUserChange 
[ default 2023-04-27 목요일 09:38:51 987 ] Settings_Page -> WorkUserChange 
[ default 2023-04-27 목요일 09:38:51 989 ] Settings_Page -> WorkUserChange 
[ default 2023-04-27 목요일 09:38:52 135 ] Settings_Page -> WorkUserChange 
[ default 2023-04-27 목요일 09:38:52 168 ] Settings_Page -> WorkUserChange 
[ default 2023-04-27 목요일 09:38:52 343 ] Settings_Page -> WorkUserChange 
[ default 2023-04-27 목요일 09:38:52 345 ] Settings_Page -> WorkUserChange 
[ default 2023-04-27 목요일 09:38:52 346 ] Settings_Page -> WorkUserChange 
[ default 2023-04-27 목요일 09:38:52 423 ] Settings_Page -> WorkUserChange 
[ default 2023-04-27 목요일 09:38:52 504 ] Settings_Page -> WorkUserChange 
[ default 2023-04-27 목요일 09:38:52 720 ] Settings_Page -> WorkUserChange 
[ default 2023-04-27 목요일 09:38:52 722 ] Settings_Page -> WorkUserChange 
[ default 2023-04-27 목요일 09:38:53 288 ] Settings_Page -> WorkTargetChange 
[ default 2023-04-27 목요일 09:38:53 391 ] Settings_Page -> WorkTargetChange 
[ default 2023-04-27 목요일 09:38:53 455 ] Settings_Page -> WorkTargetChange 
[ default 2023-04-27 목요일 09:38:53 575 ] Settings_Page -> WorkTargetChange 
[ default 2023-04-27 목요일 09:38:53 576 ] Settings_Page -> WorkTargetChange 
[ default 2023-04-27 목요일 09:38:53 577 ] Settings_Page -> WorkTargetChange 
[ default 2023-04-27 목요일 09:38:53 631 ] Settings_Page -> WorkTargetChange 
[ default 2023-04-27 목요일 09:38:53 743 ] Settings_Page -> WorkTargetChange 
[ default 2023-04-27 목요일 09:38:53 744 ] Settings_Page -> WorkTargetChange 
[ default 2023-04-27 목요일 09:38:53 746 ] Settings_Page -> WorkTargetChange 
[ default 2023-04-27 목요일 09:38:53 871 ] Settings_Page -> WorkTargetChange 
[ default 2023-04-27 목요일 09:38:53 967 ] Settings_Page -> WorkTargetChange 
[ default 2023-04-27 목요일 09:38:53 969 ] Settings_Page -> WorkTargetChange 
[ default 2023-04-27 목요일 09:38:53 970 ] Settings_Page -> WorkTargetChange 
[ default 2023-04-27 목요일 09:38:54 071 ] Settings_Page -> WorkTargetChange 
[ default 2023-04-27 목요일 09:38:54 222 ] Settings_Page -> WorkTargetChange 
[ default 2023-04-27 목요일 09:38:54 224 ] Settings_Page -> WorkTargetChange 
[ default 2023-04-27 목요일 09:38:54 225 ] Settings_Page -> WorkTargetChange 
[ default 2023-04-27 목요일 09:38:54 256 ] Settings_Page -> WorkTargetChange 
[ default 2023-04-27 목요일 09:38:55 604 ] Settings_Page -> WorkTargetChange 
[ default 2023-04-27 목요일 09:38:55 606 ] Settings_Page -> WorkTargetChange 
[ default 2023-04-27 목요일 09:38:55 686 ] Settings_Page -> WorkUserSet 
[ default 2023-04-27 목요일 09:44:52 014 ] 프로그램 시작
[ default 2023-04-27 목요일 09:44:54 340 ] Form1 -> Form1_Shown 
[ default 2023-04-27 목요일 09:44:54 845 ] RealTimeView_Page -> PanelSettings 
[ default 2023-04-27 목요일 09:44:55 145 ] RealTimeView_Page -> RealTimeView_Page_Load 
[ default 2023-04-27 목요일 09:44:55 146 ] RealTimeView_Page -> VideoSetLoad 
[ default 2023-04-27 목요일 09:44:55 147 ] RealTimeView_Page -> cb_TextView_SelectedValueChanged 
[ default 2023-04-27 목요일 09:44:55 148 ] Settings_Page -> XMLSave 
[ default 2023-04-27 목요일 09:44:55 149 ] CameraControl -> CameraOpen 
[ default 2023-04-27 목요일 09:44:55 414 ] CameraControl -> open 
[ default 2023-04-27 목요일 09:44:55 441 ] RealTimeView_Page -> CreateBitmap 
[ default 2023-04-27 목요일 09:44:55 453 ] CameraControl -> SetEnableImageCallback 
[ default 2023-04-27 목요일 09:44:55 462 ] CameraControl -> Start 
[ default 2023-04-27 목요일 09:44:55 511 ] CameraControl -> CameraOpen 
[ default 2023-04-27 목요일 09:44:55 818 ] CameraControl -> open 
[ default 2023-04-27 목요일 09:44:55 827 ] RealTimeView_Page -> CreateBitmap 
[ default 2023-04-27 목요일 09:44:55 835 ] CameraControl -> SetEnableImageCallback 
[ default 2023-04-27 목요일 09:44:55 837 ] CameraControl -> Start 
[ default 2023-04-27 목요일 09:44:55 894 ] CameraControl -> CameraOpen 
[ default 2023-04-27 목요일 09:44:57 432 ] CameraControl -> open 
[ default 2023-04-27 목요일 09:44:57 454 ] RealTimeView_Page -> CreateBitmap 
[ default 2023-04-27 목요일 09:44:57 461 ] CameraControl -> SetEnableImageCallback 
[ default 2023-04-27 목요일 09:44:57 464 ] CameraControl -> Start 
[ default 2023-04-27 목요일 09:44:57 593 ] Settings_Page -> XMLSave 
[ default 2023-04-27 목요일 09:44:57 624 ] VideoCheck_Page -> PanelSettings 
[ default 2023-04-27 목요일 09:44:57 722 ] VideoAnalysis_Page -> PanelSettings 
[ default 2023-04-27 목요일 09:45:00 584 ] Form1 -> Form1_FormClosing 
[ default 2023-04-27 목요일 09:45:00 593 ] RealTimeView_Page -> CameraClose 
[ default 2023-04-27 목요일 09:45:00 596 ] CameraControl -> Stop 
[ default 2023-04-27 목요일 09:45:00 819 ] CameraControl -> Close 
[ default 2023-04-27 목요일 09:45:00 835 ] CameraControl -> Stop 
[ default 2023-04-27 목요일 09:45:02 178 ] CameraControl -> Close 
[ default 2023-04-27 목요일 09:45:02 196 ] CameraControl -> Stop 
[ default 2023-04-27 목요일 09:45:02 538 ] CameraControl -> Close 
[ default 2023-04-27 목요일 09:45:02 555 ] VideoCheck_Page -> VideoClose 
[ default 2023-04-27 목요일 09:45:02 556 ] VideoAnalysis_Page -> VideoClose 
[ default 2023-04-27 목요일 09:45:02 693 ] CameraControl -> Finalize 
[ default 2023-04-27 목요일 09:45:02 694 ] CameraControl -> Close 
[ default 2023-04-27 목요일 09:45:02 700 ] CameraControl -> Finalize 
[ default 2023-04-27 목요일 09:45:02 702 ] CameraControl -> Close 
[ default 2023-04-27 목요일 09:45:02 702 ] CameraControl -> Finalize 
[ default 2023-04-27 목요일 09:45:02 702 ] CameraControl -> Close 
[ default 2023-04-27 목요일 09:45:59 324 ] 프로그램 시작
[ default 2023-04-27 목요일 09:46:01 670 ] Form1 -> Form1_Shown 
[ default 2023-04-27 목요일 09:46:02 236 ] RealTimeView_Page -> PanelSettings 
[ default 2023-04-27 목요일 09:46:02 565 ] RealTimeView_Page -> RealTimeView_Page_Load 
[ default 2023-04-27 목요일 09:46:02 566 ] RealTimeView_Page -> VideoSetLoad 
[ default 2023-04-27 목요일 09:46:02 567 ] RealTimeView_Page -> cb_TextView_SelectedValueChanged 
[ default 2023-04-27 목요일 09:46:02 569 ] Settings_Page -> XMLSave 
[ default 2023-04-27 목요일 09:46:02 570 ] CameraControl -> CameraOpen 
[ default 2023-04-27 목요일 09:46:02 806 ] CameraControl -> open 
[ default 2023-04-27 목요일 09:46:02 851 ] RealTimeView_Page -> CreateBitmap 
[ default 2023-04-27 목요일 09:46:02 876 ] CameraControl -> SetEnableImageCallback 
[ default 2023-04-27 목요일 09:46:02 891 ] CameraControl -> Start 
[ default 2023-04-27 목요일 09:46:02 961 ] CameraControl -> CameraOpen 
[ default 2023-04-27 목요일 09:46:03 329 ] CameraControl -> open 
[ default 2023-04-27 목요일 09:46:03 340 ] RealTimeView_Page -> CreateBitmap 
[ default 2023-04-27 목요일 09:46:03 360 ] CameraControl -> SetEnableImageCallback 
[ default 2023-04-27 목요일 09:46:03 363 ] CameraControl -> Start 
[ default 2023-04-27 목요일 09:46:03 481 ] CameraControl -> CameraOpen 
[ default 2023-04-27 목요일 09:46:03 819 ] CameraControl -> open 
[ default 2023-04-27 목요일 09:46:03 842 ] RealTimeView_Page -> CreateBitmap 
[ default 2023-04-27 목요일 09:46:03 850 ] CameraControl -> SetEnableImageCallback 
[ default 2023-04-27 목요일 09:46:03 854 ] CameraControl -> Start 
[ default 2023-04-27 목요일 09:46:04 000 ] Settings_Page -> XMLSave 
[ default 2023-04-27 목요일 09:46:04 039 ] VideoCheck_Page -> PanelSettings 
[ default 2023-04-27 목요일 09:46:04 118 ] VideoAnalysis_Page -> PanelSettings 
[ default 2023-04-27 목요일 09:46:07 014 ] Settings_Page -> WorkUserChange 
[ default 2023-04-27 목요일 09:46:07 055 ] Settings_Page -> WorkUserChange 
[ default 2023-04-27 목요일 09:46:07 207 ] Settings_Page -> WorkUserChange 
[ default 2023-04-27 목요일 09:46:07 423 ] Settings_Page -> WorkUserChange 
[ default 2023-04-27 목요일 09:46:07 426 ] Settings_Page -> WorkUserChange 
[ default 2023-04-27 목요일 09:46:07 428 ] Settings_Page -> WorkUserChange 
[ default 2023-04-27 목요일 09:46:07 559 ] Settings_Page -> WorkUserChange 
[ default 2023-04-27 목요일 09:46:07 598 ] Settings_Page -> WorkUserChange 
[ default 2023-04-27 목요일 09:46:07 783 ] Settings_Page -> WorkUserChange 
[ default 2023-04-27 목요일 09:46:07 785 ] Settings_Page -> WorkUserChange 
[ default 2023-04-27 목요일 09:46:07 786 ] Settings_Page -> WorkUserChange 
[ default 2023-04-27 목요일 09:46:07 887 ] Settings_Page -> WorkUserChange 
[ default 2023-04-27 목요일 09:46:07 959 ] Settings_Page -> WorkUserChange 
[ default 2023-04-27 목요일 09:46:08 184 ] Settings_Page -> WorkUserChange 
[ default 2023-04-27 목요일 09:46:08 186 ] Settings_Page -> WorkUserChange 
[ default 2023-04-27 목요일 09:46:08 488 ] Settings_Page -> WorkTargetChange 
[ default 2023-04-27 목요일 09:46:08 584 ] Settings_Page -> WorkTargetChange 
[ default 2023-04-27 목요일 09:46:08 647 ] Settings_Page -> WorkTargetChange 
[ default 2023-04-27 목요일 09:46:08 758 ] Settings_Page -> WorkTargetChange 
[ default 2023-04-27 목요일 09:46:08 760 ] Settings_Page -> WorkTargetChange 
[ default 2023-04-27 목요일 09:46:08 761 ] Settings_Page -> WorkTargetChange 
[ default 2023-04-27 목요일 09:46:08 838 ] Settings_Page -> WorkTargetChange 
[ default 2023-04-27 목요일 09:46:08 942 ] Settings_Page -> WorkTargetChange 
[ default 2023-04-27 목요일 09:46:08 944 ] Settings_Page -> WorkTargetChange 
[ default 2023-04-27 목요일 09:46:08 945 ] Settings_Page -> WorkTargetChange 
[ default 2023-04-27 목요일 09:46:09 031 ] Settings_Page -> WorkTargetChange 
[ default 2023-04-27 목요일 09:46:09 134 ] Settings_Page -> WorkTargetChange 
[ default 2023-04-27 목요일 09:46:09 136 ] Settings_Page -> WorkTargetChange 
[ default 2023-04-27 목요일 09:46:09 137 ] Settings_Page -> WorkTargetChange 
[ default 2023-04-27 목요일 09:46:09 239 ] Settings_Page -> WorkTargetChange 
[ default 2023-04-27 목요일 09:46:09 342 ] Settings_Page -> WorkTargetChange 
[ default 2023-04-27 목요일 09:46:09 344 ] Settings_Page -> WorkTargetChange 
[ default 2023-04-27 목요일 09:46:09 345 ] Settings_Page -> WorkTargetChange 
[ default 2023-04-27 목요일 09:46:09 439 ] Settings_Page -> WorkTargetChange 
[ default 2023-04-27 목요일 09:46:10 718 ] Settings_Page -> WorkTargetChange 
[ default 2023-04-27 목요일 09:46:10 719 ] Settings_Page -> WorkTargetChange 
[ default 2023-04-27 목요일 09:46:10 815 ] Settings_Page -> WorkUserSet 
[ default 2023-04-27 목요일 16:51:15 939 ] 프로그램 시작
[ default 2023-04-27 목요일 16:51:18 352 ] Form1 -> Form1_Shown 
[ default 2023-04-27 목요일 16:51:19 382 ] RealTimeView_Page -> PanelSettings 
[ default 2023-04-27 목요일 16:51:19 777 ] RealTimeView_Page -> RealTimeView_Page_Load 
[ default 2023-04-27 목요일 16:51:19 778 ] RealTimeView_Page -> VideoSetLoad 
[ default 2023-04-27 목요일 16:51:19 779 ] RealTimeView_Page -> cb_TextView_SelectedValueChanged 
[ default 2023-04-27 목요일 16:51:19 781 ] Settings_Page -> XMLSave 
[ default 2023-04-27 목요일 16:51:19 783 ] CameraControl -> CameraOpen 
[ default 2023-04-27 목요일 16:51:20 084 ] CameraControl -> open 
[ default 2023-04-27 목요일 16:51:20 116 ] RealTimeView_Page -> CreateBitmap 
[ default 2023-04-27 목요일 16:51:20 136 ] CameraControl -> SetEnableImageCallback 
[ default 2023-04-27 목요일 16:51:20 154 ] CameraControl -> Start 
[ default 2023-04-27 목요일 16:51:20 232 ] CameraControl -> CameraOpen 
[ default 2023-04-27 목요일 16:51:20 641 ] CameraControl -> open 
[ default 2023-04-27 목요일 16:51:20 652 ] RealTimeView_Page -> CreateBitmap 
[ default 2023-04-27 목요일 16:51:20 658 ] CameraControl -> SetEnableImageCallback 
[ default 2023-04-27 목요일 16:51:20 664 ] CameraControl -> Start 
[ default 2023-04-27 목요일 16:51:20 705 ] CameraControl -> CameraOpen 
[ default 2023-04-27 목요일 16:51:21 048 ] CameraControl -> open 
[ default 2023-04-27 목요일 16:51:21 072 ] RealTimeView_Page -> CreateBitmap 
[ default 2023-04-27 목요일 16:51:21 084 ] CameraControl -> SetEnableImageCallback 
[ default 2023-04-27 목요일 16:51:21 090 ] CameraControl -> Start 
[ default 2023-04-27 목요일 16:51:21 287 ] Settings_Page -> XMLSave 
[ default 2023-04-27 목요일 16:51:21 326 ] VideoCheck_Page -> PanelSettings 
[ default 2023-04-27 목요일 16:51:21 473 ] VideoAnalysis_Page -> PanelSettings 
[ default 2023-04-27 목요일 16:51:25 387 ] Settings_Page -> WorkUserChange 
[ default 2023-04-27 목요일 16:51:25 460 ] Settings_Page -> WorkUserChange 
[ default 2023-04-27 목요일 16:51:25 579 ] Settings_Page -> WorkUserChange 
[ default 2023-04-27 목요일 16:51:25 771 ] Settings_Page -> WorkUserChange 
[ default 2023-04-27 목요일 16:51:25 776 ] Settings_Page -> WorkUserChange 
[ default 2023-04-27 목요일 16:51:25 779 ] Settings_Page -> WorkUserChange 
[ default 2023-04-27 목요일 16:51:25 899 ] Settings_Page -> WorkUserChange 
[ default 2023-04-27 목요일 16:51:25 939 ] Settings_Page -> WorkUserChange 
[ default 2023-04-27 목요일 16:51:26 107 ] Settings_Page -> WorkUserChange 
[ default 2023-04-27 목요일 16:51:26 109 ] Settings_Page -> WorkUserChange 
[ default 2023-04-27 목요일 16:51:26 110 ] Settings_Page -> WorkUserChange 
[ default 2023-04-27 목요일 16:51:26 219 ] Settings_Page -> WorkUserChange 
[ default 2023-04-27 목요일 16:51:26 331 ] Settings_Page -> WorkUserChange 
[ default 2023-04-27 목요일 16:51:26 556 ] Settings_Page -> WorkUserChange 
[ default 2023-04-27 목요일 16:51:26 559 ] Settings_Page -> WorkUserChange 
[ default 2023-04-27 목요일 16:51:26 972 ] Settings_Page -> WorkTargetChange 
[ default 2023-04-27 목요일 16:51:27 067 ] Settings_Page -> WorkTargetChange 
[ default 2023-04-27 목요일 16:51:27 155 ] Settings_Page -> WorkTargetChange 
[ default 2023-04-27 목요일 16:51:27 259 ] Settings_Page -> WorkTargetChange 
[ default 2023-04-27 목요일 16:51:27 261 ] Settings_Page -> WorkTargetChange 
[ default 2023-04-27 목요일 16:51:27 262 ] Settings_Page -> WorkTargetChange 
[ default 2023-04-27 목요일 16:51:27 363 ] Settings_Page -> WorkTargetChange 
[ default 2023-04-27 목요일 16:51:27 458 ] Settings_Page -> WorkTargetChange 
[ default 2023-04-27 목요일 16:51:27 460 ] Settings_Page -> WorkTargetChange 
[ default 2023-04-27 목요일 16:51:27 462 ] Settings_Page -> WorkTargetChange 
[ default 2023-04-27 목요일 16:51:27 591 ] Settings_Page -> WorkTargetChange 
[ default 2023-04-27 목요일 16:51:27 714 ] Settings_Page -> WorkTargetChange 
[ default 2023-04-27 목요일 16:51:27 717 ] Settings_Page -> WorkTargetChange 
[ default 2023-04-27 목요일 16:51:27 719 ] Settings_Page -> WorkTargetChange 
[ default 2023-04-27 목요일 16:51:27 812 ] Settings_Page -> WorkTargetChange 
[ default 2023-04-27 목요일 16:51:27 923 ] Settings_Page -> WorkTargetChange 
[ default 2023-04-27 목요일 16:51:27 926 ] Settings_Page -> WorkTargetChange 
[ default 2023-04-27 목요일 16:51:27 931 ] Settings_Page -> WorkTargetChange 
[ default 2023-04-27 목요일 16:51:28 003 ] Settings_Page -> WorkTargetChange 
[ default 2023-04-27 목요일 16:51:29 139 ] Settings_Page -> WorkTargetChange 
[ default 2023-04-27 목요일 16:51:29 141 ] Settings_Page -> WorkTargetChange 
[ default 2023-04-27 목요일 16:51:29 227 ] Settings_Page -> WorkUserSet 
[ default 2023-04-27 목요일 17:02:53 107 ] 프로그램 시작
[ default 2023-04-27 목요일 17:02:55 435 ] Form1 -> Form1_Shown 
[ default 2023-04-27 목요일 17:02:56 059 ] RealTimeView_Page -> PanelSettings 
[ default 2023-04-27 목요일 17:02:56 394 ] RealTimeView_Page -> RealTimeView_Page_Load 
[ default 2023-04-27 목요일 17:02:56 395 ] RealTimeView_Page -> VideoSetLoad 
[ default 2023-04-27 목요일 17:02:56 396 ] RealTimeView_Page -> cb_TextView_SelectedValueChanged 
[ default 2023-04-27 목요일 17:02:56 397 ] Settings_Page -> XMLSave 
[ default 2023-04-27 목요일 17:02:56 398 ] CameraControl -> CameraOpen 
[ default 2023-04-27 목요일 17:02:56 681 ] CameraControl -> open 
[ default 2023-04-27 목요일 17:02:56 712 ] RealTimeView_Page -> CreateBitmap 
[ default 2023-04-27 목요일 17:02:56 730 ] CameraControl -> SetEnableImageCallback 
[ default 2023-04-27 목요일 17:02:56 743 ] CameraControl -> Start 
[ default 2023-04-27 목요일 17:02:56 875 ] CameraControl -> CameraOpen 
[ default 2023-04-27 목요일 17:02:57 264 ] CameraControl -> open 
[ default 2023-04-27 목요일 17:02:57 298 ] RealTimeView_Page -> CreateBitmap 
[ default 2023-04-27 목요일 17:02:57 311 ] CameraControl -> SetEnableImageCallback 
[ default 2023-04-27 목요일 17:02:57 315 ] CameraControl -> Start 
[ default 2023-04-27 목요일 17:02:57 356 ] CameraControl -> CameraOpen 
[ default 2023-04-27 목요일 17:02:57 657 ] CameraControl -> open 
[ default 2023-04-27 목요일 17:02:57 681 ] RealTimeView_Page -> CreateBitmap 
[ default 2023-04-27 목요일 17:02:57 690 ] CameraControl -> SetEnableImageCallback 
[ default 2023-04-27 목요일 17:02:57 692 ] CameraControl -> Start 
[ default 2023-04-27 목요일 17:02:57 797 ] Settings_Page -> XMLSave 
[ default 2023-04-27 목요일 17:02:57 842 ] VideoCheck_Page -> PanelSettings 
[ default 2023-04-27 목요일 17:02:57 959 ] VideoAnalysis_Page -> PanelSettings 
[ default 2023-04-27 목요일 17:03:01 145 ] Settings_Page -> WorkUserChange 
[ default 2023-04-27 목요일 17:03:01 202 ] Settings_Page -> WorkUserChange 
[ default 2023-04-27 목요일 17:03:01 322 ] Settings_Page -> WorkUserChange 
[ default 2023-04-27 목요일 17:03:01 490 ] Settings_Page -> WorkUserChange 
[ default 2023-04-27 목요일 17:03:01 504 ] Settings_Page -> WorkUserChange 
[ default 2023-04-27 목요일 17:03:01 505 ] Settings_Page -> WorkUserChange 
[ default 2023-04-27 목요일 17:03:01 604 ] Settings_Page -> WorkUserChange 
[ default 2023-04-27 목요일 17:03:01 658 ] Settings_Page -> WorkUserChange 
[ default 2023-04-27 목요일 17:03:01 826 ] Settings_Page -> WorkUserChange 
[ default 2023-04-27 목요일 17:03:01 827 ] Settings_Page -> WorkUserChange 
[ default 2023-04-27 목요일 17:03:01 828 ] Settings_Page -> WorkUserChange 
[ default 2023-04-27 목요일 17:03:01 923 ] Settings_Page -> WorkUserChange 
[ default 2023-04-27 목요일 17:03:01 986 ] Settings_Page -> WorkUserChange 
[ default 2023-04-27 목요일 17:03:02 164 ] Settings_Page -> WorkUserChange 
[ default 2023-04-27 목요일 17:03:02 167 ] Settings_Page -> WorkUserChange 
[ default 2023-04-27 목요일 17:03:02 387 ] Settings_Page -> WorkTargetChange 
[ default 2023-04-27 목요일 17:03:02 482 ] Settings_Page -> WorkTargetChange 
[ default 2023-04-27 목요일 17:03:02 562 ] Settings_Page -> WorkTargetChange 
[ default 2023-04-27 목요일 17:03:02 666 ] Settings_Page -> WorkTargetChange 
[ default 2023-04-27 목요일 17:03:02 668 ] Settings_Page -> WorkTargetChange 
[ default 2023-04-27 목요일 17:03:02 669 ] Settings_Page -> WorkTargetChange 
[ default 2023-04-27 목요일 17:03:02 762 ] Settings_Page -> WorkTargetChange 
[ default 2023-04-27 목요일 17:03:02 850 ] Settings_Page -> WorkTargetChange 
[ default 2023-04-27 목요일 17:03:02 851 ] Settings_Page -> WorkTargetChange 
[ default 2023-04-27 목요일 17:03:02 852 ] Settings_Page -> WorkTargetChange 
[ default 2023-04-27 목요일 17:03:02 978 ] Settings_Page -> WorkTargetChange 
[ default 2023-04-27 목요일 17:03:03 090 ] Settings_Page -> WorkTargetChange 
[ default 2023-04-27 목요일 17:03:03 091 ] Settings_Page -> WorkTargetChange 
[ default 2023-04-27 목요일 17:03:03 092 ] Settings_Page -> WorkTargetChange 
[ default 2023-04-27 목요일 17:03:03 179 ] Settings_Page -> WorkTargetChange 
[ default 2023-04-27 목요일 17:03:03 282 ] Settings_Page -> WorkTargetChange 
[ default 2023-04-27 목요일 17:03:03 283 ] Settings_Page -> WorkTargetChange 
[ default 2023-04-27 목요일 17:03:03 284 ] Settings_Page -> WorkTargetChange 
[ default 2023-04-27 목요일 17:03:03 386 ] Settings_Page -> WorkTargetChange 
[ default 2023-04-27 목요일 17:03:04 388 ] Settings_Page -> WorkTargetChange 
[ default 2023-04-27 목요일 17:03:04 389 ] Settings_Page -> WorkTargetChange 
[ default 2023-04-27 목요일 17:03:04 487 ] Settings_Page -> WorkUserSet 
[ default 2023-04-27 목요일 17:19:29 443 ] 프로그램 시작
[ default 2023-04-27 목요일 17:19:31 818 ] Form1 -> Form1_Shown 
[ default 2023-04-27 목요일 17:19:32 410 ] RealTimeView_Page -> PanelSettings 
[ default 2023-04-27 목요일 17:19:32 747 ] RealTimeView_Page -> RealTimeView_Page_Load 
[ default 2023-04-27 목요일 17:19:32 748 ] RealTimeView_Page -> VideoSetLoad 
[ default 2023-04-27 목요일 17:19:32 750 ] RealTimeView_Page -> cb_TextView_SelectedValueChanged 
[ default 2023-04-27 목요일 17:19:32 751 ] Settings_Page -> XMLSave 
[ default 2023-04-27 목요일 17:19:32 754 ] CameraControl -> CameraOpen 
[ default 2023-04-27 목요일 17:19:33 054 ] CameraControl -> open 
[ default 2023-04-27 목요일 17:19:33 084 ] RealTimeView_Page -> CreateBitmap 
[ default 2023-04-27 목요일 17:19:33 096 ] CameraControl -> SetEnableImageCallback 
[ default 2023-04-27 목요일 17:19:33 109 ] CameraControl -> Start 
[ default 2023-04-27 목요일 17:19:33 158 ] CameraControl -> CameraOpen 
[ default 2023-04-27 목요일 17:19:33 423 ] CameraControl -> open 
[ default 2023-04-27 목요일 17:19:33 433 ] RealTimeView_Page -> CreateBitmap 
[ default 2023-04-27 목요일 17:19:33 442 ] CameraControl -> SetEnableImageCallback 
[ default 2023-04-27 목요일 17:19:33 445 ] CameraControl -> Start 
[ default 2023-04-27 목요일 17:19:33 489 ] CameraControl -> CameraOpen 
[ default 2023-04-27 목요일 17:19:35 121 ] CameraControl -> open 
[ default 2023-04-27 목요일 17:19:35 147 ] RealTimeView_Page -> CreateBitmap 
[ default 2023-04-27 목요일 17:19:35 158 ] CameraControl -> SetEnableImageCallback 
[ default 2023-04-27 목요일 17:19:35 160 ] CameraControl -> Start 
[ default 2023-04-27 목요일 17:19:35 292 ] Settings_Page -> XMLSave 
[ default 2023-04-27 목요일 17:19:35 349 ] VideoCheck_Page -> PanelSettings 
[ default 2023-04-27 목요일 17:19:35 529 ] VideoAnalysis_Page -> PanelSettings 
[ default 2023-04-27 목요일 17:19:38 444 ] Settings_Page -> WorkUserChange 
[ default 2023-04-27 목요일 17:19:39 113 ] Settings_Page -> WorkUserChange 
[ default 2023-04-27 목요일 17:19:39 193 ] Settings_Page -> WorkUserChange 
[ default 2023-04-27 목요일 17:19:39 368 ] Settings_Page -> WorkUserChange 
[ default 2023-04-27 목요일 17:19:39 382 ] Settings_Page -> WorkUserChange 
[ default 2023-04-27 목요일 17:19:39 383 ] Settings_Page -> WorkUserChange 
[ default 2023-04-27 목요일 17:19:39 466 ] Settings_Page -> WorkUserChange 
[ default 2023-04-27 목요일 17:19:39 545 ] Settings_Page -> WorkUserChange 
[ default 2023-04-27 목요일 17:19:39 689 ] Settings_Page -> WorkUserChange 
[ default 2023-04-27 목요일 17:19:39 691 ] Settings_Page -> WorkUserChange 
[ default 2023-04-27 목요일 17:19:39 693 ] Settings_Page -> WorkUserChange 
[ default 2023-04-27 목요일 17:19:39 786 ] Settings_Page -> WorkUserChange 
[ default 2023-04-27 목요일 17:19:39 858 ] Settings_Page -> WorkUserChange 
[ default 2023-04-27 목요일 17:19:40 019 ] Settings_Page -> WorkUserChange 
[ default 2023-04-27 목요일 17:19:40 022 ] Settings_Page -> WorkUserChange 
[ default 2023-04-27 목요일 17:19:40 299 ] Settings_Page -> WorkTargetChange 
[ default 2023-04-27 목요일 17:19:40 385 ] Settings_Page -> WorkTargetChange 
[ default 2023-04-27 목요일 17:19:40 458 ] Settings_Page -> WorkTargetChange 
[ default 2023-04-27 목요일 17:19:40 537 ] Settings_Page -> WorkTargetChange 
[ default 2023-04-27 목요일 17:19:40 539 ] Settings_Page -> WorkTargetChange 
[ default 2023-04-27 목요일 17:19:40 540 ] Settings_Page -> WorkTargetChange 
[ default 2023-04-27 목요일 17:19:40 657 ] Settings_Page -> WorkTargetChange 
[ default 2023-04-27 목요일 17:19:40 754 ] Settings_Page -> WorkTargetChange 
[ default 2023-04-27 목요일 17:19:40 756 ] Settings_Page -> WorkTargetChange 
[ default 2023-04-27 목요일 17:19:40 757 ] Settings_Page -> WorkTargetChange 
[ default 2023-04-27 목요일 17:19:40 882 ] Settings_Page -> WorkTargetChange 
[ default 2023-04-27 목요일 17:19:41 000 ] Settings_Page -> WorkTargetChange 
[ default 2023-04-27 목요일 17:19:41 003 ] Settings_Page -> WorkTargetChange 
[ default 2023-04-27 목요일 17:19:41 005 ] Settings_Page -> WorkTargetChange 
[ default 2023-04-27 목요일 17:19:41 089 ] Settings_Page -> WorkTargetChange 
[ default 2023-04-27 목요일 17:19:41 178 ] Settings_Page -> WorkTargetChange 
[ default 2023-04-27 목요일 17:19:41 180 ] Settings_Page -> WorkTargetChange 
[ default 2023-04-27 목요일 17:19:41 182 ] Settings_Page -> WorkTargetChange 
[ default 2023-04-27 목요일 17:19:41 281 ] Settings_Page -> WorkTargetChange 
[ default 2023-04-27 목요일 17:19:42 462 ] Settings_Page -> WorkTargetChange 
[ default 2023-04-27 목요일 17:19:42 466 ] Settings_Page -> WorkTargetChange 
[ default 2023-04-27 목요일 17:19:42 524 ] Settings_Page -> WorkUserSet 
