[ 2023-04-18 화요일 17:11:48 688 ] 프로그램 시작
[ 2023-04-18 화요일 17:11:50 997 ] Form1 -> Form1_Shown 
[ 2023-04-18 화요일 17:11:51 484 ] RealTimeView_Page -> PanelSettings 
[ 2023-04-18 화요일 17:11:51 806 ] RealTimeView_Page -> RealTimeView_Page_Load 
[ 2023-04-18 화요일 17:11:51 806 ] RealTimeView_Page -> VideoSetLoad 
[ 2023-04-18 화요일 17:11:51 807 ] RealTimeView_Page -> cb_TextView_SelectedValueChanged 
[ 2023-04-18 화요일 17:11:51 808 ] Settings_Page -> XMLSave 
[ 2023-04-18 화요일 17:11:51 809 ] CameraControl -> CameraOpen 
[ 2023-04-18 화요일 17:11:52 116 ] CameraControl -> open 
[ 2023-04-18 화요일 17:11:52 145 ] RealTimeView_Page -> CreateBitmap 
[ 2023-04-18 화요일 17:11:52 160 ] CameraControl -> SetEnableImageCallback 
[ 2023-04-18 화요일 17:11:52 171 ] CameraControl -> Start 
[ 2023-04-18 화요일 17:11:52 228 ] CameraControl -> CameraOpen 
[ 2023-04-18 화요일 17:11:52 508 ] CameraControl -> open 
[ 2023-04-18 화요일 17:11:52 521 ] RealTimeView_Page -> CreateBitmap 
[ 2023-04-18 화요일 17:11:52 529 ] CameraControl -> SetEnableImageCallback 
[ 2023-04-18 화요일 17:11:52 532 ] CameraControl -> Start 
[ 2023-04-18 화요일 17:11:52 576 ] CameraControl -> CameraOpen 
[ 2023-04-18 화요일 17:11:52 875 ] CameraControl -> open 
[ 2023-04-18 화요일 17:11:52 894 ] RealTimeView_Page -> CreateBitmap 
[ 2023-04-18 화요일 17:11:52 904 ] CameraControl -> SetEnableImageCallback 
[ 2023-04-18 화요일 17:11:52 907 ] CameraControl -> Start 
[ 2023-04-18 화요일 17:11:52 971 ] Settings_Page -> XMLSave 
[ 2023-04-18 화요일 17:11:53 018 ] VideoCheck_Page -> PanelSettings 
[ 2023-04-18 화요일 17:11:53 105 ] VideoAnalysis_Page -> PanelSettings 
[ 2023-04-18 화요일 17:11:55 154 ] Form1 -> NavigationClick 
[ 2023-04-18 화요일 17:12:06 494 ] Settings_Page -> FolderOpen 
[ 2023-04-18 화요일 17:14:38 567 ] Form1 -> Form1_FormClosing 
[ 2023-04-18 화요일 17:14:38 574 ] RealTimeView_Page -> CameraClose 
[ 2023-04-18 화요일 17:14:38 578 ] CameraControl -> Stop 
[ 2023-04-18 화요일 17:14:40 008 ] CameraControl -> Close 
[ 2023-04-18 화요일 17:14:40 040 ] CameraControl -> Stop 
[ 2023-04-18 화요일 17:14:41 374 ] CameraControl -> Close 
[ 2023-04-18 화요일 17:14:41 391 ] CameraControl -> Stop 
[ 2023-04-18 화요일 17:14:41 725 ] CameraControl -> Close 
[ 2023-04-18 화요일 17:14:41 739 ] VideoAnalysis_Page -> VideoClose 
[ 2023-04-18 화요일 17:14:41 911 ] CameraControl -> Finalize 
[ 2023-04-18 화요일 17:14:41 911 ] CameraControl -> Close 
[ 2023-04-18 화요일 17:14:41 913 ] CameraControl -> Finalize 
[ 2023-04-18 화요일 17:14:41 913 ] CameraControl -> Close 
[ 2023-04-18 화요일 17:14:41 913 ] CameraControl -> Finalize 
[ 2023-04-18 화요일 17:14:41 913 ] CameraControl -> Close 
[ 2023-04-18 화요일 17:35:32 412 ] 프로그램 시작
[ 2023-04-18 화요일 17:35:34 791 ] Form1 -> Form1_Shown 
[ 2023-04-18 화요일 17:35:35 625 ] RealTimeView_Page -> PanelSettings 
[ 2023-04-18 화요일 17:35:36 028 ] RealTimeView_Page -> RealTimeView_Page_Load 
[ 2023-04-18 화요일 17:35:36 029 ] RealTimeView_Page -> VideoSetLoad 
[ 2023-04-18 화요일 17:35:36 030 ] RealTimeView_Page -> cb_TextView_SelectedValueChanged 
[ 2023-04-18 화요일 17:35:36 031 ] Settings_Page -> XMLSave 
[ 2023-04-18 화요일 17:35:36 033 ] CameraControl -> CameraOpen 
[ 2023-04-18 화요일 17:35:36 342 ] CameraControl -> open 
[ 2023-04-18 화요일 17:35:36 382 ] RealTimeView_Page -> CreateBitmap 
[ 2023-04-18 화요일 17:35:36 394 ] CameraControl -> SetEnableImageCallback 
[ 2023-04-18 화요일 17:35:36 409 ] CameraControl -> Start 
[ 2023-04-18 화요일 17:35:36 485 ] CameraControl -> CameraOpen 
[ 2023-04-18 화요일 17:35:36 805 ] CameraControl -> open 
[ 2023-04-18 화요일 17:35:36 817 ] RealTimeView_Page -> CreateBitmap 
[ 2023-04-18 화요일 17:35:36 824 ] CameraControl -> SetEnableImageCallback 
[ 2023-04-18 화요일 17:35:36 828 ] CameraControl -> Start 
[ 2023-04-18 화요일 17:35:36 873 ] CameraControl -> CameraOpen 
[ 2023-04-18 화요일 17:35:38 461 ] CameraControl -> open 
[ 2023-04-18 화요일 17:35:38 493 ] RealTimeView_Page -> CreateBitmap 
[ 2023-04-18 화요일 17:35:38 502 ] CameraControl -> SetEnableImageCallback 
[ 2023-04-18 화요일 17:35:38 521 ] CameraControl -> Start 
[ 2023-04-18 화요일 17:35:38 617 ] Settings_Page -> XMLSave 
[ 2023-04-18 화요일 17:35:38 663 ] VideoCheck_Page -> PanelSettings 
[ 2023-04-18 화요일 17:35:38 778 ] VideoAnalysis_Page -> PanelSettings 
[ 2023-04-18 화요일 17:35:51 060 ] Form1 -> Form1_FormClosing 
[ 2023-04-18 화요일 17:35:51 075 ] RealTimeView_Page -> CameraClose 
[ 2023-04-18 화요일 17:35:51 262 ] CameraControl -> Stop 
[ 2023-04-18 화요일 17:35:55 108 ] CameraControl -> Close 
[ 2023-04-18 화요일 17:35:55 162 ] CameraControl -> Stop 
[ 2023-04-18 화요일 17:35:56 544 ] CameraControl -> Close 
[ 2023-04-18 화요일 17:35:56 697 ] CameraControl -> Stop 
[ 2023-04-18 화요일 17:35:57 031 ] CameraControl -> Close 
[ 2023-04-18 화요일 17:35:57 058 ] VideoCheck_Page -> VideoClose 
[ 2023-04-18 화요일 17:35:57 059 ] VideoAnalysis_Page -> VideoClose 
[ 2023-04-18 화요일 17:35:57 366 ] CameraControl -> Finalize 
[ 2023-04-18 화요일 17:35:57 366 ] CameraControl -> Close 
[ 2023-04-18 화요일 17:35:57 373 ] CameraControl -> Finalize 
[ 2023-04-18 화요일 17:35:57 373 ] CameraControl -> Close 
[ 2023-04-18 화요일 17:35:57 374 ] CameraControl -> Finalize 
[ 2023-04-18 화요일 17:35:57 374 ] CameraControl -> Close 
[ 2023-04-18 화요일 17:39:24 512 ] 프로그램 시작
[ 2023-04-18 화요일 17:39:26 849 ] Form1 -> Form1_Shown 
[ 2023-04-18 화요일 17:39:27 622 ] RealTimeView_Page -> PanelSettings 
[ 2023-04-18 화요일 17:39:27 942 ] RealTimeView_Page -> RealTimeView_Page_Load 
[ 2023-04-18 화요일 17:39:27 943 ] RealTimeView_Page -> VideoSetLoad 
[ 2023-04-18 화요일 17:39:27 944 ] RealTimeView_Page -> cb_TextView_SelectedValueChanged 
[ 2023-04-18 화요일 17:39:27 945 ] Settings_Page -> XMLSave 
[ 2023-04-18 화요일 17:39:27 946 ] CameraControl -> CameraOpen 
[ 2023-04-18 화요일 17:39:28 222 ] CameraControl -> open 
[ 2023-04-18 화요일 17:39:28 260 ] RealTimeView_Page -> CreateBitmap 
[ 2023-04-18 화요일 17:39:28 276 ] CameraControl -> SetEnableImageCallback 
[ 2023-04-18 화요일 17:39:28 288 ] CameraControl -> Start 
[ 2023-04-18 화요일 17:39:28 444 ] CameraControl -> CameraOpen 
[ 2023-04-18 화요일 17:39:29 021 ] CameraControl -> open 
[ 2023-04-18 화요일 17:39:29 031 ] RealTimeView_Page -> CreateBitmap 
[ 2023-04-18 화요일 17:39:29 038 ] CameraControl -> SetEnableImageCallback 
[ 2023-04-18 화요일 17:39:29 040 ] CameraControl -> Start 
[ 2023-04-18 화요일 17:39:29 082 ] CameraControl -> CameraOpen 
[ 2023-04-18 화요일 17:39:29 441 ] CameraControl -> open 
[ 2023-04-18 화요일 17:39:29 454 ] RealTimeView_Page -> CreateBitmap 
[ 2023-04-18 화요일 17:39:29 460 ] CameraControl -> SetEnableImageCallback 
[ 2023-04-18 화요일 17:39:29 463 ] CameraControl -> Start 
[ 2023-04-18 화요일 17:39:29 523 ] Settings_Page -> XMLSave 
[ 2023-04-18 화요일 17:39:29 571 ] VideoCheck_Page -> PanelSettings 
[ 2023-04-18 화요일 17:39:29 657 ] VideoAnalysis_Page -> PanelSettings 
[ 2023-04-18 화요일 17:39:33 631 ] Form1 -> Form1_FormClosing 
[ 2023-04-18 화요일 17:39:33 642 ] RealTimeView_Page -> CameraClose 
[ 2023-04-18 화요일 17:39:33 837 ] CameraControl -> Stop 
[ 2023-04-18 화요일 17:39:35 211 ] CameraControl -> Close 
[ 2023-04-18 화요일 17:39:35 312 ] CameraControl -> Stop 
[ 2023-04-18 화요일 17:39:36 670 ] CameraControl -> Close 
[ 2023-04-18 화요일 17:39:36 774 ] CameraControl -> Stop 
[ 2023-04-18 화요일 17:39:37 105 ] CameraControl -> Close 
[ 2023-04-18 화요일 17:39:37 175 ] VideoCheck_Page -> VideoClose 
[ 2023-04-18 화요일 17:39:37 185 ] VideoAnalysis_Page -> VideoClose 
[ 2023-04-18 화요일 17:39:37 438 ] CameraControl -> Finalize 
[ 2023-04-18 화요일 17:39:37 438 ] CameraControl -> Close 
[ 2023-04-18 화요일 17:39:37 440 ] CameraControl -> Finalize 
[ 2023-04-18 화요일 17:39:37 441 ] CameraControl -> Close 
[ 2023-04-18 화요일 17:39:37 442 ] CameraControl -> Finalize 
[ 2023-04-18 화요일 17:39:37 442 ] CameraControl -> Close 
