[ default 2023-04-28 금요일 09:31:22 344 ] 프로그램 시작
[ default 2023-04-28 금요일 09:31:24 796 ] Form1 -> Form1_Shown 
[ default 2023-04-28 금요일 09:31:25 846 ] RealTimeView_Page -> PanelSettings 
[ default 2023-04-28 금요일 09:31:26 230 ] RealTimeView_Page -> RealTimeView_Page_Load 
[ default 2023-04-28 금요일 09:31:26 231 ] RealTimeView_Page -> VideoSetLoad 
[ default 2023-04-28 금요일 09:31:26 233 ] RealTimeView_Page -> cb_TextView_SelectedValueChanged 
[ default 2023-04-28 금요일 09:31:26 234 ] Settings_Page -> XMLSave 
[ default 2023-04-28 금요일 09:31:26 235 ] CameraControl -> CameraOpen 
[ default 2023-04-28 금요일 09:31:26 526 ] CameraControl -> open 
[ default 2023-04-28 금요일 09:31:26 557 ] RealTimeView_Page -> CreateBitmap 
[ default 2023-04-28 금요일 09:31:26 569 ] CameraControl -> SetEnableImageCallback 
[ default 2023-04-28 금요일 09:31:26 583 ] CameraControl -> Start 
[ default 2023-04-28 금요일 09:31:26 641 ] CameraControl -> CameraOpen 
[ default 2023-04-28 금요일 09:31:26 909 ] CameraControl -> open 
[ default 2023-04-28 금요일 09:31:26 920 ] RealTimeView_Page -> CreateBitmap 
[ default 2023-04-28 금요일 09:31:26 928 ] CameraControl -> SetEnableImageCallback 
[ default 2023-04-28 금요일 09:31:26 931 ] CameraControl -> Start 
[ default 2023-04-28 금요일 09:31:27 034 ] CameraControl -> CameraOpen 
[ default 2023-04-28 금요일 09:31:27 556 ] CameraControl -> open 
[ default 2023-04-28 금요일 09:31:27 598 ] RealTimeView_Page -> CreateBitmap 
[ default 2023-04-28 금요일 09:31:27 610 ] CameraControl -> SetEnableImageCallback 
[ default 2023-04-28 금요일 09:31:27 616 ] CameraControl -> Start 
[ default 2023-04-28 금요일 09:31:27 728 ] Settings_Page -> XMLSave 
[ default 2023-04-28 금요일 09:31:27 781 ] VideoCheck_Page -> PanelSettings 
[ default 2023-04-28 금요일 09:31:28 054 ] VideoAnalysis_Page -> PanelSettings 
[ default 2023-04-28 금요일 09:31:32 903 ] Settings_Page -> WorkUserChange 
[ default 2023-04-28 금요일 09:31:33 007 ] Settings_Page -> WorkUserChange 
[ default 2023-04-28 금요일 09:31:33 349 ] Settings_Page -> WorkUserChange 
[ default 2023-04-28 금요일 09:31:33 717 ] Settings_Page -> WorkUserChange 
[ default 2023-04-28 금요일 09:31:33 723 ] Settings_Page -> WorkUserChange 
[ default 2023-04-28 금요일 09:31:33 725 ] Settings_Page -> WorkUserChange 
[ default 2023-04-28 금요일 09:31:33 821 ] Settings_Page -> WorkUserChange 
[ default 2023-04-28 금요일 09:31:33 885 ] Settings_Page -> WorkUserChange 
[ default 2023-04-28 금요일 09:31:34 093 ] Settings_Page -> WorkUserChange 
[ default 2023-04-28 금요일 09:31:34 095 ] Settings_Page -> WorkUserChange 
[ default 2023-04-28 금요일 09:31:34 097 ] Settings_Page -> WorkUserChange 
[ default 2023-04-28 금요일 09:31:34 198 ] Settings_Page -> WorkUserChange 
[ default 2023-04-28 금요일 09:31:34 325 ] Settings_Page -> WorkUserChange 
[ default 2023-04-28 금요일 09:31:34 919 ] Settings_Page -> WorkUserChange 
[ default 2023-04-28 금요일 09:31:34 922 ] Settings_Page -> WorkUserChange 
[ default 2023-04-28 금요일 09:31:35 287 ] Settings_Page -> WorkTargetChange 
[ default 2023-04-28 금요일 09:31:35 405 ] Settings_Page -> WorkTargetChange 
[ default 2023-04-28 금요일 09:31:35 753 ] Settings_Page -> WorkTargetChange 
[ default 2023-04-28 금요일 09:31:35 813 ] Settings_Page -> WorkTargetChange 
[ default 2023-04-28 금요일 09:31:35 815 ] Settings_Page -> WorkTargetChange 
[ default 2023-04-28 금요일 09:31:35 817 ] Settings_Page -> WorkTargetChange 
[ default 2023-04-28 금요일 09:31:37 562 ] Settings_Page -> WorkTargetChange 
[ default 2023-04-28 금요일 09:31:37 565 ] Settings_Page -> WorkTargetChange 
[ default 2023-04-28 금요일 09:31:37 982 ] Settings_Page -> WorkUserSet 
[ default 2023-04-28 금요일 13:41:01 815 ] 프로그램 시작
[ default 2023-04-28 금요일 13:41:04 245 ] Form1 -> Form1_Shown 
[ default 2023-04-28 금요일 13:41:05 022 ] RealTimeView_Page -> PanelSettings 
[ default 2023-04-28 금요일 13:41:05 445 ] RealTimeView_Page -> RealTimeView_Page_Load 
[ default 2023-04-28 금요일 13:41:05 446 ] RealTimeView_Page -> VideoSetLoad 
[ default 2023-04-28 금요일 13:41:05 447 ] RealTimeView_Page -> cb_TextView_SelectedValueChanged 
[ default 2023-04-28 금요일 13:41:05 448 ] Settings_Page -> XMLSave 
[ default 2023-04-28 금요일 13:41:05 449 ] CameraControl -> CameraOpen 
[ default 2023-04-28 금요일 13:41:05 726 ] CameraControl -> open 
[ default 2023-04-28 금요일 13:41:05 765 ] RealTimeView_Page -> CreateBitmap 
[ default 2023-04-28 금요일 13:41:05 781 ] CameraControl -> SetEnableImageCallback 
[ default 2023-04-28 금요일 13:41:05 791 ] CameraControl -> Start 
[ default 2023-04-28 금요일 13:41:05 888 ] CameraControl -> CameraOpen 
[ default 2023-04-28 금요일 13:41:06 278 ] CameraControl -> open 
[ default 2023-04-28 금요일 13:41:06 345 ] RealTimeView_Page -> CreateBitmap 
[ default 2023-04-28 금요일 13:41:06 357 ] CameraControl -> SetEnableImageCallback 
[ default 2023-04-28 금요일 13:41:06 362 ] CameraControl -> Start 
[ default 2023-04-28 금요일 13:41:06 506 ] CameraControl -> CameraOpen 
[ default 2023-04-28 금요일 13:41:06 927 ] CameraControl -> open 
[ default 2023-04-28 금요일 13:41:06 969 ] RealTimeView_Page -> CreateBitmap 
[ default 2023-04-28 금요일 13:41:06 981 ] CameraControl -> SetEnableImageCallback 
[ default 2023-04-28 금요일 13:41:06 990 ] CameraControl -> Start 
[ default 2023-04-28 금요일 13:41:07 105 ] Settings_Page -> XMLSave 
[ default 2023-04-28 금요일 13:41:07 169 ] VideoCheck_Page -> PanelSettings 
[ default 2023-04-28 금요일 13:41:07 451 ] VideoAnalysis_Page -> PanelSettings 
[ default 2023-04-28 금요일 13:43:47 893 ] Settings_Page -> WorkUserChange 
[ default 2023-04-28 금요일 13:43:47 970 ] Settings_Page -> WorkUserChange 
[ default 2023-04-28 금요일 13:43:48 066 ] Settings_Page -> WorkUserChange 
[ default 2023-04-28 금요일 13:43:48 345 ] Settings_Page -> WorkUserChange 
[ default 2023-04-28 금요일 13:43:48 350 ] Settings_Page -> WorkUserChange 
[ default 2023-04-28 금요일 13:43:48 352 ] Settings_Page -> WorkUserChange 
[ default 2023-04-28 금요일 13:43:48 481 ] Settings_Page -> WorkUserChange 
[ default 2023-04-28 금요일 13:43:48 521 ] Settings_Page -> WorkUserChange 
[ default 2023-04-28 금요일 13:43:48 713 ] Settings_Page -> WorkUserChange 
[ default 2023-04-28 금요일 13:43:48 714 ] Settings_Page -> WorkUserChange 
[ default 2023-04-28 금요일 13:43:48 716 ] Settings_Page -> WorkUserChange 
[ default 2023-04-28 금요일 13:43:48 809 ] Settings_Page -> WorkUserChange 
[ default 2023-04-28 금요일 13:43:48 898 ] Settings_Page -> WorkUserChange 
[ default 2023-04-28 금요일 13:43:49 100 ] Settings_Page -> WorkUserChange 
[ default 2023-04-28 금요일 13:43:49 102 ] Settings_Page -> WorkUserChange 
[ default 2023-04-28 금요일 13:43:49 555 ] Settings_Page -> WorkTargetChange 
[ default 2023-04-28 금요일 13:43:49 641 ] Settings_Page -> WorkTargetChange 
[ default 2023-04-28 금요일 13:43:49 789 ] Settings_Page -> WorkTargetChange 
[ default 2023-04-28 금요일 13:43:49 929 ] Settings_Page -> WorkTargetChange 
[ default 2023-04-28 금요일 13:43:49 931 ] Settings_Page -> WorkTargetChange 
[ default 2023-04-28 금요일 13:43:49 933 ] Settings_Page -> WorkTargetChange 
[ default 2023-04-28 금요일 13:43:51 437 ] Settings_Page -> WorkTargetChange 
[ default 2023-04-28 금요일 13:43:51 441 ] Settings_Page -> WorkTargetChange 
[ default 2023-04-28 금요일 13:43:51 538 ] Settings_Page -> WorkUserSet 
[ default 2023-04-28 금요일 13:52:14 885 ] 프로그램 시작
[ default 2023-04-28 금요일 13:52:17 325 ] Form1 -> Form1_Shown 
[ default 2023-04-28 금요일 13:52:17 946 ] RealTimeView_Page -> PanelSettings 
[ default 2023-04-28 금요일 13:52:18 354 ] RealTimeView_Page -> RealTimeView_Page_Load 
[ default 2023-04-28 금요일 13:52:18 355 ] RealTimeView_Page -> VideoSetLoad 
[ default 2023-04-28 금요일 13:52:18 356 ] RealTimeView_Page -> cb_TextView_SelectedValueChanged 
[ default 2023-04-28 금요일 13:52:18 357 ] Settings_Page -> XMLSave 
[ default 2023-04-28 금요일 13:52:18 358 ] CameraControl -> CameraOpen 
[ default 2023-04-28 금요일 13:52:18 424 ] CameraControl -> CameraOpen There is no available device.
[ default 2023-04-28 금요일 13:52:21 649 ] Form1 -> Form1_Shown 
[ default 2023-04-28 금요일 13:52:21 651 ] Form1 -> Form1_FormClosing 
[ default 2023-04-28 금요일 13:52:21 666 ] RealTimeView_Page -> CameraClose 
[ default 2023-04-28 금요일 13:52:21 668 ] CameraControl -> Stop 
[ default 2023-04-28 금요일 13:52:21 668 ] CameraControl -> Close 
[ default 2023-04-28 금요일 13:52:21 668 ] CameraControl -> Stop 
[ default 2023-04-28 금요일 13:52:21 669 ] CameraControl -> Close 
[ default 2023-04-28 금요일 13:52:21 670 ] CameraControl -> Stop 
[ default 2023-04-28 금요일 13:52:21 670 ] CameraControl -> Close 
[ default 2023-04-28 금요일 13:52:21 958 ] CameraControl -> Finalize 
[ default 2023-04-28 금요일 13:52:21 959 ] CameraControl -> Close 
[ default 2023-04-28 금요일 13:52:21 965 ] CameraControl -> Finalize 
[ default 2023-04-28 금요일 13:52:21 965 ] CameraControl -> Close 
[ default 2023-04-28 금요일 13:52:21 966 ] CameraControl -> Finalize 
[ default 2023-04-28 금요일 13:52:21 966 ] CameraControl -> Close 
[ default 2023-04-28 금요일 13:53:22 491 ] 프로그램 시작
[ default 2023-04-28 금요일 13:53:24 852 ] Form1 -> Form1_Shown 
[ default 2023-04-28 금요일 13:53:25 582 ] RealTimeView_Page -> PanelSettings 
[ default 2023-04-28 금요일 13:53:25 945 ] RealTimeView_Page -> RealTimeView_Page_Load 
[ default 2023-04-28 금요일 13:53:25 946 ] RealTimeView_Page -> VideoSetLoad 
[ default 2023-04-28 금요일 13:53:25 948 ] RealTimeView_Page -> cb_TextView_SelectedValueChanged 
[ default 2023-04-28 금요일 13:53:25 949 ] Settings_Page -> XMLSave 
[ default 2023-04-28 금요일 13:53:25 951 ] CameraControl -> CameraOpen 
[ default 2023-04-28 금요일 13:53:26 238 ] CameraControl -> open 
[ default 2023-04-28 금요일 13:53:26 276 ] RealTimeView_Page -> CreateBitmap 
[ default 2023-04-28 금요일 13:53:26 293 ] CameraControl -> SetEnableImageCallback 
[ default 2023-04-28 금요일 13:53:26 386 ] CameraControl -> Start 
[ default 2023-04-28 금요일 13:53:26 441 ] CameraControl -> CameraOpen 
[ default 2023-04-28 금요일 13:53:26 816 ] CameraControl -> open 
[ default 2023-04-28 금요일 13:53:26 828 ] RealTimeView_Page -> CreateBitmap 
[ default 2023-04-28 금요일 13:53:26 839 ] CameraControl -> SetEnableImageCallback 
[ default 2023-04-28 금요일 13:53:26 842 ] CameraControl -> Start 
[ default 2023-04-28 금요일 13:53:26 903 ] CameraControl -> CameraOpen 
[ default 2023-04-28 금요일 13:53:27 430 ] CameraControl -> open 
[ default 2023-04-28 금요일 13:53:27 488 ] RealTimeView_Page -> CreateBitmap 
[ default 2023-04-28 금요일 13:53:27 502 ] CameraControl -> SetEnableImageCallback 
[ default 2023-04-28 금요일 13:53:27 506 ] CameraControl -> Start 
[ default 2023-04-28 금요일 13:53:27 668 ] Settings_Page -> XMLSave 
[ default 2023-04-28 금요일 13:53:27 726 ] VideoCheck_Page -> PanelSettings 
[ default 2023-04-28 금요일 13:53:27 902 ] VideoAnalysis_Page -> PanelSettings 
[ default 2023-04-28 금요일 13:53:31 809 ] Settings_Page -> WorkUserChange 
[ default 2023-04-28 금요일 13:53:31 834 ] Settings_Page -> WorkUserChange 
[ default 2023-04-28 금요일 13:53:31 962 ] Settings_Page -> WorkUserChange 
[ default 2023-04-28 금요일 13:53:32 281 ] Settings_Page -> WorkUserChange 
[ default 2023-04-28 금요일 13:53:32 294 ] Settings_Page -> WorkUserChange 
[ default 2023-04-28 금요일 13:53:32 296 ] Settings_Page -> WorkUserChange 
[ default 2023-04-28 금요일 13:53:32 394 ] Settings_Page -> WorkUserChange 
[ default 2023-04-28 금요일 13:53:32 450 ] Settings_Page -> WorkUserChange 
[ default 2023-04-28 금요일 13:53:32 608 ] Settings_Page -> WorkUserChange 
[ default 2023-04-28 금요일 13:53:32 610 ] Settings_Page -> WorkUserChange 
[ default 2023-04-28 금요일 13:53:32 611 ] Settings_Page -> WorkUserChange 
[ default 2023-04-28 금요일 13:53:32 697 ] Settings_Page -> WorkUserChange 
[ default 2023-04-28 금요일 13:53:32 777 ] Settings_Page -> WorkUserChange 
[ default 2023-04-28 금요일 13:53:32 970 ] Settings_Page -> WorkUserChange 
[ default 2023-04-28 금요일 13:53:32 972 ] Settings_Page -> WorkUserChange 
[ default 2023-04-28 금요일 13:53:33 394 ] Settings_Page -> WorkTargetChange 
[ default 2023-04-28 금요일 13:53:33 489 ] Settings_Page -> WorkTargetChange 
[ default 2023-04-28 금요일 13:53:33 554 ] Settings_Page -> WorkTargetChange 
[ default 2023-04-28 금요일 13:53:33 640 ] Settings_Page -> WorkTargetChange 
[ default 2023-04-28 금요일 13:53:33 642 ] Settings_Page -> WorkTargetChange 
[ default 2023-04-28 금요일 13:53:33 644 ] Settings_Page -> WorkTargetChange 
[ default 2023-04-28 금요일 13:53:34 777 ] Settings_Page -> WorkTargetChange 
[ default 2023-04-28 금요일 13:53:34 790 ] Settings_Page -> WorkTargetChange 
[ default 2023-04-28 금요일 13:53:34 858 ] Settings_Page -> WorkUserSet 
[ default 2023-04-28 금요일 14:18:42 449 ] 프로그램 시작
[ default 2023-04-28 금요일 14:18:45 033 ] Form1 -> Form1_Shown 
[ default 2023-04-28 금요일 14:18:45 651 ] RealTimeView_Page -> PanelSettings 
[ default 2023-04-28 금요일 14:18:46 181 ] RealTimeView_Page -> RealTimeView_Page_Load 
[ default 2023-04-28 금요일 14:18:46 182 ] RealTimeView_Page -> VideoSetLoad 
[ default 2023-04-28 금요일 14:18:46 184 ] RealTimeView_Page -> cb_TextView_SelectedValueChanged 
[ default 2023-04-28 금요일 14:18:46 188 ] Settings_Page -> XMLSave 
[ default 2023-04-28 금요일 14:18:46 189 ] CameraControl -> CameraOpen 
[ default 2023-04-28 금요일 14:18:46 472 ] CameraControl -> open 
[ default 2023-04-28 금요일 14:18:46 510 ] RealTimeView_Page -> CreateBitmap 
[ default 2023-04-28 금요일 14:18:46 532 ] CameraControl -> SetEnableImageCallback 
[ default 2023-04-28 금요일 14:18:46 555 ] CameraControl -> Start 
[ default 2023-04-28 금요일 14:18:46 625 ] CameraControl -> CameraOpen 
[ default 2023-04-28 금요일 14:18:47 025 ] CameraControl -> open 
[ default 2023-04-28 금요일 14:18:47 035 ] RealTimeView_Page -> CreateBitmap 
[ default 2023-04-28 금요일 14:18:47 043 ] CameraControl -> SetEnableImageCallback 
[ default 2023-04-28 금요일 14:18:47 046 ] CameraControl -> Start 
[ default 2023-04-28 금요일 14:18:47 147 ] CameraControl -> CameraOpen 
[ default 2023-04-28 금요일 14:18:47 721 ] CameraControl -> open 
[ default 2023-04-28 금요일 14:18:47 737 ] RealTimeView_Page -> CreateBitmap 
[ default 2023-04-28 금요일 14:18:47 757 ] CameraControl -> SetEnableImageCallback 
[ default 2023-04-28 금요일 14:18:47 786 ] CameraControl -> Start 
[ default 2023-04-28 금요일 14:18:47 999 ] Settings_Page -> XMLSave 
[ default 2023-04-28 금요일 14:18:48 076 ] VideoCheck_Page -> PanelSettings 
[ default 2023-04-28 금요일 14:18:48 285 ] VideoAnalysis_Page -> PanelSettings 
[ default 2023-04-28 금요일 14:18:51 838 ] Settings_Page -> WorkUserChange 
[ default 2023-04-28 금요일 14:18:51 873 ] Settings_Page -> WorkUserChange 
[ default 2023-04-28 금요일 14:18:52 009 ] Settings_Page -> WorkUserChange 
[ default 2023-04-28 금요일 14:18:52 192 ] Settings_Page -> WorkUserChange 
[ default 2023-04-28 금요일 14:18:52 198 ] Settings_Page -> WorkUserChange 
[ default 2023-04-28 금요일 14:18:52 200 ] Settings_Page -> WorkUserChange 
[ default 2023-04-28 금요일 14:18:52 313 ] Settings_Page -> WorkUserChange 
[ default 2023-04-28 금요일 14:18:52 376 ] Settings_Page -> WorkUserChange 
[ default 2023-04-28 금요일 14:18:52 544 ] Settings_Page -> WorkUserChange 
[ default 2023-04-28 금요일 14:18:52 546 ] Settings_Page -> WorkUserChange 
[ default 2023-04-28 금요일 14:18:52 548 ] Settings_Page -> WorkUserChange 
[ default 2023-04-28 금요일 14:18:52 656 ] Settings_Page -> WorkUserChange 
[ default 2023-04-28 금요일 14:18:52 752 ] Settings_Page -> WorkUserChange 
[ default 2023-04-28 금요일 14:18:52 913 ] Settings_Page -> WorkUserChange 
[ default 2023-04-28 금요일 14:18:52 916 ] Settings_Page -> WorkUserChange 
[ default 2023-04-28 금요일 14:18:53 161 ] Settings_Page -> WorkTargetChange 
[ default 2023-04-28 금요일 14:18:53 240 ] Settings_Page -> WorkTargetChange 
[ default 2023-04-28 금요일 14:18:53 345 ] Settings_Page -> WorkTargetChange 
[ default 2023-04-28 금요일 14:18:53 423 ] Settings_Page -> WorkTargetChange 
[ default 2023-04-28 금요일 14:18:53 426 ] Settings_Page -> WorkTargetChange 
[ default 2023-04-28 금요일 14:18:53 427 ] Settings_Page -> WorkTargetChange 
[ default 2023-04-28 금요일 14:18:54 587 ] Settings_Page -> WorkTargetChange 
[ default 2023-04-28 금요일 14:18:54 591 ] Settings_Page -> WorkTargetChange 
[ default 2023-04-28 금요일 14:18:54 680 ] Settings_Page -> WorkUserSet 
[ default 2023-04-28 금요일 14:20:40 783 ] 프로그램 시작
[ default 2023-04-28 금요일 14:20:43 497 ] Form1 -> Form1_Shown 
[ default 2023-04-28 금요일 14:20:44 166 ] RealTimeView_Page -> PanelSettings 
[ default 2023-04-28 금요일 14:20:44 538 ] RealTimeView_Page -> RealTimeView_Page_Load 
[ default 2023-04-28 금요일 14:20:44 540 ] RealTimeView_Page -> VideoSetLoad 
[ default 2023-04-28 금요일 14:20:44 541 ] RealTimeView_Page -> cb_TextView_SelectedValueChanged 
[ default 2023-04-28 금요일 14:20:44 543 ] Settings_Page -> XMLSave 
[ default 2023-04-28 금요일 14:20:44 545 ] CameraControl -> CameraOpen 
[ default 2023-04-28 금요일 14:20:44 900 ] CameraControl -> open 
[ default 2023-04-28 금요일 14:20:44 931 ] RealTimeView_Page -> CreateBitmap 
[ default 2023-04-28 금요일 14:20:44 944 ] CameraControl -> SetEnableImageCallback 
[ default 2023-04-28 금요일 14:20:44 956 ] CameraControl -> Start 
[ default 2023-04-28 금요일 14:20:45 027 ] CameraControl -> CameraOpen 
[ default 2023-04-28 금요일 14:20:45 307 ] CameraControl -> open 
[ default 2023-04-28 금요일 14:20:45 324 ] RealTimeView_Page -> CreateBitmap 
[ default 2023-04-28 금요일 14:20:45 332 ] CameraControl -> SetEnableImageCallback 
[ default 2023-04-28 금요일 14:20:45 334 ] CameraControl -> Start 
[ default 2023-04-28 금요일 14:20:45 418 ] CameraControl -> CameraOpen 
[ default 2023-04-28 금요일 14:20:46 051 ] CameraControl -> open 
[ default 2023-04-28 금요일 14:20:46 069 ] RealTimeView_Page -> CreateBitmap 
[ default 2023-04-28 금요일 14:20:46 079 ] CameraControl -> SetEnableImageCallback 
[ default 2023-04-28 금요일 14:20:46 088 ] CameraControl -> Start 
[ default 2023-04-28 금요일 14:20:46 230 ] Settings_Page -> XMLSave 
[ default 2023-04-28 금요일 14:20:46 285 ] VideoCheck_Page -> PanelSettings 
[ default 2023-04-28 금요일 14:20:46 444 ] VideoAnalysis_Page -> PanelSettings 
[ default 2023-04-28 금요일 14:20:49 957 ] Settings_Page -> WorkUserChange 
[ default 2023-04-28 금요일 14:20:49 968 ] Settings_Page -> WorkUserChange 
[ default 2023-04-28 금요일 14:20:50 049 ] Settings_Page -> WorkUserChange 
[ default 2023-04-28 금요일 14:20:50 224 ] Settings_Page -> WorkUserChange 
[ default 2023-04-28 금요일 14:20:50 233 ] Settings_Page -> WorkUserChange 
[ default 2023-04-28 금요일 14:20:50 235 ] Settings_Page -> WorkUserChange 
[ default 2023-04-28 금요일 14:20:50 320 ] Settings_Page -> WorkUserChange 
[ default 2023-04-28 금요일 14:20:50 384 ] Settings_Page -> WorkUserChange 
[ default 2023-04-28 금요일 14:20:50 552 ] Settings_Page -> WorkUserChange 
[ default 2023-04-28 금요일 14:20:50 553 ] Settings_Page -> WorkUserChange 
[ default 2023-04-28 금요일 14:20:50 555 ] Settings_Page -> WorkUserChange 
[ default 2023-04-28 금요일 14:20:50 656 ] Settings_Page -> WorkUserChange 
[ default 2023-04-28 금요일 14:20:50 712 ] Settings_Page -> WorkUserChange 
[ default 2023-04-28 금요일 14:20:50 914 ] Settings_Page -> WorkUserChange 
[ default 2023-04-28 금요일 14:20:50 916 ] Settings_Page -> WorkUserChange 
[ default 2023-04-28 금요일 14:20:51 220 ] Settings_Page -> WorkTargetChange 
[ default 2023-04-28 금요일 14:20:51 321 ] Settings_Page -> WorkTargetChange 
[ default 2023-04-28 금요일 14:20:51 392 ] Settings_Page -> WorkTargetChange 
[ default 2023-04-28 금요일 14:20:51 464 ] Settings_Page -> WorkTargetChange 
[ default 2023-04-28 금요일 14:20:51 467 ] Settings_Page -> WorkTargetChange 
[ default 2023-04-28 금요일 14:20:51 469 ] Settings_Page -> WorkTargetChange 
[ default 2023-04-28 금요일 14:20:52 563 ] Settings_Page -> WorkTargetChange 
[ default 2023-04-28 금요일 14:20:52 567 ] Settings_Page -> WorkTargetChange 
[ default 2023-04-28 금요일 14:20:52 998 ] Settings_Page -> WorkUserSet 
[ default 2023-04-28 금요일 17:16:28 162 ] 프로그램 시작
[ default 2023-04-28 금요일 17:16:30 592 ] Form1 -> Form1_Shown 
[ default 2023-04-28 금요일 17:16:32 051 ] RealTimeView_Page -> PanelSettings 
[ default 2023-04-28 금요일 17:16:32 497 ] RealTimeView_Page -> RealTimeView_Page_Load 
[ default 2023-04-28 금요일 17:16:32 498 ] RealTimeView_Page -> VideoSetLoad 
[ default 2023-04-28 금요일 17:16:32 499 ] RealTimeView_Page -> cb_TextView_SelectedValueChanged 
[ default 2023-04-28 금요일 17:16:32 500 ] Settings_Page -> XMLSave 
[ default 2023-04-28 금요일 17:16:32 502 ] CameraControl -> CameraOpen 
[ default 2023-04-28 금요일 17:16:32 804 ] CameraControl -> open 
[ default 2023-04-28 금요일 17:16:32 842 ] RealTimeView_Page -> CreateBitmap 
[ default 2023-04-28 금요일 17:16:32 857 ] CameraControl -> SetEnableImageCallback 
[ default 2023-04-28 금요일 17:16:32 873 ] CameraControl -> Start 
[ default 2023-04-28 금요일 17:16:32 931 ] CameraControl -> CameraOpen 
[ default 2023-04-28 금요일 17:16:33 399 ] CameraControl -> open 
[ default 2023-04-28 금요일 17:16:33 420 ] RealTimeView_Page -> CreateBitmap 
[ default 2023-04-28 금요일 17:16:33 428 ] CameraControl -> SetEnableImageCallback 
[ default 2023-04-28 금요일 17:16:33 432 ] CameraControl -> Start 
[ default 2023-04-28 금요일 17:16:33 528 ] CameraControl -> CameraOpen 
[ default 2023-04-28 금요일 17:16:34 174 ] CameraControl -> open 
[ default 2023-04-28 금요일 17:16:34 207 ] RealTimeView_Page -> CreateBitmap 
[ default 2023-04-28 금요일 17:16:34 217 ] CameraControl -> SetEnableImageCallback 
[ default 2023-04-28 금요일 17:16:34 224 ] CameraControl -> Start 
[ default 2023-04-28 금요일 17:16:34 422 ] Settings_Page -> XMLSave 
[ default 2023-04-28 금요일 17:16:34 477 ] VideoCheck_Page -> PanelSettings 
[ default 2023-04-28 금요일 17:16:34 648 ] VideoAnalysis_Page -> PanelSettings 
[ default 2023-04-28 금요일 17:16:38 244 ] Settings_Page -> WorkUserChange 
[ default 2023-04-28 금요일 17:16:38 272 ] Settings_Page -> WorkUserChange 
[ default 2023-04-28 금요일 17:16:38 408 ] Settings_Page -> WorkUserChange 
[ default 2023-04-28 금요일 17:16:38 607 ] Settings_Page -> WorkUserChange 
[ default 2023-04-28 금요일 17:16:38 612 ] Settings_Page -> WorkUserChange 
[ default 2023-04-28 금요일 17:16:38 614 ] Settings_Page -> WorkUserChange 
[ default 2023-04-28 금요일 17:16:38 719 ] Settings_Page -> WorkUserChange 
[ default 2023-04-28 금요일 17:16:38 784 ] Settings_Page -> WorkUserChange 
[ default 2023-04-28 금요일 17:16:38 952 ] Settings_Page -> WorkUserChange 
[ default 2023-04-28 금요일 17:16:38 954 ] Settings_Page -> WorkUserChange 
[ default 2023-04-28 금요일 17:16:38 956 ] Settings_Page -> WorkUserChange 
[ default 2023-04-28 금요일 17:16:39 048 ] Settings_Page -> WorkUserChange 
[ default 2023-04-28 금요일 17:16:39 136 ] Settings_Page -> WorkUserChange 
[ default 2023-04-28 금요일 17:16:39 289 ] Settings_Page -> WorkUserChange 
[ default 2023-04-28 금요일 17:16:39 291 ] Settings_Page -> WorkUserChange 
[ default 2023-04-28 금요일 17:16:39 570 ] Settings_Page -> WorkTargetChange 
[ default 2023-04-28 금요일 17:16:39 624 ] Settings_Page -> WorkTargetChange 
[ default 2023-04-28 금요일 17:16:39 757 ] Settings_Page -> WorkTargetChange 
[ default 2023-04-28 금요일 17:16:39 855 ] Settings_Page -> WorkTargetChange 
[ default 2023-04-28 금요일 17:16:39 857 ] Settings_Page -> WorkTargetChange 
[ default 2023-04-28 금요일 17:16:39 860 ] Settings_Page -> WorkTargetChange 
[ default 2023-04-28 금요일 17:16:41 058 ] Settings_Page -> WorkTargetChange 
[ default 2023-04-28 금요일 17:16:41 061 ] Settings_Page -> WorkTargetChange 
[ default 2023-04-28 금요일 17:16:41 530 ] Settings_Page -> WorkUserSet 
