[  2023-07-17 월요일 08:51:16 586 ] 파일 생성 성공
[ ㅓㅓ 2023-07-17 월요일 08:51:16 585 ] Settings_Page -> XMLSave 
[ ㅓㅓ 2023-07-17 월요일 08:51:23 217 ] Form1 -> NavigationClick 
[ ㅓㅓ 2023-07-17 월요일 08:51:23 582 ] VideoAnalysis_Page -> VideoAnalysis_Page_Load 
[ ㅓㅓ 2023-07-17 월요일 08:51:26 186 ] Form1 -> NavigationClick 
[ ㅓㅓ 2023-07-17 월요일 08:51:26 187 ] VideoAnalysis_Page -> PageChange 
[ ㅓㅓ 2023-07-17 월요일 08:51:28 222 ] Form1 -> NavigationClick 
[ ㅓㅓ 2023-07-17 월요일 08:51:30 462 ] Form1 -> NavigationClick 
[ ㅓㅓ 2023-07-17 월요일 08:51:30 465 ] VideoAnalysis_Page -> PageChange 
[ ㅓㅓ 2023-07-17 월요일 08:51:30 755 ] VideoCheck_Page -> VideoCheck_Page_Load 
[ ㅓㅓ 2023-07-17 월요일 08:51:33 100 ] Form1 -> NavigationClick 
[ ㅓㅓ 2023-07-17 월요일 08:51:33 102 ] VideoCheck_Page -> PageChange 
[ ㅓㅓ 2023-07-17 월요일 08:52:02 404 ] Form1 -> NavigationClick 
[ ㅓㅓ 2023-07-17 월요일 08:52:18 167 ] Form1 -> NavigationClick 
[ ㅓㅓ 2023-07-17 월요일 08:52:18 168 ] VideoCheck_Page -> PageChange 
[ ㅓㅓ 2023-07-17 월요일 08:52:19 933 ] Form1 -> NavigationClick 
[ ㅓㅓ 2023-07-17 월요일 08:52:19 934 ] VideoAnalysis_Page -> PageChange 
[ ㅓㅓ 2023-07-17 월요일 08:53:42 836 ] Form1 -> NavigationClick 
[ ㅓㅓ 2023-07-17 월요일 08:53:42 837 ] VideoCheck_Page -> PageChange 
[ ㅓㅓ 2023-07-17 월요일 08:53:51 275 ] Form1 -> NavigationClick 
[ ㅓㅓ 2023-07-17 월요일 08:55:40 639 ] Form1 -> NavigationClick 
[ ㅓㅓ 2023-07-17 월요일 08:55:40 640 ] VideoCheck_Page -> PageChange 
[ ㅓㅓ 2023-07-17 월요일 08:55:42 092 ] Form1 -> NavigationClick 
[ ㅓㅓ 2023-07-17 월요일 08:55:42 092 ] VideoAnalysis_Page -> PageChange 
[ ㅓㅓ 2023-07-17 월요일 08:56:03 106 ] Form1 -> NavigationClick 
[ ㅓㅓ 2023-07-17 월요일 08:56:03 106 ] VideoCheck_Page -> PageChange 
[ ㅓㅓ 2023-07-17 월요일 08:56:03 975 ] Form1 -> NavigationClick 
[ ㅓㅓ 2023-07-17 월요일 08:56:03 976 ] VideoAnalysis_Page -> PageChange 
[ ㅓㅓ 2023-07-17 월요일 08:58:04 807 ] Form1 -> NavigationClick 
[ ㅓㅓ 2023-07-17 월요일 08:58:04 808 ] VideoCheck_Page -> PageChange 
[ ㅓㅓ 2023-07-17 월요일 08:58:22 331 ] Form1 -> NavigationClick 
[ ㅓㅓ 2023-07-17 월요일 08:58:27 150 ] Form1 -> NavigationClick 
[ ㅓㅓ 2023-07-17 월요일 08:58:27 150 ] VideoCheck_Page -> PageChange 
[ ㅓㅓ 2023-07-17 월요일 08:58:54 698 ] Form1 -> NavigationClick 
[ ㅓㅓ 2023-07-17 월요일 08:58:55 661 ] Form1 -> NavigationClick 
[ ㅓㅓ 2023-07-17 월요일 08:58:55 662 ] VideoCheck_Page -> PageChange 
[ ㅓㅓ 2023-07-17 월요일 08:58:55 900 ] Form1 -> NavigationClick 
[ ㅓㅓ 2023-07-17 월요일 08:58:58 818 ] Form1 -> NavigationClick 
[ ㅓㅓ 2023-07-17 월요일 08:58:59 801 ] Form1 -> NavigationClick 
[ ㅓㅓ 2023-07-17 월요일 08:58:59 803 ] VideoCheck_Page -> PageChange 
[ ㅓㅓ 2023-07-17 월요일 08:59:16 918 ] Form1 -> NavigationClick 
[ ㅓㅓ 2023-07-17 월요일 09:13:27 709 ] Form1 -> NavigationClick 
[ ㅓㅓ 2023-07-17 월요일 09:13:27 711 ] VideoCheck_Page -> PageChange 
[ ㅓㅓ 2023-07-17 월요일 09:15:03 943 ] Settings_Page -> XMLSave 
[ ㅓㅓ 2023-07-17 월요일 09:15:05 545 ] Form1 -> NavigationClick 
[ ㅓㅓ 2023-07-17 월요일 15:18:04 835 ] Settings_Page -> XMLSave 
[ ㅓㅓ 2023-07-17 월요일 15:18:07 802 ] Form1 -> NavigationClick 
[ ㅓㅓ 2023-07-17 월요일 15:18:07 930 ] VideoAnalysis_Page -> VideoAnalysis_Page_Load 
[ ㅓㅓ 2023-07-17 월요일 15:18:10 483 ] VideoAnalysis_Page -> VideoAnalysis_ButtonActions1 
[ ㅓㅓ 2023-07-17 월요일 15:18:10 540 ] VideoAnalysis_Page -> VideoCheck_FileOpen1 
[ ㅓㅓ 2023-07-17 월요일 15:18:18 607 ] VideoAnalysis_Page -> VideoAnalysis_ButtonActions1 
[ ㅓㅓ 2023-07-17 월요일 15:18:18 608 ] VideoAnalysis_Page -> VideoCheck_FileOpen1 
[ ㅓㅓ 2023-07-17 월요일 15:18:28 789 ] VideoAnalysis_Page -> VideoAnalysis_ButtonActions1 
[ ㅓㅓ 2023-07-17 월요일 15:18:28 792 ] VideoAnalysis_Page -> VideoCheck_Play1 
[ ㅓㅓ 2023-07-17 월요일 15:18:33 140 ] VideoAnalysis_Page -> VideoAnalysis_ButtonActions1 
[ ㅓㅓ 2023-07-17 월요일 15:18:33 141 ] VideoAnalysis_Page -> VideoCheck_Play1 
[ ㅓㅓ 2023-07-17 월요일 15:18:35 710 ] VideoAnalysis_Page -> VideoAnalysis_ButtonActions1 
[ ㅓㅓ 2023-07-17 월요일 15:18:35 711 ] VideoAnalysis_Page -> VideoCheck_FileClose1 
[ ㅓㅓ 2023-07-17 월요일 15:18:36 843 ] VideoAnalysis_Page -> VideoAnalysis_ButtonActions1 
[ ㅓㅓ 2023-07-17 월요일 15:18:36 844 ] VideoAnalysis_Page -> VideoCheck_FileOpen1 
[ ㅓㅓ 2023-07-17 월요일 15:18:57 433 ] VideoAnalysis_Page -> VideoAnalysis_ButtonActions1 
[ ㅓㅓ 2023-07-17 월요일 15:18:57 433 ] VideoAnalysis_Page -> VideoCheck_Play1 
[ ㅓㅓ 2023-07-17 월요일 15:19:15 264 ] VideoAnalysis_Page -> FilterClick 
[ ㅓㅓ 2023-07-17 월요일 15:19:16 916 ] VideoAnalysis_Page -> FilterClick 
[ ㅓㅓ 2023-07-17 월요일 15:19:18 068 ] VideoAnalysis_Page -> FilterClick 
[ ㅓㅓ 2023-07-17 월요일 15:19:19 398 ] VideoAnalysis_Page -> FilterClick 
[ ㅓㅓ 2023-07-17 월요일 15:19:35 441 ] Form1 -> NavigationClick 
[ ㅓㅓ 2023-07-17 월요일 15:19:35 442 ] VideoAnalysis_Page -> PageChange 
[ ㅓㅓ 2023-07-17 월요일 15:20:53 990 ] Form1 -> NavigationClick 
[ ㅓㅓ 2023-07-17 월요일 15:20:54 138 ] VideoCheck_Page -> VideoCheck_Page_Load 
[ ㅓㅓ 2023-07-17 월요일 15:20:56 497 ] Form1 -> NavigationClick 
[ ㅓㅓ 2023-07-17 월요일 15:20:56 507 ] VideoCheck_Page -> PageChange 
[ ㅓㅓ 2023-07-17 월요일 15:20:58 868 ] Form1 -> NavigationClick 
[ ㅓㅓ 2023-07-17 월요일 15:20:59 493 ] Form1 -> NavigationClick 
[ ㅓㅓ 2023-07-17 월요일 15:20:59 494 ] VideoCheck_Page -> PageChange 
[ ㅓㅓ 2023-07-17 월요일 15:21:01 631 ] Form1 -> NavigationClick 
[ ㅓㅓ 2023-07-17 월요일 15:21:02 478 ] Form1 -> NavigationClick 
[ ㅓㅓ 2023-07-17 월요일 15:21:02 479 ] VideoCheck_Page -> PageChange 
[ ㅓㅓ 2023-07-17 월요일 15:21:04 585 ] Form1 -> NavigationClick 
[ ㅓㅓ 2023-07-17 월요일 15:21:05 310 ] Form1 -> NavigationClick 
[ ㅓㅓ 2023-07-17 월요일 15:21:05 311 ] VideoCheck_Page -> PageChange 
[ ㅓㅓ 2023-07-17 월요일 15:21:07 993 ] Form1 -> NavigationClick 
[ ㅓㅓ 2023-07-17 월요일 15:22:37 902 ] Form1 -> NavigationClick 
[ ㅓㅓ 2023-07-17 월요일 15:22:37 903 ] VideoCheck_Page -> PageChange 
[ ㅓㅓ 2023-07-17 월요일 15:22:39 564 ] Form1 -> NavigationClick 
[ ㅓㅓ 2023-07-17 월요일 15:22:39 565 ] VideoCheck_Page -> PageChange 
[ ㅓㅓ 2023-07-17 월요일 15:22:43 163 ] Form1 -> NavigationClick 
[ ㅓㅓ 2023-07-17 월요일 15:22:43 163 ] VideoAnalysis_Page -> PageChange 
[ ㅓㅓ 2023-07-17 월요일 16:35:25 222 ] Form1 -> Form1_FormClosing 
[ ㅓㅓ 2023-07-17 월요일 16:35:25 238 ] RealTimeView_Page -> CameraClose 
[ ㅓㅓ 2023-07-17 월요일 16:35:25 294 ] CameraControl -> Stop 
[ ㅓㅓ 2023-07-17 월요일 16:35:25 720 ] CameraControl -> Close 
[ ㅓㅓ 2023-07-17 월요일 16:35:25 799 ] CameraControl -> Stop 
[ ㅓㅓ 2023-07-17 월요일 16:35:25 800 ] CameraControl -> Close 
[ ㅓㅓ 2023-07-17 월요일 16:35:25 800 ] CameraControl -> Stop 
[ ㅓㅓ 2023-07-17 월요일 16:35:25 800 ] CameraControl -> Close 
[ ㅓㅓ 2023-07-17 월요일 16:35:25 801 ] VideoCheck_Page -> VideoClose 
[ ㅓㅓ 2023-07-17 월요일 16:35:25 802 ] VideoAnalysis_Page -> VideoClose 
