[  2023-05-23 화요일 09:12:13 739 ] 파일 생성 성공
[ ㅓㅓ 2023-05-23 화요일 09:12:13 738 ] Settings_Page -> XMLSave 
[ ㅓㅓ 2023-05-23 화요일 09:12:15 604 ] Form1 -> NavigationClick 
[ ㅓㅓ 2023-05-23 화요일 09:12:15 801 ] VideoAnalysis_Page -> VideoAnalysis_Page_Load 
[ ㅓㅓ 2023-05-23 화요일 09:12:18 023 ] VideoAnalysis_Page -> VideoAnalysis_ButtonActions1 
[ ㅓㅓ 2023-05-23 화요일 09:12:18 077 ] VideoAnalysis_Page -> VideoCheck_FileOpen1 
[ ㅓㅓ 2023-05-23 화요일 09:12:31 096 ] VideoAnalysis_Page -> VideoAnalysis_ButtonActions2 
[ ㅓㅓ 2023-05-23 화요일 09:12:31 098 ] VideoAnalysis_Page -> VideoCheck_FileOpen2 
[ ㅓㅓ 2023-05-23 화요일 09:12:48 281 ] VideoAnalysis_Page -> FilterClick 
[ ㅓㅓ 2023-05-23 화요일 09:13:04 560 ] VideoAnalysis_Page -> FilterClick 
[ ㅓㅓ 2023-05-23 화요일 09:55:07 726 ] VideoAnalysis_Page -> VideoAnalysis_ButtonActions2 
[ ㅓㅓ 2023-05-23 화요일 09:55:07 726 ] VideoAnalysis_Page -> VideoCheck_Play2 
[ ㅓㅓ 2023-05-23 화요일 10:07:36 665 ] VideoAnalysis_Page -> VideoAnalysis_ButtonActions2 
[ ㅓㅓ 2023-05-23 화요일 10:07:36 666 ] VideoAnalysis_Page -> VideoCheck_Play2 
[ ㅓㅓ 2023-05-23 화요일 10:07:40 828 ] VideoAnalysis_Page -> VideoAnalysis_ButtonActions1 
[ ㅓㅓ 2023-05-23 화요일 10:07:40 834 ] VideoAnalysis_Page -> VideoCheck_Play1 
[ ㅓㅓ 2023-05-23 화요일 10:07:46 766 ] VideoAnalysis_Page -> VideoAnalysis_ButtonActions1 
[ ㅓㅓ 2023-05-23 화요일 10:07:46 766 ] VideoAnalysis_Page -> VideoCheck_Play1 
[ ㅓㅓ 2023-05-23 화요일 10:08:21 130 ] VideoAnalysis_Page -> VideoAnalysis_ButtonActions1 
[ ㅓㅓ 2023-05-23 화요일 10:08:21 130 ] VideoAnalysis_Page -> VideoCheck_Play1 
[ ㅓㅓ 2023-05-23 화요일 10:08:26 075 ] VideoAnalysis_Page -> VideoAnalysis_ButtonActions1 
[ ㅓㅓ 2023-05-23 화요일 10:08:26 084 ] VideoAnalysis_Page -> VideoCheck_Play1 
[ ㅓㅓ 2023-05-23 화요일 10:25:11 733 ] VideoAnalysis_Page -> VideoAnalysis_ButtonActions1 
[ ㅓㅓ 2023-05-23 화요일 10:25:11 734 ] VideoAnalysis_Page -> VideoCheck_Play1 
[ ㅓㅓ 2023-05-23 화요일 10:25:17 028 ] VideoAnalysis_Page -> VideoAnalysis_ButtonActions1 
[ ㅓㅓ 2023-05-23 화요일 10:25:17 028 ] VideoAnalysis_Page -> VideoCheck_Play1 
[ ㅓㅓ 2023-05-23 화요일 10:25:38 559 ] VideoAnalysis_Page -> VideoAnalysis_ButtonActions1 
[ ㅓㅓ 2023-05-23 화요일 10:25:38 560 ] VideoAnalysis_Page -> VideoCheck_Play1 
[ ㅓㅓ 2023-05-23 화요일 10:28:27 476 ] VideoAnalysis_Page -> VideoAnalysis_ButtonActions1 
[ ㅓㅓ 2023-05-23 화요일 10:28:27 493 ] VideoAnalysis_Page -> VideoCheck_Play1 
[ ㅓㅓ 2023-05-23 화요일 10:28:31 830 ] VideoAnalysis_Page -> VideoAnalysis_ButtonActions2 
[ ㅓㅓ 2023-05-23 화요일 10:28:31 831 ] VideoAnalysis_Page -> VideoCheck_Play2 
[ ㅓㅓ 2023-05-23 화요일 10:28:40 436 ] VideoAnalysis_Page -> VideoAnalysis_ButtonActions2 
[ ㅓㅓ 2023-05-23 화요일 10:28:40 436 ] VideoAnalysis_Page -> VideoCheck_Play2 
[ ㅓㅓ 2023-05-23 화요일 10:28:51 947 ] VideoAnalysis_Page -> VideoAnalysis_ButtonActions1 
[ ㅓㅓ 2023-05-23 화요일 10:28:51 948 ] VideoAnalysis_Page -> VideoCheck_Play1 
[ ㅓㅓ 2023-05-23 화요일 10:28:53 569 ] VideoAnalysis_Page -> VideoAnalysis_ButtonActions1 
[ ㅓㅓ 2023-05-23 화요일 10:28:53 569 ] VideoAnalysis_Page -> VideoCheck_Play1 
[ ㅓㅓ 2023-05-23 화요일 10:28:55 026 ] VideoAnalysis_Page -> VideoAnalysis_ButtonActions2 
[ ㅓㅓ 2023-05-23 화요일 10:28:55 026 ] VideoAnalysis_Page -> VideoCheck_Play2 
[ ㅓㅓ 2023-05-23 화요일 10:28:55 659 ] VideoAnalysis_Page -> VideoAnalysis_ButtonActions2 
[ ㅓㅓ 2023-05-23 화요일 10:28:55 661 ] VideoAnalysis_Page -> VideoCheck_Play2 
[ ㅓㅓ 2023-05-23 화요일 10:29:32 878 ] VideoAnalysis_Page -> VideoAnalysis_ButtonActions1 
[ ㅓㅓ 2023-05-23 화요일 10:29:32 878 ] VideoAnalysis_Page -> VideoCheck_Play1 
[ ㅓㅓ 2023-05-23 화요일 10:29:43 281 ] VideoAnalysis_Page -> VideoAnalysis_ButtonActions1 
[ ㅓㅓ 2023-05-23 화요일 10:29:43 281 ] VideoAnalysis_Page -> VideoCheck_Play1 
[ ㅓㅓ 2023-05-23 화요일 10:29:46 310 ] VideoAnalysis_Page -> VideoAnalysis_ButtonActions2 
[ ㅓㅓ 2023-05-23 화요일 10:29:46 310 ] VideoAnalysis_Page -> VideoCheck_Play2 
[ ㅓㅓ 2023-05-23 화요일 10:29:49 093 ] VideoAnalysis_Page -> VideoAnalysis_ButtonActions2 
[ ㅓㅓ 2023-05-23 화요일 10:29:49 093 ] VideoAnalysis_Page -> VideoCheck_Play2 
[ ㅓㅓ 2023-05-23 화요일 10:29:52 536 ] VideoAnalysis_Page -> VideoAnalysis_ButtonActions1 
[ ㅓㅓ 2023-05-23 화요일 10:29:52 536 ] VideoAnalysis_Page -> VideoCheck_Play1 
[ ㅓㅓ 2023-05-23 화요일 10:30:03 644 ] VideoAnalysis_Page -> VideoAnalysis_ButtonActions2 
[ ㅓㅓ 2023-05-23 화요일 10:30:03 644 ] VideoAnalysis_Page -> VideoCheck_Play2 
[ ㅓㅓ 2023-05-23 화요일 10:30:20 991 ] VideoAnalysis_Page -> VideoAnalysis_ButtonActions2 
[ ㅓㅓ 2023-05-23 화요일 10:30:20 994 ] VideoAnalysis_Page -> VideoCheck_Play2 
[ ㅓㅓ 2023-05-23 화요일 10:30:58 766 ] VideoAnalysis_Page -> VideoAnalysis_ButtonActions2 
[ ㅓㅓ 2023-05-23 화요일 10:30:58 766 ] VideoAnalysis_Page -> VideoCheck_Play2 
[ ㅓㅓ 2023-05-23 화요일 10:31:41 061 ] VideoAnalysis_Page -> VideoAnalysis_ButtonActions2 
[ ㅓㅓ 2023-05-23 화요일 10:31:41 065 ] VideoAnalysis_Page -> VideoCheck_Play2 
[ ㅓㅓ 2023-05-23 화요일 10:31:53 760 ] VideoAnalysis_Page -> VideoAnalysis_ButtonActions1 
[ ㅓㅓ 2023-05-23 화요일 10:31:53 760 ] VideoAnalysis_Page -> VideoCheck_Play1 
[ ㅓㅓ 2023-05-23 화요일 10:31:56 370 ] VideoAnalysis_Page -> VideoAnalysis_ButtonActions2 
[ ㅓㅓ 2023-05-23 화요일 10:31:56 370 ] VideoAnalysis_Page -> VideoCheck_Play2 
[ ㅓㅓ 2023-05-23 화요일 10:32:03 212 ] VideoAnalysis_Page -> VideoAnalysis_ButtonActions2 
[ ㅓㅓ 2023-05-23 화요일 10:32:03 213 ] VideoAnalysis_Page -> VideoCheck_Play2 
[ ㅓㅓ 2023-05-23 화요일 10:32:04 456 ] VideoAnalysis_Page -> VideoAnalysis_ButtonActions1 
[ ㅓㅓ 2023-05-23 화요일 10:32:04 456 ] VideoAnalysis_Page -> VideoCheck_Play1 
[ ㅓㅓ 2023-05-23 화요일 10:32:08 195 ] VideoAnalysis_Page -> VideoAnalysis_ButtonActions1 
[ ㅓㅓ 2023-05-23 화요일 10:32:08 195 ] VideoAnalysis_Page -> VideoCheck_Play1 
[ ㅓㅓ 2023-05-23 화요일 10:32:53 684 ] VideoAnalysis_Page -> VideoAnalysis_ButtonActions1 
[ ㅓㅓ 2023-05-23 화요일 10:32:53 684 ] VideoAnalysis_Page -> VideoCheck_Play1 
[ ㅓㅓ 2023-05-23 화요일 10:33:02 980 ] VideoAnalysis_Page -> VideoAnalysis_ButtonActions1 
[ ㅓㅓ 2023-05-23 화요일 10:33:02 980 ] VideoAnalysis_Page -> VideoCheck_Play1 
[ ㅓㅓ 2023-05-23 화요일 10:33:19 531 ] VideoAnalysis_Page -> VideoAnalysis_ButtonActions1 
[ ㅓㅓ 2023-05-23 화요일 10:33:19 532 ] VideoAnalysis_Page -> VideoCheck_Play1 
[ ㅓㅓ 2023-05-23 화요일 10:33:27 172 ] VideoAnalysis_Page -> VideoAnalysis_ButtonActions1 
[ ㅓㅓ 2023-05-23 화요일 10:33:27 173 ] VideoAnalysis_Page -> VideoCheck_Play1 
[ ㅓㅓ 2023-05-23 화요일 10:34:26 970 ] VideoAnalysis_Page -> VideoAnalysis_ButtonActions1 
[ ㅓㅓ 2023-05-23 화요일 10:34:26 970 ] VideoAnalysis_Page -> VideoCheck_Play1 
[ ㅓㅓ 2023-05-23 화요일 10:34:38 862 ] VideoAnalysis_Page -> VideoAnalysis_ButtonActions1 
[ ㅓㅓ 2023-05-23 화요일 10:34:38 862 ] VideoAnalysis_Page -> VideoCheck_Play1 
[ ㅓㅓ 2023-05-23 화요일 10:35:06 825 ] VideoAnalysis_Page -> FilterClick 
[ ㅓㅓ 2023-05-23 화요일 10:35:11 373 ] VideoAnalysis_Page -> FilterClick 
[ ㅓㅓ 2023-05-23 화요일 10:35:13 856 ] VideoAnalysis_Page -> FilterClick 
[ ㅓㅓ 2023-05-23 화요일 10:35:16 237 ] VideoAnalysis_Page -> FilterClick 
[ ㅓㅓ 2023-05-23 화요일 10:35:21 547 ] VideoAnalysis_Page -> FilterClick 
[ ㅓㅓ 2023-05-23 화요일 10:35:24 954 ] VideoAnalysis_Page -> FilterClick 
[ ㅓㅓ 2023-05-23 화요일 10:35:30 454 ] VideoAnalysis_Page -> FilterClick 
[ ㅓㅓ 2023-05-23 화요일 10:35:36 775 ] VideoAnalysis_Page -> FilterClick 
[ ㅓㅓ 2023-05-23 화요일 10:35:41 672 ] VideoAnalysis_Page -> FilterClick 
[ ㅓㅓ 2023-05-23 화요일 10:36:04 351 ] VideoAnalysis_Page -> FilterClick 
[ ㅓㅓ 2023-05-23 화요일 10:48:12 029 ] VideoAnalysis_Page -> VideoAnalysis_ButtonActions2 
[ ㅓㅓ 2023-05-23 화요일 10:48:12 042 ] VideoAnalysis_Page -> VideoCheck_Play2 
[ ㅓㅓ 2023-05-23 화요일 10:48:30 680 ] VideoAnalysis_Page -> VideoAnalysis_ButtonActions2 
[ ㅓㅓ 2023-05-23 화요일 10:48:30 687 ] VideoAnalysis_Page -> VideoCheck_Play2 
[ ㅓㅓ 2023-05-23 화요일 10:48:33 512 ] VideoAnalysis_Page -> VideoAnalysis_ButtonActions1 
[ ㅓㅓ 2023-05-23 화요일 10:48:33 512 ] VideoAnalysis_Page -> VideoCheck_Play1 
[ ㅓㅓ 2023-05-23 화요일 10:48:48 104 ] VideoAnalysis_Page -> VideoAnalysis_ButtonActions1 
[ ㅓㅓ 2023-05-23 화요일 10:48:48 105 ] VideoAnalysis_Page -> VideoCheck_Play1 
[ ㅓㅓ 2023-05-23 화요일 10:48:50 627 ] VideoAnalysis_Page -> VideoAnalysis_ButtonActions2 
[ ㅓㅓ 2023-05-23 화요일 10:48:50 643 ] VideoAnalysis_Page -> VideoCheck_Play2 
[ ㅓㅓ 2023-05-23 화요일 10:48:51 928 ] VideoAnalysis_Page -> VideoAnalysis_ButtonActions2 
[ ㅓㅓ 2023-05-23 화요일 10:48:51 928 ] VideoAnalysis_Page -> VideoCheck_Play2 
[ ㅓㅓ 2023-05-23 화요일 10:48:52 420 ] VideoAnalysis_Page -> VideoAnalysis_ButtonActions2 
[ ㅓㅓ 2023-05-23 화요일 10:48:52 420 ] VideoAnalysis_Page -> VideoCheck_Play2 
[ ㅓㅓ 2023-05-23 화요일 10:48:52 849 ] VideoAnalysis_Page -> VideoAnalysis_ButtonActions2 
[ ㅓㅓ 2023-05-23 화요일 10:48:52 849 ] VideoAnalysis_Page -> VideoCheck_Play2 
[ ㅓㅓ 2023-05-23 화요일 10:48:53 350 ] VideoAnalysis_Page -> VideoAnalysis_ButtonActions2 
[ ㅓㅓ 2023-05-23 화요일 10:48:53 351 ] VideoAnalysis_Page -> VideoCheck_Play2 
[ ㅓㅓ 2023-05-23 화요일 10:48:54 021 ] VideoAnalysis_Page -> VideoAnalysis_ButtonActions2 
[ ㅓㅓ 2023-05-23 화요일 10:48:54 022 ] VideoAnalysis_Page -> VideoCheck_Play2 
[ ㅓㅓ 2023-05-23 화요일 10:56:26 458 ] VideoAnalysis_Page -> VideoAnalysis_ButtonActions2 
[ ㅓㅓ 2023-05-23 화요일 10:56:26 465 ] VideoAnalysis_Page -> VideoCheck_Play2 
[ ㅓㅓ 2023-05-23 화요일 10:56:28 586 ] VideoAnalysis_Page -> VideoAnalysis_ButtonActions1 
[ ㅓㅓ 2023-05-23 화요일 10:56:28 589 ] VideoAnalysis_Page -> VideoCheck_Play1 
[ ㅓㅓ 2023-05-23 화요일 10:56:42 146 ] VideoAnalysis_Page -> VideoAnalysis_ButtonActions2 
[ ㅓㅓ 2023-05-23 화요일 10:56:42 151 ] VideoAnalysis_Page -> VideoCheck_Play2 
[ ㅓㅓ 2023-05-23 화요일 10:56:47 957 ] VideoAnalysis_Page -> VideoAnalysis_ButtonActions1 
[ ㅓㅓ 2023-05-23 화요일 10:56:47 967 ] VideoAnalysis_Page -> VideoCheck_Play1 
[ ㅓㅓ 2023-05-23 화요일 10:57:39 353 ] VideoAnalysis_Page -> VideoAnalysis_ButtonActions1 
[ ㅓㅓ 2023-05-23 화요일 10:57:39 353 ] VideoAnalysis_Page -> VideoCheck_Play1 
[ ㅓㅓ 2023-05-23 화요일 10:57:45 707 ] VideoAnalysis_Page -> VideoAnalysis_ButtonActions2 
[ ㅓㅓ 2023-05-23 화요일 10:57:45 707 ] VideoAnalysis_Page -> VideoCheck_Play2 
[ ㅓㅓ 2023-05-23 화요일 10:58:04 184 ] VideoAnalysis_Page -> VideoAnalysis_ButtonActions1 
[ ㅓㅓ 2023-05-23 화요일 10:58:04 189 ] VideoAnalysis_Page -> VideoCheck_Play1 
[ ㅓㅓ 2023-05-23 화요일 10:58:12 193 ] VideoAnalysis_Page -> VideoAnalysis_ButtonActions2 
[ ㅓㅓ 2023-05-23 화요일 10:58:12 193 ] VideoAnalysis_Page -> VideoCheck_Play2 
[ ㅓㅓ 2023-05-23 화요일 10:58:18 441 ] VideoAnalysis_Page -> VideoAnalysis_ButtonActions2 
[ ㅓㅓ 2023-05-23 화요일 10:58:18 441 ] VideoAnalysis_Page -> VideoCheck_Play2 
[ ㅓㅓ 2023-05-23 화요일 10:58:19 204 ] VideoAnalysis_Page -> VideoAnalysis_ButtonActions2 
[ ㅓㅓ 2023-05-23 화요일 10:58:19 204 ] VideoAnalysis_Page -> VideoCheck_Play2 
[ ㅓㅓ 2023-05-23 화요일 10:58:30 415 ] VideoAnalysis_Page -> VideoAnalysis_ButtonActions2 
[ ㅓㅓ 2023-05-23 화요일 10:58:30 415 ] VideoAnalysis_Page -> VideoCheck_Play2 
[ ㅓㅓ 2023-05-23 화요일 10:58:33 240 ] VideoAnalysis_Page -> VideoAnalysis_ButtonActions2 
[ ㅓㅓ 2023-05-23 화요일 10:58:33 240 ] VideoAnalysis_Page -> VideoCheck_Play2 
[ ㅓㅓ 2023-05-23 화요일 10:58:47 902 ] VideoAnalysis_Page -> VideoAnalysis_ButtonActions2 
[ ㅓㅓ 2023-05-23 화요일 10:58:47 902 ] VideoAnalysis_Page -> VideoCheck_Play2 
[ ㅓㅓ 2023-05-23 화요일 10:59:27 880 ] VideoAnalysis_Page -> VideoAnalysis_ButtonActions2 
[ ㅓㅓ 2023-05-23 화요일 10:59:27 880 ] VideoAnalysis_Page -> VideoCheck_Play2 
[ ㅓㅓ 2023-05-23 화요일 10:59:28 433 ] VideoAnalysis_Page -> VideoAnalysis_ButtonActions2 
[ ㅓㅓ 2023-05-23 화요일 10:59:28 441 ] VideoAnalysis_Page -> VideoCheck_Play2 
[ ㅓㅓ 2023-05-23 화요일 10:59:29 878 ] VideoAnalysis_Page -> VideoAnalysis_ButtonActions2 
[ ㅓㅓ 2023-05-23 화요일 10:59:29 879 ] VideoAnalysis_Page -> VideoCheck_Play2 
[ ㅓㅓ 2023-05-23 화요일 10:59:45 695 ] VideoAnalysis_Page -> VideoAnalysis_ButtonActions1 
[ ㅓㅓ 2023-05-23 화요일 10:59:45 695 ] VideoAnalysis_Page -> VideoCheck_Play1 
[ ㅓㅓ 2023-05-23 화요일 11:00:12 995 ] VideoAnalysis_Page -> VideoAnalysis_ButtonActions1 
[ ㅓㅓ 2023-05-23 화요일 11:00:12 995 ] VideoAnalysis_Page -> VideoCheck_Play1 
[ ㅓㅓ 2023-05-23 화요일 11:00:20 967 ] VideoAnalysis_Page -> VideoAnalysis_ButtonActions1 
[ ㅓㅓ 2023-05-23 화요일 11:00:20 967 ] VideoAnalysis_Page -> VideoCheck_Play1 
[ ㅓㅓ 2023-05-23 화요일 11:00:25 452 ] VideoAnalysis_Page -> VideoAnalysis_ButtonActions1 
[ ㅓㅓ 2023-05-23 화요일 11:00:25 452 ] VideoAnalysis_Page -> VideoCheck_Play1 
[ ㅓㅓ 2023-05-23 화요일 11:00:25 981 ] VideoAnalysis_Page -> VideoAnalysis_ButtonActions1 
[ ㅓㅓ 2023-05-23 화요일 11:00:25 981 ] VideoAnalysis_Page -> VideoCheck_Play1 
[ ㅓㅓ 2023-05-23 화요일 11:00:28 368 ] VideoAnalysis_Page -> VideoAnalysis_ButtonActions1 
[ ㅓㅓ 2023-05-23 화요일 11:00:28 368 ] VideoAnalysis_Page -> VideoCheck_Play1 
[ ㅓㅓ 2023-05-23 화요일 11:00:31 766 ] VideoAnalysis_Page -> VideoAnalysis_ButtonActions1 
[ ㅓㅓ 2023-05-23 화요일 11:00:31 767 ] VideoAnalysis_Page -> VideoCheck_Play1 
[ ㅓㅓ 2023-05-23 화요일 11:00:32 482 ] VideoAnalysis_Page -> VideoAnalysis_ButtonActions1 
[ ㅓㅓ 2023-05-23 화요일 11:00:32 482 ] VideoAnalysis_Page -> VideoCheck_Play1 
[ ㅓㅓ 2023-05-23 화요일 11:00:33 034 ] VideoAnalysis_Page -> VideoAnalysis_ButtonActions1 
[ ㅓㅓ 2023-05-23 화요일 11:00:33 034 ] VideoAnalysis_Page -> VideoCheck_Play1 
[ ㅓㅓ 2023-05-23 화요일 11:00:33 590 ] VideoAnalysis_Page -> VideoAnalysis_ButtonActions1 
[ ㅓㅓ 2023-05-23 화요일 11:00:33 591 ] VideoAnalysis_Page -> VideoCheck_Play1 
[ ㅓㅓ 2023-05-23 화요일 11:00:35 613 ] VideoAnalysis_Page -> VideoAnalysis_ButtonActions1 
[ ㅓㅓ 2023-05-23 화요일 11:00:35 619 ] VideoAnalysis_Page -> VideoCheck_Play1 
[ ㅓㅓ 2023-05-23 화요일 11:00:36 116 ] VideoAnalysis_Page -> VideoAnalysis_ButtonActions1 
[ ㅓㅓ 2023-05-23 화요일 11:00:36 117 ] VideoAnalysis_Page -> VideoCheck_Play1 
[ ㅓㅓ 2023-05-23 화요일 11:00:36 737 ] VideoAnalysis_Page -> VideoAnalysis_ButtonActions1 
[ ㅓㅓ 2023-05-23 화요일 11:00:36 739 ] VideoAnalysis_Page -> VideoCheck_Play1 
[ ㅓㅓ 2023-05-23 화요일 11:00:37 179 ] VideoAnalysis_Page -> VideoAnalysis_ButtonActions1 
[ ㅓㅓ 2023-05-23 화요일 11:00:37 179 ] VideoAnalysis_Page -> VideoCheck_Play1 
[ ㅓㅓ 2023-05-23 화요일 11:00:37 392 ] VideoAnalysis_Page -> VideoAnalysis_ButtonActions1 
[ ㅓㅓ 2023-05-23 화요일 11:00:37 403 ] VideoAnalysis_Page -> VideoCheck_Play1 
[ ㅓㅓ 2023-05-23 화요일 11:00:37 817 ] VideoAnalysis_Page -> VideoAnalysis_ButtonActions1 
[ ㅓㅓ 2023-05-23 화요일 11:00:37 824 ] VideoAnalysis_Page -> VideoCheck_Play1 
[ ㅓㅓ 2023-05-23 화요일 11:00:38 029 ] VideoAnalysis_Page -> VideoAnalysis_ButtonActions1 
[ ㅓㅓ 2023-05-23 화요일 11:00:38 029 ] VideoAnalysis_Page -> VideoCheck_Play1 
[ ㅓㅓ 2023-05-23 화요일 11:00:38 619 ] VideoAnalysis_Page -> VideoAnalysis_ButtonActions1 
[ ㅓㅓ 2023-05-23 화요일 11:00:38 625 ] VideoAnalysis_Page -> VideoCheck_Play1 
[ ㅓㅓ 2023-05-23 화요일 11:00:38 741 ] VideoAnalysis_Page -> VideoAnalysis_ButtonActions1 
[ ㅓㅓ 2023-05-23 화요일 11:00:38 741 ] VideoAnalysis_Page -> VideoCheck_Play1 
[ ㅓㅓ 2023-05-23 화요일 11:00:39 178 ] VideoAnalysis_Page -> VideoAnalysis_ButtonActions1 
[ ㅓㅓ 2023-05-23 화요일 11:00:39 178 ] VideoAnalysis_Page -> VideoCheck_Play1 
[ ㅓㅓ 2023-05-23 화요일 11:00:39 396 ] VideoAnalysis_Page -> VideoAnalysis_ButtonActions1 
[ ㅓㅓ 2023-05-23 화요일 11:00:39 411 ] VideoAnalysis_Page -> VideoCheck_Play1 
[ ㅓㅓ 2023-05-23 화요일 11:00:40 640 ] VideoAnalysis_Page -> VideoAnalysis_ButtonActions1 
[ ㅓㅓ 2023-05-23 화요일 11:00:40 640 ] VideoAnalysis_Page -> VideoCheck_Play1 
[ ㅓㅓ 2023-05-23 화요일 11:00:41 363 ] VideoAnalysis_Page -> VideoAnalysis_ButtonActions1 
[ ㅓㅓ 2023-05-23 화요일 11:00:41 363 ] VideoAnalysis_Page -> VideoCheck_Play1 
[ ㅓㅓ 2023-05-23 화요일 11:00:42 400 ] VideoAnalysis_Page -> VideoAnalysis_ButtonActions2 
[ ㅓㅓ 2023-05-23 화요일 11:00:42 400 ] VideoAnalysis_Page -> VideoCheck_Play2 
[ ㅓㅓ 2023-05-23 화요일 11:00:48 413 ] VideoAnalysis_Page -> VideoAnalysis_ButtonActions1 
[ ㅓㅓ 2023-05-23 화요일 11:00:48 420 ] VideoAnalysis_Page -> VideoCheck_Play1 
[ ㅓㅓ 2023-05-23 화요일 11:00:50 048 ] VideoAnalysis_Page -> VideoAnalysis_ButtonActions1 
[ ㅓㅓ 2023-05-23 화요일 11:00:50 048 ] VideoAnalysis_Page -> VideoCheck_Play1 
[ ㅓㅓ 2023-05-23 화요일 11:00:52 940 ] VideoAnalysis_Page -> VideoAnalysis_ButtonActions2 
[ ㅓㅓ 2023-05-23 화요일 11:00:52 942 ] VideoAnalysis_Page -> VideoCheck_Play2 
[ ㅓㅓ 2023-05-23 화요일 11:00:54 773 ] VideoAnalysis_Page -> VideoAnalysis_ButtonActions1 
[ ㅓㅓ 2023-05-23 화요일 11:00:54 773 ] VideoAnalysis_Page -> VideoCheck_Play1 
[ ㅓㅓ 2023-05-23 화요일 13:10:40 358 ] VideoAnalysis_Page -> VideoAnalysis_ButtonActions2 
[ ㅓㅓ 2023-05-23 화요일 13:10:40 359 ] VideoAnalysis_Page -> VideoCheck_Play2 
[ ㅓㅓ 2023-05-23 화요일 13:11:03 494 ] VideoAnalysis_Page -> VideoAnalysis_ButtonActions2 
[ ㅓㅓ 2023-05-23 화요일 13:11:03 496 ] VideoAnalysis_Page -> VideoCheck_Play2 
[ ㅓㅓ 2023-05-23 화요일 13:11:13 501 ] VideoAnalysis_Page -> VideoAnalysis_ButtonActions2 
[ ㅓㅓ 2023-05-23 화요일 13:11:13 502 ] VideoAnalysis_Page -> VideoCheck_Play2 
[ ㅓㅓ 2023-05-23 화요일 13:11:23 254 ] VideoAnalysis_Page -> VideoAnalysis_ButtonActions2 
[ ㅓㅓ 2023-05-23 화요일 13:11:23 254 ] VideoAnalysis_Page -> VideoCheck_Play2 
[ ㅓㅓ 2023-05-23 화요일 13:11:27 571 ] VideoAnalysis_Page -> VideoAnalysis_ButtonActions2 
[ ㅓㅓ 2023-05-23 화요일 13:11:27 571 ] VideoAnalysis_Page -> VideoCheck_Play2 
[ ㅓㅓ 2023-05-23 화요일 13:11:35 112 ] VideoAnalysis_Page -> VideoAnalysis_ButtonActions2 
[ ㅓㅓ 2023-05-23 화요일 13:11:35 114 ] VideoAnalysis_Page -> VideoCheck_Play2 
[ ㅓㅓ 2023-05-23 화요일 13:12:10 180 ] VideoAnalysis_Page -> VideoAnalysis_ButtonActions2 
[ ㅓㅓ 2023-05-23 화요일 13:12:10 180 ] VideoAnalysis_Page -> VideoCheck_Play2 
[ ㅓㅓ 2023-05-23 화요일 13:12:10 704 ] VideoAnalysis_Page -> VideoAnalysis_ButtonActions2 
[ ㅓㅓ 2023-05-23 화요일 13:12:10 704 ] VideoAnalysis_Page -> VideoCheck_Play2 
[ ㅓㅓ 2023-05-23 화요일 13:12:11 155 ] VideoAnalysis_Page -> VideoAnalysis_ButtonActions2 
[ ㅓㅓ 2023-05-23 화요일 13:12:11 155 ] VideoAnalysis_Page -> VideoCheck_Play2 
[ ㅓㅓ 2023-05-23 화요일 13:12:11 704 ] VideoAnalysis_Page -> VideoAnalysis_ButtonActions2 
[ ㅓㅓ 2023-05-23 화요일 13:12:11 704 ] VideoAnalysis_Page -> VideoCheck_Play2 
[ ㅓㅓ 2023-05-23 화요일 13:12:12 332 ] VideoAnalysis_Page -> VideoAnalysis_ButtonActions2 
[ ㅓㅓ 2023-05-23 화요일 13:12:12 332 ] VideoAnalysis_Page -> VideoCheck_Play2 
[ ㅓㅓ 2023-05-23 화요일 13:12:15 556 ] VideoAnalysis_Page -> VideoAnalysis_ButtonActions2 
[ ㅓㅓ 2023-05-23 화요일 13:12:15 558 ] VideoAnalysis_Page -> VideoCheck_Play2 
[ ㅓㅓ 2023-05-23 화요일 13:12:18 718 ] VideoAnalysis_Page -> VideoAnalysis_ButtonActions2 
[ ㅓㅓ 2023-05-23 화요일 13:12:18 720 ] VideoAnalysis_Page -> VideoCheck_Play2 
[ ㅓㅓ 2023-05-23 화요일 13:12:19 277 ] VideoAnalysis_Page -> VideoAnalysis_ButtonActions2 
[ ㅓㅓ 2023-05-23 화요일 13:12:19 277 ] VideoAnalysis_Page -> VideoCheck_Play2 
[ ㅓㅓ 2023-05-23 화요일 13:12:25 178 ] VideoAnalysis_Page -> VideoAnalysis_ButtonActions2 
[ ㅓㅓ 2023-05-23 화요일 13:12:25 179 ] VideoAnalysis_Page -> VideoCheck_Play2 
[ ㅓㅓ 2023-05-23 화요일 13:39:00 315 ] VideoAnalysis_Page -> VideoAnalysis_ButtonActions1 
[ ㅓㅓ 2023-05-23 화요일 13:39:00 316 ] VideoAnalysis_Page -> VideoCheck_Play1 
[ ㅓㅓ 2023-05-23 화요일 13:39:47 658 ] VideoAnalysis_Page -> VideoAnalysis_ButtonActions1 
[ ㅓㅓ 2023-05-23 화요일 13:39:47 673 ] VideoAnalysis_Page -> VideoCheck_Play1 
[ ㅓㅓ 2023-05-23 화요일 13:40:08 249 ] VideoAnalysis_Page -> VideoAnalysis_ButtonActions2 
[ ㅓㅓ 2023-05-23 화요일 13:40:08 249 ] VideoAnalysis_Page -> VideoCheck_Play2 
[ ㅓㅓ 2023-05-23 화요일 13:41:02 724 ] VideoAnalysis_Page -> VideoAnalysis_ButtonActions2 
[ ㅓㅓ 2023-05-23 화요일 13:41:02 739 ] VideoAnalysis_Page -> VideoCheck_Play2 
[ ㅓㅓ 2023-05-23 화요일 13:41:04 652 ] VideoAnalysis_Page -> VideoAnalysis_ButtonActions1 
[ ㅓㅓ 2023-05-23 화요일 13:41:04 655 ] VideoAnalysis_Page -> VideoCheck_Play1 
[ ㅓㅓ 2023-05-23 화요일 13:41:15 339 ] VideoAnalysis_Page -> VideoAnalysis_ButtonActions1 
[ ㅓㅓ 2023-05-23 화요일 13:41:15 339 ] VideoAnalysis_Page -> VideoCheck_Play1 
[ ㅓㅓ 2023-05-23 화요일 13:44:39 149 ] VideoAnalysis_Page -> VideoAnalysis_ButtonActions1 
[ ㅓㅓ 2023-05-23 화요일 13:44:39 149 ] VideoAnalysis_Page -> VideoCheck_Play1 
[ ㅓㅓ 2023-05-23 화요일 13:45:26 120 ] VideoAnalysis_Page -> VideoAnalysis_ButtonActions1 
[ ㅓㅓ 2023-05-23 화요일 13:45:26 121 ] VideoAnalysis_Page -> VideoCheck_Play1 
[ ㅓㅓ 2023-05-23 화요일 13:47:20 369 ] VideoAnalysis_Page -> VideoAnalysis_ButtonActions1 
[ ㅓㅓ 2023-05-23 화요일 13:47:20 370 ] VideoAnalysis_Page -> VideoCheck_Play1 
[ ㅓㅓ 2023-05-23 화요일 13:47:56 769 ] VideoAnalysis_Page -> VideoAnalysis_ButtonActions1 
[ ㅓㅓ 2023-05-23 화요일 13:47:56 773 ] VideoAnalysis_Page -> VideoCheck_Play1 
[ ㅓㅓ 2023-05-23 화요일 13:48:59 330 ] VideoAnalysis_Page -> VideoAnalysis_ButtonActions1 
[ ㅓㅓ 2023-05-23 화요일 13:48:59 331 ] VideoAnalysis_Page -> VideoCheck_Play1 
[ ㅓㅓ 2023-05-23 화요일 13:49:20 422 ] VideoAnalysis_Page -> VideoAnalysis_ButtonActions1 
[ ㅓㅓ 2023-05-23 화요일 13:49:20 427 ] VideoAnalysis_Page -> VideoCheck_Play1 
[ ㅓㅓ 2023-05-23 화요일 13:54:21 743 ] VideoAnalysis_Page -> VideoAnalysis_ButtonActions1 
[ ㅓㅓ 2023-05-23 화요일 13:54:21 745 ] VideoAnalysis_Page -> VideoCheck_Play1 
[ ㅓㅓ 2023-05-23 화요일 13:59:10 117 ] VideoAnalysis_Page -> FilterSet 인덱스가 범위를 벗어났습니다. 인덱스는 음수가 아니어야 하며 컬렉션의 크기보다 작아야 합니다.
매개 변수 이름: index
[ ㅓㅓ 2023-05-23 화요일 13:59:13 531 ] VideoAnalysis_Page -> FilterSet 인덱스가 범위를 벗어났습니다. 인덱스는 음수가 아니어야 하며 컬렉션의 크기보다 작아야 합니다.
매개 변수 이름: index
[ ㅓㅓ 2023-05-23 화요일 13:59:13 836 ] VideoAnalysis_Page -> FilterSet 인덱스가 범위를 벗어났습니다. 인덱스는 음수가 아니어야 하며 컬렉션의 크기보다 작아야 합니다.
매개 변수 이름: index
[ ㅓㅓ 2023-05-23 화요일 13:59:14 107 ] VideoAnalysis_Page -> FilterSet 인덱스가 범위를 벗어났습니다. 인덱스는 음수가 아니어야 하며 컬렉션의 크기보다 작아야 합니다.
매개 변수 이름: index
[ ㅓㅓ 2023-05-23 화요일 13:59:14 402 ] VideoAnalysis_Page -> FilterSet 인덱스가 범위를 벗어났습니다. 인덱스는 음수가 아니어야 하며 컬렉션의 크기보다 작아야 합니다.
매개 변수 이름: index
[ ㅓㅓ 2023-05-23 화요일 13:59:14 724 ] VideoAnalysis_Page -> FilterSet 인덱스가 범위를 벗어났습니다. 인덱스는 음수가 아니어야 하며 컬렉션의 크기보다 작아야 합니다.
매개 변수 이름: index
[ ㅓㅓ 2023-05-23 화요일 13:59:14 973 ] VideoAnalysis_Page -> FilterSet 인덱스가 범위를 벗어났습니다. 인덱스는 음수가 아니어야 하며 컬렉션의 크기보다 작아야 합니다.
매개 변수 이름: index
[ ㅓㅓ 2023-05-23 화요일 13:59:15 289 ] VideoAnalysis_Page -> FilterSet 인덱스가 범위를 벗어났습니다. 인덱스는 음수가 아니어야 하며 컬렉션의 크기보다 작아야 합니다.
매개 변수 이름: index
[ ㅓㅓ 2023-05-23 화요일 14:00:19 883 ] VideoAnalysis_Page -> FilterSet 인덱스가 범위를 벗어났습니다. 인덱스는 음수가 아니어야 하며 컬렉션의 크기보다 작아야 합니다.
매개 변수 이름: index
[ ㅓㅓ 2023-05-23 화요일 14:00:20 192 ] VideoAnalysis_Page -> FilterSet 인덱스가 범위를 벗어났습니다. 인덱스는 음수가 아니어야 하며 컬렉션의 크기보다 작아야 합니다.
매개 변수 이름: index
[ ㅓㅓ 2023-05-23 화요일 14:00:20 509 ] VideoAnalysis_Page -> FilterSet 인덱스가 범위를 벗어났습니다. 인덱스는 음수가 아니어야 하며 컬렉션의 크기보다 작아야 합니다.
매개 변수 이름: index
[ ㅓㅓ 2023-05-23 화요일 14:00:20 775 ] VideoAnalysis_Page -> FilterSet 인덱스가 범위를 벗어났습니다. 인덱스는 음수가 아니어야 하며 컬렉션의 크기보다 작아야 합니다.
매개 변수 이름: index
[ ㅓㅓ 2023-05-23 화요일 14:00:21 085 ] VideoAnalysis_Page -> FilterSet 인덱스가 범위를 벗어났습니다. 인덱스는 음수가 아니어야 하며 컬렉션의 크기보다 작아야 합니다.
매개 변수 이름: index
[ ㅓㅓ 2023-05-23 화요일 14:00:21 375 ] VideoAnalysis_Page -> FilterSet 인덱스가 범위를 벗어났습니다. 인덱스는 음수가 아니어야 하며 컬렉션의 크기보다 작아야 합니다.
매개 변수 이름: index
[ ㅓㅓ 2023-05-23 화요일 14:00:21 662 ] VideoAnalysis_Page -> FilterSet 인덱스가 범위를 벗어났습니다. 인덱스는 음수가 아니어야 하며 컬렉션의 크기보다 작아야 합니다.
매개 변수 이름: index
[ ㅓㅓ 2023-05-23 화요일 14:00:21 941 ] VideoAnalysis_Page -> FilterSet 인덱스가 범위를 벗어났습니다. 인덱스는 음수가 아니어야 하며 컬렉션의 크기보다 작아야 합니다.
매개 변수 이름: index
[ ㅓㅓ 2023-05-23 화요일 14:00:22 258 ] VideoAnalysis_Page -> FilterSet 인덱스가 범위를 벗어났습니다. 인덱스는 음수가 아니어야 하며 컬렉션의 크기보다 작아야 합니다.
매개 변수 이름: index
[ ㅓㅓ 2023-05-23 화요일 14:00:22 575 ] VideoAnalysis_Page -> FilterSet 인덱스가 범위를 벗어났습니다. 인덱스는 음수가 아니어야 하며 컬렉션의 크기보다 작아야 합니다.
매개 변수 이름: index
[ ㅓㅓ 2023-05-23 화요일 14:00:22 873 ] VideoAnalysis_Page -> FilterSet 인덱스가 범위를 벗어났습니다. 인덱스는 음수가 아니어야 하며 컬렉션의 크기보다 작아야 합니다.
매개 변수 이름: index
[ ㅓㅓ 2023-05-23 화요일 14:00:23 159 ] VideoAnalysis_Page -> FilterSet 인덱스가 범위를 벗어났습니다. 인덱스는 음수가 아니어야 하며 컬렉션의 크기보다 작아야 합니다.
매개 변수 이름: index
[ ㅓㅓ 2023-05-23 화요일 14:00:23 769 ] VideoAnalysis_Page -> FilterSet 인덱스가 범위를 벗어났습니다. 인덱스는 음수가 아니어야 하며 컬렉션의 크기보다 작아야 합니다.
매개 변수 이름: index
[ ㅓㅓ 2023-05-23 화요일 14:00:24 022 ] VideoAnalysis_Page -> FilterSet 인덱스가 범위를 벗어났습니다. 인덱스는 음수가 아니어야 하며 컬렉션의 크기보다 작아야 합니다.
매개 변수 이름: index
[ ㅓㅓ 2023-05-23 화요일 14:00:24 324 ] VideoAnalysis_Page -> FilterSet 인덱스가 범위를 벗어났습니다. 인덱스는 음수가 아니어야 하며 컬렉션의 크기보다 작아야 합니다.
매개 변수 이름: index
[ ㅓㅓ 2023-05-23 화요일 14:00:24 608 ] VideoAnalysis_Page -> FilterSet 인덱스가 범위를 벗어났습니다. 인덱스는 음수가 아니어야 하며 컬렉션의 크기보다 작아야 합니다.
매개 변수 이름: index
[ ㅓㅓ 2023-05-23 화요일 14:00:24 891 ] VideoAnalysis_Page -> FilterSet 인덱스가 범위를 벗어났습니다. 인덱스는 음수가 아니어야 하며 컬렉션의 크기보다 작아야 합니다.
매개 변수 이름: index
[ ㅓㅓ 2023-05-23 화요일 14:00:25 179 ] VideoAnalysis_Page -> FilterSet 인덱스가 범위를 벗어났습니다. 인덱스는 음수가 아니어야 하며 컬렉션의 크기보다 작아야 합니다.
매개 변수 이름: index
[ ㅓㅓ 2023-05-23 화요일 14:00:25 411 ] VideoAnalysis_Page -> FilterSet 인덱스가 범위를 벗어났습니다. 인덱스는 음수가 아니어야 하며 컬렉션의 크기보다 작아야 합니다.
매개 변수 이름: index
[ ㅓㅓ 2023-05-23 화요일 14:00:25 741 ] VideoAnalysis_Page -> FilterSet 인덱스가 범위를 벗어났습니다. 인덱스는 음수가 아니어야 하며 컬렉션의 크기보다 작아야 합니다.
매개 변수 이름: index
[ ㅓㅓ 2023-05-23 화요일 14:00:26 062 ] VideoAnalysis_Page -> FilterSet 인덱스가 범위를 벗어났습니다. 인덱스는 음수가 아니어야 하며 컬렉션의 크기보다 작아야 합니다.
매개 변수 이름: index
[ ㅓㅓ 2023-05-23 화요일 14:00:26 374 ] VideoAnalysis_Page -> FilterSet 인덱스가 범위를 벗어났습니다. 인덱스는 음수가 아니어야 하며 컬렉션의 크기보다 작아야 합니다.
매개 변수 이름: index
[ ㅓㅓ 2023-05-23 화요일 14:00:26 696 ] VideoAnalysis_Page -> FilterSet 인덱스가 범위를 벗어났습니다. 인덱스는 음수가 아니어야 하며 컬렉션의 크기보다 작아야 합니다.
매개 변수 이름: index
[ ㅓㅓ 2023-05-23 화요일 14:00:26 986 ] VideoAnalysis_Page -> FilterSet 인덱스가 범위를 벗어났습니다. 인덱스는 음수가 아니어야 하며 컬렉션의 크기보다 작아야 합니다.
매개 변수 이름: index
[ ㅓㅓ 2023-05-23 화요일 14:00:27 363 ] VideoAnalysis_Page -> FilterSet 인덱스가 범위를 벗어났습니다. 인덱스는 음수가 아니어야 하며 컬렉션의 크기보다 작아야 합니다.
매개 변수 이름: index
[ ㅓㅓ 2023-05-23 화요일 14:00:27 750 ] VideoAnalysis_Page -> FilterSet 인덱스가 범위를 벗어났습니다. 인덱스는 음수가 아니어야 하며 컬렉션의 크기보다 작아야 합니다.
매개 변수 이름: index
[ ㅓㅓ 2023-05-23 화요일 14:00:28 137 ] VideoAnalysis_Page -> FilterSet 인덱스가 범위를 벗어났습니다. 인덱스는 음수가 아니어야 하며 컬렉션의 크기보다 작아야 합니다.
매개 변수 이름: index
[ ㅓㅓ 2023-05-23 화요일 14:00:28 522 ] VideoAnalysis_Page -> FilterSet 인덱스가 범위를 벗어났습니다. 인덱스는 음수가 아니어야 하며 컬렉션의 크기보다 작아야 합니다.
매개 변수 이름: index
[ ㅓㅓ 2023-05-23 화요일 14:00:28 844 ] VideoAnalysis_Page -> FilterSet 인덱스가 범위를 벗어났습니다. 인덱스는 음수가 아니어야 하며 컬렉션의 크기보다 작아야 합니다.
매개 변수 이름: index
[ ㅓㅓ 2023-05-23 화요일 14:00:32 090 ] VideoAnalysis_Page -> FilterSet 인덱스가 범위를 벗어났습니다. 인덱스는 음수가 아니어야 하며 컬렉션의 크기보다 작아야 합니다.
매개 변수 이름: index
[ ㅓㅓ 2023-05-23 화요일 14:00:32 386 ] VideoAnalysis_Page -> FilterSet 인덱스가 범위를 벗어났습니다. 인덱스는 음수가 아니어야 하며 컬렉션의 크기보다 작아야 합니다.
매개 변수 이름: index
[ ㅓㅓ 2023-05-23 화요일 14:00:32 676 ] VideoAnalysis_Page -> FilterSet 인덱스가 범위를 벗어났습니다. 인덱스는 음수가 아니어야 하며 컬렉션의 크기보다 작아야 합니다.
매개 변수 이름: index
[ ㅓㅓ 2023-05-23 화요일 14:00:33 025 ] VideoAnalysis_Page -> FilterSet 인덱스가 범위를 벗어났습니다. 인덱스는 음수가 아니어야 하며 컬렉션의 크기보다 작아야 합니다.
매개 변수 이름: index
[ ㅓㅓ 2023-05-23 화요일 14:00:33 324 ] VideoAnalysis_Page -> FilterSet 인덱스가 범위를 벗어났습니다. 인덱스는 음수가 아니어야 하며 컬렉션의 크기보다 작아야 합니다.
매개 변수 이름: index
[ ㅓㅓ 2023-05-23 화요일 14:00:33 744 ] VideoAnalysis_Page -> FilterSet 인덱스가 범위를 벗어났습니다. 인덱스는 음수가 아니어야 하며 컬렉션의 크기보다 작아야 합니다.
매개 변수 이름: index
[ ㅓㅓ 2023-05-23 화요일 14:00:34 115 ] VideoAnalysis_Page -> FilterSet 인덱스가 범위를 벗어났습니다. 인덱스는 음수가 아니어야 하며 컬렉션의 크기보다 작아야 합니다.
매개 변수 이름: index
[ ㅓㅓ 2023-05-23 화요일 14:00:34 547 ] VideoAnalysis_Page -> FilterSet 인덱스가 범위를 벗어났습니다. 인덱스는 음수가 아니어야 하며 컬렉션의 크기보다 작아야 합니다.
매개 변수 이름: index
[ ㅓㅓ 2023-05-23 화요일 14:00:34 979 ] VideoAnalysis_Page -> FilterSet 인덱스가 범위를 벗어났습니다. 인덱스는 음수가 아니어야 하며 컬렉션의 크기보다 작아야 합니다.
매개 변수 이름: index
[ ㅓㅓ 2023-05-23 화요일 14:00:35 492 ] VideoAnalysis_Page -> FilterSet 인덱스가 범위를 벗어났습니다. 인덱스는 음수가 아니어야 하며 컬렉션의 크기보다 작아야 합니다.
매개 변수 이름: index
[ ㅓㅓ 2023-05-23 화요일 14:00:35 899 ] VideoAnalysis_Page -> FilterSet 인덱스가 범위를 벗어났습니다. 인덱스는 음수가 아니어야 하며 컬렉션의 크기보다 작아야 합니다.
매개 변수 이름: index
[ ㅓㅓ 2023-05-23 화요일 14:00:36 392 ] VideoAnalysis_Page -> FilterSet 인덱스가 범위를 벗어났습니다. 인덱스는 음수가 아니어야 하며 컬렉션의 크기보다 작아야 합니다.
매개 변수 이름: index
[ ㅓㅓ 2023-05-23 화요일 14:00:36 457 ] VideoAnalysis_Page -> VideoAnalysis_ButtonActions1 
[ ㅓㅓ 2023-05-23 화요일 14:00:36 457 ] VideoAnalysis_Page -> VideoCheck_Play1 
[ ㅓㅓ 2023-05-23 화요일 14:01:03 292 ] VideoAnalysis_Page -> VideoAnalysis_ButtonActions1 
[ ㅓㅓ 2023-05-23 화요일 14:01:03 293 ] VideoAnalysis_Page -> VideoCheck_Play1 
[ ㅓㅓ 2023-05-23 화요일 14:01:03 621 ] VideoAnalysis_Page -> FilterSet 인덱스가 범위를 벗어났습니다. 인덱스는 음수가 아니어야 하며 컬렉션의 크기보다 작아야 합니다.
매개 변수 이름: index
[ ㅓㅓ 2023-05-23 화요일 14:01:03 930 ] VideoAnalysis_Page -> FilterSet 인덱스가 범위를 벗어났습니다. 인덱스는 음수가 아니어야 하며 컬렉션의 크기보다 작아야 합니다.
매개 변수 이름: index
[ ㅓㅓ 2023-05-23 화요일 14:01:04 285 ] VideoAnalysis_Page -> FilterSet 인덱스가 범위를 벗어났습니다. 인덱스는 음수가 아니어야 하며 컬렉션의 크기보다 작아야 합니다.
매개 변수 이름: index
[ ㅓㅓ 2023-05-23 화요일 14:01:04 655 ] VideoAnalysis_Page -> FilterSet 인덱스가 범위를 벗어났습니다. 인덱스는 음수가 아니어야 하며 컬렉션의 크기보다 작아야 합니다.
매개 변수 이름: index
[ ㅓㅓ 2023-05-23 화요일 14:01:05 015 ] VideoAnalysis_Page -> FilterSet 인덱스가 범위를 벗어났습니다. 인덱스는 음수가 아니어야 하며 컬렉션의 크기보다 작아야 합니다.
매개 변수 이름: index
[ ㅓㅓ 2023-05-23 화요일 14:01:05 059 ] VideoAnalysis_Page -> VideoAnalysis_ButtonActions1 
[ ㅓㅓ 2023-05-23 화요일 14:01:05 059 ] VideoAnalysis_Page -> VideoCheck_Play1 
[ ㅓㅓ 2023-05-23 화요일 14:01:20 780 ] VideoAnalysis_Page -> VideoAnalysis_ButtonActions1 
[ ㅓㅓ 2023-05-23 화요일 14:01:20 781 ] VideoAnalysis_Page -> VideoCheck_Play1 
[ ㅓㅓ 2023-05-23 화요일 14:01:21 042 ] VideoAnalysis_Page -> FilterSet 인덱스가 범위를 벗어났습니다. 인덱스는 음수가 아니어야 하며 컬렉션의 크기보다 작아야 합니다.
매개 변수 이름: index
[ ㅓㅓ 2023-05-23 화요일 14:01:21 447 ] VideoAnalysis_Page -> FilterSet 인덱스가 범위를 벗어났습니다. 인덱스는 음수가 아니어야 하며 컬렉션의 크기보다 작아야 합니다.
매개 변수 이름: index
[ ㅓㅓ 2023-05-23 화요일 14:01:21 785 ] VideoAnalysis_Page -> FilterSet 인덱스가 범위를 벗어났습니다. 인덱스는 음수가 아니어야 하며 컬렉션의 크기보다 작아야 합니다.
매개 변수 이름: index
[ ㅓㅓ 2023-05-23 화요일 14:01:22 194 ] VideoAnalysis_Page -> FilterSet 인덱스가 범위를 벗어났습니다. 인덱스는 음수가 아니어야 하며 컬렉션의 크기보다 작아야 합니다.
매개 변수 이름: index
[ ㅓㅓ 2023-05-23 화요일 14:01:22 570 ] VideoAnalysis_Page -> FilterSet 인덱스가 범위를 벗어났습니다. 인덱스는 음수가 아니어야 하며 컬렉션의 크기보다 작아야 합니다.
매개 변수 이름: index
[ ㅓㅓ 2023-05-23 화요일 14:01:22 890 ] VideoAnalysis_Page -> FilterSet 인덱스가 범위를 벗어났습니다. 인덱스는 음수가 아니어야 하며 컬렉션의 크기보다 작아야 합니다.
매개 변수 이름: index
[ ㅓㅓ 2023-05-23 화요일 14:01:23 280 ] VideoAnalysis_Page -> FilterSet 인덱스가 범위를 벗어났습니다. 인덱스는 음수가 아니어야 하며 컬렉션의 크기보다 작아야 합니다.
매개 변수 이름: index
[ ㅓㅓ 2023-05-23 화요일 14:01:23 684 ] VideoAnalysis_Page -> FilterSet 인덱스가 범위를 벗어났습니다. 인덱스는 음수가 아니어야 하며 컬렉션의 크기보다 작아야 합니다.
매개 변수 이름: index
[ ㅓㅓ 2023-05-23 화요일 14:01:24 042 ] VideoAnalysis_Page -> FilterSet 인덱스가 범위를 벗어났습니다. 인덱스는 음수가 아니어야 하며 컬렉션의 크기보다 작아야 합니다.
매개 변수 이름: index
[ ㅓㅓ 2023-05-23 화요일 14:01:24 475 ] VideoAnalysis_Page -> FilterSet 인덱스가 범위를 벗어났습니다. 인덱스는 음수가 아니어야 하며 컬렉션의 크기보다 작아야 합니다.
매개 변수 이름: index
[ ㅓㅓ 2023-05-23 화요일 14:01:24 543 ] VideoAnalysis_Page -> VideoAnalysis_ButtonActions1 
[ ㅓㅓ 2023-05-23 화요일 14:01:24 545 ] VideoAnalysis_Page -> VideoCheck_Play1 
[ ㅓㅓ 2023-05-23 화요일 14:01:24 816 ] VideoAnalysis_Page -> FilterSet 인덱스가 범위를 벗어났습니다. 인덱스는 음수가 아니어야 하며 컬렉션의 크기보다 작아야 합니다.
매개 변수 이름: index
[ ㅓㅓ 2023-05-23 화요일 14:01:50 260 ] VideoAnalysis_Page -> VideoAnalysis_ButtonActions1 
[ ㅓㅓ 2023-05-23 화요일 14:01:50 276 ] VideoAnalysis_Page -> VideoCheck_Play1 
[ ㅓㅓ 2023-05-23 화요일 14:04:20 609 ] VideoAnalysis_Page -> FilterSet 인덱스가 범위를 벗어났습니다. 인덱스는 음수가 아니어야 하며 컬렉션의 크기보다 작아야 합니다.
매개 변수 이름: index
[ ㅓㅓ 2023-05-23 화요일 14:04:20 921 ] VideoAnalysis_Page -> FilterSet 인덱스가 범위를 벗어났습니다. 인덱스는 음수가 아니어야 하며 컬렉션의 크기보다 작아야 합니다.
매개 변수 이름: index
[ ㅓㅓ 2023-05-23 화요일 14:04:21 212 ] VideoAnalysis_Page -> FilterSet 인덱스가 범위를 벗어났습니다. 인덱스는 음수가 아니어야 하며 컬렉션의 크기보다 작아야 합니다.
매개 변수 이름: index
[ ㅓㅓ 2023-05-23 화요일 14:04:21 521 ] VideoAnalysis_Page -> FilterSet 인덱스가 범위를 벗어났습니다. 인덱스는 음수가 아니어야 하며 컬렉션의 크기보다 작아야 합니다.
매개 변수 이름: index
[ ㅓㅓ 2023-05-23 화요일 14:04:21 876 ] VideoAnalysis_Page -> FilterSet 인덱스가 범위를 벗어났습니다. 인덱스는 음수가 아니어야 하며 컬렉션의 크기보다 작아야 합니다.
매개 변수 이름: index
[ ㅓㅓ 2023-05-23 화요일 14:04:22 174 ] VideoAnalysis_Page -> FilterSet 인덱스가 범위를 벗어났습니다. 인덱스는 음수가 아니어야 하며 컬렉션의 크기보다 작아야 합니다.
매개 변수 이름: index
[ ㅓㅓ 2023-05-23 화요일 14:04:22 458 ] VideoAnalysis_Page -> FilterSet 인덱스가 범위를 벗어났습니다. 인덱스는 음수가 아니어야 하며 컬렉션의 크기보다 작아야 합니다.
매개 변수 이름: index
[ ㅓㅓ 2023-05-23 화요일 14:04:22 746 ] VideoAnalysis_Page -> FilterSet 인덱스가 범위를 벗어났습니다. 인덱스는 음수가 아니어야 하며 컬렉션의 크기보다 작아야 합니다.
매개 변수 이름: index
[ ㅓㅓ 2023-05-23 화요일 14:04:23 023 ] VideoAnalysis_Page -> FilterSet 인덱스가 범위를 벗어났습니다. 인덱스는 음수가 아니어야 하며 컬렉션의 크기보다 작아야 합니다.
매개 변수 이름: index
[ ㅓㅓ 2023-05-23 화요일 14:04:23 275 ] VideoAnalysis_Page -> FilterSet 인덱스가 범위를 벗어났습니다. 인덱스는 음수가 아니어야 하며 컬렉션의 크기보다 작아야 합니다.
매개 변수 이름: index
[ ㅓㅓ 2023-05-23 화요일 14:04:23 578 ] VideoAnalysis_Page -> FilterSet 인덱스가 범위를 벗어났습니다. 인덱스는 음수가 아니어야 하며 컬렉션의 크기보다 작아야 합니다.
매개 변수 이름: index
[ ㅓㅓ 2023-05-23 화요일 14:04:23 875 ] VideoAnalysis_Page -> FilterSet 인덱스가 범위를 벗어났습니다. 인덱스는 음수가 아니어야 하며 컬렉션의 크기보다 작아야 합니다.
매개 변수 이름: index
[ ㅓㅓ 2023-05-23 화요일 14:04:24 148 ] VideoAnalysis_Page -> FilterSet 인덱스가 범위를 벗어났습니다. 인덱스는 음수가 아니어야 하며 컬렉션의 크기보다 작아야 합니다.
매개 변수 이름: index
[ ㅓㅓ 2023-05-23 화요일 14:04:24 450 ] VideoAnalysis_Page -> FilterSet 인덱스가 범위를 벗어났습니다. 인덱스는 음수가 아니어야 하며 컬렉션의 크기보다 작아야 합니다.
매개 변수 이름: index
[ ㅓㅓ 2023-05-23 화요일 14:04:24 724 ] VideoAnalysis_Page -> FilterSet 인덱스가 범위를 벗어났습니다. 인덱스는 음수가 아니어야 하며 컬렉션의 크기보다 작아야 합니다.
매개 변수 이름: index
[ ㅓㅓ 2023-05-23 화요일 14:04:25 124 ] VideoAnalysis_Page -> FilterSet 인덱스가 범위를 벗어났습니다. 인덱스는 음수가 아니어야 하며 컬렉션의 크기보다 작아야 합니다.
매개 변수 이름: index
[ ㅓㅓ 2023-05-23 화요일 14:04:25 477 ] VideoAnalysis_Page -> FilterSet 인덱스가 범위를 벗어났습니다. 인덱스는 음수가 아니어야 하며 컬렉션의 크기보다 작아야 합니다.
매개 변수 이름: index
[ ㅓㅓ 2023-05-23 화요일 14:04:25 893 ] VideoAnalysis_Page -> FilterSet 인덱스가 범위를 벗어났습니다. 인덱스는 음수가 아니어야 하며 컬렉션의 크기보다 작아야 합니다.
매개 변수 이름: index
[ ㅓㅓ 2023-05-23 화요일 14:04:26 256 ] VideoAnalysis_Page -> FilterSet 인덱스가 범위를 벗어났습니다. 인덱스는 음수가 아니어야 하며 컬렉션의 크기보다 작아야 합니다.
매개 변수 이름: index
[ ㅓㅓ 2023-05-23 화요일 14:04:26 563 ] VideoAnalysis_Page -> FilterSet 인덱스가 범위를 벗어났습니다. 인덱스는 음수가 아니어야 하며 컬렉션의 크기보다 작아야 합니다.
매개 변수 이름: index
[ ㅓㅓ 2023-05-23 화요일 14:04:26 979 ] VideoAnalysis_Page -> FilterSet 인덱스가 범위를 벗어났습니다. 인덱스는 음수가 아니어야 하며 컬렉션의 크기보다 작아야 합니다.
매개 변수 이름: index
[ ㅓㅓ 2023-05-23 화요일 14:04:27 339 ] VideoAnalysis_Page -> FilterSet 인덱스가 범위를 벗어났습니다. 인덱스는 음수가 아니어야 하며 컬렉션의 크기보다 작아야 합니다.
매개 변수 이름: index
[ ㅓㅓ 2023-05-23 화요일 14:04:27 741 ] VideoAnalysis_Page -> FilterSet 인덱스가 범위를 벗어났습니다. 인덱스는 음수가 아니어야 하며 컬렉션의 크기보다 작아야 합니다.
매개 변수 이름: index
[ ㅓㅓ 2023-05-23 화요일 14:04:28 125 ] VideoAnalysis_Page -> FilterSet 인덱스가 범위를 벗어났습니다. 인덱스는 음수가 아니어야 하며 컬렉션의 크기보다 작아야 합니다.
매개 변수 이름: index
[ ㅓㅓ 2023-05-23 화요일 14:04:28 412 ] VideoAnalysis_Page -> FilterSet 인덱스가 범위를 벗어났습니다. 인덱스는 음수가 아니어야 하며 컬렉션의 크기보다 작아야 합니다.
매개 변수 이름: index
[ ㅓㅓ 2023-05-23 화요일 14:04:28 823 ] VideoAnalysis_Page -> FilterSet 인덱스가 범위를 벗어났습니다. 인덱스는 음수가 아니어야 하며 컬렉션의 크기보다 작아야 합니다.
매개 변수 이름: index
[ ㅓㅓ 2023-05-23 화요일 14:04:29 208 ] VideoAnalysis_Page -> FilterSet 인덱스가 범위를 벗어났습니다. 인덱스는 음수가 아니어야 하며 컬렉션의 크기보다 작아야 합니다.
매개 변수 이름: index
[ ㅓㅓ 2023-05-23 화요일 14:04:29 548 ] VideoAnalysis_Page -> FilterSet 인덱스가 범위를 벗어났습니다. 인덱스는 음수가 아니어야 하며 컬렉션의 크기보다 작아야 합니다.
매개 변수 이름: index
[ ㅓㅓ 2023-05-23 화요일 14:04:29 947 ] VideoAnalysis_Page -> FilterSet 인덱스가 범위를 벗어났습니다. 인덱스는 음수가 아니어야 하며 컬렉션의 크기보다 작아야 합니다.
매개 변수 이름: index
[ ㅓㅓ 2023-05-23 화요일 14:04:30 242 ] VideoAnalysis_Page -> FilterSet 인덱스가 범위를 벗어났습니다. 인덱스는 음수가 아니어야 하며 컬렉션의 크기보다 작아야 합니다.
매개 변수 이름: index
[ ㅓㅓ 2023-05-23 화요일 14:04:30 670 ] VideoAnalysis_Page -> FilterSet 인덱스가 범위를 벗어났습니다. 인덱스는 음수가 아니어야 하며 컬렉션의 크기보다 작아야 합니다.
매개 변수 이름: index
[ ㅓㅓ 2023-05-23 화요일 14:04:31 043 ] VideoAnalysis_Page -> FilterSet 인덱스가 범위를 벗어났습니다. 인덱스는 음수가 아니어야 하며 컬렉션의 크기보다 작아야 합니다.
매개 변수 이름: index
[ ㅓㅓ 2023-05-23 화요일 14:04:31 385 ] VideoAnalysis_Page -> FilterSet 인덱스가 범위를 벗어났습니다. 인덱스는 음수가 아니어야 하며 컬렉션의 크기보다 작아야 합니다.
매개 변수 이름: index
[ ㅓㅓ 2023-05-23 화요일 14:04:31 743 ] VideoAnalysis_Page -> FilterSet 인덱스가 범위를 벗어났습니다. 인덱스는 음수가 아니어야 하며 컬렉션의 크기보다 작아야 합니다.
매개 변수 이름: index
[ ㅓㅓ 2023-05-23 화요일 14:04:32 033 ] VideoAnalysis_Page -> FilterSet 인덱스가 범위를 벗어났습니다. 인덱스는 음수가 아니어야 하며 컬렉션의 크기보다 작아야 합니다.
매개 변수 이름: index
[ ㅓㅓ 2023-05-23 화요일 14:04:32 440 ] VideoAnalysis_Page -> FilterSet 인덱스가 범위를 벗어났습니다. 인덱스는 음수가 아니어야 하며 컬렉션의 크기보다 작아야 합니다.
매개 변수 이름: index
[ ㅓㅓ 2023-05-23 화요일 14:04:32 828 ] VideoAnalysis_Page -> FilterSet 인덱스가 범위를 벗어났습니다. 인덱스는 음수가 아니어야 하며 컬렉션의 크기보다 작아야 합니다.
매개 변수 이름: index
[ ㅓㅓ 2023-05-23 화요일 14:04:33 172 ] VideoAnalysis_Page -> FilterSet 인덱스가 범위를 벗어났습니다. 인덱스는 음수가 아니어야 하며 컬렉션의 크기보다 작아야 합니다.
매개 변수 이름: index
[ ㅓㅓ 2023-05-23 화요일 14:04:33 538 ] VideoAnalysis_Page -> FilterSet 인덱스가 범위를 벗어났습니다. 인덱스는 음수가 아니어야 하며 컬렉션의 크기보다 작아야 합니다.
매개 변수 이름: index
[ ㅓㅓ 2023-05-23 화요일 14:04:33 853 ] VideoAnalysis_Page -> FilterSet 인덱스가 범위를 벗어났습니다. 인덱스는 음수가 아니어야 하며 컬렉션의 크기보다 작아야 합니다.
매개 변수 이름: index
[ ㅓㅓ 2023-05-23 화요일 14:04:34 207 ] VideoAnalysis_Page -> FilterSet 인덱스가 범위를 벗어났습니다. 인덱스는 음수가 아니어야 하며 컬렉션의 크기보다 작아야 합니다.
매개 변수 이름: index
[ ㅓㅓ 2023-05-23 화요일 14:04:34 622 ] VideoAnalysis_Page -> FilterSet 인덱스가 범위를 벗어났습니다. 인덱스는 음수가 아니어야 하며 컬렉션의 크기보다 작아야 합니다.
매개 변수 이름: index
[ ㅓㅓ 2023-05-23 화요일 14:04:34 993 ] VideoAnalysis_Page -> FilterSet 인덱스가 범위를 벗어났습니다. 인덱스는 음수가 아니어야 하며 컬렉션의 크기보다 작아야 합니다.
매개 변수 이름: index
[ ㅓㅓ 2023-05-23 화요일 14:04:35 386 ] VideoAnalysis_Page -> FilterSet 인덱스가 범위를 벗어났습니다. 인덱스는 음수가 아니어야 하며 컬렉션의 크기보다 작아야 합니다.
매개 변수 이름: index
[ ㅓㅓ 2023-05-23 화요일 14:04:35 678 ] VideoAnalysis_Page -> FilterSet 인덱스가 범위를 벗어났습니다. 인덱스는 음수가 아니어야 하며 컬렉션의 크기보다 작아야 합니다.
매개 변수 이름: index
[ ㅓㅓ 2023-05-23 화요일 14:04:36 079 ] VideoAnalysis_Page -> FilterSet 인덱스가 범위를 벗어났습니다. 인덱스는 음수가 아니어야 하며 컬렉션의 크기보다 작아야 합니다.
매개 변수 이름: index
[ ㅓㅓ 2023-05-23 화요일 14:04:36 455 ] VideoAnalysis_Page -> FilterSet 인덱스가 범위를 벗어났습니다. 인덱스는 음수가 아니어야 하며 컬렉션의 크기보다 작아야 합니다.
매개 변수 이름: index
[ ㅓㅓ 2023-05-23 화요일 14:04:36 812 ] VideoAnalysis_Page -> FilterSet 인덱스가 범위를 벗어났습니다. 인덱스는 음수가 아니어야 하며 컬렉션의 크기보다 작아야 합니다.
매개 변수 이름: index
[ ㅓㅓ 2023-05-23 화요일 14:04:37 197 ] VideoAnalysis_Page -> FilterSet 인덱스가 범위를 벗어났습니다. 인덱스는 음수가 아니어야 하며 컬렉션의 크기보다 작아야 합니다.
매개 변수 이름: index
[ ㅓㅓ 2023-05-23 화요일 14:04:37 564 ] VideoAnalysis_Page -> FilterSet 인덱스가 범위를 벗어났습니다. 인덱스는 음수가 아니어야 하며 컬렉션의 크기보다 작아야 합니다.
매개 변수 이름: index
[ ㅓㅓ 2023-05-23 화요일 14:04:37 974 ] VideoAnalysis_Page -> FilterSet 인덱스가 범위를 벗어났습니다. 인덱스는 음수가 아니어야 하며 컬렉션의 크기보다 작아야 합니다.
매개 변수 이름: index
[ ㅓㅓ 2023-05-23 화요일 14:04:38 299 ] VideoAnalysis_Page -> FilterSet 인덱스가 범위를 벗어났습니다. 인덱스는 음수가 아니어야 하며 컬렉션의 크기보다 작아야 합니다.
매개 변수 이름: index
[ ㅓㅓ 2023-05-23 화요일 14:04:38 658 ] VideoAnalysis_Page -> FilterSet 인덱스가 범위를 벗어났습니다. 인덱스는 음수가 아니어야 하며 컬렉션의 크기보다 작아야 합니다.
매개 변수 이름: index
[ ㅓㅓ 2023-05-23 화요일 14:04:39 031 ] VideoAnalysis_Page -> FilterSet 인덱스가 범위를 벗어났습니다. 인덱스는 음수가 아니어야 하며 컬렉션의 크기보다 작아야 합니다.
매개 변수 이름: index
[ ㅓㅓ 2023-05-23 화요일 14:04:39 383 ] VideoAnalysis_Page -> FilterSet 인덱스가 범위를 벗어났습니다. 인덱스는 음수가 아니어야 하며 컬렉션의 크기보다 작아야 합니다.
매개 변수 이름: index
[ ㅓㅓ 2023-05-23 화요일 14:04:39 693 ] VideoAnalysis_Page -> FilterSet 인덱스가 범위를 벗어났습니다. 인덱스는 음수가 아니어야 하며 컬렉션의 크기보다 작아야 합니다.
매개 변수 이름: index
[ ㅓㅓ 2023-05-23 화요일 14:04:40 109 ] VideoAnalysis_Page -> FilterSet 인덱스가 범위를 벗어났습니다. 인덱스는 음수가 아니어야 하며 컬렉션의 크기보다 작아야 합니다.
매개 변수 이름: index
[ ㅓㅓ 2023-05-23 화요일 14:04:40 464 ] VideoAnalysis_Page -> FilterSet 인덱스가 범위를 벗어났습니다. 인덱스는 음수가 아니어야 하며 컬렉션의 크기보다 작아야 합니다.
매개 변수 이름: index
[ ㅓㅓ 2023-05-23 화요일 14:04:40 847 ] VideoAnalysis_Page -> FilterSet 인덱스가 범위를 벗어났습니다. 인덱스는 음수가 아니어야 하며 컬렉션의 크기보다 작아야 합니다.
매개 변수 이름: index
[ ㅓㅓ 2023-05-23 화요일 14:04:41 225 ] VideoAnalysis_Page -> FilterSet 인덱스가 범위를 벗어났습니다. 인덱스는 음수가 아니어야 하며 컬렉션의 크기보다 작아야 합니다.
매개 변수 이름: index
[ ㅓㅓ 2023-05-23 화요일 14:04:41 502 ] VideoAnalysis_Page -> FilterSet 인덱스가 범위를 벗어났습니다. 인덱스는 음수가 아니어야 하며 컬렉션의 크기보다 작아야 합니다.
매개 변수 이름: index
[ ㅓㅓ 2023-05-23 화요일 14:04:41 902 ] VideoAnalysis_Page -> FilterSet 인덱스가 범위를 벗어났습니다. 인덱스는 음수가 아니어야 하며 컬렉션의 크기보다 작아야 합니다.
매개 변수 이름: index
[ ㅓㅓ 2023-05-23 화요일 14:04:42 287 ] VideoAnalysis_Page -> FilterSet 인덱스가 범위를 벗어났습니다. 인덱스는 음수가 아니어야 하며 컬렉션의 크기보다 작아야 합니다.
매개 변수 이름: index
[ ㅓㅓ 2023-05-23 화요일 14:04:42 619 ] VideoAnalysis_Page -> FilterSet 인덱스가 범위를 벗어났습니다. 인덱스는 음수가 아니어야 하며 컬렉션의 크기보다 작아야 합니다.
매개 변수 이름: index
[ ㅓㅓ 2023-05-23 화요일 14:04:43 023 ] VideoAnalysis_Page -> FilterSet 인덱스가 범위를 벗어났습니다. 인덱스는 음수가 아니어야 하며 컬렉션의 크기보다 작아야 합니다.
매개 변수 이름: index
[ ㅓㅓ 2023-05-23 화요일 14:04:43 324 ] VideoAnalysis_Page -> FilterSet 인덱스가 범위를 벗어났습니다. 인덱스는 음수가 아니어야 하며 컬렉션의 크기보다 작아야 합니다.
매개 변수 이름: index
[ ㅓㅓ 2023-05-23 화요일 14:04:43 696 ] VideoAnalysis_Page -> FilterSet 인덱스가 범위를 벗어났습니다. 인덱스는 음수가 아니어야 하며 컬렉션의 크기보다 작아야 합니다.
매개 변수 이름: index
[ ㅓㅓ 2023-05-23 화요일 14:04:44 021 ] VideoAnalysis_Page -> FilterSet 인덱스가 범위를 벗어났습니다. 인덱스는 음수가 아니어야 하며 컬렉션의 크기보다 작아야 합니다.
매개 변수 이름: index
[ ㅓㅓ 2023-05-23 화요일 14:04:44 376 ] VideoAnalysis_Page -> FilterSet 인덱스가 범위를 벗어났습니다. 인덱스는 음수가 아니어야 하며 컬렉션의 크기보다 작아야 합니다.
매개 변수 이름: index
[ ㅓㅓ 2023-05-23 화요일 14:04:44 723 ] VideoAnalysis_Page -> FilterSet 인덱스가 범위를 벗어났습니다. 인덱스는 음수가 아니어야 하며 컬렉션의 크기보다 작아야 합니다.
매개 변수 이름: index
[ ㅓㅓ 2023-05-23 화요일 14:04:45 006 ] VideoAnalysis_Page -> FilterSet 인덱스가 범위를 벗어났습니다. 인덱스는 음수가 아니어야 하며 컬렉션의 크기보다 작아야 합니다.
매개 변수 이름: index
[ ㅓㅓ 2023-05-23 화요일 14:04:45 395 ] VideoAnalysis_Page -> FilterSet 인덱스가 범위를 벗어났습니다. 인덱스는 음수가 아니어야 하며 컬렉션의 크기보다 작아야 합니다.
매개 변수 이름: index
[ ㅓㅓ 2023-05-23 화요일 14:04:45 741 ] VideoAnalysis_Page -> FilterSet 인덱스가 범위를 벗어났습니다. 인덱스는 음수가 아니어야 하며 컬렉션의 크기보다 작아야 합니다.
매개 변수 이름: index
[ ㅓㅓ 2023-05-23 화요일 14:04:46 110 ] VideoAnalysis_Page -> FilterSet 인덱스가 범위를 벗어났습니다. 인덱스는 음수가 아니어야 하며 컬렉션의 크기보다 작아야 합니다.
매개 변수 이름: index
[ ㅓㅓ 2023-05-23 화요일 14:04:46 476 ] VideoAnalysis_Page -> FilterSet 인덱스가 범위를 벗어났습니다. 인덱스는 음수가 아니어야 하며 컬렉션의 크기보다 작아야 합니다.
매개 변수 이름: index
[ ㅓㅓ 2023-05-23 화요일 14:04:46 773 ] VideoAnalysis_Page -> FilterSet 인덱스가 범위를 벗어났습니다. 인덱스는 음수가 아니어야 하며 컬렉션의 크기보다 작아야 합니다.
매개 변수 이름: index
[ ㅓㅓ 2023-05-23 화요일 14:04:47 157 ] VideoAnalysis_Page -> FilterSet 인덱스가 범위를 벗어났습니다. 인덱스는 음수가 아니어야 하며 컬렉션의 크기보다 작아야 합니다.
매개 변수 이름: index
[ ㅓㅓ 2023-05-23 화요일 14:04:47 541 ] VideoAnalysis_Page -> FilterSet 인덱스가 범위를 벗어났습니다. 인덱스는 음수가 아니어야 하며 컬렉션의 크기보다 작아야 합니다.
매개 변수 이름: index
[ ㅓㅓ 2023-05-23 화요일 14:04:47 913 ] VideoAnalysis_Page -> FilterSet 인덱스가 범위를 벗어났습니다. 인덱스는 음수가 아니어야 하며 컬렉션의 크기보다 작아야 합니다.
매개 변수 이름: index
[ ㅓㅓ 2023-05-23 화요일 14:04:48 277 ] VideoAnalysis_Page -> FilterSet 인덱스가 범위를 벗어났습니다. 인덱스는 음수가 아니어야 하며 컬렉션의 크기보다 작아야 합니다.
매개 변수 이름: index
[ ㅓㅓ 2023-05-23 화요일 14:04:48 547 ] VideoAnalysis_Page -> FilterSet 인덱스가 범위를 벗어났습니다. 인덱스는 음수가 아니어야 하며 컬렉션의 크기보다 작아야 합니다.
매개 변수 이름: index
[ ㅓㅓ 2023-05-23 화요일 14:04:48 945 ] VideoAnalysis_Page -> FilterSet 인덱스가 범위를 벗어났습니다. 인덱스는 음수가 아니어야 하며 컬렉션의 크기보다 작아야 합니다.
매개 변수 이름: index
[ ㅓㅓ 2023-05-23 화요일 14:04:49 314 ] VideoAnalysis_Page -> FilterSet 인덱스가 범위를 벗어났습니다. 인덱스는 음수가 아니어야 하며 컬렉션의 크기보다 작아야 합니다.
매개 변수 이름: index
[ ㅓㅓ 2023-05-23 화요일 14:04:49 693 ] VideoAnalysis_Page -> FilterSet 인덱스가 범위를 벗어났습니다. 인덱스는 음수가 아니어야 하며 컬렉션의 크기보다 작아야 합니다.
매개 변수 이름: index
[ ㅓㅓ 2023-05-23 화요일 14:04:50 076 ] VideoAnalysis_Page -> FilterSet 인덱스가 범위를 벗어났습니다. 인덱스는 음수가 아니어야 하며 컬렉션의 크기보다 작아야 합니다.
매개 변수 이름: index
[ ㅓㅓ 2023-05-23 화요일 14:04:50 356 ] VideoAnalysis_Page -> FilterSet 인덱스가 범위를 벗어났습니다. 인덱스는 음수가 아니어야 하며 컬렉션의 크기보다 작아야 합니다.
매개 변수 이름: index
[ ㅓㅓ 2023-05-23 화요일 14:04:50 742 ] VideoAnalysis_Page -> FilterSet 인덱스가 범위를 벗어났습니다. 인덱스는 음수가 아니어야 하며 컬렉션의 크기보다 작아야 합니다.
매개 변수 이름: index
[ ㅓㅓ 2023-05-23 화요일 14:04:51 101 ] VideoAnalysis_Page -> FilterSet 인덱스가 범위를 벗어났습니다. 인덱스는 음수가 아니어야 하며 컬렉션의 크기보다 작아야 합니다.
매개 변수 이름: index
[ ㅓㅓ 2023-05-23 화요일 14:04:51 430 ] VideoAnalysis_Page -> FilterSet 인덱스가 범위를 벗어났습니다. 인덱스는 음수가 아니어야 하며 컬렉션의 크기보다 작아야 합니다.
매개 변수 이름: index
[ ㅓㅓ 2023-05-23 화요일 14:04:51 782 ] VideoAnalysis_Page -> FilterSet 인덱스가 범위를 벗어났습니다. 인덱스는 음수가 아니어야 하며 컬렉션의 크기보다 작아야 합니다.
매개 변수 이름: index
[ ㅓㅓ 2023-05-23 화요일 14:04:52 075 ] VideoAnalysis_Page -> FilterSet 인덱스가 범위를 벗어났습니다. 인덱스는 음수가 아니어야 하며 컬렉션의 크기보다 작아야 합니다.
매개 변수 이름: index
[ ㅓㅓ 2023-05-23 화요일 14:07:49 792 ] VideoAnalysis_Page -> FilterSet 인덱스가 범위를 벗어났습니다. 인덱스는 음수가 아니어야 하며 컬렉션의 크기보다 작아야 합니다.
매개 변수 이름: index
[ ㅓㅓ 2023-05-23 화요일 14:07:58 982 ] VideoAnalysis_Page -> FilterSet 인덱스가 범위를 벗어났습니다. 인덱스는 음수가 아니어야 하며 컬렉션의 크기보다 작아야 합니다.
매개 변수 이름: index
[ ㅓㅓ 2023-05-23 화요일 14:07:59 276 ] VideoAnalysis_Page -> FilterSet 인덱스가 범위를 벗어났습니다. 인덱스는 음수가 아니어야 하며 컬렉션의 크기보다 작아야 합니다.
매개 변수 이름: index
[ ㅓㅓ 2023-05-23 화요일 14:07:59 576 ] VideoAnalysis_Page -> FilterSet 인덱스가 범위를 벗어났습니다. 인덱스는 음수가 아니어야 하며 컬렉션의 크기보다 작아야 합니다.
매개 변수 이름: index
[ ㅓㅓ 2023-05-23 화요일 14:07:59 887 ] VideoAnalysis_Page -> FilterSet 인덱스가 범위를 벗어났습니다. 인덱스는 음수가 아니어야 하며 컬렉션의 크기보다 작아야 합니다.
매개 변수 이름: index
[ ㅓㅓ 2023-05-23 화요일 14:08:00 193 ] VideoAnalysis_Page -> FilterSet 인덱스가 범위를 벗어났습니다. 인덱스는 음수가 아니어야 하며 컬렉션의 크기보다 작아야 합니다.
매개 변수 이름: index
[ ㅓㅓ 2023-05-23 화요일 14:08:00 556 ] VideoAnalysis_Page -> FilterSet 인덱스가 범위를 벗어났습니다. 인덱스는 음수가 아니어야 하며 컬렉션의 크기보다 작아야 합니다.
매개 변수 이름: index
[ ㅓㅓ 2023-05-23 화요일 14:08:00 863 ] VideoAnalysis_Page -> FilterSet 인덱스가 범위를 벗어났습니다. 인덱스는 음수가 아니어야 하며 컬렉션의 크기보다 작아야 합니다.
매개 변수 이름: index
[ ㅓㅓ 2023-05-23 화요일 14:08:01 172 ] VideoAnalysis_Page -> FilterSet 인덱스가 범위를 벗어났습니다. 인덱스는 음수가 아니어야 하며 컬렉션의 크기보다 작아야 합니다.
매개 변수 이름: index
[ ㅓㅓ 2023-05-23 화요일 14:08:01 511 ] VideoAnalysis_Page -> FilterSet 인덱스가 범위를 벗어났습니다. 인덱스는 음수가 아니어야 하며 컬렉션의 크기보다 작아야 합니다.
매개 변수 이름: index
[ ㅓㅓ 2023-05-23 화요일 14:10:43 802 ] VideoAnalysis_Page -> FilterSet 인덱스가 범위를 벗어났습니다. 인덱스는 음수가 아니어야 하며 컬렉션의 크기보다 작아야 합니다.
매개 변수 이름: index
[ ㅓㅓ 2023-05-23 화요일 14:11:11 536 ] VideoAnalysis_Page -> VideoAnalysis_ButtonActions1 
[ ㅓㅓ 2023-05-23 화요일 14:11:11 540 ] VideoAnalysis_Page -> VideoCheck_Play1 
[ ㅓㅓ 2023-05-23 화요일 14:11:27 969 ] VideoAnalysis_Page -> VideoAnalysis_ButtonActions1 
[ ㅓㅓ 2023-05-23 화요일 14:11:27 969 ] VideoAnalysis_Page -> VideoCheck_Play1 
[ ㅓㅓ 2023-05-23 화요일 14:12:08 619 ] VideoAnalysis_Page -> VideoAnalysis_ButtonActions2 
[ ㅓㅓ 2023-05-23 화요일 14:12:08 622 ] VideoAnalysis_Page -> VideoCheck_Play2 
[ ㅓㅓ 2023-05-23 화요일 14:12:18 869 ] VideoAnalysis_Page -> VideoAnalysis_ButtonActions1 
[ ㅓㅓ 2023-05-23 화요일 14:12:18 882 ] VideoAnalysis_Page -> VideoCheck_Play1 
[ ㅓㅓ 2023-05-23 화요일 14:13:03 287 ] VideoAnalysis_Page -> VideoAnalysis_ButtonActions2 
[ ㅓㅓ 2023-05-23 화요일 14:13:03 292 ] VideoAnalysis_Page -> VideoCheck_Play2 
[ ㅓㅓ 2023-05-23 화요일 14:13:06 554 ] VideoAnalysis_Page -> VideoAnalysis_ButtonActions1 
[ ㅓㅓ 2023-05-23 화요일 14:13:06 554 ] VideoAnalysis_Page -> VideoCheck_Play1 
[ ㅓㅓ 2023-05-23 화요일 14:13:28 138 ] VideoAnalysis_Page -> VideoAnalysis_ButtonActions1 
[ ㅓㅓ 2023-05-23 화요일 14:13:28 138 ] VideoAnalysis_Page -> VideoCheck_Play1 
[ ㅓㅓ 2023-05-23 화요일 14:15:09 257 ] VideoAnalysis_Page -> VideoAnalysis_ButtonActions1 
[ ㅓㅓ 2023-05-23 화요일 14:15:09 258 ] VideoAnalysis_Page -> VideoCheck_Play1 
[ ㅓㅓ 2023-05-23 화요일 14:16:15 163 ] VideoAnalysis_Page -> VideoAnalysis_ButtonActions1 
[ ㅓㅓ 2023-05-23 화요일 14:16:15 164 ] VideoAnalysis_Page -> VideoCheck_Play1 
[ ㅓㅓ 2023-05-23 화요일 14:16:16 943 ] VideoAnalysis_Page -> VideoAnalysis_ButtonActions1 
[ ㅓㅓ 2023-05-23 화요일 14:16:16 943 ] VideoAnalysis_Page -> VideoCheck_Play1 
[ ㅓㅓ 2023-05-23 화요일 14:17:04 670 ] VideoAnalysis_Page -> VideoAnalysis_ButtonActions1 
[ ㅓㅓ 2023-05-23 화요일 14:17:04 677 ] VideoAnalysis_Page -> VideoCheck_Play1 
[ ㅓㅓ 2023-05-23 화요일 14:17:50 501 ] VideoAnalysis_Page -> VideoAnalysis_ButtonActions1 
[ ㅓㅓ 2023-05-23 화요일 14:17:50 502 ] VideoAnalysis_Page -> VideoCheck_Play1 
[ ㅓㅓ 2023-05-23 화요일 14:18:09 077 ] VideoAnalysis_Page -> VideoAnalysis_ButtonActions1 
[ ㅓㅓ 2023-05-23 화요일 14:18:09 089 ] VideoAnalysis_Page -> VideoCheck_Play1 
[ ㅓㅓ 2023-05-23 화요일 14:18:23 406 ] VideoAnalysis_Page -> VideoAnalysis_ButtonActions1 
[ ㅓㅓ 2023-05-23 화요일 14:18:23 406 ] VideoAnalysis_Page -> VideoCheck_Play1 
[ ㅓㅓ 2023-05-23 화요일 14:19:21 006 ] VideoAnalysis_Page -> VideoAnalysis_ButtonActions1 
[ ㅓㅓ 2023-05-23 화요일 14:19:21 007 ] VideoAnalysis_Page -> VideoCheck_Play1 
[ ㅓㅓ 2023-05-23 화요일 14:19:51 013 ] VideoAnalysis_Page -> VideoAnalysis_ButtonActions1 
[ ㅓㅓ 2023-05-23 화요일 14:19:51 015 ] VideoAnalysis_Page -> VideoCheck_Play1 
[ ㅓㅓ 2023-05-23 화요일 14:22:30 790 ] VideoAnalysis_Page -> VideoAnalysis_ButtonActions1 
[ ㅓㅓ 2023-05-23 화요일 14:22:30 790 ] VideoAnalysis_Page -> VideoCheck_Play1 
[ ㅓㅓ 2023-05-23 화요일 14:28:29 310 ] VideoAnalysis_Page -> VideoAnalysis_ButtonActions1 
[ ㅓㅓ 2023-05-23 화요일 14:28:29 313 ] VideoAnalysis_Page -> VideoCheck_Play1 
[ ㅓㅓ 2023-05-23 화요일 14:28:53 911 ] VideoAnalysis_Page -> VideoAnalysis_ButtonActions1 
[ ㅓㅓ 2023-05-23 화요일 14:28:53 911 ] VideoAnalysis_Page -> VideoCheck_Play1 
[ ㅓㅓ 2023-05-23 화요일 14:36:34 880 ] VideoAnalysis_Page -> VideoAnalysis_ButtonActions1 
[ ㅓㅓ 2023-05-23 화요일 14:36:34 881 ] VideoAnalysis_Page -> VideoCheck_Play1 
[ ㅓㅓ 2023-05-23 화요일 14:36:51 078 ] VideoAnalysis_Page -> VideoAnalysis_ButtonActions1 
[ ㅓㅓ 2023-05-23 화요일 14:36:51 078 ] VideoAnalysis_Page -> VideoCheck_Play1 
[ ㅓㅓ 2023-05-23 화요일 14:37:01 068 ] VideoAnalysis_Page -> VideoAnalysis_ButtonActions1 
[ ㅓㅓ 2023-05-23 화요일 14:37:01 068 ] VideoAnalysis_Page -> VideoCheck_Play1 
[ ㅓㅓ 2023-05-23 화요일 14:37:08 597 ] VideoAnalysis_Page -> VideoAnalysis_ButtonActions1 
[ ㅓㅓ 2023-05-23 화요일 14:37:08 598 ] VideoAnalysis_Page -> VideoCheck_Play1 
[ ㅓㅓ 2023-05-23 화요일 14:37:54 378 ] VideoAnalysis_Page -> VideoAnalysis_ButtonActions1 
[ ㅓㅓ 2023-05-23 화요일 14:37:54 387 ] VideoAnalysis_Page -> VideoCheck_Play1 
[ ㅓㅓ 2023-05-23 화요일 14:38:07 404 ] VideoAnalysis_Page -> VideoAnalysis_ButtonActions1 
[ ㅓㅓ 2023-05-23 화요일 14:38:07 404 ] VideoAnalysis_Page -> VideoCheck_Play1 
[ ㅓㅓ 2023-05-23 화요일 14:38:25 256 ] VideoAnalysis_Page -> VideoAnalysis_ButtonActions1 
[ ㅓㅓ 2023-05-23 화요일 14:38:25 256 ] VideoAnalysis_Page -> VideoCheck_Play1 
[ ㅓㅓ 2023-05-23 화요일 14:43:40 553 ] VideoAnalysis_Page -> VideoAnalysis_ButtonActions1 
[ ㅓㅓ 2023-05-23 화요일 14:43:40 553 ] VideoAnalysis_Page -> VideoCheck_Play1 
[ ㅓㅓ 2023-05-23 화요일 14:43:41 863 ] VideoAnalysis_Page -> VideoAnalysis_ButtonActions1 
[ ㅓㅓ 2023-05-23 화요일 14:43:41 863 ] VideoAnalysis_Page -> VideoCheck_Play1 
[ ㅓㅓ 2023-05-23 화요일 14:49:04 418 ] VideoAnalysis_Page -> VideoAnalysis_ButtonActions1 
[ ㅓㅓ 2023-05-23 화요일 14:49:04 418 ] VideoAnalysis_Page -> VideoCheck_Play1 
[ ㅓㅓ 2023-05-23 화요일 14:52:14 551 ] VideoAnalysis_Page -> VideoAnalysis_ButtonActions1 
[ ㅓㅓ 2023-05-23 화요일 14:52:14 551 ] VideoAnalysis_Page -> VideoCheck_Play1 
[ ㅓㅓ 2023-05-23 화요일 14:52:15 946 ] VideoAnalysis_Page -> VideoAnalysis_ButtonActions2 
[ ㅓㅓ 2023-05-23 화요일 14:52:15 947 ] VideoAnalysis_Page -> VideoCheck_Play2 
[ ㅓㅓ 2023-05-23 화요일 14:52:19 619 ] VideoAnalysis_Page -> VideoAnalysis_ButtonActions2 
[ ㅓㅓ 2023-05-23 화요일 14:52:19 622 ] VideoAnalysis_Page -> VideoCheck_Play2 
[ ㅓㅓ 2023-05-23 화요일 14:52:50 775 ] VideoAnalysis_Page -> VideoAnalysis_ButtonActions1 
[ ㅓㅓ 2023-05-23 화요일 14:52:50 775 ] VideoAnalysis_Page -> VideoCheck_Play1 
[ ㅓㅓ 2023-05-23 화요일 14:52:52 463 ] VideoAnalysis_Page -> VideoAnalysis_ButtonActions1 
[ ㅓㅓ 2023-05-23 화요일 14:52:52 463 ] VideoAnalysis_Page -> VideoCheck_Play1 
[ ㅓㅓ 2023-05-23 화요일 14:53:13 404 ] VideoAnalysis_Page -> VideoAnalysis_ButtonActions1 
[ ㅓㅓ 2023-05-23 화요일 14:53:13 404 ] VideoAnalysis_Page -> VideoCheck_Play1 
[ ㅓㅓ 2023-05-23 화요일 14:54:49 274 ] VideoAnalysis_Page -> VideoAnalysis_ButtonActions1 
[ ㅓㅓ 2023-05-23 화요일 14:54:49 281 ] VideoAnalysis_Page -> VideoCheck_Play1 
[ ㅓㅓ 2023-05-23 화요일 15:23:29 567 ] VideoAnalysis_Page -> VideoAnalysis_ButtonActions1 
[ ㅓㅓ 2023-05-23 화요일 15:23:29 568 ] VideoAnalysis_Page -> VideoCheck_Play1 
[ ㅓㅓ 2023-05-23 화요일 15:23:31 915 ] VideoAnalysis_Page -> VideoAnalysis_ButtonActions1 
[ ㅓㅓ 2023-05-23 화요일 15:23:31 915 ] VideoAnalysis_Page -> VideoCheck_Play1 
[ ㅓㅓ 2023-05-23 화요일 15:23:34 264 ] VideoAnalysis_Page -> VideoAnalysis_ButtonActions1 
[ ㅓㅓ 2023-05-23 화요일 15:23:34 264 ] VideoAnalysis_Page -> VideoCheck_Play1 
[ ㅓㅓ 2023-05-23 화요일 15:24:12 408 ] VideoAnalysis_Page -> VideoAnalysis_ButtonActions1 
[ ㅓㅓ 2023-05-23 화요일 15:24:12 412 ] VideoAnalysis_Page -> VideoCheck_Play1 
[ ㅓㅓ 2023-05-23 화요일 15:30:59 753 ] VideoAnalysis_Page -> VideoAnalysis_ButtonActions1 
[ ㅓㅓ 2023-05-23 화요일 15:30:59 753 ] VideoAnalysis_Page -> VideoCheck_Play1 
[ ㅓㅓ 2023-05-23 화요일 15:31:03 974 ] VideoAnalysis_Page -> VideoAnalysis_ButtonActions1 
[ ㅓㅓ 2023-05-23 화요일 15:31:03 974 ] VideoAnalysis_Page -> VideoCheck_Play1 
[ ㅓㅓ 2023-05-23 화요일 15:34:19 901 ] VideoAnalysis_Page -> VideoAnalysis_ButtonActions1 
[ ㅓㅓ 2023-05-23 화요일 15:34:19 902 ] VideoAnalysis_Page -> VideoCheck_Play1 
[ ㅓㅓ 2023-05-23 화요일 15:34:21 570 ] VideoAnalysis_Page -> VideoAnalysis_ButtonActions1 
[ ㅓㅓ 2023-05-23 화요일 15:34:21 571 ] VideoAnalysis_Page -> VideoCheck_Play1 
[ ㅓㅓ 2023-05-23 화요일 16:11:07 952 ] VideoAnalysis_Page -> FilterClick 
[ ㅓㅓ 2023-05-23 화요일 16:11:18 318 ] VideoAnalysis_Page -> FilterClick 
[ ㅓㅓ 2023-05-23 화요일 16:11:37 296 ] VideoAnalysis_Page -> FilterClick 
[ ㅓㅓ 2023-05-23 화요일 16:12:00 871 ] VideoAnalysis_Page -> FilterClick 
[ ㅓㅓ 2023-05-23 화요일 16:12:04 819 ] VideoAnalysis_Page -> FilterClick 
[ ㅓㅓ 2023-05-23 화요일 16:12:17 563 ] VideoAnalysis_Page -> FilterClick 
[ ㅓㅓ 2023-05-23 화요일 16:12:22 637 ] VideoAnalysis_Page -> FilterClick 
[ ㅓㅓ 2023-05-23 화요일 16:12:34 943 ] VideoAnalysis_Page -> FilterClick 
[ ㅓㅓ 2023-05-23 화요일 16:12:36 850 ] VideoAnalysis_Page -> FilterClick 
[ ㅓㅓ 2023-05-23 화요일 16:12:39 500 ] VideoAnalysis_Page -> FilterClick 
[ ㅓㅓ 2023-05-23 화요일 16:12:41 482 ] VideoAnalysis_Page -> FilterClick 
[ ㅓㅓ 2023-05-23 화요일 16:12:48 461 ] VideoAnalysis_Page -> FilterClick 
[ ㅓㅓ 2023-05-23 화요일 16:13:03 289 ] VideoAnalysis_Page -> FilterClick 
[ ㅓㅓ 2023-05-23 화요일 16:13:11 835 ] VideoAnalysis_Page -> FilterClick 
[ ㅓㅓ 2023-05-23 화요일 16:26:59 305 ] VideoAnalysis_Page -> VideoAnalysis_ButtonActions1 
[ ㅓㅓ 2023-05-23 화요일 16:26:59 313 ] VideoAnalysis_Page -> VideoCheck_Play1 
[ ㅓㅓ 2023-05-23 화요일 16:27:01 388 ] VideoAnalysis_Page -> VideoAnalysis_ButtonActions1 
[ ㅓㅓ 2023-05-23 화요일 16:27:01 389 ] VideoAnalysis_Page -> VideoCheck_Play1 
[ ㅓㅓ 2023-05-23 화요일 17:19:15 928 ] Settings_Page -> XMLSave 
[ ㅓㅓ 2023-05-23 화요일 17:19:17 876 ] Form1 -> NavigationClick 
[ ㅓㅓ 2023-05-23 화요일 17:19:18 100 ] VideoAnalysis_Page -> VideoAnalysis_Page_Load 
[ ㅓㅓ 2023-05-23 화요일 17:19:37 719 ] VideoAnalysis_Page -> VideoAnalysis_ButtonActions1 
[ ㅓㅓ 2023-05-23 화요일 17:19:37 791 ] VideoAnalysis_Page -> VideoCheck_FileOpen1 
[ ㅓㅓ 2023-05-23 화요일 17:19:44 223 ] VideoAnalysis_Page -> VideoAnalysis_ButtonActions2 
[ ㅓㅓ 2023-05-23 화요일 17:19:44 231 ] VideoAnalysis_Page -> VideoCheck_FileOpen2 
[ ㅓㅓ 2023-05-23 화요일 17:19:50 675 ] VideoAnalysis_Page -> VideoAnalysis_ButtonActions1 
[ ㅓㅓ 2023-05-23 화요일 17:19:50 676 ] VideoAnalysis_Page -> VideoCheck_Play1 
[ ㅓㅓ 2023-05-23 화요일 17:19:52 056 ] VideoAnalysis_Page -> FilterClick 
[ ㅓㅓ 2023-05-23 화요일 17:19:54 160 ] VideoAnalysis_Page -> VideoAnalysis_ButtonActions1 
[ ㅓㅓ 2023-05-23 화요일 17:19:54 166 ] VideoAnalysis_Page -> VideoCheck_Play1 
[ ㅓㅓ 2023-05-23 화요일 17:19:57 049 ] VideoAnalysis_Page -> FilterClick 
[ ㅓㅓ 2023-05-23 화요일 17:20:02 547 ] VideoAnalysis_Page -> VideoAnalysis_ButtonActions1 
[ ㅓㅓ 2023-05-23 화요일 17:20:02 547 ] VideoAnalysis_Page -> VideoCheck_Play1 
[ ㅓㅓ 2023-05-23 화요일 17:20:03 198 ] VideoAnalysis_Page -> VideoAnalysis_ButtonActions1 
[ ㅓㅓ 2023-05-23 화요일 17:20:03 198 ] VideoAnalysis_Page -> VideoCheck_Play1 
[ ㅓㅓ 2023-05-23 화요일 17:20:05 074 ] VideoAnalysis_Page -> VideoAnalysis_ButtonActions1 
[ ㅓㅓ 2023-05-23 화요일 17:20:05 074 ] VideoAnalysis_Page -> VideoCheck_Play1 
[ ㅓㅓ 2023-05-23 화요일 17:20:05 460 ] VideoAnalysis_Page -> VideoAnalysis_ButtonActions1 
[ ㅓㅓ 2023-05-23 화요일 17:20:05 460 ] VideoAnalysis_Page -> VideoCheck_Play1 
[ ㅓㅓ 2023-05-23 화요일 18:03:45 160 ] Form1 -> Form1_FormClosing 
[ ㅓㅓ 2023-05-23 화요일 18:03:45 172 ] RealTimeView_Page -> CameraClose 
[ ㅓㅓ 2023-05-23 화요일 18:03:45 185 ] CameraControl -> Stop 
[ ㅓㅓ 2023-05-23 화요일 18:03:46 527 ] CameraControl -> Close 
[ ㅓㅓ 2023-05-23 화요일 18:03:46 590 ] CameraControl -> Stop 
[ ㅓㅓ 2023-05-23 화요일 18:03:46 590 ] CameraControl -> Close 
[ ㅓㅓ 2023-05-23 화요일 18:03:46 591 ] CameraControl -> Stop 
[ ㅓㅓ 2023-05-23 화요일 18:03:46 591 ] CameraControl -> Close 
[ ㅓㅓ 2023-05-23 화요일 18:03:46 592 ] VideoCheck_Page -> VideoClose 
[ ㅓㅓ 2023-05-23 화요일 18:03:46 593 ] VideoAnalysis_Page -> VideoClose 
