[  2023-05-19 금요일 14:25:06 729 ] 파일 생성 성공
[ ㅓㅓ 2023-05-19 금요일 14:25:06 729 ] Settings_Page -> XMLSave 
[ ㅓㅓ 2023-05-19 금요일 14:25:11 380 ] Form1 -> NavigationClick 
[ ㅓㅓ 2023-05-19 금요일 14:25:18 744 ] Form1 -> Form1_FormClosing 
[ ㅓㅓ 2023-05-19 금요일 14:25:18 755 ] RealTimeView_Page -> CameraClose 
[ ㅓㅓ 2023-05-19 금요일 14:25:18 757 ] CameraControl -> Stop 
[ ㅓㅓ 2023-05-19 금요일 14:25:18 758 ] CameraControl -> Close 
[ ㅓㅓ 2023-05-19 금요일 14:25:18 758 ] CameraControl -> Stop 
[ ㅓㅓ 2023-05-19 금요일 14:25:18 758 ] CameraControl -> Close 
[ ㅓㅓ 2023-05-19 금요일 14:25:18 758 ] CameraControl -> Stop 
[ ㅓㅓ 2023-05-19 금요일 14:25:18 759 ] CameraControl -> Close 
[ ㅓㅓ 2023-05-19 금요일 14:25:18 759 ] VideoCheck_Page -> VideoClose 
[ ㅓㅓ 2023-05-19 금요일 14:25:18 761 ] VideoAnalysis_Page -> VideoClose 
[ ㅓㅓ 2023-05-19 금요일 14:25:19 022 ] CameraControl -> Finalize 
[ ㅓㅓ 2023-05-19 금요일 14:25:19 025 ] CameraControl -> Close 
[ ㅓㅓ 2023-05-19 금요일 14:25:19 027 ] CameraControl -> Finalize 
[ ㅓㅓ 2023-05-19 금요일 14:25:19 027 ] CameraControl -> Close 
[ ㅓㅓ 2023-05-19 금요일 14:25:19 027 ] CameraControl -> Finalize 
[ ㅓㅓ 2023-05-19 금요일 14:25:19 027 ] CameraControl -> Close 
[ ㅓㅓ 2023-05-19 금요일 14:26:33 634 ] Settings_Page -> XMLSave 
[ ㅓㅓ 2023-05-19 금요일 14:26:35 140 ] Form1 -> NavigationClick 
[ ㅓㅓ 2023-05-19 금요일 14:26:46 464 ] Form1 -> Form1_FormClosing 
[ ㅓㅓ 2023-05-19 금요일 14:26:46 472 ] RealTimeView_Page -> CameraClose 
[ ㅓㅓ 2023-05-19 금요일 14:26:46 474 ] CameraControl -> Stop 
[ ㅓㅓ 2023-05-19 금요일 14:26:46 475 ] CameraControl -> Close 
[ ㅓㅓ 2023-05-19 금요일 14:26:46 475 ] CameraControl -> Stop 
[ ㅓㅓ 2023-05-19 금요일 14:26:46 475 ] CameraControl -> Close 
[ ㅓㅓ 2023-05-19 금요일 14:26:46 475 ] CameraControl -> Stop 
[ ㅓㅓ 2023-05-19 금요일 14:26:46 475 ] CameraControl -> Close 
[ ㅓㅓ 2023-05-19 금요일 14:26:46 476 ] VideoCheck_Page -> VideoClose 
[ ㅓㅓ 2023-05-19 금요일 14:26:46 476 ] VideoAnalysis_Page -> VideoClose 
[ ㅓㅓ 2023-05-19 금요일 14:26:46 641 ] CameraControl -> Finalize 
[ ㅓㅓ 2023-05-19 금요일 14:26:46 645 ] CameraControl -> Close 
[ ㅓㅓ 2023-05-19 금요일 14:26:46 651 ] CameraControl -> Finalize 
[ ㅓㅓ 2023-05-19 금요일 14:26:46 651 ] CameraControl -> Close 
[ ㅓㅓ 2023-05-19 금요일 14:26:46 660 ] CameraControl -> Finalize 
[ ㅓㅓ 2023-05-19 금요일 14:26:46 660 ] CameraControl -> Close 
[ ㅓㅓ 2023-05-19 금요일 14:26:58 472 ] Settings_Page -> XMLSave 
[ ㅓㅓ 2023-05-19 금요일 14:27:00 048 ] Form1 -> NavigationClick 
[ ㅓㅓ 2023-05-19 금요일 14:27:03 154 ] Form1 -> Form1_FormClosing 
[ ㅓㅓ 2023-05-19 금요일 14:27:03 162 ] RealTimeView_Page -> CameraClose 
[ ㅓㅓ 2023-05-19 금요일 14:27:03 162 ] CameraControl -> Stop 
[ ㅓㅓ 2023-05-19 금요일 14:27:03 163 ] CameraControl -> Close 
[ ㅓㅓ 2023-05-19 금요일 14:27:03 163 ] CameraControl -> Stop 
[ ㅓㅓ 2023-05-19 금요일 14:27:03 163 ] CameraControl -> Close 
[ ㅓㅓ 2023-05-19 금요일 14:27:03 163 ] CameraControl -> Stop 
[ ㅓㅓ 2023-05-19 금요일 14:27:03 164 ] CameraControl -> Close 
[ ㅓㅓ 2023-05-19 금요일 14:27:03 164 ] VideoCheck_Page -> VideoClose 
[ ㅓㅓ 2023-05-19 금요일 14:27:03 165 ] VideoAnalysis_Page -> VideoClose 
[ ㅓㅓ 2023-05-19 금요일 14:27:03 350 ] CameraControl -> Finalize 
[ ㅓㅓ 2023-05-19 금요일 14:27:03 350 ] CameraControl -> Close 
[ ㅓㅓ 2023-05-19 금요일 14:27:03 353 ] CameraControl -> Finalize 
[ ㅓㅓ 2023-05-19 금요일 14:27:03 353 ] CameraControl -> Close 
[ ㅓㅓ 2023-05-19 금요일 14:27:03 353 ] CameraControl -> Finalize 
[ ㅓㅓ 2023-05-19 금요일 14:27:03 361 ] CameraControl -> Close 
[ ㅓㅓ 2023-05-19 금요일 14:27:54 487 ] Settings_Page -> XMLSave 
[ ㅓㅓ 2023-05-19 금요일 14:27:56 492 ] Form1 -> NavigationClick 
[ ㅓㅓ 2023-05-19 금요일 14:30:42 690 ] Form1 -> Form1_FormClosing 
[ ㅓㅓ 2023-05-19 금요일 14:30:42 696 ] RealTimeView_Page -> CameraClose 
[ ㅓㅓ 2023-05-19 금요일 14:30:42 791 ] CameraControl -> Stop 
[ ㅓㅓ 2023-05-19 금요일 14:30:42 852 ] CameraControl -> Close 
[ ㅓㅓ 2023-05-19 금요일 14:30:42 873 ] CameraControl -> Stop 
[ ㅓㅓ 2023-05-19 금요일 14:30:42 874 ] CameraControl -> Close 
[ ㅓㅓ 2023-05-19 금요일 14:30:42 874 ] CameraControl -> Stop 
[ ㅓㅓ 2023-05-19 금요일 14:30:42 874 ] CameraControl -> Close 
[ ㅓㅓ 2023-05-19 금요일 14:30:42 875 ] VideoCheck_Page -> VideoClose 
[ ㅓㅓ 2023-05-19 금요일 14:30:42 875 ] VideoAnalysis_Page -> VideoClose 
[ ㅓㅓ 2023-05-19 금요일 14:30:43 000 ] CameraControl -> Finalize 
[ ㅓㅓ 2023-05-19 금요일 14:30:43 000 ] CameraControl -> Close 
[ ㅓㅓ 2023-05-19 금요일 14:30:43 000 ] CameraControl -> Finalize 
[ ㅓㅓ 2023-05-19 금요일 14:30:43 000 ] CameraControl -> Close 
[ ㅓㅓ 2023-05-19 금요일 14:30:43 000 ] CameraControl -> Finalize 
[ ㅓㅓ 2023-05-19 금요일 14:30:43 000 ] CameraControl -> Close 
[ ㅓㅓ 2023-05-19 금요일 14:31:04 239 ] Settings_Page -> XMLSave 
[ ㅓㅓ 2023-05-19 금요일 14:31:05 939 ] Form1 -> NavigationClick 
[ ㅓㅓ 2023-05-19 금요일 14:31:10 160 ] RealTimeView_Page -> RealTimeView_CamActions 
[ ㅓㅓ 2023-05-19 금요일 14:31:13 002 ] RealTimeView_Page -> RealTimeView_CamActions 
[ ㅓㅓ 2023-05-19 금요일 14:33:51 029 ] Form1 -> Form1_FormClosing 
[ ㅓㅓ 2023-05-19 금요일 14:33:51 036 ] RealTimeView_Page -> CameraClose 
[ ㅓㅓ 2023-05-19 금요일 14:33:51 126 ] CameraControl -> Stop 
[ ㅓㅓ 2023-05-19 금요일 14:33:51 435 ] CameraControl -> Close 
[ ㅓㅓ 2023-05-19 금요일 14:33:51 454 ] CameraControl -> Stop 
[ ㅓㅓ 2023-05-19 금요일 14:33:51 454 ] CameraControl -> Close 
[ ㅓㅓ 2023-05-19 금요일 14:33:51 454 ] CameraControl -> Stop 
[ ㅓㅓ 2023-05-19 금요일 14:33:51 454 ] CameraControl -> Close 
[ ㅓㅓ 2023-05-19 금요일 14:33:51 454 ] VideoCheck_Page -> VideoClose 
[ ㅓㅓ 2023-05-19 금요일 14:33:51 454 ] VideoAnalysis_Page -> VideoClose 
[ ㅓㅓ 2023-05-19 금요일 14:33:51 589 ] CameraControl -> Finalize 
[ ㅓㅓ 2023-05-19 금요일 14:33:51 589 ] CameraControl -> Close 
[ ㅓㅓ 2023-05-19 금요일 14:33:51 589 ] CameraControl -> Finalize 
[ ㅓㅓ 2023-05-19 금요일 14:33:51 589 ] CameraControl -> Close 
[ ㅓㅓ 2023-05-19 금요일 14:33:51 589 ] CameraControl -> Finalize 
[ ㅓㅓ 2023-05-19 금요일 14:33:51 589 ] CameraControl -> Close 
[ ㅓㅓ 2023-05-19 금요일 14:37:29 664 ] Settings_Page -> XMLSave 
[ ㅓㅓ 2023-05-19 금요일 14:37:31 252 ] Form1 -> NavigationClick 
[ ㅓㅓ 2023-05-19 금요일 14:37:35 671 ] RealTimeView_Page -> RealTimeView_CamActions 
[ ㅓㅓ 2023-05-19 금요일 14:38:39 208 ] Form1 -> NavigationClick 
[ ㅓㅓ 2023-05-19 금요일 14:38:39 475 ] VideoAnalysis_Page -> VideoAnalysis_Page_Load 
[ ㅓㅓ 2023-05-19 금요일 14:38:41 155 ] VideoAnalysis_Page -> VideoAnalysis_ButtonActions1 
[ ㅓㅓ 2023-05-19 금요일 14:38:41 162 ] VideoAnalysis_Page -> VideoCheck_FileOpen1 
[ ㅓㅓ 2023-05-19 금요일 14:38:46 369 ] VideoAnalysis_Page -> FilterClick 
[ ㅓㅓ 2023-05-19 금요일 15:03:47 876 ] VideoAnalysis_Page -> VideoAnalysis_ButtonActions1 
[ ㅓㅓ 2023-05-19 금요일 15:03:47 880 ] VideoAnalysis_Page -> VideoCheck_Play1 
[ ㅓㅓ 2023-05-19 금요일 15:03:50 687 ] VideoAnalysis_Page -> VideoAnalysis_ButtonActions1 
[ ㅓㅓ 2023-05-19 금요일 15:03:50 687 ] VideoAnalysis_Page -> VideoCheck_Play1 
[ ㅓㅓ 2023-05-19 금요일 15:04:16 995 ] Form1 -> NavigationClick 
[ ㅓㅓ 2023-05-19 금요일 15:04:16 997 ] VideoAnalysis_Page -> PageChange 
[ ㅓㅓ 2023-05-19 금요일 15:04:24 143 ] RealTimeView_Page -> RealTimeView_CamActions 
[ ㅓㅓ 2023-05-19 금요일 15:04:44 039 ] RealTimeView_Page -> RealTimeView_ButtonActions 
[ ㅓㅓ 2023-05-19 금요일 15:04:44 047 ] RealTimeView_Page -> VideoSaveAction 
[ ㅓㅓ 2023-05-19 금요일 15:06:10 856 ] RealTimeView_Page -> RealTimeView_ButtonActions 
[ ㅓㅓ 2023-05-19 금요일 15:06:11 374 ] RealTimeView_Page -> FolderPath 
[ ㅓㅓ 2023-05-19 금요일 15:06:14 147 ] Form1 -> NavigationClick 
[ ㅓㅓ 2023-05-19 금요일 15:06:16 437 ] VideoAnalysis_Page -> VideoAnalysis_ButtonActions1 
[ ㅓㅓ 2023-05-19 금요일 15:06:16 437 ] VideoAnalysis_Page -> VideoCheck_FileOpen1 
[ ㅓㅓ 2023-05-19 금요일 15:06:19 091 ] VideoAnalysis_Page -> VideoCheck_FileClose1 
[ ㅓㅓ 2023-05-19 금요일 15:06:22 005 ] VideoAnalysis_Page -> VideoAnalysis_ButtonActions1 
[ ㅓㅓ 2023-05-19 금요일 15:06:22 005 ] VideoAnalysis_Page -> VideoCheck_FileOpen1 
[ ㅓㅓ 2023-05-19 금요일 15:06:36 503 ] Form1 -> NavigationClick 
[ ㅓㅓ 2023-05-19 금요일 15:06:36 503 ] VideoAnalysis_Page -> PageChange 
[ ㅓㅓ 2023-05-19 금요일 15:06:40 510 ] Settings_Page -> FolderOpen 
[ ㅓㅓ 2023-05-19 금요일 15:07:42 003 ] Form1 -> NavigationClick 
[ ㅓㅓ 2023-05-19 금요일 15:07:47 680 ] RealTimeView_Page -> RealTimeView_ButtonActions 
[ ㅓㅓ 2023-05-19 금요일 15:07:47 681 ] RealTimeView_Page -> VideoSaveAction 
[ ㅓㅓ 2023-05-19 금요일 15:07:54 902 ] RealTimeView_Page -> RealTimeView_ButtonActions 
[ ㅓㅓ 2023-05-19 금요일 15:07:58 844 ] RealTimeView_Page -> FolderPath 
[ ㅓㅓ 2023-05-19 금요일 15:09:30 073 ] RealTimeView_Page -> RealTimeView_ButtonActions 
[ ㅓㅓ 2023-05-19 금요일 15:09:30 073 ] RealTimeView_Page -> VideoSaveAction 
[ ㅓㅓ 2023-05-19 금요일 15:09:35 393 ] RealTimeView_Page -> RealTimeView_ButtonActions 
[ ㅓㅓ 2023-05-19 금요일 15:09:37 697 ] RealTimeView_Page -> FolderPath 
[ ㅓㅓ 2023-05-19 금요일 15:09:51 823 ] RealTimeView_Page -> RealTimeView_ButtonActions 
[ ㅓㅓ 2023-05-19 금요일 15:09:53 460 ] RealTimeView_Page -> VideoSaveAction 
[ ㅓㅓ 2023-05-19 금요일 15:10:18 296 ] Form1 -> Form1_FormClosing 
[ ㅓㅓ 2023-05-19 금요일 15:10:18 307 ] RealTimeView_Page -> CameraClose 
[ ㅓㅓ 2023-05-19 금요일 15:10:18 409 ] CameraControl -> Stop 
[ ㅓㅓ 2023-05-19 금요일 15:10:18 819 ] CameraControl -> Close 
[ ㅓㅓ 2023-05-19 금요일 15:10:18 866 ] VideoCheck_Page -> VideoClose 
[ ㅓㅓ 2023-05-19 금요일 15:10:18 867 ] VideoAnalysis_Page -> VideoClose 
[ ㅓㅓ 2023-05-19 금요일 15:10:19 150 ] CameraControl -> Finalize 
[ ㅓㅓ 2023-05-19 금요일 15:10:19 150 ] CameraControl -> Close 
[ ㅓㅓ 2023-05-19 금요일 15:11:09 387 ] Settings_Page -> XMLSave 
[ ㅓㅓ 2023-05-19 금요일 15:11:10 633 ] Form1 -> NavigationClick 
[ ㅓㅓ 2023-05-19 금요일 15:11:20 439 ] RealTimeView_Page -> RealTimeView_ButtonActions 
[ ㅓㅓ 2023-05-19 금요일 15:11:20 631 ] RealTimeView_Page -> VideoSaveAction 
[ ㅓㅓ 2023-05-19 금요일 15:11:20 633 ] RealTimeView_Page -> FolderPath 
[ ㅓㅓ 2023-05-19 금요일 15:11:21 022 ] RealTimeView_Page -> FolderPath 
[ ㅓㅓ 2023-05-19 금요일 15:11:21 026 ] RealTimeView_Page -> FolderPath 
[ ㅓㅓ 2023-05-19 금요일 15:13:01 217 ] RealTimeView_Page -> RealTimeView_ButtonActions 
[ ㅓㅓ 2023-05-19 금요일 15:13:01 859 ] RealTimeView_Page -> FolderPath 
[ ㅓㅓ 2023-05-19 금요일 15:13:46 455 ] RealTimeView_Page -> RealTimeView_ButtonActions 
[ ㅓㅓ 2023-05-19 금요일 15:13:46 457 ] RealTimeView_Page -> VideoSaveAction 
[ ㅓㅓ 2023-05-19 금요일 15:13:46 457 ] RealTimeView_Page -> FolderPath 
[ ㅓㅓ 2023-05-19 금요일 15:13:46 722 ] RealTimeView_Page -> FolderPath 
[ ㅓㅓ 2023-05-19 금요일 15:13:46 724 ] RealTimeView_Page -> FolderPath 
[ ㅓㅓ 2023-05-19 금요일 15:13:50 538 ] RealTimeView_Page -> RealTimeView_ButtonActions 
[ ㅓㅓ 2023-05-19 금요일 15:13:51 094 ] RealTimeView_Page -> FolderPath 
[ ㅓㅓ 2023-05-19 금요일 15:14:40 539 ] RealTimeView_Page -> RealTimeView_ButtonActions 
[ ㅓㅓ 2023-05-19 금요일 15:14:40 543 ] RealTimeView_Page -> ImageSaveAction 
[ ㅓㅓ 2023-05-19 금요일 15:14:40 544 ] RealTimeView_Page -> FolderPath 
[ ㅓㅓ 2023-05-19 금요일 15:14:40 565 ] RealTimeView_Page -> FolderPath 
[ ㅓㅓ 2023-05-19 금요일 15:15:06 065 ] RealTimeView_Page -> RealTimeView_ButtonActions 
[ ㅓㅓ 2023-05-19 금요일 15:15:06 066 ] RealTimeView_Page -> VideoSaveAction 
[ ㅓㅓ 2023-05-19 금요일 15:15:11 339 ] RealTimeView_Page -> FolderPath 
[ ㅓㅓ 2023-05-19 금요일 15:15:14 362 ] RealTimeView_Page -> VideoSaveAction 개체를 다른 곳에서 사용하고 있습니다.
[ ㅓㅓ 2023-05-19 금요일 15:15:15 824 ] RealTimeView_Page -> RealTimeView_ButtonActions 
[ ㅓㅓ 2023-05-19 금요일 15:15:15 825 ] RealTimeView_Page -> VideoSaveAction 
[ ㅓㅓ 2023-05-19 금요일 15:15:15 825 ] RealTimeView_Page -> FolderPath 
[ ㅓㅓ 2023-05-19 금요일 15:15:18 534 ] RealTimeView_Page -> VideoSaveAction 개체를 다른 곳에서 사용하고 있습니다.
[ ㅓㅓ 2023-05-19 금요일 15:15:23 014 ] RealTimeView_Page -> RealTimeView_ButtonActions 
[ ㅓㅓ 2023-05-19 금요일 15:15:23 015 ] RealTimeView_Page -> VideoSaveAction 
[ ㅓㅓ 2023-05-19 금요일 15:15:24 395 ] RealTimeView_Page -> FolderPath 
[ ㅓㅓ 2023-05-19 금요일 15:15:31 508 ] RealTimeView_Page -> FolderPath 
[ ㅓㅓ 2023-05-19 금요일 15:15:34 718 ] RealTimeView_Page -> FolderPath 
[ ㅓㅓ 2023-05-19 금요일 15:15:46 947 ] RealTimeView_Page -> RealTimeView_ButtonActions 
[ ㅓㅓ 2023-05-19 금요일 15:15:47 557 ] RealTimeView_Page -> FolderPath 
[ ㅓㅓ 2023-05-19 금요일 15:15:49 989 ] RealTimeView_Page -> RealTimeView_ButtonActions 
[ ㅓㅓ 2023-05-19 금요일 15:15:49 990 ] RealTimeView_Page -> VideoSaveAction 
[ ㅓㅓ 2023-05-19 금요일 15:15:51 449 ] RealTimeView_Page -> FolderPath 
[ ㅓㅓ 2023-05-19 금요일 15:15:51 630 ] RealTimeView_Page -> FolderPath 
[ ㅓㅓ 2023-05-19 금요일 15:15:51 749 ] RealTimeView_Page -> FolderPath 
[ ㅓㅓ 2023-05-19 금요일 15:15:54 028 ] RealTimeView_Page -> RealTimeView_ButtonActions 
[ ㅓㅓ 2023-05-19 금요일 15:15:54 622 ] RealTimeView_Page -> FolderPath 
[ ㅓㅓ 2023-05-19 금요일 15:16:06 872 ] RealTimeView_Page -> RealTimeView_ButtonActions 
[ ㅓㅓ 2023-05-19 금요일 15:16:06 873 ] RealTimeView_Page -> VideoSaveAction 
[ ㅓㅓ 2023-05-19 금요일 15:16:06 874 ] RealTimeView_Page -> FolderPath 
[ ㅓㅓ 2023-05-19 금요일 15:16:07 080 ] RealTimeView_Page -> FolderPath 
[ ㅓㅓ 2023-05-19 금요일 15:16:07 212 ] RealTimeView_Page -> FolderPath 
[ ㅓㅓ 2023-05-19 금요일 15:16:20 542 ] RealTimeView_Page -> RealTimeView_ButtonActions 
[ ㅓㅓ 2023-05-19 금요일 15:16:21 143 ] RealTimeView_Page -> FolderPath 
[ ㅓㅓ 2023-05-19 금요일 15:17:20 413 ] RealTimeView_Page -> RealTimeView_ButtonActions 
[ ㅓㅓ 2023-05-19 금요일 15:17:20 414 ] RealTimeView_Page -> VideoSaveAction 
[ ㅓㅓ 2023-05-19 금요일 15:17:29 174 ] RealTimeView_Page -> FolderPath 
[ ㅓㅓ 2023-05-19 금요일 15:17:35 191 ] RealTimeView_Page -> FolderPath 
[ ㅓㅓ 2023-05-19 금요일 15:17:35 366 ] RealTimeView_Page -> FolderPath 
[ ㅓㅓ 2023-05-19 금요일 15:17:39 459 ] RealTimeView_Page -> RealTimeView_ButtonActions 
[ ㅓㅓ 2023-05-19 금요일 15:17:40 070 ] RealTimeView_Page -> FolderPath 
[ ㅓㅓ 2023-05-19 금요일 15:17:51 183 ] RealTimeView_Page -> RealTimeView_ButtonActions 
[ ㅓㅓ 2023-05-19 금요일 15:17:51 184 ] RealTimeView_Page -> VideoSaveAction 
[ ㅓㅓ 2023-05-19 금요일 15:17:51 184 ] RealTimeView_Page -> FolderPath 
[ ㅓㅓ 2023-05-19 금요일 15:17:51 370 ] RealTimeView_Page -> FolderPath 
[ ㅓㅓ 2023-05-19 금요일 15:17:51 502 ] RealTimeView_Page -> FolderPath 
[ ㅓㅓ 2023-05-19 금요일 15:28:03 326 ] RealTimeView_Page -> RealTimeView_ButtonActions 
[ ㅓㅓ 2023-05-19 금요일 15:28:03 936 ] RealTimeView_Page -> FolderPath 
[ ㅓㅓ 2023-05-19 금요일 15:28:22 903 ] Form1 -> NavigationClick 
[ ㅓㅓ 2023-05-19 금요일 15:28:23 290 ] VideoAnalysis_Page -> VideoAnalysis_Page_Load 
[ ㅓㅓ 2023-05-19 금요일 15:28:25 689 ] VideoAnalysis_Page -> VideoAnalysis_ButtonActions1 
[ ㅓㅓ 2023-05-19 금요일 15:28:25 694 ] VideoAnalysis_Page -> VideoCheck_FileOpen1 
[ ㅓㅓ 2023-05-19 금요일 15:28:30 798 ] VideoAnalysis_Page -> VideoAnalysis_ButtonActions1 
[ ㅓㅓ 2023-05-19 금요일 15:28:30 799 ] VideoAnalysis_Page -> VideoCheck_Play1 
[ ㅓㅓ 2023-05-19 금요일 15:29:03 164 ] VideoAnalysis_Page -> FilterClick 
[ ㅓㅓ 2023-05-19 금요일 15:29:03 573 ] VideoAnalysis_Page -> FilterSet 인덱스가 범위를 벗어났습니다. 인덱스는 음수가 아니어야 하며 컬렉션의 크기보다 작아야 합니다.
매개 변수 이름: index
[ ㅓㅓ 2023-05-19 금요일 15:29:03 858 ] VideoAnalysis_Page -> FilterSet 인덱스가 범위를 벗어났습니다. 인덱스는 음수가 아니어야 하며 컬렉션의 크기보다 작아야 합니다.
매개 변수 이름: index
[ ㅓㅓ 2023-05-19 금요일 15:29:04 015 ] VideoAnalysis_Page -> FilterSet 인덱스가 범위를 벗어났습니다. 인덱스는 음수가 아니어야 하며 컬렉션의 크기보다 작아야 합니다.
매개 변수 이름: index
[ ㅓㅓ 2023-05-19 금요일 15:29:04 185 ] VideoAnalysis_Page -> FilterSet 인덱스가 범위를 벗어났습니다. 인덱스는 음수가 아니어야 하며 컬렉션의 크기보다 작아야 합니다.
매개 변수 이름: index
[ ㅓㅓ 2023-05-19 금요일 15:29:04 339 ] VideoAnalysis_Page -> FilterSet 인덱스가 범위를 벗어났습니다. 인덱스는 음수가 아니어야 하며 컬렉션의 크기보다 작아야 합니다.
매개 변수 이름: index
[ ㅓㅓ 2023-05-19 금요일 15:29:04 477 ] VideoAnalysis_Page -> FilterSet 인덱스가 범위를 벗어났습니다. 인덱스는 음수가 아니어야 하며 컬렉션의 크기보다 작아야 합니다.
매개 변수 이름: index
[ ㅓㅓ 2023-05-19 금요일 15:29:04 637 ] VideoAnalysis_Page -> FilterSet 인덱스가 범위를 벗어났습니다. 인덱스는 음수가 아니어야 하며 컬렉션의 크기보다 작아야 합니다.
매개 변수 이름: index
[ ㅓㅓ 2023-05-19 금요일 15:29:04 795 ] VideoAnalysis_Page -> FilterSet 인덱스가 범위를 벗어났습니다. 인덱스는 음수가 아니어야 하며 컬렉션의 크기보다 작아야 합니다.
매개 변수 이름: index
[ ㅓㅓ 2023-05-19 금요일 15:29:04 939 ] VideoAnalysis_Page -> FilterSet 인덱스가 범위를 벗어났습니다. 인덱스는 음수가 아니어야 하며 컬렉션의 크기보다 작아야 합니다.
매개 변수 이름: index
[ ㅓㅓ 2023-05-19 금요일 15:29:05 098 ] VideoAnalysis_Page -> FilterSet 인덱스가 범위를 벗어났습니다. 인덱스는 음수가 아니어야 하며 컬렉션의 크기보다 작아야 합니다.
매개 변수 이름: index
[ ㅓㅓ 2023-05-19 금요일 15:29:05 573 ] VideoAnalysis_Page -> FilterSet 인덱스가 범위를 벗어났습니다. 인덱스는 음수가 아니어야 하며 컬렉션의 크기보다 작아야 합니다.
매개 변수 이름: index
[ ㅓㅓ 2023-05-19 금요일 15:29:05 706 ] VideoAnalysis_Page -> FilterSet 인덱스가 범위를 벗어났습니다. 인덱스는 음수가 아니어야 하며 컬렉션의 크기보다 작아야 합니다.
매개 변수 이름: index
[ ㅓㅓ 2023-05-19 금요일 15:29:05 867 ] VideoAnalysis_Page -> FilterSet 인덱스가 범위를 벗어났습니다. 인덱스는 음수가 아니어야 하며 컬렉션의 크기보다 작아야 합니다.
매개 변수 이름: index
[ ㅓㅓ 2023-05-19 금요일 15:29:06 022 ] VideoAnalysis_Page -> FilterSet 인덱스가 범위를 벗어났습니다. 인덱스는 음수가 아니어야 하며 컬렉션의 크기보다 작아야 합니다.
매개 변수 이름: index
[ ㅓㅓ 2023-05-19 금요일 15:29:06 175 ] VideoAnalysis_Page -> FilterSet 인덱스가 범위를 벗어났습니다. 인덱스는 음수가 아니어야 하며 컬렉션의 크기보다 작아야 합니다.
매개 변수 이름: index
[ ㅓㅓ 2023-05-19 금요일 15:29:06 329 ] VideoAnalysis_Page -> FilterSet 인덱스가 범위를 벗어났습니다. 인덱스는 음수가 아니어야 하며 컬렉션의 크기보다 작아야 합니다.
매개 변수 이름: index
[ ㅓㅓ 2023-05-19 금요일 15:29:06 481 ] VideoAnalysis_Page -> FilterSet 인덱스가 범위를 벗어났습니다. 인덱스는 음수가 아니어야 하며 컬렉션의 크기보다 작아야 합니다.
매개 변수 이름: index
[ ㅓㅓ 2023-05-19 금요일 15:29:06 628 ] VideoAnalysis_Page -> FilterSet 인덱스가 범위를 벗어났습니다. 인덱스는 음수가 아니어야 하며 컬렉션의 크기보다 작아야 합니다.
매개 변수 이름: index
[ ㅓㅓ 2023-05-19 금요일 15:29:06 782 ] VideoAnalysis_Page -> FilterSet 인덱스가 범위를 벗어났습니다. 인덱스는 음수가 아니어야 하며 컬렉션의 크기보다 작아야 합니다.
매개 변수 이름: index
[ ㅓㅓ 2023-05-19 금요일 15:29:06 958 ] VideoAnalysis_Page -> FilterSet 인덱스가 범위를 벗어났습니다. 인덱스는 음수가 아니어야 하며 컬렉션의 크기보다 작아야 합니다.
매개 변수 이름: index
[ ㅓㅓ 2023-05-19 금요일 15:29:07 406 ] VideoAnalysis_Page -> FilterSet 인덱스가 범위를 벗어났습니다. 인덱스는 음수가 아니어야 하며 컬렉션의 크기보다 작아야 합니다.
매개 변수 이름: index
[ ㅓㅓ 2023-05-19 금요일 15:29:07 550 ] VideoAnalysis_Page -> FilterSet 인덱스가 범위를 벗어났습니다. 인덱스는 음수가 아니어야 하며 컬렉션의 크기보다 작아야 합니다.
매개 변수 이름: index
[ ㅓㅓ 2023-05-19 금요일 15:29:07 694 ] VideoAnalysis_Page -> FilterSet 인덱스가 범위를 벗어났습니다. 인덱스는 음수가 아니어야 하며 컬렉션의 크기보다 작아야 합니다.
매개 변수 이름: index
[ ㅓㅓ 2023-05-19 금요일 15:29:08 017 ] VideoAnalysis_Page -> FilterSet 인덱스가 범위를 벗어났습니다. 인덱스는 음수가 아니어야 하며 컬렉션의 크기보다 작아야 합니다.
매개 변수 이름: index
[ ㅓㅓ 2023-05-19 금요일 15:29:08 164 ] VideoAnalysis_Page -> FilterSet 인덱스가 범위를 벗어났습니다. 인덱스는 음수가 아니어야 하며 컬렉션의 크기보다 작아야 합니다.
매개 변수 이름: index
[ ㅓㅓ 2023-05-19 금요일 15:29:08 788 ] VideoAnalysis_Page -> FilterSet 인덱스가 범위를 벗어났습니다. 인덱스는 음수가 아니어야 하며 컬렉션의 크기보다 작아야 합니다.
매개 변수 이름: index
[ ㅓㅓ 2023-05-19 금요일 15:29:09 719 ] VideoAnalysis_Page -> FilterSet 인덱스가 범위를 벗어났습니다. 인덱스는 음수가 아니어야 하며 컬렉션의 크기보다 작아야 합니다.
매개 변수 이름: index
[ ㅓㅓ 2023-05-19 금요일 15:29:09 853 ] VideoAnalysis_Page -> FilterSet 인덱스가 범위를 벗어났습니다. 인덱스는 음수가 아니어야 하며 컬렉션의 크기보다 작아야 합니다.
매개 변수 이름: index
[ ㅓㅓ 2023-05-19 금요일 15:29:10 009 ] VideoAnalysis_Page -> FilterSet 인덱스가 범위를 벗어났습니다. 인덱스는 음수가 아니어야 하며 컬렉션의 크기보다 작아야 합니다.
매개 변수 이름: index
[ ㅓㅓ 2023-05-19 금요일 15:29:10 323 ] VideoAnalysis_Page -> FilterSet 인덱스가 범위를 벗어났습니다. 인덱스는 음수가 아니어야 하며 컬렉션의 크기보다 작아야 합니다.
매개 변수 이름: index
[ ㅓㅓ 2023-05-19 금요일 15:29:10 478 ] VideoAnalysis_Page -> FilterSet 인덱스가 범위를 벗어났습니다. 인덱스는 음수가 아니어야 하며 컬렉션의 크기보다 작아야 합니다.
매개 변수 이름: index
[ ㅓㅓ 2023-05-19 금요일 15:29:11 084 ] VideoAnalysis_Page -> FilterSet 인덱스가 범위를 벗어났습니다. 인덱스는 음수가 아니어야 하며 컬렉션의 크기보다 작아야 합니다.
매개 변수 이름: index
[ ㅓㅓ 2023-05-19 금요일 15:29:11 394 ] VideoAnalysis_Page -> FilterSet 인덱스가 범위를 벗어났습니다. 인덱스는 음수가 아니어야 하며 컬렉션의 크기보다 작아야 합니다.
매개 변수 이름: index
[ ㅓㅓ 2023-05-19 금요일 15:29:11 560 ] VideoAnalysis_Page -> FilterSet 인덱스가 범위를 벗어났습니다. 인덱스는 음수가 아니어야 하며 컬렉션의 크기보다 작아야 합니다.
매개 변수 이름: index
[ ㅓㅓ 2023-05-19 금요일 15:29:11 701 ] VideoAnalysis_Page -> FilterSet 인덱스가 범위를 벗어났습니다. 인덱스는 음수가 아니어야 하며 컬렉션의 크기보다 작아야 합니다.
매개 변수 이름: index
[ ㅓㅓ 2023-05-19 금요일 15:29:11 858 ] VideoAnalysis_Page -> FilterSet 인덱스가 범위를 벗어났습니다. 인덱스는 음수가 아니어야 하며 컬렉션의 크기보다 작아야 합니다.
매개 변수 이름: index
[ ㅓㅓ 2023-05-19 금요일 15:29:12 009 ] VideoAnalysis_Page -> FilterSet 인덱스가 범위를 벗어났습니다. 인덱스는 음수가 아니어야 하며 컬렉션의 크기보다 작아야 합니다.
매개 변수 이름: index
[ ㅓㅓ 2023-05-19 금요일 15:29:12 179 ] VideoAnalysis_Page -> FilterSet 인덱스가 범위를 벗어났습니다. 인덱스는 음수가 아니어야 하며 컬렉션의 크기보다 작아야 합니다.
매개 변수 이름: index
[ ㅓㅓ 2023-05-19 금요일 15:29:12 323 ] VideoAnalysis_Page -> FilterSet 인덱스가 범위를 벗어났습니다. 인덱스는 음수가 아니어야 하며 컬렉션의 크기보다 작아야 합니다.
매개 변수 이름: index
[ ㅓㅓ 2023-05-19 금요일 15:29:12 483 ] VideoAnalysis_Page -> FilterSet 인덱스가 범위를 벗어났습니다. 인덱스는 음수가 아니어야 하며 컬렉션의 크기보다 작아야 합니다.
매개 변수 이름: index
[ ㅓㅓ 2023-05-19 금요일 15:29:12 620 ] VideoAnalysis_Page -> FilterSet 인덱스가 범위를 벗어났습니다. 인덱스는 음수가 아니어야 하며 컬렉션의 크기보다 작아야 합니다.
매개 변수 이름: index
[ ㅓㅓ 2023-05-19 금요일 15:29:12 783 ] VideoAnalysis_Page -> FilterSet 인덱스가 범위를 벗어났습니다. 인덱스는 음수가 아니어야 하며 컬렉션의 크기보다 작아야 합니다.
매개 변수 이름: index
[ ㅓㅓ 2023-05-19 금요일 15:29:13 090 ] VideoAnalysis_Page -> FilterSet 인덱스가 범위를 벗어났습니다. 인덱스는 음수가 아니어야 하며 컬렉션의 크기보다 작아야 합니다.
매개 변수 이름: index
[ ㅓㅓ 2023-05-19 금요일 15:29:13 242 ] VideoAnalysis_Page -> FilterSet 인덱스가 범위를 벗어났습니다. 인덱스는 음수가 아니어야 하며 컬렉션의 크기보다 작아야 합니다.
매개 변수 이름: index
[ ㅓㅓ 2023-05-19 금요일 15:29:13 417 ] VideoAnalysis_Page -> FilterSet 인덱스가 범위를 벗어났습니다. 인덱스는 음수가 아니어야 하며 컬렉션의 크기보다 작아야 합니다.
매개 변수 이름: index
[ ㅓㅓ 2023-05-19 금요일 15:29:13 455 ] VideoAnalysis_Page -> VideoAnalysis_ButtonActions1 
[ ㅓㅓ 2023-05-19 금요일 15:29:13 455 ] VideoAnalysis_Page -> VideoCheck_Play1 
[ ㅓㅓ 2023-05-19 금요일 15:29:14 816 ] VideoAnalysis_Page -> VideoAnalysis_ButtonActions1 
[ ㅓㅓ 2023-05-19 금요일 15:29:14 816 ] VideoAnalysis_Page -> VideoCheck_Play1 
[ ㅓㅓ 2023-05-19 금요일 15:29:15 045 ] VideoAnalysis_Page -> FilterSet 인덱스가 범위를 벗어났습니다. 인덱스는 음수가 아니어야 하며 컬렉션의 크기보다 작아야 합니다.
매개 변수 이름: index
[ ㅓㅓ 2023-05-19 금요일 15:29:15 508 ] VideoAnalysis_Page -> FilterSet 인덱스가 범위를 벗어났습니다. 인덱스는 음수가 아니어야 하며 컬렉션의 크기보다 작아야 합니다.
매개 변수 이름: index
[ ㅓㅓ 2023-05-19 금요일 15:29:15 543 ] VideoAnalysis_Page -> VideoAnalysis_ButtonActions1 
[ ㅓㅓ 2023-05-19 금요일 15:29:15 544 ] VideoAnalysis_Page -> VideoCheck_Play1 
[ ㅓㅓ 2023-05-19 금요일 15:29:16 273 ] VideoAnalysis_Page -> VideoAnalysis_ButtonActions1 
[ ㅓㅓ 2023-05-19 금요일 15:29:16 273 ] VideoAnalysis_Page -> VideoCheck_Play1 
[ ㅓㅓ 2023-05-19 금요일 15:29:16 650 ] VideoAnalysis_Page -> FilterSet 인덱스가 범위를 벗어났습니다. 인덱스는 음수가 아니어야 하며 컬렉션의 크기보다 작아야 합니다.
매개 변수 이름: index
[ ㅓㅓ 2023-05-19 금요일 15:29:16 685 ] VideoAnalysis_Page -> VideoAnalysis_ButtonActions1 
[ ㅓㅓ 2023-05-19 금요일 15:29:16 685 ] VideoAnalysis_Page -> VideoCheck_Play1 
[ ㅓㅓ 2023-05-19 금요일 15:29:17 285 ] VideoAnalysis_Page -> VideoAnalysis_ButtonActions1 
[ ㅓㅓ 2023-05-19 금요일 15:29:17 286 ] VideoAnalysis_Page -> VideoCheck_Play1 
[ ㅓㅓ 2023-05-19 금요일 15:29:17 597 ] VideoAnalysis_Page -> VideoAnalysis_ButtonActions1 
[ ㅓㅓ 2023-05-19 금요일 15:29:17 598 ] VideoAnalysis_Page -> VideoCheck_Play1 
[ ㅓㅓ 2023-05-19 금요일 15:31:19 723 ] VideoAnalysis_Page -> VideoAnalysis_ButtonActions1 
[ ㅓㅓ 2023-05-19 금요일 15:31:19 723 ] VideoAnalysis_Page -> VideoCheck_Play1 
[ ㅓㅓ 2023-05-19 금요일 15:31:46 357 ] VideoAnalysis_Page -> FilterSet 인덱스가 범위를 벗어났습니다. 인덱스는 음수가 아니어야 하며 컬렉션의 크기보다 작아야 합니다.
매개 변수 이름: index
[ ㅓㅓ 2023-05-19 금요일 15:31:47 095 ] VideoAnalysis_Page -> FilterSet 인덱스가 범위를 벗어났습니다. 인덱스는 음수가 아니어야 하며 컬렉션의 크기보다 작아야 합니다.
매개 변수 이름: index
[ ㅓㅓ 2023-05-19 금요일 15:31:47 243 ] VideoAnalysis_Page -> FilterSet 인덱스가 범위를 벗어났습니다. 인덱스는 음수가 아니어야 하며 컬렉션의 크기보다 작아야 합니다.
매개 변수 이름: index
[ ㅓㅓ 2023-05-19 금요일 15:31:48 799 ] VideoAnalysis_Page -> FilterSet 인덱스가 범위를 벗어났습니다. 인덱스는 음수가 아니어야 하며 컬렉션의 크기보다 작아야 합니다.
매개 변수 이름: index
[ ㅓㅓ 2023-05-19 금요일 15:31:49 265 ] VideoAnalysis_Page -> FilterSet 인덱스가 범위를 벗어났습니다. 인덱스는 음수가 아니어야 하며 컬렉션의 크기보다 작아야 합니다.
매개 변수 이름: index
[ ㅓㅓ 2023-05-19 금요일 15:31:50 350 ] VideoAnalysis_Page -> FilterSet 인덱스가 범위를 벗어났습니다. 인덱스는 음수가 아니어야 하며 컬렉션의 크기보다 작아야 합니다.
매개 변수 이름: index
[ ㅓㅓ 2023-05-19 금요일 15:31:50 793 ] VideoAnalysis_Page -> FilterSet 인덱스가 범위를 벗어났습니다. 인덱스는 음수가 아니어야 하며 컬렉션의 크기보다 작아야 합니다.
매개 변수 이름: index
[ ㅓㅓ 2023-05-19 금요일 15:31:50 952 ] VideoAnalysis_Page -> FilterSet 인덱스가 범위를 벗어났습니다. 인덱스는 음수가 아니어야 하며 컬렉션의 크기보다 작아야 합니다.
매개 변수 이름: index
[ ㅓㅓ 2023-05-19 금요일 15:31:51 570 ] VideoAnalysis_Page -> FilterSet 인덱스가 범위를 벗어났습니다. 인덱스는 음수가 아니어야 하며 컬렉션의 크기보다 작아야 합니다.
매개 변수 이름: index
[ ㅓㅓ 2023-05-19 금요일 15:31:51 882 ] VideoAnalysis_Page -> FilterSet 인덱스가 범위를 벗어났습니다. 인덱스는 음수가 아니어야 하며 컬렉션의 크기보다 작아야 합니다.
매개 변수 이름: index
[ ㅓㅓ 2023-05-19 금요일 15:31:52 032 ] VideoAnalysis_Page -> FilterSet 인덱스가 범위를 벗어났습니다. 인덱스는 음수가 아니어야 하며 컬렉션의 크기보다 작아야 합니다.
매개 변수 이름: index
[ ㅓㅓ 2023-05-19 금요일 15:31:52 188 ] VideoAnalysis_Page -> FilterSet 인덱스가 범위를 벗어났습니다. 인덱스는 음수가 아니어야 하며 컬렉션의 크기보다 작아야 합니다.
매개 변수 이름: index
[ ㅓㅓ 2023-05-19 금요일 15:31:52 328 ] VideoAnalysis_Page -> FilterSet 인덱스가 범위를 벗어났습니다. 인덱스는 음수가 아니어야 하며 컬렉션의 크기보다 작아야 합니다.
매개 변수 이름: index
[ ㅓㅓ 2023-05-19 금요일 15:31:52 487 ] VideoAnalysis_Page -> FilterSet 인덱스가 범위를 벗어났습니다. 인덱스는 음수가 아니어야 하며 컬렉션의 크기보다 작아야 합니다.
매개 변수 이름: index
[ ㅓㅓ 2023-05-19 금요일 15:31:52 637 ] VideoAnalysis_Page -> FilterSet 인덱스가 범위를 벗어났습니다. 인덱스는 음수가 아니어야 하며 컬렉션의 크기보다 작아야 합니다.
매개 변수 이름: index
[ ㅓㅓ 2023-05-19 금요일 15:31:52 781 ] VideoAnalysis_Page -> FilterSet 인덱스가 범위를 벗어났습니다. 인덱스는 음수가 아니어야 하며 컬렉션의 크기보다 작아야 합니다.
매개 변수 이름: index
[ ㅓㅓ 2023-05-19 금요일 15:31:52 944 ] VideoAnalysis_Page -> FilterSet 인덱스가 범위를 벗어났습니다. 인덱스는 음수가 아니어야 하며 컬렉션의 크기보다 작아야 합니다.
매개 변수 이름: index
[ ㅓㅓ 2023-05-19 금요일 15:31:53 112 ] VideoAnalysis_Page -> FilterSet 인덱스가 범위를 벗어났습니다. 인덱스는 음수가 아니어야 하며 컬렉션의 크기보다 작아야 합니다.
매개 변수 이름: index
[ ㅓㅓ 2023-05-19 금요일 15:31:53 244 ] VideoAnalysis_Page -> FilterSet 인덱스가 범위를 벗어났습니다. 인덱스는 음수가 아니어야 하며 컬렉션의 크기보다 작아야 합니다.
매개 변수 이름: index
[ ㅓㅓ 2023-05-19 금요일 15:31:53 399 ] VideoAnalysis_Page -> FilterSet 인덱스가 범위를 벗어났습니다. 인덱스는 음수가 아니어야 하며 컬렉션의 크기보다 작아야 합니다.
매개 변수 이름: index
[ ㅓㅓ 2023-05-19 금요일 15:31:53 562 ] VideoAnalysis_Page -> FilterSet 인덱스가 범위를 벗어났습니다. 인덱스는 음수가 아니어야 하며 컬렉션의 크기보다 작아야 합니다.
매개 변수 이름: index
[ ㅓㅓ 2023-05-19 금요일 15:31:53 722 ] VideoAnalysis_Page -> FilterSet 인덱스가 범위를 벗어났습니다. 인덱스는 음수가 아니어야 하며 컬렉션의 크기보다 작아야 합니다.
매개 변수 이름: index
[ ㅓㅓ 2023-05-19 금요일 15:31:53 865 ] VideoAnalysis_Page -> FilterSet 인덱스가 범위를 벗어났습니다. 인덱스는 음수가 아니어야 하며 컬렉션의 크기보다 작아야 합니다.
매개 변수 이름: index
[ ㅓㅓ 2023-05-19 금요일 15:31:54 028 ] VideoAnalysis_Page -> FilterSet 인덱스가 범위를 벗어났습니다. 인덱스는 음수가 아니어야 하며 컬렉션의 크기보다 작아야 합니다.
매개 변수 이름: index
[ ㅓㅓ 2023-05-19 금요일 15:31:54 192 ] VideoAnalysis_Page -> VideoAnalysis_ButtonActions1 
[ ㅓㅓ 2023-05-19 금요일 15:31:54 193 ] VideoAnalysis_Page -> VideoCheck_Play1 
[ ㅓㅓ 2023-05-19 금요일 15:31:54 746 ] VideoAnalysis_Page -> VideoAnalysis_ButtonActions1 
[ ㅓㅓ 2023-05-19 금요일 15:31:54 747 ] VideoAnalysis_Page -> VideoCheck_FileOpen1 
[ ㅓㅓ 2023-05-19 금요일 15:31:58 102 ] VideoAnalysis_Page -> VideoCheck_FileClose1 
[ ㅓㅓ 2023-05-19 금요일 15:32:09 004 ] VideoAnalysis_Page -> VideoAnalysis_ButtonActions1 
[ ㅓㅓ 2023-05-19 금요일 15:32:09 004 ] VideoAnalysis_Page -> VideoCheck_Play1 
[ ㅓㅓ 2023-05-19 금요일 15:32:28 349 ] VideoAnalysis_Page -> VideoAnalysis_ButtonActions1 
[ ㅓㅓ 2023-05-19 금요일 15:32:28 350 ] VideoAnalysis_Page -> VideoCheck_FileOpen1 
[ ㅓㅓ 2023-05-19 금요일 15:32:31 632 ] VideoAnalysis_Page -> VideoCheck_FileClose1 
[ ㅓㅓ 2023-05-19 금요일 15:32:31 983 ] VideoAnalysis_Page -> FilterSet 인덱스가 범위를 벗어났습니다. 인덱스는 음수가 아니어야 하며 컬렉션의 크기보다 작아야 합니다.
매개 변수 이름: index
[ ㅓㅓ 2023-05-19 금요일 15:32:34 506 ] VideoAnalysis_Page -> VideoAnalysis_ButtonActions1 
[ ㅓㅓ 2023-05-19 금요일 15:32:34 506 ] VideoAnalysis_Page -> VideoCheck_FileOpen1 
[ ㅓㅓ 2023-05-19 금요일 15:32:37 352 ] VideoAnalysis_Page -> VideoAnalysis_ButtonActions1 
[ ㅓㅓ 2023-05-19 금요일 15:32:37 353 ] VideoAnalysis_Page -> VideoCheck_Play1 
[ ㅓㅓ 2023-05-19 금요일 15:32:37 475 ] VideoAnalysis_Page -> FilterSet 인덱스가 범위를 벗어났습니다. 인덱스는 음수가 아니어야 하며 컬렉션의 크기보다 작아야 합니다.
매개 변수 이름: index
[ ㅓㅓ 2023-05-19 금요일 15:32:37 592 ] VideoAnalysis_Page -> FilterSet 인덱스가 범위를 벗어났습니다. 인덱스는 음수가 아니어야 하며 컬렉션의 크기보다 작아야 합니다.
매개 변수 이름: index
[ ㅓㅓ 2023-05-19 금요일 15:32:37 743 ] VideoAnalysis_Page -> FilterSet 인덱스가 범위를 벗어났습니다. 인덱스는 음수가 아니어야 하며 컬렉션의 크기보다 작아야 합니다.
매개 변수 이름: index
[ ㅓㅓ 2023-05-19 금요일 15:32:38 056 ] VideoAnalysis_Page -> FilterSet 인덱스가 범위를 벗어났습니다. 인덱스는 음수가 아니어야 하며 컬렉션의 크기보다 작아야 합니다.
매개 변수 이름: index
[ ㅓㅓ 2023-05-19 금요일 15:32:38 216 ] VideoAnalysis_Page -> FilterSet 인덱스가 범위를 벗어났습니다. 인덱스는 음수가 아니어야 하며 컬렉션의 크기보다 작아야 합니다.
매개 변수 이름: index
[ ㅓㅓ 2023-05-19 금요일 15:32:38 402 ] VideoAnalysis_Page -> FilterSet 인덱스가 범위를 벗어났습니다. 인덱스는 음수가 아니어야 하며 컬렉션의 크기보다 작아야 합니다.
매개 변수 이름: index
[ ㅓㅓ 2023-05-19 금요일 15:32:38 542 ] VideoAnalysis_Page -> FilterSet 인덱스가 범위를 벗어났습니다. 인덱스는 음수가 아니어야 하며 컬렉션의 크기보다 작아야 합니다.
매개 변수 이름: index
[ ㅓㅓ 2023-05-19 금요일 15:32:39 147 ] VideoAnalysis_Page -> FilterSet 인덱스가 범위를 벗어났습니다. 인덱스는 음수가 아니어야 하며 컬렉션의 크기보다 작아야 합니다.
매개 변수 이름: index
[ ㅓㅓ 2023-05-19 금요일 15:32:39 313 ] VideoAnalysis_Page -> FilterSet 인덱스가 범위를 벗어났습니다. 인덱스는 음수가 아니어야 하며 컬렉션의 크기보다 작아야 합니다.
매개 변수 이름: index
[ ㅓㅓ 2023-05-19 금요일 15:32:39 448 ] VideoAnalysis_Page -> FilterSet 인덱스가 범위를 벗어났습니다. 인덱스는 음수가 아니어야 하며 컬렉션의 크기보다 작아야 합니다.
매개 변수 이름: index
[ ㅓㅓ 2023-05-19 금요일 15:32:39 764 ] VideoAnalysis_Page -> FilterSet 인덱스가 범위를 벗어났습니다. 인덱스는 음수가 아니어야 하며 컬렉션의 크기보다 작아야 합니다.
매개 변수 이름: index
[ ㅓㅓ 2023-05-19 금요일 15:32:39 909 ] VideoAnalysis_Page -> FilterSet 인덱스가 범위를 벗어났습니다. 인덱스는 음수가 아니어야 하며 컬렉션의 크기보다 작아야 합니다.
매개 변수 이름: index
[ ㅓㅓ 2023-05-19 금요일 15:32:40 062 ] VideoAnalysis_Page -> FilterSet 인덱스가 범위를 벗어났습니다. 인덱스는 음수가 아니어야 하며 컬렉션의 크기보다 작아야 합니다.
매개 변수 이름: index
[ ㅓㅓ 2023-05-19 금요일 15:32:40 240 ] VideoAnalysis_Page -> FilterSet 인덱스가 범위를 벗어났습니다. 인덱스는 음수가 아니어야 하며 컬렉션의 크기보다 작아야 합니다.
매개 변수 이름: index
[ ㅓㅓ 2023-05-19 금요일 15:32:40 378 ] VideoAnalysis_Page -> FilterSet 인덱스가 범위를 벗어났습니다. 인덱스는 음수가 아니어야 하며 컬렉션의 크기보다 작아야 합니다.
매개 변수 이름: index
[ ㅓㅓ 2023-05-19 금요일 15:32:40 525 ] VideoAnalysis_Page -> FilterSet 인덱스가 범위를 벗어났습니다. 인덱스는 음수가 아니어야 하며 컬렉션의 크기보다 작아야 합니다.
매개 변수 이름: index
[ ㅓㅓ 2023-05-19 금요일 15:32:40 683 ] VideoAnalysis_Page -> FilterSet 인덱스가 범위를 벗어났습니다. 인덱스는 음수가 아니어야 하며 컬렉션의 크기보다 작아야 합니다.
매개 변수 이름: index
[ ㅓㅓ 2023-05-19 금요일 15:32:40 841 ] VideoAnalysis_Page -> FilterSet 인덱스가 범위를 벗어났습니다. 인덱스는 음수가 아니어야 하며 컬렉션의 크기보다 작아야 합니다.
매개 변수 이름: index
[ ㅓㅓ 2023-05-19 금요일 15:32:40 971 ] VideoAnalysis_Page -> FilterSet 인덱스가 범위를 벗어났습니다. 인덱스는 음수가 아니어야 하며 컬렉션의 크기보다 작아야 합니다.
매개 변수 이름: index
[ ㅓㅓ 2023-05-19 금요일 15:32:41 134 ] VideoAnalysis_Page -> FilterSet 인덱스가 범위를 벗어났습니다. 인덱스는 음수가 아니어야 하며 컬렉션의 크기보다 작아야 합니다.
매개 변수 이름: index
[ ㅓㅓ 2023-05-19 금요일 15:32:41 302 ] VideoAnalysis_Page -> FilterSet 인덱스가 범위를 벗어났습니다. 인덱스는 음수가 아니어야 하며 컬렉션의 크기보다 작아야 합니다.
매개 변수 이름: index
[ ㅓㅓ 2023-05-19 금요일 15:32:41 453 ] VideoAnalysis_Page -> FilterSet 인덱스가 범위를 벗어났습니다. 인덱스는 음수가 아니어야 하며 컬렉션의 크기보다 작아야 합니다.
매개 변수 이름: index
[ ㅓㅓ 2023-05-19 금요일 15:32:44 643 ] VideoAnalysis_Page -> FilterSet 인덱스가 범위를 벗어났습니다. 인덱스는 음수가 아니어야 하며 컬렉션의 크기보다 작아야 합니다.
매개 변수 이름: index
[ ㅓㅓ 2023-05-19 금요일 15:32:47 257 ] VideoAnalysis_Page -> VideoAnalysis_ButtonActions1 
[ ㅓㅓ 2023-05-19 금요일 15:32:47 257 ] VideoAnalysis_Page -> VideoCheck_Play1 
[ ㅓㅓ 2023-05-19 금요일 15:33:00 158 ] VideoAnalysis_Page -> VideoAnalysis_ButtonActions1 
[ ㅓㅓ 2023-05-19 금요일 15:33:00 158 ] VideoAnalysis_Page -> VideoCheck_Play1 
[ ㅓㅓ 2023-05-19 금요일 15:33:01 040 ] VideoAnalysis_Page -> FilterSet 인덱스가 범위를 벗어났습니다. 인덱스는 음수가 아니어야 하며 컬렉션의 크기보다 작아야 합니다.
매개 변수 이름: index
[ ㅓㅓ 2023-05-19 금요일 15:33:12 078 ] VideoAnalysis_Page -> FilterSet 인덱스가 범위를 벗어났습니다. 인덱스는 음수가 아니어야 하며 컬렉션의 크기보다 작아야 합니다.
매개 변수 이름: index
[ ㅓㅓ 2023-05-19 금요일 15:33:15 316 ] VideoAnalysis_Page -> FilterSet 인덱스가 범위를 벗어났습니다. 인덱스는 음수가 아니어야 하며 컬렉션의 크기보다 작아야 합니다.
매개 변수 이름: index
[ ㅓㅓ 2023-05-19 금요일 15:33:16 013 ] VideoAnalysis_Page -> FilterSet 인덱스가 범위를 벗어났습니다. 인덱스는 음수가 아니어야 하며 컬렉션의 크기보다 작아야 합니다.
매개 변수 이름: index
[ ㅓㅓ 2023-05-19 금요일 15:33:25 474 ] VideoAnalysis_Page -> FilterSet 인덱스가 범위를 벗어났습니다. 인덱스는 음수가 아니어야 하며 컬렉션의 크기보다 작아야 합니다.
매개 변수 이름: index
[ ㅓㅓ 2023-05-19 금요일 15:33:27 893 ] VideoAnalysis_Page -> FilterSet 인덱스가 범위를 벗어났습니다. 인덱스는 음수가 아니어야 하며 컬렉션의 크기보다 작아야 합니다.
매개 변수 이름: index
[ ㅓㅓ 2023-05-19 금요일 15:33:32 176 ] VideoAnalysis_Page -> FilterSet 인덱스가 범위를 벗어났습니다. 인덱스는 음수가 아니어야 하며 컬렉션의 크기보다 작아야 합니다.
매개 변수 이름: index
[ ㅓㅓ 2023-05-19 금요일 15:33:32 806 ] VideoAnalysis_Page -> FilterSet 인덱스가 범위를 벗어났습니다. 인덱스는 음수가 아니어야 하며 컬렉션의 크기보다 작아야 합니다.
매개 변수 이름: index
[ ㅓㅓ 2023-05-19 금요일 15:33:33 270 ] VideoAnalysis_Page -> FilterSet 인덱스가 범위를 벗어났습니다. 인덱스는 음수가 아니어야 하며 컬렉션의 크기보다 작아야 합니다.
매개 변수 이름: index
[ ㅓㅓ 2023-05-19 금요일 15:33:33 601 ] VideoAnalysis_Page -> FilterSet 인덱스가 범위를 벗어났습니다. 인덱스는 음수가 아니어야 하며 컬렉션의 크기보다 작아야 합니다.
매개 변수 이름: index
[ ㅓㅓ 2023-05-19 금요일 15:33:38 664 ] VideoAnalysis_Page -> FilterSet 인덱스가 범위를 벗어났습니다. 인덱스는 음수가 아니어야 하며 컬렉션의 크기보다 작아야 합니다.
매개 변수 이름: index
[ ㅓㅓ 2023-05-19 금요일 15:33:40 031 ] VideoAnalysis_Page -> FilterSet 인덱스가 범위를 벗어났습니다. 인덱스는 음수가 아니어야 하며 컬렉션의 크기보다 작아야 합니다.
매개 변수 이름: index
[ ㅓㅓ 2023-05-19 금요일 15:33:41 291 ] VideoAnalysis_Page -> FilterSet 인덱스가 범위를 벗어났습니다. 인덱스는 음수가 아니어야 하며 컬렉션의 크기보다 작아야 합니다.
매개 변수 이름: index
[ ㅓㅓ 2023-05-19 금요일 15:33:41 730 ] VideoAnalysis_Page -> FilterSet 인덱스가 범위를 벗어났습니다. 인덱스는 음수가 아니어야 하며 컬렉션의 크기보다 작아야 합니다.
매개 변수 이름: index
[ ㅓㅓ 2023-05-19 금요일 15:33:42 220 ] VideoAnalysis_Page -> FilterSet 인덱스가 범위를 벗어났습니다. 인덱스는 음수가 아니어야 하며 컬렉션의 크기보다 작아야 합니다.
매개 변수 이름: index
[ ㅓㅓ 2023-05-19 금요일 15:33:42 361 ] VideoAnalysis_Page -> FilterSet 인덱스가 범위를 벗어났습니다. 인덱스는 음수가 아니어야 하며 컬렉션의 크기보다 작아야 합니다.
매개 변수 이름: index
[ ㅓㅓ 2023-05-19 금요일 15:33:42 519 ] VideoAnalysis_Page -> FilterSet 인덱스가 범위를 벗어났습니다. 인덱스는 음수가 아니어야 하며 컬렉션의 크기보다 작아야 합니다.
매개 변수 이름: index
[ ㅓㅓ 2023-05-19 금요일 15:33:43 287 ] VideoAnalysis_Page -> FilterSet 인덱스가 범위를 벗어났습니다. 인덱스는 음수가 아니어야 하며 컬렉션의 크기보다 작아야 합니다.
매개 변수 이름: index
[ ㅓㅓ 2023-05-19 금요일 15:33:43 735 ] VideoAnalysis_Page -> FilterSet 인덱스가 범위를 벗어났습니다. 인덱스는 음수가 아니어야 하며 컬렉션의 크기보다 작아야 합니다.
매개 변수 이름: index
[ ㅓㅓ 2023-05-19 금요일 15:33:44 328 ] VideoAnalysis_Page -> FilterSet 인덱스가 범위를 벗어났습니다. 인덱스는 음수가 아니어야 하며 컬렉션의 크기보다 작아야 합니다.
매개 변수 이름: index
[ ㅓㅓ 2023-05-19 금요일 15:33:44 633 ] VideoAnalysis_Page -> FilterSet 인덱스가 범위를 벗어났습니다. 인덱스는 음수가 아니어야 하며 컬렉션의 크기보다 작아야 합니다.
매개 변수 이름: index
[ ㅓㅓ 2023-05-19 금요일 15:33:45 258 ] VideoAnalysis_Page -> FilterSet 인덱스가 범위를 벗어났습니다. 인덱스는 음수가 아니어야 하며 컬렉션의 크기보다 작아야 합니다.
매개 변수 이름: index
[ ㅓㅓ 2023-05-19 금요일 15:33:45 406 ] VideoAnalysis_Page -> FilterSet 인덱스가 범위를 벗어났습니다. 인덱스는 음수가 아니어야 하며 컬렉션의 크기보다 작아야 합니다.
매개 변수 이름: index
[ ㅓㅓ 2023-05-19 금요일 15:33:46 031 ] VideoAnalysis_Page -> FilterSet 인덱스가 범위를 벗어났습니다. 인덱스는 음수가 아니어야 하며 컬렉션의 크기보다 작아야 합니다.
매개 변수 이름: index
[ ㅓㅓ 2023-05-19 금요일 15:33:46 792 ] VideoAnalysis_Page -> FilterSet 인덱스가 범위를 벗어났습니다. 인덱스는 음수가 아니어야 하며 컬렉션의 크기보다 작아야 합니다.
매개 변수 이름: index
[ ㅓㅓ 2023-05-19 금요일 15:33:47 101 ] VideoAnalysis_Page -> FilterSet 인덱스가 범위를 벗어났습니다. 인덱스는 음수가 아니어야 하며 컬렉션의 크기보다 작아야 합니다.
매개 변수 이름: index
[ ㅓㅓ 2023-05-19 금요일 15:33:47 253 ] VideoAnalysis_Page -> FilterSet 인덱스가 범위를 벗어났습니다. 인덱스는 음수가 아니어야 하며 컬렉션의 크기보다 작아야 합니다.
매개 변수 이름: index
[ ㅓㅓ 2023-05-19 금요일 15:33:47 545 ] VideoAnalysis_Page -> FilterSet 인덱스가 범위를 벗어났습니다. 인덱스는 음수가 아니어야 하며 컬렉션의 크기보다 작아야 합니다.
매개 변수 이름: index
[ ㅓㅓ 2023-05-19 금요일 15:33:47 715 ] VideoAnalysis_Page -> FilterSet 인덱스가 범위를 벗어났습니다. 인덱스는 음수가 아니어야 하며 컬렉션의 크기보다 작아야 합니다.
매개 변수 이름: index
[ ㅓㅓ 2023-05-19 금요일 15:33:47 850 ] VideoAnalysis_Page -> FilterSet 인덱스가 범위를 벗어났습니다. 인덱스는 음수가 아니어야 하며 컬렉션의 크기보다 작아야 합니다.
매개 변수 이름: index
[ ㅓㅓ 2023-05-19 금요일 15:33:48 000 ] VideoAnalysis_Page -> FilterSet 인덱스가 범위를 벗어났습니다. 인덱스는 음수가 아니어야 하며 컬렉션의 크기보다 작아야 합니다.
매개 변수 이름: index
[ ㅓㅓ 2023-05-19 금요일 15:33:48 158 ] VideoAnalysis_Page -> FilterSet 인덱스가 범위를 벗어났습니다. 인덱스는 음수가 아니어야 하며 컬렉션의 크기보다 작아야 합니다.
매개 변수 이름: index
[ ㅓㅓ 2023-05-19 금요일 15:33:48 300 ] VideoAnalysis_Page -> FilterSet 인덱스가 범위를 벗어났습니다. 인덱스는 음수가 아니어야 하며 컬렉션의 크기보다 작아야 합니다.
매개 변수 이름: index
[ ㅓㅓ 2023-05-19 금요일 15:33:48 629 ] VideoAnalysis_Page -> FilterSet 인덱스가 범위를 벗어났습니다. 인덱스는 음수가 아니어야 하며 컬렉션의 크기보다 작아야 합니다.
매개 변수 이름: index
[ ㅓㅓ 2023-05-19 금요일 15:33:49 079 ] VideoAnalysis_Page -> FilterSet 인덱스가 범위를 벗어났습니다. 인덱스는 음수가 아니어야 하며 컬렉션의 크기보다 작아야 합니다.
매개 변수 이름: index
[ ㅓㅓ 2023-05-19 금요일 15:33:49 221 ] VideoAnalysis_Page -> FilterSet 인덱스가 범위를 벗어났습니다. 인덱스는 음수가 아니어야 하며 컬렉션의 크기보다 작아야 합니다.
매개 변수 이름: index
[ ㅓㅓ 2023-05-19 금요일 15:33:49 366 ] VideoAnalysis_Page -> FilterSet 인덱스가 범위를 벗어났습니다. 인덱스는 음수가 아니어야 하며 컬렉션의 크기보다 작아야 합니다.
매개 변수 이름: index
[ ㅓㅓ 2023-05-19 금요일 15:33:49 826 ] VideoAnalysis_Page -> FilterSet 인덱스가 범위를 벗어났습니다. 인덱스는 음수가 아니어야 하며 컬렉션의 크기보다 작아야 합니다.
매개 변수 이름: index
[ ㅓㅓ 2023-05-19 금요일 15:33:49 966 ] VideoAnalysis_Page -> FilterSet 인덱스가 범위를 벗어났습니다. 인덱스는 음수가 아니어야 하며 컬렉션의 크기보다 작아야 합니다.
매개 변수 이름: index
[ ㅓㅓ 2023-05-19 금요일 15:33:50 151 ] VideoAnalysis_Page -> FilterSet 인덱스가 범위를 벗어났습니다. 인덱스는 음수가 아니어야 하며 컬렉션의 크기보다 작아야 합니다.
매개 변수 이름: index
[ ㅓㅓ 2023-05-19 금요일 15:33:50 322 ] VideoAnalysis_Page -> FilterSet 인덱스가 범위를 벗어났습니다. 인덱스는 음수가 아니어야 하며 컬렉션의 크기보다 작아야 합니다.
매개 변수 이름: index
[ ㅓㅓ 2023-05-19 금요일 15:33:50 473 ] VideoAnalysis_Page -> FilterSet 인덱스가 범위를 벗어났습니다. 인덱스는 음수가 아니어야 하며 컬렉션의 크기보다 작아야 합니다.
매개 변수 이름: index
[ ㅓㅓ 2023-05-19 금요일 15:33:50 763 ] VideoAnalysis_Page -> FilterSet 인덱스가 범위를 벗어났습니다. 인덱스는 음수가 아니어야 하며 컬렉션의 크기보다 작아야 합니다.
매개 변수 이름: index
[ ㅓㅓ 2023-05-19 금요일 15:33:50 948 ] VideoAnalysis_Page -> FilterSet 인덱스가 범위를 벗어났습니다. 인덱스는 음수가 아니어야 하며 컬렉션의 크기보다 작아야 합니다.
매개 변수 이름: index
[ ㅓㅓ 2023-05-19 금요일 15:33:51 104 ] VideoAnalysis_Page -> FilterSet 인덱스가 범위를 벗어났습니다. 인덱스는 음수가 아니어야 하며 컬렉션의 크기보다 작아야 합니다.
매개 변수 이름: index
[ ㅓㅓ 2023-05-19 금요일 15:33:51 429 ] VideoAnalysis_Page -> FilterSet 인덱스가 범위를 벗어났습니다. 인덱스는 음수가 아니어야 하며 컬렉션의 크기보다 작아야 합니다.
매개 변수 이름: index
[ ㅓㅓ 2023-05-19 금요일 15:33:51 569 ] VideoAnalysis_Page -> FilterSet 인덱스가 범위를 벗어났습니다. 인덱스는 음수가 아니어야 하며 컬렉션의 크기보다 작아야 합니다.
매개 변수 이름: index
[ ㅓㅓ 2023-05-19 금요일 15:33:51 706 ] VideoAnalysis_Page -> FilterSet 인덱스가 범위를 벗어났습니다. 인덱스는 음수가 아니어야 하며 컬렉션의 크기보다 작아야 합니다.
매개 변수 이름: index
[ ㅓㅓ 2023-05-19 금요일 15:33:52 004 ] VideoAnalysis_Page -> FilterSet 인덱스가 범위를 벗어났습니다. 인덱스는 음수가 아니어야 하며 컬렉션의 크기보다 작아야 합니다.
매개 변수 이름: index
[ ㅓㅓ 2023-05-19 금요일 15:33:52 184 ] VideoAnalysis_Page -> FilterSet 인덱스가 범위를 벗어났습니다. 인덱스는 음수가 아니어야 하며 컬렉션의 크기보다 작아야 합니다.
매개 변수 이름: index
[ ㅓㅓ 2023-05-19 금요일 15:33:52 632 ] VideoAnalysis_Page -> FilterSet 인덱스가 범위를 벗어났습니다. 인덱스는 음수가 아니어야 하며 컬렉션의 크기보다 작아야 합니다.
매개 변수 이름: index
[ ㅓㅓ 2023-05-19 금요일 15:33:53 401 ] VideoAnalysis_Page -> FilterSet 인덱스가 범위를 벗어났습니다. 인덱스는 음수가 아니어야 하며 컬렉션의 크기보다 작아야 합니다.
매개 변수 이름: index
[ ㅓㅓ 2023-05-19 금요일 15:33:53 545 ] VideoAnalysis_Page -> FilterSet 인덱스가 범위를 벗어났습니다. 인덱스는 음수가 아니어야 하며 컬렉션의 크기보다 작아야 합니다.
매개 변수 이름: index
[ ㅓㅓ 2023-05-19 금요일 15:33:54 018 ] VideoAnalysis_Page -> FilterSet 인덱스가 범위를 벗어났습니다. 인덱스는 음수가 아니어야 하며 컬렉션의 크기보다 작아야 합니다.
매개 변수 이름: index
[ ㅓㅓ 2023-05-19 금요일 15:33:54 599 ] VideoAnalysis_Page -> FilterSet 인덱스가 범위를 벗어났습니다. 인덱스는 음수가 아니어야 하며 컬렉션의 크기보다 작아야 합니다.
매개 변수 이름: index
[ ㅓㅓ 2023-05-19 금요일 15:33:54 748 ] VideoAnalysis_Page -> FilterSet 인덱스가 범위를 벗어났습니다. 인덱스는 음수가 아니어야 하며 컬렉션의 크기보다 작아야 합니다.
매개 변수 이름: index
[ ㅓㅓ 2023-05-19 금요일 15:33:55 016 ] VideoAnalysis_Page -> FilterSet 인덱스가 범위를 벗어났습니다. 인덱스는 음수가 아니어야 하며 컬렉션의 크기보다 작아야 합니다.
매개 변수 이름: index
[ ㅓㅓ 2023-05-19 금요일 15:33:55 313 ] VideoAnalysis_Page -> FilterSet 인덱스가 범위를 벗어났습니다. 인덱스는 음수가 아니어야 하며 컬렉션의 크기보다 작아야 합니다.
매개 변수 이름: index
[ ㅓㅓ 2023-05-19 금요일 15:33:55 614 ] VideoAnalysis_Page -> FilterSet 인덱스가 범위를 벗어났습니다. 인덱스는 음수가 아니어야 하며 컬렉션의 크기보다 작아야 합니다.
매개 변수 이름: index
[ ㅓㅓ 2023-05-19 금요일 15:33:56 572 ] VideoAnalysis_Page -> FilterSet 인덱스가 범위를 벗어났습니다. 인덱스는 음수가 아니어야 하며 컬렉션의 크기보다 작아야 합니다.
매개 변수 이름: index
[ ㅓㅓ 2023-05-19 금요일 15:33:56 992 ] VideoAnalysis_Page -> FilterSet 인덱스가 범위를 벗어났습니다. 인덱스는 음수가 아니어야 하며 컬렉션의 크기보다 작아야 합니다.
매개 변수 이름: index
[ ㅓㅓ 2023-05-19 금요일 15:33:57 227 ] VideoAnalysis_Page -> FilterSet 인덱스가 범위를 벗어났습니다. 인덱스는 음수가 아니어야 하며 컬렉션의 크기보다 작아야 합니다.
매개 변수 이름: index
[ ㅓㅓ 2023-05-19 금요일 15:33:57 380 ] VideoAnalysis_Page -> FilterSet 인덱스가 범위를 벗어났습니다. 인덱스는 음수가 아니어야 하며 컬렉션의 크기보다 작아야 합니다.
매개 변수 이름: index
[ ㅓㅓ 2023-05-19 금요일 15:33:57 672 ] VideoAnalysis_Page -> FilterSet 인덱스가 범위를 벗어났습니다. 인덱스는 음수가 아니어야 하며 컬렉션의 크기보다 작아야 합니다.
매개 변수 이름: index
[ ㅓㅓ 2023-05-19 금요일 15:33:58 717 ] VideoAnalysis_Page -> FilterSet 인덱스가 범위를 벗어났습니다. 인덱스는 음수가 아니어야 하며 컬렉션의 크기보다 작아야 합니다.
매개 변수 이름: index
[ ㅓㅓ 2023-05-19 금요일 15:33:58 856 ] VideoAnalysis_Page -> FilterSet 인덱스가 범위를 벗어났습니다. 인덱스는 음수가 아니어야 하며 컬렉션의 크기보다 작아야 합니다.
매개 변수 이름: index
[ ㅓㅓ 2023-05-19 금요일 15:33:59 179 ] VideoAnalysis_Page -> FilterSet 인덱스가 범위를 벗어났습니다. 인덱스는 음수가 아니어야 하며 컬렉션의 크기보다 작아야 합니다.
매개 변수 이름: index
[ ㅓㅓ 2023-05-19 금요일 15:33:59 502 ] VideoAnalysis_Page -> FilterSet 인덱스가 범위를 벗어났습니다. 인덱스는 음수가 아니어야 하며 컬렉션의 크기보다 작아야 합니다.
매개 변수 이름: index
[ ㅓㅓ 2023-05-19 금요일 15:33:59 801 ] VideoAnalysis_Page -> FilterSet 인덱스가 범위를 벗어났습니다. 인덱스는 음수가 아니어야 하며 컬렉션의 크기보다 작아야 합니다.
매개 변수 이름: index
[ ㅓㅓ 2023-05-19 금요일 15:34:00 423 ] VideoAnalysis_Page -> FilterSet 인덱스가 범위를 벗어났습니다. 인덱스는 음수가 아니어야 하며 컬렉션의 크기보다 작아야 합니다.
매개 변수 이름: index
[ ㅓㅓ 2023-05-19 금요일 15:34:00 748 ] VideoAnalysis_Page -> FilterSet 인덱스가 범위를 벗어났습니다. 인덱스는 음수가 아니어야 하며 컬렉션의 크기보다 작아야 합니다.
매개 변수 이름: index
[ ㅓㅓ 2023-05-19 금요일 15:34:01 051 ] VideoAnalysis_Page -> FilterSet 인덱스가 범위를 벗어났습니다. 인덱스는 음수가 아니어야 하며 컬렉션의 크기보다 작아야 합니다.
매개 변수 이름: index
[ ㅓㅓ 2023-05-19 금요일 15:34:01 314 ] VideoAnalysis_Page -> FilterSet 인덱스가 범위를 벗어났습니다. 인덱스는 음수가 아니어야 하며 컬렉션의 크기보다 작아야 합니다.
매개 변수 이름: index
[ ㅓㅓ 2023-05-19 금요일 15:34:01 614 ] VideoAnalysis_Page -> FilterSet 인덱스가 범위를 벗어났습니다. 인덱스는 음수가 아니어야 하며 컬렉션의 크기보다 작아야 합니다.
매개 변수 이름: index
[ ㅓㅓ 2023-05-19 금요일 15:34:01 975 ] VideoAnalysis_Page -> FilterSet 인덱스가 범위를 벗어났습니다. 인덱스는 음수가 아니어야 하며 컬렉션의 크기보다 작아야 합니다.
매개 변수 이름: index
[ ㅓㅓ 2023-05-19 금요일 15:34:02 284 ] VideoAnalysis_Page -> FilterSet 인덱스가 범위를 벗어났습니다. 인덱스는 음수가 아니어야 하며 컬렉션의 크기보다 작아야 합니다.
매개 변수 이름: index
[ ㅓㅓ 2023-05-19 금요일 15:34:02 583 ] VideoAnalysis_Page -> FilterSet 인덱스가 범위를 벗어났습니다. 인덱스는 음수가 아니어야 하며 컬렉션의 크기보다 작아야 합니다.
매개 변수 이름: index
[ ㅓㅓ 2023-05-19 금요일 15:34:02 727 ] VideoAnalysis_Page -> FilterSet 인덱스가 범위를 벗어났습니다. 인덱스는 음수가 아니어야 하며 컬렉션의 크기보다 작아야 합니다.
매개 변수 이름: index
[ ㅓㅓ 2023-05-19 금요일 15:34:03 306 ] VideoAnalysis_Page -> FilterSet 인덱스가 범위를 벗어났습니다. 인덱스는 음수가 아니어야 하며 컬렉션의 크기보다 작아야 합니다.
매개 변수 이름: index
[ ㅓㅓ 2023-05-19 금요일 15:34:03 623 ] VideoAnalysis_Page -> FilterSet 인덱스가 범위를 벗어났습니다. 인덱스는 음수가 아니어야 하며 컬렉션의 크기보다 작아야 합니다.
매개 변수 이름: index
[ ㅓㅓ 2023-05-19 금요일 15:34:03 777 ] VideoAnalysis_Page -> FilterSet 인덱스가 범위를 벗어났습니다. 인덱스는 음수가 아니어야 하며 컬렉션의 크기보다 작아야 합니다.
매개 변수 이름: index
[ ㅓㅓ 2023-05-19 금요일 15:34:03 926 ] VideoAnalysis_Page -> FilterSet 인덱스가 범위를 벗어났습니다. 인덱스는 음수가 아니어야 하며 컬렉션의 크기보다 작아야 합니다.
매개 변수 이름: index
[ ㅓㅓ 2023-05-19 금요일 15:34:04 081 ] VideoAnalysis_Page -> FilterSet 인덱스가 범위를 벗어났습니다. 인덱스는 음수가 아니어야 하며 컬렉션의 크기보다 작아야 합니다.
매개 변수 이름: index
[ ㅓㅓ 2023-05-19 금요일 15:34:04 225 ] VideoAnalysis_Page -> FilterSet 인덱스가 범위를 벗어났습니다. 인덱스는 음수가 아니어야 하며 컬렉션의 크기보다 작아야 합니다.
매개 변수 이름: index
[ ㅓㅓ 2023-05-19 금요일 15:34:04 529 ] VideoAnalysis_Page -> FilterSet 인덱스가 범위를 벗어났습니다. 인덱스는 음수가 아니어야 하며 컬렉션의 크기보다 작아야 합니다.
매개 변수 이름: index
[ ㅓㅓ 2023-05-19 금요일 15:34:04 667 ] VideoAnalysis_Page -> FilterSet 인덱스가 범위를 벗어났습니다. 인덱스는 음수가 아니어야 하며 컬렉션의 크기보다 작아야 합니다.
매개 변수 이름: index
[ ㅓㅓ 2023-05-19 금요일 15:34:04 981 ] VideoAnalysis_Page -> FilterSet 인덱스가 범위를 벗어났습니다. 인덱스는 음수가 아니어야 하며 컬렉션의 크기보다 작아야 합니다.
매개 변수 이름: index
[ ㅓㅓ 2023-05-19 금요일 15:34:05 116 ] VideoAnalysis_Page -> FilterSet 인덱스가 범위를 벗어났습니다. 인덱스는 음수가 아니어야 하며 컬렉션의 크기보다 작아야 합니다.
매개 변수 이름: index
[ ㅓㅓ 2023-05-19 금요일 15:34:05 840 ] VideoAnalysis_Page -> FilterSet 인덱스가 범위를 벗어났습니다. 인덱스는 음수가 아니어야 하며 컬렉션의 크기보다 작아야 합니다.
매개 변수 이름: index
[ ㅓㅓ 2023-05-19 금요일 15:34:06 172 ] VideoAnalysis_Page -> FilterSet 인덱스가 범위를 벗어났습니다. 인덱스는 음수가 아니어야 하며 컬렉션의 크기보다 작아야 합니다.
매개 변수 이름: index
[ ㅓㅓ 2023-05-19 금요일 15:34:06 501 ] VideoAnalysis_Page -> FilterSet 인덱스가 범위를 벗어났습니다. 인덱스는 음수가 아니어야 하며 컬렉션의 크기보다 작아야 합니다.
매개 변수 이름: index
[ ㅓㅓ 2023-05-19 금요일 15:34:06 676 ] VideoAnalysis_Page -> FilterSet 인덱스가 범위를 벗어났습니다. 인덱스는 음수가 아니어야 하며 컬렉션의 크기보다 작아야 합니다.
매개 변수 이름: index
[ ㅓㅓ 2023-05-19 금요일 15:34:06 821 ] VideoAnalysis_Page -> FilterSet 인덱스가 범위를 벗어났습니다. 인덱스는 음수가 아니어야 하며 컬렉션의 크기보다 작아야 합니다.
매개 변수 이름: index
[ ㅓㅓ 2023-05-19 금요일 15:34:07 733 ] VideoAnalysis_Page -> FilterSet 인덱스가 범위를 벗어났습니다. 인덱스는 음수가 아니어야 하며 컬렉션의 크기보다 작아야 합니다.
매개 변수 이름: index
[ ㅓㅓ 2023-05-19 금요일 15:34:08 038 ] VideoAnalysis_Page -> FilterSet 인덱스가 범위를 벗어났습니다. 인덱스는 음수가 아니어야 하며 컬렉션의 크기보다 작아야 합니다.
매개 변수 이름: index
[ ㅓㅓ 2023-05-19 금요일 15:34:08 366 ] VideoAnalysis_Page -> FilterSet 인덱스가 범위를 벗어났습니다. 인덱스는 음수가 아니어야 하며 컬렉션의 크기보다 작아야 합니다.
매개 변수 이름: index
[ ㅓㅓ 2023-05-19 금요일 15:34:08 515 ] VideoAnalysis_Page -> FilterSet 인덱스가 범위를 벗어났습니다. 인덱스는 음수가 아니어야 하며 컬렉션의 크기보다 작아야 합니다.
매개 변수 이름: index
[ ㅓㅓ 2023-05-19 금요일 15:34:08 823 ] VideoAnalysis_Page -> FilterSet 인덱스가 범위를 벗어났습니다. 인덱스는 음수가 아니어야 하며 컬렉션의 크기보다 작아야 합니다.
매개 변수 이름: index
[ ㅓㅓ 2023-05-19 금요일 15:34:09 279 ] VideoAnalysis_Page -> FilterSet 인덱스가 범위를 벗어났습니다. 인덱스는 음수가 아니어야 하며 컬렉션의 크기보다 작아야 합니다.
매개 변수 이름: index
[ ㅓㅓ 2023-05-19 금요일 15:34:09 582 ] VideoAnalysis_Page -> FilterSet 인덱스가 범위를 벗어났습니다. 인덱스는 음수가 아니어야 하며 컬렉션의 크기보다 작아야 합니다.
매개 변수 이름: index
[ ㅓㅓ 2023-05-19 금요일 15:34:09 897 ] VideoAnalysis_Page -> FilterSet 인덱스가 범위를 벗어났습니다. 인덱스는 음수가 아니어야 하며 컬렉션의 크기보다 작아야 합니다.
매개 변수 이름: index
[ ㅓㅓ 2023-05-19 금요일 15:34:10 047 ] VideoAnalysis_Page -> FilterSet 인덱스가 범위를 벗어났습니다. 인덱스는 음수가 아니어야 하며 컬렉션의 크기보다 작아야 합니다.
매개 변수 이름: index
[ ㅓㅓ 2023-05-19 금요일 15:34:10 954 ] VideoAnalysis_Page -> FilterSet 인덱스가 범위를 벗어났습니다. 인덱스는 음수가 아니어야 하며 컬렉션의 크기보다 작아야 합니다.
매개 변수 이름: index
[ ㅓㅓ 2023-05-19 금요일 15:34:11 406 ] VideoAnalysis_Page -> FilterSet 인덱스가 범위를 벗어났습니다. 인덱스는 음수가 아니어야 하며 컬렉션의 크기보다 작아야 합니다.
매개 변수 이름: index
[ ㅓㅓ 2023-05-19 금요일 15:34:11 558 ] VideoAnalysis_Page -> FilterSet 인덱스가 범위를 벗어났습니다. 인덱스는 음수가 아니어야 하며 컬렉션의 크기보다 작아야 합니다.
매개 변수 이름: index
[ ㅓㅓ 2023-05-19 금요일 15:34:11 714 ] VideoAnalysis_Page -> FilterSet 인덱스가 범위를 벗어났습니다. 인덱스는 음수가 아니어야 하며 컬렉션의 크기보다 작아야 합니다.
매개 변수 이름: index
[ ㅓㅓ 2023-05-19 금요일 15:34:11 873 ] VideoAnalysis_Page -> FilterSet 인덱스가 범위를 벗어났습니다. 인덱스는 음수가 아니어야 하며 컬렉션의 크기보다 작아야 합니다.
매개 변수 이름: index
[ ㅓㅓ 2023-05-19 금요일 15:34:12 021 ] VideoAnalysis_Page -> FilterSet 인덱스가 범위를 벗어났습니다. 인덱스는 음수가 아니어야 하며 컬렉션의 크기보다 작아야 합니다.
매개 변수 이름: index
[ ㅓㅓ 2023-05-19 금요일 15:34:12 161 ] VideoAnalysis_Page -> FilterSet 인덱스가 범위를 벗어났습니다. 인덱스는 음수가 아니어야 하며 컬렉션의 크기보다 작아야 합니다.
매개 변수 이름: index
[ ㅓㅓ 2023-05-19 금요일 15:34:12 449 ] VideoAnalysis_Page -> FilterSet 인덱스가 범위를 벗어났습니다. 인덱스는 음수가 아니어야 하며 컬렉션의 크기보다 작아야 합니다.
매개 변수 이름: index
[ ㅓㅓ 2023-05-19 금요일 15:34:12 618 ] VideoAnalysis_Page -> FilterSet 인덱스가 범위를 벗어났습니다. 인덱스는 음수가 아니어야 하며 컬렉션의 크기보다 작아야 합니다.
매개 변수 이름: index
[ ㅓㅓ 2023-05-19 금요일 15:34:12 918 ] VideoAnalysis_Page -> FilterSet 인덱스가 범위를 벗어났습니다. 인덱스는 음수가 아니어야 하며 컬렉션의 크기보다 작아야 합니다.
매개 변수 이름: index
[ ㅓㅓ 2023-05-19 금요일 15:34:13 077 ] VideoAnalysis_Page -> FilterSet 인덱스가 범위를 벗어났습니다. 인덱스는 음수가 아니어야 하며 컬렉션의 크기보다 작아야 합니다.
매개 변수 이름: index
[ ㅓㅓ 2023-05-19 금요일 15:34:13 709 ] VideoAnalysis_Page -> FilterSet 인덱스가 범위를 벗어났습니다. 인덱스는 음수가 아니어야 하며 컬렉션의 크기보다 작아야 합니다.
매개 변수 이름: index
[ ㅓㅓ 2023-05-19 금요일 15:41:47 788 ] VideoAnalysis_Page -> FilterSet 인덱스가 범위를 벗어났습니다. 인덱스는 음수가 아니어야 하며 컬렉션의 크기보다 작아야 합니다.
매개 변수 이름: index
[ ㅓㅓ 2023-05-19 금요일 15:41:50 003 ] VideoAnalysis_Page -> FilterSet 인덱스가 범위를 벗어났습니다. 인덱스는 음수가 아니어야 하며 컬렉션의 크기보다 작아야 합니다.
매개 변수 이름: index
[ ㅓㅓ 2023-05-19 금요일 15:41:50 361 ] VideoAnalysis_Page -> FilterSet 인덱스가 범위를 벗어났습니다. 인덱스는 음수가 아니어야 하며 컬렉션의 크기보다 작아야 합니다.
매개 변수 이름: index
[ ㅓㅓ 2023-05-19 금요일 15:41:51 383 ] VideoAnalysis_Page -> FilterSet 인덱스가 범위를 벗어났습니다. 인덱스는 음수가 아니어야 하며 컬렉션의 크기보다 작아야 합니다.
매개 변수 이름: index
[ ㅓㅓ 2023-05-19 금요일 15:41:53 200 ] VideoAnalysis_Page -> FilterSet 인덱스가 범위를 벗어났습니다. 인덱스는 음수가 아니어야 하며 컬렉션의 크기보다 작아야 합니다.
매개 변수 이름: index
[ ㅓㅓ 2023-05-19 금요일 15:41:55 923 ] VideoAnalysis_Page -> FilterSet 인덱스가 범위를 벗어났습니다. 인덱스는 음수가 아니어야 하며 컬렉션의 크기보다 작아야 합니다.
매개 변수 이름: index
[ ㅓㅓ 2023-05-19 금요일 15:41:56 197 ] VideoAnalysis_Page -> FilterSet 인덱스가 범위를 벗어났습니다. 인덱스는 음수가 아니어야 하며 컬렉션의 크기보다 작아야 합니다.
매개 변수 이름: index
[ ㅓㅓ 2023-05-19 금요일 15:41:56 373 ] VideoAnalysis_Page -> VideoAnalysis_ButtonActions1 
[ ㅓㅓ 2023-05-19 금요일 15:41:56 374 ] VideoAnalysis_Page -> VideoCheck_Play1 
[ ㅓㅓ 2023-05-19 금요일 15:42:18 970 ] VideoAnalysis_Page -> VideoAnalysis_ButtonActions1 
[ ㅓㅓ 2023-05-19 금요일 15:42:18 970 ] VideoAnalysis_Page -> VideoCheck_Play1 
[ ㅓㅓ 2023-05-19 금요일 15:42:38 762 ] VideoAnalysis_Page -> FilterSet 인덱스가 범위를 벗어났습니다. 인덱스는 음수가 아니어야 하며 컬렉션의 크기보다 작아야 합니다.
매개 변수 이름: index
[ ㅓㅓ 2023-05-19 금요일 15:42:42 452 ] VideoAnalysis_Page -> VideoAnalysis_ButtonActions1 
[ ㅓㅓ 2023-05-19 금요일 15:42:42 452 ] VideoAnalysis_Page -> VideoCheck_Play1 
[ ㅓㅓ 2023-05-19 금요일 15:42:43 516 ] VideoAnalysis_Page -> VideoAnalysis_ButtonActions1 
[ ㅓㅓ 2023-05-19 금요일 15:42:43 517 ] VideoAnalysis_Page -> VideoCheck_Play1 
[ ㅓㅓ 2023-05-19 금요일 15:43:25 332 ] VideoAnalysis_Page -> VideoAnalysis_ButtonActions1 
[ ㅓㅓ 2023-05-19 금요일 15:43:25 333 ] VideoAnalysis_Page -> VideoCheck_Play1 
[ ㅓㅓ 2023-05-19 금요일 16:12:58 768 ] VideoAnalysis_Page -> VideoAnalysis_ButtonActions1 
[ ㅓㅓ 2023-05-19 금요일 16:12:58 768 ] VideoAnalysis_Page -> VideoCheck_Play1 
[ ㅓㅓ 2023-05-19 금요일 16:15:21 739 ] VideoAnalysis_Page -> VideoAnalysis_ButtonActions1 
[ ㅓㅓ 2023-05-19 금요일 16:15:21 740 ] VideoAnalysis_Page -> VideoCheck_Play1 
[ ㅓㅓ 2023-05-19 금요일 16:15:23 986 ] VideoAnalysis_Page -> VideoAnalysis_ButtonActions1 
[ ㅓㅓ 2023-05-19 금요일 16:15:23 986 ] VideoAnalysis_Page -> VideoCheck_Play1 
[ ㅓㅓ 2023-05-19 금요일 16:16:00 454 ] VideoAnalysis_Page -> VideoAnalysis_ButtonActions1 
[ ㅓㅓ 2023-05-19 금요일 16:16:00 454 ] VideoAnalysis_Page -> VideoCheck_Play1 
[ ㅓㅓ 2023-05-19 금요일 16:21:23 348 ] VideoAnalysis_Page -> VideoAnalysis_ButtonActions1 
[ ㅓㅓ 2023-05-19 금요일 16:21:23 348 ] VideoAnalysis_Page -> VideoCheck_Play1 
[ ㅓㅓ 2023-05-19 금요일 16:22:25 286 ] VideoAnalysis_Page -> VideoAnalysis_ButtonActions1 
[ ㅓㅓ 2023-05-19 금요일 16:22:25 286 ] VideoAnalysis_Page -> VideoCheck_Play1 
[ ㅓㅓ 2023-05-19 금요일 16:37:26 398 ] VideoAnalysis_Page -> VideoAnalysis_ButtonActions1 
[ ㅓㅓ 2023-05-19 금요일 16:37:26 399 ] VideoAnalysis_Page -> VideoCheck_Play1 
[ ㅓㅓ 2023-05-19 금요일 16:44:29 252 ] VideoAnalysis_Page -> VideoAnalysis_ButtonActions1 
[ ㅓㅓ 2023-05-19 금요일 16:44:29 253 ] VideoAnalysis_Page -> VideoCheck_Play1 
[ ㅓㅓ 2023-05-19 금요일 16:58:26 831 ] VideoAnalysis_Page -> VideoAnalysis_ButtonActions1 
[ ㅓㅓ 2023-05-19 금요일 16:58:26 832 ] VideoAnalysis_Page -> VideoCheck_Play1 
[ ㅓㅓ 2023-05-19 금요일 16:58:39 020 ] VideoAnalysis_Page -> VideoAnalysis_ButtonActions1 
[ ㅓㅓ 2023-05-19 금요일 16:58:39 020 ] VideoAnalysis_Page -> VideoCheck_Play1 
[ ㅓㅓ 2023-05-19 금요일 17:42:00 599 ] VideoAnalysis_Page -> VideoAnalysis_ButtonActions1 
[ ㅓㅓ 2023-05-19 금요일 17:42:00 601 ] VideoAnalysis_Page -> VideoCheck_Play1 
[ ㅓㅓ 2023-05-19 금요일 17:43:09 898 ] Form1 -> NavigationClick 
[ ㅓㅓ 2023-05-19 금요일 17:43:09 903 ] VideoAnalysis_Page -> PageChange 
[ ㅓㅓ 2023-05-19 금요일 17:44:08 447 ] RealTimeView_Page -> RealTimeView_ButtonActions 
[ ㅓㅓ 2023-05-19 금요일 17:44:08 447 ] RealTimeView_Page -> VideoSaveAction 
[ ㅓㅓ 2023-05-19 금요일 17:44:08 448 ] RealTimeView_Page -> FolderPath 
[ ㅓㅓ 2023-05-19 금요일 17:44:08 730 ] RealTimeView_Page -> FolderPath 
[ ㅓㅓ 2023-05-19 금요일 17:44:08 872 ] RealTimeView_Page -> FolderPath 
[ ㅓㅓ 2023-05-19 금요일 17:49:06 115 ] RealTimeView_Page -> RealTimeView_ButtonActions 
[ ㅓㅓ 2023-05-19 금요일 17:49:06 721 ] RealTimeView_Page -> FolderPath 
[ ㅓㅓ 2023-05-19 금요일 17:49:09 365 ] Form1 -> NavigationClick 
[ ㅓㅓ 2023-05-19 금요일 17:49:13 382 ] VideoAnalysis_Page -> VideoAnalysis_ButtonActions1 
[ ㅓㅓ 2023-05-19 금요일 17:49:13 382 ] VideoAnalysis_Page -> VideoCheck_FileOpen1 
[ ㅓㅓ 2023-05-19 금요일 17:49:17 926 ] VideoAnalysis_Page -> VideoCheck_FileClose1 
[ ㅓㅓ 2023-05-19 금요일 17:49:22 225 ] VideoAnalysis_Page -> VideoAnalysis_ButtonActions1 
[ ㅓㅓ 2023-05-19 금요일 17:49:22 226 ] VideoAnalysis_Page -> VideoCheck_Play1 
[ ㅓㅓ 2023-05-19 금요일 17:49:23 794 ] VideoAnalysis_Page -> FilterSet 인덱스가 범위를 벗어났습니다. 인덱스는 음수가 아니어야 하며 컬렉션의 크기보다 작아야 합니다.
매개 변수 이름: index
[ ㅓㅓ 2023-05-19 금요일 17:49:26 233 ] VideoAnalysis_Page -> FilterSet 인덱스가 범위를 벗어났습니다. 인덱스는 음수가 아니어야 하며 컬렉션의 크기보다 작아야 합니다.
매개 변수 이름: index
[ ㅓㅓ 2023-05-19 금요일 17:49:27 135 ] VideoAnalysis_Page -> FilterSet 인덱스가 범위를 벗어났습니다. 인덱스는 음수가 아니어야 하며 컬렉션의 크기보다 작아야 합니다.
매개 변수 이름: index
[ ㅓㅓ 2023-05-19 금요일 17:49:27 177 ] VideoAnalysis_Page -> VideoAnalysis_ButtonActions1 
[ ㅓㅓ 2023-05-19 금요일 17:49:27 179 ] VideoAnalysis_Page -> VideoCheck_Play1 
[ ㅓㅓ 2023-05-19 금요일 17:49:48 885 ] VideoAnalysis_Page -> VideoAnalysis_ButtonActions1 
[ ㅓㅓ 2023-05-19 금요일 17:49:48 886 ] VideoAnalysis_Page -> VideoCheck_Play1 
[ ㅓㅓ 2023-05-19 금요일 17:51:25 560 ] VideoAnalysis_Page -> VideoAnalysis_ButtonActions1 
[ ㅓㅓ 2023-05-19 금요일 17:51:25 560 ] VideoAnalysis_Page -> VideoCheck_Play1 
[ ㅓㅓ 2023-05-19 금요일 17:53:06 460 ] VideoAnalysis_Page -> VideoAnalysis_ButtonActions1 
[ ㅓㅓ 2023-05-19 금요일 17:53:06 460 ] VideoAnalysis_Page -> VideoCheck_Play1 
[ ㅓㅓ 2023-05-19 금요일 17:57:52 579 ] VideoAnalysis_Page -> FilterSet 인덱스가 범위를 벗어났습니다. 인덱스는 음수가 아니어야 하며 컬렉션의 크기보다 작아야 합니다.
매개 변수 이름: index
[ ㅓㅓ 2023-05-19 금요일 17:58:58 040 ] VideoAnalysis_Page -> FilterSet 인덱스가 범위를 벗어났습니다. 인덱스는 음수가 아니어야 하며 컬렉션의 크기보다 작아야 합니다.
매개 변수 이름: index
[ ㅓㅓ 2023-05-19 금요일 17:59:01 836 ] VideoAnalysis_Page -> FilterSet 인덱스가 범위를 벗어났습니다. 인덱스는 음수가 아니어야 하며 컬렉션의 크기보다 작아야 합니다.
매개 변수 이름: index
[ ㅓㅓ 2023-05-19 금요일 17:59:09 257 ] VideoAnalysis_Page -> FilterSet 인덱스가 범위를 벗어났습니다. 인덱스는 음수가 아니어야 하며 컬렉션의 크기보다 작아야 합니다.
매개 변수 이름: index
[ ㅓㅓ 2023-05-19 금요일 17:59:23 171 ] VideoAnalysis_Page -> FilterSet 인덱스가 범위를 벗어났습니다. 인덱스는 음수가 아니어야 하며 컬렉션의 크기보다 작아야 합니다.
매개 변수 이름: index
[ ㅓㅓ 2023-05-19 금요일 17:59:23 662 ] VideoAnalysis_Page -> VideoAnalysis_ButtonActions1 
[ ㅓㅓ 2023-05-19 금요일 17:59:23 671 ] VideoAnalysis_Page -> VideoCheck_Play1 
[ ㅓㅓ 2023-05-19 금요일 18:00:28 632 ] VideoAnalysis_Page -> VideoAnalysis_ButtonActions1 
[ ㅓㅓ 2023-05-19 금요일 18:00:28 632 ] VideoAnalysis_Page -> VideoCheck_Play1 
[ ㅓㅓ 2023-05-19 금요일 18:00:31 028 ] VideoAnalysis_Page -> VideoAnalysis_ButtonActions1 
[ ㅓㅓ 2023-05-19 금요일 18:00:31 028 ] VideoAnalysis_Page -> VideoCheck_Play1 
[ ㅓㅓ 2023-05-19 금요일 18:00:31 747 ] VideoAnalysis_Page -> VideoAnalysis_ButtonActions1 
[ ㅓㅓ 2023-05-19 금요일 18:00:31 748 ] VideoAnalysis_Page -> VideoCheck_Play1 
[ ㅓㅓ 2023-05-19 금요일 18:00:36 173 ] VideoAnalysis_Page -> FilterSet 인덱스가 범위를 벗어났습니다. 인덱스는 음수가 아니어야 하며 컬렉션의 크기보다 작아야 합니다.
매개 변수 이름: index
[ ㅓㅓ 2023-05-19 금요일 18:03:16 975 ] VideoAnalysis_Page -> FilterSet 인덱스가 범위를 벗어났습니다. 인덱스는 음수가 아니어야 하며 컬렉션의 크기보다 작아야 합니다.
매개 변수 이름: index
[ ㅓㅓ 2023-05-19 금요일 18:04:23 736 ] VideoAnalysis_Page -> VideoAnalysis_ButtonActions1 
[ ㅓㅓ 2023-05-19 금요일 18:04:23 736 ] VideoAnalysis_Page -> VideoCheck_Play1 
[ ㅓㅓ 2023-05-19 금요일 18:05:13 237 ] VideoAnalysis_Page -> VideoAnalysis_ButtonActions1 
[ ㅓㅓ 2023-05-19 금요일 18:05:13 238 ] VideoAnalysis_Page -> VideoCheck_Play1 
[ ㅓㅓ 2023-05-19 금요일 18:05:38 976 ] VideoAnalysis_Page -> VideoAnalysis_ButtonActions1 
[ ㅓㅓ 2023-05-19 금요일 18:05:38 976 ] VideoAnalysis_Page -> VideoCheck_Play1 
[ ㅓㅓ 2023-05-19 금요일 18:08:40 443 ] Form1 -> Form1_FormClosing 
[ ㅓㅓ 2023-05-19 금요일 18:08:40 457 ] RealTimeView_Page -> CameraClose 
[ ㅓㅓ 2023-05-19 금요일 18:08:40 476 ] CameraControl -> Stop 
[ ㅓㅓ 2023-05-19 금요일 18:08:40 572 ] CameraControl -> Close 
[ ㅓㅓ 2023-05-19 금요일 18:08:40 650 ] CameraControl -> Stop 
[ ㅓㅓ 2023-05-19 금요일 18:08:40 650 ] CameraControl -> Close 
[ ㅓㅓ 2023-05-19 금요일 18:08:40 650 ] CameraControl -> Stop 
[ ㅓㅓ 2023-05-19 금요일 18:08:40 651 ] CameraControl -> Close 
[ ㅓㅓ 2023-05-19 금요일 18:08:40 651 ] VideoCheck_Page -> VideoClose 
[ ㅓㅓ 2023-05-19 금요일 18:08:40 652 ] VideoAnalysis_Page -> VideoClose 
[ ㅓㅓ 2023-05-19 금요일 18:08:41 227 ] CameraControl -> Finalize 
[ ㅓㅓ 2023-05-19 금요일 18:08:41 227 ] CameraControl -> Close 
[ ㅓㅓ 2023-05-19 금요일 18:08:41 246 ] CameraControl -> Finalize 
[ ㅓㅓ 2023-05-19 금요일 18:08:41 246 ] CameraControl -> Close 
[ ㅓㅓ 2023-05-19 금요일 18:08:41 247 ] CameraControl -> Finalize 
[ ㅓㅓ 2023-05-19 금요일 18:08:41 247 ] CameraControl -> Close 
