[  2023-06-30 금요일 00:00:00 075 ] 파일 생성 성공
[ ㅓㅓ 2023-06-30 금요일 00:00:00 075 ] Settings_Page -> WorkDayChange 완료
[ ㅓㅓ 2023-06-30 금요일 10:29:48 565 ] Form1 -> NavigationClick 
[ ㅓㅓ 2023-06-30 금요일 10:29:48 566 ] VideoAnalysis_Page -> PageChange 
[ ㅓㅓ 2023-06-30 금요일 11:52:42 609 ] Form1 -> NavigationClick 
[ ㅓㅓ 2023-06-30 금요일 11:52:45 124 ] Form1 -> NavigationClick 
[ ㅓㅓ 2023-06-30 금요일 11:52:45 128 ] VideoAnalysis_Page -> PageChange 
[ ㅓㅓ 2023-06-30 금요일 11:52:48 643 ] Form1 -> NavigationClick 
[ ㅓㅓ 2023-06-30 금요일 11:58:17 860 ] Form1 -> NavigationClick 
[ ㅓㅓ 2023-06-30 금요일 11:58:17 862 ] VideoAnalysis_Page -> PageChange 
[ ㅓㅓ 2023-06-30 금요일 11:59:19 211 ] Form1 -> NavigationClick 
[ ㅓㅓ 2023-06-30 금요일 11:59:21 880 ] Form1 -> NavigationClick 
[ ㅓㅓ 2023-06-30 금요일 11:59:21 880 ] VideoAnalysis_Page -> PageChange 
[ ㅓㅓ 2023-06-30 금요일 11:59:31 069 ] Form1 -> NavigationClick 
[ ㅓㅓ 2023-06-30 금요일 11:59:32 323 ] Form1 -> NavigationClick 
[ ㅓㅓ 2023-06-30 금요일 11:59:32 323 ] VideoAnalysis_Page -> PageChange 
[ ㅓㅓ 2023-06-30 금요일 11:59:44 354 ] Form1 -> NavigationClick 
[ ㅓㅓ 2023-06-30 금요일 11:59:46 109 ] Form1 -> NavigationClick 
[ ㅓㅓ 2023-06-30 금요일 11:59:46 110 ] VideoAnalysis_Page -> PageChange 
[ ㅓㅓ 2023-06-30 금요일 12:00:18 954 ] Form1 -> NavigationClick 
[ ㅓㅓ 2023-06-30 금요일 12:00:19 070 ] VideoCheck_Page -> VideoCheck_Page_Load 
[ ㅓㅓ 2023-06-30 금요일 17:59:36 741 ] Form1 -> NavigationClick 
[ ㅓㅓ 2023-06-30 금요일 17:59:36 749 ] VideoCheck_Page -> PageChange 
[ ㅓㅓ 2023-06-30 금요일 17:59:40 767 ] Form1 -> Form1_FormClosing 
[ ㅓㅓ 2023-06-30 금요일 17:59:40 781 ] RealTimeView_Page -> CameraClose 
[ ㅓㅓ 2023-06-30 금요일 17:59:40 789 ] CameraControl -> Stop 
[ ㅓㅓ 2023-06-30 금요일 17:59:41 252 ] CameraControl -> Close 
[ ㅓㅓ 2023-06-30 금요일 17:59:41 307 ] CameraControl -> Stop 
[ ㅓㅓ 2023-06-30 금요일 17:59:41 307 ] CameraControl -> Close 
[ ㅓㅓ 2023-06-30 금요일 17:59:41 307 ] CameraControl -> Stop 
[ ㅓㅓ 2023-06-30 금요일 17:59:41 307 ] CameraControl -> Close 
[ ㅓㅓ 2023-06-30 금요일 17:59:41 307 ] VideoCheck_Page -> VideoClose 
[ ㅓㅓ 2023-06-30 금요일 17:59:41 307 ] VideoAnalysis_Page -> VideoClose 
[ ㅓㅓ 2023-06-30 금요일 17:59:41 753 ] CameraControl -> Finalize 
[ ㅓㅓ 2023-06-30 금요일 17:59:41 756 ] CameraControl -> Close 
[ ㅓㅓ 2023-06-30 금요일 17:59:41 774 ] CameraControl -> Finalize 
[ ㅓㅓ 2023-06-30 금요일 17:59:41 774 ] CameraControl -> Close 
[ ㅓㅓ 2023-06-30 금요일 17:59:41 774 ] CameraControl -> Finalize 
[ ㅓㅓ 2023-06-30 금요일 17:59:41 774 ] CameraControl -> Close 
