[  2023-05-26 금요일 09:27:53 280 ] 파일 생성 성공
[ ㅓㅓ 2023-05-26 금요일 09:27:53 280 ] Settings_Page -> XMLSave 
[ ㅓㅓ 2023-05-26 금요일 09:27:55 032 ] Form1 -> NavigationClick 
[ ㅓㅓ 2023-05-26 금요일 09:27:55 242 ] VideoAnalysis_Page -> VideoAnalysis_Page_Load 
[ ㅓㅓ 2023-05-26 금요일 09:27:56 897 ] VideoAnalysis_Page -> VideoAnalysis_ButtonActions1 
[ ㅓㅓ 2023-05-26 금요일 09:27:56 917 ] VideoAnalysis_Page -> VideoCheck_FileOpen1 
[ ㅓㅓ 2023-05-26 금요일 09:28:06 998 ] VideoAnalysis_Page -> VideoAnalysis_ButtonActions2 
[ ㅓㅓ 2023-05-26 금요일 09:28:07 004 ] VideoAnalysis_Page -> VideoCheck_FileOpen2 
[ ㅓㅓ 2023-05-26 금요일 09:30:01 746 ] VideoAnalysis_Page -> VideoAnalysis_ButtonActions1 
[ ㅓㅓ 2023-05-26 금요일 09:30:01 750 ] VideoAnalysis_Page -> VideoCheck_Play1 
[ ㅓㅓ 2023-05-26 금요일 09:30:03 088 ] VideoAnalysis_Page -> FilterClick 
[ ㅓㅓ 2023-05-26 금요일 09:30:04 452 ] VideoAnalysis_Page -> FilterClick 
[ ㅓㅓ 2023-05-26 금요일 09:30:06 801 ] VideoAnalysis_Page -> VideoAnalysis_ButtonActions1 
[ ㅓㅓ 2023-05-26 금요일 09:30:06 805 ] VideoAnalysis_Page -> VideoCheck_Play1 
[ ㅓㅓ 2023-05-26 금요일 09:30:08 057 ] VideoAnalysis_Page -> VideoAnalysis_ButtonActions2 
[ ㅓㅓ 2023-05-26 금요일 09:30:08 058 ] VideoAnalysis_Page -> VideoCheck_Play2 
[ ㅓㅓ 2023-05-26 금요일 09:30:11 912 ] VideoAnalysis_Page -> VideoAnalysis_ButtonActions2 
[ ㅓㅓ 2023-05-26 금요일 09:30:11 912 ] VideoAnalysis_Page -> VideoCheck_Play2 
[ ㅓㅓ 2023-05-26 금요일 09:30:12 923 ] VideoAnalysis_Page -> VideoAnalysis_ButtonActions2 
[ ㅓㅓ 2023-05-26 금요일 09:30:12 923 ] VideoAnalysis_Page -> VideoCheck_Play2 
[ ㅓㅓ 2023-05-26 금요일 09:30:13 713 ] VideoAnalysis_Page -> VideoAnalysis_ButtonActions2 
[ ㅓㅓ 2023-05-26 금요일 09:30:13 718 ] VideoAnalysis_Page -> VideoCheck_Play2 
[ ㅓㅓ 2023-05-26 금요일 09:30:14 515 ] VideoAnalysis_Page -> VideoAnalysis_ButtonActions2 
[ ㅓㅓ 2023-05-26 금요일 09:30:14 515 ] VideoAnalysis_Page -> VideoCheck_Play2 
[ ㅓㅓ 2023-05-26 금요일 09:30:18 430 ] VideoAnalysis_Page -> VideoAnalysis_ButtonActions2 
[ ㅓㅓ 2023-05-26 금요일 09:30:18 433 ] VideoAnalysis_Page -> VideoCheck_Play2 
[ ㅓㅓ 2023-05-26 금요일 09:30:19 839 ] VideoAnalysis_Page -> VideoAnalysis_ButtonActions1 
[ ㅓㅓ 2023-05-26 금요일 09:30:19 840 ] VideoAnalysis_Page -> VideoCheck_Play1 
[ ㅓㅓ 2023-05-26 금요일 09:30:26 788 ] VideoAnalysis_Page -> VideoAnalysis_ButtonActions1 
[ ㅓㅓ 2023-05-26 금요일 09:30:26 788 ] VideoAnalysis_Page -> VideoCheck_Play1 
[ ㅓㅓ 2023-05-26 금요일 10:18:30 357 ] VideoAnalysis_Page -> VideoAnalysis_ButtonActions1 
[ ㅓㅓ 2023-05-26 금요일 10:18:30 357 ] VideoAnalysis_Page -> VideoCheck_Play1 
[ ㅓㅓ 2023-05-26 금요일 10:19:05 126 ] VideoAnalysis_Page -> VideoAnalysis_ButtonActions2 
[ ㅓㅓ 2023-05-26 금요일 10:19:05 130 ] VideoAnalysis_Page -> VideoCheck_Play2 
[ ㅓㅓ 2023-05-26 금요일 10:19:06 935 ] VideoAnalysis_Page -> VideoAnalysis_ButtonActions2 
[ ㅓㅓ 2023-05-26 금요일 10:19:06 939 ] VideoAnalysis_Page -> VideoCheck_Play2 
[ ㅓㅓ 2023-05-26 금요일 10:19:10 017 ] VideoAnalysis_Page -> VideoAnalysis_ButtonActions1 
[ ㅓㅓ 2023-05-26 금요일 10:19:10 017 ] VideoAnalysis_Page -> VideoCheck_Play1 
[ ㅓㅓ 2023-05-26 금요일 10:22:08 023 ] VideoAnalysis_Page -> VideoAnalysis_ButtonActions1 
[ ㅓㅓ 2023-05-26 금요일 10:22:08 023 ] VideoAnalysis_Page -> VideoCheck_Play1 
[ ㅓㅓ 2023-05-26 금요일 10:22:13 783 ] VideoAnalysis_Page -> VideoAnalysis_ButtonActions1 
[ ㅓㅓ 2023-05-26 금요일 10:22:13 784 ] VideoAnalysis_Page -> VideoCheck_Play1 
[ ㅓㅓ 2023-05-26 금요일 10:22:44 991 ] VideoAnalysis_Page -> VideoAnalysis_ButtonActions1 
[ ㅓㅓ 2023-05-26 금요일 10:22:44 992 ] VideoAnalysis_Page -> VideoCheck_Play1 
[ ㅓㅓ 2023-05-26 금요일 10:23:19 983 ] VideoAnalysis_Page -> VideoAnalysis_ButtonActions1 
[ ㅓㅓ 2023-05-26 금요일 10:23:19 984 ] VideoAnalysis_Page -> VideoCheck_Play1 
[ ㅓㅓ 2023-05-26 금요일 17:57:25 169 ] Form1 -> Form1_FormClosing 
[ ㅓㅓ 2023-05-26 금요일 17:57:25 181 ] RealTimeView_Page -> CameraClose 
[ ㅓㅓ 2023-05-26 금요일 17:57:25 222 ] CameraControl -> Stop 
[ ㅓㅓ 2023-05-26 금요일 17:57:25 351 ] CameraControl -> Close 
[ ㅓㅓ 2023-05-26 금요일 17:57:25 424 ] CameraControl -> Stop 
[ ㅓㅓ 2023-05-26 금요일 17:57:25 424 ] CameraControl -> Close 
[ ㅓㅓ 2023-05-26 금요일 17:57:25 424 ] CameraControl -> Stop 
[ ㅓㅓ 2023-05-26 금요일 17:57:25 425 ] CameraControl -> Close 
[ ㅓㅓ 2023-05-26 금요일 17:57:25 426 ] VideoCheck_Page -> VideoClose 
[ ㅓㅓ 2023-05-26 금요일 17:57:25 426 ] VideoAnalysis_Page -> VideoClose 
