[  2023-06-12 월요일 10:27:04 507 ] 파일 생성 성공
[ ㅓㅓ 2023-06-12 월요일 10:27:04 507 ] Settings_Page -> XMLSave 
[ ㅓㅓ 2023-06-12 월요일 10:27:06 168 ] Form1 -> NavigationClick 
[ ㅓㅓ 2023-06-12 월요일 10:27:06 396 ] VideoAnalysis_Page -> VideoAnalysis_Page_Load 
[ ㅓㅓ 2023-06-12 월요일 11:06:41 527 ] VideoAnalysis_Page -> FilterClick 
[ ㅓㅓ 2023-06-12 월요일 11:06:42 340 ] VideoAnalysis_Page -> VideoAnalysis_ButtonActions1 
[ ㅓㅓ 2023-06-12 월요일 11:06:42 340 ] VideoAnalysis_Page -> VideoCheck_FileOpen1 
[ ㅓㅓ 2023-06-12 월요일 11:08:45 848 ] VideoAnalysis_Page -> VideoAnalysis_ButtonActions1 
[ ㅓㅓ 2023-06-12 월요일 11:08:45 858 ] VideoAnalysis_Page -> VideoCheck_Play1 
[ ㅓㅓ 2023-06-12 월요일 11:08:46 842 ] VideoAnalysis_Page -> VideoAnalysis_ButtonActions1 
[ ㅓㅓ 2023-06-12 월요일 11:08:46 842 ] VideoAnalysis_Page -> VideoCheck_Play1 
[ ㅓㅓ 2023-06-12 월요일 14:25:49 616 ] VideoAnalysis_Page -> VideoAnalysis_ButtonActions1 
[ ㅓㅓ 2023-06-12 월요일 14:25:49 621 ] VideoAnalysis_Page -> VideoCheck_Play1 
[ ㅓㅓ 2023-06-12 월요일 14:25:52 333 ] VideoAnalysis_Page -> VideoAnalysis_ButtonActions1 
[ ㅓㅓ 2023-06-12 월요일 14:25:52 333 ] VideoAnalysis_Page -> VideoCheck_Play1 
[ ㅓㅓ 2023-06-12 월요일 14:25:59 003 ] VideoAnalysis_Page -> FilterClick 
[ ㅓㅓ 2023-06-12 월요일 14:26:02 445 ] VideoAnalysis_Page -> FilterClick 
[ ㅓㅓ 2023-06-12 월요일 14:39:14 845 ] VideoAnalysis_Page -> VideoAnalysis_ButtonActions1 
[ ㅓㅓ 2023-06-12 월요일 14:39:14 846 ] VideoAnalysis_Page -> VideoCheck_Play1 
[ ㅓㅓ 2023-06-12 월요일 14:39:15 829 ] VideoAnalysis_Page -> VideoAnalysis_ButtonActions1 
[ ㅓㅓ 2023-06-12 월요일 14:39:15 829 ] VideoAnalysis_Page -> VideoCheck_Play1 
[ ㅓㅓ 2023-06-13 화요일 00:00:00 107 ] Settings_Page -> WorkDayChange 
[ ㅓㅓ 2023-06-13 화요일 00:00:00 110 ] Settings_Page -> XMLSave 
[ ㅓㅓ 2023-06-13 화요일 15:54:45 825 ] VideoAnalysis_Page -> VideoAnalysis_ButtonActions1 
[ ㅓㅓ 2023-06-13 화요일 15:54:45 832 ] VideoAnalysis_Page -> VideoCheck_Play1 
[ ㅓㅓ 2023-06-13 화요일 15:54:49 572 ] VideoAnalysis_Page -> VideoAnalysis_ButtonActions1 
[ ㅓㅓ 2023-06-13 화요일 15:54:49 572 ] VideoAnalysis_Page -> VideoCheck_Play1 
[ ㅓㅓ 2023-06-13 화요일 15:54:54 218 ] VideoAnalysis_Page -> FilterClick 
[ ㅓㅓ 2023-06-13 화요일 15:54:57 760 ] VideoAnalysis_Page -> FilterClick 
[ ㅓㅓ 2023-06-13 화요일 16:02:48 399 ] VideoAnalysis_Page -> VideoAnalysis_ButtonActions1 
[ ㅓㅓ 2023-06-13 화요일 16:02:48 399 ] VideoAnalysis_Page -> VideoCheck_Play1 
[ ㅓㅓ 2023-06-13 화요일 16:02:49 048 ] VideoAnalysis_Page -> VideoAnalysis_ButtonActions1 
[ ㅓㅓ 2023-06-13 화요일 16:02:49 049 ] VideoAnalysis_Page -> VideoCheck_Play1 
[ ㅓㅓ 2023-06-13 화요일 16:03:25 377 ] VideoAnalysis_Page -> VideoAnalysis_ButtonActions1 
[ ㅓㅓ 2023-06-13 화요일 16:03:25 384 ] VideoAnalysis_Page -> VideoCheck_Play1 
[ ㅓㅓ 2023-06-13 화요일 16:03:39 565 ] VideoAnalysis_Page -> VideoAnalysis_ButtonActions1 
[ ㅓㅓ 2023-06-13 화요일 16:03:39 571 ] VideoAnalysis_Page -> VideoCheck_Play1 
[ ㅓㅓ 2023-06-13 화요일 16:03:42 538 ] Form1 -> NavigationClick 
[ ㅓㅓ 2023-06-13 화요일 16:03:42 549 ] VideoAnalysis_Page -> PageChange 
[ ㅓㅓ 2023-06-13 화요일 16:03:44 546 ] Settings_Page -> FolderOpen 
[ ㅓㅓ 2023-06-13 화요일 16:06:46 707 ] Form1 -> NavigationClick 
[ ㅓㅓ 2023-06-13 화요일 16:06:53 142 ] Form1 -> Form1_FormClosing 
[ ㅓㅓ 2023-06-13 화요일 16:06:53 151 ] RealTimeView_Page -> CameraClose 
[ ㅓㅓ 2023-06-13 화요일 16:06:53 160 ] CameraControl -> Stop 
[ ㅓㅓ 2023-06-13 화요일 16:06:53 586 ] CameraControl -> Close 
[ ㅓㅓ 2023-06-13 화요일 16:06:53 643 ] CameraControl -> Stop 
[ ㅓㅓ 2023-06-13 화요일 16:06:53 643 ] CameraControl -> Close 
[ ㅓㅓ 2023-06-13 화요일 16:06:53 644 ] CameraControl -> Stop 
[ ㅓㅓ 2023-06-13 화요일 16:06:53 644 ] CameraControl -> Close 
[ ㅓㅓ 2023-06-13 화요일 16:06:53 644 ] VideoCheck_Page -> VideoClose 
[ ㅓㅓ 2023-06-13 화요일 16:06:53 644 ] VideoAnalysis_Page -> VideoClose 
[ ㅓㅓ 2023-06-13 화요일 16:06:54 068 ] CameraControl -> Finalize 
[ ㅓㅓ 2023-06-13 화요일 16:06:54 069 ] CameraControl -> Close 
[ ㅓㅓ 2023-06-13 화요일 16:06:54 084 ] CameraControl -> Finalize 
[ ㅓㅓ 2023-06-13 화요일 16:06:54 085 ] CameraControl -> Close 
[ ㅓㅓ 2023-06-13 화요일 16:06:54 085 ] CameraControl -> Finalize 
[ ㅓㅓ 2023-06-13 화요일 16:06:54 085 ] CameraControl -> Close 
