[  2023-06-14 수요일 09:04:11 150 ] 파일 생성 성공
[ ㅓㅓ 2023-06-14 수요일 09:04:11 150 ] Settings_Page -> XMLSave 
[ ㅓㅓ 2023-06-14 수요일 09:17:50 271 ] Form1 -> Form1_FormClosing 
[ ㅓㅓ 2023-06-14 수요일 09:17:50 281 ] RealTimeView_Page -> CameraClose 
[ ㅓㅓ 2023-06-14 수요일 09:17:50 290 ] CameraControl -> Stop 
[ ㅓㅓ 2023-06-14 수요일 09:17:51 603 ] CameraControl -> Close 
[ ㅓㅓ 2023-06-14 수요일 09:17:51 663 ] CameraControl -> Stop 
[ ㅓㅓ 2023-06-14 수요일 09:17:51 664 ] CameraControl -> Close 
[ ㅓㅓ 2023-06-14 수요일 09:17:51 665 ] CameraControl -> Stop 
[ ㅓㅓ 2023-06-14 수요일 09:17:51 665 ] CameraControl -> Close 
[ ㅓㅓ 2023-06-14 수요일 09:17:51 665 ] VideoCheck_Page -> VideoClose 
[ ㅓㅓ 2023-06-14 수요일 09:17:51 666 ] VideoAnalysis_Page -> VideoClose 
[ ㅓㅓ 2023-06-14 수요일 09:17:52 158 ] CameraControl -> Finalize 
[ ㅓㅓ 2023-06-14 수요일 09:17:52 158 ] CameraControl -> Close 
[ ㅓㅓ 2023-06-14 수요일 09:17:52 166 ] CameraControl -> Finalize 
[ ㅓㅓ 2023-06-14 수요일 09:17:52 167 ] CameraControl -> Close 
[ ㅓㅓ 2023-06-14 수요일 09:17:52 167 ] CameraControl -> Finalize 
[ ㅓㅓ 2023-06-14 수요일 09:17:52 168 ] CameraControl -> Close 
[ ㅓㅓ 2023-06-14 수요일 09:18:14 042 ] Settings_Page -> XMLSave 
[ ㅓㅓ 2023-06-14 수요일 09:18:15 479 ] Form1 -> NavigationClick 
[ ㅓㅓ 2023-06-14 수요일 09:18:15 723 ] VideoAnalysis_Page -> VideoAnalysis_Page_Load 
[ ㅓㅓ 2023-06-14 수요일 09:18:17 707 ] Form1 -> NavigationClick 
[ ㅓㅓ 2023-06-14 수요일 09:18:17 708 ] VideoAnalysis_Page -> PageChange 
[ ㅓㅓ 2023-06-14 수요일 09:18:23 873 ] Form1 -> NavigationClick 
[ ㅓㅓ 2023-06-14 수요일 09:18:26 904 ] Form1 -> NavigationClick 
[ ㅓㅓ 2023-06-14 수요일 09:21:07 844 ] Form1 -> NavigationClick 
[ ㅓㅓ 2023-06-14 수요일 09:21:09 768 ] VideoAnalysis_Page -> FilterClick 
[ ㅓㅓ 2023-06-14 수요일 09:21:10 422 ] VideoAnalysis_Page -> VideoAnalysis_ButtonActions1 
[ ㅓㅓ 2023-06-14 수요일 09:21:10 425 ] VideoAnalysis_Page -> VideoCheck_FileOpen1 
[ ㅓㅓ 2023-06-14 수요일 09:23:18 541 ] Settings_Page -> XMLSave 
[ ㅓㅓ 2023-06-14 수요일 09:23:20 170 ] Form1 -> NavigationClick 
[ ㅓㅓ 2023-06-14 수요일 09:23:20 381 ] VideoAnalysis_Page -> VideoAnalysis_Page_Load 
[ ㅓㅓ 2023-06-14 수요일 09:23:22 503 ] VideoAnalysis_Page -> VideoAnalysis_ButtonActions1 
[ ㅓㅓ 2023-06-14 수요일 09:23:22 521 ] VideoAnalysis_Page -> VideoCheck_FileOpen1 
[ ㅓㅓ 2023-06-14 수요일 09:23:27 607 ] VideoAnalysis_Page -> FilterClick 
[ ㅓㅓ 2023-06-14 수요일 09:23:46 966 ] VideoAnalysis_Page -> VideoAnalysis_ButtonActions1 
[ ㅓㅓ 2023-06-14 수요일 09:23:46 968 ] VideoAnalysis_Page -> VideoCheck_Play1 
[ ㅓㅓ 2023-06-14 수요일 09:23:48 896 ] VideoAnalysis_Page -> VideoAnalysis_ButtonActions1 
[ ㅓㅓ 2023-06-14 수요일 09:23:48 896 ] VideoAnalysis_Page -> VideoCheck_Play1 
[ ㅓㅓ 2023-06-14 수요일 09:23:50 737 ] VideoAnalysis_Page -> VideoAnalysis_ButtonActions1 
[ ㅓㅓ 2023-06-14 수요일 09:23:50 737 ] VideoAnalysis_Page -> VideoCheck_Play1 
[ ㅓㅓ 2023-06-14 수요일 09:23:51 215 ] VideoAnalysis_Page -> VideoAnalysis_ButtonActions1 
[ ㅓㅓ 2023-06-14 수요일 09:23:51 216 ] VideoAnalysis_Page -> VideoCheck_Play1 
[ ㅓㅓ 2023-06-14 수요일 09:23:51 976 ] VideoAnalysis_Page -> VideoAnalysis_ButtonActions1 
[ ㅓㅓ 2023-06-14 수요일 09:23:51 977 ] VideoAnalysis_Page -> VideoCheck_Play1 
[ ㅓㅓ 2023-06-14 수요일 09:23:52 428 ] VideoAnalysis_Page -> VideoAnalysis_ButtonActions1 
[ ㅓㅓ 2023-06-14 수요일 09:23:52 429 ] VideoAnalysis_Page -> VideoCheck_Play1 
[ ㅓㅓ 2023-06-14 수요일 09:23:52 974 ] VideoAnalysis_Page -> VideoAnalysis_ButtonActions1 
[ ㅓㅓ 2023-06-14 수요일 09:23:52 974 ] VideoAnalysis_Page -> VideoCheck_Play1 
[ ㅓㅓ 2023-06-14 수요일 09:23:53 582 ] VideoAnalysis_Page -> VideoAnalysis_ButtonActions1 
[ ㅓㅓ 2023-06-14 수요일 09:23:53 582 ] VideoAnalysis_Page -> VideoCheck_Play1 
[ ㅓㅓ 2023-06-14 수요일 09:23:54 024 ] VideoAnalysis_Page -> VideoAnalysis_ButtonActions1 
[ ㅓㅓ 2023-06-14 수요일 09:23:54 024 ] VideoAnalysis_Page -> VideoCheck_Play1 
[ ㅓㅓ 2023-06-14 수요일 09:23:54 658 ] VideoAnalysis_Page -> VideoAnalysis_ButtonActions1 
[ ㅓㅓ 2023-06-14 수요일 09:23:54 659 ] VideoAnalysis_Page -> VideoCheck_Play1 
[ ㅓㅓ 2023-06-14 수요일 09:23:56 792 ] VideoAnalysis_Page -> VideoAnalysis_ButtonActions1 
[ ㅓㅓ 2023-06-14 수요일 09:23:56 793 ] VideoAnalysis_Page -> VideoCheck_Play1 
[ ㅓㅓ 2023-06-14 수요일 09:23:57 443 ] VideoAnalysis_Page -> VideoAnalysis_ButtonActions1 
[ ㅓㅓ 2023-06-14 수요일 09:23:57 444 ] VideoAnalysis_Page -> VideoCheck_Play1 
[ ㅓㅓ 2023-06-14 수요일 09:59:01 354 ] Form1 -> NavigationClick 
[ ㅓㅓ 2023-06-14 수요일 09:59:01 357 ] VideoAnalysis_Page -> PageChange 
[ ㅓㅓ 2023-06-14 수요일 09:59:05 281 ] RealTimeView_Page -> RealTimeView_ButtonActions 
[ ㅓㅓ 2023-06-14 수요일 09:59:05 284 ] RealTimeView_Page -> ImageSaveAction 
[ ㅓㅓ 2023-06-14 수요일 09:59:05 286 ] RealTimeView_Page -> FolderPath 
[ ㅓㅓ 2023-06-14 수요일 09:59:05 308 ] RealTimeView_Page -> FolderPath 
[ ㅓㅓ 2023-06-14 수요일 10:01:25 067 ] RealTimeView_Page -> FolderPath 
[ ㅓㅓ 2023-06-14 수요일 10:01:39 610 ] RealTimeView_Page -> FolderPath 
[ ㅓㅓ 2023-06-14 수요일 10:01:52 802 ] RealTimeView_Page -> FolderPath 
[ ㅓㅓ 2023-06-14 수요일 10:02:37 181 ] RealTimeView_Page -> ImageSaveAction 개체 참조가 개체의 인스턴스로 설정되지 않았습니다.
[ ㅓㅓ 2023-06-14 수요일 10:02:45 261 ] Form1 -> Form1_FormClosing 
[ ㅓㅓ 2023-06-14 수요일 10:02:45 265 ] RealTimeView_Page -> CameraClose 
[ ㅓㅓ 2023-06-14 수요일 10:02:45 266 ] CameraControl -> Stop 
[ ㅓㅓ 2023-06-14 수요일 10:02:45 393 ] CameraControl -> Close 
[ ㅓㅓ 2023-06-14 수요일 10:02:45 443 ] CameraControl -> Stop 
[ ㅓㅓ 2023-06-14 수요일 10:02:45 443 ] CameraControl -> Close 
[ ㅓㅓ 2023-06-14 수요일 10:02:45 444 ] CameraControl -> Stop 
[ ㅓㅓ 2023-06-14 수요일 10:02:45 444 ] CameraControl -> Close 
[ ㅓㅓ 2023-06-14 수요일 10:02:45 445 ] VideoCheck_Page -> VideoClose 
[ ㅓㅓ 2023-06-14 수요일 10:02:45 446 ] VideoAnalysis_Page -> VideoClose 
[ ㅓㅓ 2023-06-14 수요일 10:03:09 712 ] Settings_Page -> XMLSave 
[ ㅓㅓ 2023-06-14 수요일 10:03:11 145 ] Form1 -> NavigationClick 
[ ㅓㅓ 2023-06-14 수요일 10:03:14 777 ] RealTimeView_Page -> RealTimeView_ButtonActions 
[ ㅓㅓ 2023-06-14 수요일 10:03:14 778 ] RealTimeView_Page -> ImageSaveAction 
[ ㅓㅓ 2023-06-14 수요일 10:03:14 792 ] RealTimeView_Page -> FolderPath 
[ ㅓㅓ 2023-06-14 수요일 10:03:14 824 ] RealTimeView_Page -> FolderPath 
[ ㅓㅓ 2023-06-14 수요일 10:03:20 019 ] RealTimeView_Page -> ImageSaveAction 개체 참조가 개체의 인스턴스로 설정되지 않았습니다.
[ ㅓㅓ 2023-06-14 수요일 10:03:34 658 ] RealTimeView_Page -> RealTimeView_ButtonActions 
[ ㅓㅓ 2023-06-14 수요일 10:03:34 659 ] RealTimeView_Page -> ImageSaveAction 
[ ㅓㅓ 2023-06-14 수요일 10:03:36 314 ] RealTimeView_Page -> FolderPath 
[ ㅓㅓ 2023-06-14 수요일 10:03:38 682 ] RealTimeView_Page -> FolderPath 
[ ㅓㅓ 2023-06-14 수요일 10:03:46 625 ] Form1 -> Form1_FormClosing 
[ ㅓㅓ 2023-06-14 수요일 10:03:46 627 ] RealTimeView_Page -> CameraClose 
[ ㅓㅓ 2023-06-14 수요일 10:03:46 627 ] CameraControl -> Stop 
[ ㅓㅓ 2023-06-14 수요일 10:03:46 712 ] CameraControl -> Close 
[ ㅓㅓ 2023-06-14 수요일 10:03:46 735 ] CameraControl -> Stop 
[ ㅓㅓ 2023-06-14 수요일 10:03:46 735 ] CameraControl -> Close 
[ ㅓㅓ 2023-06-14 수요일 10:03:46 735 ] CameraControl -> Stop 
[ ㅓㅓ 2023-06-14 수요일 10:03:46 736 ] CameraControl -> Close 
[ ㅓㅓ 2023-06-14 수요일 10:03:46 736 ] VideoCheck_Page -> VideoClose 
[ ㅓㅓ 2023-06-14 수요일 10:03:46 737 ] VideoAnalysis_Page -> VideoClose 
[ ㅓㅓ 2023-06-14 수요일 10:03:46 889 ] RealTimeView_Page -> ImageSaveAction 개체 참조가 개체의 인스턴스로 설정되지 않았습니다.
[ ㅓㅓ 2023-06-14 수요일 10:03:46 930 ] CameraControl -> Finalize 
[ ㅓㅓ 2023-06-14 수요일 10:03:46 931 ] CameraControl -> Close 
[ ㅓㅓ 2023-06-14 수요일 10:03:46 935 ] CameraControl -> Finalize 
[ ㅓㅓ 2023-06-14 수요일 10:03:46 936 ] CameraControl -> Close 
[ ㅓㅓ 2023-06-14 수요일 10:03:46 939 ] CameraControl -> Finalize 
[ ㅓㅓ 2023-06-14 수요일 10:03:46 940 ] CameraControl -> Close 
[ ㅓㅓ 2023-06-14 수요일 10:04:01 979 ] Settings_Page -> XMLSave 
[ ㅓㅓ 2023-06-14 수요일 10:04:03 367 ] Form1 -> NavigationClick 
[ ㅓㅓ 2023-06-14 수요일 10:04:05 856 ] RealTimeView_Page -> RealTimeView_ButtonActions 
[ ㅓㅓ 2023-06-14 수요일 10:04:05 857 ] RealTimeView_Page -> ImageSaveAction 
[ ㅓㅓ 2023-06-14 수요일 10:04:07 572 ] RealTimeView_Page -> FolderPath 
[ ㅓㅓ 2023-06-14 수요일 10:04:09 362 ] RealTimeView_Page -> FolderPath 
[ ㅓㅓ 2023-06-14 수요일 10:04:14 757 ] RealTimeView_Page -> ImageSaveAction 개체 참조가 개체의 인스턴스로 설정되지 않았습니다.
[ ㅓㅓ 2023-06-14 수요일 10:04:39 324 ] RealTimeView_Page -> RealTimeView_ButtonActions 
[ ㅓㅓ 2023-06-14 수요일 10:04:39 325 ] RealTimeView_Page -> ImageSaveAction 
[ ㅓㅓ 2023-06-14 수요일 10:04:42 132 ] RealTimeView_Page -> FolderPath 
[ ㅓㅓ 2023-06-14 수요일 10:04:44 362 ] RealTimeView_Page -> FolderPath 
[ ㅓㅓ 2023-06-14 수요일 10:04:49 018 ] RealTimeView_Page -> ImageSaveAction 개체 참조가 개체의 인스턴스로 설정되지 않았습니다.
[ ㅓㅓ 2023-06-14 수요일 10:05:01 151 ] RealTimeView_Page -> RealTimeView_ButtonActions 
[ ㅓㅓ 2023-06-14 수요일 10:05:01 152 ] RealTimeView_Page -> ImageSaveAction 
[ ㅓㅓ 2023-06-14 수요일 10:05:02 814 ] RealTimeView_Page -> FolderPath 
[ ㅓㅓ 2023-06-14 수요일 10:05:02 845 ] RealTimeView_Page -> FolderPath 
[ ㅓㅓ 2023-06-14 수요일 10:05:06 068 ] RealTimeView_Page -> ImageSaveAction 개체 참조가 개체의 인스턴스로 설정되지 않았습니다.
[ ㅓㅓ 2023-06-14 수요일 10:05:07 810 ] RealTimeView_Page -> RealTimeView_ButtonActions 
[ ㅓㅓ 2023-06-14 수요일 10:05:07 811 ] RealTimeView_Page -> ImageSaveAction 
[ ㅓㅓ 2023-06-14 수요일 10:05:07 811 ] RealTimeView_Page -> FolderPath 
[ ㅓㅓ 2023-06-14 수요일 10:05:07 828 ] RealTimeView_Page -> FolderPath 
[ ㅓㅓ 2023-06-14 수요일 10:05:13 636 ] RealTimeView_Page -> ImageSaveAction 개체 참조가 개체의 인스턴스로 설정되지 않았습니다.
[ ㅓㅓ 2023-06-14 수요일 10:05:19 661 ] RealTimeView_Page -> RealTimeView_ButtonActions 
[ ㅓㅓ 2023-06-14 수요일 10:05:19 662 ] RealTimeView_Page -> ImageSaveAction 
[ ㅓㅓ 2023-06-14 수요일 10:05:19 663 ] RealTimeView_Page -> FolderPath 
[ ㅓㅓ 2023-06-14 수요일 10:05:19 687 ] RealTimeView_Page -> FolderPath 
[ ㅓㅓ 2023-06-14 수요일 10:05:23 520 ] RealTimeView_Page -> ImageSaveAction 개체 참조가 개체의 인스턴스로 설정되지 않았습니다.
[ ㅓㅓ 2023-06-14 수요일 10:05:26 914 ] RealTimeView_Page -> RealTimeView_ButtonActions 
[ ㅓㅓ 2023-06-14 수요일 10:05:26 914 ] RealTimeView_Page -> ImageSaveAction 
[ ㅓㅓ 2023-06-14 수요일 10:05:26 914 ] RealTimeView_Page -> FolderPath 
[ ㅓㅓ 2023-06-14 수요일 10:05:26 932 ] RealTimeView_Page -> FolderPath 
[ ㅓㅓ 2023-06-14 수요일 10:05:35 269 ] RealTimeView_Page -> ImageSaveAction 개체 참조가 개체의 인스턴스로 설정되지 않았습니다.
[ ㅓㅓ 2023-06-14 수요일 10:05:37 366 ] RealTimeView_Page -> RealTimeView_ButtonActions 
[ ㅓㅓ 2023-06-14 수요일 10:05:37 367 ] RealTimeView_Page -> ImageSaveAction 
[ ㅓㅓ 2023-06-14 수요일 10:05:37 367 ] RealTimeView_Page -> FolderPath 
[ ㅓㅓ 2023-06-14 수요일 10:05:37 388 ] RealTimeView_Page -> FolderPath 
[ ㅓㅓ 2023-06-14 수요일 10:05:46 068 ] RealTimeView_Page -> ImageSaveAction 개체 참조가 개체의 인스턴스로 설정되지 않았습니다.
[ ㅓㅓ 2023-06-14 수요일 10:05:49 792 ] RealTimeView_Page -> FolderPath 
[ ㅓㅓ 2023-06-14 수요일 10:05:49 824 ] RealTimeView_Page -> FolderPath 
[ ㅓㅓ 2023-06-14 수요일 10:05:52 758 ] RealTimeView_Page -> ImageSaveAction 개체 참조가 개체의 인스턴스로 설정되지 않았습니다.
[ ㅓㅓ 2023-06-14 수요일 10:05:57 132 ] Form1 -> NavigationClick 
[ ㅓㅓ 2023-06-14 수요일 10:05:59 470 ] Settings_Page -> FolderOpen 
[ ㅓㅓ 2023-06-14 수요일 10:08:00 390 ] Form1 -> NavigationClick 
[ ㅓㅓ 2023-06-14 수요일 10:08:00 606 ] VideoAnalysis_Page -> VideoAnalysis_Page_Load 
[ ㅓㅓ 2023-06-14 수요일 10:08:02 896 ] VideoAnalysis_Page -> VideoAnalysis_ButtonActions1 
[ ㅓㅓ 2023-06-14 수요일 10:08:02 900 ] VideoAnalysis_Page -> VideoCheck_FileOpen1 
[ ㅓㅓ 2023-06-14 수요일 10:08:07 219 ] VideoAnalysis_Page -> FilterClick 
[ ㅓㅓ 2023-06-14 수요일 11:02:14 392 ] VideoAnalysis_Page -> VideoAnalysis_ButtonActions1 
[ ㅓㅓ 2023-06-14 수요일 11:02:14 395 ] VideoAnalysis_Page -> VideoCheck_Play1 
[ ㅓㅓ 2023-06-14 수요일 11:02:17 130 ] VideoAnalysis_Page -> VideoAnalysis_ButtonActions1 
[ ㅓㅓ 2023-06-14 수요일 11:02:17 131 ] VideoAnalysis_Page -> VideoCheck_Play1 
[ ㅓㅓ 2023-06-14 수요일 13:07:45 936 ] VideoAnalysis_Page -> FilterClick 
[ ㅓㅓ 2023-06-14 수요일 13:07:48 902 ] VideoAnalysis_Page -> FilterClick 
[ ㅓㅓ 2023-06-14 수요일 13:07:50 479 ] VideoAnalysis_Page -> FilterClick 
[ ㅓㅓ 2023-06-14 수요일 13:08:10 266 ] VideoAnalysis_Page -> FilterClick 
[ ㅓㅓ 2023-06-14 수요일 14:42:25 593 ] VideoAnalysis_Page -> VideoAnalysis_ButtonActions1 
[ ㅓㅓ 2023-06-14 수요일 14:42:25 595 ] VideoAnalysis_Page -> VideoCheck_Play1 
[ ㅓㅓ 2023-06-14 수요일 14:42:28 321 ] VideoAnalysis_Page -> VideoAnalysis_ButtonActions1 
[ ㅓㅓ 2023-06-14 수요일 14:42:28 321 ] VideoAnalysis_Page -> VideoCheck_Play1 
[ ㅓㅓ 2023-06-14 수요일 14:42:29 477 ] VideoAnalysis_Page -> VideoAnalysis_ButtonActions1 
[ ㅓㅓ 2023-06-14 수요일 14:42:29 478 ] VideoAnalysis_Page -> VideoCheck_Play1 
[ ㅓㅓ 2023-06-14 수요일 14:42:30 437 ] VideoAnalysis_Page -> VideoAnalysis_ButtonActions1 
[ ㅓㅓ 2023-06-14 수요일 14:42:30 437 ] VideoAnalysis_Page -> VideoCheck_Play1 
[ ㅓㅓ 2023-06-14 수요일 14:42:31 273 ] VideoAnalysis_Page -> VideoAnalysis_ButtonActions1 
[ ㅓㅓ 2023-06-14 수요일 14:42:31 274 ] VideoAnalysis_Page -> VideoCheck_Play1 
[ ㅓㅓ 2023-06-14 수요일 14:42:31 761 ] VideoAnalysis_Page -> VideoAnalysis_ButtonActions1 
[ ㅓㅓ 2023-06-14 수요일 14:42:31 762 ] VideoAnalysis_Page -> VideoCheck_Play1 
[ ㅓㅓ 2023-06-14 수요일 14:42:32 461 ] VideoAnalysis_Page -> VideoAnalysis_ButtonActions1 
[ ㅓㅓ 2023-06-14 수요일 14:42:32 462 ] VideoAnalysis_Page -> VideoCheck_Play1 
[ ㅓㅓ 2023-06-14 수요일 14:42:32 786 ] VideoAnalysis_Page -> VideoAnalysis_ButtonActions1 
[ ㅓㅓ 2023-06-14 수요일 14:42:32 786 ] VideoAnalysis_Page -> VideoCheck_Play1 
[ ㅓㅓ 2023-06-14 수요일 14:53:35 205 ] VideoAnalysis_Page -> VideoAnalysis_ButtonActions1 
[ ㅓㅓ 2023-06-14 수요일 14:53:35 205 ] VideoAnalysis_Page -> VideoCheck_Play1 
[ ㅓㅓ 2023-06-14 수요일 14:57:38 227 ] VideoAnalysis_Page -> VideoAnalysis_ButtonActions1 
[ ㅓㅓ 2023-06-14 수요일 14:57:38 228 ] VideoAnalysis_Page -> VideoCheck_Play1 
[ ㅓㅓ 2023-06-14 수요일 14:57:39 009 ] VideoAnalysis_Page -> VideoAnalysis_ButtonActions1 
[ ㅓㅓ 2023-06-14 수요일 14:57:39 009 ] VideoAnalysis_Page -> VideoCheck_Play1 
[ ㅓㅓ 2023-06-14 수요일 14:57:39 302 ] VideoAnalysis_Page -> VideoAnalysis_ButtonActions1 
[ ㅓㅓ 2023-06-14 수요일 14:57:39 303 ] VideoAnalysis_Page -> VideoCheck_Play1 
[ ㅓㅓ 2023-06-14 수요일 14:57:39 927 ] VideoAnalysis_Page -> VideoAnalysis_ButtonActions1 
[ ㅓㅓ 2023-06-14 수요일 14:57:39 927 ] VideoAnalysis_Page -> VideoCheck_Play1 
[ ㅓㅓ 2023-06-14 수요일 14:57:40 208 ] VideoAnalysis_Page -> VideoAnalysis_ButtonActions1 
[ ㅓㅓ 2023-06-14 수요일 14:57:40 208 ] VideoAnalysis_Page -> VideoCheck_Play1 
[ ㅓㅓ 2023-06-14 수요일 14:58:15 542 ] VideoAnalysis_Page -> VideoAnalysis_ButtonActions1 
[ ㅓㅓ 2023-06-14 수요일 14:58:15 544 ] VideoAnalysis_Page -> VideoCheck_Play1 
[ ㅓㅓ 2023-06-14 수요일 14:58:36 587 ] VideoAnalysis_Page -> VideoAnalysis_ButtonActions1 
[ ㅓㅓ 2023-06-14 수요일 14:58:36 587 ] VideoAnalysis_Page -> VideoCheck_Play1 
[ ㅓㅓ 2023-06-14 수요일 16:07:03 228 ] VideoAnalysis_Page -> VideoAnalysis_ButtonActions1 
[ ㅓㅓ 2023-06-14 수요일 16:07:03 230 ] VideoAnalysis_Page -> VideoCheck_Play1 
[ ㅓㅓ 2023-06-14 수요일 16:07:15 334 ] VideoAnalysis_Page -> VideoAnalysis_ButtonActions1 
[ ㅓㅓ 2023-06-14 수요일 16:07:15 335 ] VideoAnalysis_Page -> VideoCheck_Play1 
[ ㅓㅓ 2023-06-14 수요일 16:07:15 979 ] VideoAnalysis_Page -> VideoAnalysis_ButtonActions1 
[ ㅓㅓ 2023-06-14 수요일 16:07:15 980 ] VideoAnalysis_Page -> VideoCheck_Play1 
[ ㅓㅓ 2023-06-14 수요일 16:07:16 570 ] VideoAnalysis_Page -> VideoAnalysis_ButtonActions1 
[ ㅓㅓ 2023-06-14 수요일 16:07:16 571 ] VideoAnalysis_Page -> VideoCheck_Play1 
[ ㅓㅓ 2023-06-14 수요일 16:07:17 581 ] VideoAnalysis_Page -> VideoAnalysis_ButtonActions1 
[ ㅓㅓ 2023-06-14 수요일 16:07:17 582 ] VideoAnalysis_Page -> VideoCheck_Play1 
[ ㅓㅓ 2023-06-14 수요일 16:07:17 841 ] VideoAnalysis_Page -> VideoAnalysis_ButtonActions1 
[ ㅓㅓ 2023-06-14 수요일 16:07:17 842 ] VideoAnalysis_Page -> VideoCheck_Play1 
[ ㅓㅓ 2023-06-14 수요일 16:07:18 483 ] VideoAnalysis_Page -> VideoAnalysis_ButtonActions1 
[ ㅓㅓ 2023-06-14 수요일 16:07:18 483 ] VideoAnalysis_Page -> VideoCheck_Play1 
[ ㅓㅓ 2023-06-14 수요일 16:07:18 780 ] VideoAnalysis_Page -> VideoAnalysis_ButtonActions1 
[ ㅓㅓ 2023-06-14 수요일 16:07:18 781 ] VideoAnalysis_Page -> VideoCheck_Play1 
[ ㅓㅓ 2023-06-14 수요일 16:07:19 383 ] VideoAnalysis_Page -> VideoAnalysis_ButtonActions1 
[ ㅓㅓ 2023-06-14 수요일 16:07:19 383 ] VideoAnalysis_Page -> VideoCheck_Play1 
[ ㅓㅓ 2023-06-14 수요일 16:07:19 858 ] VideoAnalysis_Page -> VideoAnalysis_ButtonActions1 
[ ㅓㅓ 2023-06-14 수요일 16:07:19 859 ] VideoAnalysis_Page -> VideoCheck_Play1 
[ ㅓㅓ 2023-06-14 수요일 16:07:21 874 ] VideoAnalysis_Page -> FilterClick 
[ ㅓㅓ 2023-06-14 수요일 16:07:30 257 ] VideoAnalysis_Page -> FilterClick 
[ ㅓㅓ 2023-06-14 수요일 16:09:00 164 ] VideoAnalysis_Page -> VideoAnalysis_ButtonActions1 
[ ㅓㅓ 2023-06-14 수요일 16:09:00 166 ] VideoAnalysis_Page -> VideoCheck_Play1 
[ ㅓㅓ 2023-06-14 수요일 16:15:27 024 ] VideoAnalysis_Page -> FilterSet 인덱스가 범위를 벗어났습니다. 인덱스는 음수가 아니어야 하며 컬렉션의 크기보다 작아야 합니다.
매개 변수 이름: index
[ ㅓㅓ 2023-06-14 수요일 16:15:28 226 ] VideoAnalysis_Page -> FilterSet 인덱스가 범위를 벗어났습니다. 인덱스는 음수가 아니어야 하며 컬렉션의 크기보다 작아야 합니다.
매개 변수 이름: index
[ ㅓㅓ 2023-06-14 수요일 16:15:30 631 ] VideoAnalysis_Page -> FilterSet 인덱스가 범위를 벗어났습니다. 인덱스는 음수가 아니어야 하며 컬렉션의 크기보다 작아야 합니다.
매개 변수 이름: index
[ ㅓㅓ 2023-06-14 수요일 16:15:31 404 ] VideoAnalysis_Page -> FilterSet 인덱스가 범위를 벗어났습니다. 인덱스는 음수가 아니어야 하며 컬렉션의 크기보다 작아야 합니다.
매개 변수 이름: index
[ ㅓㅓ 2023-06-14 수요일 16:15:31 851 ] VideoAnalysis_Page -> FilterSet 인덱스가 범위를 벗어났습니다. 인덱스는 음수가 아니어야 하며 컬렉션의 크기보다 작아야 합니다.
매개 변수 이름: index
[ ㅓㅓ 2023-06-14 수요일 16:15:32 364 ] VideoAnalysis_Page -> VideoAnalysis_ButtonActions1 
[ ㅓㅓ 2023-06-14 수요일 16:15:32 364 ] VideoAnalysis_Page -> VideoCheck_Play1 
[ ㅓㅓ 2023-06-14 수요일 16:15:35 254 ] VideoAnalysis_Page -> VideoAnalysis_ButtonActions1 
[ ㅓㅓ 2023-06-14 수요일 16:15:35 255 ] VideoAnalysis_Page -> VideoCheck_Play1 
[ ㅓㅓ 2023-06-14 수요일 16:15:35 357 ] VideoAnalysis_Page -> FilterSet 인덱스가 범위를 벗어났습니다. 인덱스는 음수가 아니어야 하며 컬렉션의 크기보다 작아야 합니다.
매개 변수 이름: index
[ ㅓㅓ 2023-06-14 수요일 16:15:35 817 ] VideoAnalysis_Page -> FilterSet 인덱스가 범위를 벗어났습니다. 인덱스는 음수가 아니어야 하며 컬렉션의 크기보다 작아야 합니다.
매개 변수 이름: index
[ ㅓㅓ 2023-06-14 수요일 16:15:35 850 ] VideoAnalysis_Page -> VideoAnalysis_ButtonActions1 
[ ㅓㅓ 2023-06-14 수요일 16:15:35 850 ] VideoAnalysis_Page -> VideoCheck_Play1 
[ ㅓㅓ 2023-06-14 수요일 16:16:02 411 ] VideoAnalysis_Page -> VideoAnalysis_ButtonActions1 
[ ㅓㅓ 2023-06-14 수요일 16:16:02 411 ] VideoAnalysis_Page -> VideoCheck_Play1 
[ ㅓㅓ 2023-06-14 수요일 16:16:38 742 ] VideoAnalysis_Page -> FilterSet 인덱스가 범위를 벗어났습니다. 인덱스는 음수가 아니어야 하며 컬렉션의 크기보다 작아야 합니다.
매개 변수 이름: index
[ ㅓㅓ 2023-06-14 수요일 16:20:23 727 ] VideoAnalysis_Page -> FilterSet 인덱스가 범위를 벗어났습니다. 인덱스는 음수가 아니어야 하며 컬렉션의 크기보다 작아야 합니다.
매개 변수 이름: index
[ ㅓㅓ 2023-06-14 수요일 16:20:24 974 ] VideoAnalysis_Page -> FilterSet 인덱스가 범위를 벗어났습니다. 인덱스는 음수가 아니어야 하며 컬렉션의 크기보다 작아야 합니다.
매개 변수 이름: index
[ ㅓㅓ 2023-06-14 수요일 16:20:25 278 ] VideoAnalysis_Page -> FilterSet 인덱스가 범위를 벗어났습니다. 인덱스는 음수가 아니어야 하며 컬렉션의 크기보다 작아야 합니다.
매개 변수 이름: index
[ ㅓㅓ 2023-06-14 수요일 16:20:26 196 ] VideoAnalysis_Page -> FilterSet 인덱스가 범위를 벗어났습니다. 인덱스는 음수가 아니어야 하며 컬렉션의 크기보다 작아야 합니다.
매개 변수 이름: index
[ ㅓㅓ 2023-06-14 수요일 16:20:26 792 ] VideoAnalysis_Page -> FilterSet 인덱스가 범위를 벗어났습니다. 인덱스는 음수가 아니어야 하며 컬렉션의 크기보다 작아야 합니다.
매개 변수 이름: index
[ ㅓㅓ 2023-06-14 수요일 16:20:26 942 ] VideoAnalysis_Page -> FilterSet 인덱스가 범위를 벗어났습니다. 인덱스는 음수가 아니어야 하며 컬렉션의 크기보다 작아야 합니다.
매개 변수 이름: index
[ ㅓㅓ 2023-06-14 수요일 16:20:28 208 ] VideoAnalysis_Page -> VideoAnalysis_ButtonActions1 
[ ㅓㅓ 2023-06-14 수요일 16:20:28 212 ] VideoAnalysis_Page -> VideoCheck_Play1 
[ ㅓㅓ 2023-06-14 수요일 16:20:29 398 ] VideoAnalysis_Page -> VideoAnalysis_ButtonActions1 
[ ㅓㅓ 2023-06-14 수요일 16:20:29 399 ] VideoAnalysis_Page -> VideoCheck_Play1 
[ ㅓㅓ 2023-06-14 수요일 16:20:29 686 ] VideoAnalysis_Page -> VideoAnalysis_ButtonActions1 
[ ㅓㅓ 2023-06-14 수요일 16:20:29 686 ] VideoAnalysis_Page -> VideoCheck_Play1 
[ ㅓㅓ 2023-06-14 수요일 16:20:30 304 ] VideoAnalysis_Page -> VideoAnalysis_ButtonActions1 
[ ㅓㅓ 2023-06-14 수요일 16:20:30 304 ] VideoAnalysis_Page -> VideoCheck_Play1 
[ ㅓㅓ 2023-06-14 수요일 16:20:30 715 ] VideoAnalysis_Page -> FilterSet 인덱스가 범위를 벗어났습니다. 인덱스는 음수가 아니어야 하며 컬렉션의 크기보다 작아야 합니다.
매개 변수 이름: index
[ ㅓㅓ 2023-06-14 수요일 16:20:30 748 ] VideoAnalysis_Page -> VideoAnalysis_ButtonActions1 
[ ㅓㅓ 2023-06-14 수요일 16:20:30 748 ] VideoAnalysis_Page -> VideoCheck_Play1 
[ ㅓㅓ 2023-06-14 수요일 16:20:41 542 ] VideoAnalysis_Page -> VideoAnalysis_ButtonActions1 
[ ㅓㅓ 2023-06-14 수요일 16:20:41 543 ] VideoAnalysis_Page -> VideoCheck_Play1 
[ ㅓㅓ 2023-06-14 수요일 16:22:55 113 ] VideoAnalysis_Page -> FilterSet 인덱스가 범위를 벗어났습니다. 인덱스는 음수가 아니어야 하며 컬렉션의 크기보다 작아야 합니다.
매개 변수 이름: index
[ ㅓㅓ 2023-06-14 수요일 16:22:55 277 ] VideoAnalysis_Page -> FilterSet 인덱스가 범위를 벗어났습니다. 인덱스는 음수가 아니어야 하며 컬렉션의 크기보다 작아야 합니다.
매개 변수 이름: index
[ ㅓㅓ 2023-06-14 수요일 16:22:55 590 ] VideoAnalysis_Page -> FilterSet 인덱스가 범위를 벗어났습니다. 인덱스는 음수가 아니어야 하며 컬렉션의 크기보다 작아야 합니다.
매개 변수 이름: index
[ ㅓㅓ 2023-06-14 수요일 16:22:56 689 ] VideoAnalysis_Page -> FilterSet 인덱스가 범위를 벗어났습니다. 인덱스는 음수가 아니어야 하며 컬렉션의 크기보다 작아야 합니다.
매개 변수 이름: index
[ ㅓㅓ 2023-06-14 수요일 16:22:57 030 ] VideoAnalysis_Page -> VideoAnalysis_ButtonActions1 
[ ㅓㅓ 2023-06-14 수요일 16:22:57 031 ] VideoAnalysis_Page -> VideoCheck_Play1 
[ ㅓㅓ 2023-06-14 수요일 16:23:19 648 ] VideoAnalysis_Page -> VideoAnalysis_ButtonActions1 
[ ㅓㅓ 2023-06-14 수요일 16:23:19 649 ] VideoAnalysis_Page -> VideoCheck_Play1 
[ ㅓㅓ 2023-06-14 수요일 16:23:47 525 ] VideoAnalysis_Page -> VideoAnalysis_ButtonActions1 
[ ㅓㅓ 2023-06-14 수요일 16:23:47 525 ] VideoAnalysis_Page -> VideoCheck_Play1 
[ ㅓㅓ 2023-06-14 수요일 16:25:28 797 ] VideoAnalysis_Page -> VideoAnalysis_ButtonActions1 
[ ㅓㅓ 2023-06-14 수요일 16:25:28 797 ] VideoAnalysis_Page -> VideoCheck_Play1 
[ ㅓㅓ 2023-06-14 수요일 16:42:09 958 ] Settings_Page -> XMLSave 
[ ㅓㅓ 2023-06-14 수요일 16:42:11 488 ] Form1 -> NavigationClick 
[ ㅓㅓ 2023-06-14 수요일 16:42:11 710 ] VideoAnalysis_Page -> VideoAnalysis_Page_Load 
[ ㅓㅓ 2023-06-14 수요일 16:42:13 659 ] VideoAnalysis_Page -> VideoAnalysis_ButtonActions1 
[ ㅓㅓ 2023-06-14 수요일 16:42:13 736 ] VideoAnalysis_Page -> VideoCheck_FileOpen1 
[ ㅓㅓ 2023-06-14 수요일 16:42:20 312 ] VideoAnalysis_Page -> VideoAnalysis_ButtonActions1 
[ ㅓㅓ 2023-06-14 수요일 16:42:20 314 ] VideoAnalysis_Page -> VideoCheck_Play1 
[ ㅓㅓ 2023-06-14 수요일 16:42:21 625 ] VideoAnalysis_Page -> FilterClick 
[ ㅓㅓ 2023-06-14 수요일 16:42:26 853 ] VideoAnalysis_Page -> VideoAnalysis_ButtonActions1 
[ ㅓㅓ 2023-06-14 수요일 16:42:26 855 ] VideoAnalysis_Page -> VideoCheck_Play1 
[ ㅓㅓ 2023-06-14 수요일 16:42:28 057 ] VideoAnalysis_Page -> VideoAnalysis_ButtonActions1 
[ ㅓㅓ 2023-06-14 수요일 16:42:28 058 ] VideoAnalysis_Page -> VideoCheck_Play1 
[ ㅓㅓ 2023-06-14 수요일 16:42:28 545 ] VideoAnalysis_Page -> VideoAnalysis_ButtonActions1 
[ ㅓㅓ 2023-06-14 수요일 16:42:28 545 ] VideoAnalysis_Page -> VideoCheck_Play1 
[ ㅓㅓ 2023-06-14 수요일 16:42:29 159 ] VideoAnalysis_Page -> VideoAnalysis_ButtonActions1 
[ ㅓㅓ 2023-06-14 수요일 16:42:29 159 ] VideoAnalysis_Page -> VideoCheck_Play1 
[ ㅓㅓ 2023-06-14 수요일 16:42:29 486 ] VideoAnalysis_Page -> VideoAnalysis_ButtonActions1 
[ ㅓㅓ 2023-06-14 수요일 16:42:29 490 ] VideoAnalysis_Page -> VideoCheck_Play1 
[ ㅓㅓ 2023-06-14 수요일 16:42:30 135 ] VideoAnalysis_Page -> VideoAnalysis_ButtonActions1 
[ ㅓㅓ 2023-06-14 수요일 16:42:30 136 ] VideoAnalysis_Page -> VideoCheck_Play1 
[ ㅓㅓ 2023-06-14 수요일 16:42:30 602 ] VideoAnalysis_Page -> VideoAnalysis_ButtonActions1 
[ ㅓㅓ 2023-06-14 수요일 16:42:30 602 ] VideoAnalysis_Page -> VideoCheck_Play1 
[ ㅓㅓ 2023-06-14 수요일 16:42:31 515 ] VideoAnalysis_Page -> VideoAnalysis_ButtonActions1 
[ ㅓㅓ 2023-06-14 수요일 16:42:31 515 ] VideoAnalysis_Page -> VideoCheck_Play1 
[ ㅓㅓ 2023-06-14 수요일 16:42:32 014 ] VideoAnalysis_Page -> VideoAnalysis_ButtonActions1 
[ ㅓㅓ 2023-06-14 수요일 16:42:32 015 ] VideoAnalysis_Page -> VideoCheck_Play1 
[ ㅓㅓ 2023-06-14 수요일 16:42:33 939 ] VideoAnalysis_Page -> VideoAnalysis_ButtonActions1 
[ ㅓㅓ 2023-06-14 수요일 16:42:33 940 ] VideoAnalysis_Page -> VideoCheck_Play1 
[ ㅓㅓ 2023-06-14 수요일 16:42:34 409 ] VideoAnalysis_Page -> VideoAnalysis_ButtonActions1 
[ ㅓㅓ 2023-06-14 수요일 16:42:34 409 ] VideoAnalysis_Page -> VideoCheck_Play1 
[ ㅓㅓ 2023-06-14 수요일 16:42:34 849 ] VideoAnalysis_Page -> VideoAnalysis_ButtonActions1 
[ ㅓㅓ 2023-06-14 수요일 16:42:34 849 ] VideoAnalysis_Page -> VideoCheck_Play1 
[ ㅓㅓ 2023-06-14 수요일 16:42:35 383 ] VideoAnalysis_Page -> VideoAnalysis_ButtonActions1 
[ ㅓㅓ 2023-06-14 수요일 16:42:35 383 ] VideoAnalysis_Page -> VideoCheck_Play1 
[ ㅓㅓ 2023-06-14 수요일 16:42:36 463 ] VideoAnalysis_Page -> VideoAnalysis_ButtonActions1 
[ ㅓㅓ 2023-06-14 수요일 16:42:36 463 ] VideoAnalysis_Page -> VideoCheck_Play1 
[ ㅓㅓ 2023-06-14 수요일 16:42:37 267 ] VideoAnalysis_Page -> VideoAnalysis_ButtonActions1 
[ ㅓㅓ 2023-06-14 수요일 16:42:37 268 ] VideoAnalysis_Page -> VideoCheck_Play1 
[ ㅓㅓ 2023-06-14 수요일 16:42:38 115 ] VideoAnalysis_Page -> VideoAnalysis_ButtonActions1 
[ ㅓㅓ 2023-06-14 수요일 16:42:38 116 ] VideoAnalysis_Page -> VideoCheck_Play1 
[ ㅓㅓ 2023-06-14 수요일 16:42:38 714 ] VideoAnalysis_Page -> VideoAnalysis_ButtonActions1 
[ ㅓㅓ 2023-06-14 수요일 16:42:38 715 ] VideoAnalysis_Page -> VideoCheck_Play1 
[ ㅓㅓ 2023-06-14 수요일 16:42:39 317 ] VideoAnalysis_Page -> VideoAnalysis_ButtonActions1 
[ ㅓㅓ 2023-06-14 수요일 16:42:39 318 ] VideoAnalysis_Page -> VideoCheck_Play1 
[ ㅓㅓ 2023-06-14 수요일 16:42:39 777 ] VideoAnalysis_Page -> VideoAnalysis_ButtonActions1 
[ ㅓㅓ 2023-06-14 수요일 16:42:39 778 ] VideoAnalysis_Page -> VideoCheck_Play1 
[ ㅓㅓ 2023-06-14 수요일 16:42:40 275 ] VideoAnalysis_Page -> VideoAnalysis_ButtonActions1 
[ ㅓㅓ 2023-06-14 수요일 16:42:40 276 ] VideoAnalysis_Page -> VideoCheck_Play1 
[ ㅓㅓ 2023-06-14 수요일 16:42:40 755 ] VideoAnalysis_Page -> VideoAnalysis_ButtonActions1 
[ ㅓㅓ 2023-06-14 수요일 16:42:40 756 ] VideoAnalysis_Page -> VideoCheck_Play1 
[ ㅓㅓ 2023-06-14 수요일 16:43:31 989 ] VideoAnalysis_Page -> VideoAnalysis_ButtonActions1 
[ ㅓㅓ 2023-06-14 수요일 16:43:31 990 ] VideoAnalysis_Page -> VideoCheck_Play1 
[ ㅓㅓ 2023-06-14 수요일 16:43:33 188 ] VideoAnalysis_Page -> VideoAnalysis_ButtonActions1 
[ ㅓㅓ 2023-06-14 수요일 16:43:33 188 ] VideoAnalysis_Page -> VideoCheck_Play1 
[ ㅓㅓ 2023-06-14 수요일 16:43:54 685 ] VideoAnalysis_Page -> VideoAnalysis_ButtonActions1 
[ ㅓㅓ 2023-06-14 수요일 16:43:54 686 ] VideoAnalysis_Page -> VideoCheck_Play1 
[ ㅓㅓ 2023-06-14 수요일 16:43:55 134 ] VideoAnalysis_Page -> VideoAnalysis_ButtonActions1 
[ ㅓㅓ 2023-06-14 수요일 16:43:55 135 ] VideoAnalysis_Page -> VideoCheck_Play1 
[ ㅓㅓ 2023-06-14 수요일 16:43:55 491 ] VideoAnalysis_Page -> VideoAnalysis_ButtonActions1 
[ ㅓㅓ 2023-06-14 수요일 16:43:55 492 ] VideoAnalysis_Page -> VideoCheck_Play1 
[ ㅓㅓ 2023-06-14 수요일 16:43:56 062 ] VideoAnalysis_Page -> VideoAnalysis_ButtonActions1 
[ ㅓㅓ 2023-06-14 수요일 16:43:56 062 ] VideoAnalysis_Page -> VideoCheck_Play1 
[ ㅓㅓ 2023-06-14 수요일 16:44:00 873 ] VideoAnalysis_Page -> VideoAnalysis_ButtonActions1 
[ ㅓㅓ 2023-06-14 수요일 16:44:00 874 ] VideoAnalysis_Page -> VideoCheck_Play1 
[ ㅓㅓ 2023-06-14 수요일 16:49:28 521 ] VideoAnalysis_Page -> VideoAnalysis_ButtonActions1 
[ ㅓㅓ 2023-06-14 수요일 16:49:28 521 ] VideoAnalysis_Page -> VideoCheck_Play1 
[ ㅓㅓ 2023-06-14 수요일 16:56:39 006 ] VideoAnalysis_Page -> VideoAnalysis_ButtonActions1 
[ ㅓㅓ 2023-06-14 수요일 16:56:39 007 ] VideoAnalysis_Page -> VideoCheck_Play1 
[ ㅓㅓ 2023-06-14 수요일 16:56:40 649 ] VideoAnalysis_Page -> VideoAnalysis_ButtonActions1 
[ ㅓㅓ 2023-06-14 수요일 16:56:40 650 ] VideoAnalysis_Page -> VideoCheck_Play1 
[ ㅓㅓ 2023-06-14 수요일 16:56:54 187 ] VideoAnalysis_Page -> VideoAnalysis_ButtonActions1 
[ ㅓㅓ 2023-06-14 수요일 16:56:54 187 ] VideoAnalysis_Page -> VideoCheck_Play1 
[ ㅓㅓ 2023-06-14 수요일 16:57:35 164 ] VideoAnalysis_Page -> VideoAnalysis_ButtonActions1 
[ ㅓㅓ 2023-06-14 수요일 16:57:35 165 ] VideoAnalysis_Page -> VideoCheck_Play1 
[ ㅓㅓ 2023-06-14 수요일 16:57:35 896 ] VideoAnalysis_Page -> VideoAnalysis_ButtonActions1 
[ ㅓㅓ 2023-06-14 수요일 16:57:35 897 ] VideoAnalysis_Page -> VideoCheck_Play1 
[ ㅓㅓ 2023-06-14 수요일 16:57:36 363 ] VideoAnalysis_Page -> VideoAnalysis_ButtonActions1 
[ ㅓㅓ 2023-06-14 수요일 16:57:36 367 ] VideoAnalysis_Page -> VideoCheck_Play1 
[ ㅓㅓ 2023-06-14 수요일 16:57:37 052 ] VideoAnalysis_Page -> VideoAnalysis_ButtonActions1 
[ ㅓㅓ 2023-06-14 수요일 16:57:37 053 ] VideoAnalysis_Page -> VideoCheck_Play1 
[ ㅓㅓ 2023-06-14 수요일 16:57:37 938 ] VideoAnalysis_Page -> VideoAnalysis_ButtonActions1 
[ ㅓㅓ 2023-06-14 수요일 16:57:37 939 ] VideoAnalysis_Page -> VideoCheck_Play1 
[ ㅓㅓ 2023-06-14 수요일 16:57:41 984 ] VideoAnalysis_Page -> VideoAnalysis_ButtonActions1 
[ ㅓㅓ 2023-06-14 수요일 16:57:41 985 ] VideoAnalysis_Page -> VideoCheck_Play1 
[ ㅓㅓ 2023-06-14 수요일 16:58:23 125 ] VideoAnalysis_Page -> VideoAnalysis_ButtonActions1 
[ ㅓㅓ 2023-06-14 수요일 16:58:23 128 ] VideoAnalysis_Page -> VideoCheck_Play1 
[ ㅓㅓ 2023-06-14 수요일 17:21:07 607 ] VideoAnalysis_Page -> VideoAnalysis_ButtonActions1 
[ ㅓㅓ 2023-06-14 수요일 17:21:07 608 ] VideoAnalysis_Page -> VideoCheck_Play1 
[ ㅓㅓ 2023-06-14 수요일 17:21:08 345 ] VideoAnalysis_Page -> VideoAnalysis_ButtonActions1 
[ ㅓㅓ 2023-06-14 수요일 17:21:08 345 ] VideoAnalysis_Page -> VideoCheck_Play1 
[ ㅓㅓ 2023-06-14 수요일 17:22:04 161 ] VideoAnalysis_Page -> VideoAnalysis_ButtonActions1 
[ ㅓㅓ 2023-06-14 수요일 17:22:04 162 ] VideoAnalysis_Page -> VideoCheck_Play1 
[ ㅓㅓ 2023-06-14 수요일 17:22:18 385 ] VideoAnalysis_Page -> VideoAnalysis_ButtonActions1 
[ ㅓㅓ 2023-06-14 수요일 17:22:18 385 ] VideoAnalysis_Page -> VideoCheck_Play1 
[ ㅓㅓ 2023-06-14 수요일 17:29:14 897 ] Form1 -> NavigationClick 
[ ㅓㅓ 2023-06-14 수요일 17:29:14 903 ] VideoAnalysis_Page -> PageChange 
[ ㅓㅓ 2023-06-14 수요일 17:29:15 623 ] Form1 -> NavigationClick 
[ ㅓㅓ 2023-06-14 수요일 17:31:32 598 ] VideoAnalysis_Page -> VideoAnalysis_ButtonActions1 
[ ㅓㅓ 2023-06-14 수요일 17:31:32 599 ] VideoAnalysis_Page -> VideoCheck_Play1 
[ ㅓㅓ 2023-06-14 수요일 17:31:35 084 ] VideoAnalysis_Page -> VideoAnalysis_ButtonActions1 
[ ㅓㅓ 2023-06-14 수요일 17:31:35 084 ] VideoAnalysis_Page -> VideoCheck_Play1 
[ ㅓㅓ 2023-06-14 수요일 17:33:45 570 ] VideoAnalysis_Page -> VideoAnalysis_ButtonActions1 
[ ㅓㅓ 2023-06-14 수요일 17:33:45 571 ] VideoAnalysis_Page -> VideoCheck_Play1 
[ ㅓㅓ 2023-06-14 수요일 17:33:59 305 ] VideoAnalysis_Page -> VideoAnalysis_ButtonActions1 
[ ㅓㅓ 2023-06-14 수요일 17:33:59 305 ] VideoAnalysis_Page -> VideoCheck_Play1 
[ ㅓㅓ 2023-06-14 수요일 17:42:45 166 ] VideoAnalysis_Page -> VideoAnalysis_ButtonActions1 
[ ㅓㅓ 2023-06-14 수요일 17:42:45 167 ] VideoAnalysis_Page -> VideoCheck_Play1 
[ ㅓㅓ 2023-06-14 수요일 17:42:46 213 ] VideoAnalysis_Page -> VideoAnalysis_ButtonActions1 
[ ㅓㅓ 2023-06-14 수요일 17:42:46 214 ] VideoAnalysis_Page -> VideoCheck_Play1 
[ ㅓㅓ 2023-06-14 수요일 17:44:13 719 ] VideoAnalysis_Page -> FilterClick 
[ ㅓㅓ 2023-06-14 수요일 17:44:24 925 ] VideoAnalysis_Page -> FilterClick 
[ ㅓㅓ 2023-06-14 수요일 17:44:37 220 ] VideoAnalysis_Page -> FilterClick 
[ ㅓㅓ 2023-06-14 수요일 17:44:55 847 ] VideoAnalysis_Page -> FilterClick 
[ ㅓㅓ 2023-06-14 수요일 17:48:06 130 ] VideoAnalysis_Page -> FilterClick 
[ ㅓㅓ 2023-06-14 수요일 17:48:15 209 ] VideoAnalysis_Page -> FilterClick 
[ ㅓㅓ 2023-06-15 목요일 00:00:00 103 ] Settings_Page -> WorkDayChange 
[ ㅓㅓ 2023-06-15 목요일 00:00:00 105 ] Settings_Page -> XMLSave 
