[  2023-06-28 수요일 09:03:01 518 ] 파일 생성 성공
[ ㅓㅓ 2023-06-28 수요일 09:03:01 517 ] Settings_Page -> XMLSave 
[ ㅓㅓ 2023-06-28 수요일 09:03:03 064 ] Form1 -> NavigationClick 
[ ㅓㅓ 2023-06-28 수요일 09:03:03 185 ] VideoCheck_Page -> VideoCheck_Page_Load 
[ ㅓㅓ 2023-06-28 수요일 09:03:03 532 ] Form1 -> NavigationClick 
[ ㅓㅓ 2023-06-28 수요일 09:03:03 534 ] VideoCheck_Page -> PageChange 
[ ㅓㅓ 2023-06-28 수요일 13:10:03 183 ] Form1 -> NavigationClick 
[ ㅓㅓ 2023-06-28 수요일 13:10:03 448 ] VideoAnalysis_Page -> VideoAnalysis_Page_Load 
[ ㅓㅓ 2023-06-28 수요일 13:10:05 843 ] Form1 -> NavigationClick 
[ ㅓㅓ 2023-06-28 수요일 13:10:05 853 ] VideoAnalysis_Page -> PageChange 
[ ㅓㅓ 2023-06-28 수요일 13:10:11 285 ] Form1 -> NavigationClick 
[ ㅓㅓ 2023-06-28 수요일 13:10:12 747 ] Form1 -> NavigationClick 
[ ㅓㅓ 2023-06-28 수요일 13:10:12 747 ] VideoAnalysis_Page -> PageChange 
[ ㅓㅓ 2023-06-28 수요일 13:10:16 786 ] Form1 -> NavigationClick 
[ ㅓㅓ 2023-06-28 수요일 13:10:18 026 ] Form1 -> NavigationClick 
[ ㅓㅓ 2023-06-28 수요일 13:10:18 026 ] VideoAnalysis_Page -> PageChange 
[ ㅓㅓ 2023-06-28 수요일 13:10:20 565 ] Form1 -> NavigationClick 
[ ㅓㅓ 2023-06-28 수요일 13:10:21 615 ] Form1 -> NavigationClick 
[ ㅓㅓ 2023-06-28 수요일 13:10:21 616 ] VideoAnalysis_Page -> PageChange 
[ ㅓㅓ 2023-06-28 수요일 13:10:30 127 ] Form1 -> NavigationClick 
[ ㅓㅓ 2023-06-28 수요일 13:10:31 673 ] Form1 -> NavigationClick 
[ ㅓㅓ 2023-06-28 수요일 13:10:31 674 ] VideoAnalysis_Page -> PageChange 
[ ㅓㅓ 2023-06-28 수요일 13:10:32 910 ] Form1 -> NavigationClick 
[ ㅓㅓ 2023-06-28 수요일 13:10:32 911 ] VideoCheck_Page -> PageChange 
[ ㅓㅓ 2023-06-28 수요일 13:10:35 951 ] Form1 -> NavigationClick 
[ ㅓㅓ 2023-06-28 수요일 13:10:37 246 ] Form1 -> NavigationClick 
[ ㅓㅓ 2023-06-28 수요일 13:10:37 246 ] VideoAnalysis_Page -> PageChange 
[ ㅓㅓ 2023-06-28 수요일 13:10:41 977 ] Form1 -> NavigationClick 
[ ㅓㅓ 2023-06-28 수요일 13:20:29 137 ] Form1 -> NavigationClick 
[ ㅓㅓ 2023-06-28 수요일 13:20:29 138 ] VideoAnalysis_Page -> PageChange 
[ ㅓㅓ 2023-06-28 수요일 13:31:32 818 ] Form1 -> NavigationClick 
[ ㅓㅓ 2023-06-28 수요일 13:31:34 840 ] Form1 -> NavigationClick 
[ ㅓㅓ 2023-06-28 수요일 13:31:34 841 ] VideoAnalysis_Page -> PageChange 
[ ㅓㅓ 2023-06-28 수요일 13:31:37 856 ] Form1 -> NavigationClick 
[ ㅓㅓ 2023-06-28 수요일 13:45:03 978 ] Form1 -> NavigationClick 
[ ㅓㅓ 2023-06-28 수요일 13:45:03 979 ] VideoAnalysis_Page -> PageChange 
[ ㅓㅓ 2023-06-28 수요일 13:45:45 391 ] Form1 -> NavigationClick 
[ ㅓㅓ 2023-06-28 수요일 13:45:46 608 ] Form1 -> NavigationClick 
[ ㅓㅓ 2023-06-28 수요일 13:45:46 608 ] VideoAnalysis_Page -> PageChange 
[ ㅓㅓ 2023-06-28 수요일 13:45:53 120 ] Form1 -> NavigationClick 
[ ㅓㅓ 2023-06-28 수요일 13:45:54 741 ] Form1 -> NavigationClick 
[ ㅓㅓ 2023-06-28 수요일 13:45:54 741 ] VideoAnalysis_Page -> PageChange 
[ ㅓㅓ 2023-06-28 수요일 13:46:27 649 ] Form1 -> NavigationClick 
[ ㅓㅓ 2023-06-28 수요일 13:46:28 757 ] Form1 -> NavigationClick 
[ ㅓㅓ 2023-06-28 수요일 13:46:28 759 ] VideoAnalysis_Page -> PageChange 
[ ㅓㅓ 2023-06-28 수요일 13:46:31 032 ] Form1 -> NavigationClick 
[ ㅓㅓ 2023-06-28 수요일 13:46:32 130 ] Form1 -> NavigationClick 
[ ㅓㅓ 2023-06-28 수요일 13:46:32 131 ] VideoAnalysis_Page -> PageChange 
[ ㅓㅓ 2023-06-28 수요일 13:46:34 982 ] Form1 -> NavigationClick 
[ ㅓㅓ 2023-06-28 수요일 13:46:35 896 ] Form1 -> NavigationClick 
[ ㅓㅓ 2023-06-28 수요일 13:46:35 897 ] VideoAnalysis_Page -> PageChange 
[ ㅓㅓ 2023-06-28 수요일 13:46:39 964 ] Form1 -> NavigationClick 
[ ㅓㅓ 2023-06-28 수요일 14:04:57 164 ] Form1 -> NavigationClick 
[ ㅓㅓ 2023-06-28 수요일 14:04:57 165 ] VideoAnalysis_Page -> PageChange 
[ ㅓㅓ 2023-06-28 수요일 14:07:02 929 ] Form1 -> NavigationClick 
[ ㅓㅓ 2023-06-28 수요일 14:07:04 151 ] Form1 -> NavigationClick 
[ ㅓㅓ 2023-06-28 수요일 14:07:04 152 ] VideoAnalysis_Page -> PageChange 
[ ㅓㅓ 2023-06-28 수요일 14:07:07 433 ] Form1 -> NavigationClick 
[ ㅓㅓ 2023-06-28 수요일 14:07:57 160 ] Form1 -> NavigationClick 
[ ㅓㅓ 2023-06-28 수요일 14:07:57 160 ] VideoAnalysis_Page -> PageChange 
[ ㅓㅓ 2023-06-28 수요일 14:08:25 865 ] Form1 -> NavigationClick 
[ ㅓㅓ 2023-06-28 수요일 14:08:27 240 ] Form1 -> NavigationClick 
[ ㅓㅓ 2023-06-28 수요일 14:08:27 240 ] VideoAnalysis_Page -> PageChange 
[ ㅓㅓ 2023-06-28 수요일 14:08:29 563 ] Form1 -> NavigationClick 
[ ㅓㅓ 2023-06-28 수요일 14:08:30 546 ] Form1 -> NavigationClick 
[ ㅓㅓ 2023-06-28 수요일 14:08:30 547 ] VideoAnalysis_Page -> PageChange 
[ ㅓㅓ 2023-06-28 수요일 14:08:33 217 ] Form1 -> NavigationClick 
[ ㅓㅓ 2023-06-28 수요일 14:08:34 362 ] Form1 -> NavigationClick 
[ ㅓㅓ 2023-06-28 수요일 14:08:34 362 ] VideoAnalysis_Page -> PageChange 
[ ㅓㅓ 2023-06-28 수요일 14:08:36 676 ] Form1 -> NavigationClick 
[ ㅓㅓ 2023-06-28 수요일 15:14:15 824 ] Form1 -> NavigationClick 
[ ㅓㅓ 2023-06-28 수요일 15:14:15 826 ] VideoAnalysis_Page -> PageChange 
[ ㅓㅓ 2023-06-28 수요일 16:11:55 386 ] RealTimeView_Page -> PanelClosed 
[ ㅓㅓ 2023-06-28 수요일 16:12:05 835 ] RealTimeView_Page -> PanelDoubleClick 
[ ㅓㅓ 2023-06-28 수요일 18:07:48 164 ] Form1 -> Form1_FormClosing 
[ ㅓㅓ 2023-06-28 수요일 18:07:48 175 ] RealTimeView_Page -> CameraClose 
[ ㅓㅓ 2023-06-28 수요일 18:07:48 346 ] CameraControl -> Stop 
[ ㅓㅓ 2023-06-28 수요일 18:07:48 745 ] CameraControl -> Close 
[ ㅓㅓ 2023-06-28 수요일 18:07:48 815 ] CameraControl -> Stop 
[ ㅓㅓ 2023-06-28 수요일 18:07:48 816 ] CameraControl -> Close 
[ ㅓㅓ 2023-06-28 수요일 18:07:48 816 ] CameraControl -> Stop 
[ ㅓㅓ 2023-06-28 수요일 18:07:48 816 ] CameraControl -> Close 
[ ㅓㅓ 2023-06-28 수요일 18:07:48 818 ] VideoCheck_Page -> VideoClose 
[ ㅓㅓ 2023-06-28 수요일 18:07:48 819 ] VideoAnalysis_Page -> VideoClose 
[ ㅓㅓ 2023-06-28 수요일 18:07:49 417 ] CameraControl -> Finalize 
[ ㅓㅓ 2023-06-28 수요일 18:07:49 418 ] CameraControl -> Close 
[ ㅓㅓ 2023-06-28 수요일 18:07:49 435 ] CameraControl -> Finalize 
[ ㅓㅓ 2023-06-28 수요일 18:07:49 436 ] CameraControl -> Close 
[ ㅓㅓ 2023-06-28 수요일 18:07:49 436 ] CameraControl -> Finalize 
[ ㅓㅓ 2023-06-28 수요일 18:07:49 436 ] CameraControl -> Close 
