[  2023-06-22 목요일 09:12:59 880 ] 파일 생성 성공
[ ㅓㅓ 2023-06-22 목요일 09:12:59 879 ] Settings_Page -> XMLSave 
[ ㅓㅓ 2023-06-22 목요일 09:13:01 726 ] Form1 -> NavigationClick 
[ ㅓㅓ 2023-06-22 목요일 09:13:01 842 ] VideoAnalysis_Page -> VideoAnalysis_Page_Load 
[ ㅓㅓ 2023-06-22 목요일 09:16:00 883 ] Form1 -> Form1_FormClosing 
[ ㅓㅓ 2023-06-22 목요일 09:16:00 889 ] RealTimeView_Page -> CameraClose 
[ ㅓㅓ 2023-06-22 목요일 09:16:00 891 ] CameraControl -> Stop 
[ ㅓㅓ 2023-06-22 목요일 09:16:02 171 ] CameraControl -> Close 
[ ㅓㅓ 2023-06-22 목요일 09:16:02 188 ] CameraControl -> Stop 
[ ㅓㅓ 2023-06-22 목요일 09:16:02 188 ] CameraControl -> Close 
[ ㅓㅓ 2023-06-22 목요일 09:16:02 188 ] CameraControl -> Stop 
[ ㅓㅓ 2023-06-22 목요일 09:16:02 188 ] CameraControl -> Close 
[ ㅓㅓ 2023-06-22 목요일 09:16:02 188 ] VideoCheck_Page -> VideoClose 
[ ㅓㅓ 2023-06-22 목요일 09:16:02 188 ] VideoAnalysis_Page -> VideoClose 
[ ㅓㅓ 2023-06-22 목요일 09:21:12 964 ] Settings_Page -> XMLSave 
[ ㅓㅓ 2023-06-22 목요일 09:21:20 266 ] Settings_Page -> WorkUserReWrite 
[ ㅓㅓ 2023-06-22 목요일 09:21:20 278 ] Settings_Page -> WorkUserChange 
[ ㅓㅓ 2023-06-22 목요일 09:21:20 279 ] Settings_Page -> WorkTargetChange 
[ ㅓㅓ 2023-06-22 목요일 09:21:23 298 ] Settings_Page -> WorkUserChange 
[ ㅓㅓ 2023-06-22 목요일 09:21:23 438 ] Settings_Page -> WorkUserChange 
[ ㅓㅓ 2023-06-22 목요일 09:21:23 440 ] Settings_Page -> WorkUserChange 
[ ㅓㅓ 2023-06-22 목요일 09:21:23 441 ] Settings_Page -> WorkUserChange 
[ ㅓㅓ 2023-06-22 목요일 09:21:23 544 ] Settings_Page -> WorkUserChange 
[ ㅓㅓ 2023-06-22 목요일 09:21:23 551 ] Settings_Page -> WorkUserChange 
[ ㅓㅓ 2023-06-22 목요일 09:21:23 663 ] Settings_Page -> WorkTargetChange 
[ ㅓㅓ 2023-06-22 목요일 09:21:23 797 ] Settings_Page -> WorkTargetChange 
[ ㅓㅓ 2023-06-22 목요일 09:21:23 799 ] Settings_Page -> WorkTargetChange 
[ ㅓㅓ 2023-06-22 목요일 09:21:23 799 ] Settings_Page -> WorkTargetChange 
[ ㅓㅓ 2023-06-22 목요일 09:21:24 110 ] Settings_Page -> WorkTargetChange 
[ ㅓㅓ 2023-06-22 목요일 09:21:24 112 ] Settings_Page -> WorkTargetChange 
[ ㅓㅓ 2023-06-22 목요일 09:21:24 112 ] Settings_Page -> WorkUserSet 
[ ㅓㅓ 2023-06-22 목요일 09:21:24 130 ] Settings_Page -> XMLSave 
[ ㅓㅓ 2023-06-22 목요일 09:21:29 792 ] Form1 -> NavigationClick 
[ ㅓㅓ 2023-06-22 목요일 09:21:29 917 ] VideoAnalysis_Page -> VideoAnalysis_Page_Load 
[ ㅓㅓ 2023-06-22 목요일 09:21:32 701 ] VideoAnalysis_Page -> FilterClick 
[ ㅓㅓ 2023-06-22 목요일 09:21:33 482 ] VideoAnalysis_Page -> VideoAnalysis_ButtonActions1 
[ ㅓㅓ 2023-06-22 목요일 09:21:33 482 ] VideoAnalysis_Page -> VideoCheck_FileOpen1 
[ ㅓㅓ 2023-06-22 목요일 09:21:45 497 ] VideoAnalysis_Page -> VideoAnalysis_ButtonActions1 
[ ㅓㅓ 2023-06-22 목요일 09:21:45 505 ] VideoAnalysis_Page -> VideoCheck_Play1 
[ ㅓㅓ 2023-06-22 목요일 09:32:07 979 ] Settings_Page -> XMLSave 
[ ㅓㅓ 2023-06-22 목요일 09:33:11 386 ] Form1 -> NavigationClick 
[ ㅓㅓ 2023-06-22 목요일 09:33:11 530 ] VideoAnalysis_Page -> VideoAnalysis_Page_Load 
[ ㅓㅓ 2023-06-22 목요일 09:33:13 215 ] VideoAnalysis_Page -> FilterClick 
[ ㅓㅓ 2023-06-22 목요일 09:33:13 795 ] VideoAnalysis_Page -> VideoAnalysis_ButtonActions1 
[ ㅓㅓ 2023-06-22 목요일 09:33:13 795 ] VideoAnalysis_Page -> VideoCheck_FileOpen1 
[ ㅓㅓ 2023-06-22 목요일 09:33:24 786 ] VideoAnalysis_Page -> VideoAnalysis_ButtonActions1 
[ ㅓㅓ 2023-06-22 목요일 09:33:24 790 ] VideoAnalysis_Page -> VideoCheck_Play1 
[ ㅓㅓ 2023-06-22 목요일 09:33:25 692 ] VideoAnalysis_Page -> VideoAnalysis_ButtonActions1 
[ ㅓㅓ 2023-06-22 목요일 09:33:25 697 ] VideoAnalysis_Page -> VideoCheck_Play1 
[ ㅓㅓ 2023-06-22 목요일 11:20:32 239 ] VideoAnalysis_Page -> VideoAnalysis_ButtonActions1 
[ ㅓㅓ 2023-06-22 목요일 11:20:32 241 ] VideoAnalysis_Page -> VideoCheck_Play1 
[ ㅓㅓ 2023-06-22 목요일 11:20:34 430 ] VideoAnalysis_Page -> VideoAnalysis_ButtonActions1 
[ ㅓㅓ 2023-06-22 목요일 11:20:34 430 ] VideoAnalysis_Page -> VideoCheck_Play1 
[ ㅓㅓ 2023-06-22 목요일 13:39:33 072 ] VideoAnalysis_Page -> VideoAnalysis_ButtonActions1 
[ ㅓㅓ 2023-06-22 목요일 13:39:33 072 ] VideoAnalysis_Page -> VideoCheck_Play1 
[ ㅓㅓ 2023-06-22 목요일 13:42:10 569 ] VideoAnalysis_Page -> VideoAnalysis_ButtonActions1 
[ ㅓㅓ 2023-06-22 목요일 13:42:10 576 ] VideoAnalysis_Page -> VideoCheck_Play1 
[ ㅓㅓ 2023-06-22 목요일 13:42:39 212 ] VideoAnalysis_Page -> VideoAnalysis_ButtonActions1 
[ ㅓㅓ 2023-06-22 목요일 13:42:39 212 ] VideoAnalysis_Page -> VideoCheck_Play1 
[ ㅓㅓ 2023-06-22 목요일 13:43:07 146 ] VideoAnalysis_Page -> VideoAnalysis_ButtonActions1 
[ ㅓㅓ 2023-06-22 목요일 13:43:07 146 ] VideoAnalysis_Page -> VideoCheck_Play1 
[ ㅓㅓ 2023-06-22 목요일 13:43:09 568 ] VideoAnalysis_Page -> VideoAnalysis_ButtonActions1 
[ ㅓㅓ 2023-06-22 목요일 13:43:09 571 ] VideoAnalysis_Page -> VideoCheck_Play1 
[ ㅓㅓ 2023-06-22 목요일 14:12:24 533 ] Form1 -> NavigationClick 
[ ㅓㅓ 2023-06-22 목요일 14:12:24 535 ] VideoAnalysis_Page -> PageChange 
[ ㅓㅓ 2023-06-22 목요일 14:12:24 695 ] VideoCheck_Page -> VideoCheck_Page_Load 
[ ㅓㅓ 2023-06-22 목요일 14:12:29 135 ] VideoAnalysis_Page -> PanelClosed 
[ ㅓㅓ 2023-06-22 목요일 14:12:31 791 ] Form1 -> NavigationClick 
[ ㅓㅓ 2023-06-22 목요일 14:12:31 791 ] VideoCheck_Page -> PageChange 
[ ㅓㅓ 2023-06-22 목요일 14:12:34 272 ] VideoAnalysis_Page -> PanelDoubleClick 
[ ㅓㅓ 2023-06-22 목요일 14:12:35 929 ] VideoAnalysis_Page -> PanelClosed 
[ ㅓㅓ 2023-06-22 목요일 14:12:36 881 ] VideoAnalysis_Page -> PanelDoubleClick 
[ ㅓㅓ 2023-06-22 목요일 14:24:24 000 ] VideoAnalysis_Page -> VideoAnalysis_ButtonActions1 
[ ㅓㅓ 2023-06-22 목요일 14:24:24 000 ] VideoAnalysis_Page -> VideoCheck_Play1 
[ ㅓㅓ 2023-06-22 목요일 14:26:00 606 ] Form1 -> NavigationClick 
[ ㅓㅓ 2023-06-22 목요일 14:26:00 606 ] VideoAnalysis_Page -> PageChange 
[ ㅓㅓ 2023-06-22 목요일 14:28:42 912 ] Form1 -> NavigationClick 
[ ㅓㅓ 2023-06-22 목요일 14:29:45 772 ] Form1 -> NavigationClick 
[ ㅓㅓ 2023-06-22 목요일 14:29:45 772 ] VideoAnalysis_Page -> PageChange 
[ ㅓㅓ 2023-06-22 목요일 14:31:32 696 ] RealTimeView_Page -> RealTimeView_ButtonActions 
[ ㅓㅓ 2023-06-22 목요일 14:31:32 703 ] RealTimeView_Page -> VideoSaveAction 
[ ㅓㅓ 2023-06-22 목요일 14:31:32 705 ] RealTimeView_Page -> FolderPath 
[ ㅓㅓ 2023-06-22 목요일 14:31:32 982 ] RealTimeView_Page -> FolderPath 
[ ㅓㅓ 2023-06-22 목요일 14:31:33 113 ] RealTimeView_Page -> FolderPath 
[ ㅓㅓ 2023-06-22 목요일 14:31:37 792 ] RealTimeView_Page -> RealTimeView_ButtonActions 
[ ㅓㅓ 2023-06-22 목요일 14:31:38 383 ] RealTimeView_Page -> FolderPath 
[ ㅓㅓ 2023-06-22 목요일 14:31:40 234 ] Form1 -> NavigationClick 
[ ㅓㅓ 2023-06-22 목요일 14:31:42 027 ] VideoAnalysis_Page -> VideoAnalysis_ButtonActions1 
[ ㅓㅓ 2023-06-22 목요일 14:31:42 027 ] VideoAnalysis_Page -> VideoCheck_FileOpen1 
[ ㅓㅓ 2023-06-22 목요일 14:32:02 843 ] VideoAnalysis_Page -> VideoAnalysis_ButtonActions1 
[ ㅓㅓ 2023-06-22 목요일 14:32:02 851 ] VideoAnalysis_Page -> VideoCheck_Play1 
[ ㅓㅓ 2023-06-22 목요일 14:32:07 843 ] VideoAnalysis_Page -> VideoAnalysis_ButtonActions1 
[ ㅓㅓ 2023-06-22 목요일 14:32:07 843 ] VideoAnalysis_Page -> VideoCheck_Play1 
[ ㅓㅓ 2023-06-22 목요일 14:32:16 995 ] Form1 -> NavigationClick 
[ ㅓㅓ 2023-06-22 목요일 14:32:16 995 ] VideoAnalysis_Page -> PageChange 
[ ㅓㅓ 2023-06-22 목요일 14:32:34 117 ] RealTimeView_Page -> RealTimeView_ButtonActions 
[ ㅓㅓ 2023-06-22 목요일 14:32:34 119 ] RealTimeView_Page -> VideoSaveAction 
[ ㅓㅓ 2023-06-22 목요일 14:32:34 119 ] RealTimeView_Page -> FolderPath 
[ ㅓㅓ 2023-06-22 목요일 14:32:34 275 ] RealTimeView_Page -> FolderPath 
[ ㅓㅓ 2023-06-22 목요일 14:32:34 399 ] RealTimeView_Page -> FolderPath 
[ ㅓㅓ 2023-06-22 목요일 14:32:39 452 ] RealTimeView_Page -> RealTimeView_ButtonActions 
[ ㅓㅓ 2023-06-22 목요일 14:32:40 053 ] RealTimeView_Page -> FolderPath 
[ ㅓㅓ 2023-06-22 목요일 14:32:41 704 ] Form1 -> NavigationClick 
[ ㅓㅓ 2023-06-22 목요일 14:32:43 435 ] VideoAnalysis_Page -> VideoAnalysis_ButtonActions1 
[ ㅓㅓ 2023-06-22 목요일 14:32:43 436 ] VideoAnalysis_Page -> VideoCheck_FileOpen1 
[ ㅓㅓ 2023-06-22 목요일 14:32:51 858 ] VideoAnalysis_Page -> VideoCheck_FileClose1 
[ ㅓㅓ 2023-06-22 목요일 14:33:00 156 ] VideoAnalysis_Page -> VideoAnalysis_ButtonActions1 
[ ㅓㅓ 2023-06-22 목요일 14:33:00 156 ] VideoAnalysis_Page -> VideoCheck_Play1 
[ ㅓㅓ 2023-06-22 목요일 14:33:03 777 ] VideoAnalysis_Page -> VideoAnalysis_ButtonActions1 
[ ㅓㅓ 2023-06-22 목요일 14:33:03 788 ] VideoAnalysis_Page -> VideoCheck_Play1 
[ ㅓㅓ 2023-06-22 목요일 14:33:28 197 ] Form1 -> NavigationClick 
[ ㅓㅓ 2023-06-22 목요일 14:33:28 199 ] VideoAnalysis_Page -> PageChange 
[ ㅓㅓ 2023-06-22 목요일 14:33:52 216 ] RealTimeView_Page -> RealTimeView_ButtonActions 
[ ㅓㅓ 2023-06-22 목요일 14:33:52 219 ] RealTimeView_Page -> VideoSaveAction 
[ ㅓㅓ 2023-06-22 목요일 14:33:52 219 ] RealTimeView_Page -> FolderPath 
[ ㅓㅓ 2023-06-22 목요일 14:33:52 360 ] RealTimeView_Page -> FolderPath 
[ ㅓㅓ 2023-06-22 목요일 14:33:52 495 ] RealTimeView_Page -> FolderPath 
[ ㅓㅓ 2023-06-22 목요일 14:34:05 793 ] RealTimeView_Page -> RealTimeView_ButtonActions 
[ ㅓㅓ 2023-06-22 목요일 14:34:06 394 ] RealTimeView_Page -> FolderPath 
[ ㅓㅓ 2023-06-22 목요일 14:34:10 760 ] Form1 -> NavigationClick 
[ ㅓㅓ 2023-06-22 목요일 14:34:12 643 ] VideoAnalysis_Page -> VideoAnalysis_ButtonActions1 
[ ㅓㅓ 2023-06-22 목요일 14:34:12 643 ] VideoAnalysis_Page -> VideoCheck_FileOpen1 
[ ㅓㅓ 2023-06-22 목요일 14:34:21 045 ] VideoAnalysis_Page -> VideoCheck_FileClose1 
[ ㅓㅓ 2023-06-22 목요일 14:34:23 289 ] VideoAnalysis_Page -> VideoAnalysis_ButtonActions1 
[ ㅓㅓ 2023-06-22 목요일 14:34:23 289 ] VideoAnalysis_Page -> VideoCheck_Play1 
[ ㅓㅓ 2023-06-22 목요일 14:34:52 381 ] Form1 -> NavigationClick 
[ ㅓㅓ 2023-06-22 목요일 14:34:52 393 ] VideoAnalysis_Page -> PageChange 
[ ㅓㅓ 2023-06-22 목요일 14:35:03 260 ] RealTimeView_Page -> RealTimeView_ButtonActions 
[ ㅓㅓ 2023-06-22 목요일 14:35:03 260 ] RealTimeView_Page -> VideoSaveAction 
[ ㅓㅓ 2023-06-22 목요일 14:35:03 260 ] RealTimeView_Page -> FolderPath 
[ ㅓㅓ 2023-06-22 목요일 14:35:03 419 ] RealTimeView_Page -> FolderPath 
[ ㅓㅓ 2023-06-22 목요일 14:35:03 556 ] RealTimeView_Page -> FolderPath 
[ ㅓㅓ 2023-06-22 목요일 14:35:39 932 ] RealTimeView_Page -> RealTimeView_ButtonActions 
[ ㅓㅓ 2023-06-22 목요일 14:35:40 541 ] RealTimeView_Page -> FolderPath 
[ ㅓㅓ 2023-06-22 목요일 14:35:46 059 ] Form1 -> NavigationClick 
[ ㅓㅓ 2023-06-22 목요일 14:35:47 911 ] VideoAnalysis_Page -> VideoAnalysis_ButtonActions1 
[ ㅓㅓ 2023-06-22 목요일 14:35:47 911 ] VideoAnalysis_Page -> VideoCheck_FileOpen1 
[ ㅓㅓ 2023-06-22 목요일 14:35:56 662 ] VideoAnalysis_Page -> FilterSet 인덱스가 범위를 벗어났습니다. 인덱스는 음수가 아니어야 하며 컬렉션의 크기보다 작아야 합니다.
매개 변수 이름: index
[ ㅓㅓ 2023-06-22 목요일 14:35:58 297 ] VideoAnalysis_Page -> VideoAnalysis_ButtonActions1 
[ ㅓㅓ 2023-06-22 목요일 14:35:58 298 ] VideoAnalysis_Page -> VideoCheck_Play1 
[ ㅓㅓ 2023-06-22 목요일 14:39:42 845 ] VideoAnalysis_Page -> FilterSet 인덱스가 범위를 벗어났습니다. 인덱스는 음수가 아니어야 하며 컬렉션의 크기보다 작아야 합니다.
매개 변수 이름: index
[ ㅓㅓ 2023-06-22 목요일 14:40:25 784 ] VideoAnalysis_Page -> FilterSet 인덱스가 범위를 벗어났습니다. 인덱스는 음수가 아니어야 하며 컬렉션의 크기보다 작아야 합니다.
매개 변수 이름: index
[ ㅓㅓ 2023-06-22 목요일 14:40:26 109 ] VideoAnalysis_Page -> FilterSet 인덱스가 범위를 벗어났습니다. 인덱스는 음수가 아니어야 하며 컬렉션의 크기보다 작아야 합니다.
매개 변수 이름: index
[ ㅓㅓ 2023-06-22 목요일 14:40:26 361 ] VideoAnalysis_Page -> FilterSet 인덱스가 범위를 벗어났습니다. 인덱스는 음수가 아니어야 하며 컬렉션의 크기보다 작아야 합니다.
매개 변수 이름: index
[ ㅓㅓ 2023-06-22 목요일 14:40:27 244 ] VideoAnalysis_Page -> FilterSet 인덱스가 범위를 벗어났습니다. 인덱스는 음수가 아니어야 하며 컬렉션의 크기보다 작아야 합니다.
매개 변수 이름: index
[ ㅓㅓ 2023-06-22 목요일 14:40:27 727 ] VideoAnalysis_Page -> FilterSet 인덱스가 범위를 벗어났습니다. 인덱스는 음수가 아니어야 하며 컬렉션의 크기보다 작아야 합니다.
매개 변수 이름: index
[ ㅓㅓ 2023-06-22 목요일 14:40:28 206 ] VideoAnalysis_Page -> FilterSet 인덱스가 범위를 벗어났습니다. 인덱스는 음수가 아니어야 하며 컬렉션의 크기보다 작아야 합니다.
매개 변수 이름: index
[ ㅓㅓ 2023-06-22 목요일 14:40:28 446 ] VideoAnalysis_Page -> FilterSet 인덱스가 범위를 벗어났습니다. 인덱스는 음수가 아니어야 하며 컬렉션의 크기보다 작아야 합니다.
매개 변수 이름: index
[ ㅓㅓ 2023-06-22 목요일 14:40:29 128 ] VideoAnalysis_Page -> FilterSet 인덱스가 범위를 벗어났습니다. 인덱스는 음수가 아니어야 하며 컬렉션의 크기보다 작아야 합니다.
매개 변수 이름: index
[ ㅓㅓ 2023-06-22 목요일 14:40:29 811 ] VideoAnalysis_Page -> FilterSet 인덱스가 범위를 벗어났습니다. 인덱스는 음수가 아니어야 하며 컬렉션의 크기보다 작아야 합니다.
매개 변수 이름: index
[ ㅓㅓ 2023-06-22 목요일 14:40:30 264 ] VideoAnalysis_Page -> FilterSet 인덱스가 범위를 벗어났습니다. 인덱스는 음수가 아니어야 하며 컬렉션의 크기보다 작아야 합니다.
매개 변수 이름: index
[ ㅓㅓ 2023-06-22 목요일 14:40:30 529 ] VideoAnalysis_Page -> FilterSet 인덱스가 범위를 벗어났습니다. 인덱스는 음수가 아니어야 하며 컬렉션의 크기보다 작아야 합니다.
매개 변수 이름: index
[ ㅓㅓ 2023-06-22 목요일 14:40:30 767 ] VideoAnalysis_Page -> FilterSet 인덱스가 범위를 벗어났습니다. 인덱스는 음수가 아니어야 하며 컬렉션의 크기보다 작아야 합니다.
매개 변수 이름: index
[ ㅓㅓ 2023-06-22 목요일 14:40:31 012 ] VideoAnalysis_Page -> FilterSet 인덱스가 범위를 벗어났습니다. 인덱스는 음수가 아니어야 하며 컬렉션의 크기보다 작아야 합니다.
매개 변수 이름: index
[ ㅓㅓ 2023-06-22 목요일 14:40:31 320 ] VideoAnalysis_Page -> FilterSet 인덱스가 범위를 벗어났습니다. 인덱스는 음수가 아니어야 하며 컬렉션의 크기보다 작아야 합니다.
매개 변수 이름: index
[ ㅓㅓ 2023-06-22 목요일 14:40:31 603 ] VideoAnalysis_Page -> FilterSet 인덱스가 범위를 벗어났습니다. 인덱스는 음수가 아니어야 하며 컬렉션의 크기보다 작아야 합니다.
매개 변수 이름: index
[ ㅓㅓ 2023-06-22 목요일 14:41:13 484 ] VideoAnalysis_Page -> VideoAnalysis_ButtonActions1 
[ ㅓㅓ 2023-06-22 목요일 14:41:13 487 ] VideoAnalysis_Page -> VideoCheck_Play1 
[ ㅓㅓ 2023-06-22 목요일 14:41:18 282 ] VideoAnalysis_Page -> VideoAnalysis_ButtonActions1 
[ ㅓㅓ 2023-06-22 목요일 14:41:18 286 ] VideoAnalysis_Page -> VideoCheck_Play1 
[ ㅓㅓ 2023-06-22 목요일 14:41:22 618 ] VideoAnalysis_Page -> VideoAnalysis_ButtonActions1 
[ ㅓㅓ 2023-06-22 목요일 14:41:22 619 ] VideoAnalysis_Page -> VideoCheck_Play1 
[ ㅓㅓ 2023-06-22 목요일 14:41:23 091 ] VideoAnalysis_Page -> VideoAnalysis_ButtonActions1 
[ ㅓㅓ 2023-06-22 목요일 14:41:23 093 ] VideoAnalysis_Page -> VideoCheck_Play1 
[ ㅓㅓ 2023-06-22 목요일 14:41:25 039 ] VideoAnalysis_Page -> VideoAnalysis_ButtonActions1 
[ ㅓㅓ 2023-06-22 목요일 14:41:25 040 ] VideoAnalysis_Page -> VideoCheck_Play1 
[ ㅓㅓ 2023-06-22 목요일 14:41:25 612 ] VideoAnalysis_Page -> VideoAnalysis_ButtonActions1 
[ ㅓㅓ 2023-06-22 목요일 14:41:25 613 ] VideoAnalysis_Page -> VideoCheck_Play1 
[ ㅓㅓ 2023-06-22 목요일 14:41:33 100 ] VideoAnalysis_Page -> VideoAnalysis_ButtonActions1 
[ ㅓㅓ 2023-06-22 목요일 14:41:33 111 ] VideoAnalysis_Page -> VideoCheck_Play1 
[ ㅓㅓ 2023-06-22 목요일 14:41:54 080 ] Form1 -> NavigationClick 
[ ㅓㅓ 2023-06-22 목요일 14:41:54 080 ] VideoAnalysis_Page -> PageChange 
[ ㅓㅓ 2023-06-22 목요일 14:43:05 690 ] RealTimeView_Page -> RealTimeView_ButtonActions 
[ ㅓㅓ 2023-06-22 목요일 14:43:05 690 ] RealTimeView_Page -> VideoSaveAction 
[ ㅓㅓ 2023-06-22 목요일 14:43:05 690 ] RealTimeView_Page -> FolderPath 
[ ㅓㅓ 2023-06-22 목요일 14:43:05 845 ] RealTimeView_Page -> FolderPath 
[ ㅓㅓ 2023-06-22 목요일 14:43:05 995 ] RealTimeView_Page -> FolderPath 
[ ㅓㅓ 2023-06-22 목요일 14:43:28 980 ] RealTimeView_Page -> RealTimeView_ButtonActions 
[ ㅓㅓ 2023-06-22 목요일 14:43:29 578 ] RealTimeView_Page -> FolderPath 
[ ㅓㅓ 2023-06-22 목요일 14:43:32 413 ] Form1 -> NavigationClick 
[ ㅓㅓ 2023-06-22 목요일 14:43:34 570 ] VideoAnalysis_Page -> VideoAnalysis_ButtonActions1 
[ ㅓㅓ 2023-06-22 목요일 14:43:34 570 ] VideoAnalysis_Page -> VideoCheck_FileOpen1 
[ ㅓㅓ 2023-06-22 목요일 14:43:43 128 ] VideoAnalysis_Page -> VideoCheck_FileClose1 
[ ㅓㅓ 2023-06-22 목요일 14:43:48 318 ] VideoAnalysis_Page -> VideoAnalysis_ButtonActions1 
[ ㅓㅓ 2023-06-22 목요일 14:43:48 318 ] VideoAnalysis_Page -> VideoCheck_Play1 
[ ㅓㅓ 2023-06-22 목요일 14:44:19 921 ] VideoAnalysis_Page -> VideoAnalysis_ButtonActions1 
[ ㅓㅓ 2023-06-22 목요일 14:44:19 926 ] VideoAnalysis_Page -> VideoCheck_Play1 
[ ㅓㅓ 2023-06-22 목요일 14:44:58 726 ] Form1 -> NavigationClick 
[ ㅓㅓ 2023-06-22 목요일 14:44:58 726 ] VideoAnalysis_Page -> PageChange 
[ ㅓㅓ 2023-06-22 목요일 14:50:44 826 ] Settings_Page -> XMLSave 
[ ㅓㅓ 2023-06-22 목요일 14:50:46 287 ] Form1 -> NavigationClick 
[ ㅓㅓ 2023-06-22 목요일 14:50:46 406 ] VideoAnalysis_Page -> VideoAnalysis_Page_Load 
[ ㅓㅓ 2023-06-22 목요일 14:50:48 450 ] VideoAnalysis_Page -> FilterClick 
[ ㅓㅓ 2023-06-22 목요일 14:50:48 933 ] VideoAnalysis_Page -> VideoAnalysis_ButtonActions1 
[ ㅓㅓ 2023-06-22 목요일 14:50:48 933 ] VideoAnalysis_Page -> VideoCheck_FileOpen1 
[ ㅓㅓ 2023-06-22 목요일 14:52:51 485 ] Form1 -> NavigationClick 
[ ㅓㅓ 2023-06-22 목요일 14:52:51 493 ] VideoAnalysis_Page -> PageChange 
[ ㅓㅓ 2023-06-22 목요일 14:54:22 652 ] VideoAnalysis_Page -> FilterSet 인덱스가 범위를 벗어났습니다. 인덱스는 음수가 아니어야 하며 컬렉션의 크기보다 작아야 합니다.
매개 변수 이름: index
[ ㅓㅓ 2023-06-22 목요일 14:54:22 774 ] VideoAnalysis_Page -> FilterSet 인덱스가 범위를 벗어났습니다. 인덱스는 음수가 아니어야 하며 컬렉션의 크기보다 작아야 합니다.
매개 변수 이름: index
[ ㅓㅓ 2023-06-22 목요일 14:54:22 937 ] VideoAnalysis_Page -> FilterSet 인덱스가 범위를 벗어났습니다. 인덱스는 음수가 아니어야 하며 컬렉션의 크기보다 작아야 합니다.
매개 변수 이름: index
[ ㅓㅓ 2023-06-22 목요일 14:54:23 145 ] VideoAnalysis_Page -> FilterSet 인덱스가 범위를 벗어났습니다. 인덱스는 음수가 아니어야 하며 컬렉션의 크기보다 작아야 합니다.
매개 변수 이름: index
[ ㅓㅓ 2023-06-22 목요일 14:54:23 282 ] VideoAnalysis_Page -> FilterSet 인덱스가 범위를 벗어났습니다. 인덱스는 음수가 아니어야 하며 컬렉션의 크기보다 작아야 합니다.
매개 변수 이름: index
[ ㅓㅓ 2023-06-22 목요일 14:54:23 411 ] VideoAnalysis_Page -> FilterSet 인덱스가 범위를 벗어났습니다. 인덱스는 음수가 아니어야 하며 컬렉션의 크기보다 작아야 합니다.
매개 변수 이름: index
[ ㅓㅓ 2023-06-22 목요일 14:54:23 568 ] VideoAnalysis_Page -> FilterSet 인덱스가 범위를 벗어났습니다. 인덱스는 음수가 아니어야 하며 컬렉션의 크기보다 작아야 합니다.
매개 변수 이름: index
[ ㅓㅓ 2023-06-22 목요일 14:54:23 751 ] VideoAnalysis_Page -> FilterSet 인덱스가 범위를 벗어났습니다. 인덱스는 음수가 아니어야 하며 컬렉션의 크기보다 작아야 합니다.
매개 변수 이름: index
[ ㅓㅓ 2023-06-22 목요일 14:54:23 876 ] VideoAnalysis_Page -> FilterSet 인덱스가 범위를 벗어났습니다. 인덱스는 음수가 아니어야 하며 컬렉션의 크기보다 작아야 합니다.
매개 변수 이름: index
[ ㅓㅓ 2023-06-22 목요일 14:54:24 165 ] VideoAnalysis_Page -> FilterSet 인덱스가 범위를 벗어났습니다. 인덱스는 음수가 아니어야 하며 컬렉션의 크기보다 작아야 합니다.
매개 변수 이름: index
[ ㅓㅓ 2023-06-22 목요일 14:54:24 291 ] VideoAnalysis_Page -> FilterSet 인덱스가 범위를 벗어났습니다. 인덱스는 음수가 아니어야 하며 컬렉션의 크기보다 작아야 합니다.
매개 변수 이름: index
[ ㅓㅓ 2023-06-22 목요일 14:54:24 491 ] VideoAnalysis_Page -> FilterSet 인덱스가 범위를 벗어났습니다. 인덱스는 음수가 아니어야 하며 컬렉션의 크기보다 작아야 합니다.
매개 변수 이름: index
[ ㅓㅓ 2023-06-22 목요일 14:55:45 397 ] RealTimeView_Page -> RealTimeView_ButtonActions 
[ ㅓㅓ 2023-06-22 목요일 14:55:45 410 ] RealTimeView_Page -> Camera_Info 
[ ㅓㅓ 2023-06-22 목요일 14:56:24 277 ] Form1 -> Form1_FormClosing 
[ ㅓㅓ 2023-06-22 목요일 14:56:24 308 ] RealTimeView_Page -> CameraClose 
[ ㅓㅓ 2023-06-22 목요일 14:56:24 444 ] CameraControl -> Stop 
[ ㅓㅓ 2023-06-22 목요일 14:56:24 537 ] CameraControl -> Close 
[ ㅓㅓ 2023-06-22 목요일 14:56:24 565 ] CameraControl -> Stop 
[ ㅓㅓ 2023-06-22 목요일 14:56:24 565 ] CameraControl -> Close 
[ ㅓㅓ 2023-06-22 목요일 14:56:24 565 ] CameraControl -> Stop 
[ ㅓㅓ 2023-06-22 목요일 14:56:24 565 ] CameraControl -> Close 
[ ㅓㅓ 2023-06-22 목요일 14:56:24 565 ] VideoCheck_Page -> VideoClose 
[ ㅓㅓ 2023-06-22 목요일 14:56:24 565 ] VideoAnalysis_Page -> VideoClose 
[ ㅓㅓ 2023-06-22 목요일 14:56:24 990 ] CameraControl -> Finalize 
[ ㅓㅓ 2023-06-22 목요일 14:56:24 990 ] CameraControl -> Close 
[ ㅓㅓ 2023-06-22 목요일 14:56:24 999 ] CameraControl -> Finalize 
[ ㅓㅓ 2023-06-22 목요일 14:56:24 999 ] CameraControl -> Close 
[ ㅓㅓ 2023-06-22 목요일 14:56:24 999 ] CameraControl -> Finalize 
[ ㅓㅓ 2023-06-22 목요일 14:56:24 999 ] CameraControl -> Close 
[ ㅓㅓ 2023-06-22 목요일 15:17:09 682 ] Settings_Page -> XMLSave 
[ ㅓㅓ 2023-06-22 목요일 15:17:10 615 ] Form1 -> NavigationClick 
[ ㅓㅓ 2023-06-22 목요일 15:17:10 777 ] VideoAnalysis_Page -> VideoAnalysis_Page_Load 
[ ㅓㅓ 2023-06-22 목요일 15:17:13 620 ] VideoAnalysis_Page -> FilterClick 
[ ㅓㅓ 2023-06-22 목요일 15:17:14 309 ] VideoAnalysis_Page -> VideoAnalysis_ButtonActions1 
[ ㅓㅓ 2023-06-22 목요일 15:17:14 311 ] VideoAnalysis_Page -> VideoCheck_FileOpen1 
[ ㅓㅓ 2023-06-22 목요일 15:17:41 393 ] VideoAnalysis_Page -> FilterSet 개체 참조가 개체의 인스턴스로 설정되지 않았습니다.
[ ㅓㅓ 2023-06-22 목요일 15:17:49 251 ] Form1 -> Form1_FormClosing 
[ ㅓㅓ 2023-06-22 목요일 15:17:49 257 ] RealTimeView_Page -> CameraClose 
[ ㅓㅓ 2023-06-22 목요일 15:17:49 259 ] CameraControl -> Stop 
[ ㅓㅓ 2023-06-22 목요일 15:17:49 365 ] CameraControl -> Close 
[ ㅓㅓ 2023-06-22 목요일 15:17:49 386 ] CameraControl -> Stop 
[ ㅓㅓ 2023-06-22 목요일 15:17:49 389 ] CameraControl -> Close 
[ ㅓㅓ 2023-06-22 목요일 15:17:49 389 ] CameraControl -> Stop 
[ ㅓㅓ 2023-06-22 목요일 15:17:49 389 ] CameraControl -> Close 
[ ㅓㅓ 2023-06-22 목요일 15:17:49 390 ] VideoCheck_Page -> VideoClose 
[ ㅓㅓ 2023-06-22 목요일 15:17:49 390 ] VideoAnalysis_Page -> VideoClose 
[ ㅓㅓ 2023-06-22 목요일 15:18:14 429 ] Settings_Page -> XMLSave 
[ ㅓㅓ 2023-06-22 목요일 15:18:15 860 ] Form1 -> NavigationClick 
[ ㅓㅓ 2023-06-22 목요일 15:18:16 021 ] VideoAnalysis_Page -> VideoAnalysis_Page_Load 
[ ㅓㅓ 2023-06-22 목요일 15:18:17 614 ] VideoAnalysis_Page -> FilterClick 
[ ㅓㅓ 2023-06-22 목요일 15:18:18 453 ] VideoAnalysis_Page -> VideoAnalysis_ButtonActions1 
[ ㅓㅓ 2023-06-22 목요일 15:18:18 461 ] VideoAnalysis_Page -> VideoCheck_FileOpen1 
[ ㅓㅓ 2023-06-22 목요일 15:18:32 651 ] VideoAnalysis_Page -> FilterSet 개체 참조가 개체의 인스턴스로 설정되지 않았습니다.
[ ㅓㅓ 2023-06-22 목요일 15:19:01 317 ] Form1 -> Form1_FormClosing 
[ ㅓㅓ 2023-06-22 목요일 15:19:01 322 ] RealTimeView_Page -> CameraClose 
[ ㅓㅓ 2023-06-22 목요일 15:19:01 325 ] CameraControl -> Stop 
[ ㅓㅓ 2023-06-22 목요일 15:19:02 657 ] CameraControl -> Close 
[ ㅓㅓ 2023-06-22 목요일 15:19:02 677 ] CameraControl -> Stop 
[ ㅓㅓ 2023-06-22 목요일 15:19:02 677 ] CameraControl -> Close 
[ ㅓㅓ 2023-06-22 목요일 15:19:02 677 ] CameraControl -> Stop 
[ ㅓㅓ 2023-06-22 목요일 15:19:02 677 ] CameraControl -> Close 
[ ㅓㅓ 2023-06-22 목요일 15:19:02 678 ] VideoCheck_Page -> VideoClose 
[ ㅓㅓ 2023-06-22 목요일 15:19:02 679 ] VideoAnalysis_Page -> VideoClose 
[ ㅓㅓ 2023-06-22 목요일 15:19:02 869 ] CameraControl -> Finalize 
[ ㅓㅓ 2023-06-22 목요일 15:19:02 870 ] CameraControl -> Close 
[ ㅓㅓ 2023-06-22 목요일 15:19:02 874 ] CameraControl -> Finalize 
[ ㅓㅓ 2023-06-22 목요일 15:19:02 875 ] CameraControl -> Close 
[ ㅓㅓ 2023-06-22 목요일 15:19:02 875 ] CameraControl -> Finalize 
[ ㅓㅓ 2023-06-22 목요일 15:19:02 875 ] CameraControl -> Close 
[ ㅓㅓ 2023-06-22 목요일 15:20:50 634 ] Settings_Page -> XMLSave 
[ ㅓㅓ 2023-06-22 목요일 15:20:51 879 ] Form1 -> NavigationClick 
[ ㅓㅓ 2023-06-22 목요일 15:20:52 036 ] VideoAnalysis_Page -> VideoAnalysis_Page_Load 
[ ㅓㅓ 2023-06-22 목요일 15:20:53 707 ] VideoAnalysis_Page -> FilterClick 
[ ㅓㅓ 2023-06-22 목요일 15:20:54 377 ] VideoAnalysis_Page -> VideoAnalysis_ButtonActions1 
[ ㅓㅓ 2023-06-22 목요일 15:20:54 387 ] VideoAnalysis_Page -> VideoCheck_FileOpen1 
[ ㅓㅓ 2023-06-22 목요일 15:21:08 131 ] VideoAnalysis_Page -> VideoAnalysis_ButtonActions1 
[ ㅓㅓ 2023-06-22 목요일 15:21:08 133 ] VideoAnalysis_Page -> VideoCheck_Play1 
[ ㅓㅓ 2023-06-22 목요일 15:21:10 373 ] VideoAnalysis_Page -> VideoAnalysis_ButtonActions1 
[ ㅓㅓ 2023-06-22 목요일 15:21:10 374 ] VideoAnalysis_Page -> VideoCheck_Play1 
[ ㅓㅓ 2023-06-22 목요일 15:21:19 662 ] VideoAnalysis_Page -> VideoAnalysis_ButtonActions1 
[ ㅓㅓ 2023-06-22 목요일 15:21:19 662 ] VideoAnalysis_Page -> VideoCheck_Play1 
[ ㅓㅓ 2023-06-22 목요일 15:21:21 329 ] VideoAnalysis_Page -> VideoAnalysis_ButtonActions1 
[ ㅓㅓ 2023-06-22 목요일 15:21:21 329 ] VideoAnalysis_Page -> VideoCheck_Play1 
[ ㅓㅓ 2023-06-22 목요일 15:21:42 034 ] Form1 -> NavigationClick 
[ ㅓㅓ 2023-06-22 목요일 15:21:42 035 ] VideoAnalysis_Page -> PageChange 
[ ㅓㅓ 2023-06-22 목요일 15:21:47 987 ] Form1 -> NavigationClick 
[ ㅓㅓ 2023-06-22 목요일 15:21:50 346 ] Form1 -> NavigationClick 
[ ㅓㅓ 2023-06-22 목요일 15:21:52 685 ] Form1 -> Form1_FormClosing 
[ ㅓㅓ 2023-06-22 목요일 15:21:52 692 ] RealTimeView_Page -> CameraClose 
[ ㅓㅓ 2023-06-22 목요일 15:21:52 701 ] CameraControl -> Stop 
[ ㅓㅓ 2023-06-22 목요일 15:21:53 084 ] CameraControl -> Close 
[ ㅓㅓ 2023-06-22 목요일 15:21:53 097 ] CameraControl -> Stop 
[ ㅓㅓ 2023-06-22 목요일 15:21:53 097 ] CameraControl -> Close 
[ ㅓㅓ 2023-06-22 목요일 15:21:53 097 ] CameraControl -> Stop 
[ ㅓㅓ 2023-06-22 목요일 15:21:53 097 ] CameraControl -> Close 
[ ㅓㅓ 2023-06-22 목요일 15:21:53 097 ] VideoCheck_Page -> VideoClose 
[ ㅓㅓ 2023-06-22 목요일 15:21:53 097 ] VideoAnalysis_Page -> VideoClose 
[ ㅓㅓ 2023-06-22 목요일 15:21:53 368 ] CameraControl -> Finalize 
[ ㅓㅓ 2023-06-22 목요일 15:21:53 368 ] CameraControl -> Close 
[ ㅓㅓ 2023-06-22 목요일 15:21:53 380 ] CameraControl -> Finalize 
[ ㅓㅓ 2023-06-22 목요일 15:21:53 380 ] CameraControl -> Close 
[ ㅓㅓ 2023-06-22 목요일 15:21:53 381 ] CameraControl -> Finalize 
[ ㅓㅓ 2023-06-22 목요일 15:21:53 381 ] CameraControl -> Close 
[ ㅓㅓ 2023-06-22 목요일 15:24:04 386 ] Settings_Page -> XMLSave 
[ ㅓㅓ 2023-06-22 목요일 15:24:05 734 ] Form1 -> NavigationClick 
[ ㅓㅓ 2023-06-22 목요일 15:24:05 874 ] VideoAnalysis_Page -> VideoAnalysis_Page_Load 
[ ㅓㅓ 2023-06-22 목요일 15:24:07 429 ] VideoAnalysis_Page -> FilterClick 
[ ㅓㅓ 2023-06-22 목요일 15:24:08 301 ] VideoAnalysis_Page -> VideoAnalysis_ButtonActions1 
[ ㅓㅓ 2023-06-22 목요일 15:24:08 318 ] VideoAnalysis_Page -> VideoCheck_FileOpen1 
[ ㅓㅓ 2023-06-22 목요일 15:24:51 218 ] VideoAnalysis_Page -> VideoAnalysis_ButtonActions1 
[ ㅓㅓ 2023-06-22 목요일 15:24:51 219 ] VideoAnalysis_Page -> VideoCheck_Play1 
[ ㅓㅓ 2023-06-22 목요일 15:24:53 529 ] VideoAnalysis_Page -> VideoAnalysis_ButtonActions1 
[ ㅓㅓ 2023-06-22 목요일 15:24:53 529 ] VideoAnalysis_Page -> VideoCheck_Play1 
[ ㅓㅓ 2023-06-22 목요일 15:24:54 700 ] Form1 -> NavigationClick 
[ ㅓㅓ 2023-06-22 목요일 15:24:54 700 ] VideoAnalysis_Page -> PageChange 
[ ㅓㅓ 2023-06-22 목요일 15:26:01 033 ] Form1 -> NavigationClick 
[ ㅓㅓ 2023-06-22 목요일 15:26:18 233 ] Form1 -> NavigationClick 
[ ㅓㅓ 2023-06-22 목요일 15:26:18 234 ] VideoAnalysis_Page -> PageChange 
[ ㅓㅓ 2023-06-22 목요일 15:26:19 917 ] VideoAnalysis_Page -> FilterSet 인덱스가 범위를 벗어났습니다. 인덱스는 음수가 아니어야 하며 컬렉션의 크기보다 작아야 합니다.
매개 변수 이름: index
[ ㅓㅓ 2023-06-22 목요일 15:26:20 083 ] VideoAnalysis_Page -> FilterSet 인덱스가 범위를 벗어났습니다. 인덱스는 음수가 아니어야 하며 컬렉션의 크기보다 작아야 합니다.
매개 변수 이름: index
[ ㅓㅓ 2023-06-22 목요일 15:26:20 536 ] VideoAnalysis_Page -> FilterSet 인덱스가 범위를 벗어났습니다. 인덱스는 음수가 아니어야 하며 컬렉션의 크기보다 작아야 합니다.
매개 변수 이름: index
[ ㅓㅓ 2023-06-22 목요일 15:26:20 758 ] VideoAnalysis_Page -> FilterSet 인덱스가 범위를 벗어났습니다. 인덱스는 음수가 아니어야 하며 컬렉션의 크기보다 작아야 합니다.
매개 변수 이름: index
[ ㅓㅓ 2023-06-22 목요일 15:26:20 961 ] VideoAnalysis_Page -> FilterSet 인덱스가 범위를 벗어났습니다. 인덱스는 음수가 아니어야 하며 컬렉션의 크기보다 작아야 합니다.
매개 변수 이름: index
[ ㅓㅓ 2023-06-22 목요일 15:26:21 194 ] VideoAnalysis_Page -> FilterSet 인덱스가 범위를 벗어났습니다. 인덱스는 음수가 아니어야 하며 컬렉션의 크기보다 작아야 합니다.
매개 변수 이름: index
[ ㅓㅓ 2023-06-22 목요일 15:26:21 377 ] VideoAnalysis_Page -> FilterSet 인덱스가 범위를 벗어났습니다. 인덱스는 음수가 아니어야 하며 컬렉션의 크기보다 작아야 합니다.
매개 변수 이름: index
[ ㅓㅓ 2023-06-22 목요일 15:26:21 651 ] VideoAnalysis_Page -> FilterSet 인덱스가 범위를 벗어났습니다. 인덱스는 음수가 아니어야 하며 컬렉션의 크기보다 작아야 합니다.
매개 변수 이름: index
[ ㅓㅓ 2023-06-22 목요일 15:26:21 871 ] VideoAnalysis_Page -> FilterSet 인덱스가 범위를 벗어났습니다. 인덱스는 음수가 아니어야 하며 컬렉션의 크기보다 작아야 합니다.
매개 변수 이름: index
[ ㅓㅓ 2023-06-22 목요일 15:26:21 918 ] Form1 -> NavigationClick 
[ ㅓㅓ 2023-06-22 목요일 15:26:27 312 ] Form1 -> NavigationClick 
[ ㅓㅓ 2023-06-22 목요일 15:26:27 312 ] VideoAnalysis_Page -> PageChange 
[ ㅓㅓ 2023-06-22 목요일 15:26:50 911 ] Form1 -> Form1_FormClosing 
[ ㅓㅓ 2023-06-22 목요일 15:26:50 921 ] RealTimeView_Page -> CameraClose 
[ ㅓㅓ 2023-06-22 목요일 15:26:51 194 ] CameraControl -> Stop 
[ ㅓㅓ 2023-06-22 목요일 15:26:51 284 ] CameraControl -> Close 
[ ㅓㅓ 2023-06-22 목요일 15:26:51 300 ] CameraControl -> Stop 
[ ㅓㅓ 2023-06-22 목요일 15:26:51 300 ] CameraControl -> Close 
[ ㅓㅓ 2023-06-22 목요일 15:26:51 300 ] CameraControl -> Stop 
[ ㅓㅓ 2023-06-22 목요일 15:26:51 300 ] CameraControl -> Close 
[ ㅓㅓ 2023-06-22 목요일 15:26:51 300 ] VideoCheck_Page -> VideoClose 
[ ㅓㅓ 2023-06-22 목요일 15:26:51 300 ] VideoAnalysis_Page -> VideoClose 
[ ㅓㅓ 2023-06-22 목요일 15:26:51 535 ] CameraControl -> Finalize 
[ ㅓㅓ 2023-06-22 목요일 15:26:51 537 ] CameraControl -> Close 
[ ㅓㅓ 2023-06-22 목요일 15:26:51 538 ] CameraControl -> Finalize 
[ ㅓㅓ 2023-06-22 목요일 15:26:51 538 ] CameraControl -> Close 
[ ㅓㅓ 2023-06-22 목요일 15:26:51 538 ] CameraControl -> Finalize 
[ ㅓㅓ 2023-06-22 목요일 15:26:51 538 ] CameraControl -> Close 
[ ㅓㅓ 2023-06-22 목요일 15:34:11 947 ] Settings_Page -> XMLSave 
[ ㅓㅓ 2023-06-22 목요일 15:34:13 404 ] Form1 -> NavigationClick 
[ ㅓㅓ 2023-06-22 목요일 15:34:13 486 ] VideoCheck_Page -> VideoCheck_Page_Load 
[ ㅓㅓ 2023-06-22 목요일 15:34:14 544 ] Form1 -> NavigationClick 
[ ㅓㅓ 2023-06-22 목요일 15:34:14 546 ] VideoCheck_Page -> PageChange 
[ ㅓㅓ 2023-06-22 목요일 15:34:22 523 ] VideoAnalysis_Page -> FilterSet 인덱스가 범위를 벗어났습니다. 인덱스는 음수가 아니어야 하며 컬렉션의 크기보다 작아야 합니다.
매개 변수 이름: index
[ ㅓㅓ 2023-06-22 목요일 15:34:22 729 ] VideoAnalysis_Page -> FilterSet 인덱스가 범위를 벗어났습니다. 인덱스는 음수가 아니어야 하며 컬렉션의 크기보다 작아야 합니다.
매개 변수 이름: index
[ ㅓㅓ 2023-06-22 목요일 15:34:22 911 ] VideoAnalysis_Page -> FilterSet 인덱스가 범위를 벗어났습니다. 인덱스는 음수가 아니어야 하며 컬렉션의 크기보다 작아야 합니다.
매개 변수 이름: index
[ ㅓㅓ 2023-06-22 목요일 15:34:23 053 ] VideoAnalysis_Page -> FilterSet 인덱스가 범위를 벗어났습니다. 인덱스는 음수가 아니어야 하며 컬렉션의 크기보다 작아야 합니다.
매개 변수 이름: index
[ ㅓㅓ 2023-06-22 목요일 15:34:23 192 ] VideoAnalysis_Page -> FilterSet 인덱스가 범위를 벗어났습니다. 인덱스는 음수가 아니어야 하며 컬렉션의 크기보다 작아야 합니다.
매개 변수 이름: index
[ ㅓㅓ 2023-06-22 목요일 15:34:23 316 ] VideoAnalysis_Page -> FilterSet 인덱스가 범위를 벗어났습니다. 인덱스는 음수가 아니어야 하며 컬렉션의 크기보다 작아야 합니다.
매개 변수 이름: index
[ ㅓㅓ 2023-06-22 목요일 15:34:23 461 ] VideoAnalysis_Page -> FilterSet 인덱스가 범위를 벗어났습니다. 인덱스는 음수가 아니어야 하며 컬렉션의 크기보다 작아야 합니다.
매개 변수 이름: index
[ ㅓㅓ 2023-06-22 목요일 15:34:23 587 ] VideoAnalysis_Page -> FilterSet 인덱스가 범위를 벗어났습니다. 인덱스는 음수가 아니어야 하며 컬렉션의 크기보다 작아야 합니다.
매개 변수 이름: index
[ ㅓㅓ 2023-06-22 목요일 15:34:23 735 ] VideoAnalysis_Page -> FilterSet 인덱스가 범위를 벗어났습니다. 인덱스는 음수가 아니어야 하며 컬렉션의 크기보다 작아야 합니다.
매개 변수 이름: index
[ ㅓㅓ 2023-06-22 목요일 15:34:27 896 ] VideoAnalysis_Page -> FilterSet 인덱스가 범위를 벗어났습니다. 인덱스는 음수가 아니어야 하며 컬렉션의 크기보다 작아야 합니다.
매개 변수 이름: index
[ ㅓㅓ 2023-06-22 목요일 15:34:28 097 ] VideoAnalysis_Page -> FilterSet 인덱스가 범위를 벗어났습니다. 인덱스는 음수가 아니어야 하며 컬렉션의 크기보다 작아야 합니다.
매개 변수 이름: index
[ ㅓㅓ 2023-06-22 목요일 15:34:28 229 ] VideoAnalysis_Page -> FilterSet 인덱스가 범위를 벗어났습니다. 인덱스는 음수가 아니어야 하며 컬렉션의 크기보다 작아야 합니다.
매개 변수 이름: index
[ ㅓㅓ 2023-06-22 목요일 15:34:28 419 ] VideoAnalysis_Page -> FilterSet 인덱스가 범위를 벗어났습니다. 인덱스는 음수가 아니어야 하며 컬렉션의 크기보다 작아야 합니다.
매개 변수 이름: index
[ ㅓㅓ 2023-06-22 목요일 15:34:33 840 ] VideoAnalysis_Page -> FilterSet 인덱스가 범위를 벗어났습니다. 인덱스는 음수가 아니어야 하며 컬렉션의 크기보다 작아야 합니다.
매개 변수 이름: index
[ ㅓㅓ 2023-06-22 목요일 15:34:34 030 ] VideoAnalysis_Page -> FilterSet 인덱스가 범위를 벗어났습니다. 인덱스는 음수가 아니어야 하며 컬렉션의 크기보다 작아야 합니다.
매개 변수 이름: index
[ ㅓㅓ 2023-06-22 목요일 15:34:34 235 ] VideoAnalysis_Page -> FilterSet 인덱스가 범위를 벗어났습니다. 인덱스는 음수가 아니어야 하며 컬렉션의 크기보다 작아야 합니다.
매개 변수 이름: index
[ ㅓㅓ 2023-06-22 목요일 15:34:34 510 ] VideoAnalysis_Page -> FilterSet 인덱스가 범위를 벗어났습니다. 인덱스는 음수가 아니어야 하며 컬렉션의 크기보다 작아야 합니다.
매개 변수 이름: index
[ ㅓㅓ 2023-06-22 목요일 15:35:51 154 ] VideoAnalysis_Page -> FilterSet 인덱스가 범위를 벗어났습니다. 인덱스는 음수가 아니어야 하며 컬렉션의 크기보다 작아야 합니다.
매개 변수 이름: index
[ ㅓㅓ 2023-06-22 목요일 15:35:51 360 ] VideoAnalysis_Page -> FilterSet 인덱스가 범위를 벗어났습니다. 인덱스는 음수가 아니어야 하며 컬렉션의 크기보다 작아야 합니다.
매개 변수 이름: index
[ ㅓㅓ 2023-06-22 목요일 15:35:51 488 ] VideoAnalysis_Page -> FilterSet 인덱스가 범위를 벗어났습니다. 인덱스는 음수가 아니어야 하며 컬렉션의 크기보다 작아야 합니다.
매개 변수 이름: index
[ ㅓㅓ 2023-06-22 목요일 15:35:51 627 ] VideoAnalysis_Page -> FilterSet 인덱스가 범위를 벗어났습니다. 인덱스는 음수가 아니어야 하며 컬렉션의 크기보다 작아야 합니다.
매개 변수 이름: index
[ ㅓㅓ 2023-06-22 목요일 15:35:51 778 ] VideoAnalysis_Page -> FilterSet 인덱스가 범위를 벗어났습니다. 인덱스는 음수가 아니어야 하며 컬렉션의 크기보다 작아야 합니다.
매개 변수 이름: index
[ ㅓㅓ 2023-06-22 목요일 15:35:51 923 ] VideoAnalysis_Page -> FilterSet 인덱스가 범위를 벗어났습니다. 인덱스는 음수가 아니어야 하며 컬렉션의 크기보다 작아야 합니다.
매개 변수 이름: index
[ ㅓㅓ 2023-06-22 목요일 15:35:52 100 ] VideoAnalysis_Page -> FilterSet 인덱스가 범위를 벗어났습니다. 인덱스는 음수가 아니어야 하며 컬렉션의 크기보다 작아야 합니다.
매개 변수 이름: index
[ ㅓㅓ 2023-06-22 목요일 15:35:52 229 ] VideoAnalysis_Page -> FilterSet 인덱스가 범위를 벗어났습니다. 인덱스는 음수가 아니어야 하며 컬렉션의 크기보다 작아야 합니다.
매개 변수 이름: index
[ ㅓㅓ 2023-06-22 목요일 15:36:12 500 ] VideoAnalysis_Page -> FilterSet 인덱스가 범위를 벗어났습니다. 인덱스는 음수가 아니어야 하며 컬렉션의 크기보다 작아야 합니다.
매개 변수 이름: index
[ ㅓㅓ 2023-06-22 목요일 15:36:18 877 ] VideoAnalysis_Page -> FilterSet 인덱스가 범위를 벗어났습니다. 인덱스는 음수가 아니어야 하며 컬렉션의 크기보다 작아야 합니다.
매개 변수 이름: index
[ ㅓㅓ 2023-06-22 목요일 15:36:20 897 ] VideoAnalysis_Page -> FilterSet 인덱스가 범위를 벗어났습니다. 인덱스는 음수가 아니어야 하며 컬렉션의 크기보다 작아야 합니다.
매개 변수 이름: index
[ ㅓㅓ 2023-06-22 목요일 15:38:34 127 ] VideoAnalysis_Page -> FilterSet 인덱스가 범위를 벗어났습니다. 인덱스는 음수가 아니어야 하며 컬렉션의 크기보다 작아야 합니다.
매개 변수 이름: index
[ ㅓㅓ 2023-06-22 목요일 15:39:50 803 ] VideoAnalysis_Page -> FilterSet 인덱스가 범위를 벗어났습니다. 인덱스는 음수가 아니어야 하며 컬렉션의 크기보다 작아야 합니다.
매개 변수 이름: index
[ ㅓㅓ 2023-06-22 목요일 15:39:50 918 ] VideoAnalysis_Page -> FilterSet 인덱스가 범위를 벗어났습니다. 인덱스는 음수가 아니어야 하며 컬렉션의 크기보다 작아야 합니다.
매개 변수 이름: index
[ ㅓㅓ 2023-06-22 목요일 15:39:51 246 ] VideoAnalysis_Page -> FilterSet 인덱스가 범위를 벗어났습니다. 인덱스는 음수가 아니어야 하며 컬렉션의 크기보다 작아야 합니다.
매개 변수 이름: index
[ ㅓㅓ 2023-06-22 목요일 15:39:51 386 ] VideoAnalysis_Page -> FilterSet 인덱스가 범위를 벗어났습니다. 인덱스는 음수가 아니어야 하며 컬렉션의 크기보다 작아야 합니다.
매개 변수 이름: index
[ ㅓㅓ 2023-06-22 목요일 15:39:51 602 ] VideoAnalysis_Page -> FilterSet 인덱스가 범위를 벗어났습니다. 인덱스는 음수가 아니어야 하며 컬렉션의 크기보다 작아야 합니다.
매개 변수 이름: index
[ ㅓㅓ 2023-06-22 목요일 15:39:51 808 ] VideoAnalysis_Page -> FilterSet 인덱스가 범위를 벗어났습니다. 인덱스는 음수가 아니어야 하며 컬렉션의 크기보다 작아야 합니다.
매개 변수 이름: index
[ ㅓㅓ 2023-06-22 목요일 15:52:34 638 ] VideoAnalysis_Page -> FilterSet 인덱스가 범위를 벗어났습니다. 인덱스는 음수가 아니어야 하며 컬렉션의 크기보다 작아야 합니다.
매개 변수 이름: index
[ ㅓㅓ 2023-06-22 목요일 15:52:34 858 ] VideoAnalysis_Page -> FilterSet 인덱스가 범위를 벗어났습니다. 인덱스는 음수가 아니어야 하며 컬렉션의 크기보다 작아야 합니다.
매개 변수 이름: index
[ ㅓㅓ 2023-06-22 목요일 15:52:35 007 ] VideoAnalysis_Page -> FilterSet 인덱스가 범위를 벗어났습니다. 인덱스는 음수가 아니어야 하며 컬렉션의 크기보다 작아야 합니다.
매개 변수 이름: index
[ ㅓㅓ 2023-06-22 목요일 15:56:04 199 ] VideoAnalysis_Page -> FilterSet 인덱스가 범위를 벗어났습니다. 인덱스는 음수가 아니어야 하며 컬렉션의 크기보다 작아야 합니다.
매개 변수 이름: index
[ ㅓㅓ 2023-06-22 목요일 15:57:34 152 ] VideoAnalysis_Page -> FilterSet 인덱스가 범위를 벗어났습니다. 인덱스는 음수가 아니어야 하며 컬렉션의 크기보다 작아야 합니다.
매개 변수 이름: index
[ ㅓㅓ 2023-06-22 목요일 15:58:55 137 ] VideoAnalysis_Page -> FilterSet 인덱스가 범위를 벗어났습니다. 인덱스는 음수가 아니어야 하며 컬렉션의 크기보다 작아야 합니다.
매개 변수 이름: index
[ ㅓㅓ 2023-06-22 목요일 15:58:55 464 ] VideoAnalysis_Page -> FilterSet 인덱스가 범위를 벗어났습니다. 인덱스는 음수가 아니어야 하며 컬렉션의 크기보다 작아야 합니다.
매개 변수 이름: index
[ ㅓㅓ 2023-06-22 목요일 15:58:55 597 ] VideoAnalysis_Page -> FilterSet 인덱스가 범위를 벗어났습니다. 인덱스는 음수가 아니어야 하며 컬렉션의 크기보다 작아야 합니다.
매개 변수 이름: index
[ ㅓㅓ 2023-06-22 목요일 15:58:55 727 ] VideoAnalysis_Page -> FilterSet 인덱스가 범위를 벗어났습니다. 인덱스는 음수가 아니어야 하며 컬렉션의 크기보다 작아야 합니다.
매개 변수 이름: index
[ ㅓㅓ 2023-06-22 목요일 15:58:55 863 ] VideoAnalysis_Page -> FilterSet 인덱스가 범위를 벗어났습니다. 인덱스는 음수가 아니어야 하며 컬렉션의 크기보다 작아야 합니다.
매개 변수 이름: index
[ ㅓㅓ 2023-06-22 목요일 15:58:56 090 ] VideoAnalysis_Page -> FilterSet 인덱스가 범위를 벗어났습니다. 인덱스는 음수가 아니어야 하며 컬렉션의 크기보다 작아야 합니다.
매개 변수 이름: index
[ ㅓㅓ 2023-06-22 목요일 15:58:56 333 ] VideoAnalysis_Page -> FilterSet 인덱스가 범위를 벗어났습니다. 인덱스는 음수가 아니어야 하며 컬렉션의 크기보다 작아야 합니다.
매개 변수 이름: index
[ ㅓㅓ 2023-06-22 목요일 15:58:56 429 ] VideoAnalysis_Page -> FilterSet 인덱스가 범위를 벗어났습니다. 인덱스는 음수가 아니어야 하며 컬렉션의 크기보다 작아야 합니다.
매개 변수 이름: index
[ ㅓㅓ 2023-06-22 목요일 15:58:56 564 ] VideoAnalysis_Page -> FilterSet 인덱스가 범위를 벗어났습니다. 인덱스는 음수가 아니어야 하며 컬렉션의 크기보다 작아야 합니다.
매개 변수 이름: index
[ ㅓㅓ 2023-06-22 목요일 15:58:56 665 ] VideoAnalysis_Page -> FilterSet 인덱스가 범위를 벗어났습니다. 인덱스는 음수가 아니어야 하며 컬렉션의 크기보다 작아야 합니다.
매개 변수 이름: index
[ ㅓㅓ 2023-06-22 목요일 15:58:56 810 ] VideoAnalysis_Page -> FilterSet 인덱스가 범위를 벗어났습니다. 인덱스는 음수가 아니어야 하며 컬렉션의 크기보다 작아야 합니다.
매개 변수 이름: index
[ ㅓㅓ 2023-06-22 목요일 15:58:57 083 ] VideoAnalysis_Page -> FilterSet 인덱스가 범위를 벗어났습니다. 인덱스는 음수가 아니어야 하며 컬렉션의 크기보다 작아야 합니다.
매개 변수 이름: index
[ ㅓㅓ 2023-06-22 목요일 15:58:57 295 ] VideoAnalysis_Page -> FilterSet 인덱스가 범위를 벗어났습니다. 인덱스는 음수가 아니어야 하며 컬렉션의 크기보다 작아야 합니다.
매개 변수 이름: index
[ ㅓㅓ 2023-06-22 목요일 15:58:57 447 ] VideoAnalysis_Page -> FilterSet 인덱스가 범위를 벗어났습니다. 인덱스는 음수가 아니어야 하며 컬렉션의 크기보다 작아야 합니다.
매개 변수 이름: index
[ ㅓㅓ 2023-06-22 목요일 15:58:57 672 ] VideoAnalysis_Page -> FilterSet 인덱스가 범위를 벗어났습니다. 인덱스는 음수가 아니어야 하며 컬렉션의 크기보다 작아야 합니다.
매개 변수 이름: index
[ ㅓㅓ 2023-06-22 목요일 15:58:57 867 ] VideoAnalysis_Page -> FilterSet 인덱스가 범위를 벗어났습니다. 인덱스는 음수가 아니어야 하며 컬렉션의 크기보다 작아야 합니다.
매개 변수 이름: index
[ ㅓㅓ 2023-06-22 목요일 15:58:58 035 ] VideoAnalysis_Page -> FilterSet 인덱스가 범위를 벗어났습니다. 인덱스는 음수가 아니어야 하며 컬렉션의 크기보다 작아야 합니다.
매개 변수 이름: index
[ ㅓㅓ 2023-06-22 목요일 15:58:58 159 ] VideoAnalysis_Page -> FilterSet 인덱스가 범위를 벗어났습니다. 인덱스는 음수가 아니어야 하며 컬렉션의 크기보다 작아야 합니다.
매개 변수 이름: index
[ ㅓㅓ 2023-06-22 목요일 15:58:58 271 ] VideoAnalysis_Page -> FilterSet 인덱스가 범위를 벗어났습니다. 인덱스는 음수가 아니어야 하며 컬렉션의 크기보다 작아야 합니다.
매개 변수 이름: index
[ ㅓㅓ 2023-06-22 목요일 15:58:58 392 ] VideoAnalysis_Page -> FilterSet 인덱스가 범위를 벗어났습니다. 인덱스는 음수가 아니어야 하며 컬렉션의 크기보다 작아야 합니다.
매개 변수 이름: index
[ ㅓㅓ 2023-06-22 목요일 15:58:58 620 ] VideoAnalysis_Page -> FilterSet 인덱스가 범위를 벗어났습니다. 인덱스는 음수가 아니어야 하며 컬렉션의 크기보다 작아야 합니다.
매개 변수 이름: index
[ ㅓㅓ 2023-06-22 목요일 15:58:58 826 ] VideoAnalysis_Page -> FilterSet 인덱스가 범위를 벗어났습니다. 인덱스는 음수가 아니어야 하며 컬렉션의 크기보다 작아야 합니다.
매개 변수 이름: index
[ ㅓㅓ 2023-06-22 목요일 15:58:59 062 ] VideoAnalysis_Page -> FilterSet 인덱스가 범위를 벗어났습니다. 인덱스는 음수가 아니어야 하며 컬렉션의 크기보다 작아야 합니다.
매개 변수 이름: index
[ ㅓㅓ 2023-06-22 목요일 16:02:01 245 ] VideoAnalysis_Page -> FilterSet 인덱스가 범위를 벗어났습니다. 인덱스는 음수가 아니어야 하며 컬렉션의 크기보다 작아야 합니다.
매개 변수 이름: index
[ ㅓㅓ 2023-06-22 목요일 16:02:01 429 ] VideoAnalysis_Page -> FilterSet 인덱스가 범위를 벗어났습니다. 인덱스는 음수가 아니어야 하며 컬렉션의 크기보다 작아야 합니다.
매개 변수 이름: index
[ ㅓㅓ 2023-06-22 목요일 16:02:01 573 ] VideoAnalysis_Page -> FilterSet 인덱스가 범위를 벗어났습니다. 인덱스는 음수가 아니어야 하며 컬렉션의 크기보다 작아야 합니다.
매개 변수 이름: index
[ ㅓㅓ 2023-06-22 목요일 16:02:01 694 ] VideoAnalysis_Page -> FilterSet 인덱스가 범위를 벗어났습니다. 인덱스는 음수가 아니어야 하며 컬렉션의 크기보다 작아야 합니다.
매개 변수 이름: index
[ ㅓㅓ 2023-06-22 목요일 16:03:54 223 ] VideoAnalysis_Page -> FilterSet 인덱스가 범위를 벗어났습니다. 인덱스는 음수가 아니어야 하며 컬렉션의 크기보다 작아야 합니다.
매개 변수 이름: index
[ ㅓㅓ 2023-06-22 목요일 16:03:54 624 ] VideoAnalysis_Page -> FilterSet 인덱스가 범위를 벗어났습니다. 인덱스는 음수가 아니어야 하며 컬렉션의 크기보다 작아야 합니다.
매개 변수 이름: index
[ ㅓㅓ 2023-06-22 목요일 16:03:54 876 ] VideoAnalysis_Page -> FilterSet 인덱스가 범위를 벗어났습니다. 인덱스는 음수가 아니어야 하며 컬렉션의 크기보다 작아야 합니다.
매개 변수 이름: index
[ ㅓㅓ 2023-06-22 목요일 16:03:55 113 ] VideoAnalysis_Page -> FilterSet 인덱스가 범위를 벗어났습니다. 인덱스는 음수가 아니어야 하며 컬렉션의 크기보다 작아야 합니다.
매개 변수 이름: index
[ ㅓㅓ 2023-06-22 목요일 16:03:55 298 ] VideoAnalysis_Page -> FilterSet 인덱스가 범위를 벗어났습니다. 인덱스는 음수가 아니어야 하며 컬렉션의 크기보다 작아야 합니다.
매개 변수 이름: index
[ ㅓㅓ 2023-06-22 목요일 16:03:55 436 ] VideoAnalysis_Page -> FilterSet 인덱스가 범위를 벗어났습니다. 인덱스는 음수가 아니어야 하며 컬렉션의 크기보다 작아야 합니다.
매개 변수 이름: index
[ ㅓㅓ 2023-06-22 목요일 16:03:55 598 ] VideoAnalysis_Page -> FilterSet 인덱스가 범위를 벗어났습니다. 인덱스는 음수가 아니어야 하며 컬렉션의 크기보다 작아야 합니다.
매개 변수 이름: index
[ ㅓㅓ 2023-06-22 목요일 16:05:04 444 ] VideoAnalysis_Page -> FilterSet 인덱스가 범위를 벗어났습니다. 인덱스는 음수가 아니어야 하며 컬렉션의 크기보다 작아야 합니다.
매개 변수 이름: index
[ ㅓㅓ 2023-06-22 목요일 16:05:04 554 ] VideoAnalysis_Page -> FilterSet 인덱스가 범위를 벗어났습니다. 인덱스는 음수가 아니어야 하며 컬렉션의 크기보다 작아야 합니다.
매개 변수 이름: index
[ ㅓㅓ 2023-06-22 목요일 16:05:04 702 ] VideoAnalysis_Page -> FilterSet 인덱스가 범위를 벗어났습니다. 인덱스는 음수가 아니어야 하며 컬렉션의 크기보다 작아야 합니다.
매개 변수 이름: index
[ ㅓㅓ 2023-06-22 목요일 16:05:04 894 ] VideoAnalysis_Page -> FilterSet 인덱스가 범위를 벗어났습니다. 인덱스는 음수가 아니어야 하며 컬렉션의 크기보다 작아야 합니다.
매개 변수 이름: index
[ ㅓㅓ 2023-06-22 목요일 16:05:09 661 ] VideoAnalysis_Page -> FilterSet 인덱스가 범위를 벗어났습니다. 인덱스는 음수가 아니어야 하며 컬렉션의 크기보다 작아야 합니다.
매개 변수 이름: index
[ ㅓㅓ 2023-06-22 목요일 16:05:09 801 ] VideoAnalysis_Page -> FilterSet 인덱스가 범위를 벗어났습니다. 인덱스는 음수가 아니어야 하며 컬렉션의 크기보다 작아야 합니다.
매개 변수 이름: index
[ ㅓㅓ 2023-06-22 목요일 16:05:09 963 ] VideoAnalysis_Page -> FilterSet 인덱스가 범위를 벗어났습니다. 인덱스는 음수가 아니어야 하며 컬렉션의 크기보다 작아야 합니다.
매개 변수 이름: index
[ ㅓㅓ 2023-06-22 목요일 16:09:48 780 ] RealTimeView_Page -> RealTimeView_ButtonActions 
[ ㅓㅓ 2023-06-22 목요일 16:09:48 785 ] RealTimeView_Page -> VideoSaveAction 
[ ㅓㅓ 2023-06-22 목요일 16:09:48 786 ] RealTimeView_Page -> FolderPath 
[ ㅓㅓ 2023-06-22 목요일 16:09:49 161 ] RealTimeView_Page -> FolderPath 
[ ㅓㅓ 2023-06-22 목요일 16:09:49 291 ] RealTimeView_Page -> FolderPath 
[ ㅓㅓ 2023-06-22 목요일 16:10:31 871 ] RealTimeView_Page -> RealTimeView_ButtonActions 
[ ㅓㅓ 2023-06-22 목요일 16:10:32 480 ] RealTimeView_Page -> FolderPath 
[ ㅓㅓ 2023-06-22 목요일 16:11:19 542 ] Form1 -> NavigationClick 
[ ㅓㅓ 2023-06-22 목요일 16:11:21 262 ] Form1 -> NavigationClick 
[ ㅓㅓ 2023-06-22 목요일 16:11:21 262 ] VideoCheck_Page -> PageChange 
[ ㅓㅓ 2023-06-22 목요일 16:11:21 385 ] VideoAnalysis_Page -> VideoAnalysis_Page_Load 
[ ㅓㅓ 2023-06-22 목요일 16:11:23 789 ] VideoAnalysis_Page -> VideoAnalysis_ButtonActions1 
[ ㅓㅓ 2023-06-22 목요일 16:11:23 791 ] VideoAnalysis_Page -> VideoCheck_FileOpen1 
[ ㅓㅓ 2023-06-22 목요일 16:11:36 324 ] VideoAnalysis_Page -> FilterClick 
[ ㅓㅓ 2023-06-22 목요일 16:11:41 517 ] VideoAnalysis_Page -> VideoAnalysis_ButtonActions1 
[ ㅓㅓ 2023-06-22 목요일 16:11:41 517 ] VideoAnalysis_Page -> VideoCheck_Play1 
[ ㅓㅓ 2023-06-22 목요일 16:11:42 316 ] VideoAnalysis_Page -> FilterSet 인덱스가 범위를 벗어났습니다. 인덱스는 음수가 아니어야 하며 컬렉션의 크기보다 작아야 합니다.
매개 변수 이름: index
[ ㅓㅓ 2023-06-22 목요일 16:11:42 733 ] VideoAnalysis_Page -> FilterSet 인덱스가 범위를 벗어났습니다. 인덱스는 음수가 아니어야 하며 컬렉션의 크기보다 작아야 합니다.
매개 변수 이름: index
[ ㅓㅓ 2023-06-22 목요일 16:11:43 578 ] VideoAnalysis_Page -> FilterSet 인덱스가 범위를 벗어났습니다. 인덱스는 음수가 아니어야 하며 컬렉션의 크기보다 작아야 합니다.
매개 변수 이름: index
[ ㅓㅓ 2023-06-22 목요일 16:11:43 994 ] VideoAnalysis_Page -> FilterSet 인덱스가 범위를 벗어났습니다. 인덱스는 음수가 아니어야 하며 컬렉션의 크기보다 작아야 합니다.
매개 변수 이름: index
[ ㅓㅓ 2023-06-22 목요일 16:11:44 519 ] VideoAnalysis_Page -> FilterSet 인덱스가 범위를 벗어났습니다. 인덱스는 음수가 아니어야 하며 컬렉션의 크기보다 작아야 합니다.
매개 변수 이름: index
[ ㅓㅓ 2023-06-22 목요일 16:11:45 111 ] VideoAnalysis_Page -> FilterSet 인덱스가 범위를 벗어났습니다. 인덱스는 음수가 아니어야 하며 컬렉션의 크기보다 작아야 합니다.
매개 변수 이름: index
[ ㅓㅓ 2023-06-22 목요일 16:11:45 610 ] VideoAnalysis_Page -> FilterSet 인덱스가 범위를 벗어났습니다. 인덱스는 음수가 아니어야 하며 컬렉션의 크기보다 작아야 합니다.
매개 변수 이름: index
[ ㅓㅓ 2023-06-22 목요일 16:11:46 641 ] VideoAnalysis_Page -> FilterSet 인덱스가 범위를 벗어났습니다. 인덱스는 음수가 아니어야 하며 컬렉션의 크기보다 작아야 합니다.
매개 변수 이름: index
[ ㅓㅓ 2023-06-22 목요일 16:11:47 558 ] VideoAnalysis_Page -> FilterSet 인덱스가 범위를 벗어났습니다. 인덱스는 음수가 아니어야 하며 컬렉션의 크기보다 작아야 합니다.
매개 변수 이름: index
[ ㅓㅓ 2023-06-22 목요일 16:11:48 133 ] VideoAnalysis_Page -> FilterSet 인덱스가 범위를 벗어났습니다. 인덱스는 음수가 아니어야 하며 컬렉션의 크기보다 작아야 합니다.
매개 변수 이름: index
[ ㅓㅓ 2023-06-22 목요일 16:11:48 743 ] VideoAnalysis_Page -> FilterSet 인덱스가 범위를 벗어났습니다. 인덱스는 음수가 아니어야 하며 컬렉션의 크기보다 작아야 합니다.
매개 변수 이름: index
[ ㅓㅓ 2023-06-22 목요일 16:11:49 377 ] VideoAnalysis_Page -> FilterSet 인덱스가 범위를 벗어났습니다. 인덱스는 음수가 아니어야 하며 컬렉션의 크기보다 작아야 합니다.
매개 변수 이름: index
[ ㅓㅓ 2023-06-22 목요일 16:11:49 957 ] VideoAnalysis_Page -> FilterSet 인덱스가 범위를 벗어났습니다. 인덱스는 음수가 아니어야 하며 컬렉션의 크기보다 작아야 합니다.
매개 변수 이름: index
[ ㅓㅓ 2023-06-22 목요일 16:11:50 484 ] VideoAnalysis_Page -> FilterSet 인덱스가 범위를 벗어났습니다. 인덱스는 음수가 아니어야 하며 컬렉션의 크기보다 작아야 합니다.
매개 변수 이름: index
[ ㅓㅓ 2023-06-22 목요일 16:11:51 119 ] VideoAnalysis_Page -> FilterSet 인덱스가 범위를 벗어났습니다. 인덱스는 음수가 아니어야 하며 컬렉션의 크기보다 작아야 합니다.
매개 변수 이름: index
[ ㅓㅓ 2023-06-22 목요일 16:11:51 180 ] VideoAnalysis_Page -> VideoAnalysis_ButtonActions1 
[ ㅓㅓ 2023-06-22 목요일 16:11:51 180 ] VideoAnalysis_Page -> VideoCheck_Play1 
[ ㅓㅓ 2023-06-22 목요일 16:11:51 704 ] VideoAnalysis_Page -> FilterSet 인덱스가 범위를 벗어났습니다. 인덱스는 음수가 아니어야 하며 컬렉션의 크기보다 작아야 합니다.
매개 변수 이름: index
[ ㅓㅓ 2023-06-22 목요일 16:12:18 133 ] Form1 -> NavigationClick 
[ ㅓㅓ 2023-06-22 목요일 16:12:18 135 ] VideoAnalysis_Page -> PageChange 
[ ㅓㅓ 2023-06-22 목요일 16:14:38 073 ] RealTimeView_Page -> RealTimeView_ButtonActions 
[ ㅓㅓ 2023-06-22 목요일 16:14:38 075 ] RealTimeView_Page -> VideoSaveAction 
[ ㅓㅓ 2023-06-22 목요일 16:14:38 075 ] RealTimeView_Page -> FolderPath 
[ ㅓㅓ 2023-06-22 목요일 16:14:38 282 ] RealTimeView_Page -> FolderPath 
[ ㅓㅓ 2023-06-22 목요일 16:14:38 410 ] RealTimeView_Page -> FolderPath 
[ ㅓㅓ 2023-06-22 목요일 16:16:23 770 ] RealTimeView_Page -> RealTimeView_ButtonActions 
[ ㅓㅓ 2023-06-22 목요일 16:16:24 384 ] RealTimeView_Page -> FolderPath 
[ ㅓㅓ 2023-06-22 목요일 16:16:38 378 ] Form1 -> NavigationClick 
[ ㅓㅓ 2023-06-22 목요일 16:16:40 296 ] VideoAnalysis_Page -> VideoAnalysis_ButtonActions1 
[ ㅓㅓ 2023-06-22 목요일 16:16:40 296 ] VideoAnalysis_Page -> VideoCheck_FileOpen1 
[ ㅓㅓ 2023-06-22 목요일 16:16:49 111 ] VideoAnalysis_Page -> VideoCheck_FileClose1 
[ ㅓㅓ 2023-06-22 목요일 16:16:51 433 ] VideoAnalysis_Page -> VideoAnalysis_ButtonActions1 
[ ㅓㅓ 2023-06-22 목요일 16:16:51 434 ] VideoAnalysis_Page -> VideoCheck_Play1 
[ ㅓㅓ 2023-06-22 목요일 16:16:58 939 ] VideoAnalysis_Page -> VideoAnalysis_ButtonActions1 
[ ㅓㅓ 2023-06-22 목요일 16:16:58 944 ] VideoAnalysis_Page -> VideoCheck_Play1 
[ ㅓㅓ 2023-06-22 목요일 16:17:00 253 ] VideoAnalysis_Page -> VideoAnalysis_ButtonActions1 
[ ㅓㅓ 2023-06-22 목요일 16:17:00 253 ] VideoAnalysis_Page -> VideoCheck_Play1 
[ ㅓㅓ 2023-06-22 목요일 16:17:01 055 ] VideoAnalysis_Page -> VideoAnalysis_ButtonActions1 
[ ㅓㅓ 2023-06-22 목요일 16:17:01 055 ] VideoAnalysis_Page -> VideoCheck_Play1 
[ ㅓㅓ 2023-06-22 목요일 16:19:26 759 ] Form1 -> NavigationClick 
[ ㅓㅓ 2023-06-22 목요일 16:19:26 765 ] VideoAnalysis_Page -> PageChange 
[ ㅓㅓ 2023-06-22 목요일 16:19:31 592 ] Form1 -> NavigationClick 
[ ㅓㅓ 2023-06-22 목요일 16:19:34 711 ] Form1 -> NavigationClick 
[ ㅓㅓ 2023-06-22 목요일 16:19:34 715 ] VideoAnalysis_Page -> PageChange 
[ ㅓㅓ 2023-06-22 목요일 16:19:40 233 ] Form1 -> NavigationClick 
[ ㅓㅓ 2023-06-22 목요일 16:19:50 001 ] Form1 -> NavigationClick 
[ ㅓㅓ 2023-06-22 목요일 16:19:50 001 ] VideoAnalysis_Page -> PageChange 
[ ㅓㅓ 2023-06-22 목요일 16:19:51 984 ] Form1 -> NavigationClick 
[ ㅓㅓ 2023-06-22 목요일 16:20:42 701 ] Settings_Page -> XMLSave 
[ ㅓㅓ 2023-06-22 목요일 16:20:43 802 ] Form1 -> NavigationClick 
[ ㅓㅓ 2023-06-22 목요일 16:20:43 909 ] VideoAnalysis_Page -> VideoAnalysis_Page_Load 
[ ㅓㅓ 2023-06-22 목요일 16:20:45 510 ] VideoAnalysis_Page -> FilterClick 
[ ㅓㅓ 2023-06-22 목요일 16:20:46 658 ] VideoAnalysis_Page -> VideoAnalysis_ButtonActions1 
[ ㅓㅓ 2023-06-22 목요일 16:20:46 660 ] VideoAnalysis_Page -> VideoCheck_FileOpen1 
[ ㅓㅓ 2023-06-22 목요일 16:20:58 766 ] VideoAnalysis_Page -> VideoAnalysis_ButtonActions1 
[ ㅓㅓ 2023-06-22 목요일 16:20:58 772 ] VideoAnalysis_Page -> VideoCheck_Play1 
[ ㅓㅓ 2023-06-22 목요일 16:21:03 420 ] VideoAnalysis_Page -> FilterSet 인덱스가 범위를 벗어났습니다. 인덱스는 음수가 아니어야 하며 컬렉션의 크기보다 작아야 합니다.
매개 변수 이름: index
[ ㅓㅓ 2023-06-22 목요일 16:21:03 709 ] VideoAnalysis_Page -> FilterSet 인덱스가 범위를 벗어났습니다. 인덱스는 음수가 아니어야 하며 컬렉션의 크기보다 작아야 합니다.
매개 변수 이름: index
[ ㅓㅓ 2023-06-22 목요일 16:21:03 965 ] VideoAnalysis_Page -> FilterSet 인덱스가 범위를 벗어났습니다. 인덱스는 음수가 아니어야 하며 컬렉션의 크기보다 작아야 합니다.
매개 변수 이름: index
[ ㅓㅓ 2023-06-22 목요일 16:21:04 216 ] VideoAnalysis_Page -> FilterSet 인덱스가 범위를 벗어났습니다. 인덱스는 음수가 아니어야 하며 컬렉션의 크기보다 작아야 합니다.
매개 변수 이름: index
[ ㅓㅓ 2023-06-22 목요일 16:21:04 466 ] VideoAnalysis_Page -> FilterSet 인덱스가 범위를 벗어났습니다. 인덱스는 음수가 아니어야 하며 컬렉션의 크기보다 작아야 합니다.
매개 변수 이름: index
[ ㅓㅓ 2023-06-22 목요일 16:21:04 749 ] VideoAnalysis_Page -> FilterSet 인덱스가 범위를 벗어났습니다. 인덱스는 음수가 아니어야 하며 컬렉션의 크기보다 작아야 합니다.
매개 변수 이름: index
[ ㅓㅓ 2023-06-22 목요일 16:21:04 992 ] VideoAnalysis_Page -> FilterSet 인덱스가 범위를 벗어났습니다. 인덱스는 음수가 아니어야 하며 컬렉션의 크기보다 작아야 합니다.
매개 변수 이름: index
[ ㅓㅓ 2023-06-22 목요일 16:21:05 232 ] VideoAnalysis_Page -> FilterSet 인덱스가 범위를 벗어났습니다. 인덱스는 음수가 아니어야 하며 컬렉션의 크기보다 작아야 합니다.
매개 변수 이름: index
[ ㅓㅓ 2023-06-22 목요일 16:21:15 356 ] VideoAnalysis_Page -> VideoAnalysis_ButtonActions1 
[ ㅓㅓ 2023-06-22 목요일 16:21:15 359 ] VideoAnalysis_Page -> VideoCheck_Play1 
[ ㅓㅓ 2023-06-22 목요일 16:21:15 702 ] VideoAnalysis_Page -> VideoAnalysis_ButtonActions1 
[ ㅓㅓ 2023-06-22 목요일 16:21:15 702 ] VideoAnalysis_Page -> VideoCheck_Play1 
[ ㅓㅓ 2023-06-22 목요일 16:21:17 321 ] VideoAnalysis_Page -> VideoAnalysis_ButtonActions1 
[ ㅓㅓ 2023-06-22 목요일 16:21:17 321 ] VideoAnalysis_Page -> VideoCheck_Play1 
[ ㅓㅓ 2023-06-22 목요일 16:21:19 310 ] VideoAnalysis_Page -> VideoAnalysis_ButtonActions1 
[ ㅓㅓ 2023-06-22 목요일 16:21:19 310 ] VideoAnalysis_Page -> VideoCheck_Play1 
[ ㅓㅓ 2023-06-22 목요일 16:21:20 104 ] VideoAnalysis_Page -> VideoAnalysis_ButtonActions1 
[ ㅓㅓ 2023-06-22 목요일 16:21:20 104 ] VideoAnalysis_Page -> VideoCheck_Play1 
[ ㅓㅓ 2023-06-22 목요일 16:21:20 587 ] VideoAnalysis_Page -> VideoAnalysis_ButtonActions1 
[ ㅓㅓ 2023-06-22 목요일 16:21:20 587 ] VideoAnalysis_Page -> VideoCheck_Play1 
[ ㅓㅓ 2023-06-22 목요일 16:21:26 308 ] VideoAnalysis_Page -> VideoAnalysis_ButtonActions1 
[ ㅓㅓ 2023-06-22 목요일 16:21:26 315 ] VideoAnalysis_Page -> VideoCheck_Play1 
[ ㅓㅓ 2023-06-22 목요일 16:21:26 855 ] VideoAnalysis_Page -> VideoAnalysis_ButtonActions1 
[ ㅓㅓ 2023-06-22 목요일 16:21:26 855 ] VideoAnalysis_Page -> VideoCheck_Play1 
[ ㅓㅓ 2023-06-22 목요일 16:21:28 788 ] VideoAnalysis_Page -> VideoAnalysis_ButtonActions1 
[ ㅓㅓ 2023-06-22 목요일 16:21:28 788 ] VideoAnalysis_Page -> VideoCheck_Play1 
[ ㅓㅓ 2023-06-22 목요일 16:21:29 674 ] VideoAnalysis_Page -> VideoAnalysis_ButtonActions1 
[ ㅓㅓ 2023-06-22 목요일 16:21:29 681 ] VideoAnalysis_Page -> VideoCheck_Play1 
[ ㅓㅓ 2023-06-22 목요일 16:21:30 509 ] VideoAnalysis_Page -> VideoAnalysis_ButtonActions1 
[ ㅓㅓ 2023-06-22 목요일 16:21:30 509 ] VideoAnalysis_Page -> VideoCheck_Play1 
[ ㅓㅓ 2023-06-22 목요일 16:21:31 221 ] VideoAnalysis_Page -> VideoAnalysis_ButtonActions1 
[ ㅓㅓ 2023-06-22 목요일 16:21:31 223 ] VideoAnalysis_Page -> VideoCheck_Play1 
[ ㅓㅓ 2023-06-22 목요일 16:21:32 894 ] VideoAnalysis_Page -> VideoAnalysis_ButtonActions1 
[ ㅓㅓ 2023-06-22 목요일 16:21:32 894 ] VideoAnalysis_Page -> VideoCheck_Play1 
[ ㅓㅓ 2023-06-22 목요일 16:21:33 591 ] VideoAnalysis_Page -> VideoAnalysis_ButtonActions1 
[ ㅓㅓ 2023-06-22 목요일 16:21:33 591 ] VideoAnalysis_Page -> VideoCheck_Play1 
[ ㅓㅓ 2023-06-22 목요일 16:21:34 706 ] VideoAnalysis_Page -> VideoAnalysis_ButtonActions1 
[ ㅓㅓ 2023-06-22 목요일 16:21:34 706 ] VideoAnalysis_Page -> VideoCheck_Play1 
[ ㅓㅓ 2023-06-22 목요일 16:21:35 594 ] VideoAnalysis_Page -> VideoAnalysis_ButtonActions1 
[ ㅓㅓ 2023-06-22 목요일 16:21:35 594 ] VideoAnalysis_Page -> VideoCheck_Play1 
[ ㅓㅓ 2023-06-22 목요일 16:21:36 676 ] VideoAnalysis_Page -> VideoAnalysis_ButtonActions1 
[ ㅓㅓ 2023-06-22 목요일 16:21:36 676 ] VideoAnalysis_Page -> VideoCheck_Play1 
[ ㅓㅓ 2023-06-22 목요일 16:21:37 429 ] VideoAnalysis_Page -> VideoAnalysis_ButtonActions1 
[ ㅓㅓ 2023-06-22 목요일 16:21:37 429 ] VideoAnalysis_Page -> VideoCheck_Play1 
[ ㅓㅓ 2023-06-22 목요일 16:21:38 567 ] VideoAnalysis_Page -> VideoAnalysis_ButtonActions1 
[ ㅓㅓ 2023-06-22 목요일 16:21:38 567 ] VideoAnalysis_Page -> VideoCheck_Play1 
[ ㅓㅓ 2023-06-22 목요일 16:21:39 357 ] VideoAnalysis_Page -> VideoAnalysis_ButtonActions1 
[ ㅓㅓ 2023-06-22 목요일 16:21:39 357 ] VideoAnalysis_Page -> VideoCheck_Play1 
[ ㅓㅓ 2023-06-22 목요일 16:21:40 394 ] VideoAnalysis_Page -> VideoAnalysis_ButtonActions1 
[ ㅓㅓ 2023-06-22 목요일 16:21:40 394 ] VideoAnalysis_Page -> VideoCheck_Play1 
[ ㅓㅓ 2023-06-22 목요일 16:48:06 635 ] VideoAnalysis_Page -> VideoAnalysis_ButtonActions1 
[ ㅓㅓ 2023-06-22 목요일 16:48:06 642 ] VideoAnalysis_Page -> VideoCheck_Play1 
[ ㅓㅓ 2023-06-22 목요일 16:48:21 177 ] VideoAnalysis_Page -> VideoAnalysis_ButtonActions1 
[ ㅓㅓ 2023-06-22 목요일 16:48:21 181 ] VideoAnalysis_Page -> VideoCheck_Play1 
[ ㅓㅓ 2023-06-22 목요일 16:48:29 202 ] VideoAnalysis_Page -> VideoAnalysis_ButtonActions1 
[ ㅓㅓ 2023-06-22 목요일 16:48:29 202 ] VideoAnalysis_Page -> VideoCheck_Play1 
[ ㅓㅓ 2023-06-22 목요일 16:48:31 600 ] VideoAnalysis_Page -> VideoAnalysis_ButtonActions1 
[ ㅓㅓ 2023-06-22 목요일 16:48:31 600 ] VideoAnalysis_Page -> VideoCheck_Play1 
[ ㅓㅓ 2023-06-22 목요일 16:48:33 267 ] VideoAnalysis_Page -> VideoAnalysis_ButtonActions1 
[ ㅓㅓ 2023-06-22 목요일 16:48:33 268 ] VideoAnalysis_Page -> VideoCheck_Play1 
[ ㅓㅓ 2023-06-22 목요일 16:48:34 158 ] VideoAnalysis_Page -> VideoAnalysis_ButtonActions1 
[ ㅓㅓ 2023-06-22 목요일 16:48:34 158 ] VideoAnalysis_Page -> VideoCheck_Play1 
[ ㅓㅓ 2023-06-22 목요일 16:48:34 537 ] VideoAnalysis_Page -> VideoAnalysis_ButtonActions1 
[ ㅓㅓ 2023-06-22 목요일 16:48:34 537 ] VideoAnalysis_Page -> VideoCheck_Play1 
[ ㅓㅓ 2023-06-22 목요일 16:48:35 393 ] VideoAnalysis_Page -> VideoAnalysis_ButtonActions1 
[ ㅓㅓ 2023-06-22 목요일 16:48:35 393 ] VideoAnalysis_Page -> VideoCheck_Play1 
[ ㅓㅓ 2023-06-22 목요일 16:48:35 902 ] VideoAnalysis_Page -> VideoAnalysis_ButtonActions1 
[ ㅓㅓ 2023-06-22 목요일 16:48:35 904 ] VideoAnalysis_Page -> VideoCheck_Play1 
[ ㅓㅓ 2023-06-22 목요일 16:48:36 755 ] VideoAnalysis_Page -> VideoAnalysis_ButtonActions1 
[ ㅓㅓ 2023-06-22 목요일 16:48:36 755 ] VideoAnalysis_Page -> VideoCheck_Play1 
[ ㅓㅓ 2023-06-22 목요일 16:48:37 644 ] VideoAnalysis_Page -> VideoAnalysis_ButtonActions1 
[ ㅓㅓ 2023-06-22 목요일 16:48:37 644 ] VideoAnalysis_Page -> VideoCheck_Play1 
[ ㅓㅓ 2023-06-22 목요일 16:48:38 240 ] VideoAnalysis_Page -> VideoAnalysis_ButtonActions1 
[ ㅓㅓ 2023-06-22 목요일 16:48:38 240 ] VideoAnalysis_Page -> VideoCheck_Play1 
[ ㅓㅓ 2023-06-22 목요일 16:48:38 917 ] VideoAnalysis_Page -> VideoAnalysis_ButtonActions1 
[ ㅓㅓ 2023-06-22 목요일 16:48:38 917 ] VideoAnalysis_Page -> VideoCheck_Play1 
[ ㅓㅓ 2023-06-22 목요일 16:48:39 799 ] VideoAnalysis_Page -> VideoAnalysis_ButtonActions1 
[ ㅓㅓ 2023-06-22 목요일 16:48:39 799 ] VideoAnalysis_Page -> VideoCheck_Play1 
[ ㅓㅓ 2023-06-22 목요일 16:49:09 990 ] Form1 -> NavigationClick 
[ ㅓㅓ 2023-06-22 목요일 16:49:09 993 ] VideoAnalysis_Page -> PageChange 
[ ㅓㅓ 2023-06-22 목요일 16:49:21 757 ] Form1 -> NavigationClick 
[ ㅓㅓ 2023-06-22 목요일 16:49:21 842 ] VideoCheck_Page -> VideoCheck_Page_Load 
[ ㅓㅓ 2023-06-22 목요일 16:49:28 462 ] Form1 -> NavigationClick 
[ ㅓㅓ 2023-06-22 목요일 16:49:28 463 ] VideoCheck_Page -> PageChange 
[ ㅓㅓ 2023-06-22 목요일 16:49:32 896 ] Form1 -> NavigationClick 
[ ㅓㅓ 2023-06-22 목요일 16:49:32 896 ] VideoAnalysis_Page -> PageChange 
[ ㅓㅓ 2023-06-22 목요일 16:49:36 897 ] Form1 -> NavigationClick 
[ ㅓㅓ 2023-06-22 목요일 16:49:43 082 ] VideoAnalysis_Page -> VideoAnalysis_ButtonActions1 
[ ㅓㅓ 2023-06-22 목요일 16:49:43 092 ] VideoAnalysis_Page -> VideoCheck_Play1 
[ ㅓㅓ 2023-06-22 목요일 16:49:43 658 ] VideoAnalysis_Page -> VideoAnalysis_ButtonActions1 
[ ㅓㅓ 2023-06-22 목요일 16:49:43 658 ] VideoAnalysis_Page -> VideoCheck_Play1 
[ ㅓㅓ 2023-06-22 목요일 16:55:38 117 ] VideoAnalysis_Page -> VideoAnalysis_ButtonActions1 
[ ㅓㅓ 2023-06-22 목요일 16:55:38 117 ] VideoAnalysis_Page -> VideoCheck_Play1 
[ ㅓㅓ 2023-06-22 목요일 16:57:22 423 ] VideoAnalysis_Page -> VideoAnalysis_ButtonActions1 
[ ㅓㅓ 2023-06-22 목요일 16:57:22 424 ] VideoAnalysis_Page -> VideoCheck_Play1 
[ ㅓㅓ 2023-06-22 목요일 17:18:55 816 ] VideoAnalysis_Page -> VideoAnalysis_ButtonActions1 
[ ㅓㅓ 2023-06-22 목요일 17:18:55 821 ] VideoAnalysis_Page -> VideoCheck_Play1 
[ ㅓㅓ 2023-06-22 목요일 17:25:42 644 ] VideoAnalysis_Page -> VideoAnalysis_ButtonActions1 
[ ㅓㅓ 2023-06-22 목요일 17:25:42 644 ] VideoAnalysis_Page -> VideoCheck_FileOpen1 
[ ㅓㅓ 2023-06-22 목요일 17:26:05 175 ] VideoAnalysis_Page -> VideoAnalysis_ButtonActions1 
[ ㅓㅓ 2023-06-22 목요일 17:26:05 175 ] VideoAnalysis_Page -> VideoCheck_Play1 
[ ㅓㅓ 2023-06-22 목요일 17:26:26 539 ] VideoAnalysis_Page -> VideoAnalysis_ButtonActions1 
[ ㅓㅓ 2023-06-22 목요일 17:26:26 540 ] VideoAnalysis_Page -> VideoCheck_Play1 
[ ㅓㅓ 2023-06-22 목요일 17:26:27 502 ] VideoAnalysis_Page -> VideoAnalysis_ButtonActions1 
[ ㅓㅓ 2023-06-22 목요일 17:26:27 514 ] VideoAnalysis_Page -> VideoCheck_FileOpen1 
[ ㅓㅓ 2023-06-22 목요일 17:26:31 683 ] VideoAnalysis_Page -> VideoCheck_FileClose1 
[ ㅓㅓ 2023-06-22 목요일 17:26:46 643 ] VideoAnalysis_Page -> VideoAnalysis_ButtonActions1 
[ ㅓㅓ 2023-06-22 목요일 17:26:46 643 ] VideoAnalysis_Page -> VideoCheck_Play1 
[ ㅓㅓ 2023-06-22 목요일 17:29:10 662 ] VideoAnalysis_Page -> VideoAnalysis_ButtonActions1 
[ ㅓㅓ 2023-06-22 목요일 17:29:10 662 ] VideoAnalysis_Page -> VideoCheck_Play1 
[ ㅓㅓ 2023-06-22 목요일 17:31:33 972 ] VideoAnalysis_Page -> VideoAnalysis_ButtonActions1 
[ ㅓㅓ 2023-06-22 목요일 17:31:33 972 ] VideoAnalysis_Page -> VideoCheck_Play1 
[ ㅓㅓ 2023-06-22 목요일 17:31:35 677 ] VideoAnalysis_Page -> VideoAnalysis_ButtonActions1 
[ ㅓㅓ 2023-06-22 목요일 17:31:35 684 ] VideoAnalysis_Page -> VideoCheck_Play1 
[ ㅓㅓ 2023-06-22 목요일 17:36:04 513 ] VideoAnalysis_Page -> VideoAnalysis_ButtonActions1 
[ ㅓㅓ 2023-06-22 목요일 17:36:04 516 ] VideoAnalysis_Page -> VideoCheck_Play1 
[ ㅓㅓ 2023-06-22 목요일 17:36:06 059 ] VideoAnalysis_Page -> VideoAnalysis_ButtonActions1 
[ ㅓㅓ 2023-06-22 목요일 17:36:06 059 ] VideoAnalysis_Page -> VideoCheck_Play1 
[ ㅓㅓ 2023-06-22 목요일 17:48:49 560 ] Form1 -> NavigationClick 
[ ㅓㅓ 2023-06-22 목요일 17:48:49 561 ] VideoAnalysis_Page -> PageChange 
[ ㅓㅓ 2023-06-22 목요일 17:53:38 216 ] Form1 -> NavigationClick 
[ ㅓㅓ 2023-06-22 목요일 17:53:58 466 ] Form1 -> NavigationClick 
[ ㅓㅓ 2023-06-22 목요일 17:53:58 467 ] VideoAnalysis_Page -> PageChange 
[ ㅓㅓ 2023-06-22 목요일 17:54:17 029 ] Form1 -> NavigationClick 
[ ㅓㅓ 2023-06-22 목요일 17:54:18 181 ] Form1 -> NavigationClick 
[ ㅓㅓ 2023-06-22 목요일 17:54:47 902 ] Form1 -> NavigationClick 
[ ㅓㅓ 2023-06-22 목요일 17:54:47 902 ] VideoCheck_Page -> PageChange 
[ ㅓㅓ 2023-06-22 목요일 17:55:23 951 ] Form1 -> NavigationClick 
[ ㅓㅓ 2023-06-22 목요일 17:55:44 969 ] Form1 -> NavigationClick 
[ ㅓㅓ 2023-06-22 목요일 17:55:44 971 ] VideoAnalysis_Page -> PageChange 
[ ㅓㅓ 2023-06-22 목요일 18:00:03 369 ] Form1 -> Form1_FormClosing 
[ ㅓㅓ 2023-06-22 목요일 18:00:03 403 ] RealTimeView_Page -> CameraClose 
[ ㅓㅓ 2023-06-22 목요일 18:00:03 640 ] CameraControl -> Stop 
[ ㅓㅓ 2023-06-22 목요일 18:00:03 752 ] CameraControl -> Close 
[ ㅓㅓ 2023-06-22 목요일 18:00:03 827 ] CameraControl -> Stop 
[ ㅓㅓ 2023-06-22 목요일 18:00:03 827 ] CameraControl -> Close 
[ ㅓㅓ 2023-06-22 목요일 18:00:03 827 ] CameraControl -> Stop 
[ ㅓㅓ 2023-06-22 목요일 18:00:03 827 ] CameraControl -> Close 
[ ㅓㅓ 2023-06-22 목요일 18:00:03 827 ] VideoCheck_Page -> VideoClose 
[ ㅓㅓ 2023-06-22 목요일 18:00:03 827 ] VideoAnalysis_Page -> VideoClose 
[ ㅓㅓ 2023-06-22 목요일 18:00:04 404 ] CameraControl -> Finalize 
[ ㅓㅓ 2023-06-22 목요일 18:00:04 405 ] CameraControl -> Close 
[ ㅓㅓ 2023-06-22 목요일 18:00:04 406 ] CameraControl -> Finalize 
[ ㅓㅓ 2023-06-22 목요일 18:00:04 407 ] CameraControl -> Close 
[ ㅓㅓ 2023-06-22 목요일 18:00:04 407 ] CameraControl -> Finalize 
[ ㅓㅓ 2023-06-22 목요일 18:00:04 407 ] CameraControl -> Close 
