[  2023-06-26 월요일 00:00:00 065 ] 파일 생성 성공
[ ㅓㅓ 2023-06-26 월요일 00:00:00 065 ] Settings_Page -> WorkDayChange 완료
[ ㅓㅓ 2023-06-26 월요일 09:35:04 901 ] Form1 -> NavigationClick 
[ ㅓㅓ 2023-06-26 월요일 09:35:04 902 ] VideoAnalysis_Page -> PageChange 
[ ㅓㅓ 2023-06-26 월요일 09:35:09 529 ] Form1 -> NavigationClick 
[ ㅓㅓ 2023-06-26 월요일 09:35:09 698 ] VideoCheck_Page -> VideoCheck_Page_Load 
[ ㅓㅓ 2023-06-26 월요일 09:35:10 425 ] Form1 -> NavigationClick 
[ ㅓㅓ 2023-06-26 월요일 09:35:10 436 ] VideoCheck_Page -> PageChange 
[ ㅓㅓ 2023-06-26 월요일 09:35:13 698 ] VideoAnalysis_Page -> VideoAnalysis_ButtonActions1 
[ ㅓㅓ 2023-06-26 월요일 09:35:13 698 ] VideoAnalysis_Page -> VideoCheck_Play1 
[ ㅓㅓ 2023-06-26 월요일 09:35:15 339 ] VideoAnalysis_Page -> VideoAnalysis_ButtonActions1 
[ ㅓㅓ 2023-06-26 월요일 09:35:15 339 ] VideoAnalysis_Page -> VideoCheck_Play1 
[ ㅓㅓ 2023-06-26 월요일 09:36:18 953 ] VideoAnalysis_Page -> VideoAnalysis_ButtonActions1 
[ ㅓㅓ 2023-06-26 월요일 09:36:18 954 ] VideoAnalysis_Page -> VideoCheck_Play1 
[ ㅓㅓ 2023-06-26 월요일 09:39:08 256 ] VideoAnalysis_Page -> VideoAnalysis_ButtonActions1 
[ ㅓㅓ 2023-06-26 월요일 09:39:08 261 ] VideoAnalysis_Page -> VideoCheck_Play1 
[ ㅓㅓ 2023-06-26 월요일 09:55:01 032 ] VideoAnalysis_Page -> VideoAnalysis_ButtonActions1 
[ ㅓㅓ 2023-06-26 월요일 09:55:01 033 ] VideoAnalysis_Page -> VideoCheck_Play1 
[ ㅓㅓ 2023-06-26 월요일 09:57:21 988 ] VideoAnalysis_Page -> VideoAnalysis_ButtonActions1 
[ ㅓㅓ 2023-06-26 월요일 09:57:21 990 ] VideoAnalysis_Page -> VideoCheck_Play1 
[ ㅓㅓ 2023-06-26 월요일 09:57:24 083 ] VideoAnalysis_Page -> VideoAnalysis_ButtonActions1 
[ ㅓㅓ 2023-06-26 월요일 09:57:24 084 ] VideoAnalysis_Page -> VideoCheck_Play1 
[ ㅓㅓ 2023-06-26 월요일 09:58:17 418 ] VideoAnalysis_Page -> VideoAnalysis_ButtonActions1 
[ ㅓㅓ 2023-06-26 월요일 09:58:17 419 ] VideoAnalysis_Page -> VideoCheck_Play1 
[ ㅓㅓ 2023-06-26 월요일 09:58:29 303 ] VideoAnalysis_Page -> VideoAnalysis_ButtonActions1 
[ ㅓㅓ 2023-06-26 월요일 09:58:29 304 ] VideoAnalysis_Page -> VideoCheck_Play1 
[ ㅓㅓ 2023-06-26 월요일 10:01:04 550 ] VideoAnalysis_Page -> VideoAnalysis_ButtonActions1 
[ ㅓㅓ 2023-06-26 월요일 10:01:04 551 ] VideoAnalysis_Page -> VideoCheck_Play1 
[ ㅓㅓ 2023-06-26 월요일 10:02:19 179 ] VideoAnalysis_Page -> VideoAnalysis_ButtonActions1 
[ ㅓㅓ 2023-06-26 월요일 10:02:19 183 ] VideoAnalysis_Page -> VideoCheck_Play1 
[ ㅓㅓ 2023-06-26 월요일 10:02:43 356 ] VideoAnalysis_Page -> VideoAnalysis_ButtonActions1 
[ ㅓㅓ 2023-06-26 월요일 10:02:43 357 ] VideoAnalysis_Page -> VideoCheck_Play1 
[ ㅓㅓ 2023-06-26 월요일 10:05:18 842 ] VideoAnalysis_Page -> VideoAnalysis_ButtonActions1 
[ ㅓㅓ 2023-06-26 월요일 10:05:18 847 ] VideoAnalysis_Page -> VideoCheck_Play1 
[ ㅓㅓ 2023-06-26 월요일 10:06:07 715 ] Form1 -> NavigationClick 
[ ㅓㅓ 2023-06-26 월요일 10:06:07 717 ] VideoAnalysis_Page -> PageChange 
[ ㅓㅓ 2023-06-26 월요일 10:16:53 713 ] Form1 -> NavigationClick 
[ ㅓㅓ 2023-06-26 월요일 10:16:56 798 ] VideoAnalysis_Page -> VideoAnalysis_ButtonActions1 
[ ㅓㅓ 2023-06-26 월요일 10:16:56 798 ] VideoAnalysis_Page -> VideoCheck_Play1 
[ ㅓㅓ 2023-06-26 월요일 10:16:57 634 ] VideoAnalysis_Page -> VideoAnalysis_ButtonActions1 
[ ㅓㅓ 2023-06-26 월요일 10:16:57 634 ] VideoAnalysis_Page -> VideoCheck_Play1 
[ ㅓㅓ 2023-06-26 월요일 10:37:23 151 ] Form1 -> NavigationClick 
[ ㅓㅓ 2023-06-26 월요일 10:37:23 152 ] VideoAnalysis_Page -> PageChange 
[ ㅓㅓ 2023-06-26 월요일 10:40:27 152 ] Form1 -> NavigationClick 
[ ㅓㅓ 2023-06-26 월요일 10:40:34 904 ] VideoAnalysis_Page -> VideoAnalysis_ButtonActions1 
[ ㅓㅓ 2023-06-26 월요일 10:40:34 905 ] VideoAnalysis_Page -> VideoCheck_Play1 
[ ㅓㅓ 2023-06-26 월요일 10:40:37 444 ] VideoAnalysis_Page -> VideoAnalysis_ButtonActions1 
[ ㅓㅓ 2023-06-26 월요일 10:40:37 445 ] VideoAnalysis_Page -> VideoCheck_Play1 
[ ㅓㅓ 2023-06-26 월요일 10:40:40 122 ] Form1 -> NavigationClick 
[ ㅓㅓ 2023-06-26 월요일 10:40:40 123 ] VideoAnalysis_Page -> PageChange 
[ ㅓㅓ 2023-06-26 월요일 10:40:43 094 ] Form1 -> NavigationClick 
[ ㅓㅓ 2023-06-26 월요일 10:40:48 004 ] VideoAnalysis_Page -> VideoAnalysis_ButtonActions1 
[ ㅓㅓ 2023-06-26 월요일 10:40:48 005 ] VideoAnalysis_Page -> VideoCheck_Play1 
[ ㅓㅓ 2023-06-26 월요일 10:40:50 763 ] VideoAnalysis_Page -> VideoAnalysis_ButtonActions1 
[ ㅓㅓ 2023-06-26 월요일 10:40:50 764 ] VideoAnalysis_Page -> VideoCheck_Play1 
[ ㅓㅓ 2023-06-26 월요일 10:41:02 658 ] VideoAnalysis_Page -> VideoAnalysis_ButtonActions1 
[ ㅓㅓ 2023-06-26 월요일 10:41:02 659 ] VideoAnalysis_Page -> VideoCheck_Play1 
[ ㅓㅓ 2023-06-26 월요일 10:41:03 054 ] VideoAnalysis_Page -> VideoAnalysis_ButtonActions1 
[ ㅓㅓ 2023-06-26 월요일 10:41:03 054 ] VideoAnalysis_Page -> VideoCheck_Play1 
[ ㅓㅓ 2023-06-26 월요일 10:41:18 686 ] Form1 -> NavigationClick 
[ ㅓㅓ 2023-06-26 월요일 10:41:18 687 ] VideoAnalysis_Page -> PageChange 
[ ㅓㅓ 2023-06-26 월요일 10:43:10 464 ] Form1 -> Form1_FormClosing 
[ ㅓㅓ 2023-06-26 월요일 10:43:10 471 ] RealTimeView_Page -> CameraClose 
[ ㅓㅓ 2023-06-26 월요일 10:43:10 473 ] CameraControl -> Stop 
[ ㅓㅓ 2023-06-26 월요일 10:43:11 775 ] CameraControl -> Close 
[ ㅓㅓ 2023-06-26 월요일 10:43:11 827 ] CameraControl -> Stop 
[ ㅓㅓ 2023-06-26 월요일 10:43:11 827 ] CameraControl -> Close 
[ ㅓㅓ 2023-06-26 월요일 10:43:11 827 ] CameraControl -> Stop 
[ ㅓㅓ 2023-06-26 월요일 10:43:11 827 ] CameraControl -> Close 
[ ㅓㅓ 2023-06-26 월요일 10:43:11 829 ] VideoCheck_Page -> VideoClose 
[ ㅓㅓ 2023-06-26 월요일 10:43:11 829 ] VideoAnalysis_Page -> VideoClose 
[ ㅓㅓ 2023-06-26 월요일 10:43:12 391 ] CameraControl -> Finalize 
[ ㅓㅓ 2023-06-26 월요일 10:43:12 391 ] CameraControl -> Close 
[ ㅓㅓ 2023-06-26 월요일 10:43:12 400 ] CameraControl -> Finalize 
[ ㅓㅓ 2023-06-26 월요일 10:43:12 400 ] CameraControl -> Close 
[ ㅓㅓ 2023-06-26 월요일 10:43:12 400 ] CameraControl -> Finalize 
[ ㅓㅓ 2023-06-26 월요일 10:43:12 402 ] CameraControl -> Close 
[ ㅓㅓ 2023-06-26 월요일 10:43:33 293 ] Settings_Page -> XMLSave 
[ ㅓㅓ 2023-06-26 월요일 10:43:35 584 ] Form1 -> NavigationClick 
[ ㅓㅓ 2023-06-26 월요일 10:43:35 701 ] VideoAnalysis_Page -> VideoAnalysis_Page_Load 
[ ㅓㅓ 2023-06-26 월요일 10:43:36 988 ] Form1 -> NavigationClick 
[ ㅓㅓ 2023-06-26 월요일 10:43:36 989 ] VideoAnalysis_Page -> PageChange 
[ ㅓㅓ 2023-06-26 월요일 10:44:21 882 ] Form1 -> NavigationClick 
[ ㅓㅓ 2023-06-26 월요일 10:44:25 702 ] Form1 -> NavigationClick 
[ ㅓㅓ 2023-06-26 월요일 10:44:25 702 ] VideoAnalysis_Page -> PageChange 
[ ㅓㅓ 2023-06-26 월요일 10:44:44 347 ] Form1 -> NavigationClick 
[ ㅓㅓ 2023-06-26 월요일 10:44:46 445 ] VideoAnalysis_Page -> FilterClick 
[ ㅓㅓ 2023-06-26 월요일 10:44:47 215 ] VideoAnalysis_Page -> VideoAnalysis_ButtonActions1 
[ ㅓㅓ 2023-06-26 월요일 10:44:47 218 ] VideoAnalysis_Page -> VideoCheck_FileOpen1 
[ ㅓㅓ 2023-06-26 월요일 10:45:54 934 ] Form1 -> NavigationClick 
[ ㅓㅓ 2023-06-26 월요일 10:45:54 934 ] VideoAnalysis_Page -> PageChange 
[ ㅓㅓ 2023-06-26 월요일 11:03:03 754 ] Form1 -> NavigationClick 
[ ㅓㅓ 2023-06-26 월요일 11:03:07 085 ] VideoAnalysis_Page -> VideoAnalysis_ButtonActions1 
[ ㅓㅓ 2023-06-26 월요일 11:03:07 087 ] VideoAnalysis_Page -> VideoCheck_Play1 
[ ㅓㅓ 2023-06-26 월요일 11:03:08 319 ] VideoAnalysis_Page -> VideoAnalysis_ButtonActions1 
[ ㅓㅓ 2023-06-26 월요일 11:03:08 319 ] VideoAnalysis_Page -> VideoCheck_Play1 
[ ㅓㅓ 2023-06-26 월요일 11:06:03 213 ] VideoAnalysis_Page -> VideoAnalysis_ButtonActions1 
[ ㅓㅓ 2023-06-26 월요일 11:06:03 213 ] VideoAnalysis_Page -> VideoCheck_Play1 
[ ㅓㅓ 2023-06-26 월요일 11:06:14 044 ] Form1 -> NavigationClick 
[ ㅓㅓ 2023-06-26 월요일 11:06:14 049 ] VideoAnalysis_Page -> PageChange 
[ ㅓㅓ 2023-06-26 월요일 13:17:35 267 ] RealTimeView_Page -> RealTimeView_ButtonActions 
[ ㅓㅓ 2023-06-26 월요일 13:17:35 286 ] RealTimeView_Page -> VideoSaveAction 
[ ㅓㅓ 2023-06-26 월요일 13:17:35 288 ] RealTimeView_Page -> FolderPath 
[ ㅓㅓ 2023-06-26 월요일 13:17:35 745 ] RealTimeView_Page -> FolderPath 
[ ㅓㅓ 2023-06-26 월요일 13:17:35 902 ] RealTimeView_Page -> FolderPath 
[ ㅓㅓ 2023-06-26 월요일 13:17:43 010 ] RealTimeView_Page -> RealTimeView_ButtonActions 
[ ㅓㅓ 2023-06-26 월요일 13:17:43 626 ] RealTimeView_Page -> FolderPath 
[ ㅓㅓ 2023-06-26 월요일 13:18:02 835 ] Form1 -> NavigationClick 
[ ㅓㅓ 2023-06-26 월요일 13:18:06 326 ] VideoAnalysis_Page -> VideoAnalysis_ButtonActions1 
[ ㅓㅓ 2023-06-26 월요일 13:18:06 326 ] VideoAnalysis_Page -> VideoCheck_FileOpen1 
[ ㅓㅓ 2023-06-26 월요일 13:18:14 850 ] VideoAnalysis_Page -> VideoCheck_FileClose1 
[ ㅓㅓ 2023-06-26 월요일 13:18:18 106 ] VideoAnalysis_Page -> VideoAnalysis_ButtonActions1 
[ ㅓㅓ 2023-06-26 월요일 13:18:18 107 ] VideoAnalysis_Page -> VideoCheck_Play1 
[ ㅓㅓ 2023-06-26 월요일 13:18:20 140 ] VideoAnalysis_Page -> VideoAnalysis_ButtonActions1 
[ ㅓㅓ 2023-06-26 월요일 13:18:20 141 ] VideoAnalysis_Page -> VideoCheck_Play1 
[ ㅓㅓ 2023-06-26 월요일 13:18:32 054 ] VideoAnalysis_Page -> VideoAnalysis_ButtonActions1 
[ ㅓㅓ 2023-06-26 월요일 13:18:32 054 ] VideoAnalysis_Page -> VideoCheck_Play1 
[ ㅓㅓ 2023-06-26 월요일 13:21:02 190 ] VideoAnalysis_Page -> VideoAnalysis_ButtonActions1 
[ ㅓㅓ 2023-06-26 월요일 13:21:02 196 ] VideoAnalysis_Page -> VideoCheck_Play1 
[ ㅓㅓ 2023-06-26 월요일 13:22:35 708 ] VideoAnalysis_Page -> VideoAnalysis_ButtonActions1 
[ ㅓㅓ 2023-06-26 월요일 13:22:35 709 ] VideoAnalysis_Page -> VideoCheck_Play1 
[ ㅓㅓ 2023-06-26 월요일 13:23:04 544 ] VideoAnalysis_Page -> VideoAnalysis_ButtonActions1 
[ ㅓㅓ 2023-06-26 월요일 13:23:04 544 ] VideoAnalysis_Page -> VideoCheck_Play1 
[ ㅓㅓ 2023-06-26 월요일 13:23:05 726 ] VideoAnalysis_Page -> VideoAnalysis_ButtonActions1 
[ ㅓㅓ 2023-06-26 월요일 13:23:05 730 ] VideoAnalysis_Page -> VideoCheck_Play1 
[ ㅓㅓ 2023-06-26 월요일 13:23:11 888 ] RealTimeView_Page -> PanelClosed 
[ ㅓㅓ 2023-06-26 월요일 13:23:20 761 ] Form1 -> NavigationClick 
[ ㅓㅓ 2023-06-26 월요일 13:23:20 772 ] VideoAnalysis_Page -> PageChange 
[ ㅓㅓ 2023-06-26 월요일 13:23:22 801 ] RealTimeView_Page -> PanelDoubleClick 
[ ㅓㅓ 2023-06-26 월요일 13:28:52 107 ] Form1 -> NavigationClick 
[ ㅓㅓ 2023-06-26 월요일 13:28:54 563 ] Form1 -> NavigationClick 
[ ㅓㅓ 2023-06-26 월요일 13:28:54 565 ] VideoAnalysis_Page -> PageChange 
[ ㅓㅓ 2023-06-26 월요일 13:28:57 121 ] Form1 -> NavigationClick 
[ ㅓㅓ 2023-06-26 월요일 13:29:01 097 ] Form1 -> NavigationClick 
[ ㅓㅓ 2023-06-26 월요일 13:29:01 098 ] VideoAnalysis_Page -> PageChange 
[ ㅓㅓ 2023-06-26 월요일 13:41:42 119 ] Form1 -> NavigationClick 
[ ㅓㅓ 2023-06-26 월요일 13:41:49 271 ] Form1 -> NavigationClick 
[ ㅓㅓ 2023-06-26 월요일 13:41:49 273 ] VideoAnalysis_Page -> PageChange 
[ ㅓㅓ 2023-06-26 월요일 13:42:06 333 ] Form1 -> NavigationClick 
[ ㅓㅓ 2023-06-26 월요일 13:44:53 867 ] Form1 -> NavigationClick 
[ ㅓㅓ 2023-06-26 월요일 13:44:53 867 ] VideoAnalysis_Page -> PageChange 
[ ㅓㅓ 2023-06-26 월요일 14:03:08 098 ] RealTimeView_Page -> RealTimeView_ButtonActions 
[ ㅓㅓ 2023-06-26 월요일 14:03:08 110 ] RealTimeView_Page -> ImageSaveAction 
[ ㅓㅓ 2023-06-26 월요일 14:03:08 111 ] RealTimeView_Page -> FolderPath 
[ ㅓㅓ 2023-06-26 월요일 14:03:08 146 ] RealTimeView_Page -> FolderPath 
[ ㅓㅓ 2023-06-26 월요일 14:04:50 122 ] RealTimeView_Page -> FolderPath 
[ ㅓㅓ 2023-06-26 월요일 14:04:56 725 ] Form1 -> NavigationClick 
[ ㅓㅓ 2023-06-26 월요일 14:04:59 618 ] Settings_Page -> FolderOpen 
[ ㅓㅓ 2023-06-26 월요일 14:05:22 848 ] Form1 -> NavigationClick 
[ ㅓㅓ 2023-06-26 월요일 14:05:26 135 ] RealTimeView_Page -> RealTimeView_ButtonActions 
[ ㅓㅓ 2023-06-26 월요일 14:05:26 144 ] RealTimeView_Page -> ImageSaveAction 
[ ㅓㅓ 2023-06-26 월요일 14:05:26 145 ] RealTimeView_Page -> FolderPath 
[ ㅓㅓ 2023-06-26 월요일 14:05:26 167 ] RealTimeView_Page -> FolderPath 
[ ㅓㅓ 2023-06-26 월요일 14:49:44 356 ] RealTimeView_Page -> RealTimeView_CamActions 
[ ㅓㅓ 2023-06-26 월요일 14:49:46 753 ] RealTimeView_Page -> RealTimeView_CamActions 
[ ㅓㅓ 2023-06-26 월요일 15:32:49 514 ] Form1 -> Form1_FormClosing 
[ ㅓㅓ 2023-06-26 월요일 15:32:49 532 ] RealTimeView_Page -> CameraClose 
[ ㅓㅓ 2023-06-26 월요일 15:32:49 574 ] CameraControl -> Stop 
[ ㅓㅓ 2023-06-26 월요일 15:32:49 733 ] CameraControl -> Close 
[ ㅓㅓ 2023-06-26 월요일 15:32:49 822 ] CameraControl -> Stop 
[ ㅓㅓ 2023-06-26 월요일 15:32:49 822 ] CameraControl -> Close 
[ ㅓㅓ 2023-06-26 월요일 15:32:49 822 ] CameraControl -> Stop 
[ ㅓㅓ 2023-06-26 월요일 15:32:49 823 ] CameraControl -> Close 
[ ㅓㅓ 2023-06-26 월요일 15:32:49 826 ] VideoCheck_Page -> VideoClose 
[ ㅓㅓ 2023-06-26 월요일 15:32:49 827 ] VideoAnalysis_Page -> VideoClose 
[ ㅓㅓ 2023-06-26 월요일 15:32:50 653 ] CameraControl -> Finalize 
[ ㅓㅓ 2023-06-26 월요일 15:32:50 653 ] CameraControl -> Close 
[ ㅓㅓ 2023-06-26 월요일 15:32:50 664 ] CameraControl -> Finalize 
[ ㅓㅓ 2023-06-26 월요일 15:32:50 665 ] CameraControl -> Close 
[ ㅓㅓ 2023-06-26 월요일 15:32:50 665 ] CameraControl -> Finalize 
[ ㅓㅓ 2023-06-26 월요일 15:32:50 666 ] CameraControl -> Close 
[ ㅓㅓ 2023-06-26 월요일 15:40:53 850 ] Settings_Page -> XMLSave 
[ ㅓㅓ 2023-06-26 월요일 15:40:55 834 ] Form1 -> NavigationClick 
[ ㅓㅓ 2023-06-26 월요일 15:43:56 836 ] Form1 -> Form1_FormClosing 
[ ㅓㅓ 2023-06-26 월요일 15:43:56 845 ] RealTimeView_Page -> CameraClose 
[ ㅓㅓ 2023-06-26 월요일 15:43:57 013 ] CameraControl -> Stop 
[ ㅓㅓ 2023-06-26 월요일 15:43:57 107 ] CameraControl -> Close 
[ ㅓㅓ 2023-06-26 월요일 15:43:57 130 ] CameraControl -> Stop 
[ ㅓㅓ 2023-06-26 월요일 15:43:57 130 ] CameraControl -> Close 
[ ㅓㅓ 2023-06-26 월요일 15:43:57 130 ] CameraControl -> Stop 
[ ㅓㅓ 2023-06-26 월요일 15:43:57 131 ] CameraControl -> Close 
[ ㅓㅓ 2023-06-26 월요일 15:43:57 131 ] VideoCheck_Page -> VideoClose 
[ ㅓㅓ 2023-06-26 월요일 15:43:57 132 ] VideoAnalysis_Page -> VideoClose 
[ ㅓㅓ 2023-06-26 월요일 15:44:13 701 ] Settings_Page -> XMLSave 
[ ㅓㅓ 2023-06-26 월요일 15:44:15 801 ] Form1 -> NavigationClick 
[ ㅓㅓ 2023-06-26 월요일 15:44:52 984 ] Form1 -> Form1_FormClosing 
[ ㅓㅓ 2023-06-26 월요일 15:44:52 991 ] RealTimeView_Page -> CameraClose 
[ ㅓㅓ 2023-06-26 월요일 15:44:53 013 ] CameraControl -> Stop 
[ ㅓㅓ 2023-06-26 월요일 15:44:53 127 ] CameraControl -> Close 
[ ㅓㅓ 2023-06-26 월요일 15:44:53 150 ] CameraControl -> Stop 
[ ㅓㅓ 2023-06-26 월요일 15:44:53 150 ] CameraControl -> Close 
[ ㅓㅓ 2023-06-26 월요일 15:44:53 150 ] CameraControl -> Stop 
[ ㅓㅓ 2023-06-26 월요일 15:44:53 150 ] CameraControl -> Close 
[ ㅓㅓ 2023-06-26 월요일 15:44:53 151 ] VideoCheck_Page -> VideoClose 
[ ㅓㅓ 2023-06-26 월요일 15:44:53 151 ] VideoAnalysis_Page -> VideoClose 
[ ㅓㅓ 2023-06-26 월요일 15:44:53 288 ] CameraControl -> Finalize 
[ ㅓㅓ 2023-06-26 월요일 15:44:53 289 ] CameraControl -> Close 
[ ㅓㅓ 2023-06-26 월요일 15:44:53 299 ] CameraControl -> Finalize 
[ ㅓㅓ 2023-06-26 월요일 15:44:53 299 ] CameraControl -> Close 
[ ㅓㅓ 2023-06-26 월요일 15:44:53 299 ] CameraControl -> Finalize 
[ ㅓㅓ 2023-06-26 월요일 15:44:53 300 ] CameraControl -> Close 
[ ㅓㅓ 2023-06-26 월요일 15:45:24 843 ] Settings_Page -> XMLSave 
[ ㅓㅓ 2023-06-26 월요일 15:45:26 071 ] Form1 -> NavigationClick 
[ ㅓㅓ 2023-06-26 월요일 15:48:36 313 ] Form1 -> Form1_FormClosing 
[ ㅓㅓ 2023-06-26 월요일 15:48:36 319 ] RealTimeView_Page -> CameraClose 
[ ㅓㅓ 2023-06-26 월요일 15:48:36 383 ] CameraControl -> Stop 
[ ㅓㅓ 2023-06-26 월요일 15:48:36 785 ] CameraControl -> Close 
[ ㅓㅓ 2023-06-26 월요일 15:48:36 802 ] CameraControl -> Stop 
[ ㅓㅓ 2023-06-26 월요일 15:48:36 802 ] CameraControl -> Close 
[ ㅓㅓ 2023-06-26 월요일 15:48:36 802 ] CameraControl -> Stop 
[ ㅓㅓ 2023-06-26 월요일 15:48:36 803 ] CameraControl -> Close 
[ ㅓㅓ 2023-06-26 월요일 15:48:36 803 ] VideoCheck_Page -> VideoClose 
[ ㅓㅓ 2023-06-26 월요일 15:48:36 806 ] VideoAnalysis_Page -> VideoClose 
[ ㅓㅓ 2023-06-26 월요일 15:48:37 030 ] CameraControl -> Finalize 
[ ㅓㅓ 2023-06-26 월요일 15:48:37 031 ] CameraControl -> Close 
[ ㅓㅓ 2023-06-26 월요일 15:48:37 038 ] CameraControl -> Finalize 
[ ㅓㅓ 2023-06-26 월요일 15:48:37 039 ] CameraControl -> Close 
[ ㅓㅓ 2023-06-26 월요일 15:48:37 039 ] CameraControl -> Finalize 
[ ㅓㅓ 2023-06-26 월요일 15:48:37 039 ] CameraControl -> Close 
[ ㅓㅓ 2023-06-26 월요일 15:48:50 917 ] Settings_Page -> XMLSave 
[ ㅓㅓ 2023-06-26 월요일 15:48:52 302 ] Form1 -> NavigationClick 
[ ㅓㅓ 2023-06-26 월요일 15:51:26 986 ] Form1 -> NavigationClick 
[ ㅓㅓ 2023-06-26 월요일 15:51:27 160 ] VideoAnalysis_Page -> VideoAnalysis_Page_Load 
[ ㅓㅓ 2023-06-26 월요일 15:51:29 298 ] Form1 -> NavigationClick 
[ ㅓㅓ 2023-06-26 월요일 15:51:29 299 ] VideoAnalysis_Page -> PageChange 
[ ㅓㅓ 2023-06-26 월요일 17:39:11 197 ] RealTimeView_Page -> RealTimeView_CamActions 
[ ㅓㅓ 2023-06-26 월요일 17:39:12 438 ] RealTimeView_Page -> RealTimeView_CamActions 
[ ㅓㅓ 2023-06-26 월요일 17:41:16 326 ] Settings_Page -> XMLSave 
[ ㅓㅓ 2023-06-26 월요일 17:41:18 156 ] Form1 -> NavigationClick 
[ ㅓㅓ 2023-06-26 월요일 18:01:51 993 ] Form1 -> Form1_FormClosing 
[ ㅓㅓ 2023-06-26 월요일 18:01:51 999 ] RealTimeView_Page -> CameraClose 
[ ㅓㅓ 2023-06-26 월요일 18:01:52 169 ] CameraControl -> Stop 
[ ㅓㅓ 2023-06-26 월요일 18:01:52 257 ] CameraControl -> Close 
[ ㅓㅓ 2023-06-26 월요일 18:01:52 307 ] CameraControl -> Stop 
[ ㅓㅓ 2023-06-26 월요일 18:01:52 308 ] CameraControl -> Close 
[ ㅓㅓ 2023-06-26 월요일 18:01:52 308 ] CameraControl -> Stop 
[ ㅓㅓ 2023-06-26 월요일 18:01:52 308 ] CameraControl -> Close 
[ ㅓㅓ 2023-06-26 월요일 18:01:52 308 ] VideoCheck_Page -> VideoClose 
[ ㅓㅓ 2023-06-26 월요일 18:01:52 310 ] VideoAnalysis_Page -> VideoClose 
[ ㅓㅓ 2023-06-26 월요일 18:01:52 593 ] CameraControl -> Finalize 
[ ㅓㅓ 2023-06-26 월요일 18:01:52 594 ] CameraControl -> Close 
[ ㅓㅓ 2023-06-26 월요일 18:01:52 603 ] CameraControl -> Finalize 
[ ㅓㅓ 2023-06-26 월요일 18:01:52 603 ] CameraControl -> Close 
[ ㅓㅓ 2023-06-26 월요일 18:01:52 603 ] CameraControl -> Finalize 
[ ㅓㅓ 2023-06-26 월요일 18:01:52 604 ] CameraControl -> Close 
