[  2023-06-16 금요일 00:00:00 153 ] 파일 생성 성공
[ ㅓㅓ 2023-06-16 금요일 00:00:00 152 ] Settings_Page -> WorkDayChange 완료
[ ㅓㅓ 2023-06-16 금요일 10:35:29 654 ] VideoAnalysis_Page -> VideoAnalysis_ButtonActions1 
[ ㅓㅓ 2023-06-16 금요일 10:35:29 655 ] VideoAnalysis_Page -> VideoCheck_Play1 
[ ㅓㅓ 2023-06-16 금요일 10:37:13 896 ] VideoAnalysis_Page -> VideoAnalysis_ButtonActions1 
[ ㅓㅓ 2023-06-16 금요일 10:37:13 898 ] VideoAnalysis_Page -> VideoCheck_Play1 
[ ㅓㅓ 2023-06-16 금요일 10:37:55 141 ] VideoAnalysis_Page -> VideoAnalysis_ButtonActions1 
[ ㅓㅓ 2023-06-16 금요일 10:37:55 143 ] VideoAnalysis_Page -> VideoCheck_Play1 
[ ㅓㅓ 2023-06-16 금요일 10:42:26 006 ] VideoAnalysis_Page -> VideoAnalysis_ButtonActions1 
[ ㅓㅓ 2023-06-16 금요일 10:42:26 007 ] VideoAnalysis_Page -> VideoCheck_Play1 
[ ㅓㅓ 2023-06-16 금요일 10:54:16 096 ] VideoAnalysis_Page -> VideoAnalysis_ButtonActions1 
[ ㅓㅓ 2023-06-16 금요일 10:54:16 097 ] VideoAnalysis_Page -> VideoCheck_Play1 
[ ㅓㅓ 2023-06-16 금요일 10:54:17 064 ] VideoAnalysis_Page -> VideoAnalysis_ButtonActions1 
[ ㅓㅓ 2023-06-16 금요일 10:54:17 074 ] VideoAnalysis_Page -> VideoCheck_Play1 
[ ㅓㅓ 2023-06-16 금요일 10:55:00 175 ] VideoAnalysis_Page -> VideoAnalysis_ButtonActions1 
[ ㅓㅓ 2023-06-16 금요일 10:55:00 175 ] VideoAnalysis_Page -> VideoCheck_Play1 
[ ㅓㅓ 2023-06-16 금요일 10:56:39 498 ] VideoAnalysis_Page -> VideoAnalysis_ButtonActions1 
[ ㅓㅓ 2023-06-16 금요일 10:56:39 500 ] VideoAnalysis_Page -> VideoCheck_Play1 
[ ㅓㅓ 2023-06-16 금요일 17:27:47 088 ] VideoAnalysis_Page -> VideoAnalysis_ButtonActions1 
[ ㅓㅓ 2023-06-16 금요일 17:27:47 090 ] VideoAnalysis_Page -> VideoCheck_Play1 
[ ㅓㅓ 2023-06-16 금요일 17:28:17 253 ] VideoAnalysis_Page -> VideoAnalysis_ButtonActions1 
[ ㅓㅓ 2023-06-16 금요일 17:28:17 254 ] VideoAnalysis_Page -> VideoCheck_Play1 
[ ㅓㅓ 2023-06-16 금요일 17:28:20 977 ] VideoAnalysis_Page -> VideoAnalysis_ButtonActions1 
[ ㅓㅓ 2023-06-16 금요일 17:28:20 978 ] VideoAnalysis_Page -> VideoCheck_Play1 
[ ㅓㅓ 2023-06-16 금요일 17:28:21 644 ] VideoAnalysis_Page -> VideoAnalysis_ButtonActions1 
[ ㅓㅓ 2023-06-16 금요일 17:28:21 644 ] VideoAnalysis_Page -> VideoCheck_Play1 
[ ㅓㅓ 2023-06-16 금요일 17:40:22 403 ] VideoAnalysis_Page -> VideoAnalysis_ButtonActions1 
[ ㅓㅓ 2023-06-16 금요일 17:40:22 405 ] VideoAnalysis_Page -> VideoCheck_Play1 
[ ㅓㅓ 2023-06-16 금요일 17:44:56 758 ] VideoAnalysis_Page -> VideoAnalysis_ButtonActions1 
[ ㅓㅓ 2023-06-16 금요일 17:44:56 767 ] VideoAnalysis_Page -> VideoCheck_Play1 
[ ㅓㅓ 2023-06-16 금요일 17:45:27 805 ] VideoAnalysis_Page -> VideoAnalysis_ButtonActions1 
[ ㅓㅓ 2023-06-16 금요일 17:45:27 805 ] VideoAnalysis_Page -> VideoCheck_Play1 
[ ㅓㅓ 2023-06-16 금요일 17:45:50 410 ] VideoAnalysis_Page -> VideoAnalysis_ButtonActions1 
[ ㅓㅓ 2023-06-16 금요일 17:45:50 419 ] VideoAnalysis_Page -> VideoCheck_Play1 
[ ㅓㅓ 2023-06-16 금요일 17:47:08 374 ] VideoAnalysis_Page -> VideoAnalysis_ButtonActions1 
[ ㅓㅓ 2023-06-16 금요일 17:47:08 385 ] VideoAnalysis_Page -> VideoCheck_Play1 
[ ㅓㅓ 2023-06-16 금요일 17:47:25 985 ] VideoAnalysis_Page -> VideoAnalysis_ButtonActions1 
[ ㅓㅓ 2023-06-16 금요일 17:47:25 985 ] VideoAnalysis_Page -> VideoCheck_Play1 
[ ㅓㅓ 2023-06-16 금요일 17:47:30 933 ] VideoAnalysis_Page -> VideoAnalysis_ButtonActions1 
[ ㅓㅓ 2023-06-16 금요일 17:47:30 933 ] VideoAnalysis_Page -> VideoCheck_Play1 
[ ㅓㅓ 2023-06-16 금요일 17:50:30 517 ] VideoAnalysis_Page -> VideoAnalysis_ButtonActions1 
[ ㅓㅓ 2023-06-16 금요일 17:50:30 521 ] VideoAnalysis_Page -> VideoCheck_Play1 
[ ㅓㅓ 2023-06-16 금요일 17:50:41 707 ] VideoAnalysis_Page -> VideoAnalysis_ButtonActions1 
[ ㅓㅓ 2023-06-16 금요일 17:50:41 707 ] VideoAnalysis_Page -> VideoCheck_Play1 
[ ㅓㅓ 2023-06-16 금요일 17:51:43 967 ] VideoAnalysis_Page -> VideoAnalysis_ButtonActions1 
[ ㅓㅓ 2023-06-16 금요일 17:51:43 974 ] VideoAnalysis_Page -> VideoCheck_Play1 
[ ㅓㅓ 2023-06-16 금요일 17:58:47 378 ] VideoAnalysis_Page -> VideoAnalysis_ButtonActions1 
[ ㅓㅓ 2023-06-16 금요일 17:58:47 379 ] VideoAnalysis_Page -> VideoCheck_Play1 
[ ㅓㅓ 2023-06-16 금요일 17:59:36 091 ] VideoAnalysis_Page -> VideoAnalysis_ButtonActions1 
[ ㅓㅓ 2023-06-16 금요일 17:59:36 093 ] VideoAnalysis_Page -> VideoCheck_Play1 
[ ㅓㅓ 2023-06-16 금요일 18:04:04 268 ] VideoAnalysis_Page -> PanelClosed 
[ ㅓㅓ 2023-06-16 금요일 18:04:06 305 ] VideoAnalysis_Page -> PanelDoubleClick 
[ ㅓㅓ 2023-06-16 금요일 18:04:07 970 ] Form1 -> Form1_FormClosing 
[ ㅓㅓ 2023-06-16 금요일 18:04:07 976 ] RealTimeView_Page -> CameraClose 
[ ㅓㅓ 2023-06-16 금요일 18:04:07 993 ] CameraControl -> Stop 
[ ㅓㅓ 2023-06-16 금요일 18:04:08 422 ] CameraControl -> Close 
[ ㅓㅓ 2023-06-16 금요일 18:04:08 486 ] CameraControl -> Stop 
[ ㅓㅓ 2023-06-16 금요일 18:04:08 486 ] CameraControl -> Close 
[ ㅓㅓ 2023-06-16 금요일 18:04:08 486 ] CameraControl -> Stop 
[ ㅓㅓ 2023-06-16 금요일 18:04:08 487 ] CameraControl -> Close 
[ ㅓㅓ 2023-06-16 금요일 18:04:08 487 ] VideoCheck_Page -> VideoClose 
[ ㅓㅓ 2023-06-16 금요일 18:04:08 488 ] VideoAnalysis_Page -> VideoClose 
[ ㅓㅓ 2023-06-16 금요일 18:04:09 032 ] CameraControl -> Finalize 
[ ㅓㅓ 2023-06-16 금요일 18:04:09 033 ] CameraControl -> Close 
[ ㅓㅓ 2023-06-16 금요일 18:04:09 043 ] CameraControl -> Finalize 
[ ㅓㅓ 2023-06-16 금요일 18:04:09 043 ] CameraControl -> Close 
[ ㅓㅓ 2023-06-16 금요일 18:04:09 045 ] CameraControl -> Finalize 
[ ㅓㅓ 2023-06-16 금요일 18:04:09 046 ] CameraControl -> Close 
