[  2023-06-19 월요일 09:06:33 840 ] 파일 생성 성공
[ ㅓㅓ 2023-06-19 월요일 09:06:33 840 ] Settings_Page -> XMLSave 
[ ㅓㅓ 2023-06-19 월요일 09:06:39 376 ] Form1 -> NavigationClick 
[ ㅓㅓ 2023-06-19 월요일 09:06:39 587 ] VideoAnalysis_Page -> VideoAnalysis_Page_Load 
[ ㅓㅓ 2023-06-19 월요일 09:06:41 658 ] VideoAnalysis_Page -> VideoAnalysis_ButtonActions1 
[ ㅓㅓ 2023-06-19 월요일 09:06:41 738 ] VideoAnalysis_Page -> VideoCheck_FileOpen1 
[ ㅓㅓ 2023-06-19 월요일 09:06:53 049 ] VideoAnalysis_Page -> FilterClick 
[ ㅓㅓ 2023-06-19 월요일 09:06:53 668 ] VideoAnalysis_Page -> VideoAnalysis_ButtonActions1 
[ ㅓㅓ 2023-06-19 월요일 09:06:53 668 ] VideoAnalysis_Page -> VideoCheck_FileOpen1 
[ ㅓㅓ 2023-06-19 월요일 09:07:04 281 ] Form1 -> NavigationClick 
[ ㅓㅓ 2023-06-19 월요일 09:07:04 282 ] VideoAnalysis_Page -> PageChange 
[ ㅓㅓ 2023-06-19 월요일 09:07:13 163 ] RealTimeView_Page -> RealTimeView_ButtonActions 
[ ㅓㅓ 2023-06-19 월요일 09:07:22 724 ] RealTimeView_Page -> UserTextChange 
[ ㅓㅓ 2023-06-19 월요일 09:07:22 727 ] Settings_Page -> XMLSave 
[ ㅓㅓ 2023-06-19 월요일 09:07:22 780 ] RealTimeView_Page -> RealTimeView_ButtonActions 
[ ㅓㅓ 2023-06-19 월요일 09:07:27 013 ] Form1 -> NavigationClick 
[ ㅓㅓ 2023-06-19 월요일 09:07:30 389 ] Form1 -> Form1_FormClosing 
[ ㅓㅓ 2023-06-19 월요일 09:07:30 398 ] RealTimeView_Page -> CameraClose 
[ ㅓㅓ 2023-06-19 월요일 09:07:30 408 ] CameraControl -> Stop 
[ ㅓㅓ 2023-06-19 월요일 09:07:31 713 ] CameraControl -> Close 
[ ㅓㅓ 2023-06-19 월요일 09:07:31 744 ] CameraControl -> Stop 
[ ㅓㅓ 2023-06-19 월요일 09:07:31 745 ] CameraControl -> Close 
[ ㅓㅓ 2023-06-19 월요일 09:07:31 745 ] CameraControl -> Stop 
[ ㅓㅓ 2023-06-19 월요일 09:07:31 745 ] CameraControl -> Close 
[ ㅓㅓ 2023-06-19 월요일 09:07:31 746 ] VideoCheck_Page -> VideoClose 
[ ㅓㅓ 2023-06-19 월요일 09:07:31 747 ] VideoAnalysis_Page -> VideoClose 
[ ㅓㅓ 2023-06-19 월요일 09:07:49 284 ] Settings_Page -> XMLSave 
[ ㅓㅓ 2023-06-19 월요일 09:07:50 734 ] Form1 -> NavigationClick 
[ ㅓㅓ 2023-06-19 월요일 09:07:56 466 ] Form1 -> NavigationClick 
[ ㅓㅓ 2023-06-19 월요일 09:07:56 755 ] VideoAnalysis_Page -> VideoAnalysis_Page_Load 
[ ㅓㅓ 2023-06-19 월요일 09:08:12 873 ] VideoAnalysis_Page -> FilterClick 
[ ㅓㅓ 2023-06-19 월요일 09:08:13 569 ] VideoAnalysis_Page -> VideoAnalysis_ButtonActions1 
[ ㅓㅓ 2023-06-19 월요일 09:08:13 571 ] VideoAnalysis_Page -> VideoCheck_FileOpen1 
[ ㅓㅓ 2023-06-19 월요일 09:29:05 970 ] VideoAnalysis_Page -> VideoAnalysis_ButtonActions1 
[ ㅓㅓ 2023-06-19 월요일 09:29:05 974 ] VideoAnalysis_Page -> VideoCheck_Play1 
[ ㅓㅓ 2023-06-19 월요일 09:30:10 482 ] VideoAnalysis_Page -> VideoAnalysis_ButtonActions1 
[ ㅓㅓ 2023-06-19 월요일 09:30:10 483 ] VideoAnalysis_Page -> VideoCheck_Play1 
[ ㅓㅓ 2023-06-19 월요일 09:30:48 375 ] VideoAnalysis_Page -> VideoAnalysis_ButtonActions1 
[ ㅓㅓ 2023-06-19 월요일 09:30:48 376 ] VideoAnalysis_Page -> VideoCheck_Play1 
[ ㅓㅓ 2023-06-19 월요일 09:31:03 161 ] VideoAnalysis_Page -> VideoAnalysis_ButtonActions1 
[ ㅓㅓ 2023-06-19 월요일 09:31:03 162 ] VideoAnalysis_Page -> VideoCheck_Play1 
[ ㅓㅓ 2023-06-19 월요일 09:40:55 330 ] VideoAnalysis_Page -> VideoAnalysis_ButtonActions1 
[ ㅓㅓ 2023-06-19 월요일 09:40:55 332 ] VideoAnalysis_Page -> VideoCheck_Play1 
[ ㅓㅓ 2023-06-19 월요일 09:41:11 836 ] VideoAnalysis_Page -> VideoAnalysis_ButtonActions1 
[ ㅓㅓ 2023-06-19 월요일 09:41:11 837 ] VideoAnalysis_Page -> VideoCheck_Play1 
[ ㅓㅓ 2023-06-19 월요일 10:33:40 104 ] VideoAnalysis_Page -> VideoAnalysis_ButtonActions1 
[ ㅓㅓ 2023-06-19 월요일 10:33:40 104 ] VideoAnalysis_Page -> VideoCheck_Play1 
[ ㅓㅓ 2023-06-19 월요일 10:33:55 189 ] VideoAnalysis_Page -> VideoAnalysis_ButtonActions1 
[ ㅓㅓ 2023-06-19 월요일 10:33:55 190 ] VideoAnalysis_Page -> VideoCheck_Play1 
[ ㅓㅓ 2023-06-19 월요일 10:34:04 452 ] VideoAnalysis_Page -> VideoAnalysis_ButtonActions1 
[ ㅓㅓ 2023-06-19 월요일 10:34:04 453 ] VideoAnalysis_Page -> VideoCheck_Play1 
[ ㅓㅓ 2023-06-19 월요일 10:34:24 697 ] VideoAnalysis_Page -> VideoAnalysis_ButtonActions1 
[ ㅓㅓ 2023-06-19 월요일 10:34:24 698 ] VideoAnalysis_Page -> VideoCheck_Play1 
[ ㅓㅓ 2023-06-19 월요일 10:34:32 122 ] VideoAnalysis_Page -> VideoAnalysis_ButtonActions1 
[ ㅓㅓ 2023-06-19 월요일 10:34:32 123 ] VideoAnalysis_Page -> VideoCheck_Play1 
[ ㅓㅓ 2023-06-19 월요일 10:34:33 326 ] VideoAnalysis_Page -> VideoAnalysis_ButtonActions1 
[ ㅓㅓ 2023-06-19 월요일 10:34:33 327 ] VideoAnalysis_Page -> VideoCheck_Play1 
[ ㅓㅓ 2023-06-19 월요일 10:34:52 852 ] VideoAnalysis_Page -> FilterClick 
[ ㅓㅓ 2023-06-19 월요일 10:35:09 738 ] VideoAnalysis_Page -> FilterClick 
[ ㅓㅓ 2023-06-19 월요일 10:41:12 466 ] VideoAnalysis_Page -> VideoAnalysis_ButtonActions1 
[ ㅓㅓ 2023-06-19 월요일 10:41:12 467 ] VideoAnalysis_Page -> VideoCheck_Play1 
[ ㅓㅓ 2023-06-19 월요일 10:41:43 739 ] VideoAnalysis_Page -> VideoAnalysis_ButtonActions1 
[ ㅓㅓ 2023-06-19 월요일 10:41:43 741 ] VideoAnalysis_Page -> VideoCheck_Play1 
[ ㅓㅓ 2023-06-19 월요일 10:55:13 354 ] VideoAnalysis_Page -> VideoAnalysis_ButtonActions1 
[ ㅓㅓ 2023-06-19 월요일 10:55:13 355 ] VideoAnalysis_Page -> VideoCheck_Play1 
[ ㅓㅓ 2023-06-19 월요일 10:55:29 000 ] VideoAnalysis_Page -> VideoAnalysis_ButtonActions1 
[ ㅓㅓ 2023-06-19 월요일 10:55:29 001 ] VideoAnalysis_Page -> VideoCheck_Play1 
[ ㅓㅓ 2023-06-19 월요일 10:55:30 584 ] VideoAnalysis_Page -> VideoAnalysis_ButtonActions1 
[ ㅓㅓ 2023-06-19 월요일 10:55:30 584 ] VideoAnalysis_Page -> VideoCheck_Play1 
[ ㅓㅓ 2023-06-19 월요일 10:55:31 312 ] VideoAnalysis_Page -> VideoAnalysis_ButtonActions1 
[ ㅓㅓ 2023-06-19 월요일 10:55:31 314 ] VideoAnalysis_Page -> VideoCheck_Play1 
[ ㅓㅓ 2023-06-19 월요일 10:55:32 596 ] VideoAnalysis_Page -> VideoAnalysis_ButtonActions1 
[ ㅓㅓ 2023-06-19 월요일 10:55:32 597 ] VideoAnalysis_Page -> VideoCheck_Play1 
[ ㅓㅓ 2023-06-19 월요일 10:55:33 411 ] VideoAnalysis_Page -> VideoAnalysis_ButtonActions1 
[ ㅓㅓ 2023-06-19 월요일 10:55:33 411 ] VideoAnalysis_Page -> VideoCheck_Play1 
[ ㅓㅓ 2023-06-19 월요일 10:55:34 035 ] VideoAnalysis_Page -> VideoAnalysis_ButtonActions1 
[ ㅓㅓ 2023-06-19 월요일 10:55:34 036 ] VideoAnalysis_Page -> VideoCheck_Play1 
[ ㅓㅓ 2023-06-19 월요일 10:55:34 656 ] VideoAnalysis_Page -> VideoAnalysis_ButtonActions1 
[ ㅓㅓ 2023-06-19 월요일 10:55:34 657 ] VideoAnalysis_Page -> VideoCheck_Play1 
[ ㅓㅓ 2023-06-19 월요일 10:55:35 608 ] VideoAnalysis_Page -> VideoAnalysis_ButtonActions1 
[ ㅓㅓ 2023-06-19 월요일 10:55:35 609 ] VideoAnalysis_Page -> VideoCheck_Play1 
[ ㅓㅓ 2023-06-19 월요일 10:55:36 520 ] VideoAnalysis_Page -> VideoAnalysis_ButtonActions1 
[ ㅓㅓ 2023-06-19 월요일 10:55:36 521 ] VideoAnalysis_Page -> VideoCheck_Play1 
[ ㅓㅓ 2023-06-19 월요일 10:55:37 218 ] VideoAnalysis_Page -> VideoAnalysis_ButtonActions1 
[ ㅓㅓ 2023-06-19 월요일 10:55:37 219 ] VideoAnalysis_Page -> VideoCheck_Play1 
[ ㅓㅓ 2023-06-19 월요일 10:55:39 827 ] VideoAnalysis_Page -> VideoAnalysis_ButtonActions1 
[ ㅓㅓ 2023-06-19 월요일 10:55:39 827 ] VideoAnalysis_Page -> VideoCheck_Play1 
[ ㅓㅓ 2023-06-19 월요일 10:55:42 010 ] VideoAnalysis_Page -> VideoAnalysis_ButtonActions1 
[ ㅓㅓ 2023-06-19 월요일 10:55:42 010 ] VideoAnalysis_Page -> VideoCheck_Play1 
[ ㅓㅓ 2023-06-19 월요일 10:55:42 925 ] VideoAnalysis_Page -> VideoAnalysis_ButtonActions1 
[ ㅓㅓ 2023-06-19 월요일 10:55:42 925 ] VideoAnalysis_Page -> VideoCheck_Play1 
[ ㅓㅓ 2023-06-19 월요일 10:55:43 876 ] VideoAnalysis_Page -> VideoAnalysis_ButtonActions1 
[ ㅓㅓ 2023-06-19 월요일 10:55:43 876 ] VideoAnalysis_Page -> VideoCheck_Play1 
[ ㅓㅓ 2023-06-19 월요일 10:55:55 605 ] VideoAnalysis_Page -> VideoAnalysis_ButtonActions1 
[ ㅓㅓ 2023-06-19 월요일 10:55:55 609 ] VideoAnalysis_Page -> VideoCheck_Play1 
[ ㅓㅓ 2023-06-19 월요일 10:55:56 564 ] VideoAnalysis_Page -> VideoAnalysis_ButtonActions1 
[ ㅓㅓ 2023-06-19 월요일 10:55:56 565 ] VideoAnalysis_Page -> VideoCheck_Play1 
[ ㅓㅓ 2023-06-19 월요일 10:55:57 017 ] VideoAnalysis_Page -> VideoAnalysis_ButtonActions1 
[ ㅓㅓ 2023-06-19 월요일 10:55:57 017 ] VideoAnalysis_Page -> VideoCheck_Play1 
[ ㅓㅓ 2023-06-19 월요일 10:55:57 808 ] VideoAnalysis_Page -> VideoAnalysis_ButtonActions1 
[ ㅓㅓ 2023-06-19 월요일 10:55:57 808 ] VideoAnalysis_Page -> VideoCheck_Play1 
[ ㅓㅓ 2023-06-19 월요일 10:55:58 288 ] VideoAnalysis_Page -> VideoAnalysis_ButtonActions1 
[ ㅓㅓ 2023-06-19 월요일 10:55:58 289 ] VideoAnalysis_Page -> VideoCheck_Play1 
[ ㅓㅓ 2023-06-19 월요일 10:55:59 057 ] VideoAnalysis_Page -> VideoAnalysis_ButtonActions1 
[ ㅓㅓ 2023-06-19 월요일 10:55:59 058 ] VideoAnalysis_Page -> VideoCheck_Play1 
[ ㅓㅓ 2023-06-19 월요일 10:55:59 833 ] VideoAnalysis_Page -> VideoAnalysis_ButtonActions1 
[ ㅓㅓ 2023-06-19 월요일 10:55:59 834 ] VideoAnalysis_Page -> VideoCheck_Play1 
[ ㅓㅓ 2023-06-19 월요일 10:56:00 516 ] VideoAnalysis_Page -> VideoAnalysis_ButtonActions1 
[ ㅓㅓ 2023-06-19 월요일 10:56:00 516 ] VideoAnalysis_Page -> VideoCheck_Play1 
[ ㅓㅓ 2023-06-19 월요일 10:56:09 651 ] VideoAnalysis_Page -> VideoAnalysis_ButtonActions1 
[ ㅓㅓ 2023-06-19 월요일 10:56:09 655 ] VideoAnalysis_Page -> VideoCheck_Play1 
[ ㅓㅓ 2023-06-19 월요일 10:56:11 942 ] VideoAnalysis_Page -> VideoAnalysis_ButtonActions1 
[ ㅓㅓ 2023-06-19 월요일 10:56:11 943 ] VideoAnalysis_Page -> VideoCheck_Play1 
[ ㅓㅓ 2023-06-19 월요일 10:56:12 773 ] VideoAnalysis_Page -> VideoAnalysis_ButtonActions1 
[ ㅓㅓ 2023-06-19 월요일 10:56:12 773 ] VideoAnalysis_Page -> VideoCheck_Play1 
[ ㅓㅓ 2023-06-19 월요일 10:57:00 896 ] Form1 -> NavigationClick 
[ ㅓㅓ 2023-06-19 월요일 10:57:00 897 ] VideoAnalysis_Page -> PageChange 
[ ㅓㅓ 2023-06-19 월요일 10:57:06 472 ] Form1 -> Form1_FormClosing 
[ ㅓㅓ 2023-06-19 월요일 10:57:06 476 ] RealTimeView_Page -> CameraClose 
[ ㅓㅓ 2023-06-19 월요일 10:57:06 480 ] CameraControl -> Stop 
[ ㅓㅓ 2023-06-19 월요일 10:57:06 695 ] CameraControl -> Stop -1005 = GCWritePort(0x0000019DBF3A69F0, 16973828, 0x00000042F10FB190, 0x00000042F10FA340) Requested operation is not allowed.
[ ㅓㅓ 2023-06-19 월요일 10:57:06 696 ] CameraControl -> Close 
[ ㅓㅓ 2023-06-19 월요일 10:57:06 763 ] CameraControl -> Stop 
[ ㅓㅓ 2023-06-19 월요일 10:57:06 763 ] CameraControl -> Close 
[ ㅓㅓ 2023-06-19 월요일 10:57:06 763 ] CameraControl -> Stop 
[ ㅓㅓ 2023-06-19 월요일 10:57:06 764 ] CameraControl -> Close 
[ ㅓㅓ 2023-06-19 월요일 10:57:06 764 ] VideoCheck_Page -> VideoClose 
[ ㅓㅓ 2023-06-19 월요일 10:57:06 765 ] VideoAnalysis_Page -> VideoClose 
[ ㅓㅓ 2023-06-19 월요일 10:57:07 231 ] CameraControl -> Finalize 
[ ㅓㅓ 2023-06-19 월요일 10:57:07 231 ] CameraControl -> Close 
[ ㅓㅓ 2023-06-19 월요일 10:57:07 240 ] CameraControl -> Finalize 
[ ㅓㅓ 2023-06-19 월요일 10:57:07 241 ] CameraControl -> Close 
[ ㅓㅓ 2023-06-19 월요일 10:57:07 247 ] CameraControl -> Finalize 
[ ㅓㅓ 2023-06-19 월요일 10:57:07 248 ] CameraControl -> Close 
[ ㅓㅓ 2023-06-19 월요일 10:57:28 055 ] Settings_Page -> XMLSave 
[ ㅓㅓ 2023-06-19 월요일 10:57:29 465 ] Form1 -> NavigationClick 
[ ㅓㅓ 2023-06-19 월요일 10:57:29 712 ] VideoAnalysis_Page -> VideoAnalysis_Page_Load 
[ ㅓㅓ 2023-06-19 월요일 10:57:31 403 ] VideoAnalysis_Page -> FilterClick 
[ ㅓㅓ 2023-06-19 월요일 10:57:32 006 ] VideoAnalysis_Page -> VideoAnalysis_ButtonActions1 
[ ㅓㅓ 2023-06-19 월요일 10:57:32 008 ] VideoAnalysis_Page -> VideoCheck_FileOpen1 
[ ㅓㅓ 2023-06-19 월요일 10:57:41 501 ] Form1 -> NavigationClick 
[ ㅓㅓ 2023-06-19 월요일 10:57:41 503 ] VideoAnalysis_Page -> PageChange 
[ ㅓㅓ 2023-06-19 월요일 10:58:05 487 ] RealTimeView_Page -> RealTimeView_ButtonActions 
[ ㅓㅓ 2023-06-19 월요일 10:58:05 494 ] RealTimeView_Page -> VideoSaveAction 
[ ㅓㅓ 2023-06-19 월요일 10:58:05 496 ] RealTimeView_Page -> FolderPath 
[ ㅓㅓ 2023-06-19 월요일 10:58:05 756 ] RealTimeView_Page -> FolderPath 
[ ㅓㅓ 2023-06-19 월요일 10:58:05 888 ] RealTimeView_Page -> FolderPath 
[ ㅓㅓ 2023-06-19 월요일 11:08:06 028 ] RealTimeView_Page -> RealTimeView_ButtonActions 
[ ㅓㅓ 2023-06-19 월요일 11:08:06 690 ] RealTimeView_Page -> FolderPath 
[ ㅓㅓ 2023-06-19 월요일 11:08:29 597 ] Form1 -> NavigationClick 
[ ㅓㅓ 2023-06-19 월요일 11:08:31 617 ] VideoAnalysis_Page -> VideoAnalysis_ButtonActions1 
[ ㅓㅓ 2023-06-19 월요일 11:08:31 617 ] VideoAnalysis_Page -> VideoCheck_FileOpen1 
[ ㅓㅓ 2023-06-19 월요일 11:08:40 991 ] VideoAnalysis_Page -> VideoAnalysis_ButtonActions1 
[ ㅓㅓ 2023-06-19 월요일 11:08:40 994 ] VideoAnalysis_Page -> VideoCheck_Play1 
[ ㅓㅓ 2023-06-19 월요일 11:08:47 061 ] VideoAnalysis_Page -> VideoAnalysis_ButtonActions1 
[ ㅓㅓ 2023-06-19 월요일 11:08:47 062 ] VideoAnalysis_Page -> VideoCheck_Play1 
[ ㅓㅓ 2023-06-19 월요일 11:08:47 791 ] VideoAnalysis_Page -> VideoAnalysis_ButtonActions1 
[ ㅓㅓ 2023-06-19 월요일 11:08:47 791 ] VideoAnalysis_Page -> VideoCheck_Play1 
[ ㅓㅓ 2023-06-19 월요일 11:08:49 068 ] VideoAnalysis_Page -> FilterClick 
[ ㅓㅓ 2023-06-19 월요일 11:08:53 238 ] VideoAnalysis_Page -> FilterClick 
[ ㅓㅓ 2023-06-19 월요일 11:09:05 075 ] VideoAnalysis_Page -> FilterClick 
[ ㅓㅓ 2023-06-19 월요일 11:09:10 593 ] VideoAnalysis_Page -> FilterClick 
[ ㅓㅓ 2023-06-19 월요일 11:09:12 503 ] VideoAnalysis_Page -> FilterClick 
[ ㅓㅓ 2023-06-19 월요일 11:09:14 121 ] VideoAnalysis_Page -> FilterClick 
[ ㅓㅓ 2023-06-19 월요일 11:09:20 044 ] VideoAnalysis_Page -> VideoAnalysis_ButtonActions1 
[ ㅓㅓ 2023-06-19 월요일 11:09:20 046 ] VideoAnalysis_Page -> VideoCheck_Play1 
[ ㅓㅓ 2023-06-19 월요일 11:10:10 107 ] Form1 -> NavigationClick 
[ ㅓㅓ 2023-06-19 월요일 11:10:10 108 ] VideoAnalysis_Page -> PageChange 
[ ㅓㅓ 2023-06-19 월요일 11:10:15 447 ] Form1 -> NavigationClick 
[ ㅓㅓ 2023-06-19 월요일 11:10:22 401 ] Form1 -> NavigationClick 
[ ㅓㅓ 2023-06-19 월요일 11:10:22 402 ] VideoAnalysis_Page -> PageChange 
[ ㅓㅓ 2023-06-19 월요일 11:10:27 521 ] Form1 -> NavigationClick 
[ ㅓㅓ 2023-06-19 월요일 11:13:00 236 ] Form1 -> NavigationClick 
[ ㅓㅓ 2023-06-19 월요일 11:13:00 236 ] VideoAnalysis_Page -> PageChange 
[ ㅓㅓ 2023-06-19 월요일 11:13:02 084 ] Settings_Page -> FolderOpen 
[ ㅓㅓ 2023-06-19 월요일 11:13:15 795 ] Form1 -> NavigationClick 
[ ㅓㅓ 2023-06-19 월요일 12:55:59 522 ] VideoAnalysis_Page -> VideoAnalysis_ButtonActions1 
[ ㅓㅓ 2023-06-19 월요일 12:55:59 524 ] VideoAnalysis_Page -> VideoCheck_Play1 
[ ㅓㅓ 2023-06-19 월요일 12:56:47 505 ] VideoAnalysis_Page -> FilterClick 
[ ㅓㅓ 2023-06-19 월요일 12:56:49 586 ] VideoAnalysis_Page -> VideoAnalysis_ButtonActions1 
[ ㅓㅓ 2023-06-19 월요일 12:56:49 587 ] VideoAnalysis_Page -> VideoCheck_Play1 
[ ㅓㅓ 2023-06-19 월요일 12:56:50 920 ] VideoAnalysis_Page -> VideoAnalysis_ButtonActions1 
[ ㅓㅓ 2023-06-19 월요일 12:56:50 921 ] VideoAnalysis_Page -> VideoCheck_Play1 
[ ㅓㅓ 2023-06-19 월요일 12:56:52 848 ] VideoAnalysis_Page -> FilterClick 
[ ㅓㅓ 2023-06-19 월요일 12:56:57 042 ] VideoAnalysis_Page -> VideoAnalysis_ButtonActions1 
[ ㅓㅓ 2023-06-19 월요일 12:56:57 042 ] VideoAnalysis_Page -> VideoCheck_Play1 
[ ㅓㅓ 2023-06-19 월요일 13:16:28 765 ] VideoAnalysis_Page -> VideoAnalysis_ButtonActions1 
[ ㅓㅓ 2023-06-19 월요일 13:16:28 767 ] VideoAnalysis_Page -> VideoCheck_Play1 
[ ㅓㅓ 2023-06-19 월요일 13:16:44 246 ] VideoAnalysis_Page -> VideoAnalysis_ButtonActions1 
[ ㅓㅓ 2023-06-19 월요일 13:16:44 247 ] VideoAnalysis_Page -> VideoCheck_Play1 
[ ㅓㅓ 2023-06-19 월요일 13:17:00 592 ] VideoAnalysis_Page -> VideoAnalysis_ButtonActions1 
[ ㅓㅓ 2023-06-19 월요일 13:17:00 593 ] VideoAnalysis_Page -> VideoCheck_Play1 
[ ㅓㅓ 2023-06-19 월요일 13:17:12 356 ] VideoAnalysis_Page -> VideoAnalysis_ButtonActions1 
[ ㅓㅓ 2023-06-19 월요일 13:17:12 356 ] VideoAnalysis_Page -> VideoCheck_Play1 
[ ㅓㅓ 2023-06-19 월요일 13:18:39 888 ] VideoAnalysis_Page -> FilterClick 
[ ㅓㅓ 2023-06-19 월요일 13:18:44 839 ] VideoAnalysis_Page -> FilterClick 
[ ㅓㅓ 2023-06-19 월요일 13:19:03 455 ] VideoAnalysis_Page -> FilterClick 
[ ㅓㅓ 2023-06-19 월요일 13:19:07 287 ] VideoAnalysis_Page -> FilterClick 
[ ㅓㅓ 2023-06-19 월요일 13:19:21 780 ] VideoAnalysis_Page -> VideoAnalysis_ButtonActions1 
[ ㅓㅓ 2023-06-19 월요일 13:19:21 781 ] VideoAnalysis_Page -> VideoCheck_Play1 
[ ㅓㅓ 2023-06-19 월요일 13:24:11 399 ] VideoAnalysis_Page -> VideoAnalysis_ButtonActions1 
[ ㅓㅓ 2023-06-19 월요일 13:24:11 400 ] VideoAnalysis_Page -> VideoCheck_Play1 
[ ㅓㅓ 2023-06-19 월요일 13:24:51 078 ] VideoAnalysis_Page -> VideoAnalysis_ButtonActions1 
[ ㅓㅓ 2023-06-19 월요일 13:24:51 079 ] VideoAnalysis_Page -> VideoCheck_Play1 
[ ㅓㅓ 2023-06-19 월요일 13:27:25 375 ] VideoAnalysis_Page -> VideoAnalysis_ButtonActions1 
[ ㅓㅓ 2023-06-19 월요일 13:27:25 376 ] VideoAnalysis_Page -> VideoCheck_Play1 
[ ㅓㅓ 2023-06-19 월요일 13:36:02 241 ] VideoAnalysis_Page -> VideoAnalysis_ButtonActions1 
[ ㅓㅓ 2023-06-19 월요일 13:36:02 242 ] VideoAnalysis_Page -> VideoCheck_Play1 
[ ㅓㅓ 2023-06-19 월요일 13:41:08 238 ] VideoAnalysis_Page -> VideoAnalysis_ButtonActions1 
[ ㅓㅓ 2023-06-19 월요일 13:41:08 238 ] VideoAnalysis_Page -> VideoCheck_Play1 
[ ㅓㅓ 2023-06-19 월요일 13:41:25 090 ] VideoAnalysis_Page -> VideoAnalysis_ButtonActions1 
[ ㅓㅓ 2023-06-19 월요일 13:41:25 091 ] VideoAnalysis_Page -> VideoCheck_Play1 
[ ㅓㅓ 2023-06-19 월요일 13:43:20 698 ] VideoAnalysis_Page -> VideoAnalysis_ButtonActions1 
[ ㅓㅓ 2023-06-19 월요일 13:43:20 698 ] VideoAnalysis_Page -> VideoCheck_Play1 
[ ㅓㅓ 2023-06-19 월요일 14:04:26 182 ] VideoAnalysis_Page -> VideoAnalysis_ButtonActions1 
[ ㅓㅓ 2023-06-19 월요일 14:04:26 182 ] VideoAnalysis_Page -> VideoCheck_Play1 
[ ㅓㅓ 2023-06-19 월요일 14:04:46 066 ] VideoAnalysis_Page -> VideoAnalysis_ButtonActions1 
[ ㅓㅓ 2023-06-19 월요일 14:04:46 072 ] VideoAnalysis_Page -> VideoCheck_Play1 
[ ㅓㅓ 2023-06-19 월요일 14:04:50 208 ] VideoAnalysis_Page -> VideoAnalysis_ButtonActions1 
[ ㅓㅓ 2023-06-19 월요일 14:04:50 209 ] VideoAnalysis_Page -> VideoCheck_Play1 
[ ㅓㅓ 2023-06-19 월요일 14:05:05 016 ] VideoAnalysis_Page -> VideoAnalysis_ButtonActions1 
[ ㅓㅓ 2023-06-19 월요일 14:05:05 016 ] VideoAnalysis_Page -> VideoCheck_Play1 
[ ㅓㅓ 2023-06-19 월요일 14:05:57 104 ] VideoAnalysis_Page -> VideoAnalysis_ButtonActions1 
[ ㅓㅓ 2023-06-19 월요일 14:05:57 104 ] VideoAnalysis_Page -> VideoCheck_Play1 
[ ㅓㅓ 2023-06-19 월요일 14:06:34 109 ] VideoAnalysis_Page -> VideoAnalysis_ButtonActions1 
[ ㅓㅓ 2023-06-19 월요일 14:06:34 109 ] VideoAnalysis_Page -> VideoCheck_Play1 
[ ㅓㅓ 2023-06-19 월요일 14:33:45 783 ] VideoAnalysis_Page -> VideoAnalysis_ButtonActions1 
[ ㅓㅓ 2023-06-19 월요일 14:33:45 784 ] VideoAnalysis_Page -> VideoCheck_Play1 
[ ㅓㅓ 2023-06-19 월요일 14:33:48 753 ] VideoAnalysis_Page -> VideoAnalysis_ButtonActions1 
[ ㅓㅓ 2023-06-19 월요일 14:33:48 753 ] VideoAnalysis_Page -> VideoCheck_Play1 
[ ㅓㅓ 2023-06-19 월요일 14:36:50 589 ] VideoAnalysis_Page -> VideoAnalysis_ButtonActions1 
[ ㅓㅓ 2023-06-19 월요일 14:36:50 589 ] VideoAnalysis_Page -> VideoCheck_Play1 
[ ㅓㅓ 2023-06-19 월요일 14:39:18 907 ] VideoAnalysis_Page -> VideoAnalysis_ButtonActions1 
[ ㅓㅓ 2023-06-19 월요일 14:39:18 912 ] VideoAnalysis_Page -> VideoCheck_Play1 
[ ㅓㅓ 2023-06-19 월요일 14:39:21 042 ] VideoAnalysis_Page -> VideoAnalysis_ButtonActions1 
[ ㅓㅓ 2023-06-19 월요일 14:39:21 043 ] VideoAnalysis_Page -> VideoCheck_Play1 
[ ㅓㅓ 2023-06-19 월요일 14:39:21 360 ] VideoAnalysis_Page -> VideoAnalysis_ButtonActions1 
[ ㅓㅓ 2023-06-19 월요일 14:39:21 360 ] VideoAnalysis_Page -> VideoCheck_Play1 
[ ㅓㅓ 2023-06-19 월요일 14:39:21 981 ] VideoAnalysis_Page -> VideoAnalysis_ButtonActions1 
[ ㅓㅓ 2023-06-19 월요일 14:39:21 981 ] VideoAnalysis_Page -> VideoCheck_Play1 
[ ㅓㅓ 2023-06-19 월요일 14:39:22 486 ] VideoAnalysis_Page -> VideoAnalysis_ButtonActions1 
[ ㅓㅓ 2023-06-19 월요일 14:39:22 486 ] VideoAnalysis_Page -> VideoCheck_Play1 
[ ㅓㅓ 2023-06-19 월요일 14:39:23 117 ] VideoAnalysis_Page -> VideoAnalysis_ButtonActions1 
[ ㅓㅓ 2023-06-19 월요일 14:39:23 118 ] VideoAnalysis_Page -> VideoCheck_Play1 
[ ㅓㅓ 2023-06-19 월요일 14:39:23 815 ] VideoAnalysis_Page -> VideoAnalysis_ButtonActions1 
[ ㅓㅓ 2023-06-19 월요일 14:39:23 815 ] VideoAnalysis_Page -> VideoCheck_Play1 
[ ㅓㅓ 2023-06-19 월요일 14:39:24 409 ] VideoAnalysis_Page -> VideoAnalysis_ButtonActions1 
[ ㅓㅓ 2023-06-19 월요일 14:39:24 409 ] VideoAnalysis_Page -> VideoCheck_Play1 
[ ㅓㅓ 2023-06-19 월요일 14:39:25 129 ] VideoAnalysis_Page -> VideoAnalysis_ButtonActions1 
[ ㅓㅓ 2023-06-19 월요일 14:39:25 129 ] VideoAnalysis_Page -> VideoCheck_Play1 
[ ㅓㅓ 2023-06-19 월요일 15:16:22 760 ] VideoAnalysis_Page -> VideoAnalysis_ButtonActions1 
[ ㅓㅓ 2023-06-19 월요일 15:16:22 762 ] VideoAnalysis_Page -> VideoCheck_Play1 
[ ㅓㅓ 2023-06-19 월요일 15:16:24 209 ] VideoAnalysis_Page -> VideoAnalysis_ButtonActions1 
[ ㅓㅓ 2023-06-19 월요일 15:16:24 210 ] VideoAnalysis_Page -> VideoCheck_Play1 
[ ㅓㅓ 2023-06-19 월요일 15:16:26 138 ] VideoAnalysis_Page -> VideoAnalysis_ButtonActions1 
[ ㅓㅓ 2023-06-19 월요일 15:16:26 139 ] VideoAnalysis_Page -> VideoCheck_Play1 
[ ㅓㅓ 2023-06-19 월요일 15:16:26 899 ] VideoAnalysis_Page -> VideoAnalysis_ButtonActions1 
[ ㅓㅓ 2023-06-19 월요일 15:16:26 900 ] VideoAnalysis_Page -> VideoCheck_Play1 
[ ㅓㅓ 2023-06-19 월요일 15:16:42 102 ] VideoAnalysis_Page -> VideoAnalysis_ButtonActions1 
[ ㅓㅓ 2023-06-19 월요일 15:16:42 103 ] VideoAnalysis_Page -> VideoCheck_Play1 
[ ㅓㅓ 2023-06-19 월요일 15:50:41 519 ] VideoAnalysis_Page -> VideoAnalysis_ButtonActions1 
[ ㅓㅓ 2023-06-19 월요일 15:50:41 526 ] VideoAnalysis_Page -> VideoCheck_Play1 
[ ㅓㅓ 2023-06-19 월요일 15:54:37 651 ] VideoAnalysis_Page -> VideoAnalysis_ButtonActions1 
[ ㅓㅓ 2023-06-19 월요일 15:54:37 652 ] VideoAnalysis_Page -> VideoCheck_Play1 
[ ㅓㅓ 2023-06-19 월요일 15:57:48 178 ] VideoAnalysis_Page -> VideoAnalysis_ButtonActions1 
[ ㅓㅓ 2023-06-19 월요일 15:57:48 182 ] VideoAnalysis_Page -> VideoCheck_Play1 
[ ㅓㅓ 2023-06-19 월요일 16:04:08 701 ] VideoAnalysis_Page -> PanelClosed 
[ ㅓㅓ 2023-06-19 월요일 16:04:09 896 ] Form1 -> Form1_FormClosing 
[ ㅓㅓ 2023-06-19 월요일 16:04:09 906 ] RealTimeView_Page -> CameraClose 
[ ㅓㅓ 2023-06-19 월요일 16:04:09 915 ] CameraControl -> Stop 
[ ㅓㅓ 2023-06-19 월요일 16:04:11 193 ] CameraControl -> Close 
[ ㅓㅓ 2023-06-19 월요일 16:04:11 265 ] CameraControl -> Stop 
[ ㅓㅓ 2023-06-19 월요일 16:04:11 265 ] CameraControl -> Close 
[ ㅓㅓ 2023-06-19 월요일 16:04:11 266 ] CameraControl -> Stop 
[ ㅓㅓ 2023-06-19 월요일 16:04:11 266 ] CameraControl -> Close 
[ ㅓㅓ 2023-06-19 월요일 16:04:11 267 ] VideoCheck_Page -> VideoClose 
[ ㅓㅓ 2023-06-19 월요일 16:04:11 268 ] VideoAnalysis_Page -> VideoClose 
[ ㅓㅓ 2023-06-19 월요일 16:04:11 764 ] CameraControl -> Finalize 
[ ㅓㅓ 2023-06-19 월요일 16:04:11 764 ] CameraControl -> Close 
[ ㅓㅓ 2023-06-19 월요일 16:04:11 772 ] CameraControl -> Finalize 
[ ㅓㅓ 2023-06-19 월요일 16:04:11 772 ] CameraControl -> Close 
[ ㅓㅓ 2023-06-19 월요일 16:04:11 773 ] CameraControl -> Finalize 
[ ㅓㅓ 2023-06-19 월요일 16:04:11 773 ] CameraControl -> Close 
[ ㅓㅓ 2023-06-19 월요일 16:23:33 757 ] Settings_Page -> XMLSave 
[ ㅓㅓ 2023-06-19 월요일 16:23:35 115 ] Form1 -> NavigationClick 
[ ㅓㅓ 2023-06-19 월요일 16:23:35 334 ] VideoAnalysis_Page -> VideoAnalysis_Page_Load 
[ ㅓㅓ 2023-06-19 월요일 16:24:05 717 ] VideoAnalysis_Page -> FilterClick 
[ ㅓㅓ 2023-06-19 월요일 16:24:07 102 ] VideoAnalysis_Page -> VideoAnalysis_ButtonActions1 
[ ㅓㅓ 2023-06-19 월요일 16:24:07 104 ] VideoAnalysis_Page -> VideoCheck_FileOpen1 
[ ㅓㅓ 2023-06-19 월요일 16:24:32 921 ] VideoAnalysis_Page -> VideoAnalysis_ButtonActions1 
[ ㅓㅓ 2023-06-19 월요일 16:24:32 923 ] VideoAnalysis_Page -> VideoCheck_Play1 
[ ㅓㅓ 2023-06-19 월요일 16:24:36 582 ] VideoAnalysis_Page -> VideoAnalysis_ButtonActions1 
[ ㅓㅓ 2023-06-19 월요일 16:24:36 587 ] VideoAnalysis_Page -> VideoCheck_Play1 
[ ㅓㅓ 2023-06-19 월요일 16:24:54 839 ] VideoAnalysis_Page -> VideoAnalysis_ButtonActions1 
[ ㅓㅓ 2023-06-19 월요일 16:24:54 840 ] VideoAnalysis_Page -> VideoCheck_Play1 
[ ㅓㅓ 2023-06-19 월요일 16:25:00 981 ] VideoAnalysis_Page -> VideoAnalysis_ButtonActions1 
[ ㅓㅓ 2023-06-19 월요일 16:25:00 982 ] VideoAnalysis_Page -> VideoCheck_Play1 
[ ㅓㅓ 2023-06-19 월요일 16:26:29 098 ] VideoAnalysis_Page -> VideoAnalysis_ButtonActions1 
[ ㅓㅓ 2023-06-19 월요일 16:26:29 098 ] VideoAnalysis_Page -> VideoCheck_Play1 
[ ㅓㅓ 2023-06-19 월요일 16:27:21 073 ] VideoAnalysis_Page -> VideoAnalysis_ButtonActions1 
[ ㅓㅓ 2023-06-19 월요일 16:27:21 078 ] VideoAnalysis_Page -> VideoCheck_Play1 
[ ㅓㅓ 2023-06-19 월요일 16:28:17 692 ] VideoAnalysis_Page -> VideoAnalysis_ButtonActions1 
[ ㅓㅓ 2023-06-19 월요일 16:28:17 693 ] VideoAnalysis_Page -> VideoCheck_Play1 
[ ㅓㅓ 2023-06-19 월요일 16:29:57 333 ] VideoAnalysis_Page -> VideoAnalysis_ButtonActions1 
[ ㅓㅓ 2023-06-19 월요일 16:29:57 334 ] VideoAnalysis_Page -> VideoCheck_Play1 
[ ㅓㅓ 2023-06-19 월요일 16:30:48 315 ] VideoAnalysis_Page -> VideoAnalysis_ButtonActions1 
[ ㅓㅓ 2023-06-19 월요일 16:30:48 315 ] VideoAnalysis_Page -> VideoCheck_Play1 
[ ㅓㅓ 2023-06-19 월요일 16:31:30 251 ] VideoAnalysis_Page -> VideoAnalysis_ButtonActions1 
[ ㅓㅓ 2023-06-19 월요일 16:31:30 251 ] VideoAnalysis_Page -> VideoCheck_Play1 
[ ㅓㅓ 2023-06-19 월요일 16:31:34 170 ] VideoAnalysis_Page -> VideoAnalysis_ButtonActions1 
[ ㅓㅓ 2023-06-19 월요일 16:31:34 171 ] VideoAnalysis_Page -> VideoCheck_Play1 
[ ㅓㅓ 2023-06-19 월요일 16:37:57 089 ] VideoAnalysis_Page -> VideoAnalysis_ButtonActions1 
[ ㅓㅓ 2023-06-19 월요일 16:37:57 089 ] VideoAnalysis_Page -> VideoCheck_Play1 
[ ㅓㅓ 2023-06-19 월요일 16:37:59 700 ] Form1 -> Form1_FormClosing 
[ ㅓㅓ 2023-06-19 월요일 16:37:59 710 ] RealTimeView_Page -> CameraClose 
[ ㅓㅓ 2023-06-19 월요일 16:37:59 717 ] CameraControl -> Stop 
[ ㅓㅓ 2023-06-19 월요일 16:38:01 058 ] CameraControl -> Close 
[ ㅓㅓ 2023-06-19 월요일 16:38:01 092 ] CameraControl -> Stop 
[ ㅓㅓ 2023-06-19 월요일 16:38:01 092 ] CameraControl -> Close 
[ ㅓㅓ 2023-06-19 월요일 16:38:01 092 ] CameraControl -> Stop 
[ ㅓㅓ 2023-06-19 월요일 16:38:01 093 ] CameraControl -> Close 
[ ㅓㅓ 2023-06-19 월요일 16:38:01 093 ] VideoCheck_Page -> VideoClose 
[ ㅓㅓ 2023-06-19 월요일 16:38:01 094 ] VideoAnalysis_Page -> VideoClose 
[ ㅓㅓ 2023-06-19 월요일 16:38:01 530 ] CameraControl -> Finalize 
[ ㅓㅓ 2023-06-19 월요일 16:38:01 531 ] CameraControl -> Close 
[ ㅓㅓ 2023-06-19 월요일 16:38:01 546 ] CameraControl -> Finalize 
[ ㅓㅓ 2023-06-19 월요일 16:38:01 546 ] CameraControl -> Close 
[ ㅓㅓ 2023-06-19 월요일 16:38:01 547 ] CameraControl -> Finalize 
[ ㅓㅓ 2023-06-19 월요일 16:38:01 547 ] CameraControl -> Close 
[ ㅓㅓ 2023-06-19 월요일 16:45:04 901 ] Settings_Page -> XMLSave 
[ ㅓㅓ 2023-06-19 월요일 16:45:06 351 ] Form1 -> NavigationClick 
[ ㅓㅓ 2023-06-19 월요일 16:45:06 581 ] VideoAnalysis_Page -> VideoAnalysis_Page_Load 
[ ㅓㅓ 2023-06-19 월요일 16:45:08 644 ] VideoAnalysis_Page -> FilterClick 
[ ㅓㅓ 2023-06-19 월요일 16:45:09 158 ] VideoAnalysis_Page -> VideoAnalysis_ButtonActions1 
[ ㅓㅓ 2023-06-19 월요일 16:45:09 160 ] VideoAnalysis_Page -> VideoCheck_FileOpen1 
[ ㅓㅓ 2023-06-19 월요일 16:45:19 794 ] VideoAnalysis_Page -> VideoAnalysis_ButtonActions1 
[ ㅓㅓ 2023-06-19 월요일 16:45:19 796 ] VideoAnalysis_Page -> VideoCheck_Play1 
[ ㅓㅓ 2023-06-19 월요일 16:45:23 180 ] VideoAnalysis_Page -> VideoAnalysis_ButtonActions1 
[ ㅓㅓ 2023-06-19 월요일 16:45:23 181 ] VideoAnalysis_Page -> VideoCheck_Play1 
[ ㅓㅓ 2023-06-19 월요일 16:45:48 322 ] VideoAnalysis_Page -> VideoAnalysis_ButtonActions1 
[ ㅓㅓ 2023-06-19 월요일 16:45:48 322 ] VideoAnalysis_Page -> VideoCheck_Play1 
[ ㅓㅓ 2023-06-19 월요일 17:08:00 922 ] Settings_Page -> XMLSave 
[ ㅓㅓ 2023-06-19 월요일 17:08:02 273 ] Form1 -> NavigationClick 
[ ㅓㅓ 2023-06-19 월요일 17:08:02 471 ] VideoAnalysis_Page -> VideoAnalysis_Page_Load 
[ ㅓㅓ 2023-06-19 월요일 17:08:04 207 ] VideoAnalysis_Page -> FilterClick 
[ ㅓㅓ 2023-06-19 월요일 17:08:05 209 ] VideoAnalysis_Page -> VideoAnalysis_ButtonActions1 
[ ㅓㅓ 2023-06-19 월요일 17:08:05 210 ] VideoAnalysis_Page -> VideoCheck_FileOpen1 
[ ㅓㅓ 2023-06-19 월요일 17:08:15 989 ] VideoAnalysis_Page -> VideoAnalysis_ButtonActions1 
[ ㅓㅓ 2023-06-19 월요일 17:08:15 991 ] VideoAnalysis_Page -> VideoCheck_Play1 
[ ㅓㅓ 2023-06-19 월요일 17:28:37 776 ] VideoAnalysis_Page -> VideoAnalysis_ButtonActions1 
[ ㅓㅓ 2023-06-19 월요일 17:28:37 778 ] VideoAnalysis_Page -> VideoCheck_Play1 
[ ㅓㅓ 2023-06-19 월요일 17:46:57 162 ] VideoAnalysis_Page -> VideoAnalysis_ButtonActions1 
[ ㅓㅓ 2023-06-19 월요일 17:46:57 163 ] VideoAnalysis_Page -> VideoCheck_Play1 
[ ㅓㅓ 2023-06-19 월요일 17:48:36 341 ] VideoAnalysis_Page -> VideoAnalysis_ButtonActions1 
[ ㅓㅓ 2023-06-19 월요일 17:48:36 342 ] VideoAnalysis_Page -> VideoCheck_Play1 
[ ㅓㅓ 2023-06-19 월요일 17:49:21 380 ] VideoAnalysis_Page -> VideoAnalysis_ButtonActions1 
[ ㅓㅓ 2023-06-19 월요일 17:49:21 382 ] VideoAnalysis_Page -> VideoCheck_Play1 
[ ㅓㅓ 2023-06-19 월요일 17:50:00 771 ] VideoAnalysis_Page -> VideoAnalysis_ButtonActions1 
[ ㅓㅓ 2023-06-19 월요일 17:50:00 772 ] VideoAnalysis_Page -> VideoCheck_Play1 
[ ㅓㅓ 2023-06-19 월요일 17:50:55 643 ] VideoAnalysis_Page -> VideoAnalysis_ButtonActions1 
[ ㅓㅓ 2023-06-19 월요일 17:50:55 644 ] VideoAnalysis_Page -> VideoCheck_Play1 
[ ㅓㅓ 2023-06-19 월요일 17:50:59 121 ] VideoAnalysis_Page -> VideoAnalysis_ButtonActions1 
[ ㅓㅓ 2023-06-19 월요일 17:50:59 122 ] VideoAnalysis_Page -> VideoCheck_Play1 
[ ㅓㅓ 2023-06-19 월요일 17:57:29 360 ] VideoAnalysis_Page -> VideoAnalysis_ButtonActions1 
[ ㅓㅓ 2023-06-19 월요일 17:57:29 360 ] VideoAnalysis_Page -> VideoCheck_Play1 
[ ㅓㅓ 2023-06-19 월요일 17:57:38 076 ] VideoAnalysis_Page -> VideoAnalysis_ButtonActions1 
[ ㅓㅓ 2023-06-19 월요일 17:57:38 080 ] VideoAnalysis_Page -> VideoCheck_Play1 
[ ㅓㅓ 2023-06-19 월요일 18:02:26 149 ] Form1 -> Form1_FormClosing 
[ ㅓㅓ 2023-06-19 월요일 18:02:26 155 ] RealTimeView_Page -> CameraClose 
[ ㅓㅓ 2023-06-19 월요일 18:02:26 164 ] CameraControl -> Stop 
[ ㅓㅓ 2023-06-19 월요일 18:02:27 440 ] CameraControl -> Close 
[ ㅓㅓ 2023-06-19 월요일 18:02:27 484 ] CameraControl -> Stop 
[ ㅓㅓ 2023-06-19 월요일 18:02:27 485 ] CameraControl -> Close 
[ ㅓㅓ 2023-06-19 월요일 18:02:27 485 ] CameraControl -> Stop 
[ ㅓㅓ 2023-06-19 월요일 18:02:27 485 ] CameraControl -> Close 
[ ㅓㅓ 2023-06-19 월요일 18:02:27 486 ] VideoCheck_Page -> VideoClose 
[ ㅓㅓ 2023-06-19 월요일 18:02:27 487 ] VideoAnalysis_Page -> VideoClose 
