[ 2023-04-24 월요일 09:12:41 927 ] 프로그램 시작
[ 2023-04-24 월요일 09:12:44 313 ] Form1 -> Form1_Shown 
[ 2023-04-24 월요일 09:12:45 299 ] RealTimeView_Page -> PanelSettings 
[ 2023-04-24 월요일 09:12:45 689 ] RealTimeView_Page -> RealTimeView_Page_Load 
[ 2023-04-24 월요일 09:12:45 690 ] RealTimeView_Page -> VideoSetLoad 
[ 2023-04-24 월요일 09:12:45 690 ] RealTimeView_Page -> cb_TextView_SelectedValueChanged 
[ 2023-04-24 월요일 09:12:45 692 ] Settings_Page -> XMLSave 
[ 2023-04-24 월요일 09:12:45 693 ] CameraControl -> CameraOpen 
[ 2023-04-24 월요일 09:12:45 959 ] CameraControl -> open 
[ 2023-04-24 월요일 09:12:45 993 ] RealTimeView_Page -> CreateBitmap 
[ 2023-04-24 월요일 09:12:46 006 ] CameraControl -> SetEnableImageCallback 
[ 2023-04-24 월요일 09:12:46 017 ] CameraControl -> Start 
[ 2023-04-24 월요일 09:12:46 071 ] CameraControl -> CameraOpen 
[ 2023-04-24 월요일 09:12:46 406 ] CameraControl -> open 
[ 2023-04-24 월요일 09:12:46 420 ] RealTimeView_Page -> CreateBitmap 
[ 2023-04-24 월요일 09:12:46 428 ] CameraControl -> SetEnableImageCallback 
[ 2023-04-24 월요일 09:12:46 431 ] CameraControl -> Start 
[ 2023-04-24 월요일 09:12:46 576 ] CameraControl -> CameraOpen 
[ 2023-04-24 월요일 09:12:47 006 ] CameraControl -> open 
[ 2023-04-24 월요일 09:12:47 021 ] RealTimeView_Page -> CreateBitmap 
[ 2023-04-24 월요일 09:12:47 030 ] CameraControl -> SetEnableImageCallback 
[ 2023-04-24 월요일 09:12:47 035 ] CameraControl -> Start 
[ 2023-04-24 월요일 09:12:47 221 ] VideoCheck_Page -> PanelSettings 
[ 2023-04-24 월요일 09:12:47 329 ] VideoAnalysis_Page -> PanelSettings 
[ 2023-04-24 월요일 09:12:56 383 ] Settings_Page -> WorkUserChange 
[ 2023-04-24 월요일 09:12:56 384 ] Settings_Page -> XMLSave 
[ 2023-04-24 월요일 09:12:56 603 ] Settings_Page -> WorkUserChange 
[ 2023-04-24 월요일 09:12:56 604 ] Settings_Page -> XMLSave 
[ 2023-04-24 월요일 09:13:06 806 ] Settings_Page -> WorkDayChange 
[ 2023-04-24 월요일 09:13:06 806 ] Settings_Page -> XMLSave 
[ 2023-04-24 월요일 09:14:31 301 ] Settings_Page -> WorkTargetChange 
[ 2023-04-24 월요일 09:14:31 301 ] Settings_Page -> XMLSave 
[ 2023-04-24 월요일 09:14:31 444 ] Settings_Page -> WorkTargetChange 
[ 2023-04-24 월요일 09:14:31 444 ] Settings_Page -> XMLSave 
[ 2023-04-24 월요일 09:14:35 403 ] Settings_Page -> WorkTargetChange 
[ 2023-04-24 월요일 09:14:35 403 ] Settings_Page -> XMLSave 
[ 2023-04-24 월요일 09:54:42 517 ] Form1 -> Form1_FormClosing 
[ 2023-04-24 월요일 09:54:42 522 ] RealTimeView_Page -> CameraClose 
[ 2023-04-24 월요일 09:54:42 525 ] CameraControl -> Stop 
[ 2023-04-24 월요일 09:54:42 750 ] CameraControl -> Close 
[ 2023-04-24 월요일 09:54:42 766 ] CameraControl -> Stop 
[ 2023-04-24 월요일 09:54:42 829 ] CameraControl -> Close 
[ 2023-04-24 월요일 09:54:42 853 ] CameraControl -> Stop 
[ 2023-04-24 월요일 09:54:44 134 ] CameraControl -> Close 
[ 2023-04-24 월요일 09:54:44 149 ] VideoCheck_Page -> VideoClose 
[ 2023-04-24 월요일 09:54:44 150 ] VideoAnalysis_Page -> VideoClose 
[ 2023-04-24 월요일 09:57:33 022 ] 프로그램 시작
[ 2023-04-24 월요일 09:57:35 358 ] Form1 -> Form1_Shown 
[ 2023-04-24 월요일 09:57:36 457 ] RealTimeView_Page -> PanelSettings 
[ 2023-04-24 월요일 09:57:36 782 ] RealTimeView_Page -> RealTimeView_Page_Load 
[ 2023-04-24 월요일 09:57:36 783 ] RealTimeView_Page -> VideoSetLoad 
[ 2023-04-24 월요일 09:57:36 784 ] RealTimeView_Page -> cb_TextView_SelectedValueChanged 
[ 2023-04-24 월요일 09:57:36 785 ] Settings_Page -> XMLSave 
[ 2023-04-24 월요일 09:57:36 786 ] CameraControl -> CameraOpen 
[ 2023-04-24 월요일 09:57:37 045 ] CameraControl -> open 
[ 2023-04-24 월요일 09:57:37 083 ] RealTimeView_Page -> CreateBitmap 
[ 2023-04-24 월요일 09:57:37 095 ] CameraControl -> SetEnableImageCallback 
[ 2023-04-24 월요일 09:57:37 110 ] CameraControl -> Start 
[ 2023-04-24 월요일 09:57:37 171 ] CameraControl -> CameraOpen 
[ 2023-04-24 월요일 09:57:37 455 ] CameraControl -> open 
[ 2023-04-24 월요일 09:57:37 466 ] RealTimeView_Page -> CreateBitmap 
[ 2023-04-24 월요일 09:57:37 472 ] CameraControl -> SetEnableImageCallback 
[ 2023-04-24 월요일 09:57:37 478 ] CameraControl -> Start 
[ 2023-04-24 월요일 09:57:37 541 ] CameraControl -> CameraOpen 
[ 2023-04-24 월요일 09:57:37 851 ] CameraControl -> open 
[ 2023-04-24 월요일 09:57:37 865 ] RealTimeView_Page -> CreateBitmap 
[ 2023-04-24 월요일 09:57:37 871 ] CameraControl -> SetEnableImageCallback 
[ 2023-04-24 월요일 09:57:37 873 ] CameraControl -> Start 
[ 2023-04-24 월요일 09:57:38 046 ] VideoCheck_Page -> PanelSettings 
[ 2023-04-24 월요일 09:57:38 155 ] VideoAnalysis_Page -> PanelSettings 
[ 2023-04-24 월요일 09:57:43 621 ] Settings_Page -> WorkUserChange 
[ 2023-04-24 월요일 09:57:43 622 ] Settings_Page -> XMLSave 
[ 2023-04-24 월요일 09:57:49 279 ] Form1 -> NavigationClick 
[ 2023-04-24 월요일 09:57:49 475 ] VideoAnalysis_Page -> VideoAnalysis_Page_Load 
[ 2023-04-24 월요일 09:57:51 325 ] Form1 -> NavigationClick 
[ 2023-04-24 월요일 09:57:51 326 ] VideoAnalysis_Page -> PageChange 
[ 2023-04-24 월요일 09:58:01 605 ] Form1 -> Form1_FormClosing 
[ 2023-04-24 월요일 09:58:01 620 ] RealTimeView_Page -> CameraClose 
[ 2023-04-24 월요일 09:58:01 741 ] CameraControl -> Stop 
[ 2023-04-24 월요일 09:58:01 859 ] CameraControl -> Close 
[ 2023-04-24 월요일 09:58:01 969 ] CameraControl -> Stop 
[ 2023-04-24 월요일 09:58:03 329 ] CameraControl -> Close 
[ 2023-04-24 월요일 09:58:03 386 ] CameraControl -> Stop 
[ 2023-04-24 월요일 09:58:03 745 ] CameraControl -> Close 
[ 2023-04-24 월요일 09:58:03 781 ] VideoCheck_Page -> VideoClose 
[ 2023-04-24 월요일 09:58:03 784 ] VideoAnalysis_Page -> VideoClose 
[ 2023-04-24 월요일 09:58:04 133 ] CameraControl -> Finalize 
[ 2023-04-24 월요일 09:58:04 134 ] CameraControl -> Close 
[ 2023-04-24 월요일 09:58:04 143 ] CameraControl -> Finalize 
[ 2023-04-24 월요일 09:58:04 143 ] CameraControl -> Close 
[ 2023-04-24 월요일 09:58:04 144 ] CameraControl -> Finalize 
[ 2023-04-24 월요일 09:58:04 144 ] CameraControl -> Close 
[ 2023-04-24 월요일 13:26:17 352 ] 프로그램 시작
[ 2023-04-24 월요일 13:26:20 037 ] Form1 -> Form1_Shown 
[ 2023-04-24 월요일 13:26:20 877 ] RealTimeView_Page -> PanelSettings 
[ 2023-04-24 월요일 13:26:21 276 ] RealTimeView_Page -> RealTimeView_Page_Load 
[ 2023-04-24 월요일 13:26:21 277 ] RealTimeView_Page -> VideoSetLoad 
[ 2023-04-24 월요일 13:26:21 279 ] RealTimeView_Page -> cb_TextView_SelectedValueChanged 
[ 2023-04-24 월요일 13:26:21 280 ] Settings_Page -> XMLSave 
[ 2023-04-24 월요일 13:26:21 282 ] CameraControl -> CameraOpen 
[ 2023-04-24 월요일 13:26:21 530 ] CameraControl -> open 
[ 2023-04-24 월요일 13:26:21 560 ] RealTimeView_Page -> CreateBitmap 
[ 2023-04-24 월요일 13:26:21 573 ] CameraControl -> SetEnableImageCallback 
[ 2023-04-24 월요일 13:26:21 586 ] CameraControl -> Start 
[ 2023-04-24 월요일 13:26:21 630 ] CameraControl -> CameraOpen 
[ 2023-04-24 월요일 13:26:21 907 ] CameraControl -> open 
[ 2023-04-24 월요일 13:26:21 916 ] RealTimeView_Page -> CreateBitmap 
[ 2023-04-24 월요일 13:26:21 924 ] CameraControl -> SetEnableImageCallback 
[ 2023-04-24 월요일 13:26:21 927 ] CameraControl -> Start 
[ 2023-04-24 월요일 13:26:22 010 ] CameraControl -> CameraOpen 
[ 2023-04-24 월요일 13:26:22 349 ] CameraControl -> open 
[ 2023-04-24 월요일 13:26:22 361 ] RealTimeView_Page -> CreateBitmap 
[ 2023-04-24 월요일 13:26:22 369 ] CameraControl -> SetEnableImageCallback 
[ 2023-04-24 월요일 13:26:22 373 ] CameraControl -> Start 
[ 2023-04-24 월요일 13:26:22 479 ] VideoCheck_Page -> PanelSettings 
[ 2023-04-24 월요일 13:26:22 595 ] VideoAnalysis_Page -> PanelSettings 
[ 2023-04-24 월요일 13:26:29 154 ] Settings_Page -> WorkDayChange 
[ 2023-04-24 월요일 13:26:29 154 ] Settings_Page -> XMLSave 
[ 2023-04-24 월요일 13:26:31 364 ] Settings_Page -> WorkDayChange 
[ 2023-04-24 월요일 13:26:31 364 ] Settings_Page -> XMLSave 
[ 2023-04-24 월요일 13:26:36 911 ] Form1 -> Form1_FormClosing 
[ 2023-04-24 월요일 13:26:36 921 ] RealTimeView_Page -> CameraClose 
[ 2023-04-24 월요일 13:26:36 924 ] CameraControl -> Stop 
[ 2023-04-24 월요일 13:26:38 315 ] CameraControl -> Close 
[ 2023-04-24 월요일 13:26:38 331 ] CameraControl -> Stop 
[ 2023-04-24 월요일 13:26:39 624 ] CameraControl -> Close 
[ 2023-04-24 월요일 13:26:39 637 ] CameraControl -> Stop 
[ 2023-04-24 월요일 13:26:39 973 ] CameraControl -> Close 
[ 2023-04-24 월요일 13:26:39 987 ] VideoCheck_Page -> VideoClose 
[ 2023-04-24 월요일 13:26:39 988 ] VideoAnalysis_Page -> VideoClose 
[ 2023-04-24 월요일 13:26:40 139 ] CameraControl -> Finalize 
[ 2023-04-24 월요일 13:26:40 139 ] CameraControl -> Close 
[ 2023-04-24 월요일 13:26:40 143 ] CameraControl -> Finalize 
[ 2023-04-24 월요일 13:26:40 143 ] CameraControl -> Close 
[ 2023-04-24 월요일 13:26:40 144 ] CameraControl -> Finalize 
[ 2023-04-24 월요일 13:26:40 144 ] CameraControl -> Close 
[ default 2023-04-24 월요일 16:01:30 865 ] 프로그램 시작
[ default 2023-04-24 월요일 16:01:33 319 ] Form1 -> Form1_Shown 
[ default 2023-04-24 월요일 16:01:33 862 ] RealTimeView_Page -> PanelSettings 
[ default 2023-04-24 월요일 16:01:34 238 ] RealTimeView_Page -> RealTimeView_Page_Load 
[ default 2023-04-24 월요일 16:01:34 240 ] RealTimeView_Page -> VideoSetLoad 
[ default 2023-04-24 월요일 16:01:34 242 ] CameraControl -> CameraOpen 
[ default 2023-04-24 월요일 16:01:34 493 ] CameraControl -> open 
[ default 2023-04-24 월요일 16:01:34 527 ] RealTimeView_Page -> CreateBitmap 
[ default 2023-04-24 월요일 16:01:34 552 ] CameraControl -> SetEnableImageCallback 
[ default 2023-04-24 월요일 16:01:34 561 ] CameraControl -> Start 
[ default 2023-04-24 월요일 16:01:34 608 ] CameraControl -> CameraOpen 
[ default 2023-04-24 월요일 16:01:34 937 ] CameraControl -> open 
[ default 2023-04-24 월요일 16:01:34 952 ] RealTimeView_Page -> CreateBitmap 
[ default 2023-04-24 월요일 16:01:34 962 ] CameraControl -> SetEnableImageCallback 
[ default 2023-04-24 월요일 16:01:34 967 ] CameraControl -> Start 
[ default 2023-04-24 월요일 16:01:35 038 ] CameraControl -> CameraOpen 
[ default 2023-04-24 월요일 16:01:35 541 ] CameraControl -> open 
[ default 2023-04-24 월요일 16:01:35 557 ] RealTimeView_Page -> CreateBitmap 
[ default 2023-04-24 월요일 16:01:35 578 ] CameraControl -> SetEnableImageCallback 
[ default 2023-04-24 월요일 16:01:35 582 ] CameraControl -> Start 
[ default 2023-04-24 월요일 16:01:35 666 ] Settings_Page -> XMLSave 
[ default 2023-04-24 월요일 16:01:35 712 ] VideoCheck_Page -> PanelSettings 
[ default 2023-04-24 월요일 16:01:35 832 ] VideoAnalysis_Page -> PanelSettings 
[ default 2023-04-24 월요일 16:01:50 035 ] Settings_Page -> WorkUserChange 
[ default 2023-04-24 월요일 16:01:50 129 ] Settings_Page -> WorkUserChange 
[ default 2023-04-24 월요일 16:01:50 249 ] Settings_Page -> WorkUserChange 
[ default 2023-04-24 월요일 16:01:50 528 ] Settings_Page -> WorkUserChange 
[ default 2023-04-24 월요일 16:01:50 663 ] Settings_Page -> WorkUserChange 
[ default 2023-04-24 월요일 16:01:50 792 ] Settings_Page -> WorkUserChange 
[ default 2023-04-24 월요일 16:01:51 146 ] Settings_Page -> WorkUserChange 
[ default 2023-04-24 월요일 16:01:51 265 ] Settings_Page -> WorkUserChange 
[ default 2023-04-24 월요일 16:01:51 400 ] Settings_Page -> WorkUserChange 
[ default 2023-04-24 월요일 16:01:51 695 ] Settings_Page -> WorkUserChange 
[ default 2023-04-24 월요일 16:01:51 698 ] Settings_Page -> WorkUserChange 
[ default 2023-04-24 월요일 16:01:51 701 ] Settings_Page -> WorkUserChange 
[ default 2023-04-24 월요일 16:01:51 803 ] Settings_Page -> WorkUserChange 
[ default 2023-04-24 월요일 16:01:51 889 ] Settings_Page -> WorkUserChange 
[ default 2023-04-24 월요일 16:01:52 071 ] Settings_Page -> WorkUserChange 
[ default 2023-04-24 월요일 16:01:52 074 ] Settings_Page -> WorkUserChange 
[ default 2023-04-24 월요일 16:01:52 077 ] Settings_Page -> WorkUserChange 
[ default 2023-04-24 월요일 16:01:52 168 ] Settings_Page -> WorkUserChange 
[ default 2023-04-24 월요일 16:01:52 264 ] Settings_Page -> WorkUserChange 
[ default 2023-04-24 월요일 16:01:52 441 ] Settings_Page -> WorkUserChange 
[ default 2023-04-24 월요일 16:01:52 445 ] Settings_Page -> WorkUserChange 
[ default 2023-04-24 월요일 16:01:54 322 ] Settings_Page -> WorkTargetChange 
[ default 2023-04-24 월요일 16:01:54 385 ] Settings_Page -> WorkTargetChange 
[ default 2023-04-24 월요일 16:01:54 752 ] Settings_Page -> WorkTargetChange 
[ default 2023-04-24 월요일 16:01:54 824 ] Settings_Page -> WorkTargetChange 
[ default 2023-04-24 월요일 16:01:54 828 ] Settings_Page -> WorkTargetChange 
[ default 2023-04-24 월요일 16:01:54 831 ] Settings_Page -> WorkTargetChange 
[ default 2023-04-24 월요일 16:01:54 945 ] Settings_Page -> WorkTargetChange 
[ default 2023-04-24 월요일 16:01:55 128 ] Settings_Page -> WorkTargetChange 
[ default 2023-04-24 월요일 16:01:55 130 ] Settings_Page -> WorkTargetChange 
[ default 2023-04-24 월요일 16:01:55 133 ] Settings_Page -> WorkTargetChange 
[ default 2023-04-24 월요일 16:01:56 657 ] Settings_Page -> WorkUserSet 
[ default 2023-04-24 월요일 16:22:50 655 ] 프로그램 시작
[ default 2023-04-24 월요일 16:22:52 976 ] Form1 -> Form1_Shown 
[ default 2023-04-24 월요일 16:22:53 447 ] RealTimeView_Page -> PanelSettings 
[ default 2023-04-24 월요일 16:22:53 789 ] RealTimeView_Page -> RealTimeView_Page_Load 
[ default 2023-04-24 월요일 16:22:53 790 ] RealTimeView_Page -> VideoSetLoad 
[ default 2023-04-24 월요일 16:22:53 792 ] CameraControl -> CameraOpen 
[ default 2023-04-24 월요일 16:22:54 059 ] CameraControl -> open 
[ default 2023-04-24 월요일 16:22:54 085 ] RealTimeView_Page -> CreateBitmap 
[ default 2023-04-24 월요일 16:22:54 099 ] CameraControl -> SetEnableImageCallback 
[ default 2023-04-24 월요일 16:22:54 109 ] CameraControl -> Start 
[ default 2023-04-24 월요일 16:22:54 180 ] CameraControl -> CameraOpen 
[ default 2023-04-24 월요일 16:22:54 508 ] CameraControl -> open 
[ default 2023-04-24 월요일 16:22:54 519 ] RealTimeView_Page -> CreateBitmap 
[ default 2023-04-24 월요일 16:22:54 534 ] CameraControl -> SetEnableImageCallback 
[ default 2023-04-24 월요일 16:22:54 537 ] CameraControl -> Start 
[ default 2023-04-24 월요일 16:22:54 688 ] CameraControl -> CameraOpen 
[ default 2023-04-24 월요일 16:22:56 335 ] CameraControl -> open 
[ default 2023-04-24 월요일 16:22:56 353 ] RealTimeView_Page -> CreateBitmap 
[ default 2023-04-24 월요일 16:22:56 362 ] CameraControl -> SetEnableImageCallback 
[ default 2023-04-24 월요일 16:22:56 365 ] CameraControl -> Start 
[ default 2023-04-24 월요일 16:22:56 515 ] Settings_Page -> XMLSave 
[ default 2023-04-24 월요일 16:22:56 568 ] VideoCheck_Page -> PanelSettings 
[ default 2023-04-24 월요일 16:22:56 685 ] VideoAnalysis_Page -> PanelSettings 
[ default 2023-04-24 월요일 16:23:03 598 ] Form1 -> Form1_FormClosing 
[ default 2023-04-24 월요일 16:23:03 606 ] RealTimeView_Page -> CameraClose 
[ default 2023-04-24 월요일 16:23:03 609 ] CameraControl -> Stop 
[ default 2023-04-24 월요일 16:23:03 803 ] CameraControl -> Close 
[ default 2023-04-24 월요일 16:23:03 817 ] CameraControl -> Stop 
[ default 2023-04-24 월요일 16:23:05 112 ] CameraControl -> Close 
[ default 2023-04-24 월요일 16:23:05 124 ] CameraControl -> Stop 
[ default 2023-04-24 월요일 16:23:05 480 ] CameraControl -> Close 
[ default 2023-04-24 월요일 16:23:05 494 ] VideoCheck_Page -> VideoClose 
[ default 2023-04-24 월요일 16:23:05 495 ] VideoAnalysis_Page -> VideoClose 
[ default 2023-04-24 월요일 16:37:17 215 ] 프로그램 시작
[ default 2023-04-24 월요일 16:37:19 560 ] Form1 -> Form1_Shown 
[ default 2023-04-24 월요일 16:37:20 372 ] RealTimeView_Page -> PanelSettings 
[ default 2023-04-24 월요일 16:37:20 736 ] RealTimeView_Page -> RealTimeView_Page_Load 
[ default 2023-04-24 월요일 16:37:20 737 ] RealTimeView_Page -> VideoSetLoad 
[ default 2023-04-24 월요일 16:37:20 738 ] CameraControl -> CameraOpen 
[ default 2023-04-24 월요일 16:37:21 025 ] CameraControl -> open 
[ default 2023-04-24 월요일 16:37:21 054 ] RealTimeView_Page -> CreateBitmap 
[ default 2023-04-24 월요일 16:37:21 069 ] CameraControl -> SetEnableImageCallback 
[ default 2023-04-24 월요일 16:37:21 083 ] CameraControl -> Start 
[ default 2023-04-24 월요일 16:37:21 138 ] CameraControl -> CameraOpen 
[ default 2023-04-24 월요일 16:37:21 453 ] CameraControl -> open 
[ default 2023-04-24 월요일 16:37:21 471 ] RealTimeView_Page -> CreateBitmap 
[ default 2023-04-24 월요일 16:37:21 478 ] CameraControl -> SetEnableImageCallback 
[ default 2023-04-24 월요일 16:37:21 480 ] CameraControl -> Start 
[ default 2023-04-24 월요일 16:37:21 566 ] CameraControl -> CameraOpen 
[ default 2023-04-24 월요일 16:37:21 997 ] CameraControl -> open 
[ default 2023-04-24 월요일 16:37:22 008 ] RealTimeView_Page -> CreateBitmap 
[ default 2023-04-24 월요일 16:37:22 016 ] CameraControl -> SetEnableImageCallback 
[ default 2023-04-24 월요일 16:37:22 018 ] CameraControl -> Start 
[ default 2023-04-24 월요일 16:37:22 094 ] Settings_Page -> XMLSave 
[ default 2023-04-24 월요일 16:37:22 137 ] VideoCheck_Page -> PanelSettings 
[ default 2023-04-24 월요일 16:37:22 292 ] VideoAnalysis_Page -> PanelSettings 
[ default 2023-04-24 월요일 16:37:26 970 ] Form1 -> Form1_FormClosing 
[ default 2023-04-24 월요일 16:37:26 977 ] RealTimeView_Page -> CameraClose 
[ default 2023-04-24 월요일 16:37:26 984 ] CameraControl -> Stop 
[ default 2023-04-24 월요일 16:37:28 430 ] CameraControl -> Close 
[ default 2023-04-24 월요일 16:37:28 452 ] CameraControl -> Stop 
[ default 2023-04-24 월요일 16:37:29 812 ] CameraControl -> Close 
[ default 2023-04-24 월요일 16:37:29 824 ] CameraControl -> Stop 
[ default 2023-04-24 월요일 16:37:30 178 ] CameraControl -> Close 
[ default 2023-04-24 월요일 16:37:30 190 ] VideoCheck_Page -> VideoClose 
[ default 2023-04-24 월요일 16:37:30 191 ] VideoAnalysis_Page -> VideoClose 
[ default 2023-04-24 월요일 16:37:30 328 ] CameraControl -> Finalize 
[ default 2023-04-24 월요일 16:37:30 328 ] CameraControl -> Close 
[ default 2023-04-24 월요일 16:37:30 333 ] CameraControl -> Finalize 
[ default 2023-04-24 월요일 16:37:30 333 ] CameraControl -> Close 
[ default 2023-04-24 월요일 16:37:30 334 ] CameraControl -> Finalize 
[ default 2023-04-24 월요일 16:37:30 334 ] CameraControl -> Close 
