[ 2023-04-19 수요일 09:24:39 163 ] 프로그램 시작
[ 2023-04-19 수요일 09:24:41 464 ] Form1 -> Form1_Shown 
[ 2023-04-19 수요일 09:24:41 967 ] RealTimeView_Page -> PanelSettings 
[ 2023-04-19 수요일 09:24:42 315 ] RealTimeView_Page -> RealTimeView_Page_Load 
[ 2023-04-19 수요일 09:24:42 317 ] RealTimeView_Page -> VideoSetLoad 
[ 2023-04-19 수요일 09:24:42 319 ] RealTimeView_Page -> cb_TextView_SelectedValueChanged 
[ 2023-04-19 수요일 09:24:42 322 ] Settings_Page -> XMLSave 
[ 2023-04-19 수요일 09:24:42 329 ] CameraControl -> CameraOpen 
[ 2023-04-19 수요일 09:24:42 582 ] CameraControl -> open 
[ 2023-04-19 수요일 09:24:42 612 ] RealTimeView_Page -> CreateBitmap 
[ 2023-04-19 수요일 09:24:42 626 ] CameraControl -> SetEnableImageCallback 
[ 2023-04-19 수요일 09:24:42 638 ] CameraControl -> Start 
[ 2023-04-19 수요일 09:24:42 692 ] CameraControl -> CameraOpen 
[ 2023-04-19 수요일 09:24:42 980 ] CameraControl -> open 
[ 2023-04-19 수요일 09:24:42 990 ] RealTimeView_Page -> CreateBitmap 
[ 2023-04-19 수요일 09:24:42 996 ] CameraControl -> SetEnableImageCallback 
[ 2023-04-19 수요일 09:24:42 998 ] CameraControl -> Start 
[ 2023-04-19 수요일 09:24:43 042 ] CameraControl -> CameraOpen 
[ 2023-04-19 수요일 09:24:43 363 ] CameraControl -> open 
[ 2023-04-19 수요일 09:24:43 376 ] RealTimeView_Page -> CreateBitmap 
[ 2023-04-19 수요일 09:24:43 385 ] CameraControl -> SetEnableImageCallback 
[ 2023-04-19 수요일 09:24:43 387 ] CameraControl -> Start 
[ 2023-04-19 수요일 09:24:43 448 ] Settings_Page -> XMLSave 
[ 2023-04-19 수요일 09:24:43 506 ] VideoCheck_Page -> PanelSettings 
[ 2023-04-19 수요일 09:24:43 581 ] VideoAnalysis_Page -> PanelSettings 
[ 2023-04-19 수요일 09:24:56 461 ] RealTimeView_Page -> RealTimeView_CamActions 
[ 2023-04-19 수요일 09:29:08 964 ] RealTimeView_Page -> RealTimeView_ButtonActions 
[ 2023-04-19 수요일 09:29:10 126 ] RealTimeView_Page -> RealTimeView_ButtonActions 
[ 2023-04-19 수요일 09:29:11 638 ] RealTimeView_Page -> RealTimeView_ButtonActions 
[ 2023-04-19 수요일 09:29:12 591 ] RealTimeView_Page -> RealTimeView_ButtonActions 
[ 2023-04-19 수요일 09:30:07 595 ] RealTimeView_Page -> RealTimeView_ButtonActions 
[ 2023-04-19 수요일 09:30:08 425 ] RealTimeView_Page -> RealTimeView_ButtonActions 
[ 2023-04-19 수요일 09:30:14 457 ] RealTimeView_Page -> RealTimeView_ButtonActions 
[ 2023-04-19 수요일 09:30:36 590 ] RealTimeView_Page -> RealTimeView_ButtonActions 
[ 2023-04-19 수요일 09:42:17 056 ] Form1 -> Form1_FormClosing 
[ 2023-04-19 수요일 09:42:17 082 ] RealTimeView_Page -> CameraClose 
[ 2023-04-19 수요일 09:42:17 129 ] CameraControl -> Stop 
[ 2023-04-19 수요일 09:42:18 546 ] CameraControl -> Close 
[ 2023-04-19 수요일 09:42:18 704 ] CameraControl -> Stop 
[ 2023-04-19 수요일 09:42:20 079 ] CameraControl -> Close 
[ 2023-04-19 수요일 09:42:20 198 ] CameraControl -> Stop 
[ 2023-04-19 수요일 09:42:20 531 ] CameraControl -> Close 
[ 2023-04-19 수요일 09:42:20 559 ] VideoCheck_Page -> VideoClose 
[ 2023-04-19 수요일 09:42:20 562 ] VideoAnalysis_Page -> VideoClose 
[ 2023-04-19 수요일 10:38:10 717 ] 프로그램 시작
[ 2023-04-19 수요일 10:38:12 995 ] Form1 -> Form1_Shown 
[ 2023-04-19 수요일 10:38:14 130 ] RealTimeView_Page -> PanelSettings 
[ 2023-04-19 수요일 10:38:14 449 ] RealTimeView_Page -> RealTimeView_Page_Load 
[ 2023-04-19 수요일 10:38:14 449 ] RealTimeView_Page -> VideoSetLoad 
[ 2023-04-19 수요일 10:38:14 450 ] RealTimeView_Page -> cb_TextView_SelectedValueChanged 
[ 2023-04-19 수요일 10:38:14 452 ] Settings_Page -> XMLSave 
[ 2023-04-19 수요일 10:38:14 454 ] CameraControl -> CameraOpen 
[ 2023-04-19 수요일 10:38:14 725 ] CameraControl -> open 
[ 2023-04-19 수요일 10:38:14 764 ] RealTimeView_Page -> CreateBitmap 
[ 2023-04-19 수요일 10:38:14 779 ] CameraControl -> SetEnableImageCallback 
[ 2023-04-19 수요일 10:38:14 792 ] CameraControl -> Start 
[ 2023-04-19 수요일 10:38:14 838 ] CameraControl -> CameraOpen 
[ 2023-04-19 수요일 10:38:15 156 ] CameraControl -> open 
[ 2023-04-19 수요일 10:38:15 168 ] RealTimeView_Page -> CreateBitmap 
[ 2023-04-19 수요일 10:38:15 179 ] CameraControl -> SetEnableImageCallback 
[ 2023-04-19 수요일 10:38:15 185 ] CameraControl -> Start 
[ 2023-04-19 수요일 10:38:15 244 ] CameraControl -> CameraOpen 
[ 2023-04-19 수요일 10:38:15 579 ] CameraControl -> open 
[ 2023-04-19 수요일 10:38:15 594 ] RealTimeView_Page -> CreateBitmap 
[ 2023-04-19 수요일 10:38:15 615 ] CameraControl -> SetEnableImageCallback 
[ 2023-04-19 수요일 10:38:15 623 ] CameraControl -> Start 
[ 2023-04-19 수요일 10:38:15 758 ] Settings_Page -> XMLSave 
[ 2023-04-19 수요일 10:38:15 811 ] VideoCheck_Page -> PanelSettings 
[ 2023-04-19 수요일 10:38:16 158 ] VideoAnalysis_Page -> PanelSettings 
[ 2023-04-19 수요일 10:38:21 769 ] Form1 -> NavigationClick 
[ 2023-04-19 수요일 10:38:37 368 ] Settings_Page -> OnlyDigitPress 
[ 2023-04-19 수요일 10:38:37 551 ] Settings_Page -> OnlyDigitPress 
[ 2023-04-19 수요일 10:39:06 922 ] Settings_Page -> OnlyDigitPress 
[ 2023-04-19 수요일 10:39:09 856 ] Settings_Page -> OnlyDigitPress 
[ 2023-04-19 수요일 10:39:11 215 ] Settings_Page -> OnlyDigitPress 
[ 2023-04-19 수요일 10:39:23 391 ] Settings_Page -> OnlyDigitPress 
[ 2023-04-19 수요일 10:39:24 039 ] Settings_Page -> OnlyDigitPress 
[ 2023-04-19 수요일 10:40:35 159 ] Settings_Page -> OnlyDigitPress 
[ 2023-04-19 수요일 10:40:35 543 ] Settings_Page -> OnlyDigitPress 
[ 2023-04-19 수요일 10:40:36 503 ] Settings_Page -> OnlyDigitPress 
[ 2023-04-19 수요일 10:40:37 335 ] Settings_Page -> OnlyDigitPress 
[ 2023-04-19 수요일 10:40:37 655 ] Settings_Page -> OnlyDigitPress 
[ 2023-04-19 수요일 10:40:37 887 ] Settings_Page -> OnlyDigitPress 
[ 2023-04-19 수요일 10:40:38 087 ] Settings_Page -> OnlyDigitPress 
[ 2023-04-19 수요일 10:40:38 295 ] Settings_Page -> OnlyDigitPress 
[ 2023-04-19 수요일 10:40:38 470 ] Settings_Page -> OnlyDigitPress 
[ 2023-04-19 수요일 10:40:38 823 ] Settings_Page -> OnlyDigitPress 
[ 2023-04-19 수요일 10:40:39 479 ] Settings_Page -> OnlyDigitPress 
[ 2023-04-19 수요일 10:40:39 911 ] Settings_Page -> OnlyDigitPress 
[ 2023-04-19 수요일 10:40:39 927 ] Settings_Page -> OnlyDigitPress 
[ 2023-04-19 수요일 10:40:41 120 ] Settings_Page -> OnlyDigitPress 
[ 2023-04-19 수요일 10:40:41 575 ] Settings_Page -> OnlyDigitPress 
[ 2023-04-19 수요일 10:40:41 991 ] Settings_Page -> OnlyDigitPress 
[ 2023-04-19 수요일 10:40:42 206 ] Settings_Page -> OnlyDigitPress 
[ 2023-04-19 수요일 10:40:42 431 ] Settings_Page -> OnlyDigitPress 
[ 2023-04-19 수요일 10:40:48 135 ] Settings_Page -> OnlyDigitPress 
[ 2023-04-19 수요일 10:40:57 584 ] Settings_Page -> OnlyDigitPress 
[ 2023-04-19 수요일 10:41:11 148 ] Settings_Page -> PixelLengthChange 
[ 2023-04-19 수요일 10:41:14 217 ] Settings_Page -> PixelLengthChange 입력 문자열의 형식이 잘못되었습니다.
[ 2023-04-19 수요일 10:41:35 854 ] Settings_Page -> UserTextChange 
[ 2023-04-19 수요일 10:41:35 855 ] Settings_Page -> XMLSave 
[ 2023-04-19 수요일 10:41:37 687 ] Settings_Page -> OnlyDigitPress 
[ 2023-04-19 수요일 10:41:41 535 ] Settings_Page -> OnlyDigitPress 
[ 2023-04-19 수요일 10:41:42 646 ] Settings_Page -> OnlyDigitPress 
[ 2023-04-19 수요일 10:41:43 399 ] Settings_Page -> OnlyDigitPress 
[ 2023-04-19 수요일 10:41:43 583 ] Settings_Page -> OnlyDigitPress 
[ 2023-04-19 수요일 10:41:43 752 ] Settings_Page -> OnlyDigitPress 
[ 2023-04-19 수요일 10:41:43 927 ] Settings_Page -> OnlyDigitPress 
[ 2023-04-19 수요일 10:41:44 231 ] Settings_Page -> OnlyDigitPress 
[ 2023-04-19 수요일 10:41:44 647 ] Settings_Page -> OnlyDigitPress 
[ 2023-04-19 수요일 10:41:45 111 ] Settings_Page -> OnlyDigitPress 
[ 2023-04-19 수요일 10:41:45 335 ] Settings_Page -> OnlyDigitPress 
[ 2023-04-19 수요일 10:41:45 527 ] Settings_Page -> OnlyDigitPress 
[ 2023-04-19 수요일 10:41:45 551 ] Settings_Page -> OnlyDigitPress 
[ 2023-04-19 수요일 10:41:45 567 ] Settings_Page -> OnlyDigitPress 
[ 2023-04-19 수요일 10:41:45 592 ] Settings_Page -> OnlyDigitPress 
[ 2023-04-19 수요일 10:41:45 743 ] Settings_Page -> OnlyDigitPress 
[ 2023-04-19 수요일 10:41:45 863 ] Settings_Page -> OnlyDigitPress 
[ 2023-04-19 수요일 10:41:46 000 ] Settings_Page -> OnlyDigitPress 
[ 2023-04-19 수요일 10:41:46 159 ] Settings_Page -> OnlyDigitPress 
[ 2023-04-19 수요일 10:41:46 815 ] Settings_Page -> OnlyDigitPress 
[ 2023-04-19 수요일 10:41:46 839 ] Settings_Page -> OnlyDigitPress 
[ 2023-04-19 수요일 10:41:46 888 ] Settings_Page -> OnlyDigitPress 
[ 2023-04-19 수요일 10:41:47 031 ] Settings_Page -> OnlyDigitPress 
[ 2023-04-19 수요일 10:41:47 071 ] Settings_Page -> OnlyDigitPress 
[ 2023-04-19 수요일 10:41:47 143 ] Settings_Page -> OnlyDigitPress 
[ 2023-04-19 수요일 10:41:47 719 ] Settings_Page -> OnlyDigitPress 
[ 2023-04-19 수요일 10:41:47 978 ] Settings_Page -> OnlyDigitPress 
[ 2023-04-19 수요일 10:41:48 009 ] Settings_Page -> OnlyDigitPress 
[ 2023-04-19 수요일 10:41:48 042 ] Settings_Page -> OnlyDigitPress 
[ 2023-04-19 수요일 10:41:48 071 ] Settings_Page -> OnlyDigitPress 
[ 2023-04-19 수요일 10:41:48 101 ] Settings_Page -> OnlyDigitPress 
[ 2023-04-19 수요일 10:41:48 147 ] Settings_Page -> OnlyDigitPress 
[ 2023-04-19 수요일 10:41:48 178 ] Settings_Page -> OnlyDigitPress 
[ 2023-04-19 수요일 10:41:48 208 ] Settings_Page -> OnlyDigitPress 
[ 2023-04-19 수요일 10:41:48 238 ] Settings_Page -> OnlyDigitPress 
[ 2023-04-19 수요일 10:41:48 269 ] Settings_Page -> OnlyDigitPress 
[ 2023-04-19 수요일 10:42:00 596 ] Settings_Page -> PixelLengthChange 
[ 2023-04-19 수요일 10:42:02 217 ] Settings_Page -> PixelLengthChange 입력 문자열의 형식이 잘못되었습니다.
[ 2023-04-19 수요일 10:44:32 805 ] Settings_Page -> UserTextChange 
[ 2023-04-19 수요일 10:44:32 805 ] Settings_Page -> XMLSave 
[ 2023-04-19 수요일 10:44:42 654 ] Settings_Page -> OnlyDigitPress 
[ 2023-04-19 수요일 10:44:50 352 ] Settings_Page -> OnlyDigitPress 
[ 2023-04-19 수요일 10:44:55 153 ] Settings_Page -> OnlyDigitPress 
[ 2023-04-19 수요일 10:45:06 551 ] Settings_Page -> OnlyDigitPress 
[ 2023-04-19 수요일 10:45:06 663 ] Settings_Page -> OnlyDigitPress 
[ 2023-04-19 수요일 10:45:07 679 ] Settings_Page -> OnlyDigitPress 
[ 2023-04-19 수요일 10:45:08 495 ] Settings_Page -> OnlyDigitPress 
[ 2023-04-19 수요일 10:45:08 855 ] Settings_Page -> OnlyDigitPress 
[ 2023-04-19 수요일 10:45:09 407 ] Settings_Page -> OnlyDigitPress 
[ 2023-04-19 수요일 10:45:09 871 ] Settings_Page -> OnlyDigitPress 
[ 2023-04-19 수요일 10:45:10 199 ] Settings_Page -> OnlyDigitPress 
[ 2023-04-19 수요일 10:45:11 698 ] Settings_Page -> PixelLengthChange 
[ 2023-04-19 수요일 10:45:11 700 ] Settings_Page -> XMLSave 
[ 2023-04-19 수요일 10:45:20 839 ] Settings_Page -> OnlyDigitPress 
[ 2023-04-19 수요일 10:45:21 047 ] Settings_Page -> OnlyDigitPress 
[ 2023-04-19 수요일 10:45:22 015 ] Settings_Page -> OnlyDigitPress 
[ 2023-04-19 수요일 10:45:23 559 ] Settings_Page -> OnlyDigitPress 
[ 2023-04-19 수요일 10:45:23 766 ] Settings_Page -> OnlyDigitPress 
[ 2023-04-19 수요일 10:45:25 127 ] Settings_Page -> OnlyDigitPress 
[ 2023-04-19 수요일 10:45:25 360 ] Settings_Page -> OnlyDigitPress 
[ 2023-04-19 수요일 10:45:25 639 ] Settings_Page -> OnlyDigitPress 
[ 2023-04-19 수요일 10:45:25 847 ] Settings_Page -> OnlyDigitPress 
[ 2023-04-19 수요일 10:45:27 014 ] Settings_Page -> PixelLengthChange 
[ 2023-04-19 수요일 10:45:27 015 ] Settings_Page -> XMLSave 
[ 2023-04-19 수요일 10:45:28 591 ] Settings_Page -> OnlyDigitPress 
[ 2023-04-19 수요일 10:45:28 711 ] Settings_Page -> OnlyDigitPress 
[ 2023-04-19 수요일 10:45:28 895 ] Settings_Page -> OnlyDigitPress 
[ 2023-04-19 수요일 10:45:29 830 ] Settings_Page -> OnlyDigitPress 
[ 2023-04-19 수요일 10:45:29 991 ] Settings_Page -> OnlyDigitPress 
[ 2023-04-19 수요일 10:45:30 166 ] Settings_Page -> OnlyDigitPress 
[ 2023-04-19 수요일 10:45:31 855 ] Settings_Page -> PixelLengthChange 
[ 2023-04-19 수요일 10:45:31 856 ] Settings_Page -> XMLSave 
[ 2023-04-19 수요일 10:45:33 343 ] Settings_Page -> OnlyDigitPress 
[ 2023-04-19 수요일 10:45:33 860 ] Settings_Page -> PixelLengthChange 
[ 2023-04-19 수요일 10:45:33 861 ] Settings_Page -> XMLSave 
[ 2023-04-19 수요일 10:45:35 119 ] Settings_Page -> PixelLengthChange 
[ 2023-04-19 수요일 10:45:35 120 ] Settings_Page -> XMLSave 
[ 2023-04-19 수요일 10:46:38 911 ] Settings_Page -> UserTextChange 
[ 2023-04-19 수요일 10:46:38 912 ] Settings_Page -> XMLSave 
[ 2023-04-19 수요일 10:46:40 343 ] Settings_Page -> OnlyDigitPress 
[ 2023-04-19 수요일 10:46:41 129 ] Settings_Page -> PixelLengthChange 
[ 2023-04-19 수요일 10:46:41 129 ] Settings_Page -> XMLSave 
[ 2023-04-19 수요일 10:46:51 173 ] Settings_Page -> UserTextChange 
[ 2023-04-19 수요일 10:46:51 173 ] Settings_Page -> XMLSave 
[ 2023-04-19 수요일 10:46:51 703 ] Settings_Page -> OnlyDigitPress 
[ 2023-04-19 수요일 10:47:06 261 ] Settings_Page -> PixelLengthChange 
[ 2023-04-19 수요일 10:47:06 263 ] Settings_Page -> XMLSave 
[ 2023-04-19 수요일 10:47:10 701 ] Settings_Page -> PixelLengthChange 
[ 2023-04-19 수요일 10:47:10 701 ] Settings_Page -> XMLSave 
[ 2023-04-19 수요일 10:47:11 591 ] Settings_Page -> OnlyDigitPress 
[ 2023-04-19 수요일 10:47:12 330 ] Settings_Page -> PixelLengthChange 
[ 2023-04-19 수요일 10:47:12 331 ] Settings_Page -> XMLSave 
[ 2023-04-19 수요일 10:51:21 774 ] Settings_Page -> PixelLengthChange 
[ 2023-04-19 수요일 10:51:26 361 ] Settings_Page -> XMLSave 
[ 2023-04-19 수요일 10:51:32 773 ] Settings_Page -> PixelLengthChange 
[ 2023-04-19 수요일 10:51:40 739 ] Settings_Page -> XMLSave 
[ 2023-04-19 수요일 10:51:44 891 ] Settings_Page -> PixelLengthChange 
[ 2023-04-19 수요일 10:51:44 892 ] Settings_Page -> XMLSave 
[ 2023-04-19 수요일 10:51:45 711 ] Settings_Page -> OnlyDigitPress 
[ 2023-04-19 수요일 10:51:45 855 ] Settings_Page -> OnlyDigitPress 
[ 2023-04-19 수요일 10:51:46 031 ] Settings_Page -> OnlyDigitPress 
[ 2023-04-19 수요일 10:51:46 198 ] Settings_Page -> OnlyDigitPress 
[ 2023-04-19 수요일 10:51:46 435 ] Settings_Page -> PixelLengthChange 
[ 2023-04-19 수요일 10:51:46 436 ] Settings_Page -> XMLSave 
[ 2023-04-19 수요일 10:55:05 108 ] Settings_Page -> PixelLengthChange 
[ 2023-04-19 수요일 10:55:05 109 ] Settings_Page -> XMLSave 
[ 2023-04-19 수요일 10:55:05 191 ] Form1 -> NavigationClick 
[ 2023-04-19 수요일 10:55:27 541 ] RealTimeView_Page -> RealTimeView_CamActions 
[ 2023-04-19 수요일 10:55:29 333 ] RealTimeView_Page -> RealTimeView_CamActions 
[ 2023-04-19 수요일 10:55:30 365 ] RealTimeView_Page -> RealTimeView_CamActions 
[ 2023-04-19 수요일 10:55:31 593 ] Form1 -> Form1_FormClosing 
[ 2023-04-19 수요일 10:55:31 604 ] RealTimeView_Page -> CameraClose 
[ 2023-04-19 수요일 10:55:31 708 ] CameraControl -> Stop 
[ 2023-04-19 수요일 10:55:31 852 ] CameraControl -> Close 
[ 2023-04-19 수요일 10:55:31 955 ] CameraControl -> Stop 
[ 2023-04-19 수요일 10:55:32 019 ] CameraControl -> Close 
[ 2023-04-19 수요일 10:55:32 120 ] CameraControl -> Stop 
[ 2023-04-19 수요일 10:55:32 485 ] CameraControl -> Close 
[ 2023-04-19 수요일 10:55:32 520 ] VideoCheck_Page -> VideoClose 
[ 2023-04-19 수요일 10:55:32 521 ] VideoAnalysis_Page -> VideoClose 
[ 2023-04-19 수요일 10:55:43 797 ] 프로그램 시작
[ 2023-04-19 수요일 10:55:46 095 ] Form1 -> Form1_Shown 
[ 2023-04-19 수요일 10:55:46 562 ] RealTimeView_Page -> PanelSettings 
[ 2023-04-19 수요일 10:55:46 877 ] RealTimeView_Page -> RealTimeView_Page_Load 
[ 2023-04-19 수요일 10:55:46 878 ] RealTimeView_Page -> VideoSetLoad 
[ 2023-04-19 수요일 10:55:46 878 ] RealTimeView_Page -> cb_TextView_SelectedValueChanged 
[ 2023-04-19 수요일 10:55:46 879 ] Settings_Page -> XMLSave 
[ 2023-04-19 수요일 10:55:46 881 ] CameraControl -> CameraOpen 
[ 2023-04-19 수요일 10:55:47 125 ] CameraControl -> open 
[ 2023-04-19 수요일 10:55:47 159 ] RealTimeView_Page -> CreateBitmap 
[ 2023-04-19 수요일 10:55:47 177 ] CameraControl -> SetEnableImageCallback 
[ 2023-04-19 수요일 10:55:47 189 ] CameraControl -> Start 
[ 2023-04-19 수요일 10:55:47 234 ] CameraControl -> CameraOpen 
[ 2023-04-19 수요일 10:55:47 503 ] CameraControl -> open 
[ 2023-04-19 수요일 10:55:47 525 ] RealTimeView_Page -> CreateBitmap 
[ 2023-04-19 수요일 10:55:47 531 ] CameraControl -> SetEnableImageCallback 
[ 2023-04-19 수요일 10:55:47 534 ] CameraControl -> Start 
[ 2023-04-19 수요일 10:55:47 578 ] CameraControl -> CameraOpen 
[ 2023-04-19 수요일 10:55:47 905 ] CameraControl -> open 
[ 2023-04-19 수요일 10:55:47 919 ] RealTimeView_Page -> CreateBitmap 
[ 2023-04-19 수요일 10:55:47 925 ] CameraControl -> SetEnableImageCallback 
[ 2023-04-19 수요일 10:55:47 928 ] CameraControl -> Start 
[ 2023-04-19 수요일 10:55:47 986 ] Settings_Page -> XMLSave 
[ 2023-04-19 수요일 10:55:48 032 ] VideoCheck_Page -> PanelSettings 
[ 2023-04-19 수요일 10:55:48 124 ] VideoAnalysis_Page -> PanelSettings 
[ 2023-04-19 수요일 10:56:08 563 ] Form1 -> Form1_FormClosing 
[ 2023-04-19 수요일 10:56:08 574 ] RealTimeView_Page -> CameraClose 
[ 2023-04-19 수요일 10:56:08 597 ] CameraControl -> Stop 
[ 2023-04-19 수요일 10:56:09 982 ] CameraControl -> Close 
[ 2023-04-19 수요일 10:56:10 025 ] CameraControl -> Stop 
[ 2023-04-19 수요일 10:56:11 543 ] CameraControl -> Close 
[ 2023-04-19 수요일 10:56:11 616 ] CameraControl -> Stop 
[ 2023-04-19 수요일 10:56:11 929 ] CameraControl -> Close 
[ 2023-04-19 수요일 10:56:11 942 ] VideoCheck_Page -> VideoClose 
[ 2023-04-19 수요일 10:56:11 952 ] VideoAnalysis_Page -> VideoClose 
[ 2023-04-19 수요일 10:56:18 443 ] 프로그램 시작
[ 2023-04-19 수요일 10:56:20 733 ] Form1 -> Form1_Shown 
[ 2023-04-19 수요일 10:56:21 161 ] RealTimeView_Page -> PanelSettings 
[ 2023-04-19 수요일 10:56:21 439 ] RealTimeView_Page -> RealTimeView_Page_Load 
[ 2023-04-19 수요일 10:56:21 440 ] RealTimeView_Page -> VideoSetLoad 
[ 2023-04-19 수요일 10:56:21 441 ] RealTimeView_Page -> cb_TextView_SelectedValueChanged 
[ 2023-04-19 수요일 10:56:21 442 ] Settings_Page -> XMLSave 
[ 2023-04-19 수요일 10:56:21 443 ] CameraControl -> CameraOpen 
[ 2023-04-19 수요일 10:56:21 670 ] CameraControl -> open 
[ 2023-04-19 수요일 10:56:21 696 ] RealTimeView_Page -> CreateBitmap 
[ 2023-04-19 수요일 10:56:21 708 ] CameraControl -> SetEnableImageCallback 
[ 2023-04-19 수요일 10:56:21 717 ] CameraControl -> Start 
[ 2023-04-19 수요일 10:56:21 763 ] CameraControl -> CameraOpen 
[ 2023-04-19 수요일 10:56:22 039 ] CameraControl -> open 
[ 2023-04-19 수요일 10:56:22 049 ] RealTimeView_Page -> CreateBitmap 
[ 2023-04-19 수요일 10:56:22 058 ] CameraControl -> SetEnableImageCallback 
[ 2023-04-19 수요일 10:56:22 061 ] CameraControl -> Start 
[ 2023-04-19 수요일 10:56:22 104 ] CameraControl -> CameraOpen 
[ 2023-04-19 수요일 10:56:22 421 ] CameraControl -> open 
[ 2023-04-19 수요일 10:56:22 435 ] RealTimeView_Page -> CreateBitmap 
[ 2023-04-19 수요일 10:56:22 443 ] CameraControl -> SetEnableImageCallback 
[ 2023-04-19 수요일 10:56:22 445 ] CameraControl -> Start 
[ 2023-04-19 수요일 10:56:22 510 ] Settings_Page -> XMLSave 
[ 2023-04-19 수요일 10:56:22 553 ] VideoCheck_Page -> PanelSettings 
[ 2023-04-19 수요일 10:56:22 619 ] VideoAnalysis_Page -> PanelSettings 
[ 2023-04-19 수요일 10:57:12 901 ] RealTimeView_Page -> RealTimeView_ButtonActions 
[ 2023-04-19 수요일 10:57:21 443 ] RealTimeView_Page -> UserTextChange 
[ 2023-04-19 수요일 10:57:21 444 ] Settings_Page -> XMLSave 
[ 2023-04-19 수요일 10:57:21 514 ] RealTimeView_Page -> RealTimeView_ButtonActions 
[ 2023-04-19 수요일 10:57:23 754 ] RealTimeView_Page -> RealTimeView_ButtonActions 
[ 2023-04-19 수요일 10:57:27 452 ] RealTimeView_Page -> RealTimeView_ButtonActions 
[ 2023-04-19 수요일 10:57:29 486 ] RealTimeView_Page -> RealTimeView_ButtonActions 
[ 2023-04-19 수요일 10:57:29 490 ] RealTimeView_Page -> Camera_Info 
[ 2023-04-19 수요일 10:57:47 023 ] RealTimeView_Page -> RealTimeView_ButtonActions 
[ 2023-04-19 수요일 10:57:51 423 ] RealTimeView_Page -> RealTimeView_ButtonActions 
[ 2023-04-19 수요일 10:58:10 354 ] RealTimeView_Page -> RealTimeView_ButtonActions 
[ 2023-04-19 수요일 10:58:10 861 ] RealTimeView_Page -> RealTimeView_ButtonActions 
[ 2023-04-19 수요일 10:58:11 249 ] RealTimeView_Page -> RealTimeView_ButtonActions 
[ 2023-04-19 수요일 10:58:11 647 ] RealTimeView_Page -> RealTimeView_ButtonActions 
[ 2023-04-19 수요일 10:58:12 072 ] RealTimeView_Page -> RealTimeView_ButtonActions 
[ 2023-04-19 수요일 10:58:12 735 ] RealTimeView_Page -> RealTimeView_ButtonActions 
[ 2023-04-19 수요일 10:58:15 251 ] RealTimeView_Page -> UserTextChange 
[ 2023-04-19 수요일 10:58:15 253 ] Settings_Page -> XMLSave 
[ 2023-04-19 수요일 10:58:15 342 ] RealTimeView_Page -> RealTimeView_ButtonActions 
[ 2023-04-19 수요일 10:59:24 195 ] Form1 -> NavigationClick 
[ 2023-04-19 수요일 10:59:32 058 ] Form1 -> NavigationClick 
[ 2023-04-19 수요일 10:59:32 339 ] VideoAnalysis_Page -> VideoAnalysis_Page_Load 
[ 2023-04-19 수요일 10:59:34 443 ] VideoAnalysis_Page -> VideoAnalysis_ButtonActions1 
[ 2023-04-19 수요일 10:59:34 446 ] VideoAnalysis_Page -> VideoCheck_FileOpen1 
[ 2023-04-19 수요일 10:59:39 429 ] VideoAnalysis_Page -> VideoAnalysis_ButtonActions2 
[ 2023-04-19 수요일 10:59:39 431 ] VideoAnalysis_Page -> VideoCheck_FileOpen2 
[ 2023-04-19 수요일 10:59:44 594 ] VideoAnalysis_Page -> VideoAnalysis_ButtonActions1 
[ 2023-04-19 수요일 10:59:44 595 ] VideoAnalysis_Page -> VideoCheck_Play1 
[ 2023-04-19 수요일 10:59:47 422 ] VideoAnalysis_Page -> VideoAnalysis_ButtonActions1 
[ 2023-04-19 수요일 10:59:47 423 ] VideoAnalysis_Page -> VideoCheck_FileOpen1 
[ 2023-04-19 수요일 10:59:52 627 ] VideoAnalysis_Page -> VideoAnalysis_ButtonActions1 
[ 2023-04-19 수요일 10:59:52 627 ] VideoAnalysis_Page -> VideoCheck_Play1 
[ 2023-04-19 수요일 10:59:54 029 ] VideoAnalysis_Page -> VideoAnalysis_ButtonActions1 
[ 2023-04-19 수요일 10:59:54 030 ] VideoAnalysis_Page -> VideoCheck_FileOpen1 
[ 2023-04-19 수요일 11:00:08 824 ] VideoAnalysis_Page -> VideoAnalysis_ButtonActions2 
[ 2023-04-19 수요일 11:00:08 826 ] VideoAnalysis_Page -> VideoCheck_Play2 
[ 2023-04-19 수요일 11:00:11 254 ] VideoAnalysis_Page -> VideoAnalysis_ButtonActions2 
[ 2023-04-19 수요일 11:00:11 255 ] VideoAnalysis_Page -> VideoCheck_FileOpen2 
[ 2023-04-19 수요일 11:00:29 061 ] VideoAnalysis_Page -> VideoAnalysis_ButtonActions2 
[ 2023-04-19 수요일 11:00:29 061 ] VideoAnalysis_Page -> VideoCheck_Play2 
[ 2023-04-19 수요일 11:00:32 320 ] VideoAnalysis_Page -> FilterClick 
[ 2023-04-19 수요일 11:01:08 823 ] VideoAnalysis_Page -> VideoAnalysis_ButtonActions1 
[ 2023-04-19 수요일 11:01:08 823 ] VideoAnalysis_Page -> VideoCheck_Play1 
[ 2023-04-19 수요일 11:04:45 615 ] VideoAnalysis_Page -> VideoAnalysis_ButtonActions1 
[ 2023-04-19 수요일 11:04:45 616 ] VideoAnalysis_Page -> VideoCheck_Play1 
[ 2023-04-19 수요일 11:05:02 230 ] VideoAnalysis_Page -> VideoAnalysis_ButtonActions1 
[ 2023-04-19 수요일 11:05:02 231 ] VideoAnalysis_Page -> VideoCheck_FileClose1 
[ 2023-04-19 수요일 11:05:03 648 ] VideoAnalysis_Page -> VideoAnalysis_ButtonActions1 
[ 2023-04-19 수요일 11:05:03 648 ] VideoAnalysis_Page -> VideoCheck_Play1 
[ 2023-04-19 수요일 11:10:59 946 ] Form1 -> Form1_FormClosing 
[ 2023-04-19 수요일 11:10:59 957 ] RealTimeView_Page -> CameraClose 
[ 2023-04-19 수요일 11:10:59 963 ] CameraControl -> Stop 
[ 2023-04-19 수요일 11:11:01 409 ] CameraControl -> Close 
[ 2023-04-19 수요일 11:11:01 433 ] CameraControl -> Stop 
[ 2023-04-19 수요일 11:11:02 802 ] CameraControl -> Close 
[ 2023-04-19 수요일 11:11:02 818 ] CameraControl -> Stop 
[ 2023-04-19 수요일 11:11:03 157 ] CameraControl -> Close 
[ 2023-04-19 수요일 11:11:03 181 ] VideoCheck_Page -> VideoClose 
[ 2023-04-19 수요일 11:11:03 182 ] VideoAnalysis_Page -> VideoClose 
[ 2023-04-19 수요일 11:12:10 075 ] 프로그램 시작
[ 2023-04-19 수요일 11:12:12 382 ] Form1 -> Form1_Shown 
[ 2023-04-19 수요일 11:12:12 822 ] RealTimeView_Page -> PanelSettings 
[ 2023-04-19 수요일 11:12:13 120 ] RealTimeView_Page -> RealTimeView_Page_Load 
[ 2023-04-19 수요일 11:12:13 121 ] RealTimeView_Page -> VideoSetLoad 
[ 2023-04-19 수요일 11:12:13 122 ] RealTimeView_Page -> cb_TextView_SelectedValueChanged 
[ 2023-04-19 수요일 11:12:13 123 ] Settings_Page -> XMLSave 
[ 2023-04-19 수요일 11:12:13 125 ] CameraControl -> CameraOpen 
[ 2023-04-19 수요일 11:12:13 355 ] CameraControl -> open 
[ 2023-04-19 수요일 11:12:13 394 ] RealTimeView_Page -> CreateBitmap 
[ 2023-04-19 수요일 11:12:13 411 ] CameraControl -> SetEnableImageCallback 
[ 2023-04-19 수요일 11:12:13 421 ] CameraControl -> Start 
[ 2023-04-19 수요일 11:12:13 466 ] CameraControl -> CameraOpen 
[ 2023-04-19 수요일 11:12:13 756 ] CameraControl -> open 
[ 2023-04-19 수요일 11:12:13 767 ] RealTimeView_Page -> CreateBitmap 
[ 2023-04-19 수요일 11:12:13 774 ] CameraControl -> SetEnableImageCallback 
[ 2023-04-19 수요일 11:12:13 776 ] CameraControl -> Start 
[ 2023-04-19 수요일 11:12:13 818 ] CameraControl -> CameraOpen 
[ 2023-04-19 수요일 11:12:15 390 ] CameraControl -> open 
[ 2023-04-19 수요일 11:12:15 408 ] RealTimeView_Page -> CreateBitmap 
[ 2023-04-19 수요일 11:12:15 427 ] CameraControl -> SetEnableImageCallback 
[ 2023-04-19 수요일 11:12:15 435 ] CameraControl -> Start 
[ 2023-04-19 수요일 11:12:15 520 ] Settings_Page -> XMLSave 
[ 2023-04-19 수요일 11:12:15 560 ] VideoCheck_Page -> PanelSettings 
[ 2023-04-19 수요일 11:12:15 660 ] VideoAnalysis_Page -> PanelSettings 
[ 2023-04-19 수요일 11:12:26 459 ] Form1 -> NavigationClick 
[ 2023-04-19 수요일 11:12:26 947 ] VideoAnalysis_Page -> VideoAnalysis_Page_Load 
[ 2023-04-19 수요일 11:12:29 371 ] VideoAnalysis_Page -> VideoAnalysis_ButtonActions2 
[ 2023-04-19 수요일 11:12:29 378 ] VideoAnalysis_Page -> VideoCheck_FileOpen2 
[ 2023-04-19 수요일 11:12:36 326 ] VideoAnalysis_Page -> VideoAnalysis_ButtonActions2 
[ 2023-04-19 수요일 11:12:36 327 ] VideoAnalysis_Page -> VideoCheck_Play2 
[ 2023-04-19 수요일 11:12:38 493 ] VideoAnalysis_Page -> FilterClick 
[ 2023-04-19 수요일 11:13:06 773 ] VideoAnalysis_Page -> VideoAnalysis_ButtonActions2 
[ 2023-04-19 수요일 11:13:06 773 ] VideoAnalysis_Page -> VideoCheck_Play2 
[ 2023-04-19 수요일 11:13:07 478 ] VideoAnalysis_Page -> VideoAnalysis_ButtonActions2 
[ 2023-04-19 수요일 11:13:07 479 ] VideoAnalysis_Page -> VideoCheck_Play2 
[ 2023-04-19 수요일 11:13:10 922 ] VideoAnalysis_Page -> VideoAnalysis_ButtonActions1 
[ 2023-04-19 수요일 11:13:10 923 ] VideoAnalysis_Page -> VideoCheck_FileOpen1 
[ 2023-04-19 수요일 11:13:19 274 ] VideoAnalysis_Page -> VideoAnalysis_ButtonActions1 
[ 2023-04-19 수요일 11:13:19 275 ] VideoAnalysis_Page -> VideoCheck_Play1 
[ 2023-04-19 수요일 11:13:36 530 ] VideoAnalysis_Page -> FilterClick 
[ 2023-04-19 수요일 11:13:36 848 ] VideoAnalysis_Page -> FilterClick 
[ 2023-04-19 수요일 11:13:37 968 ] VideoAnalysis_Page -> VideoAnalysis_ButtonActions2 
[ 2023-04-19 수요일 11:13:37 969 ] VideoAnalysis_Page -> VideoCheck_Play2 
[ 2023-04-19 수요일 11:13:58 090 ] VideoAnalysis_Page -> VideoAnalysis_ButtonActions2 
[ 2023-04-19 수요일 11:13:58 095 ] VideoAnalysis_Page -> VideoCheck_Play2 
[ 2023-04-19 수요일 11:14:00 106 ] VideoAnalysis_Page -> VideoAnalysis_ButtonActions1 
[ 2023-04-19 수요일 11:14:00 106 ] VideoAnalysis_Page -> VideoCheck_Play1 
[ 2023-04-19 수요일 11:14:01 335 ] VideoAnalysis_Page -> VideoAnalysis_ButtonActions2 
[ 2023-04-19 수요일 11:14:01 336 ] VideoAnalysis_Page -> VideoCheck_Play2 
[ 2023-04-19 수요일 11:14:05 904 ] VideoAnalysis_Page -> VideoAnalysis_ButtonActions1 
[ 2023-04-19 수요일 11:14:05 905 ] VideoAnalysis_Page -> VideoCheck_Play1 
[ 2023-04-19 수요일 11:15:49 732 ] VideoAnalysis_Page -> VideoAnalysis_ButtonActions1 
[ 2023-04-19 수요일 11:15:49 733 ] VideoAnalysis_Page -> VideoCheck_Play1 
[ 2023-04-19 수요일 11:15:50 854 ] VideoAnalysis_Page -> VideoAnalysis_ButtonActions2 
[ 2023-04-19 수요일 11:15:50 855 ] VideoAnalysis_Page -> VideoCheck_Play2 
[ 2023-04-19 수요일 11:16:34 812 ] VideoAnalysis_Page -> VideoAnalysis_ButtonActions1 
[ 2023-04-19 수요일 11:16:34 812 ] VideoAnalysis_Page -> VideoCheck_Play1 
[ 2023-04-19 수요일 11:16:35 518 ] VideoAnalysis_Page -> VideoAnalysis_ButtonActions2 
[ 2023-04-19 수요일 11:16:35 519 ] VideoAnalysis_Page -> VideoCheck_Play2 
[ 2023-04-19 수요일 11:25:46 584 ] Form1 -> NavigationClick 
[ 2023-04-19 수요일 11:25:46 597 ] VideoAnalysis_Page -> PageChange 
[ 2023-04-19 수요일 12:53:06 945 ] Form1 -> Form1_FormClosing 
[ 2023-04-19 수요일 12:53:06 958 ] RealTimeView_Page -> CameraClose 
[ 2023-04-19 수요일 12:53:07 008 ] CameraControl -> Stop 
[ 2023-04-19 수요일 12:53:08 510 ] CameraControl -> Close 
[ 2023-04-19 수요일 12:53:08 605 ] CameraControl -> Stop 
[ 2023-04-19 수요일 12:53:10 014 ] CameraControl -> Close 
[ 2023-04-19 수요일 12:53:10 060 ] CameraControl -> Stop 
[ 2023-04-19 수요일 12:53:10 398 ] CameraControl -> Close 
[ 2023-04-19 수요일 12:53:10 441 ] VideoCheck_Page -> VideoClose 
[ 2023-04-19 수요일 12:53:10 442 ] VideoAnalysis_Page -> VideoClose 
[ 2023-04-19 수요일 12:53:12 643 ] CameraControl -> Finalize 
[ 2023-04-19 수요일 12:53:12 643 ] CameraControl -> Close 
[ 2023-04-19 수요일 12:53:12 644 ] CameraControl -> Finalize 
[ 2023-04-19 수요일 12:53:12 645 ] CameraControl -> Close 
[ 2023-04-19 수요일 12:53:12 645 ] CameraControl -> Finalize 
[ 2023-04-19 수요일 12:53:12 645 ] CameraControl -> Close 
[ 2023-04-19 수요일 13:07:29 778 ] 프로그램 시작
[ 2023-04-19 수요일 13:07:32 103 ] Form1 -> Form1_Shown 
[ 2023-04-19 수요일 13:07:32 608 ] RealTimeView_Page -> PanelSettings 
[ 2023-04-19 수요일 13:07:32 992 ] RealTimeView_Page -> RealTimeView_Page_Load 
[ 2023-04-19 수요일 13:07:32 993 ] RealTimeView_Page -> VideoSetLoad 
[ 2023-04-19 수요일 13:07:32 994 ] RealTimeView_Page -> cb_TextView_SelectedValueChanged 
[ 2023-04-19 수요일 13:07:32 996 ] Settings_Page -> XMLSave 
[ 2023-04-19 수요일 13:07:32 997 ] CameraControl -> CameraOpen 
[ 2023-04-19 수요일 13:07:33 291 ] CameraControl -> open 
[ 2023-04-19 수요일 13:07:33 330 ] RealTimeView_Page -> CreateBitmap 
[ 2023-04-19 수요일 13:07:33 345 ] CameraControl -> SetEnableImageCallback 
[ 2023-04-19 수요일 13:07:33 357 ] CameraControl -> Start 
[ 2023-04-19 수요일 13:07:33 405 ] CameraControl -> CameraOpen 
[ 2023-04-19 수요일 13:07:33 701 ] CameraControl -> open 
[ 2023-04-19 수요일 13:07:33 712 ] RealTimeView_Page -> CreateBitmap 
[ 2023-04-19 수요일 13:07:33 719 ] CameraControl -> SetEnableImageCallback 
[ 2023-04-19 수요일 13:07:33 721 ] CameraControl -> Start 
[ 2023-04-19 수요일 13:07:33 770 ] CameraControl -> CameraOpen 
[ 2023-04-19 수요일 13:07:34 106 ] CameraControl -> open 
[ 2023-04-19 수요일 13:07:34 118 ] RealTimeView_Page -> CreateBitmap 
[ 2023-04-19 수요일 13:07:34 127 ] CameraControl -> SetEnableImageCallback 
[ 2023-04-19 수요일 13:07:34 131 ] CameraControl -> Start 
[ 2023-04-19 수요일 13:07:34 211 ] Settings_Page -> XMLSave 
[ 2023-04-19 수요일 13:07:34 245 ] VideoCheck_Page -> PanelSettings 
[ 2023-04-19 수요일 13:07:34 335 ] VideoAnalysis_Page -> PanelSettings 
[ 2023-04-19 수요일 13:07:36 897 ] Form1 -> NavigationClick 
[ 2023-04-19 수요일 13:07:37 316 ] VideoAnalysis_Page -> VideoAnalysis_Page_Load 
[ 2023-04-19 수요일 13:07:39 678 ] VideoAnalysis_Page -> VideoAnalysis_ButtonActions1 
[ 2023-04-19 수요일 13:07:39 690 ] VideoAnalysis_Page -> VideoCheck_FileOpen1 
[ 2023-04-19 수요일 13:07:46 984 ] VideoAnalysis_Page -> VideoAnalysis_ButtonActions1 
[ 2023-04-19 수요일 13:07:46 986 ] VideoAnalysis_Page -> VideoCheck_Play1 
[ 2023-04-19 수요일 13:07:48 733 ] VideoAnalysis_Page -> FilterClick 
[ 2023-04-19 수요일 13:10:41 814 ] VideoAnalysis_Page -> VideoAnalysis_ButtonActions1 
[ 2023-04-19 수요일 13:10:41 817 ] VideoAnalysis_Page -> VideoCheck_Play1 
[ 2023-04-19 수요일 13:16:40 482 ] Form1 -> NavigationClick 
[ 2023-04-19 수요일 13:16:40 484 ] VideoAnalysis_Page -> PageChange 
[ 2023-04-19 수요일 14:38:16 511 ] Form1 -> Form1_FormClosing 
[ 2023-04-19 수요일 14:38:16 522 ] RealTimeView_Page -> CameraClose 
[ 2023-04-19 수요일 14:38:16 548 ] CameraControl -> Stop 
[ 2023-04-19 수요일 14:38:18 030 ] CameraControl -> Close 
[ 2023-04-19 수요일 14:38:18 083 ] CameraControl -> Stop 
[ 2023-04-19 수요일 14:38:19 463 ] CameraControl -> Close 
[ 2023-04-19 수요일 14:38:19 494 ] CameraControl -> Stop 
[ 2023-04-19 수요일 14:38:19 828 ] CameraControl -> Close 
[ 2023-04-19 수요일 14:38:19 870 ] VideoCheck_Page -> VideoClose 
[ 2023-04-19 수요일 14:38:19 871 ] VideoAnalysis_Page -> VideoClose 
[ 2023-04-19 수요일 14:38:20 271 ] CameraControl -> Finalize 
[ 2023-04-19 수요일 14:38:20 271 ] CameraControl -> Close 
[ 2023-04-19 수요일 14:38:20 282 ] CameraControl -> Finalize 
[ 2023-04-19 수요일 14:38:20 283 ] CameraControl -> Close 
[ 2023-04-19 수요일 14:38:20 283 ] CameraControl -> Finalize 
[ 2023-04-19 수요일 14:38:20 283 ] CameraControl -> Close 
[ 2023-04-19 수요일 14:38:39 756 ] 프로그램 시작
[ 2023-04-19 수요일 14:38:42 107 ] Form1 -> Form1_Shown 
[ 2023-04-19 수요일 14:38:42 627 ] RealTimeView_Page -> PanelSettings 
[ 2023-04-19 수요일 14:38:43 003 ] RealTimeView_Page -> RealTimeView_Page_Load 
[ 2023-04-19 수요일 14:38:43 003 ] RealTimeView_Page -> VideoSetLoad 
[ 2023-04-19 수요일 14:38:43 005 ] RealTimeView_Page -> cb_TextView_SelectedValueChanged 
[ 2023-04-19 수요일 14:38:43 006 ] Settings_Page -> XMLSave 
[ 2023-04-19 수요일 14:38:43 007 ] CameraControl -> CameraOpen 
[ 2023-04-19 수요일 14:38:43 256 ] CameraControl -> open 
[ 2023-04-19 수요일 14:38:43 297 ] RealTimeView_Page -> CreateBitmap 
[ 2023-04-19 수요일 14:38:43 312 ] CameraControl -> SetEnableImageCallback 
[ 2023-04-19 수요일 14:38:43 324 ] CameraControl -> Start 
[ 2023-04-19 수요일 14:38:43 369 ] CameraControl -> CameraOpen 
[ 2023-04-19 수요일 14:38:43 628 ] CameraControl -> open 
[ 2023-04-19 수요일 14:38:43 640 ] RealTimeView_Page -> CreateBitmap 
[ 2023-04-19 수요일 14:38:43 653 ] CameraControl -> SetEnableImageCallback 
[ 2023-04-19 수요일 14:38:43 657 ] CameraControl -> Start 
[ 2023-04-19 수요일 14:38:43 746 ] CameraControl -> CameraOpen 
[ 2023-04-19 수요일 14:38:44 125 ] CameraControl -> open 
[ 2023-04-19 수요일 14:38:44 138 ] RealTimeView_Page -> CreateBitmap 
[ 2023-04-19 수요일 14:38:44 145 ] CameraControl -> SetEnableImageCallback 
[ 2023-04-19 수요일 14:38:44 147 ] CameraControl -> Start 
[ 2023-04-19 수요일 14:38:44 218 ] Settings_Page -> XMLSave 
[ 2023-04-19 수요일 14:38:44 249 ] VideoCheck_Page -> PanelSettings 
[ 2023-04-19 수요일 14:38:44 359 ] VideoAnalysis_Page -> PanelSettings 
[ 2023-04-19 수요일 14:38:48 550 ] Form1 -> NavigationClick 
[ 2023-04-19 수요일 15:07:20 329 ] Form1 -> Form1_FormClosing 
[ 2023-04-19 수요일 15:07:20 341 ] RealTimeView_Page -> CameraClose 
[ 2023-04-19 수요일 15:07:20 356 ] CameraControl -> Stop 
[ 2023-04-19 수요일 15:07:21 790 ] CameraControl -> Close 
[ 2023-04-19 수요일 15:07:21 830 ] CameraControl -> Stop 
[ 2023-04-19 수요일 15:07:23 159 ] CameraControl -> Close 
[ 2023-04-19 수요일 15:07:23 197 ] CameraControl -> Stop 
[ 2023-04-19 수요일 15:07:23 531 ] CameraControl -> Close 
[ 2023-04-19 수요일 15:07:23 578 ] VideoCheck_Page -> VideoClose 
[ 2023-04-19 수요일 15:07:23 579 ] VideoAnalysis_Page -> VideoClose 
[ 2023-04-19 수요일 15:28:44 898 ] 프로그램 시작
[ 2023-04-19 수요일 15:28:47 242 ] Form1 -> Form1_Shown 
[ 2023-04-19 수요일 15:28:47 782 ] RealTimeView_Page -> PanelSettings 
[ 2023-04-19 수요일 15:28:48 144 ] RealTimeView_Page -> RealTimeView_Page_Load 
[ 2023-04-19 수요일 15:28:48 144 ] RealTimeView_Page -> VideoSetLoad 
[ 2023-04-19 수요일 15:28:48 145 ] RealTimeView_Page -> cb_TextView_SelectedValueChanged 
[ 2023-04-19 수요일 15:28:48 146 ] Settings_Page -> XMLSave 
[ 2023-04-19 수요일 15:28:48 147 ] CameraControl -> CameraOpen 
[ 2023-04-19 수요일 15:28:48 413 ] CameraControl -> open 
[ 2023-04-19 수요일 15:28:48 452 ] RealTimeView_Page -> CreateBitmap 
[ 2023-04-19 수요일 15:28:48 466 ] CameraControl -> SetEnableImageCallback 
[ 2023-04-19 수요일 15:28:48 479 ] CameraControl -> Start 
[ 2023-04-19 수요일 15:28:48 523 ] CameraControl -> CameraOpen 
[ 2023-04-19 수요일 15:28:48 831 ] CameraControl -> open 
[ 2023-04-19 수요일 15:28:48 842 ] RealTimeView_Page -> CreateBitmap 
[ 2023-04-19 수요일 15:28:48 849 ] CameraControl -> SetEnableImageCallback 
[ 2023-04-19 수요일 15:28:48 852 ] CameraControl -> Start 
[ 2023-04-19 수요일 15:28:48 952 ] CameraControl -> CameraOpen 
[ 2023-04-19 수요일 15:28:49 451 ] CameraControl -> open 
[ 2023-04-19 수요일 15:28:49 538 ] RealTimeView_Page -> CreateBitmap 
[ 2023-04-19 수요일 15:28:49 559 ] CameraControl -> SetEnableImageCallback 
[ 2023-04-19 수요일 15:28:49 563 ] CameraControl -> Start 
[ 2023-04-19 수요일 15:28:49 626 ] Settings_Page -> XMLSave 
[ 2023-04-19 수요일 15:28:49 662 ] VideoCheck_Page -> PanelSettings 
[ 2023-04-19 수요일 15:28:49 775 ] VideoAnalysis_Page -> PanelSettings 
[ 2023-04-19 수요일 15:28:54 842 ] Form1 -> NavigationClick 
[ 2023-04-19 수요일 15:28:59 625 ] Form1 -> NavigationClick 
[ 2023-04-19 수요일 15:29:01 422 ] Form1 -> NavigationClick 
[ 2023-04-19 수요일 15:29:22 258 ] Form1 -> NavigationClick 
[ 2023-04-19 수요일 15:31:16 518 ] Form1 -> Form1_FormClosing 
[ 2023-04-19 수요일 15:31:16 528 ] RealTimeView_Page -> CameraClose 
[ 2023-04-19 수요일 15:31:16 562 ] CameraControl -> Stop 
[ 2023-04-19 수요일 15:31:16 764 ] CameraControl -> Close 
[ 2023-04-19 수요일 15:31:16 784 ] CameraControl -> Stop 
[ 2023-04-19 수요일 15:31:18 147 ] CameraControl -> Close 
[ 2023-04-19 수요일 15:31:18 160 ] CameraControl -> Stop 
[ 2023-04-19 수요일 15:31:18 471 ] CameraControl -> Close 
[ 2023-04-19 수요일 15:31:18 485 ] VideoCheck_Page -> VideoClose 
[ 2023-04-19 수요일 15:31:18 488 ] VideoAnalysis_Page -> VideoClose 
[ 2023-04-19 수요일 15:31:28 511 ] 프로그램 시작
[ 2023-04-19 수요일 15:31:30 826 ] Form1 -> Form1_Shown 
[ 2023-04-19 수요일 15:31:31 274 ] RealTimeView_Page -> PanelSettings 
[ 2023-04-19 수요일 15:31:31 555 ] RealTimeView_Page -> RealTimeView_Page_Load 
[ 2023-04-19 수요일 15:31:31 556 ] RealTimeView_Page -> VideoSetLoad 
[ 2023-04-19 수요일 15:31:31 566 ] RealTimeView_Page -> cb_TextView_SelectedValueChanged 
[ 2023-04-19 수요일 15:31:31 567 ] Settings_Page -> XMLSave 
[ 2023-04-19 수요일 15:31:31 568 ] CameraControl -> CameraOpen 
[ 2023-04-19 수요일 15:31:31 797 ] CameraControl -> open 
[ 2023-04-19 수요일 15:31:31 824 ] RealTimeView_Page -> CreateBitmap 
[ 2023-04-19 수요일 15:31:31 849 ] CameraControl -> SetEnableImageCallback 
[ 2023-04-19 수요일 15:31:31 861 ] CameraControl -> Start 
[ 2023-04-19 수요일 15:31:31 908 ] CameraControl -> CameraOpen 
[ 2023-04-19 수요일 15:31:32 171 ] CameraControl -> open 
[ 2023-04-19 수요일 15:31:32 185 ] RealTimeView_Page -> CreateBitmap 
[ 2023-04-19 수요일 15:31:32 196 ] CameraControl -> SetEnableImageCallback 
[ 2023-04-19 수요일 15:31:32 202 ] CameraControl -> Start 
[ 2023-04-19 수요일 15:31:32 248 ] CameraControl -> CameraOpen 
[ 2023-04-19 수요일 15:31:32 586 ] CameraControl -> open 
[ 2023-04-19 수요일 15:31:32 602 ] RealTimeView_Page -> CreateBitmap 
[ 2023-04-19 수요일 15:31:32 613 ] CameraControl -> SetEnableImageCallback 
[ 2023-04-19 수요일 15:31:32 618 ] CameraControl -> Start 
[ 2023-04-19 수요일 15:31:32 686 ] Settings_Page -> XMLSave 
[ 2023-04-19 수요일 15:31:32 720 ] VideoCheck_Page -> PanelSettings 
[ 2023-04-19 수요일 15:31:32 802 ] VideoAnalysis_Page -> PanelSettings 
[ 2023-04-19 수요일 15:34:31 966 ] Form1 -> NavigationClick 
[ 2023-04-19 수요일 15:34:34 020 ] Form1 -> NavigationClick 
[ 2023-04-19 수요일 15:34:46 292 ] Form1 -> NavigationClick 
[ 2023-04-19 수요일 15:34:57 462 ] Form1 -> Form1_FormClosing 
[ 2023-04-19 수요일 15:34:57 470 ] RealTimeView_Page -> CameraClose 
[ 2023-04-19 수요일 15:34:57 642 ] CameraControl -> Stop 
[ 2023-04-19 수요일 15:34:57 790 ] CameraControl -> Close 
[ 2023-04-19 수요일 15:34:57 901 ] CameraControl -> Stop 
[ 2023-04-19 수요일 15:34:59 278 ] CameraControl -> Close 
[ 2023-04-19 수요일 15:34:59 381 ] CameraControl -> Stop 
[ 2023-04-19 수요일 15:34:59 721 ] CameraControl -> Close 
[ 2023-04-19 수요일 15:34:59 751 ] VideoCheck_Page -> VideoClose 
[ 2023-04-19 수요일 15:34:59 753 ] VideoAnalysis_Page -> VideoClose 
[ 2023-04-19 수요일 15:34:59 930 ] CameraControl -> Finalize 
[ 2023-04-19 수요일 15:34:59 930 ] CameraControl -> Close 
[ 2023-04-19 수요일 15:34:59 937 ] CameraControl -> Finalize 
[ 2023-04-19 수요일 15:34:59 937 ] CameraControl -> Close 
[ 2023-04-19 수요일 15:34:59 938 ] CameraControl -> Finalize 
[ 2023-04-19 수요일 15:34:59 938 ] CameraControl -> Close 
[ 2023-04-19 수요일 15:37:55 437 ] 프로그램 시작
[ 2023-04-19 수요일 15:37:57 756 ] Form1 -> Form1_Shown 
[ 2023-04-19 수요일 15:37:58 227 ] RealTimeView_Page -> PanelSettings 
[ 2023-04-19 수요일 15:37:58 562 ] RealTimeView_Page -> RealTimeView_Page_Load 
[ 2023-04-19 수요일 15:37:58 563 ] RealTimeView_Page -> VideoSetLoad 
[ 2023-04-19 수요일 15:37:58 564 ] RealTimeView_Page -> cb_TextView_SelectedValueChanged 
[ 2023-04-19 수요일 15:37:58 565 ] Settings_Page -> XMLSave 
[ 2023-04-19 수요일 15:37:58 566 ] CameraControl -> CameraOpen 
[ 2023-04-19 수요일 15:37:58 824 ] CameraControl -> open 
[ 2023-04-19 수요일 15:37:58 858 ] RealTimeView_Page -> CreateBitmap 
[ 2023-04-19 수요일 15:37:58 871 ] CameraControl -> SetEnableImageCallback 
[ 2023-04-19 수요일 15:37:58 883 ] CameraControl -> Start 
[ 2023-04-19 수요일 15:37:58 928 ] CameraControl -> CameraOpen 
[ 2023-04-19 수요일 15:37:59 198 ] CameraControl -> open 
[ 2023-04-19 수요일 15:37:59 207 ] RealTimeView_Page -> CreateBitmap 
[ 2023-04-19 수요일 15:37:59 214 ] CameraControl -> SetEnableImageCallback 
[ 2023-04-19 수요일 15:37:59 219 ] CameraControl -> Start 
[ 2023-04-19 수요일 15:37:59 265 ] CameraControl -> CameraOpen 
[ 2023-04-19 수요일 15:37:59 584 ] CameraControl -> open 
[ 2023-04-19 수요일 15:37:59 600 ] RealTimeView_Page -> CreateBitmap 
[ 2023-04-19 수요일 15:38:00 818 ] CameraControl -> SetEnableImageCallback 
[ 2023-04-19 수요일 15:38:00 822 ] CameraControl -> Start 
[ 2023-04-19 수요일 15:38:00 929 ] Settings_Page -> XMLSave 
[ 2023-04-19 수요일 15:38:00 960 ] VideoCheck_Page -> PanelSettings 
[ 2023-04-19 수요일 15:38:01 080 ] VideoAnalysis_Page -> PanelSettings 
[ 2023-04-19 수요일 15:38:02 272 ] Form1 -> NavigationClick 
[ 2023-04-19 수요일 15:38:10 371 ] Form1 -> Form1_FormClosing 
[ 2023-04-19 수요일 15:38:10 377 ] RealTimeView_Page -> CameraClose 
[ 2023-04-19 수요일 15:38:10 380 ] CameraControl -> Stop 
[ 2023-04-19 수요일 15:38:11 805 ] CameraControl -> Close 
[ 2023-04-19 수요일 15:38:11 841 ] CameraControl -> Stop 
[ 2023-04-19 수요일 15:38:13 243 ] CameraControl -> Close 
[ 2023-04-19 수요일 15:38:13 261 ] CameraControl -> Stop 
[ 2023-04-19 수요일 15:38:13 611 ] CameraControl -> Close 
[ 2023-04-19 수요일 15:38:13 628 ] VideoCheck_Page -> VideoClose 
[ 2023-04-19 수요일 15:38:13 638 ] VideoAnalysis_Page -> VideoClose 
[ 2023-04-19 수요일 15:58:29 583 ] 프로그램 시작
[ 2023-04-19 수요일 15:58:31 917 ] Form1 -> Form1_Shown 
[ 2023-04-19 수요일 15:58:32 463 ] RealTimeView_Page -> PanelSettings 
[ 2023-04-19 수요일 15:58:32 836 ] RealTimeView_Page -> RealTimeView_Page_Load 
[ 2023-04-19 수요일 15:58:32 837 ] RealTimeView_Page -> VideoSetLoad 
[ 2023-04-19 수요일 15:58:32 839 ] RealTimeView_Page -> cb_TextView_SelectedValueChanged 
[ 2023-04-19 수요일 15:58:32 842 ] Settings_Page -> XMLSave 
[ 2023-04-19 수요일 15:58:32 843 ] CameraControl -> CameraOpen 
[ 2023-04-19 수요일 15:58:33 113 ] CameraControl -> open 
[ 2023-04-19 수요일 15:58:33 144 ] RealTimeView_Page -> CreateBitmap 
[ 2023-04-19 수요일 15:58:33 159 ] CameraControl -> SetEnableImageCallback 
[ 2023-04-19 수요일 15:58:33 170 ] CameraControl -> Start 
[ 2023-04-19 수요일 15:58:33 215 ] CameraControl -> CameraOpen 
[ 2023-04-19 수요일 15:58:33 560 ] CameraControl -> open 
[ 2023-04-19 수요일 15:58:33 573 ] RealTimeView_Page -> CreateBitmap 
[ 2023-04-19 수요일 15:58:33 579 ] CameraControl -> SetEnableImageCallback 
[ 2023-04-19 수요일 15:58:33 582 ] CameraControl -> Start 
[ 2023-04-19 수요일 15:58:33 643 ] CameraControl -> CameraOpen 
[ 2023-04-19 수요일 15:58:33 999 ] CameraControl -> open 
[ 2023-04-19 수요일 15:58:34 010 ] RealTimeView_Page -> CreateBitmap 
[ 2023-04-19 수요일 15:58:34 026 ] CameraControl -> SetEnableImageCallback 
[ 2023-04-19 수요일 15:58:34 032 ] CameraControl -> Start 
[ 2023-04-19 수요일 15:58:34 156 ] Settings_Page -> XMLSave 
[ 2023-04-19 수요일 15:58:34 195 ] VideoCheck_Page -> PanelSettings 
[ 2023-04-19 수요일 15:58:34 295 ] VideoAnalysis_Page -> PanelSettings 
[ 2023-04-19 수요일 15:58:37 907 ] Form1 -> NavigationClick 
[ 2023-04-19 수요일 15:58:40 024 ] Form1 -> NavigationClick 
[ 2023-04-19 수요일 15:58:40 237 ] VideoAnalysis_Page -> VideoAnalysis_Page_Load 
[ 2023-04-19 수요일 15:58:41 918 ] Form1 -> Form1_FormClosing 
[ 2023-04-19 수요일 15:58:41 927 ] RealTimeView_Page -> CameraClose 
[ 2023-04-19 수요일 15:58:41 930 ] CameraControl -> Stop 
[ 2023-04-19 수요일 15:58:43 377 ] CameraControl -> Close 
[ 2023-04-19 수요일 15:58:43 397 ] CameraControl -> Stop 
[ 2023-04-19 수요일 15:58:44 763 ] CameraControl -> Close 
[ 2023-04-19 수요일 15:58:44 776 ] CameraControl -> Stop 
[ 2023-04-19 수요일 15:58:45 096 ] CameraControl -> Close 
[ 2023-04-19 수요일 15:58:45 109 ] VideoCheck_Page -> VideoClose 
[ 2023-04-19 수요일 15:58:45 109 ] VideoAnalysis_Page -> VideoClose 
[ 2023-04-19 수요일 15:59:26 927 ] 프로그램 시작
[ 2023-04-19 수요일 15:59:29 236 ] Form1 -> Form1_Shown 
[ 2023-04-19 수요일 15:59:29 684 ] RealTimeView_Page -> PanelSettings 
[ 2023-04-19 수요일 15:59:29 970 ] RealTimeView_Page -> RealTimeView_Page_Load 
[ 2023-04-19 수요일 15:59:29 970 ] RealTimeView_Page -> VideoSetLoad 
[ 2023-04-19 수요일 15:59:29 972 ] RealTimeView_Page -> cb_TextView_SelectedValueChanged 
[ 2023-04-19 수요일 15:59:29 976 ] Settings_Page -> XMLSave 
[ 2023-04-19 수요일 15:59:29 977 ] CameraControl -> CameraOpen 
[ 2023-04-19 수요일 15:59:30 255 ] CameraControl -> open 
[ 2023-04-19 수요일 15:59:30 281 ] RealTimeView_Page -> CreateBitmap 
[ 2023-04-19 수요일 15:59:30 294 ] CameraControl -> SetEnableImageCallback 
[ 2023-04-19 수요일 15:59:30 305 ] CameraControl -> Start 
[ 2023-04-19 수요일 15:59:30 350 ] CameraControl -> CameraOpen 
[ 2023-04-19 수요일 15:59:30 667 ] CameraControl -> open 
[ 2023-04-19 수요일 15:59:30 678 ] RealTimeView_Page -> CreateBitmap 
[ 2023-04-19 수요일 15:59:30 685 ] CameraControl -> SetEnableImageCallback 
[ 2023-04-19 수요일 15:59:30 687 ] CameraControl -> Start 
[ 2023-04-19 수요일 15:59:30 741 ] CameraControl -> CameraOpen 
[ 2023-04-19 수요일 15:59:32 275 ] CameraControl -> open 
[ 2023-04-19 수요일 15:59:32 294 ] RealTimeView_Page -> CreateBitmap 
[ 2023-04-19 수요일 15:59:32 317 ] CameraControl -> SetEnableImageCallback 
[ 2023-04-19 수요일 15:59:32 329 ] CameraControl -> Start 
[ 2023-04-19 수요일 15:59:32 486 ] Settings_Page -> XMLSave 
[ 2023-04-19 수요일 15:59:32 520 ] VideoCheck_Page -> PanelSettings 
[ 2023-04-19 수요일 15:59:32 619 ] VideoAnalysis_Page -> PanelSettings 
[ 2023-04-19 수요일 15:59:38 364 ] Form1 -> Form1_FormClosing 
[ 2023-04-19 수요일 15:59:38 369 ] RealTimeView_Page -> CameraClose 
[ 2023-04-19 수요일 15:59:38 515 ] CameraControl -> Stop 
[ 2023-04-19 수요일 15:59:39 901 ] CameraControl -> Close 
[ 2023-04-19 수요일 15:59:40 069 ] CameraControl -> Stop 
[ 2023-04-19 수요일 15:59:40 167 ] CameraControl -> Close 
[ 2023-04-19 수요일 15:59:40 273 ] CameraControl -> Stop 
[ 2023-04-19 수요일 15:59:40 632 ] CameraControl -> Close 
[ 2023-04-19 수요일 15:59:40 658 ] VideoCheck_Page -> VideoClose 
[ 2023-04-19 수요일 15:59:40 659 ] VideoAnalysis_Page -> VideoClose 
[ 2023-04-19 수요일 15:59:40 864 ] CameraControl -> Finalize 
[ 2023-04-19 수요일 15:59:40 864 ] CameraControl -> Close 
[ 2023-04-19 수요일 15:59:40 870 ] CameraControl -> Finalize 
[ 2023-04-19 수요일 15:59:40 870 ] CameraControl -> Close 
[ 2023-04-19 수요일 15:59:40 873 ] CameraControl -> Finalize 
[ 2023-04-19 수요일 15:59:40 873 ] CameraControl -> Close 
[ 2023-04-19 수요일 16:04:58 229 ] 프로그램 시작
[ 2023-04-19 수요일 16:05:00 563 ] Form1 -> Form1_Shown 
[ 2023-04-19 수요일 16:05:01 064 ] RealTimeView_Page -> PanelSettings 
[ 2023-04-19 수요일 16:05:01 382 ] RealTimeView_Page -> RealTimeView_Page_Load 
[ 2023-04-19 수요일 16:05:01 382 ] RealTimeView_Page -> VideoSetLoad 
[ 2023-04-19 수요일 16:05:01 384 ] RealTimeView_Page -> cb_TextView_SelectedValueChanged 
[ 2023-04-19 수요일 16:05:01 385 ] Settings_Page -> XMLSave 
[ 2023-04-19 수요일 16:05:01 387 ] CameraControl -> CameraOpen 
[ 2023-04-19 수요일 16:05:01 658 ] CameraControl -> open 
[ 2023-04-19 수요일 16:05:01 712 ] RealTimeView_Page -> CreateBitmap 
[ 2023-04-19 수요일 16:05:01 727 ] CameraControl -> SetEnableImageCallback 
[ 2023-04-19 수요일 16:05:01 739 ] CameraControl -> Start 
[ 2023-04-19 수요일 16:05:01 785 ] CameraControl -> CameraOpen 
[ 2023-04-19 수요일 16:05:02 062 ] CameraControl -> open 
[ 2023-04-19 수요일 16:05:02 085 ] RealTimeView_Page -> CreateBitmap 
[ 2023-04-19 수요일 16:05:02 091 ] CameraControl -> SetEnableImageCallback 
[ 2023-04-19 수요일 16:05:02 094 ] CameraControl -> Start 
[ 2023-04-19 수요일 16:05:02 157 ] CameraControl -> CameraOpen 
[ 2023-04-19 수요일 16:05:02 819 ] CameraControl -> open 
[ 2023-04-19 수요일 16:05:02 833 ] RealTimeView_Page -> CreateBitmap 
[ 2023-04-19 수요일 16:05:02 844 ] CameraControl -> SetEnableImageCallback 
[ 2023-04-19 수요일 16:05:02 848 ] CameraControl -> Start 
[ 2023-04-19 수요일 16:05:02 923 ] Settings_Page -> XMLSave 
[ 2023-04-19 수요일 16:05:02 978 ] VideoCheck_Page -> PanelSettings 
[ 2023-04-19 수요일 16:05:03 053 ] VideoAnalysis_Page -> PanelSettings 
[ 2023-04-19 수요일 16:05:18 410 ] Form1 -> NavigationClick 
[ 2023-04-19 수요일 16:05:30 002 ] Form1 -> Form1_FormClosing 
[ 2023-04-19 수요일 16:05:30 012 ] RealTimeView_Page -> CameraClose 
[ 2023-04-19 수요일 16:05:30 151 ] CameraControl -> Stop 
[ 2023-04-19 수요일 16:05:31 555 ] CameraControl -> Close 
[ 2023-04-19 수요일 16:05:31 633 ] CameraControl -> Stop 
[ 2023-04-19 수요일 16:05:32 979 ] CameraControl -> Close 
[ 2023-04-19 수요일 16:05:33 052 ] CameraControl -> Stop 
[ 2023-04-19 수요일 16:05:33 368 ] CameraControl -> Close 
[ 2023-04-19 수요일 16:05:33 395 ] VideoCheck_Page -> VideoClose 
[ 2023-04-19 수요일 16:05:33 397 ] VideoAnalysis_Page -> VideoClose 
[ 2023-04-19 수요일 16:22:12 949 ] 프로그램 시작
[ 2023-04-19 수요일 16:22:15 304 ] Form1 -> Form1_Shown 
[ 2023-04-19 수요일 16:22:15 847 ] RealTimeView_Page -> PanelSettings 
[ 2023-04-19 수요일 16:22:16 211 ] RealTimeView_Page -> RealTimeView_Page_Load 
[ 2023-04-19 수요일 16:22:16 212 ] RealTimeView_Page -> VideoSetLoad 
[ 2023-04-19 수요일 16:22:16 213 ] RealTimeView_Page -> cb_TextView_SelectedValueChanged 
[ 2023-04-19 수요일 16:22:16 214 ] Settings_Page -> XMLSave 
[ 2023-04-19 수요일 16:22:16 215 ] CameraControl -> CameraOpen 
[ 2023-04-19 수요일 16:22:16 468 ] CameraControl -> open 
[ 2023-04-19 수요일 16:22:16 506 ] RealTimeView_Page -> CreateBitmap 
[ 2023-04-19 수요일 16:22:16 521 ] CameraControl -> SetEnableImageCallback 
[ 2023-04-19 수요일 16:22:16 536 ] CameraControl -> Start 
[ 2023-04-19 수요일 16:22:16 582 ] CameraControl -> CameraOpen 
[ 2023-04-19 수요일 16:22:16 853 ] CameraControl -> open 
[ 2023-04-19 수요일 16:22:16 869 ] RealTimeView_Page -> CreateBitmap 
[ 2023-04-19 수요일 16:22:16 875 ] CameraControl -> SetEnableImageCallback 
[ 2023-04-19 수요일 16:22:16 878 ] CameraControl -> Start 
[ 2023-04-19 수요일 16:22:16 929 ] CameraControl -> CameraOpen 
[ 2023-04-19 수요일 16:22:17 240 ] CameraControl -> open 
[ 2023-04-19 수요일 16:22:17 257 ] RealTimeView_Page -> CreateBitmap 
[ 2023-04-19 수요일 16:22:17 267 ] CameraControl -> SetEnableImageCallback 
[ 2023-04-19 수요일 16:22:17 278 ] CameraControl -> Start 
[ 2023-04-19 수요일 16:22:17 361 ] Settings_Page -> XMLSave 
[ 2023-04-19 수요일 16:22:17 406 ] VideoCheck_Page -> PanelSettings 
[ 2023-04-19 수요일 16:22:17 526 ] VideoAnalysis_Page -> PanelSettings 
[ 2023-04-19 수요일 16:33:14 228 ] Form1 -> Form1_FormClosing 
[ 2023-04-19 수요일 16:33:14 235 ] RealTimeView_Page -> CameraClose 
[ 2023-04-19 수요일 16:33:14 301 ] CameraControl -> Stop 
[ 2023-04-19 수요일 16:33:15 680 ] CameraControl -> Close 
[ 2023-04-19 수요일 16:33:15 798 ] CameraControl -> Stop 
[ 2023-04-19 수요일 16:33:17 143 ] CameraControl -> Close 
[ 2023-04-19 수요일 16:33:17 307 ] CameraControl -> Stop 
[ 2023-04-19 수요일 16:33:17 674 ] CameraControl -> Close 
[ 2023-04-19 수요일 16:33:17 720 ] VideoCheck_Page -> VideoClose 
[ 2023-04-19 수요일 16:33:17 721 ] VideoAnalysis_Page -> VideoClose 
