[ 2023-03-14 화요일 00:00:00 ] 111
[ 2023-03-14 화요일 10:39:41 ] 111
[ 2023-03-14 화요일 10:48:08 192 ] 111
[ 2023-03-14 화요일 10:54:47 711 ] 111
[ 2023-03-14 화요일 12:30:45 002 ] RealTimeView_Page_Load
[ 2023-03-14 화요일 12:31:00 729 ] VideoCheck_Page_Load
[ 2023-03-14 화요일 12:31:15 527 ] VideoAnalysis_Page_Load
[ 2023-03-14 화요일 14:29:52 379 ] RealTimeView_Page_Load
[ 2023-03-14 화요일 14:30:54 396 ] RealTimeView_Page_Load
[ 2023-03-14 화요일 14:31:08 909 ] VideoCheck_Page_Load
[ 2023-03-14 화요일 14:31:24 351 ] VideoAnalysis_Page_Load
[ 2023-03-14 화요일 16:08:52 485 ] RealTimeView_Page_Load
[ 2023-03-14 화요일 16:09:05 621 ] VideoAnalysis_Page_Load
[ 2023-03-14 화요일 16:13:39 013 ] RealTimeView_Page_Load
[ 2023-03-14 화요일 16:16:48 671 ] RealTimeView_Page_Load
[ 2023-03-14 화요일 16:16:56 307 ] VideoCheck_Page_Load
[ 2023-03-14 화요일 16:19:35 737 ] RealTimeView_Page_Load
[ 2023-03-14 화요일 16:25:46 422 ] RealTimeView_Page_Load
[ 2023-03-14 화요일 16:26:10 571 ] VideoAnalysis_Page_Load
[ 2023-03-14 화요일 16:26:14 929 ] VideoCheck_Page_Load
[ 2023-03-14 화요일 16:33:27 868 ] RealTimeView_Page_Load
[ 2023-03-14 화요일 16:34:37 987 ] RealTimeView_Page_Load
[ 2023-03-14 화요일 16:41:38 451 ] RealTimeView_Page_Load
[ 2023-03-14 화요일 16:43:31 294 ] RealTimeView_Page_Load
[ 2023-03-14 화요일 16:44:21 210 ] RealTimeView_Page_Load
[ 2023-03-14 화요일 17:13:16 918 ] RealTimeView_Page_Load
[ 2023-03-14 화요일 17:13:23 828 ] VideoAnalysis_Page_Load
