[  2023-05-08 월요일 17:59:28 893 ] 파일 생성 성공
[ ㄹㄹ 2023-05-08 월요일 17:59:28 893 ] Settings_Page -> XMLSave 
[ ㄹㄹ 2023-05-08 월요일 17:59:31 442 ] Form1 -> NavigationClick 
[ ㄹㄹ 2023-05-08 월요일 17:59:31 823 ] VideoAnalysis_Page -> VideoAnalysis_Page_Load 
[ ㄹㄹ 2023-05-08 월요일 17:59:38 056 ] VideoAnalysis_Page -> VideoAnalysis_ButtonActions1 
[ ㄹㄹ 2023-05-08 월요일 17:59:38 077 ] VideoAnalysis_Page -> VideoCheck_FileOpen1 
[ ㄹㄹ 2023-05-08 월요일 17:59:43 917 ] VideoAnalysis_Page -> VideoAnalysis_ButtonActions2 
[ ㄹㄹ 2023-05-08 월요일 17:59:43 920 ] VideoAnalysis_Page -> VideoCheck_FileOpen2 
[ ㄹㄹ 2023-05-08 월요일 17:59:48 619 ] VideoAnalysis_Page -> VideoAnalysis_ButtonActions1 
[ ㄹㄹ 2023-05-08 월요일 17:59:48 625 ] VideoAnalysis_Page -> VideoCheck_Play1 
[ ㄹㄹ 2023-05-08 월요일 17:59:50 558 ] VideoAnalysis_Page -> VideoAnalysis_ButtonActions2 
[ ㄹㄹ 2023-05-08 월요일 17:59:50 577 ] VideoAnalysis_Page -> VideoCheck_Play2 
[ ㄹㄹ 2023-05-08 월요일 18:00:53 891 ] VideoAnalysis_Page -> FilterClick 
[ ㄹㄹ 2023-05-08 월요일 18:00:54 222 ] VideoAnalysis_Page -> FilterSet 인덱스가 범위를 벗어났습니다. 인덱스는 음수가 아니어야 하며 컬렉션의 크기보다 작아야 합니다.
매개 변수 이름: index
[ ㄹㄹ 2023-05-08 월요일 18:00:54 400 ] VideoAnalysis_Page -> FilterSet 인덱스가 범위를 벗어났습니다. 인덱스는 음수가 아니어야 하며 컬렉션의 크기보다 작아야 합니다.
매개 변수 이름: index
[ ㄹㄹ 2023-05-08 월요일 18:00:54 589 ] VideoAnalysis_Page -> FilterSet 인덱스가 범위를 벗어났습니다. 인덱스는 음수가 아니어야 하며 컬렉션의 크기보다 작아야 합니다.
매개 변수 이름: index
[ ㄹㄹ 2023-05-08 월요일 18:00:54 803 ] VideoAnalysis_Page -> FilterSet 인덱스가 범위를 벗어났습니다. 인덱스는 음수가 아니어야 하며 컬렉션의 크기보다 작아야 합니다.
매개 변수 이름: index
[ ㄹㄹ 2023-05-08 월요일 18:00:55 001 ] VideoAnalysis_Page -> FilterSet 인덱스가 범위를 벗어났습니다. 인덱스는 음수가 아니어야 하며 컬렉션의 크기보다 작아야 합니다.
매개 변수 이름: index
[ ㄹㄹ 2023-05-08 월요일 18:00:55 017 ] VideoAnalysis_Page -> FilterClick 
[ ㄹㄹ 2023-05-08 월요일 18:00:55 165 ] VideoAnalysis_Page -> FilterSet 인덱스가 범위를 벗어났습니다. 인덱스는 음수가 아니어야 하며 컬렉션의 크기보다 작아야 합니다.
매개 변수 이름: index
[ ㄹㄹ 2023-05-08 월요일 18:00:55 434 ] VideoAnalysis_Page -> FilterSet 인덱스가 범위를 벗어났습니다. 인덱스는 음수가 아니어야 하며 컬렉션의 크기보다 작아야 합니다.
매개 변수 이름: index
[ ㄹㄹ 2023-05-08 월요일 18:00:55 669 ] VideoAnalysis_Page -> FilterSet 인덱스가 범위를 벗어났습니다. 인덱스는 음수가 아니어야 하며 컬렉션의 크기보다 작아야 합니다.
매개 변수 이름: index
[ ㄹㄹ 2023-05-08 월요일 18:00:55 790 ] VideoAnalysis_Page -> FilterSet 인덱스가 범위를 벗어났습니다. 인덱스는 음수가 아니어야 하며 컬렉션의 크기보다 작아야 합니다.
매개 변수 이름: index
[ ㄹㄹ 2023-05-08 월요일 18:00:55 999 ] VideoAnalysis_Page -> FilterSet 인덱스가 범위를 벗어났습니다. 인덱스는 음수가 아니어야 하며 컬렉션의 크기보다 작아야 합니다.
매개 변수 이름: index
[ ㄹㄹ 2023-05-08 월요일 18:00:56 185 ] VideoAnalysis_Page -> FilterSet 인덱스가 범위를 벗어났습니다. 인덱스는 음수가 아니어야 하며 컬렉션의 크기보다 작아야 합니다.
매개 변수 이름: index
[ ㄹㄹ 2023-05-08 월요일 18:00:56 382 ] VideoAnalysis_Page -> FilterSet 인덱스가 범위를 벗어났습니다. 인덱스는 음수가 아니어야 하며 컬렉션의 크기보다 작아야 합니다.
매개 변수 이름: index
[ ㄹㄹ 2023-05-08 월요일 18:00:56 548 ] VideoAnalysis_Page -> FilterSet 인덱스가 범위를 벗어났습니다. 인덱스는 음수가 아니어야 하며 컬렉션의 크기보다 작아야 합니다.
매개 변수 이름: index
[ ㄹㄹ 2023-05-08 월요일 18:00:56 799 ] VideoAnalysis_Page -> FilterSet 인덱스가 범위를 벗어났습니다. 인덱스는 음수가 아니어야 하며 컬렉션의 크기보다 작아야 합니다.
매개 변수 이름: index
[ ㄹㄹ 2023-05-08 월요일 18:00:56 927 ] VideoAnalysis_Page -> FilterSet 인덱스가 범위를 벗어났습니다. 인덱스는 음수가 아니어야 하며 컬렉션의 크기보다 작아야 합니다.
매개 변수 이름: index
[ ㄹㄹ 2023-05-08 월요일 18:00:57 121 ] VideoAnalysis_Page -> FilterSet 인덱스가 범위를 벗어났습니다. 인덱스는 음수가 아니어야 하며 컬렉션의 크기보다 작아야 합니다.
매개 변수 이름: index
[ ㄹㄹ 2023-05-08 월요일 18:00:57 381 ] VideoAnalysis_Page -> FilterSet 인덱스가 범위를 벗어났습니다. 인덱스는 음수가 아니어야 하며 컬렉션의 크기보다 작아야 합니다.
매개 변수 이름: index
[ ㄹㄹ 2023-05-08 월요일 18:00:57 575 ] VideoAnalysis_Page -> FilterSet 인덱스가 범위를 벗어났습니다. 인덱스는 음수가 아니어야 하며 컬렉션의 크기보다 작아야 합니다.
매개 변수 이름: index
[ ㄹㄹ 2023-05-08 월요일 18:00:57 719 ] VideoAnalysis_Page -> FilterSet 인덱스가 범위를 벗어났습니다. 인덱스는 음수가 아니어야 하며 컬렉션의 크기보다 작아야 합니다.
매개 변수 이름: index
[ ㄹㄹ 2023-05-08 월요일 18:00:57 928 ] VideoAnalysis_Page -> FilterSet 인덱스가 범위를 벗어났습니다. 인덱스는 음수가 아니어야 하며 컬렉션의 크기보다 작아야 합니다.
매개 변수 이름: index
[ ㄹㄹ 2023-05-08 월요일 18:00:58 121 ] VideoAnalysis_Page -> FilterSet 인덱스가 범위를 벗어났습니다. 인덱스는 음수가 아니어야 하며 컬렉션의 크기보다 작아야 합니다.
매개 변수 이름: index
[ ㄹㄹ 2023-05-08 월요일 18:00:58 300 ] VideoAnalysis_Page -> FilterSet 인덱스가 범위를 벗어났습니다. 인덱스는 음수가 아니어야 하며 컬렉션의 크기보다 작아야 합니다.
매개 변수 이름: index
[ ㄹㄹ 2023-05-08 월요일 18:00:58 502 ] VideoAnalysis_Page -> FilterSet 인덱스가 범위를 벗어났습니다. 인덱스는 음수가 아니어야 하며 컬렉션의 크기보다 작아야 합니다.
매개 변수 이름: index
[ ㄹㄹ 2023-05-08 월요일 18:00:58 765 ] VideoAnalysis_Page -> FilterSet 인덱스가 범위를 벗어났습니다. 인덱스는 음수가 아니어야 하며 컬렉션의 크기보다 작아야 합니다.
매개 변수 이름: index
[ ㄹㄹ 2023-05-08 월요일 18:00:58 967 ] VideoAnalysis_Page -> FilterSet 인덱스가 범위를 벗어났습니다. 인덱스는 음수가 아니어야 하며 컬렉션의 크기보다 작아야 합니다.
매개 변수 이름: index
[ ㄹㄹ 2023-05-08 월요일 18:00:59 174 ] VideoAnalysis_Page -> FilterSet 인덱스가 범위를 벗어났습니다. 인덱스는 음수가 아니어야 하며 컬렉션의 크기보다 작아야 합니다.
매개 변수 이름: index
[ ㄹㄹ 2023-05-08 월요일 18:00:59 373 ] VideoAnalysis_Page -> FilterSet 인덱스가 범위를 벗어났습니다. 인덱스는 음수가 아니어야 하며 컬렉션의 크기보다 작아야 합니다.
매개 변수 이름: index
[ ㄹㄹ 2023-05-08 월요일 18:00:59 559 ] VideoAnalysis_Page -> FilterSet 인덱스가 범위를 벗어났습니다. 인덱스는 음수가 아니어야 하며 컬렉션의 크기보다 작아야 합니다.
매개 변수 이름: index
[ ㄹㄹ 2023-05-08 월요일 18:00:59 765 ] VideoAnalysis_Page -> FilterSet 인덱스가 범위를 벗어났습니다. 인덱스는 음수가 아니어야 하며 컬렉션의 크기보다 작아야 합니다.
매개 변수 이름: index
[ ㄹㄹ 2023-05-08 월요일 18:00:59 962 ] VideoAnalysis_Page -> FilterSet 인덱스가 범위를 벗어났습니다. 인덱스는 음수가 아니어야 하며 컬렉션의 크기보다 작아야 합니다.
매개 변수 이름: index
[ ㄹㄹ 2023-05-08 월요일 18:01:00 168 ] VideoAnalysis_Page -> FilterSet 인덱스가 범위를 벗어났습니다. 인덱스는 음수가 아니어야 하며 컬렉션의 크기보다 작아야 합니다.
매개 변수 이름: index
[ ㄹㄹ 2023-05-08 월요일 18:01:00 368 ] VideoAnalysis_Page -> FilterSet 인덱스가 범위를 벗어났습니다. 인덱스는 음수가 아니어야 하며 컬렉션의 크기보다 작아야 합니다.
매개 변수 이름: index
[ ㄹㄹ 2023-05-08 월요일 18:01:00 496 ] VideoAnalysis_Page -> FilterSet 인덱스가 범위를 벗어났습니다. 인덱스는 음수가 아니어야 하며 컬렉션의 크기보다 작아야 합니다.
매개 변수 이름: index
[ ㄹㄹ 2023-05-08 월요일 18:01:00 742 ] VideoAnalysis_Page -> FilterSet 인덱스가 범위를 벗어났습니다. 인덱스는 음수가 아니어야 하며 컬렉션의 크기보다 작아야 합니다.
매개 변수 이름: index
[ ㄹㄹ 2023-05-08 월요일 18:01:00 924 ] VideoAnalysis_Page -> FilterSet 인덱스가 범위를 벗어났습니다. 인덱스는 음수가 아니어야 하며 컬렉션의 크기보다 작아야 합니다.
매개 변수 이름: index
[ ㄹㄹ 2023-05-08 월요일 18:01:01 115 ] VideoAnalysis_Page -> FilterSet 인덱스가 범위를 벗어났습니다. 인덱스는 음수가 아니어야 하며 컬렉션의 크기보다 작아야 합니다.
매개 변수 이름: index
[ ㄹㄹ 2023-05-08 월요일 18:01:01 248 ] VideoAnalysis_Page -> FilterSet 인덱스가 범위를 벗어났습니다. 인덱스는 음수가 아니어야 하며 컬렉션의 크기보다 작아야 합니다.
매개 변수 이름: index
[ ㄹㄹ 2023-05-08 월요일 18:01:01 498 ] VideoAnalysis_Page -> FilterSet 인덱스가 범위를 벗어났습니다. 인덱스는 음수가 아니어야 하며 컬렉션의 크기보다 작아야 합니다.
매개 변수 이름: index
[ ㄹㄹ 2023-05-08 월요일 18:01:01 625 ] VideoAnalysis_Page -> FilterSet 인덱스가 범위를 벗어났습니다. 인덱스는 음수가 아니어야 하며 컬렉션의 크기보다 작아야 합니다.
매개 변수 이름: index
[ ㄹㄹ 2023-05-08 월요일 18:01:01 880 ] VideoAnalysis_Page -> FilterSet 인덱스가 범위를 벗어났습니다. 인덱스는 음수가 아니어야 하며 컬렉션의 크기보다 작아야 합니다.
매개 변수 이름: index
[ ㄹㄹ 2023-05-08 월요일 18:01:02 082 ] VideoAnalysis_Page -> FilterSet 인덱스가 범위를 벗어났습니다. 인덱스는 음수가 아니어야 하며 컬렉션의 크기보다 작아야 합니다.
매개 변수 이름: index
[ ㄹㄹ 2023-05-08 월요일 18:01:02 261 ] VideoAnalysis_Page -> FilterSet 인덱스가 범위를 벗어났습니다. 인덱스는 음수가 아니어야 하며 컬렉션의 크기보다 작아야 합니다.
매개 변수 이름: index
[ ㄹㄹ 2023-05-08 월요일 18:01:02 392 ] VideoAnalysis_Page -> FilterSet 인덱스가 범위를 벗어났습니다. 인덱스는 음수가 아니어야 하며 컬렉션의 크기보다 작아야 합니다.
매개 변수 이름: index
[ ㄹㄹ 2023-05-08 월요일 18:01:02 575 ] VideoAnalysis_Page -> FilterSet 인덱스가 범위를 벗어났습니다. 인덱스는 음수가 아니어야 하며 컬렉션의 크기보다 작아야 합니다.
매개 변수 이름: index
[ ㄹㄹ 2023-05-08 월요일 18:01:02 806 ] VideoAnalysis_Page -> FilterSet 인덱스가 범위를 벗어났습니다. 인덱스는 음수가 아니어야 하며 컬렉션의 크기보다 작아야 합니다.
매개 변수 이름: index
[ ㄹㄹ 2023-05-08 월요일 18:01:02 930 ] VideoAnalysis_Page -> FilterSet 인덱스가 범위를 벗어났습니다. 인덱스는 음수가 아니어야 하며 컬렉션의 크기보다 작아야 합니다.
매개 변수 이름: index
[ ㄹㄹ 2023-05-08 월요일 18:01:03 107 ] VideoAnalysis_Page -> FilterSet 인덱스가 범위를 벗어났습니다. 인덱스는 음수가 아니어야 하며 컬렉션의 크기보다 작아야 합니다.
매개 변수 이름: index
[ ㄹㄹ 2023-05-08 월요일 18:01:03 297 ] VideoAnalysis_Page -> FilterSet 인덱스가 범위를 벗어났습니다. 인덱스는 음수가 아니어야 하며 컬렉션의 크기보다 작아야 합니다.
매개 변수 이름: index
[ ㄹㄹ 2023-05-08 월요일 18:01:03 497 ] VideoAnalysis_Page -> FilterSet 인덱스가 범위를 벗어났습니다. 인덱스는 음수가 아니어야 하며 컬렉션의 크기보다 작아야 합니다.
매개 변수 이름: index
[ ㄹㄹ 2023-05-08 월요일 18:01:03 737 ] VideoAnalysis_Page -> FilterSet 인덱스가 범위를 벗어났습니다. 인덱스는 음수가 아니어야 하며 컬렉션의 크기보다 작아야 합니다.
매개 변수 이름: index
[ ㄹㄹ 2023-05-08 월요일 18:01:03 929 ] VideoAnalysis_Page -> FilterSet 인덱스가 범위를 벗어났습니다. 인덱스는 음수가 아니어야 하며 컬렉션의 크기보다 작아야 합니다.
매개 변수 이름: index
[ ㄹㄹ 2023-05-08 월요일 18:01:04 116 ] VideoAnalysis_Page -> FilterSet 인덱스가 범위를 벗어났습니다. 인덱스는 음수가 아니어야 하며 컬렉션의 크기보다 작아야 합니다.
매개 변수 이름: index
[ ㄹㄹ 2023-05-08 월요일 18:01:04 293 ] VideoAnalysis_Page -> FilterSet 인덱스가 범위를 벗어났습니다. 인덱스는 음수가 아니어야 하며 컬렉션의 크기보다 작아야 합니다.
매개 변수 이름: index
[ ㄹㄹ 2023-05-08 월요일 18:01:04 469 ] VideoAnalysis_Page -> FilterSet 인덱스가 범위를 벗어났습니다. 인덱스는 음수가 아니어야 하며 컬렉션의 크기보다 작아야 합니다.
매개 변수 이름: index
[ ㄹㄹ 2023-05-08 월요일 18:01:04 602 ] VideoAnalysis_Page -> FilterSet 인덱스가 범위를 벗어났습니다. 인덱스는 음수가 아니어야 하며 컬렉션의 크기보다 작아야 합니다.
매개 변수 이름: index
[ ㄹㄹ 2023-05-08 월요일 18:01:04 768 ] VideoAnalysis_Page -> FilterSet 인덱스가 범위를 벗어났습니다. 인덱스는 음수가 아니어야 하며 컬렉션의 크기보다 작아야 합니다.
매개 변수 이름: index
[ ㄹㄹ 2023-05-08 월요일 18:01:04 988 ] VideoAnalysis_Page -> FilterSet 인덱스가 범위를 벗어났습니다. 인덱스는 음수가 아니어야 하며 컬렉션의 크기보다 작아야 합니다.
매개 변수 이름: index
[ ㄹㄹ 2023-05-08 월요일 18:01:05 115 ] VideoAnalysis_Page -> FilterSet 인덱스가 범위를 벗어났습니다. 인덱스는 음수가 아니어야 하며 컬렉션의 크기보다 작아야 합니다.
매개 변수 이름: index
[ ㄹㄹ 2023-05-08 월요일 18:01:05 359 ] VideoAnalysis_Page -> FilterSet 인덱스가 범위를 벗어났습니다. 인덱스는 음수가 아니어야 하며 컬렉션의 크기보다 작아야 합니다.
매개 변수 이름: index
[ ㄹㄹ 2023-05-08 월요일 18:01:05 527 ] VideoAnalysis_Page -> FilterSet 인덱스가 범위를 벗어났습니다. 인덱스는 음수가 아니어야 하며 컬렉션의 크기보다 작아야 합니다.
매개 변수 이름: index
[ ㄹㄹ 2023-05-08 월요일 18:01:05 750 ] VideoAnalysis_Page -> FilterSet 인덱스가 범위를 벗어났습니다. 인덱스는 음수가 아니어야 하며 컬렉션의 크기보다 작아야 합니다.
매개 변수 이름: index
[ ㄹㄹ 2023-05-08 월요일 18:01:06 007 ] VideoAnalysis_Page -> FilterSet 인덱스가 범위를 벗어났습니다. 인덱스는 음수가 아니어야 하며 컬렉션의 크기보다 작아야 합니다.
매개 변수 이름: index
[ ㄹㄹ 2023-05-08 월요일 18:01:06 201 ] VideoAnalysis_Page -> FilterSet 인덱스가 범위를 벗어났습니다. 인덱스는 음수가 아니어야 하며 컬렉션의 크기보다 작아야 합니다.
매개 변수 이름: index
[ ㄹㄹ 2023-05-08 월요일 18:01:06 319 ] VideoAnalysis_Page -> FilterSet 인덱스가 범위를 벗어났습니다. 인덱스는 음수가 아니어야 하며 컬렉션의 크기보다 작아야 합니다.
매개 변수 이름: index
[ ㄹㄹ 2023-05-08 월요일 18:01:06 558 ] VideoAnalysis_Page -> FilterSet 인덱스가 범위를 벗어났습니다. 인덱스는 음수가 아니어야 하며 컬렉션의 크기보다 작아야 합니다.
매개 변수 이름: index
[ ㄹㄹ 2023-05-08 월요일 18:01:06 683 ] VideoAnalysis_Page -> FilterSet 인덱스가 범위를 벗어났습니다. 인덱스는 음수가 아니어야 하며 컬렉션의 크기보다 작아야 합니다.
매개 변수 이름: index
[ ㄹㄹ 2023-05-08 월요일 18:01:06 899 ] VideoAnalysis_Page -> FilterSet 인덱스가 범위를 벗어났습니다. 인덱스는 음수가 아니어야 하며 컬렉션의 크기보다 작아야 합니다.
매개 변수 이름: index
[ ㄹㄹ 2023-05-08 월요일 18:01:07 058 ] VideoAnalysis_Page -> FilterSet 인덱스가 범위를 벗어났습니다. 인덱스는 음수가 아니어야 하며 컬렉션의 크기보다 작아야 합니다.
매개 변수 이름: index
[ ㄹㄹ 2023-05-08 월요일 18:01:07 224 ] VideoAnalysis_Page -> FilterSet 인덱스가 범위를 벗어났습니다. 인덱스는 음수가 아니어야 하며 컬렉션의 크기보다 작아야 합니다.
매개 변수 이름: index
[ ㄹㄹ 2023-05-08 월요일 18:01:07 346 ] VideoAnalysis_Page -> FilterSet 인덱스가 범위를 벗어났습니다. 인덱스는 음수가 아니어야 하며 컬렉션의 크기보다 작아야 합니다.
매개 변수 이름: index
[ ㄹㄹ 2023-05-08 월요일 18:01:07 625 ] VideoAnalysis_Page -> FilterSet 인덱스가 범위를 벗어났습니다. 인덱스는 음수가 아니어야 하며 컬렉션의 크기보다 작아야 합니다.
매개 변수 이름: index
[ ㄹㄹ 2023-05-08 월요일 18:01:07 830 ] VideoAnalysis_Page -> FilterSet 인덱스가 범위를 벗어났습니다. 인덱스는 음수가 아니어야 하며 컬렉션의 크기보다 작아야 합니다.
매개 변수 이름: index
[ ㄹㄹ 2023-05-08 월요일 18:01:07 965 ] VideoAnalysis_Page -> FilterSet 인덱스가 범위를 벗어났습니다. 인덱스는 음수가 아니어야 하며 컬렉션의 크기보다 작아야 합니다.
매개 변수 이름: index
[ ㄹㄹ 2023-05-08 월요일 18:01:08 218 ] VideoAnalysis_Page -> FilterSet 인덱스가 범위를 벗어났습니다. 인덱스는 음수가 아니어야 하며 컬렉션의 크기보다 작아야 합니다.
매개 변수 이름: index
[ ㄹㄹ 2023-05-08 월요일 18:01:08 414 ] VideoAnalysis_Page -> FilterSet 인덱스가 범위를 벗어났습니다. 인덱스는 음수가 아니어야 하며 컬렉션의 크기보다 작아야 합니다.
매개 변수 이름: index
[ ㄹㄹ 2023-05-08 월요일 18:01:08 562 ] VideoAnalysis_Page -> FilterSet 인덱스가 범위를 벗어났습니다. 인덱스는 음수가 아니어야 하며 컬렉션의 크기보다 작아야 합니다.
매개 변수 이름: index
[ ㄹㄹ 2023-05-08 월요일 18:01:08 831 ] VideoAnalysis_Page -> FilterSet 인덱스가 범위를 벗어났습니다. 인덱스는 음수가 아니어야 하며 컬렉션의 크기보다 작아야 합니다.
매개 변수 이름: index
[ ㄹㄹ 2023-05-08 월요일 18:01:09 009 ] VideoAnalysis_Page -> FilterSet 인덱스가 범위를 벗어났습니다. 인덱스는 음수가 아니어야 하며 컬렉션의 크기보다 작아야 합니다.
매개 변수 이름: index
[ ㄹㄹ 2023-05-08 월요일 18:01:09 152 ] VideoAnalysis_Page -> FilterSet 인덱스가 범위를 벗어났습니다. 인덱스는 음수가 아니어야 하며 컬렉션의 크기보다 작아야 합니다.
매개 변수 이름: index
[ ㄹㄹ 2023-05-08 월요일 18:01:09 360 ] VideoAnalysis_Page -> FilterSet 인덱스가 범위를 벗어났습니다. 인덱스는 음수가 아니어야 하며 컬렉션의 크기보다 작아야 합니다.
매개 변수 이름: index
[ ㄹㄹ 2023-05-08 월요일 18:01:09 572 ] VideoAnalysis_Page -> FilterSet 인덱스가 범위를 벗어났습니다. 인덱스는 음수가 아니어야 하며 컬렉션의 크기보다 작아야 합니다.
매개 변수 이름: index
[ ㄹㄹ 2023-05-08 월요일 18:01:09 809 ] VideoAnalysis_Page -> FilterSet 인덱스가 범위를 벗어났습니다. 인덱스는 음수가 아니어야 하며 컬렉션의 크기보다 작아야 합니다.
매개 변수 이름: index
[ ㄹㄹ 2023-05-08 월요일 18:01:09 986 ] VideoAnalysis_Page -> FilterSet 인덱스가 범위를 벗어났습니다. 인덱스는 음수가 아니어야 하며 컬렉션의 크기보다 작아야 합니다.
매개 변수 이름: index
[ ㄹㄹ 2023-05-08 월요일 18:01:10 179 ] VideoAnalysis_Page -> FilterSet 인덱스가 범위를 벗어났습니다. 인덱스는 음수가 아니어야 하며 컬렉션의 크기보다 작아야 합니다.
매개 변수 이름: index
[ ㄹㄹ 2023-05-08 월요일 18:01:10 321 ] VideoAnalysis_Page -> FilterSet 인덱스가 범위를 벗어났습니다. 인덱스는 음수가 아니어야 하며 컬렉션의 크기보다 작아야 합니다.
매개 변수 이름: index
[ ㄹㄹ 2023-05-08 월요일 18:01:10 592 ] VideoAnalysis_Page -> FilterSet 인덱스가 범위를 벗어났습니다. 인덱스는 음수가 아니어야 하며 컬렉션의 크기보다 작아야 합니다.
매개 변수 이름: index
[ ㄹㄹ 2023-05-08 월요일 18:01:10 735 ] VideoAnalysis_Page -> FilterSet 인덱스가 범위를 벗어났습니다. 인덱스는 음수가 아니어야 하며 컬렉션의 크기보다 작아야 합니다.
매개 변수 이름: index
[ ㄹㄹ 2023-05-08 월요일 18:01:10 913 ] VideoAnalysis_Page -> FilterSet 인덱스가 범위를 벗어났습니다. 인덱스는 음수가 아니어야 하며 컬렉션의 크기보다 작아야 합니다.
매개 변수 이름: index
[ ㄹㄹ 2023-05-08 월요일 18:01:11 152 ] VideoAnalysis_Page -> FilterSet 인덱스가 범위를 벗어났습니다. 인덱스는 음수가 아니어야 하며 컬렉션의 크기보다 작아야 합니다.
매개 변수 이름: index
[ ㄹㄹ 2023-05-08 월요일 18:01:11 327 ] VideoAnalysis_Page -> FilterSet 인덱스가 범위를 벗어났습니다. 인덱스는 음수가 아니어야 하며 컬렉션의 크기보다 작아야 합니다.
매개 변수 이름: index
[ ㄹㄹ 2023-05-08 월요일 18:01:11 567 ] VideoAnalysis_Page -> FilterSet 인덱스가 범위를 벗어났습니다. 인덱스는 음수가 아니어야 하며 컬렉션의 크기보다 작아야 합니다.
매개 변수 이름: index
[ ㄹㄹ 2023-05-08 월요일 18:01:11 643 ] VideoAnalysis_Page -> FilterClick 
[ ㄹㄹ 2023-05-08 월요일 18:01:11 823 ] VideoAnalysis_Page -> FilterSet 인덱스가 범위를 벗어났습니다. 인덱스는 음수가 아니어야 하며 컬렉션의 크기보다 작아야 합니다.
매개 변수 이름: index
[ ㄹㄹ 2023-05-08 월요일 18:01:11 944 ] VideoAnalysis_Page -> FilterSet 인덱스가 범위를 벗어났습니다. 인덱스는 음수가 아니어야 하며 컬렉션의 크기보다 작아야 합니다.
매개 변수 이름: index
[ ㄹㄹ 2023-05-08 월요일 18:01:12 007 ] VideoAnalysis_Page -> FilterClick 
[ ㄹㄹ 2023-05-08 월요일 18:01:12 109 ] VideoAnalysis_Page -> FilterSet 인덱스가 범위를 벗어났습니다. 인덱스는 음수가 아니어야 하며 컬렉션의 크기보다 작아야 합니다.
매개 변수 이름: index
[ ㄹㄹ 2023-05-08 월요일 18:01:12 353 ] VideoAnalysis_Page -> FilterSet 인덱스가 범위를 벗어났습니다. 인덱스는 음수가 아니어야 하며 컬렉션의 크기보다 작아야 합니다.
매개 변수 이름: index
[ ㄹㄹ 2023-05-08 월요일 18:01:12 625 ] VideoAnalysis_Page -> FilterSet 인덱스가 범위를 벗어났습니다. 인덱스는 음수가 아니어야 하며 컬렉션의 크기보다 작아야 합니다.
매개 변수 이름: index
[ ㄹㄹ 2023-05-08 월요일 18:01:12 764 ] VideoAnalysis_Page -> FilterSet 인덱스가 범위를 벗어났습니다. 인덱스는 음수가 아니어야 하며 컬렉션의 크기보다 작아야 합니다.
매개 변수 이름: index
[ ㄹㄹ 2023-05-08 월요일 18:01:12 935 ] VideoAnalysis_Page -> FilterSet 인덱스가 범위를 벗어났습니다. 인덱스는 음수가 아니어야 하며 컬렉션의 크기보다 작아야 합니다.
매개 변수 이름: index
[ ㄹㄹ 2023-05-08 월요일 18:01:13 117 ] VideoAnalysis_Page -> FilterSet 인덱스가 범위를 벗어났습니다. 인덱스는 음수가 아니어야 하며 컬렉션의 크기보다 작아야 합니다.
매개 변수 이름: index
[ ㄹㄹ 2023-05-08 월요일 18:01:13 282 ] VideoAnalysis_Page -> FilterSet 인덱스가 범위를 벗어났습니다. 인덱스는 음수가 아니어야 하며 컬렉션의 크기보다 작아야 합니다.
매개 변수 이름: index
[ ㄹㄹ 2023-05-08 월요일 18:01:13 516 ] VideoAnalysis_Page -> FilterSet 인덱스가 범위를 벗어났습니다. 인덱스는 음수가 아니어야 하며 컬렉션의 크기보다 작아야 합니다.
매개 변수 이름: index
[ ㄹㄹ 2023-05-08 월요일 18:01:13 691 ] VideoAnalysis_Page -> FilterSet 인덱스가 범위를 벗어났습니다. 인덱스는 음수가 아니어야 하며 컬렉션의 크기보다 작아야 합니다.
매개 변수 이름: index
[ ㄹㄹ 2023-05-08 월요일 18:01:13 815 ] VideoAnalysis_Page -> FilterSet 인덱스가 범위를 벗어났습니다. 인덱스는 음수가 아니어야 하며 컬렉션의 크기보다 작아야 합니다.
매개 변수 이름: index
[ ㄹㄹ 2023-05-08 월요일 18:01:13 987 ] VideoAnalysis_Page -> FilterSet 인덱스가 범위를 벗어났습니다. 인덱스는 음수가 아니어야 하며 컬렉션의 크기보다 작아야 합니다.
매개 변수 이름: index
[ ㄹㄹ 2023-05-08 월요일 18:01:14 163 ] VideoAnalysis_Page -> FilterSet 인덱스가 범위를 벗어났습니다. 인덱스는 음수가 아니어야 하며 컬렉션의 크기보다 작아야 합니다.
매개 변수 이름: index
[ ㄹㄹ 2023-05-08 월요일 18:01:14 383 ] VideoAnalysis_Page -> FilterSet 인덱스가 범위를 벗어났습니다. 인덱스는 음수가 아니어야 하며 컬렉션의 크기보다 작아야 합니다.
매개 변수 이름: index
[ ㄹㄹ 2023-05-08 월요일 18:01:14 571 ] VideoAnalysis_Page -> FilterSet 인덱스가 범위를 벗어났습니다. 인덱스는 음수가 아니어야 하며 컬렉션의 크기보다 작아야 합니다.
매개 변수 이름: index
[ ㄹㄹ 2023-05-08 월요일 18:01:14 756 ] VideoAnalysis_Page -> FilterSet 인덱스가 범위를 벗어났습니다. 인덱스는 음수가 아니어야 하며 컬렉션의 크기보다 작아야 합니다.
매개 변수 이름: index
[ ㄹㄹ 2023-05-08 월요일 18:01:14 897 ] VideoAnalysis_Page -> FilterSet 인덱스가 범위를 벗어났습니다. 인덱스는 음수가 아니어야 하며 컬렉션의 크기보다 작아야 합니다.
매개 변수 이름: index
[ ㄹㄹ 2023-05-08 월요일 18:01:15 119 ] VideoAnalysis_Page -> FilterSet 인덱스가 범위를 벗어났습니다. 인덱스는 음수가 아니어야 하며 컬렉션의 크기보다 작아야 합니다.
매개 변수 이름: index
[ ㄹㄹ 2023-05-08 월요일 18:01:15 288 ] VideoAnalysis_Page -> FilterSet 인덱스가 범위를 벗어났습니다. 인덱스는 음수가 아니어야 하며 컬렉션의 크기보다 작아야 합니다.
매개 변수 이름: index
[ ㄹㄹ 2023-05-08 월요일 18:01:15 469 ] VideoAnalysis_Page -> FilterSet 인덱스가 범위를 벗어났습니다. 인덱스는 음수가 아니어야 하며 컬렉션의 크기보다 작아야 합니다.
매개 변수 이름: index
[ ㄹㄹ 2023-05-08 월요일 18:01:15 652 ] VideoAnalysis_Page -> FilterSet 인덱스가 범위를 벗어났습니다. 인덱스는 음수가 아니어야 하며 컬렉션의 크기보다 작아야 합니다.
매개 변수 이름: index
[ ㄹㄹ 2023-05-08 월요일 18:01:15 819 ] VideoAnalysis_Page -> FilterSet 인덱스가 범위를 벗어났습니다. 인덱스는 음수가 아니어야 하며 컬렉션의 크기보다 작아야 합니다.
매개 변수 이름: index
[ ㄹㄹ 2023-05-08 월요일 18:01:15 950 ] VideoAnalysis_Page -> FilterSet 인덱스가 범위를 벗어났습니다. 인덱스는 음수가 아니어야 하며 컬렉션의 크기보다 작아야 합니다.
매개 변수 이름: index
[ ㄹㄹ 2023-05-08 월요일 18:01:16 163 ] VideoAnalysis_Page -> FilterSet 인덱스가 범위를 벗어났습니다. 인덱스는 음수가 아니어야 하며 컬렉션의 크기보다 작아야 합니다.
매개 변수 이름: index
[ ㄹㄹ 2023-05-08 월요일 18:01:16 273 ] VideoAnalysis_Page -> FilterSet 인덱스가 범위를 벗어났습니다. 인덱스는 음수가 아니어야 하며 컬렉션의 크기보다 작아야 합니다.
매개 변수 이름: index
[ ㄹㄹ 2023-05-08 월요일 18:01:16 440 ] VideoAnalysis_Page -> FilterSet 인덱스가 범위를 벗어났습니다. 인덱스는 음수가 아니어야 하며 컬렉션의 크기보다 작아야 합니다.
매개 변수 이름: index
[ ㄹㄹ 2023-05-08 월요일 18:01:16 670 ] VideoAnalysis_Page -> FilterSet 인덱스가 범위를 벗어났습니다. 인덱스는 음수가 아니어야 하며 컬렉션의 크기보다 작아야 합니다.
매개 변수 이름: index
[ ㄹㄹ 2023-05-08 월요일 18:01:16 861 ] VideoAnalysis_Page -> FilterSet 인덱스가 범위를 벗어났습니다. 인덱스는 음수가 아니어야 하며 컬렉션의 크기보다 작아야 합니다.
매개 변수 이름: index
[ ㄹㄹ 2023-05-08 월요일 18:01:16 981 ] VideoAnalysis_Page -> FilterSet 인덱스가 범위를 벗어났습니다. 인덱스는 음수가 아니어야 하며 컬렉션의 크기보다 작아야 합니다.
매개 변수 이름: index
[ ㄹㄹ 2023-05-08 월요일 18:01:17 161 ] VideoAnalysis_Page -> FilterSet 인덱스가 범위를 벗어났습니다. 인덱스는 음수가 아니어야 하며 컬렉션의 크기보다 작아야 합니다.
매개 변수 이름: index
[ ㄹㄹ 2023-05-08 월요일 18:01:17 330 ] VideoAnalysis_Page -> FilterSet 인덱스가 범위를 벗어났습니다. 인덱스는 음수가 아니어야 하며 컬렉션의 크기보다 작아야 합니다.
매개 변수 이름: index
[ ㄹㄹ 2023-05-08 월요일 18:01:17 574 ] VideoAnalysis_Page -> FilterSet 인덱스가 범위를 벗어났습니다. 인덱스는 음수가 아니어야 하며 컬렉션의 크기보다 작아야 합니다.
매개 변수 이름: index
[ ㄹㄹ 2023-05-08 월요일 18:01:17 761 ] VideoAnalysis_Page -> FilterSet 인덱스가 범위를 벗어났습니다. 인덱스는 음수가 아니어야 하며 컬렉션의 크기보다 작아야 합니다.
매개 변수 이름: index
[ ㄹㄹ 2023-05-08 월요일 18:01:17 923 ] VideoAnalysis_Page -> FilterSet 인덱스가 범위를 벗어났습니다. 인덱스는 음수가 아니어야 하며 컬렉션의 크기보다 작아야 합니다.
매개 변수 이름: index
[ ㄹㄹ 2023-05-08 월요일 18:01:18 046 ] VideoAnalysis_Page -> FilterSet 인덱스가 범위를 벗어났습니다. 인덱스는 음수가 아니어야 하며 컬렉션의 크기보다 작아야 합니다.
매개 변수 이름: index
[ ㄹㄹ 2023-05-08 월요일 18:01:18 264 ] VideoAnalysis_Page -> FilterSet 인덱스가 범위를 벗어났습니다. 인덱스는 음수가 아니어야 하며 컬렉션의 크기보다 작아야 합니다.
매개 변수 이름: index
[ ㄹㄹ 2023-05-08 월요일 18:01:18 446 ] VideoAnalysis_Page -> FilterSet 인덱스가 범위를 벗어났습니다. 인덱스는 음수가 아니어야 하며 컬렉션의 크기보다 작아야 합니다.
매개 변수 이름: index
[ ㄹㄹ 2023-05-08 월요일 18:01:18 625 ] VideoAnalysis_Page -> FilterSet 인덱스가 범위를 벗어났습니다. 인덱스는 음수가 아니어야 하며 컬렉션의 크기보다 작아야 합니다.
매개 변수 이름: index
[ ㄹㄹ 2023-05-08 월요일 18:01:18 844 ] VideoAnalysis_Page -> FilterSet 인덱스가 범위를 벗어났습니다. 인덱스는 음수가 아니어야 하며 컬렉션의 크기보다 작아야 합니다.
매개 변수 이름: index
[ ㄹㄹ 2023-05-08 월요일 18:01:18 860 ] VideoAnalysis_Page -> VideoAnalysis_ButtonActions2 
[ ㄹㄹ 2023-05-08 월요일 18:01:18 868 ] VideoAnalysis_Page -> VideoCheck_Stop2 
[ ㄹㄹ 2023-05-08 월요일 18:01:19 161 ] VideoAnalysis_Page -> FilterSet 인덱스가 범위를 벗어났습니다. 인덱스는 음수가 아니어야 하며 컬렉션의 크기보다 작아야 합니다.
매개 변수 이름: index
[ ㄹㄹ 2023-05-08 월요일 18:01:19 268 ] VideoAnalysis_Page -> FilterSet 인덱스가 범위를 벗어났습니다. 인덱스는 음수가 아니어야 하며 컬렉션의 크기보다 작아야 합니다.
매개 변수 이름: index
[ ㄹㄹ 2023-05-08 월요일 18:01:19 406 ] VideoAnalysis_Page -> FilterSet 인덱스가 범위를 벗어났습니다. 인덱스는 음수가 아니어야 하며 컬렉션의 크기보다 작아야 합니다.
매개 변수 이름: index
[ ㄹㄹ 2023-05-08 월요일 18:01:19 516 ] VideoAnalysis_Page -> FilterSet 인덱스가 범위를 벗어났습니다. 인덱스는 음수가 아니어야 하며 컬렉션의 크기보다 작아야 합니다.
매개 변수 이름: index
[ ㄹㄹ 2023-05-08 월요일 18:01:19 632 ] VideoAnalysis_Page -> FilterSet 인덱스가 범위를 벗어났습니다. 인덱스는 음수가 아니어야 하며 컬렉션의 크기보다 작아야 합니다.
매개 변수 이름: index
[ ㄹㄹ 2023-05-08 월요일 18:01:19 747 ] VideoAnalysis_Page -> FilterSet 인덱스가 범위를 벗어났습니다. 인덱스는 음수가 아니어야 하며 컬렉션의 크기보다 작아야 합니다.
매개 변수 이름: index
[ ㄹㄹ 2023-05-08 월요일 18:01:19 857 ] VideoAnalysis_Page -> FilterSet 인덱스가 범위를 벗어났습니다. 인덱스는 음수가 아니어야 하며 컬렉션의 크기보다 작아야 합니다.
매개 변수 이름: index
[ ㄹㄹ 2023-05-08 월요일 18:01:19 980 ] VideoAnalysis_Page -> FilterSet 인덱스가 범위를 벗어났습니다. 인덱스는 음수가 아니어야 하며 컬렉션의 크기보다 작아야 합니다.
매개 변수 이름: index
[ ㄹㄹ 2023-05-08 월요일 18:01:19 991 ] VideoAnalysis_Page -> VideoAnalysis_ButtonActions1 
[ ㄹㄹ 2023-05-08 월요일 18:01:19 992 ] VideoAnalysis_Page -> VideoCheck_Stop1 
[ ㄹㄹ 2023-05-08 월요일 18:01:20 116 ] VideoAnalysis_Page -> FilterSet 인덱스가 범위를 벗어났습니다. 인덱스는 음수가 아니어야 하며 컬렉션의 크기보다 작아야 합니다.
매개 변수 이름: index
[ ㄹㄹ 2023-05-08 월요일 18:01:22 096 ] VideoAnalysis_Page -> FilterClick 
[ ㄹㄹ 2023-05-08 월요일 18:01:23 898 ] VideoAnalysis_Page -> FilterClick 
[ ㄹㄹ 2023-05-08 월요일 18:01:24 966 ] VideoAnalysis_Page -> VideoAnalysis_ButtonActions2 
[ ㄹㄹ 2023-05-08 월요일 18:01:24 967 ] VideoAnalysis_Page -> VideoCheck_Play2 
[ ㄹㄹ 2023-05-08 월요일 18:01:26 235 ] VideoAnalysis_Page -> VideoAnalysis_ButtonActions1 
[ ㄹㄹ 2023-05-08 월요일 18:01:26 236 ] VideoAnalysis_Page -> VideoCheck_Play1 
[ ㄹㄹ 2023-05-08 월요일 18:02:44 422 ] VideoAnalysis_Page -> VideoAnalysis_ButtonActions1 
[ ㄹㄹ 2023-05-08 월요일 18:02:44 424 ] VideoAnalysis_Page -> VideoCheck_Play1 
[ ㄹㄹ 2023-05-08 월요일 18:02:45 482 ] VideoAnalysis_Page -> VideoAnalysis_ButtonActions2 
[ ㄹㄹ 2023-05-08 월요일 18:02:45 485 ] VideoAnalysis_Page -> VideoCheck_Play2 
[ ㄹㄹ 2023-05-08 월요일 18:02:48 170 ] VideoAnalysis_Page -> FilterClick 
[ ㄹㄹ 2023-05-08 월요일 18:02:50 138 ] VideoAnalysis_Page -> FilterClick 
[ ㄹㄹ 2023-05-08 월요일 18:02:52 502 ] VideoAnalysis_Page -> FilterClick 
[ ㄹㄹ 2023-05-08 월요일 18:02:54 220 ] VideoAnalysis_Page -> FilterClick 
[ ㄹㄹ 2023-05-08 월요일 18:02:55 042 ] VideoAnalysis_Page -> FilterClick 
[ ㄹㄹ 2023-05-08 월요일 18:02:56 816 ] VideoAnalysis_Page -> FilterClick 
[ ㄹㄹ 2023-05-08 월요일 18:02:56 995 ] VideoAnalysis_Page -> FilterSet 인덱스가 범위를 벗어났습니다. 인덱스는 음수가 아니어야 하며 컬렉션의 크기보다 작아야 합니다.
매개 변수 이름: index
[ ㄹㄹ 2023-05-08 월요일 18:02:57 169 ] VideoAnalysis_Page -> FilterSet 인덱스가 범위를 벗어났습니다. 인덱스는 음수가 아니어야 하며 컬렉션의 크기보다 작아야 합니다.
매개 변수 이름: index
[ ㄹㄹ 2023-05-08 월요일 18:02:57 325 ] VideoAnalysis_Page -> FilterSet 인덱스가 범위를 벗어났습니다. 인덱스는 음수가 아니어야 하며 컬렉션의 크기보다 작아야 합니다.
매개 변수 이름: index
[ ㄹㄹ 2023-05-08 월요일 18:02:57 448 ] VideoAnalysis_Page -> FilterSet 인덱스가 범위를 벗어났습니다. 인덱스는 음수가 아니어야 하며 컬렉션의 크기보다 작아야 합니다.
매개 변수 이름: index
[ ㄹㄹ 2023-05-08 월요일 18:02:57 609 ] VideoAnalysis_Page -> FilterSet 인덱스가 범위를 벗어났습니다. 인덱스는 음수가 아니어야 하며 컬렉션의 크기보다 작아야 합니다.
매개 변수 이름: index
[ ㄹㄹ 2023-05-08 월요일 18:02:57 770 ] VideoAnalysis_Page -> FilterSet 인덱스가 범위를 벗어났습니다. 인덱스는 음수가 아니어야 하며 컬렉션의 크기보다 작아야 합니다.
매개 변수 이름: index
[ ㄹㄹ 2023-05-08 월요일 18:02:57 921 ] VideoAnalysis_Page -> FilterSet 인덱스가 범위를 벗어났습니다. 인덱스는 음수가 아니어야 하며 컬렉션의 크기보다 작아야 합니다.
매개 변수 이름: index
[ ㄹㄹ 2023-05-08 월요일 18:02:58 064 ] VideoAnalysis_Page -> FilterSet 인덱스가 범위를 벗어났습니다. 인덱스는 음수가 아니어야 하며 컬렉션의 크기보다 작아야 합니다.
매개 변수 이름: index
[ ㄹㄹ 2023-05-08 월요일 18:02:58 221 ] VideoAnalysis_Page -> FilterSet 인덱스가 범위를 벗어났습니다. 인덱스는 음수가 아니어야 하며 컬렉션의 크기보다 작아야 합니다.
매개 변수 이름: index
[ ㄹㄹ 2023-05-08 월요일 18:02:58 396 ] VideoAnalysis_Page -> FilterSet 인덱스가 범위를 벗어났습니다. 인덱스는 음수가 아니어야 하며 컬렉션의 크기보다 작아야 합니다.
매개 변수 이름: index
[ ㄹㄹ 2023-05-08 월요일 18:02:58 552 ] VideoAnalysis_Page -> FilterSet 인덱스가 범위를 벗어났습니다. 인덱스는 음수가 아니어야 하며 컬렉션의 크기보다 작아야 합니다.
매개 변수 이름: index
[ ㄹㄹ 2023-05-08 월요일 18:02:58 713 ] VideoAnalysis_Page -> FilterSet 인덱스가 범위를 벗어났습니다. 인덱스는 음수가 아니어야 하며 컬렉션의 크기보다 작아야 합니다.
매개 변수 이름: index
[ ㄹㄹ 2023-05-08 월요일 18:02:58 854 ] VideoAnalysis_Page -> FilterSet 인덱스가 범위를 벗어났습니다. 인덱스는 음수가 아니어야 하며 컬렉션의 크기보다 작아야 합니다.
매개 변수 이름: index
[ ㄹㄹ 2023-05-08 월요일 18:02:59 007 ] VideoAnalysis_Page -> FilterSet 인덱스가 범위를 벗어났습니다. 인덱스는 음수가 아니어야 하며 컬렉션의 크기보다 작아야 합니다.
매개 변수 이름: index
[ ㄹㄹ 2023-05-08 월요일 18:02:59 160 ] VideoAnalysis_Page -> FilterSet 인덱스가 범위를 벗어났습니다. 인덱스는 음수가 아니어야 하며 컬렉션의 크기보다 작아야 합니다.
매개 변수 이름: index
[ ㄹㄹ 2023-05-08 월요일 18:02:59 305 ] VideoAnalysis_Page -> FilterSet 인덱스가 범위를 벗어났습니다. 인덱스는 음수가 아니어야 하며 컬렉션의 크기보다 작아야 합니다.
매개 변수 이름: index
[ ㄹㄹ 2023-05-08 월요일 18:02:59 489 ] VideoAnalysis_Page -> FilterSet 인덱스가 범위를 벗어났습니다. 인덱스는 음수가 아니어야 하며 컬렉션의 크기보다 작아야 합니다.
매개 변수 이름: index
[ ㄹㄹ 2023-05-08 월요일 18:02:59 515 ] VideoAnalysis_Page -> FilterClick 
[ ㄹㄹ 2023-05-08 월요일 18:03:00 235 ] VideoAnalysis_Page -> FilterClick 
[ ㄹㄹ 2023-05-08 월요일 18:03:01 768 ] VideoAnalysis_Page -> FilterClick 
[ ㄹㄹ 2023-05-08 월요일 18:03:52 745 ] VideoAnalysis_Page -> FilterClick 
[ ㄹㄹ 2023-05-08 월요일 18:03:52 853 ] VideoAnalysis_Page -> FilterSet 인덱스가 범위를 벗어났습니다. 인덱스는 음수가 아니어야 하며 컬렉션의 크기보다 작아야 합니다.
매개 변수 이름: index
[ ㄹㄹ 2023-05-08 월요일 18:03:53 047 ] VideoAnalysis_Page -> FilterSet 인덱스가 범위를 벗어났습니다. 인덱스는 음수가 아니어야 하며 컬렉션의 크기보다 작아야 합니다.
매개 변수 이름: index
[ ㄹㄹ 2023-05-08 월요일 18:03:53 153 ] VideoAnalysis_Page -> FilterSet 인덱스가 범위를 벗어났습니다. 인덱스는 음수가 아니어야 하며 컬렉션의 크기보다 작아야 합니다.
매개 변수 이름: index
[ ㄹㄹ 2023-05-08 월요일 18:03:53 366 ] VideoAnalysis_Page -> FilterSet 인덱스가 범위를 벗어났습니다. 인덱스는 음수가 아니어야 하며 컬렉션의 크기보다 작아야 합니다.
매개 변수 이름: index
[ ㄹㄹ 2023-05-08 월요일 18:03:53 575 ] VideoAnalysis_Page -> FilterSet 인덱스가 범위를 벗어났습니다. 인덱스는 음수가 아니어야 하며 컬렉션의 크기보다 작아야 합니다.
매개 변수 이름: index
[ ㄹㄹ 2023-05-08 월요일 18:03:53 766 ] VideoAnalysis_Page -> FilterSet 인덱스가 범위를 벗어났습니다. 인덱스는 음수가 아니어야 하며 컬렉션의 크기보다 작아야 합니다.
매개 변수 이름: index
[ ㄹㄹ 2023-05-08 월요일 18:03:53 960 ] VideoAnalysis_Page -> FilterSet 인덱스가 범위를 벗어났습니다. 인덱스는 음수가 아니어야 하며 컬렉션의 크기보다 작아야 합니다.
매개 변수 이름: index
[ ㄹㄹ 2023-05-08 월요일 18:03:54 087 ] VideoAnalysis_Page -> FilterSet 인덱스가 범위를 벗어났습니다. 인덱스는 음수가 아니어야 하며 컬렉션의 크기보다 작아야 합니다.
매개 변수 이름: index
[ ㄹㄹ 2023-05-08 월요일 18:03:54 264 ] VideoAnalysis_Page -> FilterSet 인덱스가 범위를 벗어났습니다. 인덱스는 음수가 아니어야 하며 컬렉션의 크기보다 작아야 합니다.
매개 변수 이름: index
[ ㄹㄹ 2023-05-08 월요일 18:03:54 496 ] VideoAnalysis_Page -> FilterSet 인덱스가 범위를 벗어났습니다. 인덱스는 음수가 아니어야 하며 컬렉션의 크기보다 작아야 합니다.
매개 변수 이름: index
[ ㄹㄹ 2023-05-08 월요일 18:03:54 650 ] VideoAnalysis_Page -> FilterSet 인덱스가 범위를 벗어났습니다. 인덱스는 음수가 아니어야 하며 컬렉션의 크기보다 작아야 합니다.
매개 변수 이름: index
[ ㄹㄹ 2023-05-08 월요일 18:03:54 791 ] VideoAnalysis_Page -> FilterSet 인덱스가 범위를 벗어났습니다. 인덱스는 음수가 아니어야 하며 컬렉션의 크기보다 작아야 합니다.
매개 변수 이름: index
[ ㄹㄹ 2023-05-08 월요일 18:03:54 978 ] VideoAnalysis_Page -> FilterSet 인덱스가 범위를 벗어났습니다. 인덱스는 음수가 아니어야 하며 컬렉션의 크기보다 작아야 합니다.
매개 변수 이름: index
[ ㄹㄹ 2023-05-08 월요일 18:03:55 129 ] VideoAnalysis_Page -> FilterSet 인덱스가 범위를 벗어났습니다. 인덱스는 음수가 아니어야 하며 컬렉션의 크기보다 작아야 합니다.
매개 변수 이름: index
[ ㄹㄹ 2023-05-08 월요일 18:03:55 321 ] VideoAnalysis_Page -> FilterSet 인덱스가 범위를 벗어났습니다. 인덱스는 음수가 아니어야 하며 컬렉션의 크기보다 작아야 합니다.
매개 변수 이름: index
[ ㄹㄹ 2023-05-08 월요일 18:03:55 450 ] VideoAnalysis_Page -> FilterSet 인덱스가 범위를 벗어났습니다. 인덱스는 음수가 아니어야 하며 컬렉션의 크기보다 작아야 합니다.
매개 변수 이름: index
[ ㄹㄹ 2023-05-08 월요일 18:03:55 649 ] VideoAnalysis_Page -> FilterSet 인덱스가 범위를 벗어났습니다. 인덱스는 음수가 아니어야 하며 컬렉션의 크기보다 작아야 합니다.
매개 변수 이름: index
[ ㄹㄹ 2023-05-08 월요일 18:03:55 837 ] VideoAnalysis_Page -> FilterSet 인덱스가 범위를 벗어났습니다. 인덱스는 음수가 아니어야 하며 컬렉션의 크기보다 작아야 합니다.
매개 변수 이름: index
[ ㄹㄹ 2023-05-08 월요일 18:03:56 076 ] VideoAnalysis_Page -> FilterSet 인덱스가 범위를 벗어났습니다. 인덱스는 음수가 아니어야 하며 컬렉션의 크기보다 작아야 합니다.
매개 변수 이름: index
[ ㄹㄹ 2023-05-08 월요일 18:03:56 242 ] VideoAnalysis_Page -> FilterSet 인덱스가 범위를 벗어났습니다. 인덱스는 음수가 아니어야 하며 컬렉션의 크기보다 작아야 합니다.
매개 변수 이름: index
[ ㄹㄹ 2023-05-08 월요일 18:03:56 431 ] VideoAnalysis_Page -> FilterSet 인덱스가 범위를 벗어났습니다. 인덱스는 음수가 아니어야 하며 컬렉션의 크기보다 작아야 합니다.
매개 변수 이름: index
[ ㄹㄹ 2023-05-08 월요일 18:03:56 581 ] VideoAnalysis_Page -> FilterSet 인덱스가 범위를 벗어났습니다. 인덱스는 음수가 아니어야 하며 컬렉션의 크기보다 작아야 합니다.
매개 변수 이름: index
[ ㄹㄹ 2023-05-08 월요일 18:03:56 591 ] VideoAnalysis_Page -> FilterClick 
[ ㄹㄹ 2023-05-08 월요일 18:03:56 702 ] VideoAnalysis_Page -> FilterSet 인덱스가 범위를 벗어났습니다. 인덱스는 음수가 아니어야 하며 컬렉션의 크기보다 작아야 합니다.
매개 변수 이름: index
[ ㄹㄹ 2023-05-08 월요일 18:03:56 880 ] VideoAnalysis_Page -> FilterSet 인덱스가 범위를 벗어났습니다. 인덱스는 음수가 아니어야 하며 컬렉션의 크기보다 작아야 합니다.
매개 변수 이름: index
[ ㄹㄹ 2023-05-08 월요일 18:03:57 020 ] VideoAnalysis_Page -> FilterSet 인덱스가 범위를 벗어났습니다. 인덱스는 음수가 아니어야 하며 컬렉션의 크기보다 작아야 합니다.
매개 변수 이름: index
[ ㄹㄹ 2023-05-08 월요일 18:03:57 161 ] VideoAnalysis_Page -> FilterSet 인덱스가 범위를 벗어났습니다. 인덱스는 음수가 아니어야 하며 컬렉션의 크기보다 작아야 합니다.
매개 변수 이름: index
[ ㄹㄹ 2023-05-08 월요일 18:03:57 325 ] VideoAnalysis_Page -> FilterSet 인덱스가 범위를 벗어났습니다. 인덱스는 음수가 아니어야 하며 컬렉션의 크기보다 작아야 합니다.
매개 변수 이름: index
[ ㄹㄹ 2023-05-08 월요일 18:03:57 504 ] VideoAnalysis_Page -> FilterSet 인덱스가 범위를 벗어났습니다. 인덱스는 음수가 아니어야 하며 컬렉션의 크기보다 작아야 합니다.
매개 변수 이름: index
[ ㄹㄹ 2023-05-08 월요일 18:03:57 642 ] VideoAnalysis_Page -> FilterSet 인덱스가 범위를 벗어났습니다. 인덱스는 음수가 아니어야 하며 컬렉션의 크기보다 작아야 합니다.
매개 변수 이름: index
[ ㄹㄹ 2023-05-08 월요일 18:03:57 828 ] VideoAnalysis_Page -> FilterSet 인덱스가 범위를 벗어났습니다. 인덱스는 음수가 아니어야 하며 컬렉션의 크기보다 작아야 합니다.
매개 변수 이름: index
[ ㄹㄹ 2023-05-08 월요일 18:03:57 989 ] VideoAnalysis_Page -> FilterSet 인덱스가 범위를 벗어났습니다. 인덱스는 음수가 아니어야 하며 컬렉션의 크기보다 작아야 합니다.
매개 변수 이름: index
[ ㄹㄹ 2023-05-08 월요일 18:03:58 144 ] VideoAnalysis_Page -> FilterSet 인덱스가 범위를 벗어났습니다. 인덱스는 음수가 아니어야 하며 컬렉션의 크기보다 작아야 합니다.
매개 변수 이름: index
[ ㄹㄹ 2023-05-08 월요일 18:03:58 300 ] VideoAnalysis_Page -> FilterSet 인덱스가 범위를 벗어났습니다. 인덱스는 음수가 아니어야 하며 컬렉션의 크기보다 작아야 합니다.
매개 변수 이름: index
[ ㄹㄹ 2023-05-08 월요일 18:03:58 314 ] VideoAnalysis_Page -> FilterClick 
[ ㄹㄹ 2023-05-08 월요일 18:03:59 400 ] VideoAnalysis_Page -> FilterClick 
[ ㄹㄹ 2023-05-08 월요일 18:04:00 146 ] VideoAnalysis_Page -> FilterClick 
[ ㄹㄹ 2023-05-08 월요일 18:04:01 457 ] VideoAnalysis_Page -> FilterClick 
[ ㄹㄹ 2023-05-08 월요일 18:04:01 637 ] VideoAnalysis_Page -> FilterSet 인덱스가 범위를 벗어났습니다. 인덱스는 음수가 아니어야 하며 컬렉션의 크기보다 작아야 합니다.
매개 변수 이름: index
[ ㄹㄹ 2023-05-08 월요일 18:04:01 804 ] VideoAnalysis_Page -> FilterSet 인덱스가 범위를 벗어났습니다. 인덱스는 음수가 아니어야 하며 컬렉션의 크기보다 작아야 합니다.
매개 변수 이름: index
[ ㄹㄹ 2023-05-08 월요일 18:04:01 961 ] VideoAnalysis_Page -> FilterSet 인덱스가 범위를 벗어났습니다. 인덱스는 음수가 아니어야 하며 컬렉션의 크기보다 작아야 합니다.
매개 변수 이름: index
[ ㄹㄹ 2023-05-08 월요일 18:04:02 152 ] VideoAnalysis_Page -> FilterSet 인덱스가 범위를 벗어났습니다. 인덱스는 음수가 아니어야 하며 컬렉션의 크기보다 작아야 합니다.
매개 변수 이름: index
[ ㄹㄹ 2023-05-08 월요일 18:04:02 297 ] VideoAnalysis_Page -> FilterSet 인덱스가 범위를 벗어났습니다. 인덱스는 음수가 아니어야 하며 컬렉션의 크기보다 작아야 합니다.
매개 변수 이름: index
[ ㄹㄹ 2023-05-08 월요일 18:04:02 454 ] VideoAnalysis_Page -> FilterSet 인덱스가 범위를 벗어났습니다. 인덱스는 음수가 아니어야 하며 컬렉션의 크기보다 작아야 합니다.
매개 변수 이름: index
[ ㄹㄹ 2023-05-08 월요일 18:04:02 603 ] VideoAnalysis_Page -> FilterSet 인덱스가 범위를 벗어났습니다. 인덱스는 음수가 아니어야 하며 컬렉션의 크기보다 작아야 합니다.
매개 변수 이름: index
[ ㄹㄹ 2023-05-08 월요일 18:04:02 749 ] VideoAnalysis_Page -> FilterSet 인덱스가 범위를 벗어났습니다. 인덱스는 음수가 아니어야 하며 컬렉션의 크기보다 작아야 합니다.
매개 변수 이름: index
[ ㄹㄹ 2023-05-08 월요일 18:04:02 890 ] VideoAnalysis_Page -> FilterSet 인덱스가 범위를 벗어났습니다. 인덱스는 음수가 아니어야 하며 컬렉션의 크기보다 작아야 합니다.
매개 변수 이름: index
[ ㄹㄹ 2023-05-08 월요일 18:04:03 056 ] VideoAnalysis_Page -> FilterSet 인덱스가 범위를 벗어났습니다. 인덱스는 음수가 아니어야 하며 컬렉션의 크기보다 작아야 합니다.
매개 변수 이름: index
[ ㄹㄹ 2023-05-08 월요일 18:04:03 216 ] VideoAnalysis_Page -> FilterSet 인덱스가 범위를 벗어났습니다. 인덱스는 음수가 아니어야 하며 컬렉션의 크기보다 작아야 합니다.
매개 변수 이름: index
[ ㄹㄹ 2023-05-08 월요일 18:04:03 402 ] VideoAnalysis_Page -> FilterSet 인덱스가 범위를 벗어났습니다. 인덱스는 음수가 아니어야 하며 컬렉션의 크기보다 작아야 합니다.
매개 변수 이름: index
[ ㄹㄹ 2023-05-08 월요일 18:04:03 430 ] VideoAnalysis_Page -> FilterClick 
[ ㄹㄹ 2023-05-08 월요일 18:04:10 243 ] VideoAnalysis_Page -> FilterClick 
[ ㄹㄹ 2023-05-08 월요일 18:04:16 526 ] VideoAnalysis_Page -> VideoAnalysis_ButtonActions1 
[ ㄹㄹ 2023-05-08 월요일 18:04:16 526 ] VideoAnalysis_Page -> VideoCheck_Play1 
[ ㄹㄹ 2023-05-08 월요일 18:04:20 047 ] VideoAnalysis_Page -> FilterClick 
[ ㄹㄹ 2023-05-08 월요일 18:04:21 593 ] VideoAnalysis_Page -> VideoAnalysis_ButtonActions1 
[ ㄹㄹ 2023-05-08 월요일 18:04:21 594 ] VideoAnalysis_Page -> VideoCheck_Play1 
[ ㄹㄹ 2023-05-08 월요일 18:04:26 360 ] VideoAnalysis_Page -> VideoAnalysis_ButtonActions1 
[ ㄹㄹ 2023-05-08 월요일 18:04:26 361 ] VideoAnalysis_Page -> VideoCheck_Play1 
[ ㄹㄹ 2023-05-08 월요일 18:04:27 908 ] VideoAnalysis_Page -> VideoAnalysis_ButtonActions2 
[ ㄹㄹ 2023-05-08 월요일 18:04:27 909 ] VideoAnalysis_Page -> VideoCheck_Play2 
[ ㄹㄹ 2023-05-08 월요일 18:10:21 608 ] Form1 -> Form1_FormClosing 
[ ㄹㄹ 2023-05-08 월요일 18:10:21 621 ] RealTimeView_Page -> CameraClose 
[ ㄹㄹ 2023-05-08 월요일 18:10:21 646 ] CameraControl -> Stop 
[ ㄹㄹ 2023-05-08 월요일 18:10:23 143 ] CameraControl -> Close 
[ ㄹㄹ 2023-05-08 월요일 18:10:23 219 ] CameraControl -> Stop 
[ ㄹㄹ 2023-05-08 월요일 18:10:24 584 ] CameraControl -> Close 
[ ㄹㄹ 2023-05-08 월요일 18:10:24 642 ] CameraControl -> Stop 
[ ㄹㄹ 2023-05-08 월요일 18:10:24 982 ] CameraControl -> Close 
[ ㄹㄹ 2023-05-08 월요일 18:10:25 037 ] VideoCheck_Page -> VideoClose 
[ ㄹㄹ 2023-05-08 월요일 18:10:25 039 ] VideoAnalysis_Page -> VideoClose 
