[  2023-05-08 월요일 17:53:34 210 ] 파일 생성 성공
[ ㅇㅇ 2023-05-08 월요일 17:53:34 209 ] Settings_Page -> XMLSave 
[ ㅇㅇ 2023-05-08 월요일 17:53:35 369 ] Form1 -> NavigationClick 
[ ㅇㅇ 2023-05-08 월요일 17:53:35 700 ] VideoAnalysis_Page -> VideoAnalysis_Page_Load 
[ ㅇㅇ 2023-05-08 월요일 17:53:37 761 ] VideoAnalysis_Page -> VideoAnalysis_ButtonActions1 
[ ㅇㅇ 2023-05-08 월요일 17:53:37 913 ] VideoAnalysis_Page -> VideoCheck_FileOpen1 
[ ㅇㅇ 2023-05-08 월요일 17:53:42 921 ] VideoAnalysis_Page -> VideoAnalysis_ButtonActions2 
[ ㅇㅇ 2023-05-08 월요일 17:53:42 923 ] VideoAnalysis_Page -> VideoCheck_FileOpen2 
[ ㅇㅇ 2023-05-08 월요일 17:53:47 286 ] VideoAnalysis_Page -> VideoAnalysis_ButtonActions1 
[ ㅇㅇ 2023-05-08 월요일 17:53:47 290 ] VideoAnalysis_Page -> VideoCheck_Play1 
[ ㅇㅇ 2023-05-08 월요일 17:53:49 165 ] VideoAnalysis_Page -> FilterClick 
[ ㅇㅇ 2023-05-08 월요일 17:53:50 755 ] VideoAnalysis_Page -> VideoAnalysis_ButtonActions2 
[ ㅇㅇ 2023-05-08 월요일 17:53:50 776 ] VideoAnalysis_Page -> VideoCheck_Play2 
[ ㅇㅇ 2023-05-08 월요일 17:53:52 707 ] VideoAnalysis_Page -> FilterClick 
[ ㅇㅇ 2023-05-08 월요일 17:56:00 016 ] VideoAnalysis_Page -> VideoAnalysis_ButtonActions2 
[ ㅇㅇ 2023-05-08 월요일 17:56:00 023 ] VideoAnalysis_Page -> VideoCheck_Stop2 
[ ㅇㅇ 2023-05-08 월요일 17:56:00 892 ] VideoAnalysis_Page -> VideoAnalysis_ButtonActions1 
[ ㅇㅇ 2023-05-08 월요일 17:56:00 894 ] VideoAnalysis_Page -> VideoCheck_Stop1 
[ ㅇㅇ 2023-05-08 월요일 17:56:20 342 ] VideoAnalysis_Page -> VideoAnalysis_ButtonActions1 
[ ㅇㅇ 2023-05-08 월요일 17:56:20 343 ] VideoAnalysis_Page -> VideoCheck_FileOpen1 
[ ㅇㅇ 2023-05-08 월요일 17:56:23 304 ] VideoAnalysis_Page -> FilterSet 인덱스가 범위를 벗어났습니다. 인덱스는 음수가 아니어야 하며 컬렉션의 크기보다 작아야 합니다.
매개 변수 이름: index
[ ㅇㅇ 2023-05-08 월요일 17:56:25 252 ] VideoAnalysis_Page -> VideoAnalysis_ButtonActions2 
[ ㅇㅇ 2023-05-08 월요일 17:56:25 253 ] VideoAnalysis_Page -> VideoCheck_Play2 
[ ㅇㅇ 2023-05-08 월요일 17:56:26 194 ] VideoAnalysis_Page -> VideoAnalysis_ButtonActions1 
[ ㅇㅇ 2023-05-08 월요일 17:56:26 195 ] VideoAnalysis_Page -> VideoCheck_Play1 
[ ㅇㅇ 2023-05-08 월요일 17:56:26 337 ] VideoAnalysis_Page -> FilterSet 인덱스가 범위를 벗어났습니다. 인덱스는 음수가 아니어야 하며 컬렉션의 크기보다 작아야 합니다.
매개 변수 이름: index
[ ㅇㅇ 2023-05-08 월요일 17:56:26 507 ] VideoAnalysis_Page -> FilterSet 인덱스가 범위를 벗어났습니다. 인덱스는 음수가 아니어야 하며 컬렉션의 크기보다 작아야 합니다.
매개 변수 이름: index
[ ㅇㅇ 2023-05-08 월요일 17:56:26 837 ] VideoAnalysis_Page -> FilterSet 인덱스가 범위를 벗어났습니다. 인덱스는 음수가 아니어야 하며 컬렉션의 크기보다 작아야 합니다.
매개 변수 이름: index
[ ㅇㅇ 2023-05-08 월요일 17:56:26 974 ] VideoAnalysis_Page -> FilterSet 인덱스가 범위를 벗어났습니다. 인덱스는 음수가 아니어야 하며 컬렉션의 크기보다 작아야 합니다.
매개 변수 이름: index
[ ㅇㅇ 2023-05-08 월요일 17:56:27 210 ] VideoAnalysis_Page -> FilterSet 인덱스가 범위를 벗어났습니다. 인덱스는 음수가 아니어야 하며 컬렉션의 크기보다 작아야 합니다.
매개 변수 이름: index
[ ㅇㅇ 2023-05-08 월요일 17:56:27 395 ] VideoAnalysis_Page -> FilterSet 인덱스가 범위를 벗어났습니다. 인덱스는 음수가 아니어야 하며 컬렉션의 크기보다 작아야 합니다.
매개 변수 이름: index
[ ㅇㅇ 2023-05-08 월요일 17:56:27 588 ] VideoAnalysis_Page -> FilterSet 인덱스가 범위를 벗어났습니다. 인덱스는 음수가 아니어야 하며 컬렉션의 크기보다 작아야 합니다.
매개 변수 이름: index
[ ㅇㅇ 2023-05-08 월요일 17:56:27 744 ] VideoAnalysis_Page -> FilterSet 인덱스가 범위를 벗어났습니다. 인덱스는 음수가 아니어야 하며 컬렉션의 크기보다 작아야 합니다.
매개 변수 이름: index
[ ㅇㅇ 2023-05-08 월요일 17:56:27 899 ] VideoAnalysis_Page -> FilterSet 인덱스가 범위를 벗어났습니다. 인덱스는 음수가 아니어야 하며 컬렉션의 크기보다 작아야 합니다.
매개 변수 이름: index
[ ㅇㅇ 2023-05-08 월요일 17:56:28 059 ] VideoAnalysis_Page -> FilterSet 인덱스가 범위를 벗어났습니다. 인덱스는 음수가 아니어야 하며 컬렉션의 크기보다 작아야 합니다.
매개 변수 이름: index
[ ㅇㅇ 2023-05-08 월요일 17:56:28 228 ] VideoAnalysis_Page -> FilterSet 인덱스가 범위를 벗어났습니다. 인덱스는 음수가 아니어야 하며 컬렉션의 크기보다 작아야 합니다.
매개 변수 이름: index
[ ㅇㅇ 2023-05-08 월요일 17:56:28 396 ] VideoAnalysis_Page -> FilterSet 인덱스가 범위를 벗어났습니다. 인덱스는 음수가 아니어야 하며 컬렉션의 크기보다 작아야 합니다.
매개 변수 이름: index
[ ㅇㅇ 2023-05-08 월요일 17:56:28 597 ] VideoAnalysis_Page -> FilterSet 인덱스가 범위를 벗어났습니다. 인덱스는 음수가 아니어야 하며 컬렉션의 크기보다 작아야 합니다.
매개 변수 이름: index
[ ㅇㅇ 2023-05-08 월요일 17:56:28 719 ] VideoAnalysis_Page -> FilterSet 인덱스가 범위를 벗어났습니다. 인덱스는 음수가 아니어야 하며 컬렉션의 크기보다 작아야 합니다.
매개 변수 이름: index
[ ㅇㅇ 2023-05-08 월요일 17:56:28 959 ] VideoAnalysis_Page -> FilterSet 인덱스가 범위를 벗어났습니다. 인덱스는 음수가 아니어야 하며 컬렉션의 크기보다 작아야 합니다.
매개 변수 이름: index
[ ㅇㅇ 2023-05-08 월요일 17:56:29 153 ] VideoAnalysis_Page -> FilterSet 인덱스가 범위를 벗어났습니다. 인덱스는 음수가 아니어야 하며 컬렉션의 크기보다 작아야 합니다.
매개 변수 이름: index
[ ㅇㅇ 2023-05-08 월요일 17:56:29 342 ] VideoAnalysis_Page -> FilterSet 인덱스가 범위를 벗어났습니다. 인덱스는 음수가 아니어야 하며 컬렉션의 크기보다 작아야 합니다.
매개 변수 이름: index
[ ㅇㅇ 2023-05-08 월요일 17:56:29 524 ] VideoAnalysis_Page -> FilterSet 인덱스가 범위를 벗어났습니다. 인덱스는 음수가 아니어야 하며 컬렉션의 크기보다 작아야 합니다.
매개 변수 이름: index
[ ㅇㅇ 2023-05-08 월요일 17:56:29 714 ] VideoAnalysis_Page -> FilterSet 인덱스가 범위를 벗어났습니다. 인덱스는 음수가 아니어야 하며 컬렉션의 크기보다 작아야 합니다.
매개 변수 이름: index
[ ㅇㅇ 2023-05-08 월요일 17:56:29 901 ] VideoAnalysis_Page -> FilterSet 인덱스가 범위를 벗어났습니다. 인덱스는 음수가 아니어야 하며 컬렉션의 크기보다 작아야 합니다.
매개 변수 이름: index
[ ㅇㅇ 2023-05-08 월요일 17:56:30 081 ] VideoAnalysis_Page -> FilterSet 인덱스가 범위를 벗어났습니다. 인덱스는 음수가 아니어야 하며 컬렉션의 크기보다 작아야 합니다.
매개 변수 이름: index
[ ㅇㅇ 2023-05-08 월요일 17:56:30 278 ] VideoAnalysis_Page -> FilterSet 인덱스가 범위를 벗어났습니다. 인덱스는 음수가 아니어야 하며 컬렉션의 크기보다 작아야 합니다.
매개 변수 이름: index
[ ㅇㅇ 2023-05-08 월요일 17:56:30 410 ] VideoAnalysis_Page -> FilterSet 인덱스가 범위를 벗어났습니다. 인덱스는 음수가 아니어야 하며 컬렉션의 크기보다 작아야 합니다.
매개 변수 이름: index
[ ㅇㅇ 2023-05-08 월요일 17:56:30 642 ] VideoAnalysis_Page -> FilterSet 인덱스가 범위를 벗어났습니다. 인덱스는 음수가 아니어야 하며 컬렉션의 크기보다 작아야 합니다.
매개 변수 이름: index
[ ㅇㅇ 2023-05-08 월요일 17:56:30 807 ] VideoAnalysis_Page -> FilterSet 인덱스가 범위를 벗어났습니다. 인덱스는 음수가 아니어야 하며 컬렉션의 크기보다 작아야 합니다.
매개 변수 이름: index
[ ㅇㅇ 2023-05-08 월요일 17:56:30 966 ] VideoAnalysis_Page -> FilterSet 인덱스가 범위를 벗어났습니다. 인덱스는 음수가 아니어야 하며 컬렉션의 크기보다 작아야 합니다.
매개 변수 이름: index
[ ㅇㅇ 2023-05-08 월요일 17:56:31 130 ] VideoAnalysis_Page -> FilterSet 인덱스가 범위를 벗어났습니다. 인덱스는 음수가 아니어야 하며 컬렉션의 크기보다 작아야 합니다.
매개 변수 이름: index
[ ㅇㅇ 2023-05-08 월요일 17:56:31 349 ] VideoAnalysis_Page -> FilterSet 인덱스가 범위를 벗어났습니다. 인덱스는 음수가 아니어야 하며 컬렉션의 크기보다 작아야 합니다.
매개 변수 이름: index
[ ㅇㅇ 2023-05-08 월요일 17:56:31 540 ] VideoAnalysis_Page -> FilterSet 인덱스가 범위를 벗어났습니다. 인덱스는 음수가 아니어야 하며 컬렉션의 크기보다 작아야 합니다.
매개 변수 이름: index
[ ㅇㅇ 2023-05-08 월요일 17:56:31 674 ] VideoAnalysis_Page -> FilterSet 인덱스가 범위를 벗어났습니다. 인덱스는 음수가 아니어야 하며 컬렉션의 크기보다 작아야 합니다.
매개 변수 이름: index
[ ㅇㅇ 2023-05-08 월요일 17:56:31 924 ] VideoAnalysis_Page -> FilterSet 인덱스가 범위를 벗어났습니다. 인덱스는 음수가 아니어야 하며 컬렉션의 크기보다 작아야 합니다.
매개 변수 이름: index
[ ㅇㅇ 2023-05-08 월요일 17:56:32 120 ] VideoAnalysis_Page -> FilterSet 인덱스가 범위를 벗어났습니다. 인덱스는 음수가 아니어야 하며 컬렉션의 크기보다 작아야 합니다.
매개 변수 이름: index
[ ㅇㅇ 2023-05-08 월요일 17:56:32 252 ] VideoAnalysis_Page -> FilterSet 인덱스가 범위를 벗어났습니다. 인덱스는 음수가 아니어야 하며 컬렉션의 크기보다 작아야 합니다.
매개 변수 이름: index
[ ㅇㅇ 2023-05-08 월요일 17:56:32 454 ] VideoAnalysis_Page -> FilterSet 인덱스가 범위를 벗어났습니다. 인덱스는 음수가 아니어야 하며 컬렉션의 크기보다 작아야 합니다.
매개 변수 이름: index
[ ㅇㅇ 2023-05-08 월요일 17:56:32 640 ] VideoAnalysis_Page -> FilterSet 인덱스가 범위를 벗어났습니다. 인덱스는 음수가 아니어야 하며 컬렉션의 크기보다 작아야 합니다.
매개 변수 이름: index
[ ㅇㅇ 2023-05-08 월요일 17:56:32 864 ] VideoAnalysis_Page -> FilterSet 인덱스가 범위를 벗어났습니다. 인덱스는 음수가 아니어야 하며 컬렉션의 크기보다 작아야 합니다.
매개 변수 이름: index
[ ㅇㅇ 2023-05-08 월요일 17:56:33 087 ] VideoAnalysis_Page -> FilterSet 인덱스가 범위를 벗어났습니다. 인덱스는 음수가 아니어야 하며 컬렉션의 크기보다 작아야 합니다.
매개 변수 이름: index
[ ㅇㅇ 2023-05-08 월요일 17:56:33 271 ] VideoAnalysis_Page -> FilterSet 인덱스가 범위를 벗어났습니다. 인덱스는 음수가 아니어야 하며 컬렉션의 크기보다 작아야 합니다.
매개 변수 이름: index
[ ㅇㅇ 2023-05-08 월요일 17:56:33 418 ] VideoAnalysis_Page -> FilterSet 인덱스가 범위를 벗어났습니다. 인덱스는 음수가 아니어야 하며 컬렉션의 크기보다 작아야 합니다.
매개 변수 이름: index
[ ㅇㅇ 2023-05-08 월요일 17:56:37 763 ] VideoAnalysis_Page -> FilterSet 인덱스가 범위를 벗어났습니다. 인덱스는 음수가 아니어야 하며 컬렉션의 크기보다 작아야 합니다.
매개 변수 이름: index
[ ㅇㅇ 2023-05-08 월요일 17:56:37 928 ] VideoAnalysis_Page -> FilterSet 인덱스가 범위를 벗어났습니다. 인덱스는 음수가 아니어야 하며 컬렉션의 크기보다 작아야 합니다.
매개 변수 이름: index
[ ㅇㅇ 2023-05-08 월요일 17:56:38 125 ] VideoAnalysis_Page -> FilterSet 인덱스가 범위를 벗어났습니다. 인덱스는 음수가 아니어야 하며 컬렉션의 크기보다 작아야 합니다.
매개 변수 이름: index
[ ㅇㅇ 2023-05-08 월요일 17:56:38 476 ] VideoAnalysis_Page -> FilterSet 인덱스가 범위를 벗어났습니다. 인덱스는 음수가 아니어야 하며 컬렉션의 크기보다 작아야 합니다.
매개 변수 이름: index
[ ㅇㅇ 2023-05-08 월요일 17:56:38 703 ] VideoAnalysis_Page -> FilterSet 인덱스가 범위를 벗어났습니다. 인덱스는 음수가 아니어야 하며 컬렉션의 크기보다 작아야 합니다.
매개 변수 이름: index
[ ㅇㅇ 2023-05-08 월요일 17:56:38 808 ] VideoAnalysis_Page -> FilterSet 인덱스가 범위를 벗어났습니다. 인덱스는 음수가 아니어야 하며 컬렉션의 크기보다 작아야 합니다.
매개 변수 이름: index
[ ㅇㅇ 2023-05-08 월요일 17:56:38 990 ] VideoAnalysis_Page -> FilterSet 인덱스가 범위를 벗어났습니다. 인덱스는 음수가 아니어야 하며 컬렉션의 크기보다 작아야 합니다.
매개 변수 이름: index
[ ㅇㅇ 2023-05-08 월요일 17:56:39 232 ] VideoAnalysis_Page -> FilterSet 인덱스가 범위를 벗어났습니다. 인덱스는 음수가 아니어야 하며 컬렉션의 크기보다 작아야 합니다.
매개 변수 이름: index
[ ㅇㅇ 2023-05-08 월요일 17:56:39 427 ] VideoAnalysis_Page -> FilterSet 인덱스가 범위를 벗어났습니다. 인덱스는 음수가 아니어야 하며 컬렉션의 크기보다 작아야 합니다.
매개 변수 이름: index
[ ㅇㅇ 2023-05-08 월요일 17:56:39 618 ] VideoAnalysis_Page -> FilterSet 인덱스가 범위를 벗어났습니다. 인덱스는 음수가 아니어야 하며 컬렉션의 크기보다 작아야 합니다.
매개 변수 이름: index
[ ㅇㅇ 2023-05-08 월요일 17:56:39 804 ] VideoAnalysis_Page -> FilterSet 인덱스가 범위를 벗어났습니다. 인덱스는 음수가 아니어야 하며 컬렉션의 크기보다 작아야 합니다.
매개 변수 이름: index
[ ㅇㅇ 2023-05-08 월요일 17:56:39 979 ] VideoAnalysis_Page -> FilterSet 인덱스가 범위를 벗어났습니다. 인덱스는 음수가 아니어야 하며 컬렉션의 크기보다 작아야 합니다.
매개 변수 이름: index
[ ㅇㅇ 2023-05-08 월요일 17:56:40 108 ] VideoAnalysis_Page -> FilterSet 인덱스가 범위를 벗어났습니다. 인덱스는 음수가 아니어야 하며 컬렉션의 크기보다 작아야 합니다.
매개 변수 이름: index
[ ㅇㅇ 2023-05-08 월요일 17:56:40 353 ] VideoAnalysis_Page -> FilterSet 인덱스가 범위를 벗어났습니다. 인덱스는 음수가 아니어야 하며 컬렉션의 크기보다 작아야 합니다.
매개 변수 이름: index
[ ㅇㅇ 2023-05-08 월요일 17:56:40 487 ] VideoAnalysis_Page -> FilterSet 인덱스가 범위를 벗어났습니다. 인덱스는 음수가 아니어야 하며 컬렉션의 크기보다 작아야 합니다.
매개 변수 이름: index
[ ㅇㅇ 2023-05-08 월요일 17:56:40 711 ] VideoAnalysis_Page -> FilterSet 인덱스가 범위를 벗어났습니다. 인덱스는 음수가 아니어야 하며 컬렉션의 크기보다 작아야 합니다.
매개 변수 이름: index
[ ㅇㅇ 2023-05-08 월요일 17:56:40 885 ] VideoAnalysis_Page -> FilterSet 인덱스가 범위를 벗어났습니다. 인덱스는 음수가 아니어야 하며 컬렉션의 크기보다 작아야 합니다.
매개 변수 이름: index
[ ㅇㅇ 2023-05-08 월요일 17:56:40 988 ] VideoAnalysis_Page -> FilterSet 인덱스가 범위를 벗어났습니다. 인덱스는 음수가 아니어야 하며 컬렉션의 크기보다 작아야 합니다.
매개 변수 이름: index
[ ㅇㅇ 2023-05-08 월요일 17:56:41 149 ] VideoAnalysis_Page -> FilterSet 인덱스가 범위를 벗어났습니다. 인덱스는 음수가 아니어야 하며 컬렉션의 크기보다 작아야 합니다.
매개 변수 이름: index
[ ㅇㅇ 2023-05-08 월요일 17:56:41 413 ] VideoAnalysis_Page -> FilterSet 인덱스가 범위를 벗어났습니다. 인덱스는 음수가 아니어야 하며 컬렉션의 크기보다 작아야 합니다.
매개 변수 이름: index
[ ㅇㅇ 2023-05-08 월요일 17:56:41 619 ] VideoAnalysis_Page -> FilterSet 인덱스가 범위를 벗어났습니다. 인덱스는 음수가 아니어야 하며 컬렉션의 크기보다 작아야 합니다.
매개 변수 이름: index
[ ㅇㅇ 2023-05-08 월요일 17:56:41 793 ] VideoAnalysis_Page -> FilterSet 인덱스가 범위를 벗어났습니다. 인덱스는 음수가 아니어야 하며 컬렉션의 크기보다 작아야 합니다.
매개 변수 이름: index
[ ㅇㅇ 2023-05-08 월요일 17:56:41 963 ] VideoAnalysis_Page -> FilterSet 인덱스가 범위를 벗어났습니다. 인덱스는 음수가 아니어야 하며 컬렉션의 크기보다 작아야 합니다.
매개 변수 이름: index
[ ㅇㅇ 2023-05-08 월요일 17:56:42 118 ] VideoAnalysis_Page -> FilterSet 인덱스가 범위를 벗어났습니다. 인덱스는 음수가 아니어야 하며 컬렉션의 크기보다 작아야 합니다.
매개 변수 이름: index
[ ㅇㅇ 2023-05-08 월요일 17:56:42 224 ] VideoAnalysis_Page -> FilterSet 인덱스가 범위를 벗어났습니다. 인덱스는 음수가 아니어야 하며 컬렉션의 크기보다 작아야 합니다.
매개 변수 이름: index
[ ㅇㅇ 2023-05-08 월요일 17:56:42 444 ] VideoAnalysis_Page -> FilterSet 인덱스가 범위를 벗어났습니다. 인덱스는 음수가 아니어야 하며 컬렉션의 크기보다 작아야 합니다.
매개 변수 이름: index
[ ㅇㅇ 2023-05-08 월요일 17:56:42 598 ] VideoAnalysis_Page -> FilterSet 인덱스가 범위를 벗어났습니다. 인덱스는 음수가 아니어야 하며 컬렉션의 크기보다 작아야 합니다.
매개 변수 이름: index
[ ㅇㅇ 2023-05-08 월요일 17:56:42 754 ] VideoAnalysis_Page -> FilterSet 인덱스가 범위를 벗어났습니다. 인덱스는 음수가 아니어야 하며 컬렉션의 크기보다 작아야 합니다.
매개 변수 이름: index
[ ㅇㅇ 2023-05-08 월요일 17:56:42 924 ] VideoAnalysis_Page -> FilterSet 인덱스가 범위를 벗어났습니다. 인덱스는 음수가 아니어야 하며 컬렉션의 크기보다 작아야 합니다.
매개 변수 이름: index
[ ㅇㅇ 2023-05-08 월요일 17:56:43 076 ] VideoAnalysis_Page -> FilterSet 인덱스가 범위를 벗어났습니다. 인덱스는 음수가 아니어야 하며 컬렉션의 크기보다 작아야 합니다.
매개 변수 이름: index
[ ㅇㅇ 2023-05-08 월요일 17:56:43 206 ] VideoAnalysis_Page -> FilterSet 인덱스가 범위를 벗어났습니다. 인덱스는 음수가 아니어야 하며 컬렉션의 크기보다 작아야 합니다.
매개 변수 이름: index
[ ㅇㅇ 2023-05-08 월요일 17:56:43 403 ] VideoAnalysis_Page -> FilterSet 인덱스가 범위를 벗어났습니다. 인덱스는 음수가 아니어야 하며 컬렉션의 크기보다 작아야 합니다.
매개 변수 이름: index
[ ㅇㅇ 2023-05-08 월요일 17:56:43 663 ] VideoAnalysis_Page -> FilterSet 인덱스가 범위를 벗어났습니다. 인덱스는 음수가 아니어야 하며 컬렉션의 크기보다 작아야 합니다.
매개 변수 이름: index
[ ㅇㅇ 2023-05-08 월요일 17:56:43 842 ] VideoAnalysis_Page -> FilterSet 인덱스가 범위를 벗어났습니다. 인덱스는 음수가 아니어야 하며 컬렉션의 크기보다 작아야 합니다.
매개 변수 이름: index
[ ㅇㅇ 2023-05-08 월요일 17:56:44 009 ] VideoAnalysis_Page -> FilterSet 인덱스가 범위를 벗어났습니다. 인덱스는 음수가 아니어야 하며 컬렉션의 크기보다 작아야 합니다.
매개 변수 이름: index
[ ㅇㅇ 2023-05-08 월요일 17:56:44 165 ] VideoAnalysis_Page -> FilterSet 인덱스가 범위를 벗어났습니다. 인덱스는 음수가 아니어야 하며 컬렉션의 크기보다 작아야 합니다.
매개 변수 이름: index
[ ㅇㅇ 2023-05-08 월요일 17:56:44 377 ] VideoAnalysis_Page -> FilterSet 인덱스가 범위를 벗어났습니다. 인덱스는 음수가 아니어야 하며 컬렉션의 크기보다 작아야 합니다.
매개 변수 이름: index
[ ㅇㅇ 2023-05-08 월요일 17:56:44 520 ] VideoAnalysis_Page -> FilterSet 인덱스가 범위를 벗어났습니다. 인덱스는 음수가 아니어야 하며 컬렉션의 크기보다 작아야 합니다.
매개 변수 이름: index
[ ㅇㅇ 2023-05-08 월요일 17:56:44 721 ] VideoAnalysis_Page -> FilterSet 인덱스가 범위를 벗어났습니다. 인덱스는 음수가 아니어야 하며 컬렉션의 크기보다 작아야 합니다.
매개 변수 이름: index
[ ㅇㅇ 2023-05-08 월요일 17:56:44 894 ] VideoAnalysis_Page -> FilterSet 인덱스가 범위를 벗어났습니다. 인덱스는 음수가 아니어야 하며 컬렉션의 크기보다 작아야 합니다.
매개 변수 이름: index
[ ㅇㅇ 2023-05-08 월요일 17:56:45 009 ] VideoAnalysis_Page -> FilterSet 인덱스가 범위를 벗어났습니다. 인덱스는 음수가 아니어야 하며 컬렉션의 크기보다 작아야 합니다.
매개 변수 이름: index
[ ㅇㅇ 2023-05-08 월요일 17:56:45 166 ] VideoAnalysis_Page -> FilterSet 인덱스가 범위를 벗어났습니다. 인덱스는 음수가 아니어야 하며 컬렉션의 크기보다 작아야 합니다.
매개 변수 이름: index
[ ㅇㅇ 2023-05-08 월요일 17:56:45 328 ] VideoAnalysis_Page -> FilterSet 인덱스가 범위를 벗어났습니다. 인덱스는 음수가 아니어야 하며 컬렉션의 크기보다 작아야 합니다.
매개 변수 이름: index
[ ㅇㅇ 2023-05-08 월요일 17:56:45 541 ] VideoAnalysis_Page -> FilterSet 인덱스가 범위를 벗어났습니다. 인덱스는 음수가 아니어야 하며 컬렉션의 크기보다 작아야 합니다.
매개 변수 이름: index
[ ㅇㅇ 2023-05-08 월요일 17:56:45 723 ] VideoAnalysis_Page -> FilterSet 인덱스가 범위를 벗어났습니다. 인덱스는 음수가 아니어야 하며 컬렉션의 크기보다 작아야 합니다.
매개 변수 이름: index
[ ㅇㅇ 2023-05-08 월요일 17:56:45 915 ] VideoAnalysis_Page -> FilterSet 인덱스가 범위를 벗어났습니다. 인덱스는 음수가 아니어야 하며 컬렉션의 크기보다 작아야 합니다.
매개 변수 이름: index
[ ㅇㅇ 2023-05-08 월요일 17:56:46 147 ] VideoAnalysis_Page -> FilterSet 인덱스가 범위를 벗어났습니다. 인덱스는 음수가 아니어야 하며 컬렉션의 크기보다 작아야 합니다.
매개 변수 이름: index
[ ㅇㅇ 2023-05-08 월요일 17:56:46 331 ] VideoAnalysis_Page -> FilterSet 인덱스가 범위를 벗어났습니다. 인덱스는 음수가 아니어야 하며 컬렉션의 크기보다 작아야 합니다.
매개 변수 이름: index
[ ㅇㅇ 2023-05-08 월요일 17:56:46 453 ] VideoAnalysis_Page -> FilterSet 인덱스가 범위를 벗어났습니다. 인덱스는 음수가 아니어야 하며 컬렉션의 크기보다 작아야 합니다.
매개 변수 이름: index
[ ㅇㅇ 2023-05-08 월요일 17:56:46 703 ] VideoAnalysis_Page -> FilterSet 인덱스가 범위를 벗어났습니다. 인덱스는 음수가 아니어야 하며 컬렉션의 크기보다 작아야 합니다.
매개 변수 이름: index
[ ㅇㅇ 2023-05-08 월요일 17:56:46 830 ] VideoAnalysis_Page -> FilterSet 인덱스가 범위를 벗어났습니다. 인덱스는 음수가 아니어야 하며 컬렉션의 크기보다 작아야 합니다.
매개 변수 이름: index
[ ㅇㅇ 2023-05-08 월요일 17:56:47 001 ] VideoAnalysis_Page -> FilterSet 인덱스가 범위를 벗어났습니다. 인덱스는 음수가 아니어야 하며 컬렉션의 크기보다 작아야 합니다.
매개 변수 이름: index
[ ㅇㅇ 2023-05-08 월요일 17:56:47 208 ] VideoAnalysis_Page -> FilterSet 인덱스가 범위를 벗어났습니다. 인덱스는 음수가 아니어야 하며 컬렉션의 크기보다 작아야 합니다.
매개 변수 이름: index
[ ㅇㅇ 2023-05-08 월요일 17:56:47 391 ] VideoAnalysis_Page -> FilterSet 인덱스가 범위를 벗어났습니다. 인덱스는 음수가 아니어야 하며 컬렉션의 크기보다 작아야 합니다.
매개 변수 이름: index
[ ㅇㅇ 2023-05-08 월요일 17:56:47 526 ] VideoAnalysis_Page -> FilterSet 인덱스가 범위를 벗어났습니다. 인덱스는 음수가 아니어야 하며 컬렉션의 크기보다 작아야 합니다.
매개 변수 이름: index
[ ㅇㅇ 2023-05-08 월요일 17:56:47 714 ] VideoAnalysis_Page -> FilterSet 인덱스가 범위를 벗어났습니다. 인덱스는 음수가 아니어야 하며 컬렉션의 크기보다 작아야 합니다.
매개 변수 이름: index
[ ㅇㅇ 2023-05-08 월요일 17:56:47 944 ] VideoAnalysis_Page -> FilterSet 인덱스가 범위를 벗어났습니다. 인덱스는 음수가 아니어야 하며 컬렉션의 크기보다 작아야 합니다.
매개 변수 이름: index
[ ㅇㅇ 2023-05-08 월요일 17:56:48 119 ] VideoAnalysis_Page -> FilterSet 인덱스가 범위를 벗어났습니다. 인덱스는 음수가 아니어야 하며 컬렉션의 크기보다 작아야 합니다.
매개 변수 이름: index
[ ㅇㅇ 2023-05-08 월요일 17:56:48 286 ] VideoAnalysis_Page -> FilterSet 인덱스가 범위를 벗어났습니다. 인덱스는 음수가 아니어야 하며 컬렉션의 크기보다 작아야 합니다.
매개 변수 이름: index
[ ㅇㅇ 2023-05-08 월요일 17:56:48 461 ] VideoAnalysis_Page -> FilterSet 인덱스가 범위를 벗어났습니다. 인덱스는 음수가 아니어야 하며 컬렉션의 크기보다 작아야 합니다.
매개 변수 이름: index
[ ㅇㅇ 2023-05-08 월요일 17:56:48 593 ] VideoAnalysis_Page -> FilterSet 인덱스가 범위를 벗어났습니다. 인덱스는 음수가 아니어야 하며 컬렉션의 크기보다 작아야 합니다.
매개 변수 이름: index
[ ㅇㅇ 2023-05-08 월요일 17:56:48 914 ] VideoAnalysis_Page -> FilterSet 인덱스가 범위를 벗어났습니다. 인덱스는 음수가 아니어야 하며 컬렉션의 크기보다 작아야 합니다.
매개 변수 이름: index
[ ㅇㅇ 2023-05-08 월요일 17:56:49 072 ] VideoAnalysis_Page -> FilterSet 인덱스가 범위를 벗어났습니다. 인덱스는 음수가 아니어야 하며 컬렉션의 크기보다 작아야 합니다.
매개 변수 이름: index
[ ㅇㅇ 2023-05-08 월요일 17:56:49 294 ] VideoAnalysis_Page -> FilterSet 인덱스가 범위를 벗어났습니다. 인덱스는 음수가 아니어야 하며 컬렉션의 크기보다 작아야 합니다.
매개 변수 이름: index
[ ㅇㅇ 2023-05-08 월요일 17:56:49 421 ] VideoAnalysis_Page -> FilterSet 인덱스가 범위를 벗어났습니다. 인덱스는 음수가 아니어야 하며 컬렉션의 크기보다 작아야 합니다.
매개 변수 이름: index
[ ㅇㅇ 2023-05-08 월요일 17:56:49 624 ] VideoAnalysis_Page -> FilterSet 인덱스가 범위를 벗어났습니다. 인덱스는 음수가 아니어야 하며 컬렉션의 크기보다 작아야 합니다.
매개 변수 이름: index
[ ㅇㅇ 2023-05-08 월요일 17:56:49 853 ] VideoAnalysis_Page -> FilterSet 인덱스가 범위를 벗어났습니다. 인덱스는 음수가 아니어야 하며 컬렉션의 크기보다 작아야 합니다.
매개 변수 이름: index
[ ㅇㅇ 2023-05-08 월요일 17:56:49 962 ] VideoAnalysis_Page -> FilterSet 인덱스가 범위를 벗어났습니다. 인덱스는 음수가 아니어야 하며 컬렉션의 크기보다 작아야 합니다.
매개 변수 이름: index
[ ㅇㅇ 2023-05-08 월요일 17:56:50 159 ] VideoAnalysis_Page -> FilterSet 인덱스가 범위를 벗어났습니다. 인덱스는 음수가 아니어야 하며 컬렉션의 크기보다 작아야 합니다.
매개 변수 이름: index
[ ㅇㅇ 2023-05-08 월요일 17:56:50 278 ] VideoAnalysis_Page -> FilterSet 인덱스가 범위를 벗어났습니다. 인덱스는 음수가 아니어야 하며 컬렉션의 크기보다 작아야 합니다.
매개 변수 이름: index
[ ㅇㅇ 2023-05-08 월요일 17:56:50 492 ] VideoAnalysis_Page -> FilterSet 인덱스가 범위를 벗어났습니다. 인덱스는 음수가 아니어야 하며 컬렉션의 크기보다 작아야 합니다.
매개 변수 이름: index
[ ㅇㅇ 2023-05-08 월요일 17:56:50 618 ] VideoAnalysis_Page -> FilterSet 인덱스가 범위를 벗어났습니다. 인덱스는 음수가 아니어야 하며 컬렉션의 크기보다 작아야 합니다.
매개 변수 이름: index
[ ㅇㅇ 2023-05-08 월요일 17:56:50 839 ] VideoAnalysis_Page -> FilterSet 인덱스가 범위를 벗어났습니다. 인덱스는 음수가 아니어야 하며 컬렉션의 크기보다 작아야 합니다.
매개 변수 이름: index
[ ㅇㅇ 2023-05-08 월요일 17:56:50 964 ] VideoAnalysis_Page -> FilterSet 인덱스가 범위를 벗어났습니다. 인덱스는 음수가 아니어야 하며 컬렉션의 크기보다 작아야 합니다.
매개 변수 이름: index
[ ㅇㅇ 2023-05-08 월요일 17:56:51 200 ] VideoAnalysis_Page -> FilterSet 인덱스가 범위를 벗어났습니다. 인덱스는 음수가 아니어야 하며 컬렉션의 크기보다 작아야 합니다.
매개 변수 이름: index
[ ㅇㅇ 2023-05-08 월요일 17:56:51 328 ] VideoAnalysis_Page -> FilterSet 인덱스가 범위를 벗어났습니다. 인덱스는 음수가 아니어야 하며 컬렉션의 크기보다 작아야 합니다.
매개 변수 이름: index
[ ㅇㅇ 2023-05-08 월요일 17:56:51 506 ] VideoAnalysis_Page -> FilterSet 인덱스가 범위를 벗어났습니다. 인덱스는 음수가 아니어야 하며 컬렉션의 크기보다 작아야 합니다.
매개 변수 이름: index
[ ㅇㅇ 2023-05-08 월요일 17:56:51 683 ] VideoAnalysis_Page -> FilterSet 인덱스가 범위를 벗어났습니다. 인덱스는 음수가 아니어야 하며 컬렉션의 크기보다 작아야 합니다.
매개 변수 이름: index
[ ㅇㅇ 2023-05-08 월요일 17:56:51 850 ] VideoAnalysis_Page -> FilterSet 인덱스가 범위를 벗어났습니다. 인덱스는 음수가 아니어야 하며 컬렉션의 크기보다 작아야 합니다.
매개 변수 이름: index
[ ㅇㅇ 2023-05-08 월요일 17:56:52 010 ] VideoAnalysis_Page -> FilterSet 인덱스가 범위를 벗어났습니다. 인덱스는 음수가 아니어야 하며 컬렉션의 크기보다 작아야 합니다.
매개 변수 이름: index
[ ㅇㅇ 2023-05-08 월요일 17:56:52 174 ] VideoAnalysis_Page -> FilterSet 인덱스가 범위를 벗어났습니다. 인덱스는 음수가 아니어야 하며 컬렉션의 크기보다 작아야 합니다.
매개 변수 이름: index
[ ㅇㅇ 2023-05-08 월요일 17:56:52 388 ] VideoAnalysis_Page -> FilterSet 인덱스가 범위를 벗어났습니다. 인덱스는 음수가 아니어야 하며 컬렉션의 크기보다 작아야 합니다.
매개 변수 이름: index
[ ㅇㅇ 2023-05-08 월요일 17:56:52 591 ] VideoAnalysis_Page -> FilterSet 인덱스가 범위를 벗어났습니다. 인덱스는 음수가 아니어야 하며 컬렉션의 크기보다 작아야 합니다.
매개 변수 이름: index
[ ㅇㅇ 2023-05-08 월요일 17:56:52 717 ] VideoAnalysis_Page -> FilterSet 인덱스가 범위를 벗어났습니다. 인덱스는 음수가 아니어야 하며 컬렉션의 크기보다 작아야 합니다.
매개 변수 이름: index
[ ㅇㅇ 2023-05-08 월요일 17:56:52 904 ] VideoAnalysis_Page -> FilterSet 인덱스가 범위를 벗어났습니다. 인덱스는 음수가 아니어야 하며 컬렉션의 크기보다 작아야 합니다.
매개 변수 이름: index
[ ㅇㅇ 2023-05-08 월요일 17:56:53 084 ] VideoAnalysis_Page -> FilterSet 인덱스가 범위를 벗어났습니다. 인덱스는 음수가 아니어야 하며 컬렉션의 크기보다 작아야 합니다.
매개 변수 이름: index
[ ㅇㅇ 2023-05-08 월요일 17:56:53 249 ] VideoAnalysis_Page -> FilterSet 인덱스가 범위를 벗어났습니다. 인덱스는 음수가 아니어야 하며 컬렉션의 크기보다 작아야 합니다.
매개 변수 이름: index
[ ㅇㅇ 2023-05-08 월요일 17:56:53 436 ] VideoAnalysis_Page -> FilterSet 인덱스가 범위를 벗어났습니다. 인덱스는 음수가 아니어야 하며 컬렉션의 크기보다 작아야 합니다.
매개 변수 이름: index
[ ㅇㅇ 2023-05-08 월요일 17:56:53 602 ] VideoAnalysis_Page -> FilterSet 인덱스가 범위를 벗어났습니다. 인덱스는 음수가 아니어야 하며 컬렉션의 크기보다 작아야 합니다.
매개 변수 이름: index
[ ㅇㅇ 2023-05-08 월요일 17:56:53 820 ] VideoAnalysis_Page -> FilterSet 인덱스가 범위를 벗어났습니다. 인덱스는 음수가 아니어야 하며 컬렉션의 크기보다 작아야 합니다.
매개 변수 이름: index
[ ㅇㅇ 2023-05-08 월요일 17:56:54 023 ] VideoAnalysis_Page -> FilterSet 인덱스가 범위를 벗어났습니다. 인덱스는 음수가 아니어야 하며 컬렉션의 크기보다 작아야 합니다.
매개 변수 이름: index
[ ㅇㅇ 2023-05-08 월요일 17:56:54 137 ] VideoAnalysis_Page -> FilterSet 인덱스가 범위를 벗어났습니다. 인덱스는 음수가 아니어야 하며 컬렉션의 크기보다 작아야 합니다.
매개 변수 이름: index
[ ㅇㅇ 2023-05-08 월요일 17:56:54 348 ] VideoAnalysis_Page -> FilterSet 인덱스가 범위를 벗어났습니다. 인덱스는 음수가 아니어야 하며 컬렉션의 크기보다 작아야 합니다.
매개 변수 이름: index
[ ㅇㅇ 2023-05-08 월요일 17:56:54 563 ] VideoAnalysis_Page -> FilterSet 인덱스가 범위를 벗어났습니다. 인덱스는 음수가 아니어야 하며 컬렉션의 크기보다 작아야 합니다.
매개 변수 이름: index
[ ㅇㅇ 2023-05-08 월요일 17:56:54 685 ] VideoAnalysis_Page -> FilterSet 인덱스가 범위를 벗어났습니다. 인덱스는 음수가 아니어야 하며 컬렉션의 크기보다 작아야 합니다.
매개 변수 이름: index
[ ㅇㅇ 2023-05-08 월요일 17:56:54 857 ] VideoAnalysis_Page -> FilterSet 인덱스가 범위를 벗어났습니다. 인덱스는 음수가 아니어야 하며 컬렉션의 크기보다 작아야 합니다.
매개 변수 이름: index
[ ㅇㅇ 2023-05-08 월요일 17:56:55 079 ] VideoAnalysis_Page -> FilterSet 인덱스가 범위를 벗어났습니다. 인덱스는 음수가 아니어야 하며 컬렉션의 크기보다 작아야 합니다.
매개 변수 이름: index
[ ㅇㅇ 2023-05-08 월요일 17:56:55 248 ] VideoAnalysis_Page -> FilterSet 인덱스가 범위를 벗어났습니다. 인덱스는 음수가 아니어야 하며 컬렉션의 크기보다 작아야 합니다.
매개 변수 이름: index
[ ㅇㅇ 2023-05-08 월요일 17:56:55 433 ] VideoAnalysis_Page -> FilterSet 인덱스가 범위를 벗어났습니다. 인덱스는 음수가 아니어야 하며 컬렉션의 크기보다 작아야 합니다.
매개 변수 이름: index
[ ㅇㅇ 2023-05-08 월요일 17:56:55 550 ] VideoAnalysis_Page -> FilterSet 인덱스가 범위를 벗어났습니다. 인덱스는 음수가 아니어야 하며 컬렉션의 크기보다 작아야 합니다.
매개 변수 이름: index
[ ㅇㅇ 2023-05-08 월요일 17:56:55 718 ] VideoAnalysis_Page -> FilterSet 인덱스가 범위를 벗어났습니다. 인덱스는 음수가 아니어야 하며 컬렉션의 크기보다 작아야 합니다.
매개 변수 이름: index
[ ㅇㅇ 2023-05-08 월요일 17:56:55 902 ] VideoAnalysis_Page -> FilterSet 인덱스가 범위를 벗어났습니다. 인덱스는 음수가 아니어야 하며 컬렉션의 크기보다 작아야 합니다.
매개 변수 이름: index
[ ㅇㅇ 2023-05-08 월요일 17:56:56 123 ] VideoAnalysis_Page -> FilterSet 인덱스가 범위를 벗어났습니다. 인덱스는 음수가 아니어야 하며 컬렉션의 크기보다 작아야 합니다.
매개 변수 이름: index
[ ㅇㅇ 2023-05-08 월요일 17:56:56 277 ] VideoAnalysis_Page -> FilterSet 인덱스가 범위를 벗어났습니다. 인덱스는 음수가 아니어야 하며 컬렉션의 크기보다 작아야 합니다.
매개 변수 이름: index
[ ㅇㅇ 2023-05-08 월요일 17:56:56 391 ] VideoAnalysis_Page -> FilterSet 인덱스가 범위를 벗어났습니다. 인덱스는 음수가 아니어야 하며 컬렉션의 크기보다 작아야 합니다.
매개 변수 이름: index
[ ㅇㅇ 2023-05-08 월요일 17:56:56 589 ] VideoAnalysis_Page -> FilterSet 인덱스가 범위를 벗어났습니다. 인덱스는 음수가 아니어야 하며 컬렉션의 크기보다 작아야 합니다.
매개 변수 이름: index
[ ㅇㅇ 2023-05-08 월요일 17:56:56 701 ] VideoAnalysis_Page -> FilterSet 인덱스가 범위를 벗어났습니다. 인덱스는 음수가 아니어야 하며 컬렉션의 크기보다 작아야 합니다.
매개 변수 이름: index
[ ㅇㅇ 2023-05-08 월요일 17:56:56 915 ] VideoAnalysis_Page -> FilterSet 인덱스가 범위를 벗어났습니다. 인덱스는 음수가 아니어야 하며 컬렉션의 크기보다 작아야 합니다.
매개 변수 이름: index
[ ㅇㅇ 2023-05-08 월요일 17:56:57 087 ] VideoAnalysis_Page -> FilterSet 인덱스가 범위를 벗어났습니다. 인덱스는 음수가 아니어야 하며 컬렉션의 크기보다 작아야 합니다.
매개 변수 이름: index
[ ㅇㅇ 2023-05-08 월요일 17:56:57 199 ] VideoAnalysis_Page -> FilterSet 인덱스가 범위를 벗어났습니다. 인덱스는 음수가 아니어야 하며 컬렉션의 크기보다 작아야 합니다.
매개 변수 이름: index
[ ㅇㅇ 2023-05-08 월요일 17:56:57 393 ] VideoAnalysis_Page -> FilterSet 인덱스가 범위를 벗어났습니다. 인덱스는 음수가 아니어야 하며 컬렉션의 크기보다 작아야 합니다.
매개 변수 이름: index
[ ㅇㅇ 2023-05-08 월요일 17:56:57 621 ] VideoAnalysis_Page -> FilterSet 인덱스가 범위를 벗어났습니다. 인덱스는 음수가 아니어야 하며 컬렉션의 크기보다 작아야 합니다.
매개 변수 이름: index
[ ㅇㅇ 2023-05-08 월요일 17:56:57 742 ] VideoAnalysis_Page -> FilterSet 인덱스가 범위를 벗어났습니다. 인덱스는 음수가 아니어야 하며 컬렉션의 크기보다 작아야 합니다.
매개 변수 이름: index
[ ㅇㅇ 2023-05-08 월요일 17:56:57 928 ] VideoAnalysis_Page -> FilterSet 인덱스가 범위를 벗어났습니다. 인덱스는 음수가 아니어야 하며 컬렉션의 크기보다 작아야 합니다.
매개 변수 이름: index
[ ㅇㅇ 2023-05-08 월요일 17:56:58 141 ] VideoAnalysis_Page -> FilterSet 인덱스가 범위를 벗어났습니다. 인덱스는 음수가 아니어야 하며 컬렉션의 크기보다 작아야 합니다.
매개 변수 이름: index
[ ㅇㅇ 2023-05-08 월요일 17:56:58 313 ] VideoAnalysis_Page -> FilterSet 인덱스가 범위를 벗어났습니다. 인덱스는 음수가 아니어야 하며 컬렉션의 크기보다 작아야 합니다.
매개 변수 이름: index
[ ㅇㅇ 2023-05-08 월요일 17:56:58 490 ] VideoAnalysis_Page -> FilterSet 인덱스가 범위를 벗어났습니다. 인덱스는 음수가 아니어야 하며 컬렉션의 크기보다 작아야 합니다.
매개 변수 이름: index
[ ㅇㅇ 2023-05-08 월요일 17:56:58 654 ] VideoAnalysis_Page -> FilterSet 인덱스가 범위를 벗어났습니다. 인덱스는 음수가 아니어야 하며 컬렉션의 크기보다 작아야 합니다.
매개 변수 이름: index
[ ㅇㅇ 2023-05-08 월요일 17:56:58 763 ] VideoAnalysis_Page -> FilterSet 인덱스가 범위를 벗어났습니다. 인덱스는 음수가 아니어야 하며 컬렉션의 크기보다 작아야 합니다.
매개 변수 이름: index
[ ㅇㅇ 2023-05-08 월요일 17:56:58 929 ] VideoAnalysis_Page -> FilterSet 인덱스가 범위를 벗어났습니다. 인덱스는 음수가 아니어야 하며 컬렉션의 크기보다 작아야 합니다.
매개 변수 이름: index
[ ㅇㅇ 2023-05-08 월요일 17:56:59 154 ] VideoAnalysis_Page -> FilterSet 인덱스가 범위를 벗어났습니다. 인덱스는 음수가 아니어야 하며 컬렉션의 크기보다 작아야 합니다.
매개 변수 이름: index
[ ㅇㅇ 2023-05-08 월요일 17:56:59 340 ] VideoAnalysis_Page -> FilterSet 인덱스가 범위를 벗어났습니다. 인덱스는 음수가 아니어야 하며 컬렉션의 크기보다 작아야 합니다.
매개 변수 이름: index
[ ㅇㅇ 2023-05-08 월요일 17:56:59 488 ] VideoAnalysis_Page -> FilterSet 인덱스가 범위를 벗어났습니다. 인덱스는 음수가 아니어야 하며 컬렉션의 크기보다 작아야 합니다.
매개 변수 이름: index
[ ㅇㅇ 2023-05-08 월요일 17:56:59 724 ] VideoAnalysis_Page -> FilterSet 인덱스가 범위를 벗어났습니다. 인덱스는 음수가 아니어야 하며 컬렉션의 크기보다 작아야 합니다.
매개 변수 이름: index
[ ㅇㅇ 2023-05-08 월요일 17:56:59 858 ] VideoAnalysis_Page -> FilterSet 인덱스가 범위를 벗어났습니다. 인덱스는 음수가 아니어야 하며 컬렉션의 크기보다 작아야 합니다.
매개 변수 이름: index
[ ㅇㅇ 2023-05-08 월요일 17:57:00 029 ] VideoAnalysis_Page -> FilterSet 인덱스가 범위를 벗어났습니다. 인덱스는 음수가 아니어야 하며 컬렉션의 크기보다 작아야 합니다.
매개 변수 이름: index
[ ㅇㅇ 2023-05-08 월요일 17:57:00 207 ] VideoAnalysis_Page -> FilterSet 인덱스가 범위를 벗어났습니다. 인덱스는 음수가 아니어야 하며 컬렉션의 크기보다 작아야 합니다.
매개 변수 이름: index
[ ㅇㅇ 2023-05-08 월요일 17:57:00 372 ] VideoAnalysis_Page -> FilterSet 인덱스가 범위를 벗어났습니다. 인덱스는 음수가 아니어야 하며 컬렉션의 크기보다 작아야 합니다.
매개 변수 이름: index
[ ㅇㅇ 2023-05-08 월요일 17:57:00 584 ] VideoAnalysis_Page -> FilterSet 인덱스가 범위를 벗어났습니다. 인덱스는 음수가 아니어야 하며 컬렉션의 크기보다 작아야 합니다.
매개 변수 이름: index
[ ㅇㅇ 2023-05-08 월요일 17:57:00 743 ] VideoAnalysis_Page -> FilterSet 인덱스가 범위를 벗어났습니다. 인덱스는 음수가 아니어야 하며 컬렉션의 크기보다 작아야 합니다.
매개 변수 이름: index
[ ㅇㅇ 2023-05-08 월요일 17:57:00 887 ] VideoAnalysis_Page -> FilterSet 인덱스가 범위를 벗어났습니다. 인덱스는 음수가 아니어야 하며 컬렉션의 크기보다 작아야 합니다.
매개 변수 이름: index
[ ㅇㅇ 2023-05-08 월요일 17:57:01 008 ] VideoAnalysis_Page -> FilterSet 인덱스가 범위를 벗어났습니다. 인덱스는 음수가 아니어야 하며 컬렉션의 크기보다 작아야 합니다.
매개 변수 이름: index
[ ㅇㅇ 2023-05-08 월요일 17:57:01 174 ] VideoAnalysis_Page -> FilterSet 인덱스가 범위를 벗어났습니다. 인덱스는 음수가 아니어야 하며 컬렉션의 크기보다 작아야 합니다.
매개 변수 이름: index
[ ㅇㅇ 2023-05-08 월요일 17:57:01 435 ] VideoAnalysis_Page -> FilterSet 인덱스가 범위를 벗어났습니다. 인덱스는 음수가 아니어야 하며 컬렉션의 크기보다 작아야 합니다.
매개 변수 이름: index
[ ㅇㅇ 2023-05-08 월요일 17:57:01 629 ] VideoAnalysis_Page -> FilterSet 인덱스가 범위를 벗어났습니다. 인덱스는 음수가 아니어야 하며 컬렉션의 크기보다 작아야 합니다.
매개 변수 이름: index
[ ㅇㅇ 2023-05-08 월요일 17:57:01 805 ] VideoAnalysis_Page -> FilterSet 인덱스가 범위를 벗어났습니다. 인덱스는 음수가 아니어야 하며 컬렉션의 크기보다 작아야 합니다.
매개 변수 이름: index
[ ㅇㅇ 2023-05-08 월요일 17:57:01 934 ] VideoAnalysis_Page -> FilterSet 인덱스가 범위를 벗어났습니다. 인덱스는 음수가 아니어야 하며 컬렉션의 크기보다 작아야 합니다.
매개 변수 이름: index
[ ㅇㅇ 2023-05-08 월요일 17:57:02 100 ] VideoAnalysis_Page -> FilterSet 인덱스가 범위를 벗어났습니다. 인덱스는 음수가 아니어야 하며 컬렉션의 크기보다 작아야 합니다.
매개 변수 이름: index
[ ㅇㅇ 2023-05-08 월요일 17:57:02 311 ] VideoAnalysis_Page -> FilterSet 인덱스가 범위를 벗어났습니다. 인덱스는 음수가 아니어야 하며 컬렉션의 크기보다 작아야 합니다.
매개 변수 이름: index
[ ㅇㅇ 2023-05-08 월요일 17:57:02 472 ] VideoAnalysis_Page -> FilterSet 인덱스가 범위를 벗어났습니다. 인덱스는 음수가 아니어야 하며 컬렉션의 크기보다 작아야 합니다.
매개 변수 이름: index
[ ㅇㅇ 2023-05-08 월요일 17:57:02 619 ] VideoAnalysis_Page -> FilterSet 인덱스가 범위를 벗어났습니다. 인덱스는 음수가 아니어야 하며 컬렉션의 크기보다 작아야 합니다.
매개 변수 이름: index
[ ㅇㅇ 2023-05-08 월요일 17:57:02 781 ] VideoAnalysis_Page -> FilterSet 인덱스가 범위를 벗어났습니다. 인덱스는 음수가 아니어야 하며 컬렉션의 크기보다 작아야 합니다.
매개 변수 이름: index
[ ㅇㅇ 2023-05-08 월요일 17:57:02 892 ] VideoAnalysis_Page -> FilterSet 인덱스가 범위를 벗어났습니다. 인덱스는 음수가 아니어야 하며 컬렉션의 크기보다 작아야 합니다.
매개 변수 이름: index
[ ㅇㅇ 2023-05-08 월요일 17:57:03 063 ] VideoAnalysis_Page -> FilterSet 인덱스가 범위를 벗어났습니다. 인덱스는 음수가 아니어야 하며 컬렉션의 크기보다 작아야 합니다.
매개 변수 이름: index
[ ㅇㅇ 2023-05-08 월요일 17:57:03 237 ] VideoAnalysis_Page -> FilterSet 인덱스가 범위를 벗어났습니다. 인덱스는 음수가 아니어야 하며 컬렉션의 크기보다 작아야 합니다.
매개 변수 이름: index
[ ㅇㅇ 2023-05-08 월요일 17:57:03 532 ] VideoAnalysis_Page -> FilterSet 인덱스가 범위를 벗어났습니다. 인덱스는 음수가 아니어야 하며 컬렉션의 크기보다 작아야 합니다.
매개 변수 이름: index
[ ㅇㅇ 2023-05-08 월요일 17:57:03 681 ] VideoAnalysis_Page -> FilterSet 인덱스가 범위를 벗어났습니다. 인덱스는 음수가 아니어야 하며 컬렉션의 크기보다 작아야 합니다.
매개 변수 이름: index
[ ㅇㅇ 2023-05-08 월요일 17:57:03 921 ] VideoAnalysis_Page -> FilterSet 인덱스가 범위를 벗어났습니다. 인덱스는 음수가 아니어야 하며 컬렉션의 크기보다 작아야 합니다.
매개 변수 이름: index
[ ㅇㅇ 2023-05-08 월요일 17:57:04 124 ] VideoAnalysis_Page -> FilterSet 인덱스가 범위를 벗어났습니다. 인덱스는 음수가 아니어야 하며 컬렉션의 크기보다 작아야 합니다.
매개 변수 이름: index
[ ㅇㅇ 2023-05-08 월요일 17:57:04 261 ] VideoAnalysis_Page -> FilterSet 인덱스가 범위를 벗어났습니다. 인덱스는 음수가 아니어야 하며 컬렉션의 크기보다 작아야 합니다.
매개 변수 이름: index
[ ㅇㅇ 2023-05-08 월요일 17:57:04 484 ] VideoAnalysis_Page -> FilterSet 인덱스가 범위를 벗어났습니다. 인덱스는 음수가 아니어야 하며 컬렉션의 크기보다 작아야 합니다.
매개 변수 이름: index
[ ㅇㅇ 2023-05-08 월요일 17:57:04 630 ] VideoAnalysis_Page -> FilterSet 인덱스가 범위를 벗어났습니다. 인덱스는 음수가 아니어야 하며 컬렉션의 크기보다 작아야 합니다.
매개 변수 이름: index
[ ㅇㅇ 2023-05-08 월요일 17:57:04 792 ] VideoAnalysis_Page -> FilterSet 인덱스가 범위를 벗어났습니다. 인덱스는 음수가 아니어야 하며 컬렉션의 크기보다 작아야 합니다.
매개 변수 이름: index
[ ㅇㅇ 2023-05-08 월요일 17:57:05 017 ] VideoAnalysis_Page -> FilterSet 인덱스가 범위를 벗어났습니다. 인덱스는 음수가 아니어야 하며 컬렉션의 크기보다 작아야 합니다.
매개 변수 이름: index
[ ㅇㅇ 2023-05-08 월요일 17:57:05 172 ] VideoAnalysis_Page -> FilterSet 인덱스가 범위를 벗어났습니다. 인덱스는 음수가 아니어야 하며 컬렉션의 크기보다 작아야 합니다.
매개 변수 이름: index
[ ㅇㅇ 2023-05-08 월요일 17:57:05 294 ] VideoAnalysis_Page -> FilterSet 인덱스가 범위를 벗어났습니다. 인덱스는 음수가 아니어야 하며 컬렉션의 크기보다 작아야 합니다.
매개 변수 이름: index
[ ㅇㅇ 2023-05-08 월요일 17:57:05 504 ] VideoAnalysis_Page -> FilterSet 인덱스가 범위를 벗어났습니다. 인덱스는 음수가 아니어야 하며 컬렉션의 크기보다 작아야 합니다.
매개 변수 이름: index
[ ㅇㅇ 2023-05-08 월요일 17:57:05 630 ] VideoAnalysis_Page -> FilterSet 인덱스가 범위를 벗어났습니다. 인덱스는 음수가 아니어야 하며 컬렉션의 크기보다 작아야 합니다.
매개 변수 이름: index
[ ㅇㅇ 2023-05-08 월요일 17:57:05 811 ] VideoAnalysis_Page -> FilterSet 인덱스가 범위를 벗어났습니다. 인덱스는 음수가 아니어야 하며 컬렉션의 크기보다 작아야 합니다.
매개 변수 이름: index
[ ㅇㅇ 2023-05-08 월요일 17:57:06 031 ] VideoAnalysis_Page -> FilterSet 인덱스가 범위를 벗어났습니다. 인덱스는 음수가 아니어야 하며 컬렉션의 크기보다 작아야 합니다.
매개 변수 이름: index
[ ㅇㅇ 2023-05-08 월요일 17:57:06 198 ] VideoAnalysis_Page -> FilterSet 인덱스가 범위를 벗어났습니다. 인덱스는 음수가 아니어야 하며 컬렉션의 크기보다 작아야 합니다.
매개 변수 이름: index
[ ㅇㅇ 2023-05-08 월요일 17:57:06 331 ] VideoAnalysis_Page -> FilterSet 인덱스가 범위를 벗어났습니다. 인덱스는 음수가 아니어야 하며 컬렉션의 크기보다 작아야 합니다.
매개 변수 이름: index
[ ㅇㅇ 2023-05-08 월요일 17:57:06 575 ] VideoAnalysis_Page -> FilterSet 인덱스가 범위를 벗어났습니다. 인덱스는 음수가 아니어야 하며 컬렉션의 크기보다 작아야 합니다.
매개 변수 이름: index
[ ㅇㅇ 2023-05-08 월요일 17:57:06 754 ] VideoAnalysis_Page -> FilterSet 인덱스가 범위를 벗어났습니다. 인덱스는 음수가 아니어야 하며 컬렉션의 크기보다 작아야 합니다.
매개 변수 이름: index
[ ㅇㅇ 2023-05-08 월요일 17:57:06 922 ] VideoAnalysis_Page -> FilterSet 인덱스가 범위를 벗어났습니다. 인덱스는 음수가 아니어야 하며 컬렉션의 크기보다 작아야 합니다.
매개 변수 이름: index
[ ㅇㅇ 2023-05-08 월요일 17:57:07 035 ] VideoAnalysis_Page -> FilterSet 인덱스가 범위를 벗어났습니다. 인덱스는 음수가 아니어야 하며 컬렉션의 크기보다 작아야 합니다.
매개 변수 이름: index
[ ㅇㅇ 2023-05-08 월요일 17:57:07 236 ] VideoAnalysis_Page -> FilterSet 인덱스가 범위를 벗어났습니다. 인덱스는 음수가 아니어야 하며 컬렉션의 크기보다 작아야 합니다.
매개 변수 이름: index
[ ㅇㅇ 2023-05-08 월요일 17:57:07 360 ] VideoAnalysis_Page -> FilterSet 인덱스가 범위를 벗어났습니다. 인덱스는 음수가 아니어야 하며 컬렉션의 크기보다 작아야 합니다.
매개 변수 이름: index
[ ㅇㅇ 2023-05-08 월요일 17:57:07 595 ] VideoAnalysis_Page -> FilterSet 인덱스가 범위를 벗어났습니다. 인덱스는 음수가 아니어야 하며 컬렉션의 크기보다 작아야 합니다.
매개 변수 이름: index
[ ㅇㅇ 2023-05-08 월요일 17:57:07 762 ] VideoAnalysis_Page -> FilterSet 인덱스가 범위를 벗어났습니다. 인덱스는 음수가 아니어야 하며 컬렉션의 크기보다 작아야 합니다.
매개 변수 이름: index
[ ㅇㅇ 2023-05-08 월요일 17:57:07 932 ] VideoAnalysis_Page -> FilterSet 인덱스가 범위를 벗어났습니다. 인덱스는 음수가 아니어야 하며 컬렉션의 크기보다 작아야 합니다.
매개 변수 이름: index
[ ㅇㅇ 2023-05-08 월요일 17:57:08 110 ] VideoAnalysis_Page -> FilterSet 인덱스가 범위를 벗어났습니다. 인덱스는 음수가 아니어야 하며 컬렉션의 크기보다 작아야 합니다.
매개 변수 이름: index
[ ㅇㅇ 2023-05-08 월요일 17:57:08 293 ] VideoAnalysis_Page -> FilterSet 인덱스가 범위를 벗어났습니다. 인덱스는 음수가 아니어야 하며 컬렉션의 크기보다 작아야 합니다.
매개 변수 이름: index
[ ㅇㅇ 2023-05-08 월요일 17:57:08 467 ] VideoAnalysis_Page -> FilterSet 인덱스가 범위를 벗어났습니다. 인덱스는 음수가 아니어야 하며 컬렉션의 크기보다 작아야 합니다.
매개 변수 이름: index
[ ㅇㅇ 2023-05-08 월요일 17:57:08 855 ] VideoAnalysis_Page -> FilterSet 인덱스가 범위를 벗어났습니다. 인덱스는 음수가 아니어야 하며 컬렉션의 크기보다 작아야 합니다.
매개 변수 이름: index
[ ㅇㅇ 2023-05-08 월요일 17:57:08 992 ] VideoAnalysis_Page -> FilterSet 인덱스가 범위를 벗어났습니다. 인덱스는 음수가 아니어야 하며 컬렉션의 크기보다 작아야 합니다.
매개 변수 이름: index
[ ㅇㅇ 2023-05-08 월요일 17:57:09 207 ] VideoAnalysis_Page -> FilterSet 인덱스가 범위를 벗어났습니다. 인덱스는 음수가 아니어야 하며 컬렉션의 크기보다 작아야 합니다.
매개 변수 이름: index
[ ㅇㅇ 2023-05-08 월요일 17:57:09 403 ] VideoAnalysis_Page -> FilterSet 인덱스가 범위를 벗어났습니다. 인덱스는 음수가 아니어야 하며 컬렉션의 크기보다 작아야 합니다.
매개 변수 이름: index
[ ㅇㅇ 2023-05-08 월요일 17:57:09 612 ] VideoAnalysis_Page -> FilterSet 인덱스가 범위를 벗어났습니다. 인덱스는 음수가 아니어야 하며 컬렉션의 크기보다 작아야 합니다.
매개 변수 이름: index
[ ㅇㅇ 2023-05-08 월요일 17:57:09 785 ] VideoAnalysis_Page -> FilterSet 인덱스가 범위를 벗어났습니다. 인덱스는 음수가 아니어야 하며 컬렉션의 크기보다 작아야 합니다.
매개 변수 이름: index
[ ㅇㅇ 2023-05-08 월요일 17:57:10 103 ] VideoAnalysis_Page -> FilterSet 인덱스가 범위를 벗어났습니다. 인덱스는 음수가 아니어야 하며 컬렉션의 크기보다 작아야 합니다.
매개 변수 이름: index
[ ㅇㅇ 2023-05-08 월요일 17:57:10 245 ] VideoAnalysis_Page -> FilterSet 인덱스가 범위를 벗어났습니다. 인덱스는 음수가 아니어야 하며 컬렉션의 크기보다 작아야 합니다.
매개 변수 이름: index
[ ㅇㅇ 2023-05-08 월요일 17:57:10 447 ] VideoAnalysis_Page -> FilterSet 인덱스가 범위를 벗어났습니다. 인덱스는 음수가 아니어야 하며 컬렉션의 크기보다 작아야 합니다.
매개 변수 이름: index
[ ㅇㅇ 2023-05-08 월요일 17:57:10 662 ] VideoAnalysis_Page -> FilterSet 인덱스가 범위를 벗어났습니다. 인덱스는 음수가 아니어야 하며 컬렉션의 크기보다 작아야 합니다.
매개 변수 이름: index
[ ㅇㅇ 2023-05-08 월요일 17:57:10 843 ] VideoAnalysis_Page -> FilterSet 인덱스가 범위를 벗어났습니다. 인덱스는 음수가 아니어야 하며 컬렉션의 크기보다 작아야 합니다.
매개 변수 이름: index
[ ㅇㅇ 2023-05-08 월요일 17:57:11 010 ] VideoAnalysis_Page -> FilterSet 인덱스가 범위를 벗어났습니다. 인덱스는 음수가 아니어야 하며 컬렉션의 크기보다 작아야 합니다.
매개 변수 이름: index
[ ㅇㅇ 2023-05-08 월요일 17:57:11 208 ] VideoAnalysis_Page -> FilterSet 인덱스가 범위를 벗어났습니다. 인덱스는 음수가 아니어야 하며 컬렉션의 크기보다 작아야 합니다.
매개 변수 이름: index
[ ㅇㅇ 2023-05-08 월요일 17:57:11 403 ] VideoAnalysis_Page -> FilterSet 인덱스가 범위를 벗어났습니다. 인덱스는 음수가 아니어야 하며 컬렉션의 크기보다 작아야 합니다.
매개 변수 이름: index
[ ㅇㅇ 2023-05-08 월요일 17:57:11 563 ] VideoAnalysis_Page -> FilterSet 인덱스가 범위를 벗어났습니다. 인덱스는 음수가 아니어야 하며 컬렉션의 크기보다 작아야 합니다.
매개 변수 이름: index
[ ㅇㅇ 2023-05-08 월요일 17:57:11 678 ] VideoAnalysis_Page -> FilterSet 인덱스가 범위를 벗어났습니다. 인덱스는 음수가 아니어야 하며 컬렉션의 크기보다 작아야 합니다.
매개 변수 이름: index
[ ㅇㅇ 2023-05-08 월요일 17:57:11 886 ] VideoAnalysis_Page -> FilterSet 인덱스가 범위를 벗어났습니다. 인덱스는 음수가 아니어야 하며 컬렉션의 크기보다 작아야 합니다.
매개 변수 이름: index
[ ㅇㅇ 2023-05-08 월요일 17:57:12 060 ] VideoAnalysis_Page -> FilterSet 인덱스가 범위를 벗어났습니다. 인덱스는 음수가 아니어야 하며 컬렉션의 크기보다 작아야 합니다.
매개 변수 이름: index
[ ㅇㅇ 2023-05-08 월요일 17:57:12 225 ] VideoAnalysis_Page -> FilterSet 인덱스가 범위를 벗어났습니다. 인덱스는 음수가 아니어야 하며 컬렉션의 크기보다 작아야 합니다.
매개 변수 이름: index
[ ㅇㅇ 2023-05-08 월요일 17:57:12 381 ] VideoAnalysis_Page -> FilterSet 인덱스가 범위를 벗어났습니다. 인덱스는 음수가 아니어야 하며 컬렉션의 크기보다 작아야 합니다.
매개 변수 이름: index
[ ㅇㅇ 2023-05-08 월요일 17:57:12 567 ] VideoAnalysis_Page -> FilterSet 인덱스가 범위를 벗어났습니다. 인덱스는 음수가 아니어야 하며 컬렉션의 크기보다 작아야 합니다.
매개 변수 이름: index
[ ㅇㅇ 2023-05-08 월요일 17:57:12 808 ] VideoAnalysis_Page -> FilterSet 인덱스가 범위를 벗어났습니다. 인덱스는 음수가 아니어야 하며 컬렉션의 크기보다 작아야 합니다.
매개 변수 이름: index
[ ㅇㅇ 2023-05-08 월요일 17:57:12 923 ] VideoAnalysis_Page -> FilterSet 인덱스가 범위를 벗어났습니다. 인덱스는 음수가 아니어야 하며 컬렉션의 크기보다 작아야 합니다.
매개 변수 이름: index
[ ㅇㅇ 2023-05-08 월요일 17:57:13 084 ] VideoAnalysis_Page -> FilterSet 인덱스가 범위를 벗어났습니다. 인덱스는 음수가 아니어야 하며 컬렉션의 크기보다 작아야 합니다.
매개 변수 이름: index
[ ㅇㅇ 2023-05-08 월요일 17:57:13 347 ] VideoAnalysis_Page -> FilterSet 인덱스가 범위를 벗어났습니다. 인덱스는 음수가 아니어야 하며 컬렉션의 크기보다 작아야 합니다.
매개 변수 이름: index
[ ㅇㅇ 2023-05-08 월요일 17:57:13 510 ] VideoAnalysis_Page -> FilterSet 인덱스가 범위를 벗어났습니다. 인덱스는 음수가 아니어야 하며 컬렉션의 크기보다 작아야 합니다.
매개 변수 이름: index
[ ㅇㅇ 2023-05-08 월요일 17:57:13 673 ] VideoAnalysis_Page -> FilterSet 인덱스가 범위를 벗어났습니다. 인덱스는 음수가 아니어야 하며 컬렉션의 크기보다 작아야 합니다.
매개 변수 이름: index
[ ㅇㅇ 2023-05-08 월요일 17:57:13 794 ] VideoAnalysis_Page -> FilterSet 인덱스가 범위를 벗어났습니다. 인덱스는 음수가 아니어야 하며 컬렉션의 크기보다 작아야 합니다.
매개 변수 이름: index
[ ㅇㅇ 2023-05-08 월요일 17:57:14 021 ] VideoAnalysis_Page -> FilterSet 인덱스가 범위를 벗어났습니다. 인덱스는 음수가 아니어야 하며 컬렉션의 크기보다 작아야 합니다.
매개 변수 이름: index
[ ㅇㅇ 2023-05-08 월요일 17:57:14 146 ] VideoAnalysis_Page -> FilterSet 인덱스가 범위를 벗어났습니다. 인덱스는 음수가 아니어야 하며 컬렉션의 크기보다 작아야 합니다.
매개 변수 이름: index
[ ㅇㅇ 2023-05-08 월요일 17:57:14 357 ] VideoAnalysis_Page -> FilterSet 인덱스가 범위를 벗어났습니다. 인덱스는 음수가 아니어야 하며 컬렉션의 크기보다 작아야 합니다.
매개 변수 이름: index
[ ㅇㅇ 2023-05-08 월요일 17:57:14 599 ] VideoAnalysis_Page -> FilterSet 인덱스가 범위를 벗어났습니다. 인덱스는 음수가 아니어야 하며 컬렉션의 크기보다 작아야 합니다.
매개 변수 이름: index
[ ㅇㅇ 2023-05-08 월요일 17:57:14 766 ] VideoAnalysis_Page -> FilterSet 인덱스가 범위를 벗어났습니다. 인덱스는 음수가 아니어야 하며 컬렉션의 크기보다 작아야 합니다.
매개 변수 이름: index
[ ㅇㅇ 2023-05-08 월요일 17:57:14 883 ] VideoAnalysis_Page -> FilterSet 인덱스가 범위를 벗어났습니다. 인덱스는 음수가 아니어야 하며 컬렉션의 크기보다 작아야 합니다.
매개 변수 이름: index
[ ㅇㅇ 2023-05-08 월요일 17:57:15 062 ] VideoAnalysis_Page -> FilterSet 인덱스가 범위를 벗어났습니다. 인덱스는 음수가 아니어야 하며 컬렉션의 크기보다 작아야 합니다.
매개 변수 이름: index
[ ㅇㅇ 2023-05-08 월요일 17:57:15 239 ] VideoAnalysis_Page -> FilterSet 인덱스가 범위를 벗어났습니다. 인덱스는 음수가 아니어야 하며 컬렉션의 크기보다 작아야 합니다.
매개 변수 이름: index
[ ㅇㅇ 2023-05-08 월요일 17:57:15 500 ] VideoAnalysis_Page -> FilterSet 인덱스가 범위를 벗어났습니다. 인덱스는 음수가 아니어야 하며 컬렉션의 크기보다 작아야 합니다.
매개 변수 이름: index
[ ㅇㅇ 2023-05-08 월요일 17:57:15 610 ] VideoAnalysis_Page -> FilterSet 인덱스가 범위를 벗어났습니다. 인덱스는 음수가 아니어야 하며 컬렉션의 크기보다 작아야 합니다.
매개 변수 이름: index
[ ㅇㅇ 2023-05-08 월요일 17:57:15 776 ] VideoAnalysis_Page -> FilterSet 인덱스가 범위를 벗어났습니다. 인덱스는 음수가 아니어야 하며 컬렉션의 크기보다 작아야 합니다.
매개 변수 이름: index
[ ㅇㅇ 2023-05-08 월요일 17:57:15 995 ] VideoAnalysis_Page -> FilterSet 인덱스가 범위를 벗어났습니다. 인덱스는 음수가 아니어야 하며 컬렉션의 크기보다 작아야 합니다.
매개 변수 이름: index
[ ㅇㅇ 2023-05-08 월요일 17:57:16 187 ] VideoAnalysis_Page -> FilterSet 인덱스가 범위를 벗어났습니다. 인덱스는 음수가 아니어야 하며 컬렉션의 크기보다 작아야 합니다.
매개 변수 이름: index
[ ㅇㅇ 2023-05-08 월요일 17:57:16 314 ] VideoAnalysis_Page -> FilterSet 인덱스가 범위를 벗어났습니다. 인덱스는 음수가 아니어야 하며 컬렉션의 크기보다 작아야 합니다.
매개 변수 이름: index
[ ㅇㅇ 2023-05-08 월요일 17:57:16 547 ] VideoAnalysis_Page -> FilterSet 인덱스가 범위를 벗어났습니다. 인덱스는 음수가 아니어야 하며 컬렉션의 크기보다 작아야 합니다.
매개 변수 이름: index
[ ㅇㅇ 2023-05-08 월요일 17:57:16 726 ] VideoAnalysis_Page -> FilterSet 인덱스가 범위를 벗어났습니다. 인덱스는 음수가 아니어야 하며 컬렉션의 크기보다 작아야 합니다.
매개 변수 이름: index
[ ㅇㅇ 2023-05-08 월요일 17:57:16 908 ] VideoAnalysis_Page -> FilterSet 인덱스가 범위를 벗어났습니다. 인덱스는 음수가 아니어야 하며 컬렉션의 크기보다 작아야 합니다.
매개 변수 이름: index
[ ㅇㅇ 2023-05-08 월요일 17:57:17 066 ] VideoAnalysis_Page -> FilterSet 인덱스가 범위를 벗어났습니다. 인덱스는 음수가 아니어야 하며 컬렉션의 크기보다 작아야 합니다.
매개 변수 이름: index
[ ㅇㅇ 2023-05-08 월요일 17:57:17 226 ] VideoAnalysis_Page -> FilterSet 인덱스가 범위를 벗어났습니다. 인덱스는 음수가 아니어야 하며 컬렉션의 크기보다 작아야 합니다.
매개 변수 이름: index
[ ㅇㅇ 2023-05-08 월요일 17:57:17 425 ] VideoAnalysis_Page -> FilterSet 인덱스가 범위를 벗어났습니다. 인덱스는 음수가 아니어야 하며 컬렉션의 크기보다 작아야 합니다.
매개 변수 이름: index
[ ㅇㅇ 2023-05-08 월요일 17:57:17 652 ] VideoAnalysis_Page -> FilterSet 인덱스가 범위를 벗어났습니다. 인덱스는 음수가 아니어야 하며 컬렉션의 크기보다 작아야 합니다.
매개 변수 이름: index
[ ㅇㅇ 2023-05-08 월요일 17:57:17 812 ] VideoAnalysis_Page -> FilterSet 인덱스가 범위를 벗어났습니다. 인덱스는 음수가 아니어야 하며 컬렉션의 크기보다 작아야 합니다.
매개 변수 이름: index
[ ㅇㅇ 2023-05-08 월요일 17:57:17 972 ] VideoAnalysis_Page -> FilterSet 인덱스가 범위를 벗어났습니다. 인덱스는 음수가 아니어야 하며 컬렉션의 크기보다 작아야 합니다.
매개 변수 이름: index
[ ㅇㅇ 2023-05-08 월요일 17:57:18 098 ] VideoAnalysis_Page -> FilterSet 인덱스가 범위를 벗어났습니다. 인덱스는 음수가 아니어야 하며 컬렉션의 크기보다 작아야 합니다.
매개 변수 이름: index
[ ㅇㅇ 2023-05-08 월요일 17:57:18 329 ] VideoAnalysis_Page -> FilterSet 인덱스가 범위를 벗어났습니다. 인덱스는 음수가 아니어야 하며 컬렉션의 크기보다 작아야 합니다.
매개 변수 이름: index
[ ㅇㅇ 2023-05-08 월요일 17:57:18 445 ] VideoAnalysis_Page -> FilterSet 인덱스가 범위를 벗어났습니다. 인덱스는 음수가 아니어야 하며 컬렉션의 크기보다 작아야 합니다.
매개 변수 이름: index
[ ㅇㅇ 2023-05-08 월요일 17:57:18 708 ] VideoAnalysis_Page -> FilterSet 인덱스가 범위를 벗어났습니다. 인덱스는 음수가 아니어야 하며 컬렉션의 크기보다 작아야 합니다.
매개 변수 이름: index
[ ㅇㅇ 2023-05-08 월요일 17:57:18 827 ] VideoAnalysis_Page -> FilterSet 인덱스가 범위를 벗어났습니다. 인덱스는 음수가 아니어야 하며 컬렉션의 크기보다 작아야 합니다.
매개 변수 이름: index
[ ㅇㅇ 2023-05-08 월요일 17:57:19 024 ] VideoAnalysis_Page -> FilterSet 인덱스가 범위를 벗어났습니다. 인덱스는 음수가 아니어야 하며 컬렉션의 크기보다 작아야 합니다.
매개 변수 이름: index
[ ㅇㅇ 2023-05-08 월요일 17:57:19 186 ] VideoAnalysis_Page -> FilterSet 인덱스가 범위를 벗어났습니다. 인덱스는 음수가 아니어야 하며 컬렉션의 크기보다 작아야 합니다.
매개 변수 이름: index
[ ㅇㅇ 2023-05-08 월요일 17:57:19 401 ] VideoAnalysis_Page -> FilterSet 인덱스가 범위를 벗어났습니다. 인덱스는 음수가 아니어야 하며 컬렉션의 크기보다 작아야 합니다.
매개 변수 이름: index
[ ㅇㅇ 2023-05-08 월요일 17:57:19 515 ] VideoAnalysis_Page -> FilterSet 인덱스가 범위를 벗어났습니다. 인덱스는 음수가 아니어야 하며 컬렉션의 크기보다 작아야 합니다.
매개 변수 이름: index
[ ㅇㅇ 2023-05-08 월요일 17:57:19 781 ] VideoAnalysis_Page -> FilterSet 인덱스가 범위를 벗어났습니다. 인덱스는 음수가 아니어야 하며 컬렉션의 크기보다 작아야 합니다.
매개 변수 이름: index
[ ㅇㅇ 2023-05-08 월요일 17:57:19 965 ] VideoAnalysis_Page -> FilterSet 인덱스가 범위를 벗어났습니다. 인덱스는 음수가 아니어야 하며 컬렉션의 크기보다 작아야 합니다.
매개 변수 이름: index
[ ㅇㅇ 2023-05-08 월요일 17:57:20 137 ] VideoAnalysis_Page -> FilterSet 인덱스가 범위를 벗어났습니다. 인덱스는 음수가 아니어야 하며 컬렉션의 크기보다 작아야 합니다.
매개 변수 이름: index
[ ㅇㅇ 2023-05-08 월요일 17:57:20 329 ] VideoAnalysis_Page -> FilterSet 인덱스가 범위를 벗어났습니다. 인덱스는 음수가 아니어야 하며 컬렉션의 크기보다 작아야 합니다.
매개 변수 이름: index
[ ㅇㅇ 2023-05-08 월요일 17:57:20 518 ] VideoAnalysis_Page -> FilterSet 인덱스가 범위를 벗어났습니다. 인덱스는 음수가 아니어야 하며 컬렉션의 크기보다 작아야 합니다.
매개 변수 이름: index
[ ㅇㅇ 2023-05-08 월요일 17:57:20 632 ] VideoAnalysis_Page -> FilterSet 인덱스가 범위를 벗어났습니다. 인덱스는 음수가 아니어야 하며 컬렉션의 크기보다 작아야 합니다.
매개 변수 이름: index
[ ㅇㅇ 2023-05-08 월요일 17:57:20 853 ] VideoAnalysis_Page -> FilterSet 인덱스가 범위를 벗어났습니다. 인덱스는 음수가 아니어야 하며 컬렉션의 크기보다 작아야 합니다.
매개 변수 이름: index
[ ㅇㅇ 2023-05-08 월요일 17:57:20 964 ] VideoAnalysis_Page -> FilterSet 인덱스가 범위를 벗어났습니다. 인덱스는 음수가 아니어야 하며 컬렉션의 크기보다 작아야 합니다.
매개 변수 이름: index
[ ㅇㅇ 2023-05-08 월요일 17:57:21 168 ] VideoAnalysis_Page -> FilterSet 인덱스가 범위를 벗어났습니다. 인덱스는 음수가 아니어야 하며 컬렉션의 크기보다 작아야 합니다.
매개 변수 이름: index
[ ㅇㅇ 2023-05-08 월요일 17:57:21 397 ] VideoAnalysis_Page -> FilterSet 인덱스가 범위를 벗어났습니다. 인덱스는 음수가 아니어야 하며 컬렉션의 크기보다 작아야 합니다.
매개 변수 이름: index
[ ㅇㅇ 2023-05-08 월요일 17:57:21 513 ] VideoAnalysis_Page -> FilterSet 인덱스가 범위를 벗어났습니다. 인덱스는 음수가 아니어야 하며 컬렉션의 크기보다 작아야 합니다.
매개 변수 이름: index
[ ㅇㅇ 2023-05-08 월요일 17:57:21 693 ] VideoAnalysis_Page -> FilterSet 인덱스가 범위를 벗어났습니다. 인덱스는 음수가 아니어야 하며 컬렉션의 크기보다 작아야 합니다.
매개 변수 이름: index
[ ㅇㅇ 2023-05-08 월요일 17:57:21 951 ] VideoAnalysis_Page -> FilterSet 인덱스가 범위를 벗어났습니다. 인덱스는 음수가 아니어야 하며 컬렉션의 크기보다 작아야 합니다.
매개 변수 이름: index
[ ㅇㅇ 2023-05-08 월요일 17:57:22 114 ] VideoAnalysis_Page -> FilterSet 인덱스가 범위를 벗어났습니다. 인덱스는 음수가 아니어야 하며 컬렉션의 크기보다 작아야 합니다.
매개 변수 이름: index
[ ㅇㅇ 2023-05-08 월요일 17:57:22 302 ] VideoAnalysis_Page -> FilterSet 인덱스가 범위를 벗어났습니다. 인덱스는 음수가 아니어야 하며 컬렉션의 크기보다 작아야 합니다.
매개 변수 이름: index
[ ㅇㅇ 2023-05-08 월요일 17:57:22 490 ] VideoAnalysis_Page -> FilterSet 인덱스가 범위를 벗어났습니다. 인덱스는 음수가 아니어야 하며 컬렉션의 크기보다 작아야 합니다.
매개 변수 이름: index
[ ㅇㅇ 2023-05-08 월요일 17:57:22 663 ] VideoAnalysis_Page -> FilterSet 인덱스가 범위를 벗어났습니다. 인덱스는 음수가 아니어야 하며 컬렉션의 크기보다 작아야 합니다.
매개 변수 이름: index
[ ㅇㅇ 2023-05-08 월요일 17:57:22 824 ] VideoAnalysis_Page -> FilterSet 인덱스가 범위를 벗어났습니다. 인덱스는 음수가 아니어야 하며 컬렉션의 크기보다 작아야 합니다.
매개 변수 이름: index
[ ㅇㅇ 2023-05-08 월요일 17:57:22 987 ] VideoAnalysis_Page -> FilterSet 인덱스가 범위를 벗어났습니다. 인덱스는 음수가 아니어야 하며 컬렉션의 크기보다 작아야 합니다.
매개 변수 이름: index
[ ㅇㅇ 2023-05-08 월요일 17:57:23 148 ] VideoAnalysis_Page -> FilterSet 인덱스가 범위를 벗어났습니다. 인덱스는 음수가 아니어야 하며 컬렉션의 크기보다 작아야 합니다.
매개 변수 이름: index
[ ㅇㅇ 2023-05-08 월요일 17:57:23 329 ] VideoAnalysis_Page -> FilterSet 인덱스가 범위를 벗어났습니다. 인덱스는 음수가 아니어야 하며 컬렉션의 크기보다 작아야 합니다.
매개 변수 이름: index
[ ㅇㅇ 2023-05-08 월요일 17:57:23 523 ] VideoAnalysis_Page -> FilterSet 인덱스가 범위를 벗어났습니다. 인덱스는 음수가 아니어야 하며 컬렉션의 크기보다 작아야 합니다.
매개 변수 이름: index
[ ㅇㅇ 2023-05-08 월요일 17:57:23 654 ] VideoAnalysis_Page -> FilterSet 인덱스가 범위를 벗어났습니다. 인덱스는 음수가 아니어야 하며 컬렉션의 크기보다 작아야 합니다.
매개 변수 이름: index
[ ㅇㅇ 2023-05-08 월요일 17:57:23 896 ] VideoAnalysis_Page -> FilterSet 인덱스가 범위를 벗어났습니다. 인덱스는 음수가 아니어야 하며 컬렉션의 크기보다 작아야 합니다.
매개 변수 이름: index
[ ㅇㅇ 2023-05-08 월요일 17:57:24 068 ] VideoAnalysis_Page -> FilterSet 인덱스가 범위를 벗어났습니다. 인덱스는 음수가 아니어야 하며 컬렉션의 크기보다 작아야 합니다.
매개 변수 이름: index
[ ㅇㅇ 2023-05-08 월요일 17:57:24 191 ] VideoAnalysis_Page -> FilterSet 인덱스가 범위를 벗어났습니다. 인덱스는 음수가 아니어야 하며 컬렉션의 크기보다 작아야 합니다.
매개 변수 이름: index
[ ㅇㅇ 2023-05-08 월요일 17:57:24 380 ] VideoAnalysis_Page -> FilterSet 인덱스가 범위를 벗어났습니다. 인덱스는 음수가 아니어야 하며 컬렉션의 크기보다 작아야 합니다.
매개 변수 이름: index
[ ㅇㅇ 2023-05-08 월요일 17:57:24 613 ] VideoAnalysis_Page -> FilterSet 인덱스가 범위를 벗어났습니다. 인덱스는 음수가 아니어야 하며 컬렉션의 크기보다 작아야 합니다.
매개 변수 이름: index
[ ㅇㅇ 2023-05-08 월요일 17:57:24 737 ] VideoAnalysis_Page -> FilterSet 인덱스가 범위를 벗어났습니다. 인덱스는 음수가 아니어야 하며 컬렉션의 크기보다 작아야 합니다.
매개 변수 이름: index
[ ㅇㅇ 2023-05-08 월요일 17:57:24 916 ] VideoAnalysis_Page -> FilterSet 인덱스가 범위를 벗어났습니다. 인덱스는 음수가 아니어야 하며 컬렉션의 크기보다 작아야 합니다.
매개 변수 이름: index
[ ㅇㅇ 2023-05-08 월요일 17:57:25 141 ] VideoAnalysis_Page -> FilterSet 인덱스가 범위를 벗어났습니다. 인덱스는 음수가 아니어야 하며 컬렉션의 크기보다 작아야 합니다.
매개 변수 이름: index
[ ㅇㅇ 2023-05-08 월요일 17:57:25 320 ] VideoAnalysis_Page -> FilterSet 인덱스가 범위를 벗어났습니다. 인덱스는 음수가 아니어야 하며 컬렉션의 크기보다 작아야 합니다.
매개 변수 이름: index
[ ㅇㅇ 2023-05-08 월요일 17:57:25 444 ] VideoAnalysis_Page -> FilterSet 인덱스가 범위를 벗어났습니다. 인덱스는 음수가 아니어야 하며 컬렉션의 크기보다 작아야 합니다.
매개 변수 이름: index
[ ㅇㅇ 2023-05-08 월요일 17:57:25 635 ] VideoAnalysis_Page -> FilterSet 인덱스가 범위를 벗어났습니다. 인덱스는 음수가 아니어야 하며 컬렉션의 크기보다 작아야 합니다.
매개 변수 이름: index
[ ㅇㅇ 2023-05-08 월요일 17:57:25 847 ] VideoAnalysis_Page -> FilterSet 인덱스가 범위를 벗어났습니다. 인덱스는 음수가 아니어야 하며 컬렉션의 크기보다 작아야 합니다.
매개 변수 이름: index
[ ㅇㅇ 2023-05-08 월요일 17:57:25 974 ] VideoAnalysis_Page -> FilterSet 인덱스가 범위를 벗어났습니다. 인덱스는 음수가 아니어야 하며 컬렉션의 크기보다 작아야 합니다.
매개 변수 이름: index
[ ㅇㅇ 2023-05-08 월요일 17:57:26 194 ] VideoAnalysis_Page -> FilterSet 인덱스가 범위를 벗어났습니다. 인덱스는 음수가 아니어야 하며 컬렉션의 크기보다 작아야 합니다.
매개 변수 이름: index
[ ㅇㅇ 2023-05-08 월요일 17:57:26 362 ] VideoAnalysis_Page -> FilterSet 인덱스가 범위를 벗어났습니다. 인덱스는 음수가 아니어야 하며 컬렉션의 크기보다 작아야 합니다.
매개 변수 이름: index
[ ㅇㅇ 2023-05-08 월요일 17:57:26 534 ] VideoAnalysis_Page -> FilterSet 인덱스가 범위를 벗어났습니다. 인덱스는 음수가 아니어야 하며 컬렉션의 크기보다 작아야 합니다.
매개 변수 이름: index
[ ㅇㅇ 2023-05-08 월요일 17:57:26 649 ] VideoAnalysis_Page -> FilterSet 인덱스가 범위를 벗어났습니다. 인덱스는 음수가 아니어야 하며 컬렉션의 크기보다 작아야 합니다.
매개 변수 이름: index
[ ㅇㅇ 2023-05-08 월요일 17:57:26 862 ] VideoAnalysis_Page -> FilterSet 인덱스가 범위를 벗어났습니다. 인덱스는 음수가 아니어야 하며 컬렉션의 크기보다 작아야 합니다.
매개 변수 이름: index
[ ㅇㅇ 2023-05-08 월요일 17:57:27 006 ] VideoAnalysis_Page -> FilterSet 인덱스가 범위를 벗어났습니다. 인덱스는 음수가 아니어야 하며 컬렉션의 크기보다 작아야 합니다.
매개 변수 이름: index
[ ㅇㅇ 2023-05-08 월요일 17:57:27 259 ] VideoAnalysis_Page -> FilterSet 인덱스가 범위를 벗어났습니다. 인덱스는 음수가 아니어야 하며 컬렉션의 크기보다 작아야 합니다.
매개 변수 이름: index
[ ㅇㅇ 2023-05-08 월요일 17:57:27 385 ] VideoAnalysis_Page -> FilterSet 인덱스가 범위를 벗어났습니다. 인덱스는 음수가 아니어야 하며 컬렉션의 크기보다 작아야 합니다.
매개 변수 이름: index
[ ㅇㅇ 2023-05-08 월요일 17:57:27 628 ] VideoAnalysis_Page -> FilterSet 인덱스가 범위를 벗어났습니다. 인덱스는 음수가 아니어야 하며 컬렉션의 크기보다 작아야 합니다.
매개 변수 이름: index
[ ㅇㅇ 2023-05-08 월요일 17:57:27 747 ] VideoAnalysis_Page -> FilterSet 인덱스가 범위를 벗어났습니다. 인덱스는 음수가 아니어야 하며 컬렉션의 크기보다 작아야 합니다.
매개 변수 이름: index
[ ㅇㅇ 2023-05-08 월요일 17:57:27 957 ] VideoAnalysis_Page -> FilterSet 인덱스가 범위를 벗어났습니다. 인덱스는 음수가 아니어야 하며 컬렉션의 크기보다 작아야 합니다.
매개 변수 이름: index
[ ㅇㅇ 2023-05-08 월요일 17:57:28 064 ] VideoAnalysis_Page -> FilterSet 인덱스가 범위를 벗어났습니다. 인덱스는 음수가 아니어야 하며 컬렉션의 크기보다 작아야 합니다.
매개 변수 이름: index
[ ㅇㅇ 2023-05-08 월요일 17:57:28 284 ] VideoAnalysis_Page -> FilterSet 인덱스가 범위를 벗어났습니다. 인덱스는 음수가 아니어야 하며 컬렉션의 크기보다 작아야 합니다.
매개 변수 이름: index
[ ㅇㅇ 2023-05-08 월요일 17:57:28 424 ] VideoAnalysis_Page -> FilterSet 인덱스가 범위를 벗어났습니다. 인덱스는 음수가 아니어야 하며 컬렉션의 크기보다 작아야 합니다.
매개 변수 이름: index
[ ㅇㅇ 2023-05-08 월요일 17:57:28 673 ] VideoAnalysis_Page -> FilterSet 인덱스가 범위를 벗어났습니다. 인덱스는 음수가 아니어야 하며 컬렉션의 크기보다 작아야 합니다.
매개 변수 이름: index
[ ㅇㅇ 2023-05-08 월요일 17:57:28 837 ] VideoAnalysis_Page -> FilterSet 인덱스가 범위를 벗어났습니다. 인덱스는 음수가 아니어야 하며 컬렉션의 크기보다 작아야 합니다.
매개 변수 이름: index
[ ㅇㅇ 2023-05-08 월요일 17:57:28 947 ] VideoAnalysis_Page -> FilterSet 인덱스가 범위를 벗어났습니다. 인덱스는 음수가 아니어야 하며 컬렉션의 크기보다 작아야 합니다.
매개 변수 이름: index
[ ㅇㅇ 2023-05-08 월요일 17:57:29 125 ] VideoAnalysis_Page -> FilterSet 인덱스가 범위를 벗어났습니다. 인덱스는 음수가 아니어야 하며 컬렉션의 크기보다 작아야 합니다.
매개 변수 이름: index
[ ㅇㅇ 2023-05-08 월요일 17:57:29 390 ] VideoAnalysis_Page -> FilterSet 인덱스가 범위를 벗어났습니다. 인덱스는 음수가 아니어야 하며 컬렉션의 크기보다 작아야 합니다.
매개 변수 이름: index
[ ㅇㅇ 2023-05-08 월요일 17:57:29 518 ] VideoAnalysis_Page -> FilterSet 인덱스가 범위를 벗어났습니다. 인덱스는 음수가 아니어야 하며 컬렉션의 크기보다 작아야 합니다.
매개 변수 이름: index
[ ㅇㅇ 2023-05-08 월요일 17:57:29 711 ] VideoAnalysis_Page -> FilterSet 인덱스가 범위를 벗어났습니다. 인덱스는 음수가 아니어야 하며 컬렉션의 크기보다 작아야 합니다.
매개 변수 이름: index
[ ㅇㅇ 2023-05-08 월요일 17:57:29 883 ] VideoAnalysis_Page -> FilterSet 인덱스가 범위를 벗어났습니다. 인덱스는 음수가 아니어야 하며 컬렉션의 크기보다 작아야 합니다.
매개 변수 이름: index
[ ㅇㅇ 2023-05-08 월요일 17:57:30 099 ] VideoAnalysis_Page -> FilterSet 인덱스가 범위를 벗어났습니다. 인덱스는 음수가 아니어야 하며 컬렉션의 크기보다 작아야 합니다.
매개 변수 이름: index
[ ㅇㅇ 2023-05-08 월요일 17:57:30 217 ] VideoAnalysis_Page -> FilterSet 인덱스가 범위를 벗어났습니다. 인덱스는 음수가 아니어야 하며 컬렉션의 크기보다 작아야 합니다.
매개 변수 이름: index
[ ㅇㅇ 2023-05-08 월요일 17:57:30 446 ] VideoAnalysis_Page -> FilterSet 인덱스가 범위를 벗어났습니다. 인덱스는 음수가 아니어야 하며 컬렉션의 크기보다 작아야 합니다.
매개 변수 이름: index
[ ㅇㅇ 2023-05-08 월요일 17:57:30 607 ] VideoAnalysis_Page -> FilterSet 인덱스가 범위를 벗어났습니다. 인덱스는 음수가 아니어야 하며 컬렉션의 크기보다 작아야 합니다.
매개 변수 이름: index
[ ㅇㅇ 2023-05-08 월요일 17:57:30 771 ] VideoAnalysis_Page -> FilterSet 인덱스가 범위를 벗어났습니다. 인덱스는 음수가 아니어야 하며 컬렉션의 크기보다 작아야 합니다.
매개 변수 이름: index
[ ㅇㅇ 2023-05-08 월요일 17:57:30 895 ] VideoAnalysis_Page -> FilterSet 인덱스가 범위를 벗어났습니다. 인덱스는 음수가 아니어야 하며 컬렉션의 크기보다 작아야 합니다.
매개 변수 이름: index
[ ㅇㅇ 2023-05-08 월요일 17:57:31 139 ] VideoAnalysis_Page -> FilterSet 인덱스가 범위를 벗어났습니다. 인덱스는 음수가 아니어야 하며 컬렉션의 크기보다 작아야 합니다.
매개 변수 이름: index
[ ㅇㅇ 2023-05-08 월요일 17:57:31 260 ] VideoAnalysis_Page -> FilterSet 인덱스가 범위를 벗어났습니다. 인덱스는 음수가 아니어야 하며 컬렉션의 크기보다 작아야 합니다.
매개 변수 이름: index
[ ㅇㅇ 2023-05-08 월요일 17:57:31 512 ] VideoAnalysis_Page -> FilterSet 인덱스가 범위를 벗어났습니다. 인덱스는 음수가 아니어야 하며 컬렉션의 크기보다 작아야 합니다.
매개 변수 이름: index
[ ㅇㅇ 2023-05-08 월요일 17:57:31 636 ] VideoAnalysis_Page -> FilterSet 인덱스가 범위를 벗어났습니다. 인덱스는 음수가 아니어야 하며 컬렉션의 크기보다 작아야 합니다.
매개 변수 이름: index
[ ㅇㅇ 2023-05-08 월요일 17:57:31 859 ] VideoAnalysis_Page -> FilterSet 인덱스가 범위를 벗어났습니다. 인덱스는 음수가 아니어야 하며 컬렉션의 크기보다 작아야 합니다.
매개 변수 이름: index
[ ㅇㅇ 2023-05-08 월요일 17:57:32 025 ] VideoAnalysis_Page -> FilterSet 인덱스가 범위를 벗어났습니다. 인덱스는 음수가 아니어야 하며 컬렉션의 크기보다 작아야 합니다.
매개 변수 이름: index
[ ㅇㅇ 2023-05-08 월요일 17:57:32 203 ] VideoAnalysis_Page -> FilterSet 인덱스가 범위를 벗어났습니다. 인덱스는 음수가 아니어야 하며 컬렉션의 크기보다 작아야 합니다.
매개 변수 이름: index
[ ㅇㅇ 2023-05-08 월요일 17:57:32 333 ] VideoAnalysis_Page -> FilterSet 인덱스가 범위를 벗어났습니다. 인덱스는 음수가 아니어야 하며 컬렉션의 크기보다 작아야 합니다.
매개 변수 이름: index
[ ㅇㅇ 2023-05-08 월요일 17:57:32 580 ] VideoAnalysis_Page -> FilterSet 인덱스가 범위를 벗어났습니다. 인덱스는 음수가 아니어야 하며 컬렉션의 크기보다 작아야 합니다.
매개 변수 이름: index
[ ㅇㅇ 2023-05-08 월요일 17:57:32 744 ] VideoAnalysis_Page -> FilterSet 인덱스가 범위를 벗어났습니다. 인덱스는 음수가 아니어야 하며 컬렉션의 크기보다 작아야 합니다.
매개 변수 이름: index
[ ㅇㅇ 2023-05-08 월요일 17:57:32 856 ] VideoAnalysis_Page -> FilterSet 인덱스가 범위를 벗어났습니다. 인덱스는 음수가 아니어야 하며 컬렉션의 크기보다 작아야 합니다.
매개 변수 이름: index
[ ㅇㅇ 2023-05-08 월요일 17:57:33 033 ] VideoAnalysis_Page -> FilterSet 인덱스가 범위를 벗어났습니다. 인덱스는 음수가 아니어야 하며 컬렉션의 크기보다 작아야 합니다.
매개 변수 이름: index
[ ㅇㅇ 2023-05-08 월요일 17:57:33 196 ] VideoAnalysis_Page -> FilterSet 인덱스가 범위를 벗어났습니다. 인덱스는 음수가 아니어야 하며 컬렉션의 크기보다 작아야 합니다.
매개 변수 이름: index
[ ㅇㅇ 2023-05-08 월요일 17:57:33 393 ] VideoAnalysis_Page -> FilterSet 인덱스가 범위를 벗어났습니다. 인덱스는 음수가 아니어야 하며 컬렉션의 크기보다 작아야 합니다.
매개 변수 이름: index
[ ㅇㅇ 2023-05-08 월요일 17:57:33 642 ] VideoAnalysis_Page -> FilterSet 인덱스가 범위를 벗어났습니다. 인덱스는 음수가 아니어야 하며 컬렉션의 크기보다 작아야 합니다.
매개 변수 이름: index
[ ㅇㅇ 2023-05-08 월요일 17:57:33 769 ] VideoAnalysis_Page -> FilterSet 인덱스가 범위를 벗어났습니다. 인덱스는 음수가 아니어야 하며 컬렉션의 크기보다 작아야 합니다.
매개 변수 이름: index
[ ㅇㅇ 2023-05-08 월요일 17:57:33 983 ] VideoAnalysis_Page -> FilterSet 인덱스가 범위를 벗어났습니다. 인덱스는 음수가 아니어야 하며 컬렉션의 크기보다 작아야 합니다.
매개 변수 이름: index
[ ㅇㅇ 2023-05-08 월요일 17:57:34 093 ] VideoAnalysis_Page -> FilterSet 인덱스가 범위를 벗어났습니다. 인덱스는 음수가 아니어야 하며 컬렉션의 크기보다 작아야 합니다.
매개 변수 이름: index
[ ㅇㅇ 2023-05-08 월요일 17:57:34 285 ] VideoAnalysis_Page -> FilterSet 인덱스가 범위를 벗어났습니다. 인덱스는 음수가 아니어야 하며 컬렉션의 크기보다 작아야 합니다.
매개 변수 이름: index
[ ㅇㅇ 2023-05-08 월요일 17:57:34 458 ] VideoAnalysis_Page -> FilterSet 인덱스가 범위를 벗어났습니다. 인덱스는 음수가 아니어야 하며 컬렉션의 크기보다 작아야 합니다.
매개 변수 이름: index
[ ㅇㅇ 2023-05-08 월요일 17:57:34 734 ] VideoAnalysis_Page -> FilterSet 인덱스가 범위를 벗어났습니다. 인덱스는 음수가 아니어야 하며 컬렉션의 크기보다 작아야 합니다.
매개 변수 이름: index
[ ㅇㅇ 2023-05-08 월요일 17:57:34 856 ] VideoAnalysis_Page -> FilterSet 인덱스가 범위를 벗어났습니다. 인덱스는 음수가 아니어야 하며 컬렉션의 크기보다 작아야 합니다.
매개 변수 이름: index
[ ㅇㅇ 2023-05-08 월요일 17:57:35 074 ] VideoAnalysis_Page -> FilterSet 인덱스가 범위를 벗어났습니다. 인덱스는 음수가 아니어야 하며 컬렉션의 크기보다 작아야 합니다.
매개 변수 이름: index
[ ㅇㅇ 2023-05-08 월요일 17:57:35 239 ] VideoAnalysis_Page -> FilterSet 인덱스가 범위를 벗어났습니다. 인덱스는 음수가 아니어야 하며 컬렉션의 크기보다 작아야 합니다.
매개 변수 이름: index
[ ㅇㅇ 2023-05-08 월요일 17:57:35 407 ] VideoAnalysis_Page -> FilterSet 인덱스가 범위를 벗어났습니다. 인덱스는 음수가 아니어야 하며 컬렉션의 크기보다 작아야 합니다.
매개 변수 이름: index
[ ㅇㅇ 2023-05-08 월요일 17:57:35 525 ] VideoAnalysis_Page -> FilterSet 인덱스가 범위를 벗어났습니다. 인덱스는 음수가 아니어야 하며 컬렉션의 크기보다 작아야 합니다.
매개 변수 이름: index
[ ㅇㅇ 2023-05-08 월요일 17:57:35 734 ] VideoAnalysis_Page -> FilterSet 인덱스가 범위를 벗어났습니다. 인덱스는 음수가 아니어야 하며 컬렉션의 크기보다 작아야 합니다.
매개 변수 이름: index
[ ㅇㅇ 2023-05-08 월요일 17:57:35 975 ] VideoAnalysis_Page -> FilterSet 인덱스가 범위를 벗어났습니다. 인덱스는 음수가 아니어야 하며 컬렉션의 크기보다 작아야 합니다.
매개 변수 이름: index
[ ㅇㅇ 2023-05-08 월요일 17:57:36 158 ] VideoAnalysis_Page -> FilterSet 인덱스가 범위를 벗어났습니다. 인덱스는 음수가 아니어야 하며 컬렉션의 크기보다 작아야 합니다.
매개 변수 이름: index
[ ㅇㅇ 2023-05-08 월요일 17:57:36 387 ] VideoAnalysis_Page -> FilterSet 인덱스가 범위를 벗어났습니다. 인덱스는 음수가 아니어야 하며 컬렉션의 크기보다 작아야 합니다.
매개 변수 이름: index
[ ㅇㅇ 2023-05-08 월요일 17:57:36 585 ] VideoAnalysis_Page -> FilterSet 인덱스가 범위를 벗어났습니다. 인덱스는 음수가 아니어야 하며 컬렉션의 크기보다 작아야 합니다.
매개 변수 이름: index
[ ㅇㅇ 2023-05-08 월요일 17:57:36 708 ] VideoAnalysis_Page -> FilterSet 인덱스가 범위를 벗어났습니다. 인덱스는 음수가 아니어야 하며 컬렉션의 크기보다 작아야 합니다.
매개 변수 이름: index
[ ㅇㅇ 2023-05-08 월요일 17:57:36 985 ] VideoAnalysis_Page -> FilterSet 인덱스가 범위를 벗어났습니다. 인덱스는 음수가 아니어야 하며 컬렉션의 크기보다 작아야 합니다.
매개 변수 이름: index
[ ㅇㅇ 2023-05-08 월요일 17:57:37 195 ] VideoAnalysis_Page -> FilterSet 인덱스가 범위를 벗어났습니다. 인덱스는 음수가 아니어야 하며 컬렉션의 크기보다 작아야 합니다.
매개 변수 이름: index
[ ㅇㅇ 2023-05-08 월요일 17:57:37 375 ] VideoAnalysis_Page -> FilterSet 인덱스가 범위를 벗어났습니다. 인덱스는 음수가 아니어야 하며 컬렉션의 크기보다 작아야 합니다.
매개 변수 이름: index
[ ㅇㅇ 2023-05-08 월요일 17:57:37 556 ] VideoAnalysis_Page -> FilterSet 인덱스가 범위를 벗어났습니다. 인덱스는 음수가 아니어야 하며 컬렉션의 크기보다 작아야 합니다.
매개 변수 이름: index
[ ㅇㅇ 2023-05-08 월요일 17:57:37 666 ] VideoAnalysis_Page -> FilterSet 인덱스가 범위를 벗어났습니다. 인덱스는 음수가 아니어야 하며 컬렉션의 크기보다 작아야 합니다.
매개 변수 이름: index
[ ㅇㅇ 2023-05-08 월요일 17:57:37 841 ] VideoAnalysis_Page -> FilterSet 인덱스가 범위를 벗어났습니다. 인덱스는 음수가 아니어야 하며 컬렉션의 크기보다 작아야 합니다.
매개 변수 이름: index
[ ㅇㅇ 2023-05-08 월요일 17:57:38 012 ] VideoAnalysis_Page -> FilterSet 인덱스가 범위를 벗어났습니다. 인덱스는 음수가 아니어야 하며 컬렉션의 크기보다 작아야 합니다.
매개 변수 이름: index
[ ㅇㅇ 2023-05-08 월요일 17:57:38 189 ] VideoAnalysis_Page -> FilterSet 인덱스가 범위를 벗어났습니다. 인덱스는 음수가 아니어야 하며 컬렉션의 크기보다 작아야 합니다.
매개 변수 이름: index
[ ㅇㅇ 2023-05-08 월요일 17:57:38 388 ] VideoAnalysis_Page -> FilterSet 인덱스가 범위를 벗어났습니다. 인덱스는 음수가 아니어야 하며 컬렉션의 크기보다 작아야 합니다.
매개 변수 이름: index
[ ㅇㅇ 2023-05-08 월요일 17:57:38 582 ] VideoAnalysis_Page -> FilterSet 인덱스가 범위를 벗어났습니다. 인덱스는 음수가 아니어야 하며 컬렉션의 크기보다 작아야 합니다.
매개 변수 이름: index
[ ㅇㅇ 2023-05-08 월요일 17:57:38 834 ] VideoAnalysis_Page -> FilterSet 인덱스가 범위를 벗어났습니다. 인덱스는 음수가 아니어야 하며 컬렉션의 크기보다 작아야 합니다.
매개 변수 이름: index
[ ㅇㅇ 2023-05-08 월요일 17:57:39 036 ] VideoAnalysis_Page -> FilterSet 인덱스가 범위를 벗어났습니다. 인덱스는 음수가 아니어야 하며 컬렉션의 크기보다 작아야 합니다.
매개 변수 이름: index
[ ㅇㅇ 2023-05-08 월요일 17:57:39 215 ] VideoAnalysis_Page -> FilterSet 인덱스가 범위를 벗어났습니다. 인덱스는 음수가 아니어야 하며 컬렉션의 크기보다 작아야 합니다.
매개 변수 이름: index
[ ㅇㅇ 2023-05-08 월요일 17:57:39 430 ] VideoAnalysis_Page -> FilterSet 인덱스가 범위를 벗어났습니다. 인덱스는 음수가 아니어야 하며 컬렉션의 크기보다 작아야 합니다.
매개 변수 이름: index
[ ㅇㅇ 2023-05-08 월요일 17:57:39 569 ] VideoAnalysis_Page -> FilterSet 인덱스가 범위를 벗어났습니다. 인덱스는 음수가 아니어야 하며 컬렉션의 크기보다 작아야 합니다.
매개 변수 이름: index
[ ㅇㅇ 2023-05-08 월요일 17:57:39 796 ] VideoAnalysis_Page -> FilterSet 인덱스가 범위를 벗어났습니다. 인덱스는 음수가 아니어야 하며 컬렉션의 크기보다 작아야 합니다.
매개 변수 이름: index
[ ㅇㅇ 2023-05-08 월요일 17:57:39 911 ] VideoAnalysis_Page -> FilterSet 인덱스가 범위를 벗어났습니다. 인덱스는 음수가 아니어야 하며 컬렉션의 크기보다 작아야 합니다.
매개 변수 이름: index
[ ㅇㅇ 2023-05-08 월요일 17:57:40 089 ] VideoAnalysis_Page -> FilterSet 인덱스가 범위를 벗어났습니다. 인덱스는 음수가 아니어야 하며 컬렉션의 크기보다 작아야 합니다.
매개 변수 이름: index
[ ㅇㅇ 2023-05-08 월요일 17:57:40 527 ] VideoAnalysis_Page -> FilterSet 인덱스가 범위를 벗어났습니다. 인덱스는 음수가 아니어야 하며 컬렉션의 크기보다 작아야 합니다.
매개 변수 이름: index
[ ㅇㅇ 2023-05-08 월요일 17:57:40 725 ] VideoAnalysis_Page -> FilterSet 인덱스가 범위를 벗어났습니다. 인덱스는 음수가 아니어야 하며 컬렉션의 크기보다 작아야 합니다.
매개 변수 이름: index
[ ㅇㅇ 2023-05-08 월요일 17:57:40 848 ] VideoAnalysis_Page -> FilterSet 인덱스가 범위를 벗어났습니다. 인덱스는 음수가 아니어야 하며 컬렉션의 크기보다 작아야 합니다.
매개 변수 이름: index
[ ㅇㅇ 2023-05-08 월요일 17:57:41 056 ] VideoAnalysis_Page -> FilterSet 인덱스가 범위를 벗어났습니다. 인덱스는 음수가 아니어야 하며 컬렉션의 크기보다 작아야 합니다.
매개 변수 이름: index
[ ㅇㅇ 2023-05-08 월요일 17:57:41 178 ] VideoAnalysis_Page -> FilterSet 인덱스가 범위를 벗어났습니다. 인덱스는 음수가 아니어야 하며 컬렉션의 크기보다 작아야 합니다.
매개 변수 이름: index
[ ㅇㅇ 2023-05-08 월요일 17:57:41 412 ] VideoAnalysis_Page -> FilterSet 인덱스가 범위를 벗어났습니다. 인덱스는 음수가 아니어야 하며 컬렉션의 크기보다 작아야 합니다.
매개 변수 이름: index
[ ㅇㅇ 2023-05-08 월요일 17:57:41 597 ] VideoAnalysis_Page -> FilterSet 인덱스가 범위를 벗어났습니다. 인덱스는 음수가 아니어야 하며 컬렉션의 크기보다 작아야 합니다.
매개 변수 이름: index
[ ㅇㅇ 2023-05-08 월요일 17:57:41 758 ] VideoAnalysis_Page -> FilterSet 인덱스가 범위를 벗어났습니다. 인덱스는 음수가 아니어야 하며 컬렉션의 크기보다 작아야 합니다.
매개 변수 이름: index
[ ㅇㅇ 2023-05-08 월요일 17:57:41 961 ] VideoAnalysis_Page -> FilterSet 인덱스가 범위를 벗어났습니다. 인덱스는 음수가 아니어야 하며 컬렉션의 크기보다 작아야 합니다.
매개 변수 이름: index
[ ㅇㅇ 2023-05-08 월요일 17:57:42 094 ] VideoAnalysis_Page -> FilterSet 인덱스가 범위를 벗어났습니다. 인덱스는 음수가 아니어야 하며 컬렉션의 크기보다 작아야 합니다.
매개 변수 이름: index
[ ㅇㅇ 2023-05-08 월요일 17:57:42 271 ] VideoAnalysis_Page -> FilterSet 인덱스가 범위를 벗어났습니다. 인덱스는 음수가 아니어야 하며 컬렉션의 크기보다 작아야 합니다.
매개 변수 이름: index
[ ㅇㅇ 2023-05-08 월요일 17:57:42 529 ] VideoAnalysis_Page -> FilterSet 인덱스가 범위를 벗어났습니다. 인덱스는 음수가 아니어야 하며 컬렉션의 크기보다 작아야 합니다.
매개 변수 이름: index
[ ㅇㅇ 2023-05-08 월요일 17:57:42 821 ] VideoAnalysis_Page -> FilterSet 인덱스가 범위를 벗어났습니다. 인덱스는 음수가 아니어야 하며 컬렉션의 크기보다 작아야 합니다.
매개 변수 이름: index
[ ㅇㅇ 2023-05-08 월요일 17:57:47 164 ] VideoAnalysis_Page -> FilterSet 인덱스가 범위를 벗어났습니다. 인덱스는 음수가 아니어야 하며 컬렉션의 크기보다 작아야 합니다.
매개 변수 이름: index
[ ㅇㅇ 2023-05-08 월요일 17:57:47 325 ] VideoAnalysis_Page -> FilterSet 인덱스가 범위를 벗어났습니다. 인덱스는 음수가 아니어야 하며 컬렉션의 크기보다 작아야 합니다.
매개 변수 이름: index
[ ㅇㅇ 2023-05-08 월요일 17:57:47 521 ] VideoAnalysis_Page -> FilterSet 인덱스가 범위를 벗어났습니다. 인덱스는 음수가 아니어야 하며 컬렉션의 크기보다 작아야 합니다.
매개 변수 이름: index
[ ㅇㅇ 2023-05-08 월요일 17:57:47 764 ] VideoAnalysis_Page -> FilterSet 인덱스가 범위를 벗어났습니다. 인덱스는 음수가 아니어야 하며 컬렉션의 크기보다 작아야 합니다.
매개 변수 이름: index
[ ㅇㅇ 2023-05-08 월요일 17:57:47 894 ] VideoAnalysis_Page -> FilterSet 인덱스가 범위를 벗어났습니다. 인덱스는 음수가 아니어야 하며 컬렉션의 크기보다 작아야 합니다.
매개 변수 이름: index
[ ㅇㅇ 2023-05-08 월요일 17:57:48 053 ] VideoAnalysis_Page -> FilterSet 인덱스가 범위를 벗어났습니다. 인덱스는 음수가 아니어야 하며 컬렉션의 크기보다 작아야 합니다.
매개 변수 이름: index
[ ㅇㅇ 2023-05-08 월요일 17:57:48 272 ] VideoAnalysis_Page -> FilterSet 인덱스가 범위를 벗어났습니다. 인덱스는 음수가 아니어야 하며 컬렉션의 크기보다 작아야 합니다.
매개 변수 이름: index
[ ㅇㅇ 2023-05-08 월요일 17:57:48 458 ] VideoAnalysis_Page -> FilterSet 인덱스가 범위를 벗어났습니다. 인덱스는 음수가 아니어야 하며 컬렉션의 크기보다 작아야 합니다.
매개 변수 이름: index
[ ㅇㅇ 2023-05-08 월요일 17:57:48 589 ] VideoAnalysis_Page -> FilterSet 인덱스가 범위를 벗어났습니다. 인덱스는 음수가 아니어야 하며 컬렉션의 크기보다 작아야 합니다.
매개 변수 이름: index
[ ㅇㅇ 2023-05-08 월요일 17:57:48 819 ] VideoAnalysis_Page -> FilterSet 인덱스가 범위를 벗어났습니다. 인덱스는 음수가 아니어야 하며 컬렉션의 크기보다 작아야 합니다.
매개 변수 이름: index
[ ㅇㅇ 2023-05-08 월요일 17:57:48 935 ] VideoAnalysis_Page -> FilterSet 인덱스가 범위를 벗어났습니다. 인덱스는 음수가 아니어야 하며 컬렉션의 크기보다 작아야 합니다.
매개 변수 이름: index
[ ㅇㅇ 2023-05-08 월요일 17:57:49 196 ] VideoAnalysis_Page -> FilterSet 인덱스가 범위를 벗어났습니다. 인덱스는 음수가 아니어야 하며 컬렉션의 크기보다 작아야 합니다.
매개 변수 이름: index
[ ㅇㅇ 2023-05-08 월요일 17:57:49 382 ] VideoAnalysis_Page -> FilterSet 인덱스가 범위를 벗어났습니다. 인덱스는 음수가 아니어야 하며 컬렉션의 크기보다 작아야 합니다.
매개 변수 이름: index
[ ㅇㅇ 2023-05-08 월요일 17:57:49 556 ] VideoAnalysis_Page -> FilterSet 인덱스가 범위를 벗어났습니다. 인덱스는 음수가 아니어야 하며 컬렉션의 크기보다 작아야 합니다.
매개 변수 이름: index
[ ㅇㅇ 2023-05-08 월요일 17:57:49 700 ] VideoAnalysis_Page -> FilterSet 인덱스가 범위를 벗어났습니다. 인덱스는 음수가 아니어야 하며 컬렉션의 크기보다 작아야 합니다.
매개 변수 이름: index
[ ㅇㅇ 2023-05-08 월요일 17:57:49 918 ] VideoAnalysis_Page -> FilterSet 인덱스가 범위를 벗어났습니다. 인덱스는 음수가 아니어야 하며 컬렉션의 크기보다 작아야 합니다.
매개 변수 이름: index
[ ㅇㅇ 2023-05-08 월요일 17:57:50 029 ] VideoAnalysis_Page -> FilterSet 인덱스가 범위를 벗어났습니다. 인덱스는 음수가 아니어야 하며 컬렉션의 크기보다 작아야 합니다.
매개 변수 이름: index
[ ㅇㅇ 2023-05-08 월요일 17:57:50 243 ] VideoAnalysis_Page -> FilterSet 인덱스가 범위를 벗어났습니다. 인덱스는 음수가 아니어야 하며 컬렉션의 크기보다 작아야 합니다.
매개 변수 이름: index
[ ㅇㅇ 2023-05-08 월요일 17:57:50 421 ] VideoAnalysis_Page -> FilterSet 인덱스가 범위를 벗어났습니다. 인덱스는 음수가 아니어야 하며 컬렉션의 크기보다 작아야 합니다.
매개 변수 이름: index
[ ㅇㅇ 2023-05-08 월요일 17:57:50 540 ] VideoAnalysis_Page -> FilterSet 인덱스가 범위를 벗어났습니다. 인덱스는 음수가 아니어야 하며 컬렉션의 크기보다 작아야 합니다.
매개 변수 이름: index
[ ㅇㅇ 2023-05-08 월요일 17:57:50 712 ] VideoAnalysis_Page -> FilterSet 인덱스가 범위를 벗어났습니다. 인덱스는 음수가 아니어야 하며 컬렉션의 크기보다 작아야 합니다.
매개 변수 이름: index
[ ㅇㅇ 2023-05-08 월요일 17:57:50 982 ] VideoAnalysis_Page -> FilterSet 인덱스가 범위를 벗어났습니다. 인덱스는 음수가 아니어야 하며 컬렉션의 크기보다 작아야 합니다.
매개 변수 이름: index
[ ㅇㅇ 2023-05-08 월요일 17:57:51 154 ] VideoAnalysis_Page -> FilterSet 인덱스가 범위를 벗어났습니다. 인덱스는 음수가 아니어야 하며 컬렉션의 크기보다 작아야 합니다.
매개 변수 이름: index
[ ㅇㅇ 2023-05-08 월요일 17:57:51 278 ] VideoAnalysis_Page -> FilterSet 인덱스가 범위를 벗어났습니다. 인덱스는 음수가 아니어야 하며 컬렉션의 크기보다 작아야 합니다.
매개 변수 이름: index
[ ㅇㅇ 2023-05-08 월요일 17:57:51 526 ] VideoAnalysis_Page -> FilterSet 인덱스가 범위를 벗어났습니다. 인덱스는 음수가 아니어야 하며 컬렉션의 크기보다 작아야 합니다.
매개 변수 이름: index
[ ㅇㅇ 2023-05-08 월요일 17:57:51 654 ] VideoAnalysis_Page -> FilterSet 인덱스가 범위를 벗어났습니다. 인덱스는 음수가 아니어야 하며 컬렉션의 크기보다 작아야 합니다.
매개 변수 이름: index
[ ㅇㅇ 2023-05-08 월요일 17:57:51 828 ] VideoAnalysis_Page -> FilterSet 인덱스가 범위를 벗어났습니다. 인덱스는 음수가 아니어야 하며 컬렉션의 크기보다 작아야 합니다.
매개 변수 이름: index
[ ㅇㅇ 2023-05-08 월요일 17:57:52 052 ] VideoAnalysis_Page -> FilterSet 인덱스가 범위를 벗어났습니다. 인덱스는 음수가 아니어야 하며 컬렉션의 크기보다 작아야 합니다.
매개 변수 이름: index
[ ㅇㅇ 2023-05-08 월요일 17:57:52 171 ] VideoAnalysis_Page -> FilterSet 인덱스가 범위를 벗어났습니다. 인덱스는 음수가 아니어야 하며 컬렉션의 크기보다 작아야 합니다.
매개 변수 이름: index
[ ㅇㅇ 2023-05-08 월요일 17:57:52 408 ] VideoAnalysis_Page -> FilterSet 인덱스가 범위를 벗어났습니다. 인덱스는 음수가 아니어야 하며 컬렉션의 크기보다 작아야 합니다.
매개 변수 이름: index
[ ㅇㅇ 2023-05-08 월요일 17:57:52 552 ] VideoAnalysis_Page -> FilterSet 인덱스가 범위를 벗어났습니다. 인덱스는 음수가 아니어야 하며 컬렉션의 크기보다 작아야 합니다.
매개 변수 이름: index
[ ㅇㅇ 2023-05-08 월요일 17:57:52 775 ] VideoAnalysis_Page -> FilterSet 인덱스가 범위를 벗어났습니다. 인덱스는 음수가 아니어야 하며 컬렉션의 크기보다 작아야 합니다.
매개 변수 이름: index
[ ㅇㅇ 2023-05-08 월요일 17:57:52 906 ] VideoAnalysis_Page -> FilterSet 인덱스가 범위를 벗어났습니다. 인덱스는 음수가 아니어야 하며 컬렉션의 크기보다 작아야 합니다.
매개 변수 이름: index
[ ㅇㅇ 2023-05-08 월요일 17:57:53 160 ] VideoAnalysis_Page -> FilterSet 인덱스가 범위를 벗어났습니다. 인덱스는 음수가 아니어야 하며 컬렉션의 크기보다 작아야 합니다.
매개 변수 이름: index
[ ㅇㅇ 2023-05-08 월요일 17:57:53 304 ] VideoAnalysis_Page -> FilterSet 인덱스가 범위를 벗어났습니다. 인덱스는 음수가 아니어야 하며 컬렉션의 크기보다 작아야 합니다.
매개 변수 이름: index
[ ㅇㅇ 2023-05-08 월요일 17:57:53 502 ] VideoAnalysis_Page -> FilterSet 인덱스가 범위를 벗어났습니다. 인덱스는 음수가 아니어야 하며 컬렉션의 크기보다 작아야 합니다.
매개 변수 이름: index
[ ㅇㅇ 2023-05-08 월요일 17:57:53 733 ] VideoAnalysis_Page -> FilterSet 인덱스가 범위를 벗어났습니다. 인덱스는 음수가 아니어야 하며 컬렉션의 크기보다 작아야 합니다.
매개 변수 이름: index
[ ㅇㅇ 2023-05-08 월요일 17:57:53 903 ] VideoAnalysis_Page -> FilterSet 인덱스가 범위를 벗어났습니다. 인덱스는 음수가 아니어야 하며 컬렉션의 크기보다 작아야 합니다.
매개 변수 이름: index
[ ㅇㅇ 2023-05-08 월요일 17:57:54 014 ] VideoAnalysis_Page -> FilterSet 인덱스가 범위를 벗어났습니다. 인덱스는 음수가 아니어야 하며 컬렉션의 크기보다 작아야 합니다.
매개 변수 이름: index
[ ㅇㅇ 2023-05-08 월요일 17:57:54 237 ] VideoAnalysis_Page -> FilterSet 인덱스가 범위를 벗어났습니다. 인덱스는 음수가 아니어야 하며 컬렉션의 크기보다 작아야 합니다.
매개 변수 이름: index
[ ㅇㅇ 2023-05-08 월요일 17:57:54 419 ] VideoAnalysis_Page -> FilterSet 인덱스가 범위를 벗어났습니다. 인덱스는 음수가 아니어야 하며 컬렉션의 크기보다 작아야 합니다.
매개 변수 이름: index
[ ㅇㅇ 2023-05-08 월요일 17:57:54 618 ] VideoAnalysis_Page -> FilterSet 인덱스가 범위를 벗어났습니다. 인덱스는 음수가 아니어야 하며 컬렉션의 크기보다 작아야 합니다.
매개 변수 이름: index
[ ㅇㅇ 2023-05-08 월요일 17:57:54 734 ] VideoAnalysis_Page -> FilterSet 인덱스가 범위를 벗어났습니다. 인덱스는 음수가 아니어야 하며 컬렉션의 크기보다 작아야 합니다.
매개 변수 이름: index
[ ㅇㅇ 2023-05-08 월요일 17:57:54 976 ] VideoAnalysis_Page -> FilterSet 인덱스가 범위를 벗어났습니다. 인덱스는 음수가 아니어야 하며 컬렉션의 크기보다 작아야 합니다.
매개 변수 이름: index
[ ㅇㅇ 2023-05-08 월요일 17:57:55 101 ] VideoAnalysis_Page -> FilterSet 인덱스가 범위를 벗어났습니다. 인덱스는 음수가 아니어야 하며 컬렉션의 크기보다 작아야 합니다.
매개 변수 이름: index
[ ㅇㅇ 2023-05-08 월요일 17:57:55 422 ] VideoAnalysis_Page -> FilterSet 인덱스가 범위를 벗어났습니다. 인덱스는 음수가 아니어야 하며 컬렉션의 크기보다 작아야 합니다.
매개 변수 이름: index
[ ㅇㅇ 2023-05-08 월요일 17:57:55 631 ] VideoAnalysis_Page -> FilterSet 인덱스가 범위를 벗어났습니다. 인덱스는 음수가 아니어야 하며 컬렉션의 크기보다 작아야 합니다.
매개 변수 이름: index
[ ㅇㅇ 2023-05-08 월요일 17:57:55 784 ] VideoAnalysis_Page -> FilterSet 인덱스가 범위를 벗어났습니다. 인덱스는 음수가 아니어야 하며 컬렉션의 크기보다 작아야 합니다.
매개 변수 이름: index
[ ㅇㅇ 2023-05-08 월요일 17:57:56 039 ] VideoAnalysis_Page -> FilterSet 인덱스가 범위를 벗어났습니다. 인덱스는 음수가 아니어야 하며 컬렉션의 크기보다 작아야 합니다.
매개 변수 이름: index
[ ㅇㅇ 2023-05-08 월요일 17:57:56 214 ] VideoAnalysis_Page -> FilterSet 인덱스가 범위를 벗어났습니다. 인덱스는 음수가 아니어야 하며 컬렉션의 크기보다 작아야 합니다.
매개 변수 이름: index
[ ㅇㅇ 2023-05-08 월요일 17:57:56 337 ] VideoAnalysis_Page -> FilterSet 인덱스가 범위를 벗어났습니다. 인덱스는 음수가 아니어야 하며 컬렉션의 크기보다 작아야 합니다.
매개 변수 이름: index
[ ㅇㅇ 2023-05-08 월요일 17:57:56 518 ] VideoAnalysis_Page -> FilterSet 인덱스가 범위를 벗어났습니다. 인덱스는 음수가 아니어야 하며 컬렉션의 크기보다 작아야 합니다.
매개 변수 이름: index
[ ㅇㅇ 2023-05-08 월요일 17:57:56 692 ] VideoAnalysis_Page -> FilterSet 인덱스가 범위를 벗어났습니다. 인덱스는 음수가 아니어야 하며 컬렉션의 크기보다 작아야 합니다.
매개 변수 이름: index
[ ㅇㅇ 2023-05-08 월요일 17:57:56 929 ] VideoAnalysis_Page -> FilterSet 인덱스가 범위를 벗어났습니다. 인덱스는 음수가 아니어야 하며 컬렉션의 크기보다 작아야 합니다.
매개 변수 이름: index
[ ㅇㅇ 2023-05-08 월요일 17:57:57 057 ] VideoAnalysis_Page -> FilterSet 인덱스가 범위를 벗어났습니다. 인덱스는 음수가 아니어야 하며 컬렉션의 크기보다 작아야 합니다.
매개 변수 이름: index
[ ㅇㅇ 2023-05-08 월요일 17:57:57 232 ] VideoAnalysis_Page -> FilterSet 인덱스가 범위를 벗어났습니다. 인덱스는 음수가 아니어야 하며 컬렉션의 크기보다 작아야 합니다.
매개 변수 이름: index
[ ㅇㅇ 2023-05-08 월요일 17:57:57 435 ] VideoAnalysis_Page -> FilterSet 인덱스가 범위를 벗어났습니다. 인덱스는 음수가 아니어야 하며 컬렉션의 크기보다 작아야 합니다.
매개 변수 이름: index
[ ㅇㅇ 2023-05-08 월요일 17:57:57 677 ] VideoAnalysis_Page -> FilterSet 인덱스가 범위를 벗어났습니다. 인덱스는 음수가 아니어야 하며 컬렉션의 크기보다 작아야 합니다.
매개 변수 이름: index
[ ㅇㅇ 2023-05-08 월요일 17:57:57 814 ] VideoAnalysis_Page -> FilterSet 인덱스가 범위를 벗어났습니다. 인덱스는 음수가 아니어야 하며 컬렉션의 크기보다 작아야 합니다.
매개 변수 이름: index
[ ㅇㅇ 2023-05-08 월요일 17:57:58 065 ] VideoAnalysis_Page -> FilterSet 인덱스가 범위를 벗어났습니다. 인덱스는 음수가 아니어야 하며 컬렉션의 크기보다 작아야 합니다.
매개 변수 이름: index
[ ㅇㅇ 2023-05-08 월요일 17:57:58 194 ] VideoAnalysis_Page -> FilterSet 인덱스가 범위를 벗어났습니다. 인덱스는 음수가 아니어야 하며 컬렉션의 크기보다 작아야 합니다.
매개 변수 이름: index
[ ㅇㅇ 2023-05-08 월요일 17:57:58 449 ] VideoAnalysis_Page -> FilterSet 인덱스가 범위를 벗어났습니다. 인덱스는 음수가 아니어야 하며 컬렉션의 크기보다 작아야 합니다.
매개 변수 이름: index
[ ㅇㅇ 2023-05-08 월요일 17:57:58 584 ] VideoAnalysis_Page -> FilterSet 인덱스가 범위를 벗어났습니다. 인덱스는 음수가 아니어야 하며 컬렉션의 크기보다 작아야 합니다.
매개 변수 이름: index
[ ㅇㅇ 2023-05-08 월요일 17:57:58 831 ] VideoAnalysis_Page -> FilterSet 인덱스가 범위를 벗어났습니다. 인덱스는 음수가 아니어야 하며 컬렉션의 크기보다 작아야 합니다.
매개 변수 이름: index
[ ㅇㅇ 2023-05-08 월요일 17:57:59 004 ] VideoAnalysis_Page -> FilterSet 인덱스가 범위를 벗어났습니다. 인덱스는 음수가 아니어야 하며 컬렉션의 크기보다 작아야 합니다.
매개 변수 이름: index
[ ㅇㅇ 2023-05-08 월요일 17:57:59 133 ] VideoAnalysis_Page -> FilterSet 인덱스가 범위를 벗어났습니다. 인덱스는 음수가 아니어야 하며 컬렉션의 크기보다 작아야 합니다.
매개 변수 이름: index
[ ㅇㅇ 2023-05-08 월요일 17:57:59 325 ] VideoAnalysis_Page -> FilterSet 인덱스가 범위를 벗어났습니다. 인덱스는 음수가 아니어야 하며 컬렉션의 크기보다 작아야 합니다.
매개 변수 이름: index
[ ㅇㅇ 2023-05-08 월요일 17:57:59 536 ] VideoAnalysis_Page -> FilterSet 인덱스가 범위를 벗어났습니다. 인덱스는 음수가 아니어야 하며 컬렉션의 크기보다 작아야 합니다.
매개 변수 이름: index
[ ㅇㅇ 2023-05-08 월요일 17:57:59 723 ] VideoAnalysis_Page -> FilterSet 인덱스가 범위를 벗어났습니다. 인덱스는 음수가 아니어야 하며 컬렉션의 크기보다 작아야 합니다.
매개 변수 이름: index
[ ㅇㅇ 2023-05-08 월요일 17:57:59 984 ] VideoAnalysis_Page -> FilterSet 인덱스가 범위를 벗어났습니다. 인덱스는 음수가 아니어야 하며 컬렉션의 크기보다 작아야 합니다.
매개 변수 이름: index
[ ㅇㅇ 2023-05-08 월요일 17:58:00 204 ] VideoAnalysis_Page -> FilterSet 인덱스가 범위를 벗어났습니다. 인덱스는 음수가 아니어야 하며 컬렉션의 크기보다 작아야 합니다.
매개 변수 이름: index
[ ㅇㅇ 2023-05-08 월요일 17:58:00 338 ] VideoAnalysis_Page -> FilterSet 인덱스가 범위를 벗어났습니다. 인덱스는 음수가 아니어야 하며 컬렉션의 크기보다 작아야 합니다.
매개 변수 이름: index
[ ㅇㅇ 2023-05-08 월요일 17:58:00 581 ] VideoAnalysis_Page -> FilterSet 인덱스가 범위를 벗어났습니다. 인덱스는 음수가 아니어야 하며 컬렉션의 크기보다 작아야 합니다.
매개 변수 이름: index
[ ㅇㅇ 2023-05-08 월요일 17:58:00 708 ] VideoAnalysis_Page -> FilterSet 인덱스가 범위를 벗어났습니다. 인덱스는 음수가 아니어야 하며 컬렉션의 크기보다 작아야 합니다.
매개 변수 이름: index
[ ㅇㅇ 2023-05-08 월요일 17:58:00 887 ] VideoAnalysis_Page -> FilterSet 인덱스가 범위를 벗어났습니다. 인덱스는 음수가 아니어야 하며 컬렉션의 크기보다 작아야 합니다.
매개 변수 이름: index
[ ㅇㅇ 2023-05-08 월요일 17:58:01 126 ] VideoAnalysis_Page -> FilterSet 인덱스가 범위를 벗어났습니다. 인덱스는 음수가 아니어야 하며 컬렉션의 크기보다 작아야 합니다.
매개 변수 이름: index
[ ㅇㅇ 2023-05-08 월요일 17:58:01 245 ] VideoAnalysis_Page -> FilterSet 인덱스가 범위를 벗어났습니다. 인덱스는 음수가 아니어야 하며 컬렉션의 크기보다 작아야 합니다.
매개 변수 이름: index
[ ㅇㅇ 2023-05-08 월요일 17:58:01 485 ] VideoAnalysis_Page -> FilterSet 인덱스가 범위를 벗어났습니다. 인덱스는 음수가 아니어야 하며 컬렉션의 크기보다 작아야 합니다.
매개 변수 이름: index
[ ㅇㅇ 2023-05-08 월요일 17:58:01 607 ] VideoAnalysis_Page -> FilterSet 인덱스가 범위를 벗어났습니다. 인덱스는 음수가 아니어야 하며 컬렉션의 크기보다 작아야 합니다.
매개 변수 이름: index
[ ㅇㅇ 2023-05-08 월요일 17:58:01 839 ] VideoAnalysis_Page -> FilterSet 인덱스가 범위를 벗어났습니다. 인덱스는 음수가 아니어야 하며 컬렉션의 크기보다 작아야 합니다.
매개 변수 이름: index
[ ㅇㅇ 2023-05-08 월요일 17:58:01 970 ] VideoAnalysis_Page -> FilterSet 인덱스가 범위를 벗어났습니다. 인덱스는 음수가 아니어야 하며 컬렉션의 크기보다 작아야 합니다.
매개 변수 이름: index
[ ㅇㅇ 2023-05-08 월요일 17:58:02 236 ] VideoAnalysis_Page -> FilterSet 인덱스가 범위를 벗어났습니다. 인덱스는 음수가 아니어야 하며 컬렉션의 크기보다 작아야 합니다.
매개 변수 이름: index
[ ㅇㅇ 2023-05-08 월요일 17:58:02 360 ] VideoAnalysis_Page -> FilterSet 인덱스가 범위를 벗어났습니다. 인덱스는 음수가 아니어야 하며 컬렉션의 크기보다 작아야 합니다.
매개 변수 이름: index
[ ㅇㅇ 2023-05-08 월요일 17:58:02 606 ] VideoAnalysis_Page -> FilterSet 인덱스가 범위를 벗어났습니다. 인덱스는 음수가 아니어야 하며 컬렉션의 크기보다 작아야 합니다.
매개 변수 이름: index
[ ㅇㅇ 2023-05-08 월요일 17:58:02 779 ] VideoAnalysis_Page -> FilterSet 인덱스가 범위를 벗어났습니다. 인덱스는 음수가 아니어야 하며 컬렉션의 크기보다 작아야 합니다.
매개 변수 이름: index
[ ㅇㅇ 2023-05-08 월요일 17:58:02 885 ] VideoAnalysis_Page -> FilterSet 인덱스가 범위를 벗어났습니다. 인덱스는 음수가 아니어야 하며 컬렉션의 크기보다 작아야 합니다.
매개 변수 이름: index
[ ㅇㅇ 2023-05-08 월요일 17:58:03 066 ] VideoAnalysis_Page -> FilterSet 인덱스가 범위를 벗어났습니다. 인덱스는 음수가 아니어야 하며 컬렉션의 크기보다 작아야 합니다.
매개 변수 이름: index
[ ㅇㅇ 2023-05-08 월요일 17:58:03 307 ] VideoAnalysis_Page -> FilterSet 인덱스가 범위를 벗어났습니다. 인덱스는 음수가 아니어야 하며 컬렉션의 크기보다 작아야 합니다.
매개 변수 이름: index
[ ㅇㅇ 2023-05-08 월요일 17:58:03 487 ] VideoAnalysis_Page -> FilterSet 인덱스가 범위를 벗어났습니다. 인덱스는 음수가 아니어야 하며 컬렉션의 크기보다 작아야 합니다.
매개 변수 이름: index
[ ㅇㅇ 2023-05-08 월요일 17:58:03 660 ] VideoAnalysis_Page -> FilterSet 인덱스가 범위를 벗어났습니다. 인덱스는 음수가 아니어야 하며 컬렉션의 크기보다 작아야 합니다.
매개 변수 이름: index
[ ㅇㅇ 2023-05-08 월요일 17:58:03 779 ] VideoAnalysis_Page -> FilterSet 인덱스가 범위를 벗어났습니다. 인덱스는 음수가 아니어야 하며 컬렉션의 크기보다 작아야 합니다.
매개 변수 이름: index
[ ㅇㅇ 2023-05-08 월요일 17:58:03 989 ] VideoAnalysis_Page -> FilterSet 인덱스가 범위를 벗어났습니다. 인덱스는 음수가 아니어야 하며 컬렉션의 크기보다 작아야 합니다.
매개 변수 이름: index
[ ㅇㅇ 2023-05-08 월요일 17:58:04 116 ] VideoAnalysis_Page -> FilterSet 인덱스가 범위를 벗어났습니다. 인덱스는 음수가 아니어야 하며 컬렉션의 크기보다 작아야 합니다.
매개 변수 이름: index
[ ㅇㅇ 2023-05-08 월요일 17:58:04 396 ] VideoAnalysis_Page -> FilterSet 인덱스가 범위를 벗어났습니다. 인덱스는 음수가 아니어야 하며 컬렉션의 크기보다 작아야 합니다.
매개 변수 이름: index
[ ㅇㅇ 2023-05-08 월요일 17:58:04 617 ] VideoAnalysis_Page -> FilterSet 인덱스가 범위를 벗어났습니다. 인덱스는 음수가 아니어야 하며 컬렉션의 크기보다 작아야 합니다.
매개 변수 이름: index
[ ㅇㅇ 2023-05-08 월요일 17:58:04 805 ] VideoAnalysis_Page -> FilterSet 인덱스가 범위를 벗어났습니다. 인덱스는 음수가 아니어야 하며 컬렉션의 크기보다 작아야 합니다.
매개 변수 이름: index
[ ㅇㅇ 2023-05-08 월요일 17:58:04 934 ] VideoAnalysis_Page -> FilterSet 인덱스가 범위를 벗어났습니다. 인덱스는 음수가 아니어야 하며 컬렉션의 크기보다 작아야 합니다.
매개 변수 이름: index
[ ㅇㅇ 2023-05-08 월요일 17:58:05 161 ] VideoAnalysis_Page -> FilterSet 인덱스가 범위를 벗어났습니다. 인덱스는 음수가 아니어야 하며 컬렉션의 크기보다 작아야 합니다.
매개 변수 이름: index
[ ㅇㅇ 2023-05-08 월요일 17:58:05 281 ] VideoAnalysis_Page -> FilterSet 인덱스가 범위를 벗어났습니다. 인덱스는 음수가 아니어야 하며 컬렉션의 크기보다 작아야 합니다.
매개 변수 이름: index
[ ㅇㅇ 2023-05-08 월요일 17:58:05 509 ] VideoAnalysis_Page -> FilterSet 인덱스가 범위를 벗어났습니다. 인덱스는 음수가 아니어야 하며 컬렉션의 크기보다 작아야 합니다.
매개 변수 이름: index
[ ㅇㅇ 2023-05-08 월요일 17:58:05 703 ] VideoAnalysis_Page -> FilterSet 인덱스가 범위를 벗어났습니다. 인덱스는 음수가 아니어야 하며 컬렉션의 크기보다 작아야 합니다.
매개 변수 이름: index
[ ㅇㅇ 2023-05-08 월요일 17:58:05 864 ] VideoAnalysis_Page -> FilterSet 인덱스가 범위를 벗어났습니다. 인덱스는 음수가 아니어야 하며 컬렉션의 크기보다 작아야 합니다.
매개 변수 이름: index
[ ㅇㅇ 2023-05-08 월요일 17:58:06 037 ] VideoAnalysis_Page -> FilterSet 인덱스가 범위를 벗어났습니다. 인덱스는 음수가 아니어야 하며 컬렉션의 크기보다 작아야 합니다.
매개 변수 이름: index
[ ㅇㅇ 2023-05-08 월요일 17:58:06 221 ] VideoAnalysis_Page -> FilterSet 인덱스가 범위를 벗어났습니다. 인덱스는 음수가 아니어야 하며 컬렉션의 크기보다 작아야 합니다.
매개 변수 이름: index
[ ㅇㅇ 2023-05-08 월요일 17:58:06 413 ] VideoAnalysis_Page -> FilterSet 인덱스가 범위를 벗어났습니다. 인덱스는 음수가 아니어야 하며 컬렉션의 크기보다 작아야 합니다.
매개 변수 이름: index
[ ㅇㅇ 2023-05-08 월요일 17:58:06 670 ] VideoAnalysis_Page -> FilterSet 인덱스가 범위를 벗어났습니다. 인덱스는 음수가 아니어야 하며 컬렉션의 크기보다 작아야 합니다.
매개 변수 이름: index
[ ㅇㅇ 2023-05-08 월요일 17:58:06 801 ] VideoAnalysis_Page -> FilterSet 인덱스가 범위를 벗어났습니다. 인덱스는 음수가 아니어야 하며 컬렉션의 크기보다 작아야 합니다.
매개 변수 이름: index
[ ㅇㅇ 2023-05-08 월요일 17:58:07 061 ] VideoAnalysis_Page -> FilterSet 인덱스가 범위를 벗어났습니다. 인덱스는 음수가 아니어야 하며 컬렉션의 크기보다 작아야 합니다.
매개 변수 이름: index
[ ㅇㅇ 2023-05-08 월요일 17:58:07 259 ] VideoAnalysis_Page -> FilterSet 인덱스가 범위를 벗어났습니다. 인덱스는 음수가 아니어야 하며 컬렉션의 크기보다 작아야 합니다.
매개 변수 이름: index
[ ㅇㅇ 2023-05-08 월요일 17:58:07 393 ] VideoAnalysis_Page -> FilterSet 인덱스가 범위를 벗어났습니다. 인덱스는 음수가 아니어야 하며 컬렉션의 크기보다 작아야 합니다.
매개 변수 이름: index
[ ㅇㅇ 2023-05-08 월요일 17:58:07 583 ] VideoAnalysis_Page -> FilterSet 인덱스가 범위를 벗어났습니다. 인덱스는 음수가 아니어야 하며 컬렉션의 크기보다 작아야 합니다.
매개 변수 이름: index
[ ㅇㅇ 2023-05-08 월요일 17:58:07 764 ] VideoAnalysis_Page -> FilterSet 인덱스가 범위를 벗어났습니다. 인덱스는 음수가 아니어야 하며 컬렉션의 크기보다 작아야 합니다.
매개 변수 이름: index
[ ㅇㅇ 2023-05-08 월요일 17:58:07 925 ] VideoAnalysis_Page -> FilterSet 인덱스가 범위를 벗어났습니다. 인덱스는 음수가 아니어야 하며 컬렉션의 크기보다 작아야 합니다.
매개 변수 이름: index
[ ㅇㅇ 2023-05-08 월요일 17:58:08 152 ] VideoAnalysis_Page -> FilterSet 인덱스가 범위를 벗어났습니다. 인덱스는 음수가 아니어야 하며 컬렉션의 크기보다 작아야 합니다.
매개 변수 이름: index
[ ㅇㅇ 2023-05-08 월요일 17:58:08 276 ] VideoAnalysis_Page -> FilterSet 인덱스가 범위를 벗어났습니다. 인덱스는 음수가 아니어야 하며 컬렉션의 크기보다 작아야 합니다.
매개 변수 이름: index
[ ㅇㅇ 2023-05-08 월요일 17:58:08 457 ] VideoAnalysis_Page -> FilterSet 인덱스가 범위를 벗어났습니다. 인덱스는 음수가 아니어야 하며 컬렉션의 크기보다 작아야 합니다.
매개 변수 이름: index
[ ㅇㅇ 2023-05-08 월요일 17:58:08 649 ] VideoAnalysis_Page -> FilterSet 인덱스가 범위를 벗어났습니다. 인덱스는 음수가 아니어야 하며 컬렉션의 크기보다 작아야 합니다.
매개 변수 이름: index
[ ㅇㅇ 2023-05-08 월요일 17:58:08 945 ] VideoAnalysis_Page -> FilterSet 인덱스가 범위를 벗어났습니다. 인덱스는 음수가 아니어야 하며 컬렉션의 크기보다 작아야 합니다.
매개 변수 이름: index
[ ㅇㅇ 2023-05-08 월요일 17:58:09 147 ] VideoAnalysis_Page -> FilterSet 인덱스가 범위를 벗어났습니다. 인덱스는 음수가 아니어야 하며 컬렉션의 크기보다 작아야 합니다.
매개 변수 이름: index
[ ㅇㅇ 2023-05-08 월요일 17:58:09 279 ] VideoAnalysis_Page -> FilterSet 인덱스가 범위를 벗어났습니다. 인덱스는 음수가 아니어야 하며 컬렉션의 크기보다 작아야 합니다.
매개 변수 이름: index
[ ㅇㅇ 2023-05-08 월요일 17:58:09 605 ] VideoAnalysis_Page -> FilterSet 인덱스가 범위를 벗어났습니다. 인덱스는 음수가 아니어야 하며 컬렉션의 크기보다 작아야 합니다.
매개 변수 이름: index
[ ㅇㅇ 2023-05-08 월요일 17:58:09 760 ] VideoAnalysis_Page -> FilterSet 인덱스가 범위를 벗어났습니다. 인덱스는 음수가 아니어야 하며 컬렉션의 크기보다 작아야 합니다.
매개 변수 이름: index
[ ㅇㅇ 2023-05-08 월요일 17:58:09 968 ] VideoAnalysis_Page -> FilterSet 인덱스가 범위를 벗어났습니다. 인덱스는 음수가 아니어야 하며 컬렉션의 크기보다 작아야 합니다.
매개 변수 이름: index
[ ㅇㅇ 2023-05-08 월요일 17:58:10 221 ] VideoAnalysis_Page -> FilterSet 인덱스가 범위를 벗어났습니다. 인덱스는 음수가 아니어야 하며 컬렉션의 크기보다 작아야 합니다.
매개 변수 이름: index
[ ㅇㅇ 2023-05-08 월요일 17:58:10 394 ] VideoAnalysis_Page -> FilterSet 인덱스가 범위를 벗어났습니다. 인덱스는 음수가 아니어야 하며 컬렉션의 크기보다 작아야 합니다.
매개 변수 이름: index
[ ㅇㅇ 2023-05-08 월요일 17:58:10 523 ] VideoAnalysis_Page -> FilterSet 인덱스가 범위를 벗어났습니다. 인덱스는 음수가 아니어야 하며 컬렉션의 크기보다 작아야 합니다.
매개 변수 이름: index
[ ㅇㅇ 2023-05-08 월요일 17:58:10 715 ] VideoAnalysis_Page -> FilterSet 인덱스가 범위를 벗어났습니다. 인덱스는 음수가 아니어야 하며 컬렉션의 크기보다 작아야 합니다.
매개 변수 이름: index
[ ㅇㅇ 2023-05-08 월요일 17:58:10 897 ] VideoAnalysis_Page -> FilterSet 인덱스가 범위를 벗어났습니다. 인덱스는 음수가 아니어야 하며 컬렉션의 크기보다 작아야 합니다.
매개 변수 이름: index
[ ㅇㅇ 2023-05-08 월요일 17:58:11 092 ] VideoAnalysis_Page -> FilterSet 인덱스가 범위를 벗어났습니다. 인덱스는 음수가 아니어야 하며 컬렉션의 크기보다 작아야 합니다.
매개 변수 이름: index
[ ㅇㅇ 2023-05-08 월요일 17:58:11 336 ] VideoAnalysis_Page -> FilterSet 인덱스가 범위를 벗어났습니다. 인덱스는 음수가 아니어야 하며 컬렉션의 크기보다 작아야 합니다.
매개 변수 이름: index
[ ㅇㅇ 2023-05-08 월요일 17:58:11 461 ] VideoAnalysis_Page -> FilterSet 인덱스가 범위를 벗어났습니다. 인덱스는 음수가 아니어야 하며 컬렉션의 크기보다 작아야 합니다.
매개 변수 이름: index
[ ㅇㅇ 2023-05-08 월요일 17:58:11 641 ] VideoAnalysis_Page -> FilterSet 인덱스가 범위를 벗어났습니다. 인덱스는 음수가 아니어야 하며 컬렉션의 크기보다 작아야 합니다.
매개 변수 이름: index
[ ㅇㅇ 2023-05-08 월요일 17:58:11 894 ] VideoAnalysis_Page -> FilterSet 인덱스가 범위를 벗어났습니다. 인덱스는 음수가 아니어야 하며 컬렉션의 크기보다 작아야 합니다.
매개 변수 이름: index
[ ㅇㅇ 2023-05-08 월요일 17:58:12 015 ] VideoAnalysis_Page -> FilterSet 인덱스가 범위를 벗어났습니다. 인덱스는 음수가 아니어야 하며 컬렉션의 크기보다 작아야 합니다.
매개 변수 이름: index
[ ㅇㅇ 2023-05-08 월요일 17:58:12 219 ] VideoAnalysis_Page -> FilterSet 인덱스가 범위를 벗어났습니다. 인덱스는 음수가 아니어야 하며 컬렉션의 크기보다 작아야 합니다.
매개 변수 이름: index
[ ㅇㅇ 2023-05-08 월요일 17:58:12 531 ] VideoAnalysis_Page -> FilterSet 인덱스가 범위를 벗어났습니다. 인덱스는 음수가 아니어야 하며 컬렉션의 크기보다 작아야 합니다.
매개 변수 이름: index
[ ㅇㅇ 2023-05-08 월요일 17:58:12 694 ] VideoAnalysis_Page -> FilterSet 인덱스가 범위를 벗어났습니다. 인덱스는 음수가 아니어야 하며 컬렉션의 크기보다 작아야 합니다.
매개 변수 이름: index
[ ㅇㅇ 2023-05-08 월요일 17:58:12 975 ] VideoAnalysis_Page -> FilterSet 인덱스가 범위를 벗어났습니다. 인덱스는 음수가 아니어야 하며 컬렉션의 크기보다 작아야 합니다.
매개 변수 이름: index
[ ㅇㅇ 2023-05-08 월요일 17:58:13 111 ] VideoAnalysis_Page -> FilterSet 인덱스가 범위를 벗어났습니다. 인덱스는 음수가 아니어야 하며 컬렉션의 크기보다 작아야 합니다.
매개 변수 이름: index
[ ㅇㅇ 2023-05-08 월요일 17:58:13 321 ] VideoAnalysis_Page -> FilterSet 인덱스가 범위를 벗어났습니다. 인덱스는 음수가 아니어야 하며 컬렉션의 크기보다 작아야 합니다.
매개 변수 이름: index
[ ㅇㅇ 2023-05-08 월요일 17:58:13 577 ] VideoAnalysis_Page -> FilterSet 인덱스가 범위를 벗어났습니다. 인덱스는 음수가 아니어야 하며 컬렉션의 크기보다 작아야 합니다.
매개 변수 이름: index
[ ㅇㅇ 2023-05-08 월요일 17:58:13 760 ] VideoAnalysis_Page -> FilterSet 인덱스가 범위를 벗어났습니다. 인덱스는 음수가 아니어야 하며 컬렉션의 크기보다 작아야 합니다.
매개 변수 이름: index
[ ㅇㅇ 2023-05-08 월요일 17:58:13 889 ] VideoAnalysis_Page -> FilterSet 인덱스가 범위를 벗어났습니다. 인덱스는 음수가 아니어야 하며 컬렉션의 크기보다 작아야 합니다.
매개 변수 이름: index
[ ㅇㅇ 2023-05-08 월요일 17:58:14 132 ] VideoAnalysis_Page -> FilterSet 인덱스가 범위를 벗어났습니다. 인덱스는 음수가 아니어야 하며 컬렉션의 크기보다 작아야 합니다.
매개 변수 이름: index
[ ㅇㅇ 2023-05-08 월요일 17:58:14 348 ] VideoAnalysis_Page -> FilterSet 인덱스가 범위를 벗어났습니다. 인덱스는 음수가 아니어야 하며 컬렉션의 크기보다 작아야 합니다.
매개 변수 이름: index
[ ㅇㅇ 2023-05-08 월요일 17:58:14 469 ] VideoAnalysis_Page -> FilterSet 인덱스가 범위를 벗어났습니다. 인덱스는 음수가 아니어야 하며 컬렉션의 크기보다 작아야 합니다.
매개 변수 이름: index
[ ㅇㅇ 2023-05-08 월요일 17:58:14 719 ] VideoAnalysis_Page -> FilterSet 인덱스가 범위를 벗어났습니다. 인덱스는 음수가 아니어야 하며 컬렉션의 크기보다 작아야 합니다.
매개 변수 이름: index
[ ㅇㅇ 2023-05-08 월요일 17:58:14 846 ] VideoAnalysis_Page -> FilterSet 인덱스가 범위를 벗어났습니다. 인덱스는 음수가 아니어야 하며 컬렉션의 크기보다 작아야 합니다.
매개 변수 이름: index
[ ㅇㅇ 2023-05-08 월요일 17:58:15 114 ] VideoAnalysis_Page -> FilterSet 인덱스가 범위를 벗어났습니다. 인덱스는 음수가 아니어야 하며 컬렉션의 크기보다 작아야 합니다.
매개 변수 이름: index
[ ㅇㅇ 2023-05-08 월요일 17:58:15 256 ] VideoAnalysis_Page -> FilterSet 인덱스가 범위를 벗어났습니다. 인덱스는 음수가 아니어야 하며 컬렉션의 크기보다 작아야 합니다.
매개 변수 이름: index
[ ㅇㅇ 2023-05-08 월요일 17:58:15 544 ] VideoAnalysis_Page -> FilterSet 인덱스가 범위를 벗어났습니다. 인덱스는 음수가 아니어야 하며 컬렉션의 크기보다 작아야 합니다.
매개 변수 이름: index
[ ㅇㅇ 2023-05-08 월요일 17:58:15 937 ] VideoAnalysis_Page -> FilterSet 인덱스가 범위를 벗어났습니다. 인덱스는 음수가 아니어야 하며 컬렉션의 크기보다 작아야 합니다.
매개 변수 이름: index
[ ㅇㅇ 2023-05-08 월요일 17:58:16 525 ] VideoAnalysis_Page -> FilterSet 인덱스가 범위를 벗어났습니다. 인덱스는 음수가 아니어야 하며 컬렉션의 크기보다 작아야 합니다.
매개 변수 이름: index
[ ㅇㅇ 2023-05-08 월요일 17:58:16 750 ] VideoAnalysis_Page -> FilterSet 인덱스가 범위를 벗어났습니다. 인덱스는 음수가 아니어야 하며 컬렉션의 크기보다 작아야 합니다.
매개 변수 이름: index
[ ㅇㅇ 2023-05-08 월요일 17:58:17 037 ] VideoAnalysis_Page -> FilterSet 인덱스가 범위를 벗어났습니다. 인덱스는 음수가 아니어야 하며 컬렉션의 크기보다 작아야 합니다.
매개 변수 이름: index
[ ㅇㅇ 2023-05-08 월요일 17:58:32 218 ] Form1 -> Form1_FormClosing 
[ ㅇㅇ 2023-05-08 월요일 17:58:32 230 ] RealTimeView_Page -> CameraClose 
[ ㅇㅇ 2023-05-08 월요일 17:58:32 240 ] CameraControl -> Stop 
[ ㅇㅇ 2023-05-08 월요일 17:58:33 746 ] CameraControl -> Close 
[ ㅇㅇ 2023-05-08 월요일 17:58:33 798 ] CameraControl -> Stop 
[ ㅇㅇ 2023-05-08 월요일 17:58:35 158 ] CameraControl -> Close 
[ ㅇㅇ 2023-05-08 월요일 17:58:35 194 ] CameraControl -> Stop 
[ ㅇㅇ 2023-05-08 월요일 17:58:35 543 ] CameraControl -> Close 
[ ㅇㅇ 2023-05-08 월요일 17:58:35 571 ] VideoCheck_Page -> VideoClose 
[ ㅇㅇ 2023-05-08 월요일 17:58:35 572 ] VideoAnalysis_Page -> VideoClose 
